<?xml version="1.0" encoding="UTF-8"?>
<testsuite name="Task_Test" tests="7" skipped="0" failures="0" errors="0" timestamp="2020-07-22T10:11:19" hostname="yasas-m-l.zone24x7.lk" time="24.662">
  <properties/>
  <testcase name="testGivesTotalNumberOfAthletes_when_GivesAValidDataFrame()" classname="Task_Test" time="9.18"/>
  <testcase name="testRatioOfTheAttendance_when_GiveAValiddataFrame()" classname="Task_Test" time="4.95"/>
  <testcase name="testMostPopularGames_when_GiveAValidDataFrame()" classname="Task_Test" time="2.007"/>
  <testcase name="testAverageWeightOfWomen_when_GiveAValidDataFrame()" classname="Task_Test" time="2.152"/>
  <testcase name="testGoldMedalWinners_when_GivesAValidDataFrame()" classname="Task_Test" time="2.26"/>
  <testcase name="testAverageHeightOfMen_when_GiveAValidDataFrame()" classname="Task_Test" time="1.891"/>
  <testcase name="testCountryWithMaxGoldMedalsWithYear_when_GiveAValidDataFrame()" classname="Task_Test" time="2.22"/>
  <system-out><![CDATA[]]></system-out>
  <system-err><![CDATA[Using Spark's default log4j profile: org/apache/spark/log4j-defaults.properties
20/07/22 15:41:19 INFO SparkContext: Running Spark version 2.1.0
20/07/22 15:41:19 WARN NativeCodeLoader: Unable to load native-hadoop library for your platform... using builtin-java classes where applicable
20/07/22 15:41:19 INFO SecurityManager: Changing view acls to: yasasm
20/07/22 15:41:19 INFO SecurityManager: Changing modify acls to: yasasm
20/07/22 15:41:19 INFO SecurityManager: Changing view acls groups to: 
20/07/22 15:41:19 INFO SecurityManager: Changing modify acls groups to: 
20/07/22 15:41:19 INFO SecurityManager: SecurityManager: authentication disabled; ui acls disabled; users  with view permissions: Set(yasasm); groups with view permissions: Set(); users  with modify permissions: Set(yasasm); groups with modify permissions: Set()
20/07/22 15:41:20 INFO Utils: Successfully started service 'sparkDriver' on port 42537.
20/07/22 15:41:20 INFO SparkEnv: Registering MapOutputTracker
20/07/22 15:41:20 INFO SparkEnv: Registering BlockManagerMaster
20/07/22 15:41:20 INFO BlockManagerMasterEndpoint: Using org.apache.spark.storage.DefaultTopologyMapper for getting topology information
20/07/22 15:41:20 INFO BlockManagerMasterEndpoint: BlockManagerMasterEndpoint up
20/07/22 15:41:20 INFO DiskBlockManager: Created local directory at /tmp/blockmgr-29cf82c8-8cb3-4400-b137-c3efb9645421
20/07/22 15:41:20 INFO MemoryStore: MemoryStore started with capacity 93.3 MB
20/07/22 15:41:20 INFO SparkEnv: Registering OutputCommitCoordinator
20/07/22 15:41:20 INFO Utils: Successfully started service 'SparkUI' on port 4040.
20/07/22 15:41:20 INFO SparkUI: Bound SparkUI to 0.0.0.0, and started at http://172.20.10.3:4040
20/07/22 15:41:20 INFO Executor: Starting executor ID driver on host localhost
20/07/22 15:41:20 INFO Utils: Successfully started service 'org.apache.spark.network.netty.NettyBlockTransferService' on port 35839.
20/07/22 15:41:20 INFO NettyBlockTransferService: Server created on 172.20.10.3:35839
20/07/22 15:41:20 INFO BlockManager: Using org.apache.spark.storage.RandomBlockReplicationPolicy for block replication policy
20/07/22 15:41:20 INFO BlockManagerMaster: Registering BlockManager BlockManagerId(driver, 172.20.10.3, 35839, None)
20/07/22 15:41:20 INFO BlockManagerMasterEndpoint: Registering block manager 172.20.10.3:35839 with 93.3 MB RAM, BlockManagerId(driver, 172.20.10.3, 35839, None)
20/07/22 15:41:20 INFO BlockManagerMaster: Registered BlockManager BlockManagerId(driver, 172.20.10.3, 35839, None)
20/07/22 15:41:20 INFO BlockManager: Initialized BlockManager: BlockManagerId(driver, 172.20.10.3, 35839, None)
20/07/22 15:41:20 INFO SharedState: Warehouse path is 'file:/home/yasasm/Desktop/ZoneProjects/spark-Azkaban/spark-warehouse/'.
20/07/22 15:41:21 INFO MemoryStore: Block broadcast_0 stored as values in memory (estimated size 127.1 KB, free 93.2 MB)
20/07/22 15:41:21 INFO MemoryStore: Block broadcast_0_piece0 stored as bytes in memory (estimated size 14.3 KB, free 93.2 MB)
20/07/22 15:41:21 INFO BlockManagerInfo: Added broadcast_0_piece0 in memory on 172.20.10.3:35839 (size: 14.3 KB, free: 93.3 MB)
20/07/22 15:41:21 INFO SparkContext: Created broadcast 0 from load at Task_Test.scala:25
20/07/22 15:41:21 INFO FileInputFormat: Total input paths to process : 1
20/07/22 15:41:21 INFO SparkContext: Starting job: load at Task_Test.scala:25
20/07/22 15:41:21 INFO DAGScheduler: Got job 0 (load at Task_Test.scala:25) with 1 output partitions
20/07/22 15:41:21 INFO DAGScheduler: Final stage: ResultStage 0 (load at Task_Test.scala:25)
20/07/22 15:41:21 INFO DAGScheduler: Parents of final stage: List()
20/07/22 15:41:21 INFO DAGScheduler: Missing parents: List()
20/07/22 15:41:21 INFO DAGScheduler: Submitting ResultStage 0 (MapPartitionsRDD[2] at load at Task_Test.scala:25), which has no missing parents
20/07/22 15:41:21 INFO MemoryStore: Block broadcast_1 stored as values in memory (estimated size 3.5 KB, free 93.2 MB)
20/07/22 15:41:21 INFO MemoryStore: Block broadcast_1_piece0 stored as bytes in memory (estimated size 2.1 KB, free 93.2 MB)
20/07/22 15:41:21 INFO BlockManagerInfo: Added broadcast_1_piece0 in memory on 172.20.10.3:35839 (size: 2.1 KB, free: 93.3 MB)
20/07/22 15:41:21 INFO SparkContext: Created broadcast 1 from broadcast at DAGScheduler.scala:996
20/07/22 15:41:21 INFO DAGScheduler: Submitting 1 missing tasks from ResultStage 0 (MapPartitionsRDD[2] at load at Task_Test.scala:25)
20/07/22 15:41:21 INFO TaskSchedulerImpl: Adding task set 0.0 with 1 tasks
20/07/22 15:41:21 INFO TaskSetManager: Starting task 0.0 in stage 0.0 (TID 0, localhost, executor driver, partition 0, PROCESS_LOCAL, 6033 bytes)
20/07/22 15:41:21 INFO Executor: Running task 0.0 in stage 0.0 (TID 0)
20/07/22 15:41:21 INFO HadoopRDD: Input split: file:/home/yasasm/Desktop/ZoneProjects/spark-Azkaban/src/main/inputs/athlete_events.csv:0+33554432
20/07/22 15:41:21 INFO deprecation: mapred.tip.id is deprecated. Instead, use mapreduce.task.id
20/07/22 15:41:21 INFO deprecation: mapred.task.id is deprecated. Instead, use mapreduce.task.attempt.id
20/07/22 15:41:21 INFO deprecation: mapred.task.is.map is deprecated. Instead, use mapreduce.task.ismap
20/07/22 15:41:21 INFO deprecation: mapred.task.partition is deprecated. Instead, use mapreduce.task.partition
20/07/22 15:41:21 INFO deprecation: mapred.job.id is deprecated. Instead, use mapreduce.job.id
20/07/22 15:41:21 INFO Executor: Finished task 0.0 in stage 0.0 (TID 0). 1197 bytes result sent to driver
20/07/22 15:41:21 INFO TaskSetManager: Finished task 0.0 in stage 0.0 (TID 0) in 106 ms on localhost (executor driver) (1/1)
20/07/22 15:41:21 INFO TaskSchedulerImpl: Removed TaskSet 0.0, whose tasks have all completed, from pool 
20/07/22 15:41:21 INFO DAGScheduler: ResultStage 0 (load at Task_Test.scala:25) finished in 0.120 s
20/07/22 15:41:21 INFO DAGScheduler: Job 0 finished: load at Task_Test.scala:25, took 0.174701 s
20/07/22 15:41:21 INFO MemoryStore: Block broadcast_2 stored as values in memory (estimated size 127.2 KB, free 93.0 MB)
20/07/22 15:41:21 INFO MemoryStore: Block broadcast_2_piece0 stored as bytes in memory (estimated size 14.3 KB, free 93.0 MB)
20/07/22 15:41:21 INFO BlockManagerInfo: Added broadcast_2_piece0 in memory on 172.20.10.3:35839 (size: 14.3 KB, free: 93.3 MB)
20/07/22 15:41:21 INFO SparkContext: Created broadcast 2 from load at Task_Test.scala:25
20/07/22 15:41:21 INFO FileInputFormat: Total input paths to process : 1
20/07/22 15:41:21 INFO SparkContext: Starting job: load at Task_Test.scala:25
20/07/22 15:41:21 INFO DAGScheduler: Got job 1 (load at Task_Test.scala:25) with 1 output partitions
20/07/22 15:41:21 INFO DAGScheduler: Final stage: ResultStage 1 (load at Task_Test.scala:25)
20/07/22 15:41:21 INFO DAGScheduler: Parents of final stage: List()
20/07/22 15:41:21 INFO DAGScheduler: Missing parents: List()
20/07/22 15:41:21 INFO DAGScheduler: Submitting ResultStage 1 (MapPartitionsRDD[5] at load at Task_Test.scala:25), which has no missing parents
20/07/22 15:41:21 INFO MemoryStore: Block broadcast_3 stored as values in memory (estimated size 3.5 KB, free 93.0 MB)
20/07/22 15:41:21 INFO MemoryStore: Block broadcast_3_piece0 stored as bytes in memory (estimated size 2.1 KB, free 93.0 MB)
20/07/22 15:41:21 INFO BlockManagerInfo: Added broadcast_3_piece0 in memory on 172.20.10.3:35839 (size: 2.1 KB, free: 93.3 MB)
20/07/22 15:41:21 INFO SparkContext: Created broadcast 3 from broadcast at DAGScheduler.scala:996
20/07/22 15:41:21 INFO DAGScheduler: Submitting 1 missing tasks from ResultStage 1 (MapPartitionsRDD[5] at load at Task_Test.scala:25)
20/07/22 15:41:21 INFO TaskSchedulerImpl: Adding task set 1.0 with 1 tasks
20/07/22 15:41:21 INFO TaskSetManager: Starting task 0.0 in stage 1.0 (TID 1, localhost, executor driver, partition 0, PROCESS_LOCAL, 6033 bytes)
20/07/22 15:41:21 INFO Executor: Running task 0.0 in stage 1.0 (TID 1)
20/07/22 15:41:21 INFO HadoopRDD: Input split: file:/home/yasasm/Desktop/ZoneProjects/spark-Azkaban/src/main/inputs/athlete_events.csv:0+33554432
20/07/22 15:41:21 INFO Executor: Finished task 0.0 in stage 1.0 (TID 1). 1197 bytes result sent to driver
20/07/22 15:41:21 INFO TaskSetManager: Finished task 0.0 in stage 1.0 (TID 1) in 12 ms on localhost (executor driver) (1/1)
20/07/22 15:41:21 INFO TaskSchedulerImpl: Removed TaskSet 1.0, whose tasks have all completed, from pool 
20/07/22 15:41:21 INFO DAGScheduler: ResultStage 1 (load at Task_Test.scala:25) finished in 0.014 s
20/07/22 15:41:21 INFO DAGScheduler: Job 1 finished: load at Task_Test.scala:25, took 0.021581 s
20/07/22 15:41:22 INFO BlockManagerInfo: Removed broadcast_0_piece0 on 172.20.10.3:35839 in memory (size: 14.3 KB, free: 93.3 MB)
20/07/22 15:41:22 INFO BlockManagerInfo: Removed broadcast_3_piece0 on 172.20.10.3:35839 in memory (size: 2.1 KB, free: 93.3 MB)
20/07/22 15:41:22 INFO BlockManagerInfo: Removed broadcast_1_piece0 on 172.20.10.3:35839 in memory (size: 2.1 KB, free: 93.3 MB)
20/07/22 15:41:22 INFO BlockManagerInfo: Removed broadcast_2_piece0 on 172.20.10.3:35839 in memory (size: 14.3 KB, free: 93.3 MB)
20/07/22 15:41:23 INFO SparkContext: Starting job: collect at Task_Test.scala:53
20/07/22 15:41:23 INFO DAGScheduler: Got job 2 (collect at Task_Test.scala:53) with 1 output partitions
20/07/22 15:41:23 INFO DAGScheduler: Final stage: ResultStage 2 (collect at Task_Test.scala:53)
20/07/22 15:41:23 INFO DAGScheduler: Parents of final stage: List()
20/07/22 15:41:23 INFO DAGScheduler: Missing parents: List()
20/07/22 15:41:23 INFO DAGScheduler: Submitting ResultStage 2 (MapPartitionsRDD[10] at collect at Task_Test.scala:53), which has no missing parents
20/07/22 15:41:23 INFO MemoryStore: Block broadcast_4 stored as values in memory (estimated size 7.5 KB, free 93.3 MB)
20/07/22 15:41:23 INFO MemoryStore: Block broadcast_4_piece0 stored as bytes in memory (estimated size 4.1 KB, free 93.3 MB)
20/07/22 15:41:23 INFO BlockManagerInfo: Added broadcast_4_piece0 in memory on 172.20.10.3:35839 (size: 4.1 KB, free: 93.3 MB)
20/07/22 15:41:23 INFO SparkContext: Created broadcast 4 from broadcast at DAGScheduler.scala:996
20/07/22 15:41:23 INFO DAGScheduler: Submitting 1 missing tasks from ResultStage 2 (MapPartitionsRDD[10] at collect at Task_Test.scala:53)
20/07/22 15:41:23 INFO TaskSchedulerImpl: Adding task set 2.0 with 1 tasks
20/07/22 15:41:23 INFO TaskSetManager: Starting task 0.0 in stage 2.0 (TID 2, localhost, executor driver, partition 0, PROCESS_LOCAL, 6127 bytes)
20/07/22 15:41:23 INFO Executor: Running task 0.0 in stage 2.0 (TID 2)
20/07/22 15:41:23 INFO CodeGenerator: Code generated in 236.23448 ms
20/07/22 15:41:23 INFO CodeGenerator: Code generated in 18.581407 ms
20/07/22 15:41:23 INFO Executor: Finished task 0.0 in stage 2.0 (TID 2). 1207 bytes result sent to driver
20/07/22 15:41:23 INFO TaskSetManager: Finished task 0.0 in stage 2.0 (TID 2) in 321 ms on localhost (executor driver) (1/1)
20/07/22 15:41:23 INFO TaskSchedulerImpl: Removed TaskSet 2.0, whose tasks have all completed, from pool 
20/07/22 15:41:23 INFO DAGScheduler: ResultStage 2 (collect at Task_Test.scala:53) finished in 0.321 s
20/07/22 15:41:23 INFO DAGScheduler: Job 2 finished: collect at Task_Test.scala:53, took 0.338425 s
20/07/22 15:41:23 INFO CodeGenerator: Code generated in 14.846732 ms
20/07/22 15:41:24 INFO FileSourceStrategy: Pruning directories with: 
20/07/22 15:41:24 INFO FileSourceStrategy: Post-Scan Filters: 
20/07/22 15:41:24 INFO FileSourceStrategy: Output Data Schema: struct<ID: string>
20/07/22 15:41:24 INFO FileSourceStrategy: Pushed Filters: 
20/07/22 15:41:24 INFO CodeGenerator: Code generated in 19.040489 ms
20/07/22 15:41:24 INFO HashAggregateExec: spark.sql.codegen.aggregate.map.twolevel.enable is set to true, but current version of codegened fast hashmap does not support this aggregate.
20/07/22 15:41:24 INFO CodeGenerator: Code generated in 32.248933 ms
20/07/22 15:41:24 INFO HashAggregateExec: spark.sql.codegen.aggregate.map.twolevel.enable is set to true, but current version of codegened fast hashmap does not support this aggregate.
20/07/22 15:41:24 INFO CodeGenerator: Code generated in 27.543945 ms
20/07/22 15:41:24 INFO MemoryStore: Block broadcast_5 stored as values in memory (estimated size 132.3 KB, free 93.2 MB)
20/07/22 15:41:24 INFO MemoryStore: Block broadcast_5_piece0 stored as bytes in memory (estimated size 14.6 KB, free 93.1 MB)
20/07/22 15:41:24 INFO BlockManagerInfo: Added broadcast_5_piece0 in memory on 172.20.10.3:35839 (size: 14.6 KB, free: 93.3 MB)
20/07/22 15:41:24 INFO SparkContext: Created broadcast 5 from collect at Task_Test.scala:53
20/07/22 15:41:24 INFO FileSourceScanExec: Planning scan with bin packing, max size: 45694992 bytes, open cost is considered as scanning 4194304 bytes.
20/07/22 15:41:24 INFO SparkContext: Starting job: collect at Task_Test.scala:53
20/07/22 15:41:24 INFO DAGScheduler: Registering RDD 13 (collect at Task_Test.scala:53)
20/07/22 15:41:24 INFO DAGScheduler: Registering RDD 16 (collect at Task_Test.scala:53)
20/07/22 15:41:24 INFO DAGScheduler: Got job 3 (collect at Task_Test.scala:53) with 1 output partitions
20/07/22 15:41:24 INFO DAGScheduler: Final stage: ResultStage 5 (collect at Task_Test.scala:53)
20/07/22 15:41:24 INFO DAGScheduler: Parents of final stage: List(ShuffleMapStage 4)
20/07/22 15:41:24 INFO DAGScheduler: Missing parents: List(ShuffleMapStage 4)
20/07/22 15:41:24 INFO DAGScheduler: Submitting ShuffleMapStage 3 (MapPartitionsRDD[13] at collect at Task_Test.scala:53), which has no missing parents
20/07/22 15:41:24 INFO MemoryStore: Block broadcast_6 stored as values in memory (estimated size 18.3 KB, free 93.1 MB)
20/07/22 15:41:24 INFO MemoryStore: Block broadcast_6_piece0 stored as bytes in memory (estimated size 9.0 KB, free 93.1 MB)
20/07/22 15:41:24 INFO BlockManagerInfo: Added broadcast_6_piece0 in memory on 172.20.10.3:35839 (size: 9.0 KB, free: 93.3 MB)
20/07/22 15:41:24 INFO SparkContext: Created broadcast 6 from broadcast at DAGScheduler.scala:996
20/07/22 15:41:24 INFO DAGScheduler: Submitting 1 missing tasks from ShuffleMapStage 3 (MapPartitionsRDD[13] at collect at Task_Test.scala:53)
20/07/22 15:41:24 INFO TaskSchedulerImpl: Adding task set 3.0 with 1 tasks
20/07/22 15:41:24 INFO TaskSetManager: Starting task 0.0 in stage 3.0 (TID 3, localhost, executor driver, partition 0, PROCESS_LOCAL, 6560 bytes)
20/07/22 15:41:24 INFO Executor: Running task 0.0 in stage 3.0 (TID 3)
20/07/22 15:41:24 INFO CodeGenerator: Code generated in 22.110932 ms
20/07/22 15:41:24 INFO CodeGenerator: Code generated in 7.974157 ms
20/07/22 15:41:24 INFO CodeGenerator: Code generated in 13.304713 ms
20/07/22 15:41:24 INFO FileScanRDD: Reading File path: file:///home/yasasm/Desktop/ZoneProjects/spark-Azkaban/src/main/inputs/athlete_events.csv, range: 0-41500688, partition values: [empty row]
20/07/22 15:41:24 INFO BlockManagerInfo: Removed broadcast_4_piece0 on 172.20.10.3:35839 in memory (size: 4.1 KB, free: 93.3 MB)
20/07/22 15:41:24 INFO ContextCleaner: Cleaned accumulator 145
20/07/22 15:41:24 INFO ContextCleaner: Cleaned accumulator 146
20/07/22 15:41:25 INFO Executor: Finished task 0.0 in stage 3.0 (TID 3). 2689 bytes result sent to driver
20/07/22 15:41:25 INFO DAGScheduler: ShuffleMapStage 3 (collect at Task_Test.scala:53) finished in 1.407 s
20/07/22 15:41:25 INFO DAGScheduler: looking for newly runnable stages
20/07/22 15:41:25 INFO DAGScheduler: running: Set()
20/07/22 15:41:25 INFO DAGScheduler: waiting: Set(ResultStage 5, ShuffleMapStage 4)
20/07/22 15:41:25 INFO TaskSetManager: Finished task 0.0 in stage 3.0 (TID 3) in 1421 ms on localhost (executor driver) (1/1)
20/07/22 15:41:25 INFO TaskSchedulerImpl: Removed TaskSet 3.0, whose tasks have all completed, from pool 
20/07/22 15:41:25 INFO DAGScheduler: failed: Set()
20/07/22 15:41:25 INFO DAGScheduler: Submitting ShuffleMapStage 4 (MapPartitionsRDD[16] at collect at Task_Test.scala:53), which has no missing parents
20/07/22 15:41:25 INFO MemoryStore: Block broadcast_7 stored as values in memory (estimated size 25.3 KB, free 93.1 MB)
20/07/22 15:41:25 INFO MemoryStore: Block broadcast_7_piece0 stored as bytes in memory (estimated size 12.0 KB, free 93.1 MB)
20/07/22 15:41:25 INFO BlockManagerInfo: Added broadcast_7_piece0 in memory on 172.20.10.3:35839 (size: 12.0 KB, free: 93.3 MB)
20/07/22 15:41:25 INFO SparkContext: Created broadcast 7 from broadcast at DAGScheduler.scala:996
20/07/22 15:41:25 INFO DAGScheduler: Submitting 200 missing tasks from ShuffleMapStage 4 (MapPartitionsRDD[16] at collect at Task_Test.scala:53)
20/07/22 15:41:25 INFO TaskSchedulerImpl: Adding task set 4.0 with 200 tasks
20/07/22 15:41:25 INFO TaskSetManager: Starting task 0.0 in stage 4.0 (TID 4, localhost, executor driver, partition 0, ANY, 5874 bytes)
20/07/22 15:41:25 INFO Executor: Running task 0.0 in stage 4.0 (TID 4)
20/07/22 15:41:25 INFO ShuffleBlockFetcherIterator: Getting 1 non-empty blocks out of 1 blocks
20/07/22 15:41:25 INFO ShuffleBlockFetcherIterator: Started 0 remote fetches in 3 ms
20/07/22 15:41:25 INFO Executor: Finished task 0.0 in stage 4.0 (TID 4). 3586 bytes result sent to driver
20/07/22 15:41:25 INFO TaskSetManager: Starting task 1.0 in stage 4.0 (TID 5, localhost, executor driver, partition 1, ANY, 5874 bytes)
20/07/22 15:41:25 INFO Executor: Running task 1.0 in stage 4.0 (TID 5)
20/07/22 15:41:25 INFO TaskSetManager: Finished task 0.0 in stage 4.0 (TID 4) in 51 ms on localhost (executor driver) (1/200)
20/07/22 15:41:25 INFO ShuffleBlockFetcherIterator: Getting 1 non-empty blocks out of 1 blocks
20/07/22 15:41:25 INFO ShuffleBlockFetcherIterator: Started 0 remote fetches in 1 ms
20/07/22 15:41:25 INFO Executor: Finished task 1.0 in stage 4.0 (TID 5). 3586 bytes result sent to driver
20/07/22 15:41:25 INFO TaskSetManager: Starting task 2.0 in stage 4.0 (TID 6, localhost, executor driver, partition 2, ANY, 5874 bytes)
20/07/22 15:41:25 INFO TaskSetManager: Finished task 1.0 in stage 4.0 (TID 5) in 21 ms on localhost (executor driver) (2/200)
20/07/22 15:41:25 INFO Executor: Running task 2.0 in stage 4.0 (TID 6)
20/07/22 15:41:25 INFO ShuffleBlockFetcherIterator: Getting 1 non-empty blocks out of 1 blocks
20/07/22 15:41:25 INFO ShuffleBlockFetcherIterator: Started 0 remote fetches in 1 ms
20/07/22 15:41:25 INFO Executor: Finished task 2.0 in stage 4.0 (TID 6). 3586 bytes result sent to driver
20/07/22 15:41:25 INFO TaskSetManager: Starting task 3.0 in stage 4.0 (TID 7, localhost, executor driver, partition 3, ANY, 5874 bytes)
20/07/22 15:41:25 INFO TaskSetManager: Finished task 2.0 in stage 4.0 (TID 6) in 26 ms on localhost (executor driver) (3/200)
20/07/22 15:41:25 INFO Executor: Running task 3.0 in stage 4.0 (TID 7)
20/07/22 15:41:25 INFO ShuffleBlockFetcherIterator: Getting 1 non-empty blocks out of 1 blocks
20/07/22 15:41:25 INFO ShuffleBlockFetcherIterator: Started 0 remote fetches in 1 ms
20/07/22 15:41:25 INFO Executor: Finished task 3.0 in stage 4.0 (TID 7). 3586 bytes result sent to driver
20/07/22 15:41:25 INFO TaskSetManager: Starting task 4.0 in stage 4.0 (TID 8, localhost, executor driver, partition 4, ANY, 5874 bytes)
20/07/22 15:41:25 INFO TaskSetManager: Finished task 3.0 in stage 4.0 (TID 7) in 18 ms on localhost (executor driver) (4/200)
20/07/22 15:41:25 INFO Executor: Running task 4.0 in stage 4.0 (TID 8)
20/07/22 15:41:25 INFO ShuffleBlockFetcherIterator: Getting 1 non-empty blocks out of 1 blocks
20/07/22 15:41:25 INFO ShuffleBlockFetcherIterator: Started 0 remote fetches in 1 ms
20/07/22 15:41:25 INFO Executor: Finished task 4.0 in stage 4.0 (TID 8). 3586 bytes result sent to driver
20/07/22 15:41:25 INFO TaskSetManager: Starting task 5.0 in stage 4.0 (TID 9, localhost, executor driver, partition 5, ANY, 5874 bytes)
20/07/22 15:41:25 INFO TaskSetManager: Finished task 4.0 in stage 4.0 (TID 8) in 19 ms on localhost (executor driver) (5/200)
20/07/22 15:41:25 INFO Executor: Running task 5.0 in stage 4.0 (TID 9)
20/07/22 15:41:25 INFO ShuffleBlockFetcherIterator: Getting 1 non-empty blocks out of 1 blocks
20/07/22 15:41:25 INFO ShuffleBlockFetcherIterator: Started 0 remote fetches in 0 ms
20/07/22 15:41:25 INFO Executor: Finished task 5.0 in stage 4.0 (TID 9). 3586 bytes result sent to driver
20/07/22 15:41:25 INFO TaskSetManager: Starting task 6.0 in stage 4.0 (TID 10, localhost, executor driver, partition 6, ANY, 5874 bytes)
20/07/22 15:41:25 INFO TaskSetManager: Finished task 5.0 in stage 4.0 (TID 9) in 17 ms on localhost (executor driver) (6/200)
20/07/22 15:41:25 INFO Executor: Running task 6.0 in stage 4.0 (TID 10)
20/07/22 15:41:25 INFO ShuffleBlockFetcherIterator: Getting 1 non-empty blocks out of 1 blocks
20/07/22 15:41:25 INFO ShuffleBlockFetcherIterator: Started 0 remote fetches in 1 ms
20/07/22 15:41:25 INFO Executor: Finished task 6.0 in stage 4.0 (TID 10). 3586 bytes result sent to driver
20/07/22 15:41:25 INFO TaskSetManager: Starting task 7.0 in stage 4.0 (TID 11, localhost, executor driver, partition 7, ANY, 5874 bytes)
20/07/22 15:41:25 INFO TaskSetManager: Finished task 6.0 in stage 4.0 (TID 10) in 23 ms on localhost (executor driver) (7/200)
20/07/22 15:41:25 INFO Executor: Running task 7.0 in stage 4.0 (TID 11)
20/07/22 15:41:25 INFO ShuffleBlockFetcherIterator: Getting 1 non-empty blocks out of 1 blocks
20/07/22 15:41:25 INFO ShuffleBlockFetcherIterator: Started 0 remote fetches in 0 ms
20/07/22 15:41:26 INFO Executor: Finished task 7.0 in stage 4.0 (TID 11). 3586 bytes result sent to driver
20/07/22 15:41:26 INFO TaskSetManager: Starting task 8.0 in stage 4.0 (TID 12, localhost, executor driver, partition 8, ANY, 5874 bytes)
20/07/22 15:41:26 INFO TaskSetManager: Finished task 7.0 in stage 4.0 (TID 11) in 33 ms on localhost (executor driver) (8/200)
20/07/22 15:41:26 INFO Executor: Running task 8.0 in stage 4.0 (TID 12)
20/07/22 15:41:26 INFO ShuffleBlockFetcherIterator: Getting 1 non-empty blocks out of 1 blocks
20/07/22 15:41:26 INFO ShuffleBlockFetcherIterator: Started 0 remote fetches in 1 ms
20/07/22 15:41:26 INFO Executor: Finished task 8.0 in stage 4.0 (TID 12). 3586 bytes result sent to driver
20/07/22 15:41:26 INFO TaskSetManager: Starting task 9.0 in stage 4.0 (TID 13, localhost, executor driver, partition 9, ANY, 5874 bytes)
20/07/22 15:41:26 INFO TaskSetManager: Finished task 8.0 in stage 4.0 (TID 12) in 19 ms on localhost (executor driver) (9/200)
20/07/22 15:41:26 INFO Executor: Running task 9.0 in stage 4.0 (TID 13)
20/07/22 15:41:26 INFO ShuffleBlockFetcherIterator: Getting 1 non-empty blocks out of 1 blocks
20/07/22 15:41:26 INFO ShuffleBlockFetcherIterator: Started 0 remote fetches in 1 ms
20/07/22 15:41:26 INFO Executor: Finished task 9.0 in stage 4.0 (TID 13). 3586 bytes result sent to driver
20/07/22 15:41:26 INFO TaskSetManager: Starting task 10.0 in stage 4.0 (TID 14, localhost, executor driver, partition 10, ANY, 5874 bytes)
20/07/22 15:41:26 INFO TaskSetManager: Finished task 9.0 in stage 4.0 (TID 13) in 23 ms on localhost (executor driver) (10/200)
20/07/22 15:41:26 INFO Executor: Running task 10.0 in stage 4.0 (TID 14)
20/07/22 15:41:26 INFO ShuffleBlockFetcherIterator: Getting 1 non-empty blocks out of 1 blocks
20/07/22 15:41:26 INFO ShuffleBlockFetcherIterator: Started 0 remote fetches in 1 ms
20/07/22 15:41:26 INFO Executor: Finished task 10.0 in stage 4.0 (TID 14). 3586 bytes result sent to driver
20/07/22 15:41:26 INFO TaskSetManager: Starting task 11.0 in stage 4.0 (TID 15, localhost, executor driver, partition 11, ANY, 5874 bytes)
20/07/22 15:41:26 INFO Executor: Running task 11.0 in stage 4.0 (TID 15)
20/07/22 15:41:26 INFO TaskSetManager: Finished task 10.0 in stage 4.0 (TID 14) in 42 ms on localhost (executor driver) (11/200)
20/07/22 15:41:26 INFO ShuffleBlockFetcherIterator: Getting 1 non-empty blocks out of 1 blocks
20/07/22 15:41:26 INFO ShuffleBlockFetcherIterator: Started 0 remote fetches in 0 ms
20/07/22 15:41:26 INFO Executor: Finished task 11.0 in stage 4.0 (TID 15). 3586 bytes result sent to driver
20/07/22 15:41:26 INFO TaskSetManager: Starting task 12.0 in stage 4.0 (TID 16, localhost, executor driver, partition 12, ANY, 5874 bytes)
20/07/22 15:41:26 INFO TaskSetManager: Finished task 11.0 in stage 4.0 (TID 15) in 22 ms on localhost (executor driver) (12/200)
20/07/22 15:41:26 INFO Executor: Running task 12.0 in stage 4.0 (TID 16)
20/07/22 15:41:26 INFO ShuffleBlockFetcherIterator: Getting 1 non-empty blocks out of 1 blocks
20/07/22 15:41:26 INFO ShuffleBlockFetcherIterator: Started 0 remote fetches in 5 ms
20/07/22 15:41:26 INFO Executor: Finished task 12.0 in stage 4.0 (TID 16). 3586 bytes result sent to driver
20/07/22 15:41:26 INFO TaskSetManager: Starting task 13.0 in stage 4.0 (TID 17, localhost, executor driver, partition 13, ANY, 5874 bytes)
20/07/22 15:41:26 INFO TaskSetManager: Finished task 12.0 in stage 4.0 (TID 16) in 26 ms on localhost (executor driver) (13/200)
20/07/22 15:41:26 INFO Executor: Running task 13.0 in stage 4.0 (TID 17)
20/07/22 15:41:26 INFO ShuffleBlockFetcherIterator: Getting 1 non-empty blocks out of 1 blocks
20/07/22 15:41:26 INFO ShuffleBlockFetcherIterator: Started 0 remote fetches in 1 ms
20/07/22 15:41:26 INFO Executor: Finished task 13.0 in stage 4.0 (TID 17). 3586 bytes result sent to driver
20/07/22 15:41:26 INFO TaskSetManager: Starting task 14.0 in stage 4.0 (TID 18, localhost, executor driver, partition 14, ANY, 5874 bytes)
20/07/22 15:41:26 INFO TaskSetManager: Finished task 13.0 in stage 4.0 (TID 17) in 26 ms on localhost (executor driver) (14/200)
20/07/22 15:41:26 INFO Executor: Running task 14.0 in stage 4.0 (TID 18)
20/07/22 15:41:26 INFO ShuffleBlockFetcherIterator: Getting 1 non-empty blocks out of 1 blocks
20/07/22 15:41:26 INFO ShuffleBlockFetcherIterator: Started 0 remote fetches in 1 ms
20/07/22 15:41:26 INFO Executor: Finished task 14.0 in stage 4.0 (TID 18). 3673 bytes result sent to driver
20/07/22 15:41:26 INFO TaskSetManager: Starting task 15.0 in stage 4.0 (TID 19, localhost, executor driver, partition 15, ANY, 5874 bytes)
20/07/22 15:41:26 INFO TaskSetManager: Finished task 14.0 in stage 4.0 (TID 18) in 23 ms on localhost (executor driver) (15/200)
20/07/22 15:41:26 INFO Executor: Running task 15.0 in stage 4.0 (TID 19)
20/07/22 15:41:26 INFO ShuffleBlockFetcherIterator: Getting 1 non-empty blocks out of 1 blocks
20/07/22 15:41:26 INFO ShuffleBlockFetcherIterator: Started 0 remote fetches in 1 ms
20/07/22 15:41:26 INFO Executor: Finished task 15.0 in stage 4.0 (TID 19). 3586 bytes result sent to driver
20/07/22 15:41:26 INFO TaskSetManager: Starting task 16.0 in stage 4.0 (TID 20, localhost, executor driver, partition 16, ANY, 5874 bytes)
20/07/22 15:41:26 INFO Executor: Running task 16.0 in stage 4.0 (TID 20)
20/07/22 15:41:26 INFO TaskSetManager: Finished task 15.0 in stage 4.0 (TID 19) in 37 ms on localhost (executor driver) (16/200)
20/07/22 15:41:26 INFO ShuffleBlockFetcherIterator: Getting 1 non-empty blocks out of 1 blocks
20/07/22 15:41:26 INFO ShuffleBlockFetcherIterator: Started 0 remote fetches in 1 ms
20/07/22 15:41:26 INFO Executor: Finished task 16.0 in stage 4.0 (TID 20). 3586 bytes result sent to driver
20/07/22 15:41:26 INFO TaskSetManager: Starting task 17.0 in stage 4.0 (TID 21, localhost, executor driver, partition 17, ANY, 5874 bytes)
20/07/22 15:41:26 INFO TaskSetManager: Finished task 16.0 in stage 4.0 (TID 20) in 19 ms on localhost (executor driver) (17/200)
20/07/22 15:41:26 INFO Executor: Running task 17.0 in stage 4.0 (TID 21)
20/07/22 15:41:26 INFO ShuffleBlockFetcherIterator: Getting 1 non-empty blocks out of 1 blocks
20/07/22 15:41:26 INFO ShuffleBlockFetcherIterator: Started 0 remote fetches in 0 ms
20/07/22 15:41:26 INFO Executor: Finished task 17.0 in stage 4.0 (TID 21). 3673 bytes result sent to driver
20/07/22 15:41:26 INFO TaskSetManager: Starting task 18.0 in stage 4.0 (TID 22, localhost, executor driver, partition 18, ANY, 5874 bytes)
20/07/22 15:41:26 INFO TaskSetManager: Finished task 17.0 in stage 4.0 (TID 21) in 14 ms on localhost (executor driver) (18/200)
20/07/22 15:41:26 INFO Executor: Running task 18.0 in stage 4.0 (TID 22)
20/07/22 15:41:26 INFO ShuffleBlockFetcherIterator: Getting 1 non-empty blocks out of 1 blocks
20/07/22 15:41:26 INFO ShuffleBlockFetcherIterator: Started 0 remote fetches in 6 ms
20/07/22 15:41:26 INFO Executor: Finished task 18.0 in stage 4.0 (TID 22). 3673 bytes result sent to driver
20/07/22 15:41:26 INFO TaskSetManager: Starting task 19.0 in stage 4.0 (TID 23, localhost, executor driver, partition 19, ANY, 5874 bytes)
20/07/22 15:41:26 INFO TaskSetManager: Finished task 18.0 in stage 4.0 (TID 22) in 23 ms on localhost (executor driver) (19/200)
20/07/22 15:41:26 INFO Executor: Running task 19.0 in stage 4.0 (TID 23)
20/07/22 15:41:26 INFO ShuffleBlockFetcherIterator: Getting 1 non-empty blocks out of 1 blocks
20/07/22 15:41:26 INFO ShuffleBlockFetcherIterator: Started 0 remote fetches in 4 ms
20/07/22 15:41:26 INFO Executor: Finished task 19.0 in stage 4.0 (TID 23). 3586 bytes result sent to driver
20/07/22 15:41:26 INFO TaskSetManager: Starting task 20.0 in stage 4.0 (TID 24, localhost, executor driver, partition 20, ANY, 5874 bytes)
20/07/22 15:41:26 INFO TaskSetManager: Finished task 19.0 in stage 4.0 (TID 23) in 23 ms on localhost (executor driver) (20/200)
20/07/22 15:41:26 INFO Executor: Running task 20.0 in stage 4.0 (TID 24)
20/07/22 15:41:26 INFO ShuffleBlockFetcherIterator: Getting 1 non-empty blocks out of 1 blocks
20/07/22 15:41:26 INFO ShuffleBlockFetcherIterator: Started 0 remote fetches in 2 ms
20/07/22 15:41:26 INFO Executor: Finished task 20.0 in stage 4.0 (TID 24). 3586 bytes result sent to driver
20/07/22 15:41:26 INFO TaskSetManager: Starting task 21.0 in stage 4.0 (TID 25, localhost, executor driver, partition 21, ANY, 5874 bytes)
20/07/22 15:41:26 INFO Executor: Running task 21.0 in stage 4.0 (TID 25)
20/07/22 15:41:26 INFO TaskSetManager: Finished task 20.0 in stage 4.0 (TID 24) in 26 ms on localhost (executor driver) (21/200)
20/07/22 15:41:26 INFO ShuffleBlockFetcherIterator: Getting 1 non-empty blocks out of 1 blocks
20/07/22 15:41:26 INFO ShuffleBlockFetcherIterator: Started 0 remote fetches in 1 ms
20/07/22 15:41:26 INFO Executor: Finished task 21.0 in stage 4.0 (TID 25). 3673 bytes result sent to driver
20/07/22 15:41:26 INFO TaskSetManager: Starting task 22.0 in stage 4.0 (TID 26, localhost, executor driver, partition 22, ANY, 5874 bytes)
20/07/22 15:41:26 INFO TaskSetManager: Finished task 21.0 in stage 4.0 (TID 25) in 20 ms on localhost (executor driver) (22/200)
20/07/22 15:41:26 INFO Executor: Running task 22.0 in stage 4.0 (TID 26)
20/07/22 15:41:26 INFO ShuffleBlockFetcherIterator: Getting 1 non-empty blocks out of 1 blocks
20/07/22 15:41:26 INFO ShuffleBlockFetcherIterator: Started 0 remote fetches in 1 ms
20/07/22 15:41:26 INFO Executor: Finished task 22.0 in stage 4.0 (TID 26). 3586 bytes result sent to driver
20/07/22 15:41:26 INFO TaskSetManager: Starting task 23.0 in stage 4.0 (TID 27, localhost, executor driver, partition 23, ANY, 5874 bytes)
20/07/22 15:41:26 INFO TaskSetManager: Finished task 22.0 in stage 4.0 (TID 26) in 27 ms on localhost (executor driver) (23/200)
20/07/22 15:41:26 INFO Executor: Running task 23.0 in stage 4.0 (TID 27)
20/07/22 15:41:26 INFO ShuffleBlockFetcherIterator: Getting 1 non-empty blocks out of 1 blocks
20/07/22 15:41:26 INFO ShuffleBlockFetcherIterator: Started 0 remote fetches in 1 ms
20/07/22 15:41:26 INFO Executor: Finished task 23.0 in stage 4.0 (TID 27). 3586 bytes result sent to driver
20/07/22 15:41:26 INFO TaskSetManager: Starting task 24.0 in stage 4.0 (TID 28, localhost, executor driver, partition 24, ANY, 5874 bytes)
20/07/22 15:41:26 INFO TaskSetManager: Finished task 23.0 in stage 4.0 (TID 27) in 18 ms on localhost (executor driver) (24/200)
20/07/22 15:41:26 INFO Executor: Running task 24.0 in stage 4.0 (TID 28)
20/07/22 15:41:26 INFO ShuffleBlockFetcherIterator: Getting 1 non-empty blocks out of 1 blocks
20/07/22 15:41:26 INFO ShuffleBlockFetcherIterator: Started 0 remote fetches in 4 ms
20/07/22 15:41:26 INFO Executor: Finished task 24.0 in stage 4.0 (TID 28). 3586 bytes result sent to driver
20/07/22 15:41:26 INFO TaskSetManager: Starting task 25.0 in stage 4.0 (TID 29, localhost, executor driver, partition 25, ANY, 5874 bytes)
20/07/22 15:41:26 INFO TaskSetManager: Finished task 24.0 in stage 4.0 (TID 28) in 23 ms on localhost (executor driver) (25/200)
20/07/22 15:41:26 INFO Executor: Running task 25.0 in stage 4.0 (TID 29)
20/07/22 15:41:26 INFO ShuffleBlockFetcherIterator: Getting 1 non-empty blocks out of 1 blocks
20/07/22 15:41:26 INFO ShuffleBlockFetcherIterator: Started 0 remote fetches in 0 ms
20/07/22 15:41:26 INFO Executor: Finished task 25.0 in stage 4.0 (TID 29). 3586 bytes result sent to driver
20/07/22 15:41:26 INFO TaskSetManager: Starting task 26.0 in stage 4.0 (TID 30, localhost, executor driver, partition 26, ANY, 5874 bytes)
20/07/22 15:41:26 INFO TaskSetManager: Finished task 25.0 in stage 4.0 (TID 29) in 16 ms on localhost (executor driver) (26/200)
20/07/22 15:41:26 INFO Executor: Running task 26.0 in stage 4.0 (TID 30)
20/07/22 15:41:26 INFO ShuffleBlockFetcherIterator: Getting 1 non-empty blocks out of 1 blocks
20/07/22 15:41:26 INFO ShuffleBlockFetcherIterator: Started 0 remote fetches in 0 ms
20/07/22 15:41:26 INFO Executor: Finished task 26.0 in stage 4.0 (TID 30). 3673 bytes result sent to driver
20/07/22 15:41:26 INFO TaskSetManager: Starting task 27.0 in stage 4.0 (TID 31, localhost, executor driver, partition 27, ANY, 5874 bytes)
20/07/22 15:41:26 INFO Executor: Running task 27.0 in stage 4.0 (TID 31)
20/07/22 15:41:26 INFO TaskSetManager: Finished task 26.0 in stage 4.0 (TID 30) in 21 ms on localhost (executor driver) (27/200)
20/07/22 15:41:26 INFO ShuffleBlockFetcherIterator: Getting 1 non-empty blocks out of 1 blocks
20/07/22 15:41:26 INFO ShuffleBlockFetcherIterator: Started 0 remote fetches in 0 ms
20/07/22 15:41:26 INFO Executor: Finished task 27.0 in stage 4.0 (TID 31). 3586 bytes result sent to driver
20/07/22 15:41:26 INFO TaskSetManager: Starting task 28.0 in stage 4.0 (TID 32, localhost, executor driver, partition 28, ANY, 5874 bytes)
20/07/22 15:41:26 INFO TaskSetManager: Finished task 27.0 in stage 4.0 (TID 31) in 22 ms on localhost (executor driver) (28/200)
20/07/22 15:41:26 INFO Executor: Running task 28.0 in stage 4.0 (TID 32)
20/07/22 15:41:26 INFO ShuffleBlockFetcherIterator: Getting 1 non-empty blocks out of 1 blocks
20/07/22 15:41:26 INFO ShuffleBlockFetcherIterator: Started 0 remote fetches in 1 ms
20/07/22 15:41:26 INFO Executor: Finished task 28.0 in stage 4.0 (TID 32). 3586 bytes result sent to driver
20/07/22 15:41:26 INFO TaskSetManager: Starting task 29.0 in stage 4.0 (TID 33, localhost, executor driver, partition 29, ANY, 5874 bytes)
20/07/22 15:41:26 INFO TaskSetManager: Finished task 28.0 in stage 4.0 (TID 32) in 25 ms on localhost (executor driver) (29/200)
20/07/22 15:41:26 INFO Executor: Running task 29.0 in stage 4.0 (TID 33)
20/07/22 15:41:26 INFO ShuffleBlockFetcherIterator: Getting 1 non-empty blocks out of 1 blocks
20/07/22 15:41:26 INFO ShuffleBlockFetcherIterator: Started 0 remote fetches in 1 ms
20/07/22 15:41:26 INFO Executor: Finished task 29.0 in stage 4.0 (TID 33). 3586 bytes result sent to driver
20/07/22 15:41:26 INFO TaskSetManager: Starting task 30.0 in stage 4.0 (TID 34, localhost, executor driver, partition 30, ANY, 5874 bytes)
20/07/22 15:41:26 INFO Executor: Running task 30.0 in stage 4.0 (TID 34)
20/07/22 15:41:26 INFO TaskSetManager: Finished task 29.0 in stage 4.0 (TID 33) in 24 ms on localhost (executor driver) (30/200)
20/07/22 15:41:26 INFO ShuffleBlockFetcherIterator: Getting 1 non-empty blocks out of 1 blocks
20/07/22 15:41:26 INFO ShuffleBlockFetcherIterator: Started 0 remote fetches in 1 ms
20/07/22 15:41:26 INFO Executor: Finished task 30.0 in stage 4.0 (TID 34). 3586 bytes result sent to driver
20/07/22 15:41:26 INFO TaskSetManager: Starting task 31.0 in stage 4.0 (TID 35, localhost, executor driver, partition 31, ANY, 5874 bytes)
20/07/22 15:41:26 INFO TaskSetManager: Finished task 30.0 in stage 4.0 (TID 34) in 22 ms on localhost (executor driver) (31/200)
20/07/22 15:41:26 INFO Executor: Running task 31.0 in stage 4.0 (TID 35)
20/07/22 15:41:26 INFO ShuffleBlockFetcherIterator: Getting 1 non-empty blocks out of 1 blocks
20/07/22 15:41:26 INFO ShuffleBlockFetcherIterator: Started 0 remote fetches in 2 ms
20/07/22 15:41:26 INFO Executor: Finished task 31.0 in stage 4.0 (TID 35). 3586 bytes result sent to driver
20/07/22 15:41:26 INFO TaskSetManager: Starting task 32.0 in stage 4.0 (TID 36, localhost, executor driver, partition 32, ANY, 5874 bytes)
20/07/22 15:41:26 INFO TaskSetManager: Finished task 31.0 in stage 4.0 (TID 35) in 29 ms on localhost (executor driver) (32/200)
20/07/22 15:41:26 INFO Executor: Running task 32.0 in stage 4.0 (TID 36)
20/07/22 15:41:26 INFO ShuffleBlockFetcherIterator: Getting 1 non-empty blocks out of 1 blocks
20/07/22 15:41:26 INFO ShuffleBlockFetcherIterator: Started 0 remote fetches in 3 ms
20/07/22 15:41:26 INFO Executor: Finished task 32.0 in stage 4.0 (TID 36). 3586 bytes result sent to driver
20/07/22 15:41:26 INFO TaskSetManager: Starting task 33.0 in stage 4.0 (TID 37, localhost, executor driver, partition 33, ANY, 5874 bytes)
20/07/22 15:41:26 INFO TaskSetManager: Finished task 32.0 in stage 4.0 (TID 36) in 22 ms on localhost (executor driver) (33/200)
20/07/22 15:41:26 INFO Executor: Running task 33.0 in stage 4.0 (TID 37)
20/07/22 15:41:26 INFO ShuffleBlockFetcherIterator: Getting 1 non-empty blocks out of 1 blocks
20/07/22 15:41:26 INFO ShuffleBlockFetcherIterator: Started 0 remote fetches in 1 ms
20/07/22 15:41:26 INFO Executor: Finished task 33.0 in stage 4.0 (TID 37). 3586 bytes result sent to driver
20/07/22 15:41:26 INFO TaskSetManager: Starting task 34.0 in stage 4.0 (TID 38, localhost, executor driver, partition 34, ANY, 5874 bytes)
20/07/22 15:41:26 INFO TaskSetManager: Finished task 33.0 in stage 4.0 (TID 37) in 28 ms on localhost (executor driver) (34/200)
20/07/22 15:41:26 INFO Executor: Running task 34.0 in stage 4.0 (TID 38)
20/07/22 15:41:26 INFO ShuffleBlockFetcherIterator: Getting 1 non-empty blocks out of 1 blocks
20/07/22 15:41:26 INFO ShuffleBlockFetcherIterator: Started 0 remote fetches in 1 ms
20/07/22 15:41:26 INFO Executor: Finished task 34.0 in stage 4.0 (TID 38). 3673 bytes result sent to driver
20/07/22 15:41:26 INFO TaskSetManager: Starting task 35.0 in stage 4.0 (TID 39, localhost, executor driver, partition 35, ANY, 5874 bytes)
20/07/22 15:41:26 INFO TaskSetManager: Finished task 34.0 in stage 4.0 (TID 38) in 21 ms on localhost (executor driver) (35/200)
20/07/22 15:41:26 INFO Executor: Running task 35.0 in stage 4.0 (TID 39)
20/07/22 15:41:26 INFO ShuffleBlockFetcherIterator: Getting 1 non-empty blocks out of 1 blocks
20/07/22 15:41:26 INFO ShuffleBlockFetcherIterator: Started 0 remote fetches in 1 ms
20/07/22 15:41:26 INFO Executor: Finished task 35.0 in stage 4.0 (TID 39). 3586 bytes result sent to driver
20/07/22 15:41:26 INFO TaskSetManager: Starting task 36.0 in stage 4.0 (TID 40, localhost, executor driver, partition 36, ANY, 5874 bytes)
20/07/22 15:41:26 INFO TaskSetManager: Finished task 35.0 in stage 4.0 (TID 39) in 26 ms on localhost (executor driver) (36/200)
20/07/22 15:41:26 INFO Executor: Running task 36.0 in stage 4.0 (TID 40)
20/07/22 15:41:26 INFO ShuffleBlockFetcherIterator: Getting 1 non-empty blocks out of 1 blocks
20/07/22 15:41:26 INFO ShuffleBlockFetcherIterator: Started 0 remote fetches in 1 ms
20/07/22 15:41:26 INFO Executor: Finished task 36.0 in stage 4.0 (TID 40). 3586 bytes result sent to driver
20/07/22 15:41:26 INFO TaskSetManager: Starting task 37.0 in stage 4.0 (TID 41, localhost, executor driver, partition 37, ANY, 5874 bytes)
20/07/22 15:41:26 INFO TaskSetManager: Finished task 36.0 in stage 4.0 (TID 40) in 27 ms on localhost (executor driver) (37/200)
20/07/22 15:41:26 INFO Executor: Running task 37.0 in stage 4.0 (TID 41)
20/07/22 15:41:26 INFO ShuffleBlockFetcherIterator: Getting 1 non-empty blocks out of 1 blocks
20/07/22 15:41:26 INFO ShuffleBlockFetcherIterator: Started 0 remote fetches in 1 ms
20/07/22 15:41:26 INFO Executor: Finished task 37.0 in stage 4.0 (TID 41). 3586 bytes result sent to driver
20/07/22 15:41:26 INFO TaskSetManager: Starting task 38.0 in stage 4.0 (TID 42, localhost, executor driver, partition 38, ANY, 5874 bytes)
20/07/22 15:41:26 INFO TaskSetManager: Finished task 37.0 in stage 4.0 (TID 41) in 24 ms on localhost (executor driver) (38/200)
20/07/22 15:41:26 INFO Executor: Running task 38.0 in stage 4.0 (TID 42)
20/07/22 15:41:26 INFO ShuffleBlockFetcherIterator: Getting 1 non-empty blocks out of 1 blocks
20/07/22 15:41:26 INFO ShuffleBlockFetcherIterator: Started 0 remote fetches in 1 ms
20/07/22 15:41:26 INFO Executor: Finished task 38.0 in stage 4.0 (TID 42). 3586 bytes result sent to driver
20/07/22 15:41:26 INFO TaskSetManager: Starting task 39.0 in stage 4.0 (TID 43, localhost, executor driver, partition 39, ANY, 5874 bytes)
20/07/22 15:41:26 INFO TaskSetManager: Finished task 38.0 in stage 4.0 (TID 42) in 22 ms on localhost (executor driver) (39/200)
20/07/22 15:41:26 INFO Executor: Running task 39.0 in stage 4.0 (TID 43)
20/07/22 15:41:26 INFO ShuffleBlockFetcherIterator: Getting 1 non-empty blocks out of 1 blocks
20/07/22 15:41:26 INFO ShuffleBlockFetcherIterator: Started 0 remote fetches in 3 ms
20/07/22 15:41:26 INFO Executor: Finished task 39.0 in stage 4.0 (TID 43). 3586 bytes result sent to driver
20/07/22 15:41:26 INFO TaskSetManager: Starting task 40.0 in stage 4.0 (TID 44, localhost, executor driver, partition 40, ANY, 5874 bytes)
20/07/22 15:41:26 INFO Executor: Running task 40.0 in stage 4.0 (TID 44)
20/07/22 15:41:26 INFO TaskSetManager: Finished task 39.0 in stage 4.0 (TID 43) in 25 ms on localhost (executor driver) (40/200)
20/07/22 15:41:26 INFO ShuffleBlockFetcherIterator: Getting 1 non-empty blocks out of 1 blocks
20/07/22 15:41:26 INFO ShuffleBlockFetcherIterator: Started 0 remote fetches in 0 ms
20/07/22 15:41:26 INFO Executor: Finished task 40.0 in stage 4.0 (TID 44). 3586 bytes result sent to driver
20/07/22 15:41:26 INFO TaskSetManager: Starting task 41.0 in stage 4.0 (TID 45, localhost, executor driver, partition 41, ANY, 5874 bytes)
20/07/22 15:41:26 INFO TaskSetManager: Finished task 40.0 in stage 4.0 (TID 44) in 23 ms on localhost (executor driver) (41/200)
20/07/22 15:41:26 INFO Executor: Running task 41.0 in stage 4.0 (TID 45)
20/07/22 15:41:26 INFO ShuffleBlockFetcherIterator: Getting 1 non-empty blocks out of 1 blocks
20/07/22 15:41:26 INFO ShuffleBlockFetcherIterator: Started 0 remote fetches in 0 ms
20/07/22 15:41:26 INFO Executor: Finished task 41.0 in stage 4.0 (TID 45). 3586 bytes result sent to driver
20/07/22 15:41:26 INFO TaskSetManager: Starting task 42.0 in stage 4.0 (TID 46, localhost, executor driver, partition 42, ANY, 5874 bytes)
20/07/22 15:41:26 INFO Executor: Running task 42.0 in stage 4.0 (TID 46)
20/07/22 15:41:26 INFO TaskSetManager: Finished task 41.0 in stage 4.0 (TID 45) in 18 ms on localhost (executor driver) (42/200)
20/07/22 15:41:26 INFO ShuffleBlockFetcherIterator: Getting 1 non-empty blocks out of 1 blocks
20/07/22 15:41:26 INFO ShuffleBlockFetcherIterator: Started 0 remote fetches in 0 ms
20/07/22 15:41:26 INFO Executor: Finished task 42.0 in stage 4.0 (TID 46). 3586 bytes result sent to driver
20/07/22 15:41:26 INFO TaskSetManager: Starting task 43.0 in stage 4.0 (TID 47, localhost, executor driver, partition 43, ANY, 5874 bytes)
20/07/22 15:41:26 INFO Executor: Running task 43.0 in stage 4.0 (TID 47)
20/07/22 15:41:26 INFO TaskSetManager: Finished task 42.0 in stage 4.0 (TID 46) in 14 ms on localhost (executor driver) (43/200)
20/07/22 15:41:26 INFO ShuffleBlockFetcherIterator: Getting 1 non-empty blocks out of 1 blocks
20/07/22 15:41:26 INFO ShuffleBlockFetcherIterator: Started 0 remote fetches in 1 ms
20/07/22 15:41:26 INFO Executor: Finished task 43.0 in stage 4.0 (TID 47). 3586 bytes result sent to driver
20/07/22 15:41:26 INFO TaskSetManager: Starting task 44.0 in stage 4.0 (TID 48, localhost, executor driver, partition 44, ANY, 5874 bytes)
20/07/22 15:41:26 INFO TaskSetManager: Finished task 43.0 in stage 4.0 (TID 47) in 11 ms on localhost (executor driver) (44/200)
20/07/22 15:41:26 INFO Executor: Running task 44.0 in stage 4.0 (TID 48)
20/07/22 15:41:26 INFO ShuffleBlockFetcherIterator: Getting 1 non-empty blocks out of 1 blocks
20/07/22 15:41:26 INFO ShuffleBlockFetcherIterator: Started 0 remote fetches in 2 ms
20/07/22 15:41:26 INFO Executor: Finished task 44.0 in stage 4.0 (TID 48). 3586 bytes result sent to driver
20/07/22 15:41:26 INFO TaskSetManager: Starting task 45.0 in stage 4.0 (TID 49, localhost, executor driver, partition 45, ANY, 5874 bytes)
20/07/22 15:41:26 INFO TaskSetManager: Finished task 44.0 in stage 4.0 (TID 48) in 16 ms on localhost (executor driver) (45/200)
20/07/22 15:41:26 INFO Executor: Running task 45.0 in stage 4.0 (TID 49)
20/07/22 15:41:26 INFO ShuffleBlockFetcherIterator: Getting 1 non-empty blocks out of 1 blocks
20/07/22 15:41:26 INFO ShuffleBlockFetcherIterator: Started 0 remote fetches in 0 ms
20/07/22 15:41:26 INFO Executor: Finished task 45.0 in stage 4.0 (TID 49). 3586 bytes result sent to driver
20/07/22 15:41:26 INFO TaskSetManager: Starting task 46.0 in stage 4.0 (TID 50, localhost, executor driver, partition 46, ANY, 5874 bytes)
20/07/22 15:41:26 INFO TaskSetManager: Finished task 45.0 in stage 4.0 (TID 49) in 11 ms on localhost (executor driver) (46/200)
20/07/22 15:41:26 INFO Executor: Running task 46.0 in stage 4.0 (TID 50)
20/07/22 15:41:26 INFO ShuffleBlockFetcherIterator: Getting 1 non-empty blocks out of 1 blocks
20/07/22 15:41:26 INFO ShuffleBlockFetcherIterator: Started 0 remote fetches in 0 ms
20/07/22 15:41:26 INFO Executor: Finished task 46.0 in stage 4.0 (TID 50). 3586 bytes result sent to driver
20/07/22 15:41:26 INFO TaskSetManager: Starting task 47.0 in stage 4.0 (TID 51, localhost, executor driver, partition 47, ANY, 5874 bytes)
20/07/22 15:41:26 INFO TaskSetManager: Finished task 46.0 in stage 4.0 (TID 50) in 20 ms on localhost (executor driver) (47/200)
20/07/22 15:41:26 INFO Executor: Running task 47.0 in stage 4.0 (TID 51)
20/07/22 15:41:26 INFO ShuffleBlockFetcherIterator: Getting 1 non-empty blocks out of 1 blocks
20/07/22 15:41:26 INFO ShuffleBlockFetcherIterator: Started 0 remote fetches in 1 ms
20/07/22 15:41:26 INFO Executor: Finished task 47.0 in stage 4.0 (TID 51). 3586 bytes result sent to driver
20/07/22 15:41:26 INFO TaskSetManager: Starting task 48.0 in stage 4.0 (TID 52, localhost, executor driver, partition 48, ANY, 5874 bytes)
20/07/22 15:41:26 INFO Executor: Running task 48.0 in stage 4.0 (TID 52)
20/07/22 15:41:26 INFO TaskSetManager: Finished task 47.0 in stage 4.0 (TID 51) in 21 ms on localhost (executor driver) (48/200)
20/07/22 15:41:26 INFO ShuffleBlockFetcherIterator: Getting 1 non-empty blocks out of 1 blocks
20/07/22 15:41:26 INFO ShuffleBlockFetcherIterator: Started 0 remote fetches in 1 ms
20/07/22 15:41:26 INFO Executor: Finished task 48.0 in stage 4.0 (TID 52). 3586 bytes result sent to driver
20/07/22 15:41:26 INFO TaskSetManager: Starting task 49.0 in stage 4.0 (TID 53, localhost, executor driver, partition 49, ANY, 5874 bytes)
20/07/22 15:41:26 INFO Executor: Running task 49.0 in stage 4.0 (TID 53)
20/07/22 15:41:26 INFO TaskSetManager: Finished task 48.0 in stage 4.0 (TID 52) in 16 ms on localhost (executor driver) (49/200)
20/07/22 15:41:26 INFO ShuffleBlockFetcherIterator: Getting 1 non-empty blocks out of 1 blocks
20/07/22 15:41:26 INFO ShuffleBlockFetcherIterator: Started 0 remote fetches in 0 ms
20/07/22 15:41:26 INFO Executor: Finished task 49.0 in stage 4.0 (TID 53). 3586 bytes result sent to driver
20/07/22 15:41:26 INFO TaskSetManager: Starting task 50.0 in stage 4.0 (TID 54, localhost, executor driver, partition 50, ANY, 5874 bytes)
20/07/22 15:41:26 INFO TaskSetManager: Finished task 49.0 in stage 4.0 (TID 53) in 11 ms on localhost (executor driver) (50/200)
20/07/22 15:41:26 INFO Executor: Running task 50.0 in stage 4.0 (TID 54)
20/07/22 15:41:26 INFO ShuffleBlockFetcherIterator: Getting 1 non-empty blocks out of 1 blocks
20/07/22 15:41:26 INFO ShuffleBlockFetcherIterator: Started 0 remote fetches in 1 ms
20/07/22 15:41:26 INFO Executor: Finished task 50.0 in stage 4.0 (TID 54). 3586 bytes result sent to driver
20/07/22 15:41:26 INFO TaskSetManager: Starting task 51.0 in stage 4.0 (TID 55, localhost, executor driver, partition 51, ANY, 5874 bytes)
20/07/22 15:41:26 INFO Executor: Running task 51.0 in stage 4.0 (TID 55)
20/07/22 15:41:26 INFO TaskSetManager: Finished task 50.0 in stage 4.0 (TID 54) in 21 ms on localhost (executor driver) (51/200)
20/07/22 15:41:26 INFO ShuffleBlockFetcherIterator: Getting 1 non-empty blocks out of 1 blocks
20/07/22 15:41:26 INFO ShuffleBlockFetcherIterator: Started 0 remote fetches in 0 ms
20/07/22 15:41:26 INFO Executor: Finished task 51.0 in stage 4.0 (TID 55). 3586 bytes result sent to driver
20/07/22 15:41:26 INFO TaskSetManager: Starting task 52.0 in stage 4.0 (TID 56, localhost, executor driver, partition 52, ANY, 5874 bytes)
20/07/22 15:41:26 INFO Executor: Running task 52.0 in stage 4.0 (TID 56)
20/07/22 15:41:26 INFO TaskSetManager: Finished task 51.0 in stage 4.0 (TID 55) in 12 ms on localhost (executor driver) (52/200)
20/07/22 15:41:26 INFO ShuffleBlockFetcherIterator: Getting 1 non-empty blocks out of 1 blocks
20/07/22 15:41:26 INFO ShuffleBlockFetcherIterator: Started 0 remote fetches in 1 ms
20/07/22 15:41:26 INFO Executor: Finished task 52.0 in stage 4.0 (TID 56). 3586 bytes result sent to driver
20/07/22 15:41:26 INFO TaskSetManager: Starting task 53.0 in stage 4.0 (TID 57, localhost, executor driver, partition 53, ANY, 5874 bytes)
20/07/22 15:41:26 INFO Executor: Running task 53.0 in stage 4.0 (TID 57)
20/07/22 15:41:26 INFO TaskSetManager: Finished task 52.0 in stage 4.0 (TID 56) in 18 ms on localhost (executor driver) (53/200)
20/07/22 15:41:26 INFO ShuffleBlockFetcherIterator: Getting 1 non-empty blocks out of 1 blocks
20/07/22 15:41:26 INFO ShuffleBlockFetcherIterator: Started 0 remote fetches in 1 ms
20/07/22 15:41:26 INFO Executor: Finished task 53.0 in stage 4.0 (TID 57). 3586 bytes result sent to driver
20/07/22 15:41:26 INFO TaskSetManager: Starting task 54.0 in stage 4.0 (TID 58, localhost, executor driver, partition 54, ANY, 5874 bytes)
20/07/22 15:41:26 INFO TaskSetManager: Finished task 53.0 in stage 4.0 (TID 57) in 21 ms on localhost (executor driver) (54/200)
20/07/22 15:41:26 INFO Executor: Running task 54.0 in stage 4.0 (TID 58)
20/07/22 15:41:26 INFO ShuffleBlockFetcherIterator: Getting 1 non-empty blocks out of 1 blocks
20/07/22 15:41:26 INFO ShuffleBlockFetcherIterator: Started 0 remote fetches in 1 ms
20/07/22 15:41:26 INFO Executor: Finished task 54.0 in stage 4.0 (TID 58). 3586 bytes result sent to driver
20/07/22 15:41:26 INFO TaskSetManager: Starting task 55.0 in stage 4.0 (TID 59, localhost, executor driver, partition 55, ANY, 5874 bytes)
20/07/22 15:41:26 INFO Executor: Running task 55.0 in stage 4.0 (TID 59)
20/07/22 15:41:26 INFO TaskSetManager: Finished task 54.0 in stage 4.0 (TID 58) in 15 ms on localhost (executor driver) (55/200)
20/07/22 15:41:26 INFO ShuffleBlockFetcherIterator: Getting 1 non-empty blocks out of 1 blocks
20/07/22 15:41:26 INFO ShuffleBlockFetcherIterator: Started 0 remote fetches in 1 ms
20/07/22 15:41:26 INFO Executor: Finished task 55.0 in stage 4.0 (TID 59). 3586 bytes result sent to driver
20/07/22 15:41:26 INFO TaskSetManager: Starting task 56.0 in stage 4.0 (TID 60, localhost, executor driver, partition 56, ANY, 5874 bytes)
20/07/22 15:41:26 INFO TaskSetManager: Finished task 55.0 in stage 4.0 (TID 59) in 12 ms on localhost (executor driver) (56/200)
20/07/22 15:41:26 INFO Executor: Running task 56.0 in stage 4.0 (TID 60)
20/07/22 15:41:26 INFO ShuffleBlockFetcherIterator: Getting 1 non-empty blocks out of 1 blocks
20/07/22 15:41:26 INFO ShuffleBlockFetcherIterator: Started 0 remote fetches in 1 ms
20/07/22 15:41:26 INFO Executor: Finished task 56.0 in stage 4.0 (TID 60). 3586 bytes result sent to driver
20/07/22 15:41:26 INFO TaskSetManager: Starting task 57.0 in stage 4.0 (TID 61, localhost, executor driver, partition 57, ANY, 5874 bytes)
20/07/22 15:41:26 INFO TaskSetManager: Finished task 56.0 in stage 4.0 (TID 60) in 12 ms on localhost (executor driver) (57/200)
20/07/22 15:41:26 INFO Executor: Running task 57.0 in stage 4.0 (TID 61)
20/07/22 15:41:26 INFO ShuffleBlockFetcherIterator: Getting 1 non-empty blocks out of 1 blocks
20/07/22 15:41:26 INFO ShuffleBlockFetcherIterator: Started 0 remote fetches in 0 ms
20/07/22 15:41:26 INFO Executor: Finished task 57.0 in stage 4.0 (TID 61). 3586 bytes result sent to driver
20/07/22 15:41:26 INFO TaskSetManager: Starting task 58.0 in stage 4.0 (TID 62, localhost, executor driver, partition 58, ANY, 5874 bytes)
20/07/22 15:41:26 INFO TaskSetManager: Finished task 57.0 in stage 4.0 (TID 61) in 12 ms on localhost (executor driver) (58/200)
20/07/22 15:41:26 INFO Executor: Running task 58.0 in stage 4.0 (TID 62)
20/07/22 15:41:26 INFO ShuffleBlockFetcherIterator: Getting 1 non-empty blocks out of 1 blocks
20/07/22 15:41:26 INFO ShuffleBlockFetcherIterator: Started 0 remote fetches in 0 ms
20/07/22 15:41:26 INFO Executor: Finished task 58.0 in stage 4.0 (TID 62). 3586 bytes result sent to driver
20/07/22 15:41:26 INFO TaskSetManager: Starting task 59.0 in stage 4.0 (TID 63, localhost, executor driver, partition 59, ANY, 5874 bytes)
20/07/22 15:41:26 INFO TaskSetManager: Finished task 58.0 in stage 4.0 (TID 62) in 14 ms on localhost (executor driver) (59/200)
20/07/22 15:41:26 INFO Executor: Running task 59.0 in stage 4.0 (TID 63)
20/07/22 15:41:26 INFO ShuffleBlockFetcherIterator: Getting 1 non-empty blocks out of 1 blocks
20/07/22 15:41:26 INFO ShuffleBlockFetcherIterator: Started 0 remote fetches in 0 ms
20/07/22 15:41:27 INFO Executor: Finished task 59.0 in stage 4.0 (TID 63). 3673 bytes result sent to driver
20/07/22 15:41:27 INFO TaskSetManager: Starting task 60.0 in stage 4.0 (TID 64, localhost, executor driver, partition 60, ANY, 5874 bytes)
20/07/22 15:41:27 INFO Executor: Running task 60.0 in stage 4.0 (TID 64)
20/07/22 15:41:27 INFO TaskSetManager: Finished task 59.0 in stage 4.0 (TID 63) in 9 ms on localhost (executor driver) (60/200)
20/07/22 15:41:27 INFO ShuffleBlockFetcherIterator: Getting 1 non-empty blocks out of 1 blocks
20/07/22 15:41:27 INFO ShuffleBlockFetcherIterator: Started 0 remote fetches in 0 ms
20/07/22 15:41:27 INFO Executor: Finished task 60.0 in stage 4.0 (TID 64). 3586 bytes result sent to driver
20/07/22 15:41:27 INFO TaskSetManager: Starting task 61.0 in stage 4.0 (TID 65, localhost, executor driver, partition 61, ANY, 5874 bytes)
20/07/22 15:41:27 INFO Executor: Running task 61.0 in stage 4.0 (TID 65)
20/07/22 15:41:27 INFO TaskSetManager: Finished task 60.0 in stage 4.0 (TID 64) in 10 ms on localhost (executor driver) (61/200)
20/07/22 15:41:27 INFO ShuffleBlockFetcherIterator: Getting 1 non-empty blocks out of 1 blocks
20/07/22 15:41:27 INFO ShuffleBlockFetcherIterator: Started 0 remote fetches in 4 ms
20/07/22 15:41:27 INFO Executor: Finished task 61.0 in stage 4.0 (TID 65). 3586 bytes result sent to driver
20/07/22 15:41:27 INFO TaskSetManager: Starting task 62.0 in stage 4.0 (TID 66, localhost, executor driver, partition 62, ANY, 5874 bytes)
20/07/22 15:41:27 INFO TaskSetManager: Finished task 61.0 in stage 4.0 (TID 65) in 17 ms on localhost (executor driver) (62/200)
20/07/22 15:41:27 INFO Executor: Running task 62.0 in stage 4.0 (TID 66)
20/07/22 15:41:27 INFO ShuffleBlockFetcherIterator: Getting 1 non-empty blocks out of 1 blocks
20/07/22 15:41:27 INFO ShuffleBlockFetcherIterator: Started 0 remote fetches in 0 ms
20/07/22 15:41:27 INFO Executor: Finished task 62.0 in stage 4.0 (TID 66). 3586 bytes result sent to driver
20/07/22 15:41:27 INFO TaskSetManager: Starting task 63.0 in stage 4.0 (TID 67, localhost, executor driver, partition 63, ANY, 5874 bytes)
20/07/22 15:41:27 INFO TaskSetManager: Finished task 62.0 in stage 4.0 (TID 66) in 11 ms on localhost (executor driver) (63/200)
20/07/22 15:41:27 INFO Executor: Running task 63.0 in stage 4.0 (TID 67)
20/07/22 15:41:27 INFO ShuffleBlockFetcherIterator: Getting 1 non-empty blocks out of 1 blocks
20/07/22 15:41:27 INFO ShuffleBlockFetcherIterator: Started 0 remote fetches in 0 ms
20/07/22 15:41:27 INFO Executor: Finished task 63.0 in stage 4.0 (TID 67). 3586 bytes result sent to driver
20/07/22 15:41:27 INFO TaskSetManager: Starting task 64.0 in stage 4.0 (TID 68, localhost, executor driver, partition 64, ANY, 5874 bytes)
20/07/22 15:41:27 INFO TaskSetManager: Finished task 63.0 in stage 4.0 (TID 67) in 10 ms on localhost (executor driver) (64/200)
20/07/22 15:41:27 INFO Executor: Running task 64.0 in stage 4.0 (TID 68)
20/07/22 15:41:27 INFO ShuffleBlockFetcherIterator: Getting 1 non-empty blocks out of 1 blocks
20/07/22 15:41:27 INFO ShuffleBlockFetcherIterator: Started 0 remote fetches in 0 ms
20/07/22 15:41:27 INFO Executor: Finished task 64.0 in stage 4.0 (TID 68). 3586 bytes result sent to driver
20/07/22 15:41:27 INFO TaskSetManager: Starting task 65.0 in stage 4.0 (TID 69, localhost, executor driver, partition 65, ANY, 5874 bytes)
20/07/22 15:41:27 INFO TaskSetManager: Finished task 64.0 in stage 4.0 (TID 68) in 11 ms on localhost (executor driver) (65/200)
20/07/22 15:41:27 INFO Executor: Running task 65.0 in stage 4.0 (TID 69)
20/07/22 15:41:27 INFO ShuffleBlockFetcherIterator: Getting 1 non-empty blocks out of 1 blocks
20/07/22 15:41:27 INFO ShuffleBlockFetcherIterator: Started 0 remote fetches in 0 ms
20/07/22 15:41:27 INFO Executor: Finished task 65.0 in stage 4.0 (TID 69). 3586 bytes result sent to driver
20/07/22 15:41:27 INFO TaskSetManager: Starting task 66.0 in stage 4.0 (TID 70, localhost, executor driver, partition 66, ANY, 5874 bytes)
20/07/22 15:41:27 INFO TaskSetManager: Finished task 65.0 in stage 4.0 (TID 69) in 10 ms on localhost (executor driver) (66/200)
20/07/22 15:41:27 INFO Executor: Running task 66.0 in stage 4.0 (TID 70)
20/07/22 15:41:27 INFO ShuffleBlockFetcherIterator: Getting 1 non-empty blocks out of 1 blocks
20/07/22 15:41:27 INFO ShuffleBlockFetcherIterator: Started 0 remote fetches in 0 ms
20/07/22 15:41:27 INFO Executor: Finished task 66.0 in stage 4.0 (TID 70). 3586 bytes result sent to driver
20/07/22 15:41:27 INFO TaskSetManager: Starting task 67.0 in stage 4.0 (TID 71, localhost, executor driver, partition 67, ANY, 5874 bytes)
20/07/22 15:41:27 INFO TaskSetManager: Finished task 66.0 in stage 4.0 (TID 70) in 11 ms on localhost (executor driver) (67/200)
20/07/22 15:41:27 INFO Executor: Running task 67.0 in stage 4.0 (TID 71)
20/07/22 15:41:27 INFO ShuffleBlockFetcherIterator: Getting 1 non-empty blocks out of 1 blocks
20/07/22 15:41:27 INFO ShuffleBlockFetcherIterator: Started 0 remote fetches in 0 ms
20/07/22 15:41:27 INFO Executor: Finished task 67.0 in stage 4.0 (TID 71). 3586 bytes result sent to driver
20/07/22 15:41:27 INFO TaskSetManager: Starting task 68.0 in stage 4.0 (TID 72, localhost, executor driver, partition 68, ANY, 5874 bytes)
20/07/22 15:41:27 INFO TaskSetManager: Finished task 67.0 in stage 4.0 (TID 71) in 11 ms on localhost (executor driver) (68/200)
20/07/22 15:41:27 INFO Executor: Running task 68.0 in stage 4.0 (TID 72)
20/07/22 15:41:27 INFO ShuffleBlockFetcherIterator: Getting 1 non-empty blocks out of 1 blocks
20/07/22 15:41:27 INFO ShuffleBlockFetcherIterator: Started 0 remote fetches in 0 ms
20/07/22 15:41:27 INFO Executor: Finished task 68.0 in stage 4.0 (TID 72). 3586 bytes result sent to driver
20/07/22 15:41:27 INFO TaskSetManager: Starting task 69.0 in stage 4.0 (TID 73, localhost, executor driver, partition 69, ANY, 5874 bytes)
20/07/22 15:41:27 INFO TaskSetManager: Finished task 68.0 in stage 4.0 (TID 72) in 10 ms on localhost (executor driver) (69/200)
20/07/22 15:41:27 INFO Executor: Running task 69.0 in stage 4.0 (TID 73)
20/07/22 15:41:27 INFO ShuffleBlockFetcherIterator: Getting 1 non-empty blocks out of 1 blocks
20/07/22 15:41:27 INFO ShuffleBlockFetcherIterator: Started 0 remote fetches in 1 ms
20/07/22 15:41:27 INFO Executor: Finished task 69.0 in stage 4.0 (TID 73). 3586 bytes result sent to driver
20/07/22 15:41:27 INFO TaskSetManager: Starting task 70.0 in stage 4.0 (TID 74, localhost, executor driver, partition 70, ANY, 5874 bytes)
20/07/22 15:41:27 INFO TaskSetManager: Finished task 69.0 in stage 4.0 (TID 73) in 11 ms on localhost (executor driver) (70/200)
20/07/22 15:41:27 INFO Executor: Running task 70.0 in stage 4.0 (TID 74)
20/07/22 15:41:27 INFO ShuffleBlockFetcherIterator: Getting 1 non-empty blocks out of 1 blocks
20/07/22 15:41:27 INFO ShuffleBlockFetcherIterator: Started 0 remote fetches in 0 ms
20/07/22 15:41:27 INFO Executor: Finished task 70.0 in stage 4.0 (TID 74). 3586 bytes result sent to driver
20/07/22 15:41:27 INFO TaskSetManager: Starting task 71.0 in stage 4.0 (TID 75, localhost, executor driver, partition 71, ANY, 5874 bytes)
20/07/22 15:41:27 INFO TaskSetManager: Finished task 70.0 in stage 4.0 (TID 74) in 11 ms on localhost (executor driver) (71/200)
20/07/22 15:41:27 INFO Executor: Running task 71.0 in stage 4.0 (TID 75)
20/07/22 15:41:27 INFO ShuffleBlockFetcherIterator: Getting 1 non-empty blocks out of 1 blocks
20/07/22 15:41:27 INFO ShuffleBlockFetcherIterator: Started 0 remote fetches in 0 ms
20/07/22 15:41:27 INFO Executor: Finished task 71.0 in stage 4.0 (TID 75). 3586 bytes result sent to driver
20/07/22 15:41:27 INFO TaskSetManager: Starting task 72.0 in stage 4.0 (TID 76, localhost, executor driver, partition 72, ANY, 5874 bytes)
20/07/22 15:41:27 INFO TaskSetManager: Finished task 71.0 in stage 4.0 (TID 75) in 11 ms on localhost (executor driver) (72/200)
20/07/22 15:41:27 INFO Executor: Running task 72.0 in stage 4.0 (TID 76)
20/07/22 15:41:27 INFO ShuffleBlockFetcherIterator: Getting 1 non-empty blocks out of 1 blocks
20/07/22 15:41:27 INFO ShuffleBlockFetcherIterator: Started 0 remote fetches in 0 ms
20/07/22 15:41:27 INFO Executor: Finished task 72.0 in stage 4.0 (TID 76). 3586 bytes result sent to driver
20/07/22 15:41:27 INFO TaskSetManager: Starting task 73.0 in stage 4.0 (TID 77, localhost, executor driver, partition 73, ANY, 5874 bytes)
20/07/22 15:41:27 INFO TaskSetManager: Finished task 72.0 in stage 4.0 (TID 76) in 11 ms on localhost (executor driver) (73/200)
20/07/22 15:41:27 INFO Executor: Running task 73.0 in stage 4.0 (TID 77)
20/07/22 15:41:27 INFO ShuffleBlockFetcherIterator: Getting 1 non-empty blocks out of 1 blocks
20/07/22 15:41:27 INFO ShuffleBlockFetcherIterator: Started 0 remote fetches in 1 ms
20/07/22 15:41:27 INFO Executor: Finished task 73.0 in stage 4.0 (TID 77). 3586 bytes result sent to driver
20/07/22 15:41:27 INFO TaskSetManager: Starting task 74.0 in stage 4.0 (TID 78, localhost, executor driver, partition 74, ANY, 5874 bytes)
20/07/22 15:41:27 INFO TaskSetManager: Finished task 73.0 in stage 4.0 (TID 77) in 13 ms on localhost (executor driver) (74/200)
20/07/22 15:41:27 INFO Executor: Running task 74.0 in stage 4.0 (TID 78)
20/07/22 15:41:27 INFO ShuffleBlockFetcherIterator: Getting 1 non-empty blocks out of 1 blocks
20/07/22 15:41:27 INFO ShuffleBlockFetcherIterator: Started 0 remote fetches in 0 ms
20/07/22 15:41:27 INFO Executor: Finished task 74.0 in stage 4.0 (TID 78). 3586 bytes result sent to driver
20/07/22 15:41:27 INFO TaskSetManager: Starting task 75.0 in stage 4.0 (TID 79, localhost, executor driver, partition 75, ANY, 5874 bytes)
20/07/22 15:41:27 INFO TaskSetManager: Finished task 74.0 in stage 4.0 (TID 78) in 18 ms on localhost (executor driver) (75/200)
20/07/22 15:41:27 INFO Executor: Running task 75.0 in stage 4.0 (TID 79)
20/07/22 15:41:27 INFO ShuffleBlockFetcherIterator: Getting 1 non-empty blocks out of 1 blocks
20/07/22 15:41:27 INFO ShuffleBlockFetcherIterator: Started 0 remote fetches in 0 ms
20/07/22 15:41:27 INFO Executor: Finished task 75.0 in stage 4.0 (TID 79). 3673 bytes result sent to driver
20/07/22 15:41:27 INFO TaskSetManager: Starting task 76.0 in stage 4.0 (TID 80, localhost, executor driver, partition 76, ANY, 5874 bytes)
20/07/22 15:41:27 INFO TaskSetManager: Finished task 75.0 in stage 4.0 (TID 79) in 20 ms on localhost (executor driver) (76/200)
20/07/22 15:41:27 INFO Executor: Running task 76.0 in stage 4.0 (TID 80)
20/07/22 15:41:27 INFO ShuffleBlockFetcherIterator: Getting 1 non-empty blocks out of 1 blocks
20/07/22 15:41:27 INFO ShuffleBlockFetcherIterator: Started 0 remote fetches in 0 ms
20/07/22 15:41:27 INFO Executor: Finished task 76.0 in stage 4.0 (TID 80). 3586 bytes result sent to driver
20/07/22 15:41:27 INFO TaskSetManager: Starting task 77.0 in stage 4.0 (TID 81, localhost, executor driver, partition 77, ANY, 5874 bytes)
20/07/22 15:41:27 INFO TaskSetManager: Finished task 76.0 in stage 4.0 (TID 80) in 13 ms on localhost (executor driver) (77/200)
20/07/22 15:41:27 INFO Executor: Running task 77.0 in stage 4.0 (TID 81)
20/07/22 15:41:27 INFO ShuffleBlockFetcherIterator: Getting 1 non-empty blocks out of 1 blocks
20/07/22 15:41:27 INFO ShuffleBlockFetcherIterator: Started 0 remote fetches in 0 ms
20/07/22 15:41:27 INFO Executor: Finished task 77.0 in stage 4.0 (TID 81). 3586 bytes result sent to driver
20/07/22 15:41:27 INFO TaskSetManager: Starting task 78.0 in stage 4.0 (TID 82, localhost, executor driver, partition 78, ANY, 5874 bytes)
20/07/22 15:41:27 INFO TaskSetManager: Finished task 77.0 in stage 4.0 (TID 81) in 12 ms on localhost (executor driver) (78/200)
20/07/22 15:41:27 INFO Executor: Running task 78.0 in stage 4.0 (TID 82)
20/07/22 15:41:27 INFO ShuffleBlockFetcherIterator: Getting 1 non-empty blocks out of 1 blocks
20/07/22 15:41:27 INFO ShuffleBlockFetcherIterator: Started 0 remote fetches in 0 ms
20/07/22 15:41:27 INFO Executor: Finished task 78.0 in stage 4.0 (TID 82). 3586 bytes result sent to driver
20/07/22 15:41:27 INFO TaskSetManager: Starting task 79.0 in stage 4.0 (TID 83, localhost, executor driver, partition 79, ANY, 5874 bytes)
20/07/22 15:41:27 INFO TaskSetManager: Finished task 78.0 in stage 4.0 (TID 82) in 22 ms on localhost (executor driver) (79/200)
20/07/22 15:41:27 INFO BlockManagerInfo: Removed broadcast_6_piece0 on 172.20.10.3:35839 in memory (size: 9.0 KB, free: 93.3 MB)
20/07/22 15:41:27 INFO Executor: Running task 79.0 in stage 4.0 (TID 83)
20/07/22 15:41:27 INFO ShuffleBlockFetcherIterator: Getting 1 non-empty blocks out of 1 blocks
20/07/22 15:41:27 INFO ShuffleBlockFetcherIterator: Started 0 remote fetches in 0 ms
20/07/22 15:41:27 INFO Executor: Finished task 79.0 in stage 4.0 (TID 83). 3586 bytes result sent to driver
20/07/22 15:41:27 INFO TaskSetManager: Starting task 80.0 in stage 4.0 (TID 84, localhost, executor driver, partition 80, ANY, 5874 bytes)
20/07/22 15:41:27 INFO TaskSetManager: Finished task 79.0 in stage 4.0 (TID 83) in 24 ms on localhost (executor driver) (80/200)
20/07/22 15:41:27 INFO Executor: Running task 80.0 in stage 4.0 (TID 84)
20/07/22 15:41:27 INFO ShuffleBlockFetcherIterator: Getting 1 non-empty blocks out of 1 blocks
20/07/22 15:41:27 INFO ShuffleBlockFetcherIterator: Started 0 remote fetches in 0 ms
20/07/22 15:41:27 INFO Executor: Finished task 80.0 in stage 4.0 (TID 84). 3586 bytes result sent to driver
20/07/22 15:41:27 INFO TaskSetManager: Starting task 81.0 in stage 4.0 (TID 85, localhost, executor driver, partition 81, ANY, 5874 bytes)
20/07/22 15:41:27 INFO TaskSetManager: Finished task 80.0 in stage 4.0 (TID 84) in 16 ms on localhost (executor driver) (81/200)
20/07/22 15:41:27 INFO Executor: Running task 81.0 in stage 4.0 (TID 85)
20/07/22 15:41:27 INFO ShuffleBlockFetcherIterator: Getting 1 non-empty blocks out of 1 blocks
20/07/22 15:41:27 INFO ShuffleBlockFetcherIterator: Started 0 remote fetches in 0 ms
20/07/22 15:41:27 INFO Executor: Finished task 81.0 in stage 4.0 (TID 85). 3586 bytes result sent to driver
20/07/22 15:41:27 INFO TaskSetManager: Starting task 82.0 in stage 4.0 (TID 86, localhost, executor driver, partition 82, ANY, 5874 bytes)
20/07/22 15:41:27 INFO TaskSetManager: Finished task 81.0 in stage 4.0 (TID 85) in 11 ms on localhost (executor driver) (82/200)
20/07/22 15:41:27 INFO Executor: Running task 82.0 in stage 4.0 (TID 86)
20/07/22 15:41:27 INFO ShuffleBlockFetcherIterator: Getting 1 non-empty blocks out of 1 blocks
20/07/22 15:41:27 INFO ShuffleBlockFetcherIterator: Started 0 remote fetches in 0 ms
20/07/22 15:41:27 INFO Executor: Finished task 82.0 in stage 4.0 (TID 86). 3586 bytes result sent to driver
20/07/22 15:41:27 INFO TaskSetManager: Starting task 83.0 in stage 4.0 (TID 87, localhost, executor driver, partition 83, ANY, 5874 bytes)
20/07/22 15:41:27 INFO TaskSetManager: Finished task 82.0 in stage 4.0 (TID 86) in 11 ms on localhost (executor driver) (83/200)
20/07/22 15:41:27 INFO Executor: Running task 83.0 in stage 4.0 (TID 87)
20/07/22 15:41:27 INFO ShuffleBlockFetcherIterator: Getting 1 non-empty blocks out of 1 blocks
20/07/22 15:41:27 INFO ShuffleBlockFetcherIterator: Started 0 remote fetches in 0 ms
20/07/22 15:41:27 INFO Executor: Finished task 83.0 in stage 4.0 (TID 87). 3586 bytes result sent to driver
20/07/22 15:41:27 INFO TaskSetManager: Starting task 84.0 in stage 4.0 (TID 88, localhost, executor driver, partition 84, ANY, 5874 bytes)
20/07/22 15:41:27 INFO TaskSetManager: Finished task 83.0 in stage 4.0 (TID 87) in 10 ms on localhost (executor driver) (84/200)
20/07/22 15:41:27 INFO Executor: Running task 84.0 in stage 4.0 (TID 88)
20/07/22 15:41:27 INFO ShuffleBlockFetcherIterator: Getting 1 non-empty blocks out of 1 blocks
20/07/22 15:41:27 INFO ShuffleBlockFetcherIterator: Started 0 remote fetches in 1 ms
20/07/22 15:41:27 INFO Executor: Finished task 84.0 in stage 4.0 (TID 88). 3586 bytes result sent to driver
20/07/22 15:41:27 INFO TaskSetManager: Starting task 85.0 in stage 4.0 (TID 89, localhost, executor driver, partition 85, ANY, 5874 bytes)
20/07/22 15:41:27 INFO TaskSetManager: Finished task 84.0 in stage 4.0 (TID 88) in 10 ms on localhost (executor driver) (85/200)
20/07/22 15:41:27 INFO Executor: Running task 85.0 in stage 4.0 (TID 89)
20/07/22 15:41:27 INFO ShuffleBlockFetcherIterator: Getting 1 non-empty blocks out of 1 blocks
20/07/22 15:41:27 INFO ShuffleBlockFetcherIterator: Started 0 remote fetches in 0 ms
20/07/22 15:41:27 INFO Executor: Finished task 85.0 in stage 4.0 (TID 89). 3586 bytes result sent to driver
20/07/22 15:41:27 INFO TaskSetManager: Starting task 86.0 in stage 4.0 (TID 90, localhost, executor driver, partition 86, ANY, 5874 bytes)
20/07/22 15:41:27 INFO Executor: Running task 86.0 in stage 4.0 (TID 90)
20/07/22 15:41:27 INFO TaskSetManager: Finished task 85.0 in stage 4.0 (TID 89) in 20 ms on localhost (executor driver) (86/200)
20/07/22 15:41:27 INFO ShuffleBlockFetcherIterator: Getting 1 non-empty blocks out of 1 blocks
20/07/22 15:41:27 INFO ShuffleBlockFetcherIterator: Started 0 remote fetches in 0 ms
20/07/22 15:41:27 INFO Executor: Finished task 86.0 in stage 4.0 (TID 90). 3586 bytes result sent to driver
20/07/22 15:41:27 INFO TaskSetManager: Starting task 87.0 in stage 4.0 (TID 91, localhost, executor driver, partition 87, ANY, 5874 bytes)
20/07/22 15:41:27 INFO TaskSetManager: Finished task 86.0 in stage 4.0 (TID 90) in 12 ms on localhost (executor driver) (87/200)
20/07/22 15:41:27 INFO Executor: Running task 87.0 in stage 4.0 (TID 91)
20/07/22 15:41:27 INFO ShuffleBlockFetcherIterator: Getting 1 non-empty blocks out of 1 blocks
20/07/22 15:41:27 INFO ShuffleBlockFetcherIterator: Started 0 remote fetches in 1 ms
20/07/22 15:41:27 INFO Executor: Finished task 87.0 in stage 4.0 (TID 91). 3586 bytes result sent to driver
20/07/22 15:41:27 INFO TaskSetManager: Starting task 88.0 in stage 4.0 (TID 92, localhost, executor driver, partition 88, ANY, 5874 bytes)
20/07/22 15:41:27 INFO TaskSetManager: Finished task 87.0 in stage 4.0 (TID 91) in 13 ms on localhost (executor driver) (88/200)
20/07/22 15:41:27 INFO Executor: Running task 88.0 in stage 4.0 (TID 92)
20/07/22 15:41:27 INFO ShuffleBlockFetcherIterator: Getting 1 non-empty blocks out of 1 blocks
20/07/22 15:41:27 INFO ShuffleBlockFetcherIterator: Started 0 remote fetches in 0 ms
20/07/22 15:41:27 INFO Executor: Finished task 88.0 in stage 4.0 (TID 92). 3586 bytes result sent to driver
20/07/22 15:41:27 INFO TaskSetManager: Starting task 89.0 in stage 4.0 (TID 93, localhost, executor driver, partition 89, ANY, 5874 bytes)
20/07/22 15:41:27 INFO TaskSetManager: Finished task 88.0 in stage 4.0 (TID 92) in 20 ms on localhost (executor driver) (89/200)
20/07/22 15:41:27 INFO Executor: Running task 89.0 in stage 4.0 (TID 93)
20/07/22 15:41:27 INFO ShuffleBlockFetcherIterator: Getting 1 non-empty blocks out of 1 blocks
20/07/22 15:41:27 INFO ShuffleBlockFetcherIterator: Started 0 remote fetches in 1 ms
20/07/22 15:41:27 INFO Executor: Finished task 89.0 in stage 4.0 (TID 93). 3586 bytes result sent to driver
20/07/22 15:41:27 INFO TaskSetManager: Starting task 90.0 in stage 4.0 (TID 94, localhost, executor driver, partition 90, ANY, 5874 bytes)
20/07/22 15:41:27 INFO TaskSetManager: Finished task 89.0 in stage 4.0 (TID 93) in 14 ms on localhost (executor driver) (90/200)
20/07/22 15:41:27 INFO Executor: Running task 90.0 in stage 4.0 (TID 94)
20/07/22 15:41:27 INFO ShuffleBlockFetcherIterator: Getting 1 non-empty blocks out of 1 blocks
20/07/22 15:41:27 INFO ShuffleBlockFetcherIterator: Started 0 remote fetches in 0 ms
20/07/22 15:41:27 INFO Executor: Finished task 90.0 in stage 4.0 (TID 94). 3673 bytes result sent to driver
20/07/22 15:41:27 INFO TaskSetManager: Starting task 91.0 in stage 4.0 (TID 95, localhost, executor driver, partition 91, ANY, 5874 bytes)
20/07/22 15:41:27 INFO TaskSetManager: Finished task 90.0 in stage 4.0 (TID 94) in 12 ms on localhost (executor driver) (91/200)
20/07/22 15:41:27 INFO Executor: Running task 91.0 in stage 4.0 (TID 95)
20/07/22 15:41:27 INFO ShuffleBlockFetcherIterator: Getting 1 non-empty blocks out of 1 blocks
20/07/22 15:41:27 INFO ShuffleBlockFetcherIterator: Started 0 remote fetches in 0 ms
20/07/22 15:41:27 INFO Executor: Finished task 91.0 in stage 4.0 (TID 95). 3586 bytes result sent to driver
20/07/22 15:41:27 INFO TaskSetManager: Starting task 92.0 in stage 4.0 (TID 96, localhost, executor driver, partition 92, ANY, 5874 bytes)
20/07/22 15:41:27 INFO TaskSetManager: Finished task 91.0 in stage 4.0 (TID 95) in 16 ms on localhost (executor driver) (92/200)
20/07/22 15:41:27 INFO Executor: Running task 92.0 in stage 4.0 (TID 96)
20/07/22 15:41:27 INFO ShuffleBlockFetcherIterator: Getting 1 non-empty blocks out of 1 blocks
20/07/22 15:41:27 INFO ShuffleBlockFetcherIterator: Started 0 remote fetches in 0 ms
20/07/22 15:41:27 INFO Executor: Finished task 92.0 in stage 4.0 (TID 96). 3586 bytes result sent to driver
20/07/22 15:41:27 INFO TaskSetManager: Starting task 93.0 in stage 4.0 (TID 97, localhost, executor driver, partition 93, ANY, 5874 bytes)
20/07/22 15:41:27 INFO TaskSetManager: Finished task 92.0 in stage 4.0 (TID 96) in 12 ms on localhost (executor driver) (93/200)
20/07/22 15:41:27 INFO Executor: Running task 93.0 in stage 4.0 (TID 97)
20/07/22 15:41:27 INFO ShuffleBlockFetcherIterator: Getting 1 non-empty blocks out of 1 blocks
20/07/22 15:41:27 INFO ShuffleBlockFetcherIterator: Started 0 remote fetches in 0 ms
20/07/22 15:41:27 INFO Executor: Finished task 93.0 in stage 4.0 (TID 97). 3586 bytes result sent to driver
20/07/22 15:41:27 INFO TaskSetManager: Starting task 94.0 in stage 4.0 (TID 98, localhost, executor driver, partition 94, ANY, 5874 bytes)
20/07/22 15:41:27 INFO TaskSetManager: Finished task 93.0 in stage 4.0 (TID 97) in 10 ms on localhost (executor driver) (94/200)
20/07/22 15:41:27 INFO Executor: Running task 94.0 in stage 4.0 (TID 98)
20/07/22 15:41:27 INFO ShuffleBlockFetcherIterator: Getting 1 non-empty blocks out of 1 blocks
20/07/22 15:41:27 INFO ShuffleBlockFetcherIterator: Started 0 remote fetches in 0 ms
20/07/22 15:41:27 INFO Executor: Finished task 94.0 in stage 4.0 (TID 98). 3586 bytes result sent to driver
20/07/22 15:41:27 INFO TaskSetManager: Starting task 95.0 in stage 4.0 (TID 99, localhost, executor driver, partition 95, ANY, 5874 bytes)
20/07/22 15:41:27 INFO Executor: Running task 95.0 in stage 4.0 (TID 99)
20/07/22 15:41:27 INFO TaskSetManager: Finished task 94.0 in stage 4.0 (TID 98) in 17 ms on localhost (executor driver) (95/200)
20/07/22 15:41:27 INFO ShuffleBlockFetcherIterator: Getting 1 non-empty blocks out of 1 blocks
20/07/22 15:41:27 INFO ShuffleBlockFetcherIterator: Started 0 remote fetches in 0 ms
20/07/22 15:41:27 INFO Executor: Finished task 95.0 in stage 4.0 (TID 99). 3586 bytes result sent to driver
20/07/22 15:41:27 INFO TaskSetManager: Starting task 96.0 in stage 4.0 (TID 100, localhost, executor driver, partition 96, ANY, 5874 bytes)
20/07/22 15:41:27 INFO TaskSetManager: Finished task 95.0 in stage 4.0 (TID 99) in 14 ms on localhost (executor driver) (96/200)
20/07/22 15:41:27 INFO Executor: Running task 96.0 in stage 4.0 (TID 100)
20/07/22 15:41:27 INFO ShuffleBlockFetcherIterator: Getting 1 non-empty blocks out of 1 blocks
20/07/22 15:41:27 INFO ShuffleBlockFetcherIterator: Started 0 remote fetches in 0 ms
20/07/22 15:41:27 INFO Executor: Finished task 96.0 in stage 4.0 (TID 100). 3586 bytes result sent to driver
20/07/22 15:41:27 INFO TaskSetManager: Starting task 97.0 in stage 4.0 (TID 101, localhost, executor driver, partition 97, ANY, 5874 bytes)
20/07/22 15:41:27 INFO TaskSetManager: Finished task 96.0 in stage 4.0 (TID 100) in 11 ms on localhost (executor driver) (97/200)
20/07/22 15:41:27 INFO Executor: Running task 97.0 in stage 4.0 (TID 101)
20/07/22 15:41:27 INFO ShuffleBlockFetcherIterator: Getting 1 non-empty blocks out of 1 blocks
20/07/22 15:41:27 INFO ShuffleBlockFetcherIterator: Started 0 remote fetches in 0 ms
20/07/22 15:41:27 INFO Executor: Finished task 97.0 in stage 4.0 (TID 101). 3586 bytes result sent to driver
20/07/22 15:41:27 INFO TaskSetManager: Starting task 98.0 in stage 4.0 (TID 102, localhost, executor driver, partition 98, ANY, 5874 bytes)
20/07/22 15:41:27 INFO TaskSetManager: Finished task 97.0 in stage 4.0 (TID 101) in 12 ms on localhost (executor driver) (98/200)
20/07/22 15:41:27 INFO Executor: Running task 98.0 in stage 4.0 (TID 102)
20/07/22 15:41:27 INFO ShuffleBlockFetcherIterator: Getting 1 non-empty blocks out of 1 blocks
20/07/22 15:41:27 INFO ShuffleBlockFetcherIterator: Started 0 remote fetches in 0 ms
20/07/22 15:41:27 INFO Executor: Finished task 98.0 in stage 4.0 (TID 102). 3586 bytes result sent to driver
20/07/22 15:41:27 INFO TaskSetManager: Starting task 99.0 in stage 4.0 (TID 103, localhost, executor driver, partition 99, ANY, 5874 bytes)
20/07/22 15:41:27 INFO TaskSetManager: Finished task 98.0 in stage 4.0 (TID 102) in 10 ms on localhost (executor driver) (99/200)
20/07/22 15:41:27 INFO Executor: Running task 99.0 in stage 4.0 (TID 103)
20/07/22 15:41:27 INFO ShuffleBlockFetcherIterator: Getting 1 non-empty blocks out of 1 blocks
20/07/22 15:41:27 INFO ShuffleBlockFetcherIterator: Started 0 remote fetches in 1 ms
20/07/22 15:41:27 INFO Executor: Finished task 99.0 in stage 4.0 (TID 103). 3586 bytes result sent to driver
20/07/22 15:41:27 INFO TaskSetManager: Starting task 100.0 in stage 4.0 (TID 104, localhost, executor driver, partition 100, ANY, 5874 bytes)
20/07/22 15:41:27 INFO TaskSetManager: Finished task 99.0 in stage 4.0 (TID 103) in 13 ms on localhost (executor driver) (100/200)
20/07/22 15:41:27 INFO Executor: Running task 100.0 in stage 4.0 (TID 104)
20/07/22 15:41:27 INFO ShuffleBlockFetcherIterator: Getting 1 non-empty blocks out of 1 blocks
20/07/22 15:41:27 INFO ShuffleBlockFetcherIterator: Started 0 remote fetches in 0 ms
20/07/22 15:41:27 INFO Executor: Finished task 100.0 in stage 4.0 (TID 104). 3586 bytes result sent to driver
20/07/22 15:41:27 INFO TaskSetManager: Starting task 101.0 in stage 4.0 (TID 105, localhost, executor driver, partition 101, ANY, 5874 bytes)
20/07/22 15:41:27 INFO TaskSetManager: Finished task 100.0 in stage 4.0 (TID 104) in 13 ms on localhost (executor driver) (101/200)
20/07/22 15:41:27 INFO Executor: Running task 101.0 in stage 4.0 (TID 105)
20/07/22 15:41:27 INFO ShuffleBlockFetcherIterator: Getting 1 non-empty blocks out of 1 blocks
20/07/22 15:41:27 INFO ShuffleBlockFetcherIterator: Started 0 remote fetches in 0 ms
20/07/22 15:41:27 INFO Executor: Finished task 101.0 in stage 4.0 (TID 105). 3586 bytes result sent to driver
20/07/22 15:41:27 INFO TaskSetManager: Starting task 102.0 in stage 4.0 (TID 106, localhost, executor driver, partition 102, ANY, 5874 bytes)
20/07/22 15:41:27 INFO TaskSetManager: Finished task 101.0 in stage 4.0 (TID 105) in 16 ms on localhost (executor driver) (102/200)
20/07/22 15:41:27 INFO Executor: Running task 102.0 in stage 4.0 (TID 106)
20/07/22 15:41:27 INFO ShuffleBlockFetcherIterator: Getting 1 non-empty blocks out of 1 blocks
20/07/22 15:41:27 INFO ShuffleBlockFetcherIterator: Started 0 remote fetches in 0 ms
20/07/22 15:41:27 INFO Executor: Finished task 102.0 in stage 4.0 (TID 106). 3586 bytes result sent to driver
20/07/22 15:41:27 INFO TaskSetManager: Starting task 103.0 in stage 4.0 (TID 107, localhost, executor driver, partition 103, ANY, 5874 bytes)
20/07/22 15:41:27 INFO Executor: Running task 103.0 in stage 4.0 (TID 107)
20/07/22 15:41:27 INFO TaskSetManager: Finished task 102.0 in stage 4.0 (TID 106) in 14 ms on localhost (executor driver) (103/200)
20/07/22 15:41:27 INFO ShuffleBlockFetcherIterator: Getting 1 non-empty blocks out of 1 blocks
20/07/22 15:41:27 INFO ShuffleBlockFetcherIterator: Started 0 remote fetches in 0 ms
20/07/22 15:41:27 INFO Executor: Finished task 103.0 in stage 4.0 (TID 107). 3586 bytes result sent to driver
20/07/22 15:41:27 INFO TaskSetManager: Starting task 104.0 in stage 4.0 (TID 108, localhost, executor driver, partition 104, ANY, 5874 bytes)
20/07/22 15:41:27 INFO TaskSetManager: Finished task 103.0 in stage 4.0 (TID 107) in 10 ms on localhost (executor driver) (104/200)
20/07/22 15:41:27 INFO Executor: Running task 104.0 in stage 4.0 (TID 108)
20/07/22 15:41:27 INFO ShuffleBlockFetcherIterator: Getting 1 non-empty blocks out of 1 blocks
20/07/22 15:41:27 INFO ShuffleBlockFetcherIterator: Started 0 remote fetches in 0 ms
20/07/22 15:41:27 INFO Executor: Finished task 104.0 in stage 4.0 (TID 108). 3586 bytes result sent to driver
20/07/22 15:41:27 INFO TaskSetManager: Starting task 105.0 in stage 4.0 (TID 109, localhost, executor driver, partition 105, ANY, 5874 bytes)
20/07/22 15:41:27 INFO TaskSetManager: Finished task 104.0 in stage 4.0 (TID 108) in 11 ms on localhost (executor driver) (105/200)
20/07/22 15:41:27 INFO Executor: Running task 105.0 in stage 4.0 (TID 109)
20/07/22 15:41:27 INFO ShuffleBlockFetcherIterator: Getting 1 non-empty blocks out of 1 blocks
20/07/22 15:41:27 INFO ShuffleBlockFetcherIterator: Started 0 remote fetches in 0 ms
20/07/22 15:41:27 INFO Executor: Finished task 105.0 in stage 4.0 (TID 109). 3586 bytes result sent to driver
20/07/22 15:41:27 INFO TaskSetManager: Starting task 106.0 in stage 4.0 (TID 110, localhost, executor driver, partition 106, ANY, 5874 bytes)
20/07/22 15:41:27 INFO Executor: Running task 106.0 in stage 4.0 (TID 110)
20/07/22 15:41:27 INFO TaskSetManager: Finished task 105.0 in stage 4.0 (TID 109) in 11 ms on localhost (executor driver) (106/200)
20/07/22 15:41:27 INFO ShuffleBlockFetcherIterator: Getting 1 non-empty blocks out of 1 blocks
20/07/22 15:41:27 INFO ShuffleBlockFetcherIterator: Started 0 remote fetches in 0 ms
20/07/22 15:41:27 INFO Executor: Finished task 106.0 in stage 4.0 (TID 110). 3586 bytes result sent to driver
20/07/22 15:41:27 INFO TaskSetManager: Starting task 107.0 in stage 4.0 (TID 111, localhost, executor driver, partition 107, ANY, 5874 bytes)
20/07/22 15:41:27 INFO TaskSetManager: Finished task 106.0 in stage 4.0 (TID 110) in 11 ms on localhost (executor driver) (107/200)
20/07/22 15:41:27 INFO Executor: Running task 107.0 in stage 4.0 (TID 111)
20/07/22 15:41:27 INFO ShuffleBlockFetcherIterator: Getting 1 non-empty blocks out of 1 blocks
20/07/22 15:41:27 INFO ShuffleBlockFetcherIterator: Started 0 remote fetches in 1 ms
20/07/22 15:41:27 INFO Executor: Finished task 107.0 in stage 4.0 (TID 111). 3586 bytes result sent to driver
20/07/22 15:41:27 INFO TaskSetManager: Starting task 108.0 in stage 4.0 (TID 112, localhost, executor driver, partition 108, ANY, 5874 bytes)
20/07/22 15:41:27 INFO TaskSetManager: Finished task 107.0 in stage 4.0 (TID 111) in 11 ms on localhost (executor driver) (108/200)
20/07/22 15:41:27 INFO Executor: Running task 108.0 in stage 4.0 (TID 112)
20/07/22 15:41:27 INFO ShuffleBlockFetcherIterator: Getting 1 non-empty blocks out of 1 blocks
20/07/22 15:41:27 INFO ShuffleBlockFetcherIterator: Started 0 remote fetches in 0 ms
20/07/22 15:41:27 INFO Executor: Finished task 108.0 in stage 4.0 (TID 112). 3586 bytes result sent to driver
20/07/22 15:41:27 INFO TaskSetManager: Starting task 109.0 in stage 4.0 (TID 113, localhost, executor driver, partition 109, ANY, 5874 bytes)
20/07/22 15:41:27 INFO TaskSetManager: Finished task 108.0 in stage 4.0 (TID 112) in 14 ms on localhost (executor driver) (109/200)
20/07/22 15:41:27 INFO Executor: Running task 109.0 in stage 4.0 (TID 113)
20/07/22 15:41:27 INFO ShuffleBlockFetcherIterator: Getting 1 non-empty blocks out of 1 blocks
20/07/22 15:41:27 INFO ShuffleBlockFetcherIterator: Started 0 remote fetches in 1 ms
20/07/22 15:41:27 INFO Executor: Finished task 109.0 in stage 4.0 (TID 113). 3586 bytes result sent to driver
20/07/22 15:41:27 INFO TaskSetManager: Starting task 110.0 in stage 4.0 (TID 114, localhost, executor driver, partition 110, ANY, 5874 bytes)
20/07/22 15:41:27 INFO TaskSetManager: Finished task 109.0 in stage 4.0 (TID 113) in 10 ms on localhost (executor driver) (110/200)
20/07/22 15:41:27 INFO Executor: Running task 110.0 in stage 4.0 (TID 114)
20/07/22 15:41:27 INFO ShuffleBlockFetcherIterator: Getting 1 non-empty blocks out of 1 blocks
20/07/22 15:41:27 INFO ShuffleBlockFetcherIterator: Started 0 remote fetches in 0 ms
20/07/22 15:41:27 INFO Executor: Finished task 110.0 in stage 4.0 (TID 114). 3586 bytes result sent to driver
20/07/22 15:41:27 INFO TaskSetManager: Starting task 111.0 in stage 4.0 (TID 115, localhost, executor driver, partition 111, ANY, 5874 bytes)
20/07/22 15:41:27 INFO TaskSetManager: Finished task 110.0 in stage 4.0 (TID 114) in 8 ms on localhost (executor driver) (111/200)
20/07/22 15:41:27 INFO Executor: Running task 111.0 in stage 4.0 (TID 115)
20/07/22 15:41:27 INFO ShuffleBlockFetcherIterator: Getting 1 non-empty blocks out of 1 blocks
20/07/22 15:41:27 INFO ShuffleBlockFetcherIterator: Started 0 remote fetches in 0 ms
20/07/22 15:41:27 INFO Executor: Finished task 111.0 in stage 4.0 (TID 115). 3586 bytes result sent to driver
20/07/22 15:41:27 INFO TaskSetManager: Starting task 112.0 in stage 4.0 (TID 116, localhost, executor driver, partition 112, ANY, 5874 bytes)
20/07/22 15:41:27 INFO TaskSetManager: Finished task 111.0 in stage 4.0 (TID 115) in 9 ms on localhost (executor driver) (112/200)
20/07/22 15:41:27 INFO Executor: Running task 112.0 in stage 4.0 (TID 116)
20/07/22 15:41:27 INFO ShuffleBlockFetcherIterator: Getting 1 non-empty blocks out of 1 blocks
20/07/22 15:41:27 INFO ShuffleBlockFetcherIterator: Started 0 remote fetches in 0 ms
20/07/22 15:41:27 INFO Executor: Finished task 112.0 in stage 4.0 (TID 116). 3586 bytes result sent to driver
20/07/22 15:41:27 INFO TaskSetManager: Starting task 113.0 in stage 4.0 (TID 117, localhost, executor driver, partition 113, ANY, 5874 bytes)
20/07/22 15:41:27 INFO TaskSetManager: Finished task 112.0 in stage 4.0 (TID 116) in 8 ms on localhost (executor driver) (113/200)
20/07/22 15:41:27 INFO Executor: Running task 113.0 in stage 4.0 (TID 117)
20/07/22 15:41:27 INFO ShuffleBlockFetcherIterator: Getting 1 non-empty blocks out of 1 blocks
20/07/22 15:41:27 INFO ShuffleBlockFetcherIterator: Started 0 remote fetches in 0 ms
20/07/22 15:41:27 INFO Executor: Finished task 113.0 in stage 4.0 (TID 117). 3586 bytes result sent to driver
20/07/22 15:41:27 INFO TaskSetManager: Starting task 114.0 in stage 4.0 (TID 118, localhost, executor driver, partition 114, ANY, 5874 bytes)
20/07/22 15:41:27 INFO TaskSetManager: Finished task 113.0 in stage 4.0 (TID 117) in 9 ms on localhost (executor driver) (114/200)
20/07/22 15:41:27 INFO Executor: Running task 114.0 in stage 4.0 (TID 118)
20/07/22 15:41:27 INFO ShuffleBlockFetcherIterator: Getting 1 non-empty blocks out of 1 blocks
20/07/22 15:41:27 INFO ShuffleBlockFetcherIterator: Started 0 remote fetches in 1 ms
20/07/22 15:41:27 INFO Executor: Finished task 114.0 in stage 4.0 (TID 118). 3586 bytes result sent to driver
20/07/22 15:41:27 INFO TaskSetManager: Starting task 115.0 in stage 4.0 (TID 119, localhost, executor driver, partition 115, ANY, 5874 bytes)
20/07/22 15:41:27 INFO TaskSetManager: Finished task 114.0 in stage 4.0 (TID 118) in 8 ms on localhost (executor driver) (115/200)
20/07/22 15:41:27 INFO Executor: Running task 115.0 in stage 4.0 (TID 119)
20/07/22 15:41:27 INFO ShuffleBlockFetcherIterator: Getting 1 non-empty blocks out of 1 blocks
20/07/22 15:41:27 INFO ShuffleBlockFetcherIterator: Started 0 remote fetches in 0 ms
20/07/22 15:41:27 INFO Executor: Finished task 115.0 in stage 4.0 (TID 119). 3586 bytes result sent to driver
20/07/22 15:41:27 INFO TaskSetManager: Starting task 116.0 in stage 4.0 (TID 120, localhost, executor driver, partition 116, ANY, 5874 bytes)
20/07/22 15:41:27 INFO Executor: Running task 116.0 in stage 4.0 (TID 120)
20/07/22 15:41:27 INFO TaskSetManager: Finished task 115.0 in stage 4.0 (TID 119) in 11 ms on localhost (executor driver) (116/200)
20/07/22 15:41:27 INFO ShuffleBlockFetcherIterator: Getting 1 non-empty blocks out of 1 blocks
20/07/22 15:41:27 INFO ShuffleBlockFetcherIterator: Started 0 remote fetches in 0 ms
20/07/22 15:41:27 INFO Executor: Finished task 116.0 in stage 4.0 (TID 120). 3673 bytes result sent to driver
20/07/22 15:41:27 INFO TaskSetManager: Starting task 117.0 in stage 4.0 (TID 121, localhost, executor driver, partition 117, ANY, 5874 bytes)
20/07/22 15:41:27 INFO Executor: Running task 117.0 in stage 4.0 (TID 121)
20/07/22 15:41:27 INFO TaskSetManager: Finished task 116.0 in stage 4.0 (TID 120) in 10 ms on localhost (executor driver) (117/200)
20/07/22 15:41:27 INFO ShuffleBlockFetcherIterator: Getting 1 non-empty blocks out of 1 blocks
20/07/22 15:41:27 INFO ShuffleBlockFetcherIterator: Started 0 remote fetches in 0 ms
20/07/22 15:41:27 INFO Executor: Finished task 117.0 in stage 4.0 (TID 121). 3586 bytes result sent to driver
20/07/22 15:41:27 INFO TaskSetManager: Starting task 118.0 in stage 4.0 (TID 122, localhost, executor driver, partition 118, ANY, 5874 bytes)
20/07/22 15:41:27 INFO Executor: Running task 118.0 in stage 4.0 (TID 122)
20/07/22 15:41:27 INFO TaskSetManager: Finished task 117.0 in stage 4.0 (TID 121) in 10 ms on localhost (executor driver) (118/200)
20/07/22 15:41:27 INFO ShuffleBlockFetcherIterator: Getting 1 non-empty blocks out of 1 blocks
20/07/22 15:41:27 INFO ShuffleBlockFetcherIterator: Started 0 remote fetches in 0 ms
20/07/22 15:41:27 INFO Executor: Finished task 118.0 in stage 4.0 (TID 122). 3586 bytes result sent to driver
20/07/22 15:41:27 INFO TaskSetManager: Starting task 119.0 in stage 4.0 (TID 123, localhost, executor driver, partition 119, ANY, 5874 bytes)
20/07/22 15:41:27 INFO TaskSetManager: Finished task 118.0 in stage 4.0 (TID 122) in 8 ms on localhost (executor driver) (119/200)
20/07/22 15:41:27 INFO Executor: Running task 119.0 in stage 4.0 (TID 123)
20/07/22 15:41:27 INFO ShuffleBlockFetcherIterator: Getting 1 non-empty blocks out of 1 blocks
20/07/22 15:41:27 INFO ShuffleBlockFetcherIterator: Started 0 remote fetches in 1 ms
20/07/22 15:41:27 INFO Executor: Finished task 119.0 in stage 4.0 (TID 123). 3586 bytes result sent to driver
20/07/22 15:41:27 INFO TaskSetManager: Starting task 120.0 in stage 4.0 (TID 124, localhost, executor driver, partition 120, ANY, 5874 bytes)
20/07/22 15:41:27 INFO TaskSetManager: Finished task 119.0 in stage 4.0 (TID 123) in 19 ms on localhost (executor driver) (120/200)
20/07/22 15:41:27 INFO Executor: Running task 120.0 in stage 4.0 (TID 124)
20/07/22 15:41:27 INFO ShuffleBlockFetcherIterator: Getting 1 non-empty blocks out of 1 blocks
20/07/22 15:41:27 INFO ShuffleBlockFetcherIterator: Started 0 remote fetches in 0 ms
20/07/22 15:41:27 INFO Executor: Finished task 120.0 in stage 4.0 (TID 124). 3586 bytes result sent to driver
20/07/22 15:41:27 INFO TaskSetManager: Starting task 121.0 in stage 4.0 (TID 125, localhost, executor driver, partition 121, ANY, 5874 bytes)
20/07/22 15:41:27 INFO TaskSetManager: Finished task 120.0 in stage 4.0 (TID 124) in 9 ms on localhost (executor driver) (121/200)
20/07/22 15:41:27 INFO Executor: Running task 121.0 in stage 4.0 (TID 125)
20/07/22 15:41:27 INFO ShuffleBlockFetcherIterator: Getting 1 non-empty blocks out of 1 blocks
20/07/22 15:41:27 INFO ShuffleBlockFetcherIterator: Started 0 remote fetches in 1 ms
20/07/22 15:41:27 INFO Executor: Finished task 121.0 in stage 4.0 (TID 125). 3586 bytes result sent to driver
20/07/22 15:41:27 INFO TaskSetManager: Starting task 122.0 in stage 4.0 (TID 126, localhost, executor driver, partition 122, ANY, 5874 bytes)
20/07/22 15:41:27 INFO Executor: Running task 122.0 in stage 4.0 (TID 126)
20/07/22 15:41:27 INFO TaskSetManager: Finished task 121.0 in stage 4.0 (TID 125) in 14 ms on localhost (executor driver) (122/200)
20/07/22 15:41:27 INFO ShuffleBlockFetcherIterator: Getting 1 non-empty blocks out of 1 blocks
20/07/22 15:41:27 INFO ShuffleBlockFetcherIterator: Started 0 remote fetches in 0 ms
20/07/22 15:41:27 INFO Executor: Finished task 122.0 in stage 4.0 (TID 126). 3586 bytes result sent to driver
20/07/22 15:41:27 INFO TaskSetManager: Starting task 123.0 in stage 4.0 (TID 127, localhost, executor driver, partition 123, ANY, 5874 bytes)
20/07/22 15:41:27 INFO TaskSetManager: Finished task 122.0 in stage 4.0 (TID 126) in 11 ms on localhost (executor driver) (123/200)
20/07/22 15:41:27 INFO Executor: Running task 123.0 in stage 4.0 (TID 127)
20/07/22 15:41:27 INFO ShuffleBlockFetcherIterator: Getting 1 non-empty blocks out of 1 blocks
20/07/22 15:41:27 INFO ShuffleBlockFetcherIterator: Started 0 remote fetches in 0 ms
20/07/22 15:41:27 INFO Executor: Finished task 123.0 in stage 4.0 (TID 127). 3586 bytes result sent to driver
20/07/22 15:41:27 INFO TaskSetManager: Starting task 124.0 in stage 4.0 (TID 128, localhost, executor driver, partition 124, ANY, 5874 bytes)
20/07/22 15:41:27 INFO Executor: Running task 124.0 in stage 4.0 (TID 128)
20/07/22 15:41:27 INFO TaskSetManager: Finished task 123.0 in stage 4.0 (TID 127) in 30 ms on localhost (executor driver) (124/200)
20/07/22 15:41:27 INFO ShuffleBlockFetcherIterator: Getting 1 non-empty blocks out of 1 blocks
20/07/22 15:41:27 INFO ShuffleBlockFetcherIterator: Started 0 remote fetches in 0 ms
20/07/22 15:41:27 INFO Executor: Finished task 124.0 in stage 4.0 (TID 128). 3586 bytes result sent to driver
20/07/22 15:41:27 INFO TaskSetManager: Starting task 125.0 in stage 4.0 (TID 129, localhost, executor driver, partition 125, ANY, 5874 bytes)
20/07/22 15:41:27 INFO TaskSetManager: Finished task 124.0 in stage 4.0 (TID 128) in 13 ms on localhost (executor driver) (125/200)
20/07/22 15:41:27 INFO Executor: Running task 125.0 in stage 4.0 (TID 129)
20/07/22 15:41:27 INFO ShuffleBlockFetcherIterator: Getting 1 non-empty blocks out of 1 blocks
20/07/22 15:41:27 INFO ShuffleBlockFetcherIterator: Started 0 remote fetches in 1 ms
20/07/22 15:41:27 INFO Executor: Finished task 125.0 in stage 4.0 (TID 129). 3586 bytes result sent to driver
20/07/22 15:41:27 INFO TaskSetManager: Starting task 126.0 in stage 4.0 (TID 130, localhost, executor driver, partition 126, ANY, 5874 bytes)
20/07/22 15:41:27 INFO TaskSetManager: Finished task 125.0 in stage 4.0 (TID 129) in 13 ms on localhost (executor driver) (126/200)
20/07/22 15:41:27 INFO Executor: Running task 126.0 in stage 4.0 (TID 130)
20/07/22 15:41:27 INFO ShuffleBlockFetcherIterator: Getting 1 non-empty blocks out of 1 blocks
20/07/22 15:41:27 INFO ShuffleBlockFetcherIterator: Started 0 remote fetches in 0 ms
20/07/22 15:41:27 INFO Executor: Finished task 126.0 in stage 4.0 (TID 130). 3586 bytes result sent to driver
20/07/22 15:41:27 INFO TaskSetManager: Starting task 127.0 in stage 4.0 (TID 131, localhost, executor driver, partition 127, ANY, 5874 bytes)
20/07/22 15:41:27 INFO Executor: Running task 127.0 in stage 4.0 (TID 131)
20/07/22 15:41:27 INFO TaskSetManager: Finished task 126.0 in stage 4.0 (TID 130) in 11 ms on localhost (executor driver) (127/200)
20/07/22 15:41:27 INFO ShuffleBlockFetcherIterator: Getting 1 non-empty blocks out of 1 blocks
20/07/22 15:41:27 INFO ShuffleBlockFetcherIterator: Started 0 remote fetches in 1 ms
20/07/22 15:41:27 INFO Executor: Finished task 127.0 in stage 4.0 (TID 131). 3586 bytes result sent to driver
20/07/22 15:41:27 INFO TaskSetManager: Starting task 128.0 in stage 4.0 (TID 132, localhost, executor driver, partition 128, ANY, 5874 bytes)
20/07/22 15:41:27 INFO Executor: Running task 128.0 in stage 4.0 (TID 132)
20/07/22 15:41:27 INFO TaskSetManager: Finished task 127.0 in stage 4.0 (TID 131) in 13 ms on localhost (executor driver) (128/200)
20/07/22 15:41:27 INFO ShuffleBlockFetcherIterator: Getting 1 non-empty blocks out of 1 blocks
20/07/22 15:41:27 INFO ShuffleBlockFetcherIterator: Started 0 remote fetches in 0 ms
20/07/22 15:41:27 INFO Executor: Finished task 128.0 in stage 4.0 (TID 132). 3586 bytes result sent to driver
20/07/22 15:41:27 INFO TaskSetManager: Starting task 129.0 in stage 4.0 (TID 133, localhost, executor driver, partition 129, ANY, 5874 bytes)
20/07/22 15:41:27 INFO TaskSetManager: Finished task 128.0 in stage 4.0 (TID 132) in 10 ms on localhost (executor driver) (129/200)
20/07/22 15:41:27 INFO Executor: Running task 129.0 in stage 4.0 (TID 133)
20/07/22 15:41:27 INFO ShuffleBlockFetcherIterator: Getting 1 non-empty blocks out of 1 blocks
20/07/22 15:41:27 INFO ShuffleBlockFetcherIterator: Started 0 remote fetches in 0 ms
20/07/22 15:41:27 INFO Executor: Finished task 129.0 in stage 4.0 (TID 133). 3586 bytes result sent to driver
20/07/22 15:41:27 INFO TaskSetManager: Starting task 130.0 in stage 4.0 (TID 134, localhost, executor driver, partition 130, ANY, 5874 bytes)
20/07/22 15:41:27 INFO TaskSetManager: Finished task 129.0 in stage 4.0 (TID 133) in 10 ms on localhost (executor driver) (130/200)
20/07/22 15:41:27 INFO Executor: Running task 130.0 in stage 4.0 (TID 134)
20/07/22 15:41:27 INFO ShuffleBlockFetcherIterator: Getting 1 non-empty blocks out of 1 blocks
20/07/22 15:41:27 INFO ShuffleBlockFetcherIterator: Started 0 remote fetches in 0 ms
20/07/22 15:41:27 INFO Executor: Finished task 130.0 in stage 4.0 (TID 134). 3586 bytes result sent to driver
20/07/22 15:41:27 INFO TaskSetManager: Starting task 131.0 in stage 4.0 (TID 135, localhost, executor driver, partition 131, ANY, 5874 bytes)
20/07/22 15:41:27 INFO Executor: Running task 131.0 in stage 4.0 (TID 135)
20/07/22 15:41:27 INFO TaskSetManager: Finished task 130.0 in stage 4.0 (TID 134) in 10 ms on localhost (executor driver) (131/200)
20/07/22 15:41:27 INFO ShuffleBlockFetcherIterator: Getting 1 non-empty blocks out of 1 blocks
20/07/22 15:41:27 INFO ShuffleBlockFetcherIterator: Started 0 remote fetches in 0 ms
20/07/22 15:41:27 INFO Executor: Finished task 131.0 in stage 4.0 (TID 135). 3673 bytes result sent to driver
20/07/22 15:41:27 INFO TaskSetManager: Starting task 132.0 in stage 4.0 (TID 136, localhost, executor driver, partition 132, ANY, 5874 bytes)
20/07/22 15:41:27 INFO Executor: Running task 132.0 in stage 4.0 (TID 136)
20/07/22 15:41:27 INFO TaskSetManager: Finished task 131.0 in stage 4.0 (TID 135) in 11 ms on localhost (executor driver) (132/200)
20/07/22 15:41:27 INFO ShuffleBlockFetcherIterator: Getting 1 non-empty blocks out of 1 blocks
20/07/22 15:41:27 INFO ShuffleBlockFetcherIterator: Started 0 remote fetches in 0 ms
20/07/22 15:41:27 INFO Executor: Finished task 132.0 in stage 4.0 (TID 136). 3586 bytes result sent to driver
20/07/22 15:41:27 INFO TaskSetManager: Starting task 133.0 in stage 4.0 (TID 137, localhost, executor driver, partition 133, ANY, 5874 bytes)
20/07/22 15:41:27 INFO TaskSetManager: Finished task 132.0 in stage 4.0 (TID 136) in 10 ms on localhost (executor driver) (133/200)
20/07/22 15:41:27 INFO Executor: Running task 133.0 in stage 4.0 (TID 137)
20/07/22 15:41:27 INFO ShuffleBlockFetcherIterator: Getting 1 non-empty blocks out of 1 blocks
20/07/22 15:41:27 INFO ShuffleBlockFetcherIterator: Started 0 remote fetches in 0 ms
20/07/22 15:41:27 INFO Executor: Finished task 133.0 in stage 4.0 (TID 137). 3586 bytes result sent to driver
20/07/22 15:41:27 INFO TaskSetManager: Starting task 134.0 in stage 4.0 (TID 138, localhost, executor driver, partition 134, ANY, 5874 bytes)
20/07/22 15:41:27 INFO TaskSetManager: Finished task 133.0 in stage 4.0 (TID 137) in 10 ms on localhost (executor driver) (134/200)
20/07/22 15:41:27 INFO Executor: Running task 134.0 in stage 4.0 (TID 138)
20/07/22 15:41:27 INFO ShuffleBlockFetcherIterator: Getting 1 non-empty blocks out of 1 blocks
20/07/22 15:41:27 INFO ShuffleBlockFetcherIterator: Started 0 remote fetches in 1 ms
20/07/22 15:41:27 INFO Executor: Finished task 134.0 in stage 4.0 (TID 138). 3586 bytes result sent to driver
20/07/22 15:41:27 INFO TaskSetManager: Starting task 135.0 in stage 4.0 (TID 139, localhost, executor driver, partition 135, ANY, 5874 bytes)
20/07/22 15:41:27 INFO Executor: Running task 135.0 in stage 4.0 (TID 139)
20/07/22 15:41:27 INFO TaskSetManager: Finished task 134.0 in stage 4.0 (TID 138) in 12 ms on localhost (executor driver) (135/200)
20/07/22 15:41:27 INFO ShuffleBlockFetcherIterator: Getting 1 non-empty blocks out of 1 blocks
20/07/22 15:41:27 INFO ShuffleBlockFetcherIterator: Started 0 remote fetches in 0 ms
20/07/22 15:41:27 INFO Executor: Finished task 135.0 in stage 4.0 (TID 139). 3586 bytes result sent to driver
20/07/22 15:41:27 INFO TaskSetManager: Starting task 136.0 in stage 4.0 (TID 140, localhost, executor driver, partition 136, ANY, 5874 bytes)
20/07/22 15:41:27 INFO Executor: Running task 136.0 in stage 4.0 (TID 140)
20/07/22 15:41:27 INFO TaskSetManager: Finished task 135.0 in stage 4.0 (TID 139) in 10 ms on localhost (executor driver) (136/200)
20/07/22 15:41:27 INFO ShuffleBlockFetcherIterator: Getting 1 non-empty blocks out of 1 blocks
20/07/22 15:41:27 INFO ShuffleBlockFetcherIterator: Started 0 remote fetches in 0 ms
20/07/22 15:41:27 INFO Executor: Finished task 136.0 in stage 4.0 (TID 140). 3586 bytes result sent to driver
20/07/22 15:41:27 INFO TaskSetManager: Starting task 137.0 in stage 4.0 (TID 141, localhost, executor driver, partition 137, ANY, 5874 bytes)
20/07/22 15:41:27 INFO TaskSetManager: Finished task 136.0 in stage 4.0 (TID 140) in 8 ms on localhost (executor driver) (137/200)
20/07/22 15:41:27 INFO Executor: Running task 137.0 in stage 4.0 (TID 141)
20/07/22 15:41:27 INFO ShuffleBlockFetcherIterator: Getting 1 non-empty blocks out of 1 blocks
20/07/22 15:41:27 INFO ShuffleBlockFetcherIterator: Started 0 remote fetches in 0 ms
20/07/22 15:41:27 INFO Executor: Finished task 137.0 in stage 4.0 (TID 141). 3586 bytes result sent to driver
20/07/22 15:41:27 INFO TaskSetManager: Starting task 138.0 in stage 4.0 (TID 142, localhost, executor driver, partition 138, ANY, 5874 bytes)
20/07/22 15:41:27 INFO TaskSetManager: Finished task 137.0 in stage 4.0 (TID 141) in 8 ms on localhost (executor driver) (138/200)
20/07/22 15:41:27 INFO Executor: Running task 138.0 in stage 4.0 (TID 142)
20/07/22 15:41:27 INFO ShuffleBlockFetcherIterator: Getting 1 non-empty blocks out of 1 blocks
20/07/22 15:41:27 INFO ShuffleBlockFetcherIterator: Started 0 remote fetches in 0 ms
20/07/22 15:41:27 INFO Executor: Finished task 138.0 in stage 4.0 (TID 142). 3586 bytes result sent to driver
20/07/22 15:41:27 INFO TaskSetManager: Starting task 139.0 in stage 4.0 (TID 143, localhost, executor driver, partition 139, ANY, 5874 bytes)
20/07/22 15:41:27 INFO Executor: Running task 139.0 in stage 4.0 (TID 143)
20/07/22 15:41:27 INFO TaskSetManager: Finished task 138.0 in stage 4.0 (TID 142) in 11 ms on localhost (executor driver) (139/200)
20/07/22 15:41:27 INFO ShuffleBlockFetcherIterator: Getting 1 non-empty blocks out of 1 blocks
20/07/22 15:41:27 INFO ShuffleBlockFetcherIterator: Started 0 remote fetches in 0 ms
20/07/22 15:41:27 INFO Executor: Finished task 139.0 in stage 4.0 (TID 143). 3586 bytes result sent to driver
20/07/22 15:41:27 INFO TaskSetManager: Starting task 140.0 in stage 4.0 (TID 144, localhost, executor driver, partition 140, ANY, 5874 bytes)
20/07/22 15:41:27 INFO Executor: Running task 140.0 in stage 4.0 (TID 144)
20/07/22 15:41:27 INFO TaskSetManager: Finished task 139.0 in stage 4.0 (TID 143) in 12 ms on localhost (executor driver) (140/200)
20/07/22 15:41:27 INFO ShuffleBlockFetcherIterator: Getting 1 non-empty blocks out of 1 blocks
20/07/22 15:41:27 INFO ShuffleBlockFetcherIterator: Started 0 remote fetches in 0 ms
20/07/22 15:41:27 INFO Executor: Finished task 140.0 in stage 4.0 (TID 144). 3586 bytes result sent to driver
20/07/22 15:41:27 INFO TaskSetManager: Starting task 141.0 in stage 4.0 (TID 145, localhost, executor driver, partition 141, ANY, 5874 bytes)
20/07/22 15:41:27 INFO TaskSetManager: Finished task 140.0 in stage 4.0 (TID 144) in 9 ms on localhost (executor driver) (141/200)
20/07/22 15:41:27 INFO Executor: Running task 141.0 in stage 4.0 (TID 145)
20/07/22 15:41:27 INFO ShuffleBlockFetcherIterator: Getting 1 non-empty blocks out of 1 blocks
20/07/22 15:41:27 INFO ShuffleBlockFetcherIterator: Started 0 remote fetches in 0 ms
20/07/22 15:41:27 INFO Executor: Finished task 141.0 in stage 4.0 (TID 145). 3586 bytes result sent to driver
20/07/22 15:41:27 INFO TaskSetManager: Starting task 142.0 in stage 4.0 (TID 146, localhost, executor driver, partition 142, ANY, 5874 bytes)
20/07/22 15:41:27 INFO TaskSetManager: Finished task 141.0 in stage 4.0 (TID 145) in 9 ms on localhost (executor driver) (142/200)
20/07/22 15:41:27 INFO Executor: Running task 142.0 in stage 4.0 (TID 146)
20/07/22 15:41:27 INFO ShuffleBlockFetcherIterator: Getting 1 non-empty blocks out of 1 blocks
20/07/22 15:41:27 INFO ShuffleBlockFetcherIterator: Started 0 remote fetches in 0 ms
20/07/22 15:41:27 INFO Executor: Finished task 142.0 in stage 4.0 (TID 146). 3586 bytes result sent to driver
20/07/22 15:41:27 INFO TaskSetManager: Starting task 143.0 in stage 4.0 (TID 147, localhost, executor driver, partition 143, ANY, 5874 bytes)
20/07/22 15:41:27 INFO Executor: Running task 143.0 in stage 4.0 (TID 147)
20/07/22 15:41:27 INFO TaskSetManager: Finished task 142.0 in stage 4.0 (TID 146) in 10 ms on localhost (executor driver) (143/200)
20/07/22 15:41:27 INFO ShuffleBlockFetcherIterator: Getting 1 non-empty blocks out of 1 blocks
20/07/22 15:41:27 INFO ShuffleBlockFetcherIterator: Started 0 remote fetches in 0 ms
20/07/22 15:41:27 INFO Executor: Finished task 143.0 in stage 4.0 (TID 147). 3586 bytes result sent to driver
20/07/22 15:41:27 INFO TaskSetManager: Starting task 144.0 in stage 4.0 (TID 148, localhost, executor driver, partition 144, ANY, 5874 bytes)
20/07/22 15:41:27 INFO Executor: Running task 144.0 in stage 4.0 (TID 148)
20/07/22 15:41:27 INFO TaskSetManager: Finished task 143.0 in stage 4.0 (TID 147) in 9 ms on localhost (executor driver) (144/200)
20/07/22 15:41:27 INFO ShuffleBlockFetcherIterator: Getting 1 non-empty blocks out of 1 blocks
20/07/22 15:41:27 INFO ShuffleBlockFetcherIterator: Started 0 remote fetches in 0 ms
20/07/22 15:41:27 INFO Executor: Finished task 144.0 in stage 4.0 (TID 148). 3586 bytes result sent to driver
20/07/22 15:41:27 INFO TaskSetManager: Starting task 145.0 in stage 4.0 (TID 149, localhost, executor driver, partition 145, ANY, 5874 bytes)
20/07/22 15:41:27 INFO TaskSetManager: Finished task 144.0 in stage 4.0 (TID 148) in 9 ms on localhost (executor driver) (145/200)
20/07/22 15:41:27 INFO Executor: Running task 145.0 in stage 4.0 (TID 149)
20/07/22 15:41:27 INFO ShuffleBlockFetcherIterator: Getting 1 non-empty blocks out of 1 blocks
20/07/22 15:41:27 INFO ShuffleBlockFetcherIterator: Started 0 remote fetches in 0 ms
20/07/22 15:41:27 INFO Executor: Finished task 145.0 in stage 4.0 (TID 149). 3586 bytes result sent to driver
20/07/22 15:41:27 INFO TaskSetManager: Starting task 146.0 in stage 4.0 (TID 150, localhost, executor driver, partition 146, ANY, 5874 bytes)
20/07/22 15:41:27 INFO TaskSetManager: Finished task 145.0 in stage 4.0 (TID 149) in 10 ms on localhost (executor driver) (146/200)
20/07/22 15:41:27 INFO Executor: Running task 146.0 in stage 4.0 (TID 150)
20/07/22 15:41:27 INFO ShuffleBlockFetcherIterator: Getting 1 non-empty blocks out of 1 blocks
20/07/22 15:41:27 INFO ShuffleBlockFetcherIterator: Started 0 remote fetches in 0 ms
20/07/22 15:41:27 INFO Executor: Finished task 146.0 in stage 4.0 (TID 150). 3673 bytes result sent to driver
20/07/22 15:41:27 INFO TaskSetManager: Starting task 147.0 in stage 4.0 (TID 151, localhost, executor driver, partition 147, ANY, 5874 bytes)
20/07/22 15:41:27 INFO Executor: Running task 147.0 in stage 4.0 (TID 151)
20/07/22 15:41:27 INFO TaskSetManager: Finished task 146.0 in stage 4.0 (TID 150) in 11 ms on localhost (executor driver) (147/200)
20/07/22 15:41:27 INFO ShuffleBlockFetcherIterator: Getting 1 non-empty blocks out of 1 blocks
20/07/22 15:41:27 INFO ShuffleBlockFetcherIterator: Started 0 remote fetches in 1 ms
20/07/22 15:41:27 INFO Executor: Finished task 147.0 in stage 4.0 (TID 151). 3586 bytes result sent to driver
20/07/22 15:41:27 INFO TaskSetManager: Starting task 148.0 in stage 4.0 (TID 152, localhost, executor driver, partition 148, ANY, 5874 bytes)
20/07/22 15:41:27 INFO TaskSetManager: Finished task 147.0 in stage 4.0 (TID 151) in 11 ms on localhost (executor driver) (148/200)
20/07/22 15:41:27 INFO Executor: Running task 148.0 in stage 4.0 (TID 152)
20/07/22 15:41:27 INFO ShuffleBlockFetcherIterator: Getting 1 non-empty blocks out of 1 blocks
20/07/22 15:41:27 INFO ShuffleBlockFetcherIterator: Started 0 remote fetches in 0 ms
20/07/22 15:41:27 INFO Executor: Finished task 148.0 in stage 4.0 (TID 152). 3586 bytes result sent to driver
20/07/22 15:41:27 INFO TaskSetManager: Starting task 149.0 in stage 4.0 (TID 153, localhost, executor driver, partition 149, ANY, 5874 bytes)
20/07/22 15:41:27 INFO TaskSetManager: Finished task 148.0 in stage 4.0 (TID 152) in 10 ms on localhost (executor driver) (149/200)
20/07/22 15:41:27 INFO Executor: Running task 149.0 in stage 4.0 (TID 153)
20/07/22 15:41:27 INFO ShuffleBlockFetcherIterator: Getting 1 non-empty blocks out of 1 blocks
20/07/22 15:41:27 INFO ShuffleBlockFetcherIterator: Started 0 remote fetches in 0 ms
20/07/22 15:41:27 INFO Executor: Finished task 149.0 in stage 4.0 (TID 153). 3586 bytes result sent to driver
20/07/22 15:41:27 INFO TaskSetManager: Starting task 150.0 in stage 4.0 (TID 154, localhost, executor driver, partition 150, ANY, 5874 bytes)
20/07/22 15:41:27 INFO TaskSetManager: Finished task 149.0 in stage 4.0 (TID 153) in 12 ms on localhost (executor driver) (150/200)
20/07/22 15:41:27 INFO Executor: Running task 150.0 in stage 4.0 (TID 154)
20/07/22 15:41:27 INFO ShuffleBlockFetcherIterator: Getting 1 non-empty blocks out of 1 blocks
20/07/22 15:41:27 INFO ShuffleBlockFetcherIterator: Started 0 remote fetches in 0 ms
20/07/22 15:41:28 INFO Executor: Finished task 150.0 in stage 4.0 (TID 154). 3586 bytes result sent to driver
20/07/22 15:41:28 INFO TaskSetManager: Starting task 151.0 in stage 4.0 (TID 155, localhost, executor driver, partition 151, ANY, 5874 bytes)
20/07/22 15:41:28 INFO TaskSetManager: Finished task 150.0 in stage 4.0 (TID 154) in 10 ms on localhost (executor driver) (151/200)
20/07/22 15:41:28 INFO Executor: Running task 151.0 in stage 4.0 (TID 155)
20/07/22 15:41:28 INFO ShuffleBlockFetcherIterator: Getting 1 non-empty blocks out of 1 blocks
20/07/22 15:41:28 INFO ShuffleBlockFetcherIterator: Started 0 remote fetches in 0 ms
20/07/22 15:41:28 INFO Executor: Finished task 151.0 in stage 4.0 (TID 155). 3586 bytes result sent to driver
20/07/22 15:41:28 INFO TaskSetManager: Starting task 152.0 in stage 4.0 (TID 156, localhost, executor driver, partition 152, ANY, 5874 bytes)
20/07/22 15:41:28 INFO TaskSetManager: Finished task 151.0 in stage 4.0 (TID 155) in 7 ms on localhost (executor driver) (152/200)
20/07/22 15:41:28 INFO Executor: Running task 152.0 in stage 4.0 (TID 156)
20/07/22 15:41:28 INFO ShuffleBlockFetcherIterator: Getting 1 non-empty blocks out of 1 blocks
20/07/22 15:41:28 INFO ShuffleBlockFetcherIterator: Started 0 remote fetches in 1 ms
20/07/22 15:41:28 INFO Executor: Finished task 152.0 in stage 4.0 (TID 156). 3586 bytes result sent to driver
20/07/22 15:41:28 INFO TaskSetManager: Starting task 153.0 in stage 4.0 (TID 157, localhost, executor driver, partition 153, ANY, 5874 bytes)
20/07/22 15:41:28 INFO TaskSetManager: Finished task 152.0 in stage 4.0 (TID 156) in 8 ms on localhost (executor driver) (153/200)
20/07/22 15:41:28 INFO Executor: Running task 153.0 in stage 4.0 (TID 157)
20/07/22 15:41:28 INFO ShuffleBlockFetcherIterator: Getting 1 non-empty blocks out of 1 blocks
20/07/22 15:41:28 INFO ShuffleBlockFetcherIterator: Started 0 remote fetches in 1 ms
20/07/22 15:41:28 INFO Executor: Finished task 153.0 in stage 4.0 (TID 157). 3586 bytes result sent to driver
20/07/22 15:41:28 INFO TaskSetManager: Starting task 154.0 in stage 4.0 (TID 158, localhost, executor driver, partition 154, ANY, 5874 bytes)
20/07/22 15:41:28 INFO TaskSetManager: Finished task 153.0 in stage 4.0 (TID 157) in 10 ms on localhost (executor driver) (154/200)
20/07/22 15:41:28 INFO Executor: Running task 154.0 in stage 4.0 (TID 158)
20/07/22 15:41:28 INFO ShuffleBlockFetcherIterator: Getting 1 non-empty blocks out of 1 blocks
20/07/22 15:41:28 INFO ShuffleBlockFetcherIterator: Started 0 remote fetches in 0 ms
20/07/22 15:41:28 INFO Executor: Finished task 154.0 in stage 4.0 (TID 158). 3586 bytes result sent to driver
20/07/22 15:41:28 INFO TaskSetManager: Starting task 155.0 in stage 4.0 (TID 159, localhost, executor driver, partition 155, ANY, 5874 bytes)
20/07/22 15:41:28 INFO Executor: Running task 155.0 in stage 4.0 (TID 159)
20/07/22 15:41:28 INFO TaskSetManager: Finished task 154.0 in stage 4.0 (TID 158) in 9 ms on localhost (executor driver) (155/200)
20/07/22 15:41:28 INFO ShuffleBlockFetcherIterator: Getting 1 non-empty blocks out of 1 blocks
20/07/22 15:41:28 INFO ShuffleBlockFetcherIterator: Started 0 remote fetches in 0 ms
20/07/22 15:41:28 INFO Executor: Finished task 155.0 in stage 4.0 (TID 159). 3586 bytes result sent to driver
20/07/22 15:41:28 INFO TaskSetManager: Starting task 156.0 in stage 4.0 (TID 160, localhost, executor driver, partition 156, ANY, 5874 bytes)
20/07/22 15:41:28 INFO TaskSetManager: Finished task 155.0 in stage 4.0 (TID 159) in 10 ms on localhost (executor driver) (156/200)
20/07/22 15:41:28 INFO Executor: Running task 156.0 in stage 4.0 (TID 160)
20/07/22 15:41:28 INFO ShuffleBlockFetcherIterator: Getting 1 non-empty blocks out of 1 blocks
20/07/22 15:41:28 INFO ShuffleBlockFetcherIterator: Started 0 remote fetches in 0 ms
20/07/22 15:41:28 INFO Executor: Finished task 156.0 in stage 4.0 (TID 160). 3586 bytes result sent to driver
20/07/22 15:41:28 INFO TaskSetManager: Starting task 157.0 in stage 4.0 (TID 161, localhost, executor driver, partition 157, ANY, 5874 bytes)
20/07/22 15:41:28 INFO TaskSetManager: Finished task 156.0 in stage 4.0 (TID 160) in 12 ms on localhost (executor driver) (157/200)
20/07/22 15:41:28 INFO Executor: Running task 157.0 in stage 4.0 (TID 161)
20/07/22 15:41:28 INFO ShuffleBlockFetcherIterator: Getting 1 non-empty blocks out of 1 blocks
20/07/22 15:41:28 INFO ShuffleBlockFetcherIterator: Started 0 remote fetches in 1 ms
20/07/22 15:41:28 INFO Executor: Finished task 157.0 in stage 4.0 (TID 161). 3586 bytes result sent to driver
20/07/22 15:41:28 INFO TaskSetManager: Starting task 158.0 in stage 4.0 (TID 162, localhost, executor driver, partition 158, ANY, 5874 bytes)
20/07/22 15:41:28 INFO TaskSetManager: Finished task 157.0 in stage 4.0 (TID 161) in 9 ms on localhost (executor driver) (158/200)
20/07/22 15:41:28 INFO Executor: Running task 158.0 in stage 4.0 (TID 162)
20/07/22 15:41:28 INFO ShuffleBlockFetcherIterator: Getting 1 non-empty blocks out of 1 blocks
20/07/22 15:41:28 INFO ShuffleBlockFetcherIterator: Started 0 remote fetches in 0 ms
20/07/22 15:41:28 INFO Executor: Finished task 158.0 in stage 4.0 (TID 162). 3586 bytes result sent to driver
20/07/22 15:41:28 INFO TaskSetManager: Starting task 159.0 in stage 4.0 (TID 163, localhost, executor driver, partition 159, ANY, 5874 bytes)
20/07/22 15:41:28 INFO Executor: Running task 159.0 in stage 4.0 (TID 163)
20/07/22 15:41:28 INFO TaskSetManager: Finished task 158.0 in stage 4.0 (TID 162) in 10 ms on localhost (executor driver) (159/200)
20/07/22 15:41:28 INFO ShuffleBlockFetcherIterator: Getting 1 non-empty blocks out of 1 blocks
20/07/22 15:41:28 INFO ShuffleBlockFetcherIterator: Started 0 remote fetches in 0 ms
20/07/22 15:41:28 INFO Executor: Finished task 159.0 in stage 4.0 (TID 163). 3586 bytes result sent to driver
20/07/22 15:41:28 INFO TaskSetManager: Starting task 160.0 in stage 4.0 (TID 164, localhost, executor driver, partition 160, ANY, 5874 bytes)
20/07/22 15:41:28 INFO TaskSetManager: Finished task 159.0 in stage 4.0 (TID 163) in 8 ms on localhost (executor driver) (160/200)
20/07/22 15:41:28 INFO Executor: Running task 160.0 in stage 4.0 (TID 164)
20/07/22 15:41:28 INFO ShuffleBlockFetcherIterator: Getting 1 non-empty blocks out of 1 blocks
20/07/22 15:41:28 INFO ShuffleBlockFetcherIterator: Started 0 remote fetches in 1 ms
20/07/22 15:41:28 INFO Executor: Finished task 160.0 in stage 4.0 (TID 164). 3586 bytes result sent to driver
20/07/22 15:41:28 INFO TaskSetManager: Starting task 161.0 in stage 4.0 (TID 165, localhost, executor driver, partition 161, ANY, 5874 bytes)
20/07/22 15:41:28 INFO TaskSetManager: Finished task 160.0 in stage 4.0 (TID 164) in 11 ms on localhost (executor driver) (161/200)
20/07/22 15:41:28 INFO Executor: Running task 161.0 in stage 4.0 (TID 165)
20/07/22 15:41:28 INFO ShuffleBlockFetcherIterator: Getting 1 non-empty blocks out of 1 blocks
20/07/22 15:41:28 INFO ShuffleBlockFetcherIterator: Started 0 remote fetches in 1 ms
20/07/22 15:41:28 INFO Executor: Finished task 161.0 in stage 4.0 (TID 165). 3586 bytes result sent to driver
20/07/22 15:41:28 INFO TaskSetManager: Starting task 162.0 in stage 4.0 (TID 166, localhost, executor driver, partition 162, ANY, 5874 bytes)
20/07/22 15:41:28 INFO TaskSetManager: Finished task 161.0 in stage 4.0 (TID 165) in 7 ms on localhost (executor driver) (162/200)
20/07/22 15:41:28 INFO Executor: Running task 162.0 in stage 4.0 (TID 166)
20/07/22 15:41:28 INFO ShuffleBlockFetcherIterator: Getting 1 non-empty blocks out of 1 blocks
20/07/22 15:41:28 INFO ShuffleBlockFetcherIterator: Started 0 remote fetches in 0 ms
20/07/22 15:41:28 INFO Executor: Finished task 162.0 in stage 4.0 (TID 166). 3586 bytes result sent to driver
20/07/22 15:41:28 INFO TaskSetManager: Starting task 163.0 in stage 4.0 (TID 167, localhost, executor driver, partition 163, ANY, 5874 bytes)
20/07/22 15:41:28 INFO TaskSetManager: Finished task 162.0 in stage 4.0 (TID 166) in 8 ms on localhost (executor driver) (163/200)
20/07/22 15:41:28 INFO Executor: Running task 163.0 in stage 4.0 (TID 167)
20/07/22 15:41:28 INFO ShuffleBlockFetcherIterator: Getting 1 non-empty blocks out of 1 blocks
20/07/22 15:41:28 INFO ShuffleBlockFetcherIterator: Started 0 remote fetches in 0 ms
20/07/22 15:41:28 INFO Executor: Finished task 163.0 in stage 4.0 (TID 167). 3586 bytes result sent to driver
20/07/22 15:41:28 INFO TaskSetManager: Starting task 164.0 in stage 4.0 (TID 168, localhost, executor driver, partition 164, ANY, 5874 bytes)
20/07/22 15:41:28 INFO TaskSetManager: Finished task 163.0 in stage 4.0 (TID 167) in 8 ms on localhost (executor driver) (164/200)
20/07/22 15:41:28 INFO Executor: Running task 164.0 in stage 4.0 (TID 168)
20/07/22 15:41:28 INFO ShuffleBlockFetcherIterator: Getting 1 non-empty blocks out of 1 blocks
20/07/22 15:41:28 INFO ShuffleBlockFetcherIterator: Started 0 remote fetches in 0 ms
20/07/22 15:41:28 INFO Executor: Finished task 164.0 in stage 4.0 (TID 168). 3586 bytes result sent to driver
20/07/22 15:41:28 INFO TaskSetManager: Starting task 165.0 in stage 4.0 (TID 169, localhost, executor driver, partition 165, ANY, 5874 bytes)
20/07/22 15:41:28 INFO TaskSetManager: Finished task 164.0 in stage 4.0 (TID 168) in 10 ms on localhost (executor driver) (165/200)
20/07/22 15:41:28 INFO Executor: Running task 165.0 in stage 4.0 (TID 169)
20/07/22 15:41:28 INFO ShuffleBlockFetcherIterator: Getting 1 non-empty blocks out of 1 blocks
20/07/22 15:41:28 INFO ShuffleBlockFetcherIterator: Started 0 remote fetches in 0 ms
20/07/22 15:41:28 INFO Executor: Finished task 165.0 in stage 4.0 (TID 169). 3586 bytes result sent to driver
20/07/22 15:41:28 INFO TaskSetManager: Starting task 166.0 in stage 4.0 (TID 170, localhost, executor driver, partition 166, ANY, 5874 bytes)
20/07/22 15:41:28 INFO TaskSetManager: Finished task 165.0 in stage 4.0 (TID 169) in 9 ms on localhost (executor driver) (166/200)
20/07/22 15:41:28 INFO Executor: Running task 166.0 in stage 4.0 (TID 170)
20/07/22 15:41:28 INFO ShuffleBlockFetcherIterator: Getting 1 non-empty blocks out of 1 blocks
20/07/22 15:41:28 INFO ShuffleBlockFetcherIterator: Started 0 remote fetches in 0 ms
20/07/22 15:41:28 INFO Executor: Finished task 166.0 in stage 4.0 (TID 170). 3586 bytes result sent to driver
20/07/22 15:41:28 INFO TaskSetManager: Starting task 167.0 in stage 4.0 (TID 171, localhost, executor driver, partition 167, ANY, 5874 bytes)
20/07/22 15:41:28 INFO TaskSetManager: Finished task 166.0 in stage 4.0 (TID 170) in 12 ms on localhost (executor driver) (167/200)
20/07/22 15:41:28 INFO Executor: Running task 167.0 in stage 4.0 (TID 171)
20/07/22 15:41:28 INFO ShuffleBlockFetcherIterator: Getting 1 non-empty blocks out of 1 blocks
20/07/22 15:41:28 INFO ShuffleBlockFetcherIterator: Started 0 remote fetches in 1 ms
20/07/22 15:41:28 INFO Executor: Finished task 167.0 in stage 4.0 (TID 171). 3586 bytes result sent to driver
20/07/22 15:41:28 INFO TaskSetManager: Starting task 168.0 in stage 4.0 (TID 172, localhost, executor driver, partition 168, ANY, 5874 bytes)
20/07/22 15:41:28 INFO Executor: Running task 168.0 in stage 4.0 (TID 172)
20/07/22 15:41:28 INFO TaskSetManager: Finished task 167.0 in stage 4.0 (TID 171) in 13 ms on localhost (executor driver) (168/200)
20/07/22 15:41:28 INFO ShuffleBlockFetcherIterator: Getting 1 non-empty blocks out of 1 blocks
20/07/22 15:41:28 INFO ShuffleBlockFetcherIterator: Started 0 remote fetches in 0 ms
20/07/22 15:41:28 INFO Executor: Finished task 168.0 in stage 4.0 (TID 172). 3673 bytes result sent to driver
20/07/22 15:41:28 INFO TaskSetManager: Starting task 169.0 in stage 4.0 (TID 173, localhost, executor driver, partition 169, ANY, 5874 bytes)
20/07/22 15:41:28 INFO Executor: Running task 169.0 in stage 4.0 (TID 173)
20/07/22 15:41:28 INFO TaskSetManager: Finished task 168.0 in stage 4.0 (TID 172) in 7 ms on localhost (executor driver) (169/200)
20/07/22 15:41:28 INFO ShuffleBlockFetcherIterator: Getting 1 non-empty blocks out of 1 blocks
20/07/22 15:41:28 INFO ShuffleBlockFetcherIterator: Started 0 remote fetches in 0 ms
20/07/22 15:41:28 INFO Executor: Finished task 169.0 in stage 4.0 (TID 173). 3586 bytes result sent to driver
20/07/22 15:41:28 INFO TaskSetManager: Starting task 170.0 in stage 4.0 (TID 174, localhost, executor driver, partition 170, ANY, 5874 bytes)
20/07/22 15:41:28 INFO TaskSetManager: Finished task 169.0 in stage 4.0 (TID 173) in 9 ms on localhost (executor driver) (170/200)
20/07/22 15:41:28 INFO Executor: Running task 170.0 in stage 4.0 (TID 174)
20/07/22 15:41:28 INFO ShuffleBlockFetcherIterator: Getting 1 non-empty blocks out of 1 blocks
20/07/22 15:41:28 INFO ShuffleBlockFetcherIterator: Started 0 remote fetches in 0 ms
20/07/22 15:41:28 INFO Executor: Finished task 170.0 in stage 4.0 (TID 174). 3586 bytes result sent to driver
20/07/22 15:41:28 INFO TaskSetManager: Starting task 171.0 in stage 4.0 (TID 175, localhost, executor driver, partition 171, ANY, 5874 bytes)
20/07/22 15:41:28 INFO Executor: Running task 171.0 in stage 4.0 (TID 175)
20/07/22 15:41:28 INFO TaskSetManager: Finished task 170.0 in stage 4.0 (TID 174) in 15 ms on localhost (executor driver) (171/200)
20/07/22 15:41:28 INFO ShuffleBlockFetcherIterator: Getting 1 non-empty blocks out of 1 blocks
20/07/22 15:41:28 INFO ShuffleBlockFetcherIterator: Started 0 remote fetches in 0 ms
20/07/22 15:41:28 INFO Executor: Finished task 171.0 in stage 4.0 (TID 175). 3586 bytes result sent to driver
20/07/22 15:41:28 INFO TaskSetManager: Starting task 172.0 in stage 4.0 (TID 176, localhost, executor driver, partition 172, ANY, 5874 bytes)
20/07/22 15:41:28 INFO Executor: Running task 172.0 in stage 4.0 (TID 176)
20/07/22 15:41:28 INFO ShuffleBlockFetcherIterator: Getting 1 non-empty blocks out of 1 blocks
20/07/22 15:41:28 INFO ShuffleBlockFetcherIterator: Started 0 remote fetches in 0 ms
20/07/22 15:41:28 INFO TaskSetManager: Finished task 171.0 in stage 4.0 (TID 175) in 21 ms on localhost (executor driver) (172/200)
20/07/22 15:41:28 INFO Executor: Finished task 172.0 in stage 4.0 (TID 176). 3586 bytes result sent to driver
20/07/22 15:41:28 INFO TaskSetManager: Starting task 173.0 in stage 4.0 (TID 177, localhost, executor driver, partition 173, ANY, 5874 bytes)
20/07/22 15:41:28 INFO Executor: Running task 173.0 in stage 4.0 (TID 177)
20/07/22 15:41:28 INFO ShuffleBlockFetcherIterator: Getting 1 non-empty blocks out of 1 blocks
20/07/22 15:41:28 INFO ShuffleBlockFetcherIterator: Started 0 remote fetches in 0 ms
20/07/22 15:41:28 INFO Executor: Finished task 173.0 in stage 4.0 (TID 177). 3586 bytes result sent to driver
20/07/22 15:41:28 INFO TaskSetManager: Starting task 174.0 in stage 4.0 (TID 178, localhost, executor driver, partition 174, ANY, 5874 bytes)
20/07/22 15:41:28 INFO Executor: Running task 174.0 in stage 4.0 (TID 178)
20/07/22 15:41:28 INFO TaskSetManager: Finished task 172.0 in stage 4.0 (TID 176) in 15 ms on localhost (executor driver) (173/200)
20/07/22 15:41:28 INFO TaskSetManager: Finished task 173.0 in stage 4.0 (TID 177) in 10 ms on localhost (executor driver) (174/200)
20/07/22 15:41:28 INFO ShuffleBlockFetcherIterator: Getting 1 non-empty blocks out of 1 blocks
20/07/22 15:41:28 INFO ShuffleBlockFetcherIterator: Started 0 remote fetches in 0 ms
20/07/22 15:41:28 INFO Executor: Finished task 174.0 in stage 4.0 (TID 178). 3586 bytes result sent to driver
20/07/22 15:41:28 INFO TaskSetManager: Starting task 175.0 in stage 4.0 (TID 179, localhost, executor driver, partition 175, ANY, 5874 bytes)
20/07/22 15:41:28 INFO Executor: Running task 175.0 in stage 4.0 (TID 179)
20/07/22 15:41:28 INFO TaskSetManager: Finished task 174.0 in stage 4.0 (TID 178) in 7 ms on localhost (executor driver) (175/200)
20/07/22 15:41:28 INFO ShuffleBlockFetcherIterator: Getting 1 non-empty blocks out of 1 blocks
20/07/22 15:41:28 INFO ShuffleBlockFetcherIterator: Started 0 remote fetches in 1 ms
20/07/22 15:41:28 INFO Executor: Finished task 175.0 in stage 4.0 (TID 179). 3586 bytes result sent to driver
20/07/22 15:41:28 INFO TaskSetManager: Starting task 176.0 in stage 4.0 (TID 180, localhost, executor driver, partition 176, ANY, 5874 bytes)
20/07/22 15:41:28 INFO TaskSetManager: Finished task 175.0 in stage 4.0 (TID 179) in 12 ms on localhost (executor driver) (176/200)
20/07/22 15:41:28 INFO Executor: Running task 176.0 in stage 4.0 (TID 180)
20/07/22 15:41:28 INFO ShuffleBlockFetcherIterator: Getting 1 non-empty blocks out of 1 blocks
20/07/22 15:41:28 INFO ShuffleBlockFetcherIterator: Started 0 remote fetches in 0 ms
20/07/22 15:41:28 INFO Executor: Finished task 176.0 in stage 4.0 (TID 180). 3586 bytes result sent to driver
20/07/22 15:41:28 INFO TaskSetManager: Starting task 177.0 in stage 4.0 (TID 181, localhost, executor driver, partition 177, ANY, 5874 bytes)
20/07/22 15:41:28 INFO Executor: Running task 177.0 in stage 4.0 (TID 181)
20/07/22 15:41:28 INFO TaskSetManager: Finished task 176.0 in stage 4.0 (TID 180) in 8 ms on localhost (executor driver) (177/200)
20/07/22 15:41:28 INFO ShuffleBlockFetcherIterator: Getting 1 non-empty blocks out of 1 blocks
20/07/22 15:41:28 INFO ShuffleBlockFetcherIterator: Started 0 remote fetches in 0 ms
20/07/22 15:41:28 INFO Executor: Finished task 177.0 in stage 4.0 (TID 181). 3586 bytes result sent to driver
20/07/22 15:41:28 INFO TaskSetManager: Starting task 178.0 in stage 4.0 (TID 182, localhost, executor driver, partition 178, ANY, 5874 bytes)
20/07/22 15:41:28 INFO Executor: Running task 178.0 in stage 4.0 (TID 182)
20/07/22 15:41:28 INFO TaskSetManager: Finished task 177.0 in stage 4.0 (TID 181) in 11 ms on localhost (executor driver) (178/200)
20/07/22 15:41:28 INFO ShuffleBlockFetcherIterator: Getting 1 non-empty blocks out of 1 blocks
20/07/22 15:41:28 INFO ShuffleBlockFetcherIterator: Started 0 remote fetches in 1 ms
20/07/22 15:41:28 INFO Executor: Finished task 178.0 in stage 4.0 (TID 182). 3586 bytes result sent to driver
20/07/22 15:41:28 INFO TaskSetManager: Starting task 179.0 in stage 4.0 (TID 183, localhost, executor driver, partition 179, ANY, 5874 bytes)
20/07/22 15:41:28 INFO Executor: Running task 179.0 in stage 4.0 (TID 183)
20/07/22 15:41:28 INFO TaskSetManager: Finished task 178.0 in stage 4.0 (TID 182) in 11 ms on localhost (executor driver) (179/200)
20/07/22 15:41:28 INFO ShuffleBlockFetcherIterator: Getting 1 non-empty blocks out of 1 blocks
20/07/22 15:41:28 INFO ShuffleBlockFetcherIterator: Started 0 remote fetches in 0 ms
20/07/22 15:41:28 INFO Executor: Finished task 179.0 in stage 4.0 (TID 183). 3586 bytes result sent to driver
20/07/22 15:41:28 INFO TaskSetManager: Starting task 180.0 in stage 4.0 (TID 184, localhost, executor driver, partition 180, ANY, 5874 bytes)
20/07/22 15:41:28 INFO TaskSetManager: Finished task 179.0 in stage 4.0 (TID 183) in 11 ms on localhost (executor driver) (180/200)
20/07/22 15:41:28 INFO Executor: Running task 180.0 in stage 4.0 (TID 184)
20/07/22 15:41:28 INFO ShuffleBlockFetcherIterator: Getting 1 non-empty blocks out of 1 blocks
20/07/22 15:41:28 INFO ShuffleBlockFetcherIterator: Started 0 remote fetches in 1 ms
20/07/22 15:41:28 INFO Executor: Finished task 180.0 in stage 4.0 (TID 184). 3586 bytes result sent to driver
20/07/22 15:41:28 INFO TaskSetManager: Starting task 181.0 in stage 4.0 (TID 185, localhost, executor driver, partition 181, ANY, 5874 bytes)
20/07/22 15:41:28 INFO Executor: Running task 181.0 in stage 4.0 (TID 185)
20/07/22 15:41:28 INFO ShuffleBlockFetcherIterator: Getting 1 non-empty blocks out of 1 blocks
20/07/22 15:41:28 INFO ShuffleBlockFetcherIterator: Started 0 remote fetches in 0 ms
20/07/22 15:41:28 INFO Executor: Finished task 181.0 in stage 4.0 (TID 185). 3586 bytes result sent to driver
20/07/22 15:41:28 INFO TaskSetManager: Starting task 182.0 in stage 4.0 (TID 186, localhost, executor driver, partition 182, ANY, 5874 bytes)
20/07/22 15:41:28 INFO Executor: Running task 182.0 in stage 4.0 (TID 186)
20/07/22 15:41:28 INFO TaskSetManager: Finished task 180.0 in stage 4.0 (TID 184) in 21 ms on localhost (executor driver) (181/200)
20/07/22 15:41:28 INFO TaskSetManager: Finished task 181.0 in stage 4.0 (TID 185) in 10 ms on localhost (executor driver) (182/200)
20/07/22 15:41:28 INFO ShuffleBlockFetcherIterator: Getting 1 non-empty blocks out of 1 blocks
20/07/22 15:41:28 INFO ShuffleBlockFetcherIterator: Started 0 remote fetches in 0 ms
20/07/22 15:41:28 INFO Executor: Finished task 182.0 in stage 4.0 (TID 186). 3586 bytes result sent to driver
20/07/22 15:41:28 INFO TaskSetManager: Starting task 183.0 in stage 4.0 (TID 187, localhost, executor driver, partition 183, ANY, 5874 bytes)
20/07/22 15:41:28 INFO TaskSetManager: Finished task 182.0 in stage 4.0 (TID 186) in 8 ms on localhost (executor driver) (183/200)
20/07/22 15:41:28 INFO Executor: Running task 183.0 in stage 4.0 (TID 187)
20/07/22 15:41:28 INFO ShuffleBlockFetcherIterator: Getting 1 non-empty blocks out of 1 blocks
20/07/22 15:41:28 INFO ShuffleBlockFetcherIterator: Started 0 remote fetches in 1 ms
20/07/22 15:41:28 INFO Executor: Finished task 183.0 in stage 4.0 (TID 187). 3586 bytes result sent to driver
20/07/22 15:41:28 INFO TaskSetManager: Starting task 184.0 in stage 4.0 (TID 188, localhost, executor driver, partition 184, ANY, 5874 bytes)
20/07/22 15:41:28 INFO TaskSetManager: Finished task 183.0 in stage 4.0 (TID 187) in 8 ms on localhost (executor driver) (184/200)
20/07/22 15:41:28 INFO Executor: Running task 184.0 in stage 4.0 (TID 188)
20/07/22 15:41:28 INFO ShuffleBlockFetcherIterator: Getting 1 non-empty blocks out of 1 blocks
20/07/22 15:41:28 INFO ShuffleBlockFetcherIterator: Started 0 remote fetches in 0 ms
20/07/22 15:41:28 INFO Executor: Finished task 184.0 in stage 4.0 (TID 188). 3586 bytes result sent to driver
20/07/22 15:41:28 INFO TaskSetManager: Starting task 185.0 in stage 4.0 (TID 189, localhost, executor driver, partition 185, ANY, 5874 bytes)
20/07/22 15:41:28 INFO Executor: Running task 185.0 in stage 4.0 (TID 189)
20/07/22 15:41:28 INFO ShuffleBlockFetcherIterator: Getting 1 non-empty blocks out of 1 blocks
20/07/22 15:41:28 INFO ShuffleBlockFetcherIterator: Started 0 remote fetches in 0 ms
20/07/22 15:41:28 INFO TaskSetManager: Finished task 184.0 in stage 4.0 (TID 188) in 13 ms on localhost (executor driver) (185/200)
20/07/22 15:41:28 INFO Executor: Finished task 185.0 in stage 4.0 (TID 189). 3586 bytes result sent to driver
20/07/22 15:41:28 INFO TaskSetManager: Starting task 186.0 in stage 4.0 (TID 190, localhost, executor driver, partition 186, ANY, 5874 bytes)
20/07/22 15:41:28 INFO TaskSetManager: Finished task 185.0 in stage 4.0 (TID 189) in 8 ms on localhost (executor driver) (186/200)
20/07/22 15:41:28 INFO Executor: Running task 186.0 in stage 4.0 (TID 190)
20/07/22 15:41:28 INFO ShuffleBlockFetcherIterator: Getting 1 non-empty blocks out of 1 blocks
20/07/22 15:41:28 INFO ShuffleBlockFetcherIterator: Started 0 remote fetches in 0 ms
20/07/22 15:41:28 INFO Executor: Finished task 186.0 in stage 4.0 (TID 190). 3586 bytes result sent to driver
20/07/22 15:41:28 INFO TaskSetManager: Starting task 187.0 in stage 4.0 (TID 191, localhost, executor driver, partition 187, ANY, 5874 bytes)
20/07/22 15:41:28 INFO TaskSetManager: Finished task 186.0 in stage 4.0 (TID 190) in 7 ms on localhost (executor driver) (187/200)
20/07/22 15:41:28 INFO Executor: Running task 187.0 in stage 4.0 (TID 191)
20/07/22 15:41:28 INFO ShuffleBlockFetcherIterator: Getting 1 non-empty blocks out of 1 blocks
20/07/22 15:41:28 INFO ShuffleBlockFetcherIterator: Started 0 remote fetches in 1 ms
20/07/22 15:41:28 INFO Executor: Finished task 187.0 in stage 4.0 (TID 191). 3586 bytes result sent to driver
20/07/22 15:41:28 INFO TaskSetManager: Starting task 188.0 in stage 4.0 (TID 192, localhost, executor driver, partition 188, ANY, 5874 bytes)
20/07/22 15:41:28 INFO TaskSetManager: Finished task 187.0 in stage 4.0 (TID 191) in 8 ms on localhost (executor driver) (188/200)
20/07/22 15:41:28 INFO Executor: Running task 188.0 in stage 4.0 (TID 192)
20/07/22 15:41:28 INFO ShuffleBlockFetcherIterator: Getting 1 non-empty blocks out of 1 blocks
20/07/22 15:41:28 INFO ShuffleBlockFetcherIterator: Started 0 remote fetches in 0 ms
20/07/22 15:41:28 INFO Executor: Finished task 188.0 in stage 4.0 (TID 192). 3659 bytes result sent to driver
20/07/22 15:41:28 INFO TaskSetManager: Starting task 189.0 in stage 4.0 (TID 193, localhost, executor driver, partition 189, ANY, 5874 bytes)
20/07/22 15:41:28 INFO TaskSetManager: Finished task 188.0 in stage 4.0 (TID 192) in 20 ms on localhost (executor driver) (189/200)
20/07/22 15:41:28 INFO Executor: Running task 189.0 in stage 4.0 (TID 193)
20/07/22 15:41:28 INFO ShuffleBlockFetcherIterator: Getting 1 non-empty blocks out of 1 blocks
20/07/22 15:41:28 INFO ShuffleBlockFetcherIterator: Started 0 remote fetches in 0 ms
20/07/22 15:41:28 INFO Executor: Finished task 189.0 in stage 4.0 (TID 193). 3586 bytes result sent to driver
20/07/22 15:41:28 INFO TaskSetManager: Starting task 190.0 in stage 4.0 (TID 194, localhost, executor driver, partition 190, ANY, 5874 bytes)
20/07/22 15:41:28 INFO Executor: Running task 190.0 in stage 4.0 (TID 194)
20/07/22 15:41:28 INFO TaskSetManager: Finished task 189.0 in stage 4.0 (TID 193) in 12 ms on localhost (executor driver) (190/200)
20/07/22 15:41:28 INFO ShuffleBlockFetcherIterator: Getting 1 non-empty blocks out of 1 blocks
20/07/22 15:41:28 INFO ShuffleBlockFetcherIterator: Started 0 remote fetches in 1 ms
20/07/22 15:41:28 INFO Executor: Finished task 190.0 in stage 4.0 (TID 194). 3586 bytes result sent to driver
20/07/22 15:41:28 INFO TaskSetManager: Starting task 191.0 in stage 4.0 (TID 195, localhost, executor driver, partition 191, ANY, 5874 bytes)
20/07/22 15:41:28 INFO Executor: Running task 191.0 in stage 4.0 (TID 195)
20/07/22 15:41:28 INFO TaskSetManager: Finished task 190.0 in stage 4.0 (TID 194) in 8 ms on localhost (executor driver) (191/200)
20/07/22 15:41:28 INFO ShuffleBlockFetcherIterator: Getting 1 non-empty blocks out of 1 blocks
20/07/22 15:41:28 INFO ShuffleBlockFetcherIterator: Started 0 remote fetches in 0 ms
20/07/22 15:41:28 INFO Executor: Finished task 191.0 in stage 4.0 (TID 195). 3586 bytes result sent to driver
20/07/22 15:41:28 INFO TaskSetManager: Starting task 192.0 in stage 4.0 (TID 196, localhost, executor driver, partition 192, ANY, 5874 bytes)
20/07/22 15:41:28 INFO TaskSetManager: Finished task 191.0 in stage 4.0 (TID 195) in 8 ms on localhost (executor driver) (192/200)
20/07/22 15:41:28 INFO Executor: Running task 192.0 in stage 4.0 (TID 196)
20/07/22 15:41:28 INFO ShuffleBlockFetcherIterator: Getting 1 non-empty blocks out of 1 blocks
20/07/22 15:41:28 INFO ShuffleBlockFetcherIterator: Started 0 remote fetches in 1 ms
20/07/22 15:41:28 INFO Executor: Finished task 192.0 in stage 4.0 (TID 196). 3586 bytes result sent to driver
20/07/22 15:41:28 INFO TaskSetManager: Starting task 193.0 in stage 4.0 (TID 197, localhost, executor driver, partition 193, ANY, 5874 bytes)
20/07/22 15:41:28 INFO Executor: Running task 193.0 in stage 4.0 (TID 197)
20/07/22 15:41:28 INFO TaskSetManager: Finished task 192.0 in stage 4.0 (TID 196) in 9 ms on localhost (executor driver) (193/200)
20/07/22 15:41:28 INFO ShuffleBlockFetcherIterator: Getting 1 non-empty blocks out of 1 blocks
20/07/22 15:41:28 INFO ShuffleBlockFetcherIterator: Started 0 remote fetches in 1 ms
20/07/22 15:41:28 INFO Executor: Finished task 193.0 in stage 4.0 (TID 197). 3586 bytes result sent to driver
20/07/22 15:41:28 INFO TaskSetManager: Starting task 194.0 in stage 4.0 (TID 198, localhost, executor driver, partition 194, ANY, 5874 bytes)
20/07/22 15:41:28 INFO Executor: Running task 194.0 in stage 4.0 (TID 198)
20/07/22 15:41:28 INFO TaskSetManager: Finished task 193.0 in stage 4.0 (TID 197) in 15 ms on localhost (executor driver) (194/200)
20/07/22 15:41:28 INFO ShuffleBlockFetcherIterator: Getting 1 non-empty blocks out of 1 blocks
20/07/22 15:41:28 INFO ShuffleBlockFetcherIterator: Started 0 remote fetches in 0 ms
20/07/22 15:41:28 INFO Executor: Finished task 194.0 in stage 4.0 (TID 198). 3586 bytes result sent to driver
20/07/22 15:41:28 INFO TaskSetManager: Starting task 195.0 in stage 4.0 (TID 199, localhost, executor driver, partition 195, ANY, 5874 bytes)
20/07/22 15:41:28 INFO TaskSetManager: Finished task 194.0 in stage 4.0 (TID 198) in 11 ms on localhost (executor driver) (195/200)
20/07/22 15:41:28 INFO Executor: Running task 195.0 in stage 4.0 (TID 199)
20/07/22 15:41:28 INFO ShuffleBlockFetcherIterator: Getting 1 non-empty blocks out of 1 blocks
20/07/22 15:41:28 INFO ShuffleBlockFetcherIterator: Started 0 remote fetches in 0 ms
20/07/22 15:41:28 INFO Executor: Finished task 195.0 in stage 4.0 (TID 199). 3586 bytes result sent to driver
20/07/22 15:41:28 INFO TaskSetManager: Starting task 196.0 in stage 4.0 (TID 200, localhost, executor driver, partition 196, ANY, 5874 bytes)
20/07/22 15:41:28 INFO TaskSetManager: Finished task 195.0 in stage 4.0 (TID 199) in 11 ms on localhost (executor driver) (196/200)
20/07/22 15:41:28 INFO Executor: Running task 196.0 in stage 4.0 (TID 200)
20/07/22 15:41:28 INFO ShuffleBlockFetcherIterator: Getting 1 non-empty blocks out of 1 blocks
20/07/22 15:41:28 INFO ShuffleBlockFetcherIterator: Started 0 remote fetches in 0 ms
20/07/22 15:41:28 INFO Executor: Finished task 196.0 in stage 4.0 (TID 200). 3586 bytes result sent to driver
20/07/22 15:41:28 INFO TaskSetManager: Starting task 197.0 in stage 4.0 (TID 201, localhost, executor driver, partition 197, ANY, 5874 bytes)
20/07/22 15:41:28 INFO Executor: Running task 197.0 in stage 4.0 (TID 201)
20/07/22 15:41:28 INFO ShuffleBlockFetcherIterator: Getting 1 non-empty blocks out of 1 blocks
20/07/22 15:41:28 INFO ShuffleBlockFetcherIterator: Started 0 remote fetches in 0 ms
20/07/22 15:41:28 INFO Executor: Finished task 197.0 in stage 4.0 (TID 201). 3586 bytes result sent to driver
20/07/22 15:41:28 INFO TaskSetManager: Starting task 198.0 in stage 4.0 (TID 202, localhost, executor driver, partition 198, ANY, 5874 bytes)
20/07/22 15:41:28 INFO Executor: Running task 198.0 in stage 4.0 (TID 202)
20/07/22 15:41:28 INFO TaskSetManager: Finished task 197.0 in stage 4.0 (TID 201) in 10 ms on localhost (executor driver) (197/200)
20/07/22 15:41:28 INFO TaskSetManager: Finished task 196.0 in stage 4.0 (TID 200) in 19 ms on localhost (executor driver) (198/200)
20/07/22 15:41:28 INFO ShuffleBlockFetcherIterator: Getting 1 non-empty blocks out of 1 blocks
20/07/22 15:41:28 INFO ShuffleBlockFetcherIterator: Started 0 remote fetches in 1 ms
20/07/22 15:41:28 INFO Executor: Finished task 198.0 in stage 4.0 (TID 202). 3586 bytes result sent to driver
20/07/22 15:41:28 INFO TaskSetManager: Starting task 199.0 in stage 4.0 (TID 203, localhost, executor driver, partition 199, ANY, 5874 bytes)
20/07/22 15:41:28 INFO Executor: Running task 199.0 in stage 4.0 (TID 203)
20/07/22 15:41:28 INFO TaskSetManager: Finished task 198.0 in stage 4.0 (TID 202) in 9 ms on localhost (executor driver) (199/200)
20/07/22 15:41:28 INFO ShuffleBlockFetcherIterator: Getting 1 non-empty blocks out of 1 blocks
20/07/22 15:41:28 INFO ShuffleBlockFetcherIterator: Started 0 remote fetches in 0 ms
20/07/22 15:41:28 INFO Executor: Finished task 199.0 in stage 4.0 (TID 203). 3586 bytes result sent to driver
20/07/22 15:41:28 INFO TaskSetManager: Finished task 199.0 in stage 4.0 (TID 203) in 9 ms on localhost (executor driver) (200/200)
20/07/22 15:41:28 INFO TaskSchedulerImpl: Removed TaskSet 4.0, whose tasks have all completed, from pool 
20/07/22 15:41:28 INFO DAGScheduler: ShuffleMapStage 4 (collect at Task_Test.scala:53) finished in 2.622 s
20/07/22 15:41:28 INFO DAGScheduler: looking for newly runnable stages
20/07/22 15:41:28 INFO DAGScheduler: running: Set()
20/07/22 15:41:28 INFO DAGScheduler: waiting: Set(ResultStage 5)
20/07/22 15:41:28 INFO DAGScheduler: failed: Set()
20/07/22 15:41:28 INFO DAGScheduler: Submitting ResultStage 5 (MapPartitionsRDD[19] at collect at Task_Test.scala:53), which has no missing parents
20/07/22 15:41:28 INFO MemoryStore: Block broadcast_8 stored as values in memory (estimated size 7.0 KB, free 93.1 MB)
20/07/22 15:41:28 INFO MemoryStore: Block broadcast_8_piece0 stored as bytes in memory (estimated size 3.7 KB, free 93.1 MB)
20/07/22 15:41:28 INFO BlockManagerInfo: Added broadcast_8_piece0 in memory on 172.20.10.3:35839 (size: 3.7 KB, free: 93.3 MB)
20/07/22 15:41:28 INFO SparkContext: Created broadcast 8 from broadcast at DAGScheduler.scala:996
20/07/22 15:41:28 INFO DAGScheduler: Submitting 1 missing tasks from ResultStage 5 (MapPartitionsRDD[19] at collect at Task_Test.scala:53)
20/07/22 15:41:28 INFO TaskSchedulerImpl: Adding task set 5.0 with 1 tasks
20/07/22 15:41:28 INFO TaskSetManager: Starting task 0.0 in stage 5.0 (TID 204, localhost, executor driver, partition 0, ANY, 5885 bytes)
20/07/22 15:41:28 INFO Executor: Running task 0.0 in stage 5.0 (TID 204)
20/07/22 15:41:28 INFO ShuffleBlockFetcherIterator: Getting 200 non-empty blocks out of 200 blocks
20/07/22 15:41:28 INFO ShuffleBlockFetcherIterator: Started 0 remote fetches in 0 ms
20/07/22 15:41:28 INFO Executor: Finished task 0.0 in stage 5.0 (TID 204). 2042 bytes result sent to driver
20/07/22 15:41:28 INFO TaskSetManager: Finished task 0.0 in stage 5.0 (TID 204) in 39 ms on localhost (executor driver) (1/1)
20/07/22 15:41:28 INFO TaskSchedulerImpl: Removed TaskSet 5.0, whose tasks have all completed, from pool 
20/07/22 15:41:28 INFO DAGScheduler: ResultStage 5 (collect at Task_Test.scala:53) finished in 0.039 s
20/07/22 15:41:28 INFO DAGScheduler: Job 3 finished: collect at Task_Test.scala:53, took 4.168964 s
20/07/22 15:41:28 INFO CodeGenerator: Code generated in 8.332618 ms
20/07/22 15:41:28 INFO SparkUI: Stopped Spark web UI at http://172.20.10.3:4040
20/07/22 15:41:28 INFO MapOutputTrackerMasterEndpoint: MapOutputTrackerMasterEndpoint stopped!
20/07/22 15:41:28 INFO MemoryStore: MemoryStore cleared
20/07/22 15:41:28 INFO BlockManager: BlockManager stopped
20/07/22 15:41:28 INFO BlockManagerMaster: BlockManagerMaster stopped
20/07/22 15:41:28 INFO OutputCommitCoordinator$OutputCommitCoordinatorEndpoint: OutputCommitCoordinator stopped!
20/07/22 15:41:28 INFO SparkContext: Successfully stopped SparkContext
20/07/22 15:41:28 INFO SparkContext: Running Spark version 2.1.0
20/07/22 15:41:28 INFO SecurityManager: Changing view acls to: yasasm
20/07/22 15:41:28 INFO SecurityManager: Changing modify acls to: yasasm
20/07/22 15:41:28 INFO SecurityManager: Changing view acls groups to: 
20/07/22 15:41:28 INFO SecurityManager: Changing modify acls groups to: 
20/07/22 15:41:28 INFO SecurityManager: SecurityManager: authentication disabled; ui acls disabled; users  with view permissions: Set(yasasm); groups with view permissions: Set(); users  with modify permissions: Set(yasasm); groups with modify permissions: Set()
20/07/22 15:41:28 INFO Utils: Successfully started service 'sparkDriver' on port 39963.
20/07/22 15:41:28 INFO SparkEnv: Registering MapOutputTracker
20/07/22 15:41:28 INFO SparkEnv: Registering BlockManagerMaster
20/07/22 15:41:28 INFO BlockManagerMasterEndpoint: Using org.apache.spark.storage.DefaultTopologyMapper for getting topology information
20/07/22 15:41:28 INFO BlockManagerMasterEndpoint: BlockManagerMasterEndpoint up
20/07/22 15:41:28 INFO DiskBlockManager: Created local directory at /tmp/blockmgr-0b285221-92a6-49d0-b358-da6499a74967
20/07/22 15:41:28 INFO MemoryStore: MemoryStore started with capacity 93.3 MB
20/07/22 15:41:28 INFO SparkEnv: Registering OutputCommitCoordinator
20/07/22 15:41:28 INFO Utils: Successfully started service 'SparkUI' on port 4040.
20/07/22 15:41:28 INFO SparkUI: Bound SparkUI to 0.0.0.0, and started at http://172.20.10.3:4040
20/07/22 15:41:28 INFO Executor: Starting executor ID driver on host localhost
20/07/22 15:41:28 INFO Utils: Successfully started service 'org.apache.spark.network.netty.NettyBlockTransferService' on port 35207.
20/07/22 15:41:28 INFO NettyBlockTransferService: Server created on 172.20.10.3:35207
20/07/22 15:41:28 INFO BlockManager: Using org.apache.spark.storage.RandomBlockReplicationPolicy for block replication policy
20/07/22 15:41:28 INFO BlockManagerMaster: Registering BlockManager BlockManagerId(driver, 172.20.10.3, 35207, None)
20/07/22 15:41:28 INFO BlockManagerMasterEndpoint: Registering block manager 172.20.10.3:35207 with 93.3 MB RAM, BlockManagerId(driver, 172.20.10.3, 35207, None)
20/07/22 15:41:28 INFO BlockManagerMaster: Registered BlockManager BlockManagerId(driver, 172.20.10.3, 35207, None)
20/07/22 15:41:28 INFO BlockManager: Initialized BlockManager: BlockManagerId(driver, 172.20.10.3, 35207, None)
20/07/22 15:41:28 INFO SharedState: Warehouse path is 'file:/home/yasasm/Desktop/ZoneProjects/spark-Azkaban/spark-warehouse/'.
20/07/22 15:41:28 INFO MemoryStore: Block broadcast_0 stored as values in memory (estimated size 127.1 KB, free 93.2 MB)
20/07/22 15:41:28 INFO MemoryStore: Block broadcast_0_piece0 stored as bytes in memory (estimated size 14.3 KB, free 93.2 MB)
20/07/22 15:41:28 INFO BlockManagerInfo: Added broadcast_0_piece0 in memory on 172.20.10.3:35207 (size: 14.3 KB, free: 93.3 MB)
20/07/22 15:41:28 INFO SparkContext: Created broadcast 0 from load at Task_Test.scala:25
20/07/22 15:41:28 INFO FileInputFormat: Total input paths to process : 1
20/07/22 15:41:28 INFO SparkContext: Starting job: load at Task_Test.scala:25
20/07/22 15:41:28 INFO DAGScheduler: Got job 0 (load at Task_Test.scala:25) with 1 output partitions
20/07/22 15:41:28 INFO DAGScheduler: Final stage: ResultStage 0 (load at Task_Test.scala:25)
20/07/22 15:41:28 INFO DAGScheduler: Parents of final stage: List()
20/07/22 15:41:28 INFO DAGScheduler: Missing parents: List()
20/07/22 15:41:28 INFO DAGScheduler: Submitting ResultStage 0 (MapPartitionsRDD[2] at load at Task_Test.scala:25), which has no missing parents
20/07/22 15:41:28 INFO MemoryStore: Block broadcast_1 stored as values in memory (estimated size 3.5 KB, free 93.2 MB)
20/07/22 15:41:28 INFO MemoryStore: Block broadcast_1_piece0 stored as bytes in memory (estimated size 2.1 KB, free 93.2 MB)
20/07/22 15:41:28 INFO BlockManagerInfo: Added broadcast_1_piece0 in memory on 172.20.10.3:35207 (size: 2.1 KB, free: 93.3 MB)
20/07/22 15:41:28 INFO SparkContext: Created broadcast 1 from broadcast at DAGScheduler.scala:996
20/07/22 15:41:28 INFO DAGScheduler: Submitting 1 missing tasks from ResultStage 0 (MapPartitionsRDD[2] at load at Task_Test.scala:25)
20/07/22 15:41:28 INFO TaskSchedulerImpl: Adding task set 0.0 with 1 tasks
20/07/22 15:41:28 INFO TaskSetManager: Starting task 0.0 in stage 0.0 (TID 0, localhost, executor driver, partition 0, PROCESS_LOCAL, 6034 bytes)
20/07/22 15:41:28 INFO Executor: Running task 0.0 in stage 0.0 (TID 0)
20/07/22 15:41:28 INFO HadoopRDD: Input split: file:/home/yasasm/Desktop/ZoneProjects/spark-Azkaban/src/main/inputs/athlete_events.csv:0+33554432
20/07/22 15:41:28 INFO Executor: Finished task 0.0 in stage 0.0 (TID 0). 1197 bytes result sent to driver
20/07/22 15:41:28 INFO TaskSetManager: Finished task 0.0 in stage 0.0 (TID 0) in 23 ms on localhost (executor driver) (1/1)
20/07/22 15:41:28 INFO TaskSchedulerImpl: Removed TaskSet 0.0, whose tasks have all completed, from pool 
20/07/22 15:41:28 INFO DAGScheduler: ResultStage 0 (load at Task_Test.scala:25) finished in 0.023 s
20/07/22 15:41:28 INFO DAGScheduler: Job 0 finished: load at Task_Test.scala:25, took 0.034309 s
20/07/22 15:41:28 INFO MemoryStore: Block broadcast_2 stored as values in memory (estimated size 127.2 KB, free 93.0 MB)
20/07/22 15:41:28 INFO MemoryStore: Block broadcast_2_piece0 stored as bytes in memory (estimated size 14.3 KB, free 93.0 MB)
20/07/22 15:41:28 INFO BlockManagerInfo: Added broadcast_2_piece0 in memory on 172.20.10.3:35207 (size: 14.3 KB, free: 93.3 MB)
20/07/22 15:41:28 INFO SparkContext: Created broadcast 2 from load at Task_Test.scala:25
20/07/22 15:41:28 INFO FileInputFormat: Total input paths to process : 1
20/07/22 15:41:28 INFO SparkContext: Starting job: load at Task_Test.scala:25
20/07/22 15:41:28 INFO DAGScheduler: Got job 1 (load at Task_Test.scala:25) with 1 output partitions
20/07/22 15:41:28 INFO DAGScheduler: Final stage: ResultStage 1 (load at Task_Test.scala:25)
20/07/22 15:41:28 INFO DAGScheduler: Parents of final stage: List()
20/07/22 15:41:28 INFO DAGScheduler: Missing parents: List()
20/07/22 15:41:28 INFO DAGScheduler: Submitting ResultStage 1 (MapPartitionsRDD[5] at load at Task_Test.scala:25), which has no missing parents
20/07/22 15:41:28 INFO MemoryStore: Block broadcast_3 stored as values in memory (estimated size 3.5 KB, free 93.0 MB)
20/07/22 15:41:28 INFO MemoryStore: Block broadcast_3_piece0 stored as bytes in memory (estimated size 2.1 KB, free 93.0 MB)
20/07/22 15:41:28 INFO BlockManagerInfo: Added broadcast_3_piece0 in memory on 172.20.10.3:35207 (size: 2.1 KB, free: 93.3 MB)
20/07/22 15:41:28 INFO SparkContext: Created broadcast 3 from broadcast at DAGScheduler.scala:996
20/07/22 15:41:28 INFO DAGScheduler: Submitting 1 missing tasks from ResultStage 1 (MapPartitionsRDD[5] at load at Task_Test.scala:25)
20/07/22 15:41:28 INFO TaskSchedulerImpl: Adding task set 1.0 with 1 tasks
20/07/22 15:41:28 INFO TaskSetManager: Starting task 0.0 in stage 1.0 (TID 1, localhost, executor driver, partition 0, PROCESS_LOCAL, 6034 bytes)
20/07/22 15:41:28 INFO Executor: Running task 0.0 in stage 1.0 (TID 1)
20/07/22 15:41:28 INFO HadoopRDD: Input split: file:/home/yasasm/Desktop/ZoneProjects/spark-Azkaban/src/main/inputs/athlete_events.csv:0+33554432
20/07/22 15:41:28 INFO Executor: Finished task 0.0 in stage 1.0 (TID 1). 1197 bytes result sent to driver
20/07/22 15:41:28 INFO TaskSetManager: Finished task 0.0 in stage 1.0 (TID 1) in 5 ms on localhost (executor driver) (1/1)
20/07/22 15:41:28 INFO TaskSchedulerImpl: Removed TaskSet 1.0, whose tasks have all completed, from pool 
20/07/22 15:41:28 INFO DAGScheduler: ResultStage 1 (load at Task_Test.scala:25) finished in 0.006 s
20/07/22 15:41:28 INFO DAGScheduler: Job 1 finished: load at Task_Test.scala:25, took 0.010262 s
20/07/22 15:41:28 INFO SparkContext: Starting job: collect at Task_Test.scala:165
20/07/22 15:41:28 INFO DAGScheduler: Got job 2 (collect at Task_Test.scala:165) with 1 output partitions
20/07/22 15:41:28 INFO DAGScheduler: Final stage: ResultStage 2 (collect at Task_Test.scala:165)
20/07/22 15:41:28 INFO DAGScheduler: Parents of final stage: List()
20/07/22 15:41:28 INFO DAGScheduler: Missing parents: List()
20/07/22 15:41:28 INFO DAGScheduler: Submitting ResultStage 2 (MapPartitionsRDD[10] at collect at Task_Test.scala:165), which has no missing parents
20/07/22 15:41:28 INFO MemoryStore: Block broadcast_4 stored as values in memory (estimated size 10.0 KB, free 93.0 MB)
20/07/22 15:41:28 INFO MemoryStore: Block broadcast_4_piece0 stored as bytes in memory (estimated size 5.0 KB, free 93.0 MB)
20/07/22 15:41:28 INFO BlockManagerInfo: Added broadcast_4_piece0 in memory on 172.20.10.3:35207 (size: 5.0 KB, free: 93.3 MB)
20/07/22 15:41:28 INFO SparkContext: Created broadcast 4 from broadcast at DAGScheduler.scala:996
20/07/22 15:41:28 INFO DAGScheduler: Submitting 1 missing tasks from ResultStage 2 (MapPartitionsRDD[10] at collect at Task_Test.scala:165)
20/07/22 15:41:28 INFO TaskSchedulerImpl: Adding task set 2.0 with 1 tasks
20/07/22 15:41:28 INFO TaskSetManager: Starting task 0.0 in stage 2.0 (TID 2, localhost, executor driver, partition 0, PROCESS_LOCAL, 6348 bytes)
20/07/22 15:41:28 INFO Executor: Running task 0.0 in stage 2.0 (TID 2)
20/07/22 15:41:28 INFO CodeGenerator: Code generated in 13.756251 ms
20/07/22 15:41:28 INFO CodeGenerator: Code generated in 55.23205 ms
20/07/22 15:41:28 INFO Executor: Finished task 0.0 in stage 2.0 (TID 2). 1301 bytes result sent to driver
20/07/22 15:41:28 INFO TaskSetManager: Finished task 0.0 in stage 2.0 (TID 2) in 84 ms on localhost (executor driver) (1/1)
20/07/22 15:41:28 INFO TaskSchedulerImpl: Removed TaskSet 2.0, whose tasks have all completed, from pool 
20/07/22 15:41:28 INFO DAGScheduler: ResultStage 2 (collect at Task_Test.scala:165) finished in 0.082 s
20/07/22 15:41:28 INFO DAGScheduler: Job 2 finished: collect at Task_Test.scala:165, took 0.096501 s
20/07/22 15:41:28 INFO CodeGenerator: Code generated in 11.556119 ms
20/07/22 15:41:29 INFO FileSourceStrategy: Pruning directories with: 
20/07/22 15:41:29 INFO FileSourceStrategy: Post-Scan Filters: isnotnull(sex#119),(sex#119 = M),isnotnull(Year#126),isnotnull(cast(cast(Year#126 as decimal(20,0)) as int))
20/07/22 15:41:29 INFO FileSourceStrategy: Output Data Schema: struct<Sex: string, Year: string>
20/07/22 15:41:29 INFO FileSourceStrategy: Pushed Filters: IsNotNull(Sex),EqualTo(Sex,M),IsNotNull(Year)
20/07/22 15:41:29 INFO FileSourceStrategy: Pruning directories with: 
20/07/22 15:41:29 INFO FileSourceStrategy: Post-Scan Filters: isnotnull(Sex#119),(Sex#119 = F),isnotnull(Year#126),isnotnull(cast(cast(Year#126 as decimal(20,0)) as int))
20/07/22 15:41:29 INFO FileSourceStrategy: Output Data Schema: struct<Sex: string, Year: string>
20/07/22 15:41:29 INFO FileSourceStrategy: Pushed Filters: IsNotNull(Sex),EqualTo(Sex,F),IsNotNull(Year)
20/07/22 15:41:29 INFO CodeGenerator: Code generated in 13.012188 ms
20/07/22 15:41:29 INFO CodeGenerator: Code generated in 40.681193 ms
20/07/22 15:41:29 INFO BlockManagerInfo: Removed broadcast_0_piece0 on 172.20.10.3:35207 in memory (size: 14.3 KB, free: 93.3 MB)
20/07/22 15:41:29 INFO BlockManagerInfo: Removed broadcast_1_piece0 on 172.20.10.3:35207 in memory (size: 2.1 KB, free: 93.3 MB)
20/07/22 15:41:29 INFO BlockManagerInfo: Removed broadcast_2_piece0 on 172.20.10.3:35207 in memory (size: 14.3 KB, free: 93.3 MB)
20/07/22 15:41:29 INFO BlockManagerInfo: Removed broadcast_3_piece0 on 172.20.10.3:35207 in memory (size: 2.1 KB, free: 93.3 MB)
20/07/22 15:41:29 INFO BlockManagerInfo: Removed broadcast_4_piece0 on 172.20.10.3:35207 in memory (size: 5.0 KB, free: 93.3 MB)
20/07/22 15:41:29 INFO ContextCleaner: Cleaned accumulator 5235
20/07/22 15:41:29 INFO ContextCleaner: Cleaned accumulator 5236
20/07/22 15:41:29 INFO CodeGenerator: Code generated in 47.986962 ms
20/07/22 15:41:29 INFO MemoryStore: Block broadcast_5 stored as values in memory (estimated size 132.3 KB, free 93.2 MB)
20/07/22 15:41:29 INFO MemoryStore: Block broadcast_5_piece0 stored as bytes in memory (estimated size 14.6 KB, free 93.2 MB)
20/07/22 15:41:29 INFO BlockManagerInfo: Added broadcast_5_piece0 in memory on 172.20.10.3:35207 (size: 14.6 KB, free: 93.3 MB)
20/07/22 15:41:29 INFO SparkContext: Created broadcast 5 from run at ThreadPoolExecutor.java:1149
20/07/22 15:41:29 INFO FileSourceScanExec: Planning scan with bin packing, max size: 45694992 bytes, open cost is considered as scanning 4194304 bytes.
20/07/22 15:41:29 INFO SparkContext: Starting job: run at ThreadPoolExecutor.java:1149
20/07/22 15:41:29 INFO DAGScheduler: Registering RDD 13 (run at ThreadPoolExecutor.java:1149)
20/07/22 15:41:29 INFO DAGScheduler: Got job 3 (run at ThreadPoolExecutor.java:1149) with 200 output partitions
20/07/22 15:41:29 INFO DAGScheduler: Final stage: ResultStage 4 (run at ThreadPoolExecutor.java:1149)
20/07/22 15:41:29 INFO DAGScheduler: Parents of final stage: List(ShuffleMapStage 3)
20/07/22 15:41:29 INFO DAGScheduler: Missing parents: List(ShuffleMapStage 3)
20/07/22 15:41:29 INFO DAGScheduler: Submitting ShuffleMapStage 3 (MapPartitionsRDD[13] at run at ThreadPoolExecutor.java:1149), which has no missing parents
20/07/22 15:41:29 INFO MemoryStore: Block broadcast_6 stored as values in memory (estimated size 29.7 KB, free 93.1 MB)
20/07/22 15:41:29 INFO MemoryStore: Block broadcast_6_piece0 stored as bytes in memory (estimated size 13.7 KB, free 93.1 MB)
20/07/22 15:41:29 INFO BlockManagerInfo: Added broadcast_6_piece0 in memory on 172.20.10.3:35207 (size: 13.7 KB, free: 93.3 MB)
20/07/22 15:41:29 INFO SparkContext: Created broadcast 6 from broadcast at DAGScheduler.scala:996
20/07/22 15:41:29 INFO DAGScheduler: Submitting 1 missing tasks from ShuffleMapStage 3 (MapPartitionsRDD[13] at run at ThreadPoolExecutor.java:1149)
20/07/22 15:41:29 INFO TaskSchedulerImpl: Adding task set 3.0 with 1 tasks
20/07/22 15:41:29 INFO TaskSetManager: Starting task 0.0 in stage 3.0 (TID 3, localhost, executor driver, partition 0, PROCESS_LOCAL, 6570 bytes)
20/07/22 15:41:29 INFO Executor: Running task 0.0 in stage 3.0 (TID 3)
20/07/22 15:41:29 INFO CodeGenerator: Code generated in 9.748875 ms
20/07/22 15:41:29 INFO CodeGenerator: Code generated in 8.40629 ms
20/07/22 15:41:29 INFO CodeGenerator: Code generated in 11.761005 ms
20/07/22 15:41:29 INFO CodeGenerator: Code generated in 12.598586 ms
20/07/22 15:41:29 INFO CodeGenerator: Code generated in 7.289539 ms
20/07/22 15:41:29 INFO FileScanRDD: Reading File path: file:///home/yasasm/Desktop/ZoneProjects/spark-Azkaban/src/main/inputs/athlete_events.csv, range: 0-41500688, partition values: [empty row]
20/07/22 15:41:29 INFO CodeGenerator: Code generated in 7.464389 ms
20/07/22 15:41:30 INFO Executor: Finished task 0.0 in stage 3.0 (TID 3). 2664 bytes result sent to driver
20/07/22 15:41:30 INFO TaskSetManager: Finished task 0.0 in stage 3.0 (TID 3) in 990 ms on localhost (executor driver) (1/1)
20/07/22 15:41:30 INFO TaskSchedulerImpl: Removed TaskSet 3.0, whose tasks have all completed, from pool 
20/07/22 15:41:30 INFO DAGScheduler: ShuffleMapStage 3 (run at ThreadPoolExecutor.java:1149) finished in 0.989 s
20/07/22 15:41:30 INFO DAGScheduler: looking for newly runnable stages
20/07/22 15:41:30 INFO DAGScheduler: running: Set()
20/07/22 15:41:30 INFO DAGScheduler: waiting: Set(ResultStage 4)
20/07/22 15:41:30 INFO DAGScheduler: failed: Set()
20/07/22 15:41:30 INFO DAGScheduler: Submitting ResultStage 4 (MapPartitionsRDD[16] at run at ThreadPoolExecutor.java:1149), which has no missing parents
20/07/22 15:41:30 INFO MemoryStore: Block broadcast_7 stored as values in memory (estimated size 26.2 KB, free 93.1 MB)
20/07/22 15:41:30 INFO MemoryStore: Block broadcast_7_piece0 stored as bytes in memory (estimated size 12.7 KB, free 93.1 MB)
20/07/22 15:41:30 INFO BlockManagerInfo: Added broadcast_7_piece0 in memory on 172.20.10.3:35207 (size: 12.7 KB, free: 93.3 MB)
20/07/22 15:41:30 INFO SparkContext: Created broadcast 7 from broadcast at DAGScheduler.scala:996
20/07/22 15:41:30 INFO DAGScheduler: Submitting 200 missing tasks from ResultStage 4 (MapPartitionsRDD[16] at run at ThreadPoolExecutor.java:1149)
20/07/22 15:41:30 INFO TaskSchedulerImpl: Adding task set 4.0 with 200 tasks
20/07/22 15:41:30 INFO TaskSetManager: Starting task 2.0 in stage 4.0 (TID 4, localhost, executor driver, partition 2, PROCESS_LOCAL, 5895 bytes)
20/07/22 15:41:30 INFO Executor: Running task 2.0 in stage 4.0 (TID 4)
20/07/22 15:41:30 INFO ShuffleBlockFetcherIterator: Getting 0 non-empty blocks out of 1 blocks
20/07/22 15:41:30 INFO ShuffleBlockFetcherIterator: Started 0 remote fetches in 0 ms
20/07/22 15:41:30 INFO Executor: Finished task 2.0 in stage 4.0 (TID 4). 2941 bytes result sent to driver
20/07/22 15:41:30 INFO TaskSetManager: Starting task 3.0 in stage 4.0 (TID 5, localhost, executor driver, partition 3, PROCESS_LOCAL, 5895 bytes)
20/07/22 15:41:30 INFO Executor: Running task 3.0 in stage 4.0 (TID 5)
20/07/22 15:41:30 INFO TaskSetManager: Finished task 2.0 in stage 4.0 (TID 4) in 8 ms on localhost (executor driver) (1/200)
20/07/22 15:41:30 INFO ShuffleBlockFetcherIterator: Getting 0 non-empty blocks out of 1 blocks
20/07/22 15:41:30 INFO ShuffleBlockFetcherIterator: Started 0 remote fetches in 1 ms
20/07/22 15:41:30 INFO Executor: Finished task 3.0 in stage 4.0 (TID 5). 2941 bytes result sent to driver
20/07/22 15:41:30 INFO TaskSetManager: Starting task 4.0 in stage 4.0 (TID 6, localhost, executor driver, partition 4, PROCESS_LOCAL, 5895 bytes)
20/07/22 15:41:30 INFO TaskSetManager: Finished task 3.0 in stage 4.0 (TID 5) in 5 ms on localhost (executor driver) (2/200)
20/07/22 15:41:30 INFO Executor: Running task 4.0 in stage 4.0 (TID 6)
20/07/22 15:41:30 INFO ShuffleBlockFetcherIterator: Getting 0 non-empty blocks out of 1 blocks
20/07/22 15:41:30 INFO ShuffleBlockFetcherIterator: Started 0 remote fetches in 0 ms
20/07/22 15:41:30 INFO Executor: Finished task 4.0 in stage 4.0 (TID 6). 2941 bytes result sent to driver
20/07/22 15:41:30 INFO TaskSetManager: Starting task 6.0 in stage 4.0 (TID 7, localhost, executor driver, partition 6, PROCESS_LOCAL, 5895 bytes)
20/07/22 15:41:30 INFO Executor: Running task 6.0 in stage 4.0 (TID 7)
20/07/22 15:41:30 INFO TaskSetManager: Finished task 4.0 in stage 4.0 (TID 6) in 12 ms on localhost (executor driver) (3/200)
20/07/22 15:41:30 INFO ShuffleBlockFetcherIterator: Getting 0 non-empty blocks out of 1 blocks
20/07/22 15:41:30 INFO ShuffleBlockFetcherIterator: Started 0 remote fetches in 0 ms
20/07/22 15:41:30 INFO Executor: Finished task 6.0 in stage 4.0 (TID 7). 2941 bytes result sent to driver
20/07/22 15:41:30 INFO TaskSetManager: Starting task 10.0 in stage 4.0 (TID 8, localhost, executor driver, partition 10, PROCESS_LOCAL, 5895 bytes)
20/07/22 15:41:30 INFO TaskSetManager: Finished task 6.0 in stage 4.0 (TID 7) in 4 ms on localhost (executor driver) (4/200)
20/07/22 15:41:30 INFO Executor: Running task 10.0 in stage 4.0 (TID 8)
20/07/22 15:41:30 INFO ShuffleBlockFetcherIterator: Getting 0 non-empty blocks out of 1 blocks
20/07/22 15:41:30 INFO ShuffleBlockFetcherIterator: Started 0 remote fetches in 0 ms
20/07/22 15:41:30 INFO Executor: Finished task 10.0 in stage 4.0 (TID 8). 2941 bytes result sent to driver
20/07/22 15:41:30 INFO TaskSetManager: Starting task 11.0 in stage 4.0 (TID 9, localhost, executor driver, partition 11, PROCESS_LOCAL, 5895 bytes)
20/07/22 15:41:30 INFO TaskSetManager: Finished task 10.0 in stage 4.0 (TID 8) in 4 ms on localhost (executor driver) (5/200)
20/07/22 15:41:30 INFO Executor: Running task 11.0 in stage 4.0 (TID 9)
20/07/22 15:41:30 INFO ShuffleBlockFetcherIterator: Getting 0 non-empty blocks out of 1 blocks
20/07/22 15:41:30 INFO ShuffleBlockFetcherIterator: Started 0 remote fetches in 0 ms
20/07/22 15:41:30 INFO Executor: Finished task 11.0 in stage 4.0 (TID 9). 3028 bytes result sent to driver
20/07/22 15:41:30 INFO TaskSetManager: Starting task 12.0 in stage 4.0 (TID 10, localhost, executor driver, partition 12, PROCESS_LOCAL, 5895 bytes)
20/07/22 15:41:30 INFO Executor: Running task 12.0 in stage 4.0 (TID 10)
20/07/22 15:41:30 INFO TaskSetManager: Finished task 11.0 in stage 4.0 (TID 9) in 9 ms on localhost (executor driver) (6/200)
20/07/22 15:41:30 INFO ShuffleBlockFetcherIterator: Getting 0 non-empty blocks out of 1 blocks
20/07/22 15:41:30 INFO ShuffleBlockFetcherIterator: Started 0 remote fetches in 0 ms
20/07/22 15:41:30 INFO Executor: Finished task 12.0 in stage 4.0 (TID 10). 2941 bytes result sent to driver
20/07/22 15:41:30 INFO TaskSetManager: Starting task 13.0 in stage 4.0 (TID 11, localhost, executor driver, partition 13, PROCESS_LOCAL, 5895 bytes)
20/07/22 15:41:30 INFO TaskSetManager: Finished task 12.0 in stage 4.0 (TID 10) in 6 ms on localhost (executor driver) (7/200)
20/07/22 15:41:30 INFO Executor: Running task 13.0 in stage 4.0 (TID 11)
20/07/22 15:41:30 INFO ShuffleBlockFetcherIterator: Getting 0 non-empty blocks out of 1 blocks
20/07/22 15:41:30 INFO ShuffleBlockFetcherIterator: Started 0 remote fetches in 0 ms
20/07/22 15:41:30 INFO Executor: Finished task 13.0 in stage 4.0 (TID 11). 2941 bytes result sent to driver
20/07/22 15:41:30 INFO TaskSetManager: Starting task 14.0 in stage 4.0 (TID 12, localhost, executor driver, partition 14, PROCESS_LOCAL, 5895 bytes)
20/07/22 15:41:30 INFO Executor: Running task 14.0 in stage 4.0 (TID 12)
20/07/22 15:41:30 INFO TaskSetManager: Finished task 13.0 in stage 4.0 (TID 11) in 5 ms on localhost (executor driver) (8/200)
20/07/22 15:41:30 INFO ShuffleBlockFetcherIterator: Getting 0 non-empty blocks out of 1 blocks
20/07/22 15:41:30 INFO ShuffleBlockFetcherIterator: Started 0 remote fetches in 0 ms
20/07/22 15:41:30 INFO Executor: Finished task 14.0 in stage 4.0 (TID 12). 2941 bytes result sent to driver
20/07/22 15:41:30 INFO TaskSetManager: Starting task 15.0 in stage 4.0 (TID 13, localhost, executor driver, partition 15, PROCESS_LOCAL, 5895 bytes)
20/07/22 15:41:30 INFO Executor: Running task 15.0 in stage 4.0 (TID 13)
20/07/22 15:41:30 INFO TaskSetManager: Finished task 14.0 in stage 4.0 (TID 12) in 5 ms on localhost (executor driver) (9/200)
20/07/22 15:41:30 INFO ShuffleBlockFetcherIterator: Getting 0 non-empty blocks out of 1 blocks
20/07/22 15:41:30 INFO ShuffleBlockFetcherIterator: Started 0 remote fetches in 0 ms
20/07/22 15:41:30 INFO Executor: Finished task 15.0 in stage 4.0 (TID 13). 2941 bytes result sent to driver
20/07/22 15:41:30 INFO TaskSetManager: Starting task 16.0 in stage 4.0 (TID 14, localhost, executor driver, partition 16, PROCESS_LOCAL, 5895 bytes)
20/07/22 15:41:30 INFO TaskSetManager: Finished task 15.0 in stage 4.0 (TID 13) in 5 ms on localhost (executor driver) (10/200)
20/07/22 15:41:30 INFO Executor: Running task 16.0 in stage 4.0 (TID 14)
20/07/22 15:41:30 INFO ShuffleBlockFetcherIterator: Getting 0 non-empty blocks out of 1 blocks
20/07/22 15:41:30 INFO ShuffleBlockFetcherIterator: Started 0 remote fetches in 0 ms
20/07/22 15:41:30 INFO Executor: Finished task 16.0 in stage 4.0 (TID 14). 2941 bytes result sent to driver
20/07/22 15:41:30 INFO TaskSetManager: Starting task 17.0 in stage 4.0 (TID 15, localhost, executor driver, partition 17, PROCESS_LOCAL, 5895 bytes)
20/07/22 15:41:30 INFO TaskSetManager: Finished task 16.0 in stage 4.0 (TID 14) in 5 ms on localhost (executor driver) (11/200)
20/07/22 15:41:30 INFO Executor: Running task 17.0 in stage 4.0 (TID 15)
20/07/22 15:41:30 INFO ShuffleBlockFetcherIterator: Getting 0 non-empty blocks out of 1 blocks
20/07/22 15:41:30 INFO ShuffleBlockFetcherIterator: Started 0 remote fetches in 0 ms
20/07/22 15:41:30 INFO Executor: Finished task 17.0 in stage 4.0 (TID 15). 2941 bytes result sent to driver
20/07/22 15:41:30 INFO TaskSetManager: Starting task 18.0 in stage 4.0 (TID 16, localhost, executor driver, partition 18, PROCESS_LOCAL, 5895 bytes)
20/07/22 15:41:30 INFO Executor: Running task 18.0 in stage 4.0 (TID 16)
20/07/22 15:41:30 INFO TaskSetManager: Finished task 17.0 in stage 4.0 (TID 15) in 6 ms on localhost (executor driver) (12/200)
20/07/22 15:41:30 INFO ShuffleBlockFetcherIterator: Getting 0 non-empty blocks out of 1 blocks
20/07/22 15:41:30 INFO ShuffleBlockFetcherIterator: Started 0 remote fetches in 1 ms
20/07/22 15:41:30 INFO Executor: Finished task 18.0 in stage 4.0 (TID 16). 2941 bytes result sent to driver
20/07/22 15:41:30 INFO TaskSetManager: Starting task 19.0 in stage 4.0 (TID 17, localhost, executor driver, partition 19, PROCESS_LOCAL, 5895 bytes)
20/07/22 15:41:30 INFO TaskSetManager: Finished task 18.0 in stage 4.0 (TID 16) in 8 ms on localhost (executor driver) (13/200)
20/07/22 15:41:30 INFO Executor: Running task 19.0 in stage 4.0 (TID 17)
20/07/22 15:41:30 INFO ShuffleBlockFetcherIterator: Getting 0 non-empty blocks out of 1 blocks
20/07/22 15:41:30 INFO ShuffleBlockFetcherIterator: Started 0 remote fetches in 0 ms
20/07/22 15:41:30 INFO Executor: Finished task 19.0 in stage 4.0 (TID 17). 2941 bytes result sent to driver
20/07/22 15:41:30 INFO TaskSetManager: Starting task 20.0 in stage 4.0 (TID 18, localhost, executor driver, partition 20, PROCESS_LOCAL, 5895 bytes)
20/07/22 15:41:30 INFO TaskSetManager: Finished task 19.0 in stage 4.0 (TID 17) in 6 ms on localhost (executor driver) (14/200)
20/07/22 15:41:30 INFO Executor: Running task 20.0 in stage 4.0 (TID 18)
20/07/22 15:41:30 INFO ShuffleBlockFetcherIterator: Getting 0 non-empty blocks out of 1 blocks
20/07/22 15:41:30 INFO ShuffleBlockFetcherIterator: Started 0 remote fetches in 1 ms
20/07/22 15:41:30 INFO Executor: Finished task 20.0 in stage 4.0 (TID 18). 2941 bytes result sent to driver
20/07/22 15:41:30 INFO TaskSetManager: Starting task 22.0 in stage 4.0 (TID 19, localhost, executor driver, partition 22, PROCESS_LOCAL, 5895 bytes)
20/07/22 15:41:30 INFO TaskSetManager: Finished task 20.0 in stage 4.0 (TID 18) in 7 ms on localhost (executor driver) (15/200)
20/07/22 15:41:30 INFO Executor: Running task 22.0 in stage 4.0 (TID 19)
20/07/22 15:41:30 INFO ShuffleBlockFetcherIterator: Getting 0 non-empty blocks out of 1 blocks
20/07/22 15:41:30 INFO ShuffleBlockFetcherIterator: Started 0 remote fetches in 0 ms
20/07/22 15:41:30 INFO Executor: Finished task 22.0 in stage 4.0 (TID 19). 2941 bytes result sent to driver
20/07/22 15:41:30 INFO TaskSetManager: Starting task 23.0 in stage 4.0 (TID 20, localhost, executor driver, partition 23, PROCESS_LOCAL, 5895 bytes)
20/07/22 15:41:30 INFO TaskSetManager: Finished task 22.0 in stage 4.0 (TID 19) in 5 ms on localhost (executor driver) (16/200)
20/07/22 15:41:30 INFO Executor: Running task 23.0 in stage 4.0 (TID 20)
20/07/22 15:41:30 INFO ShuffleBlockFetcherIterator: Getting 0 non-empty blocks out of 1 blocks
20/07/22 15:41:30 INFO ShuffleBlockFetcherIterator: Started 0 remote fetches in 0 ms
20/07/22 15:41:30 INFO Executor: Finished task 23.0 in stage 4.0 (TID 20). 2941 bytes result sent to driver
20/07/22 15:41:30 INFO TaskSetManager: Starting task 24.0 in stage 4.0 (TID 21, localhost, executor driver, partition 24, PROCESS_LOCAL, 5895 bytes)
20/07/22 15:41:30 INFO TaskSetManager: Finished task 23.0 in stage 4.0 (TID 20) in 5 ms on localhost (executor driver) (17/200)
20/07/22 15:41:30 INFO Executor: Running task 24.0 in stage 4.0 (TID 21)
20/07/22 15:41:30 INFO ShuffleBlockFetcherIterator: Getting 0 non-empty blocks out of 1 blocks
20/07/22 15:41:30 INFO ShuffleBlockFetcherIterator: Started 0 remote fetches in 1 ms
20/07/22 15:41:30 INFO Executor: Finished task 24.0 in stage 4.0 (TID 21). 2941 bytes result sent to driver
20/07/22 15:41:30 INFO TaskSetManager: Starting task 25.0 in stage 4.0 (TID 22, localhost, executor driver, partition 25, PROCESS_LOCAL, 5895 bytes)
20/07/22 15:41:30 INFO TaskSetManager: Finished task 24.0 in stage 4.0 (TID 21) in 6 ms on localhost (executor driver) (18/200)
20/07/22 15:41:30 INFO Executor: Running task 25.0 in stage 4.0 (TID 22)
20/07/22 15:41:30 INFO ShuffleBlockFetcherIterator: Getting 0 non-empty blocks out of 1 blocks
20/07/22 15:41:30 INFO ShuffleBlockFetcherIterator: Started 0 remote fetches in 0 ms
20/07/22 15:41:30 INFO Executor: Finished task 25.0 in stage 4.0 (TID 22). 2941 bytes result sent to driver
20/07/22 15:41:30 INFO TaskSetManager: Starting task 26.0 in stage 4.0 (TID 23, localhost, executor driver, partition 26, PROCESS_LOCAL, 5895 bytes)
20/07/22 15:41:30 INFO TaskSetManager: Finished task 25.0 in stage 4.0 (TID 22) in 6 ms on localhost (executor driver) (19/200)
20/07/22 15:41:30 INFO Executor: Running task 26.0 in stage 4.0 (TID 23)
20/07/22 15:41:30 INFO ShuffleBlockFetcherIterator: Getting 0 non-empty blocks out of 1 blocks
20/07/22 15:41:30 INFO ShuffleBlockFetcherIterator: Started 0 remote fetches in 0 ms
20/07/22 15:41:30 INFO Executor: Finished task 26.0 in stage 4.0 (TID 23). 2941 bytes result sent to driver
20/07/22 15:41:30 INFO TaskSetManager: Starting task 27.0 in stage 4.0 (TID 24, localhost, executor driver, partition 27, PROCESS_LOCAL, 5895 bytes)
20/07/22 15:41:30 INFO Executor: Running task 27.0 in stage 4.0 (TID 24)
20/07/22 15:41:30 INFO TaskSetManager: Finished task 26.0 in stage 4.0 (TID 23) in 6 ms on localhost (executor driver) (20/200)
20/07/22 15:41:30 INFO ShuffleBlockFetcherIterator: Getting 0 non-empty blocks out of 1 blocks
20/07/22 15:41:30 INFO ShuffleBlockFetcherIterator: Started 0 remote fetches in 0 ms
20/07/22 15:41:30 INFO Executor: Finished task 27.0 in stage 4.0 (TID 24). 2941 bytes result sent to driver
20/07/22 15:41:30 INFO TaskSetManager: Starting task 28.0 in stage 4.0 (TID 25, localhost, executor driver, partition 28, PROCESS_LOCAL, 5895 bytes)
20/07/22 15:41:30 INFO TaskSetManager: Finished task 27.0 in stage 4.0 (TID 24) in 5 ms on localhost (executor driver) (21/200)
20/07/22 15:41:30 INFO Executor: Running task 28.0 in stage 4.0 (TID 25)
20/07/22 15:41:30 INFO ShuffleBlockFetcherIterator: Getting 0 non-empty blocks out of 1 blocks
20/07/22 15:41:30 INFO ShuffleBlockFetcherIterator: Started 0 remote fetches in 0 ms
20/07/22 15:41:30 INFO Executor: Finished task 28.0 in stage 4.0 (TID 25). 2941 bytes result sent to driver
20/07/22 15:41:30 INFO TaskSetManager: Starting task 29.0 in stage 4.0 (TID 26, localhost, executor driver, partition 29, PROCESS_LOCAL, 5895 bytes)
20/07/22 15:41:30 INFO TaskSetManager: Finished task 28.0 in stage 4.0 (TID 25) in 6 ms on localhost (executor driver) (22/200)
20/07/22 15:41:30 INFO Executor: Running task 29.0 in stage 4.0 (TID 26)
20/07/22 15:41:30 INFO ShuffleBlockFetcherIterator: Getting 0 non-empty blocks out of 1 blocks
20/07/22 15:41:30 INFO ShuffleBlockFetcherIterator: Started 0 remote fetches in 0 ms
20/07/22 15:41:30 INFO Executor: Finished task 29.0 in stage 4.0 (TID 26). 2941 bytes result sent to driver
20/07/22 15:41:30 INFO TaskSetManager: Starting task 30.0 in stage 4.0 (TID 27, localhost, executor driver, partition 30, PROCESS_LOCAL, 5895 bytes)
20/07/22 15:41:30 INFO Executor: Running task 30.0 in stage 4.0 (TID 27)
20/07/22 15:41:30 INFO ShuffleBlockFetcherIterator: Getting 0 non-empty blocks out of 1 blocks
20/07/22 15:41:30 INFO ShuffleBlockFetcherIterator: Started 0 remote fetches in 1 ms
20/07/22 15:41:30 INFO Executor: Finished task 30.0 in stage 4.0 (TID 27). 2941 bytes result sent to driver
20/07/22 15:41:30 INFO TaskSetManager: Starting task 31.0 in stage 4.0 (TID 28, localhost, executor driver, partition 31, PROCESS_LOCAL, 5895 bytes)
20/07/22 15:41:30 INFO Executor: Running task 31.0 in stage 4.0 (TID 28)
20/07/22 15:41:30 INFO TaskSetManager: Finished task 30.0 in stage 4.0 (TID 27) in 6 ms on localhost (executor driver) (23/200)
20/07/22 15:41:30 INFO TaskSetManager: Finished task 29.0 in stage 4.0 (TID 26) in 12 ms on localhost (executor driver) (24/200)
20/07/22 15:41:30 INFO ShuffleBlockFetcherIterator: Getting 0 non-empty blocks out of 1 blocks
20/07/22 15:41:30 INFO ShuffleBlockFetcherIterator: Started 0 remote fetches in 0 ms
20/07/22 15:41:30 INFO Executor: Finished task 31.0 in stage 4.0 (TID 28). 2941 bytes result sent to driver
20/07/22 15:41:30 INFO TaskSetManager: Starting task 32.0 in stage 4.0 (TID 29, localhost, executor driver, partition 32, PROCESS_LOCAL, 5895 bytes)
20/07/22 15:41:30 INFO TaskSetManager: Finished task 31.0 in stage 4.0 (TID 28) in 5 ms on localhost (executor driver) (25/200)
20/07/22 15:41:30 INFO Executor: Running task 32.0 in stage 4.0 (TID 29)
20/07/22 15:41:30 INFO ShuffleBlockFetcherIterator: Getting 0 non-empty blocks out of 1 blocks
20/07/22 15:41:30 INFO ShuffleBlockFetcherIterator: Started 0 remote fetches in 0 ms
20/07/22 15:41:30 INFO Executor: Finished task 32.0 in stage 4.0 (TID 29). 2941 bytes result sent to driver
20/07/22 15:41:30 INFO TaskSetManager: Starting task 33.0 in stage 4.0 (TID 30, localhost, executor driver, partition 33, PROCESS_LOCAL, 5895 bytes)
20/07/22 15:41:30 INFO TaskSetManager: Finished task 32.0 in stage 4.0 (TID 29) in 6 ms on localhost (executor driver) (26/200)
20/07/22 15:41:30 INFO Executor: Running task 33.0 in stage 4.0 (TID 30)
20/07/22 15:41:30 INFO ShuffleBlockFetcherIterator: Getting 0 non-empty blocks out of 1 blocks
20/07/22 15:41:30 INFO ShuffleBlockFetcherIterator: Started 0 remote fetches in 0 ms
20/07/22 15:41:30 INFO Executor: Finished task 33.0 in stage 4.0 (TID 30). 2941 bytes result sent to driver
20/07/22 15:41:30 INFO TaskSetManager: Starting task 34.0 in stage 4.0 (TID 31, localhost, executor driver, partition 34, PROCESS_LOCAL, 5895 bytes)
20/07/22 15:41:30 INFO TaskSetManager: Finished task 33.0 in stage 4.0 (TID 30) in 7 ms on localhost (executor driver) (27/200)
20/07/22 15:41:30 INFO Executor: Running task 34.0 in stage 4.0 (TID 31)
20/07/22 15:41:30 INFO ShuffleBlockFetcherIterator: Getting 0 non-empty blocks out of 1 blocks
20/07/22 15:41:30 INFO ShuffleBlockFetcherIterator: Started 0 remote fetches in 0 ms
20/07/22 15:41:30 INFO Executor: Finished task 34.0 in stage 4.0 (TID 31). 2941 bytes result sent to driver
20/07/22 15:41:30 INFO TaskSetManager: Starting task 35.0 in stage 4.0 (TID 32, localhost, executor driver, partition 35, PROCESS_LOCAL, 5895 bytes)
20/07/22 15:41:30 INFO TaskSetManager: Finished task 34.0 in stage 4.0 (TID 31) in 7 ms on localhost (executor driver) (28/200)
20/07/22 15:41:30 INFO Executor: Running task 35.0 in stage 4.0 (TID 32)
20/07/22 15:41:30 INFO ShuffleBlockFetcherIterator: Getting 0 non-empty blocks out of 1 blocks
20/07/22 15:41:30 INFO ShuffleBlockFetcherIterator: Started 0 remote fetches in 0 ms
20/07/22 15:41:30 INFO Executor: Finished task 35.0 in stage 4.0 (TID 32). 2941 bytes result sent to driver
20/07/22 15:41:30 INFO TaskSetManager: Starting task 38.0 in stage 4.0 (TID 33, localhost, executor driver, partition 38, PROCESS_LOCAL, 5895 bytes)
20/07/22 15:41:30 INFO TaskSetManager: Finished task 35.0 in stage 4.0 (TID 32) in 6 ms on localhost (executor driver) (29/200)
20/07/22 15:41:30 INFO Executor: Running task 38.0 in stage 4.0 (TID 33)
20/07/22 15:41:30 INFO ShuffleBlockFetcherIterator: Getting 0 non-empty blocks out of 1 blocks
20/07/22 15:41:30 INFO ShuffleBlockFetcherIterator: Started 0 remote fetches in 0 ms
20/07/22 15:41:30 INFO Executor: Finished task 38.0 in stage 4.0 (TID 33). 2941 bytes result sent to driver
20/07/22 15:41:30 INFO TaskSetManager: Starting task 39.0 in stage 4.0 (TID 34, localhost, executor driver, partition 39, PROCESS_LOCAL, 5895 bytes)
20/07/22 15:41:30 INFO TaskSetManager: Finished task 38.0 in stage 4.0 (TID 33) in 11 ms on localhost (executor driver) (30/200)
20/07/22 15:41:30 INFO Executor: Running task 39.0 in stage 4.0 (TID 34)
20/07/22 15:41:30 INFO ShuffleBlockFetcherIterator: Getting 0 non-empty blocks out of 1 blocks
20/07/22 15:41:30 INFO ShuffleBlockFetcherIterator: Started 0 remote fetches in 0 ms
20/07/22 15:41:30 INFO Executor: Finished task 39.0 in stage 4.0 (TID 34). 2941 bytes result sent to driver
20/07/22 15:41:30 INFO TaskSetManager: Starting task 40.0 in stage 4.0 (TID 35, localhost, executor driver, partition 40, PROCESS_LOCAL, 5895 bytes)
20/07/22 15:41:30 INFO TaskSetManager: Finished task 39.0 in stage 4.0 (TID 34) in 5 ms on localhost (executor driver) (31/200)
20/07/22 15:41:30 INFO Executor: Running task 40.0 in stage 4.0 (TID 35)
20/07/22 15:41:30 INFO ShuffleBlockFetcherIterator: Getting 0 non-empty blocks out of 1 blocks
20/07/22 15:41:30 INFO ShuffleBlockFetcherIterator: Started 0 remote fetches in 0 ms
20/07/22 15:41:30 INFO Executor: Finished task 40.0 in stage 4.0 (TID 35). 2941 bytes result sent to driver
20/07/22 15:41:30 INFO TaskSetManager: Starting task 42.0 in stage 4.0 (TID 36, localhost, executor driver, partition 42, PROCESS_LOCAL, 5895 bytes)
20/07/22 15:41:30 INFO TaskSetManager: Finished task 40.0 in stage 4.0 (TID 35) in 5 ms on localhost (executor driver) (32/200)
20/07/22 15:41:30 INFO Executor: Running task 42.0 in stage 4.0 (TID 36)
20/07/22 15:41:30 INFO ShuffleBlockFetcherIterator: Getting 0 non-empty blocks out of 1 blocks
20/07/22 15:41:30 INFO ShuffleBlockFetcherIterator: Started 0 remote fetches in 0 ms
20/07/22 15:41:30 INFO Executor: Finished task 42.0 in stage 4.0 (TID 36). 2941 bytes result sent to driver
20/07/22 15:41:30 INFO TaskSetManager: Starting task 43.0 in stage 4.0 (TID 37, localhost, executor driver, partition 43, PROCESS_LOCAL, 5895 bytes)
20/07/22 15:41:30 INFO TaskSetManager: Finished task 42.0 in stage 4.0 (TID 36) in 6 ms on localhost (executor driver) (33/200)
20/07/22 15:41:30 INFO Executor: Running task 43.0 in stage 4.0 (TID 37)
20/07/22 15:41:30 INFO ShuffleBlockFetcherIterator: Getting 0 non-empty blocks out of 1 blocks
20/07/22 15:41:30 INFO ShuffleBlockFetcherIterator: Started 0 remote fetches in 0 ms
20/07/22 15:41:30 INFO Executor: Finished task 43.0 in stage 4.0 (TID 37). 2941 bytes result sent to driver
20/07/22 15:41:30 INFO TaskSetManager: Starting task 44.0 in stage 4.0 (TID 38, localhost, executor driver, partition 44, PROCESS_LOCAL, 5895 bytes)
20/07/22 15:41:30 INFO Executor: Running task 44.0 in stage 4.0 (TID 38)
20/07/22 15:41:30 INFO TaskSetManager: Finished task 43.0 in stage 4.0 (TID 37) in 6 ms on localhost (executor driver) (34/200)
20/07/22 15:41:30 INFO ShuffleBlockFetcherIterator: Getting 0 non-empty blocks out of 1 blocks
20/07/22 15:41:30 INFO ShuffleBlockFetcherIterator: Started 0 remote fetches in 0 ms
20/07/22 15:41:30 INFO Executor: Finished task 44.0 in stage 4.0 (TID 38). 2941 bytes result sent to driver
20/07/22 15:41:30 INFO TaskSetManager: Starting task 45.0 in stage 4.0 (TID 39, localhost, executor driver, partition 45, PROCESS_LOCAL, 5895 bytes)
20/07/22 15:41:30 INFO TaskSetManager: Finished task 44.0 in stage 4.0 (TID 38) in 6 ms on localhost (executor driver) (35/200)
20/07/22 15:41:30 INFO Executor: Running task 45.0 in stage 4.0 (TID 39)
20/07/22 15:41:30 INFO ShuffleBlockFetcherIterator: Getting 0 non-empty blocks out of 1 blocks
20/07/22 15:41:30 INFO ShuffleBlockFetcherIterator: Started 0 remote fetches in 0 ms
20/07/22 15:41:30 INFO Executor: Finished task 45.0 in stage 4.0 (TID 39). 2941 bytes result sent to driver
20/07/22 15:41:30 INFO TaskSetManager: Starting task 46.0 in stage 4.0 (TID 40, localhost, executor driver, partition 46, PROCESS_LOCAL, 5895 bytes)
20/07/22 15:41:30 INFO TaskSetManager: Finished task 45.0 in stage 4.0 (TID 39) in 9 ms on localhost (executor driver) (36/200)
20/07/22 15:41:30 INFO Executor: Running task 46.0 in stage 4.0 (TID 40)
20/07/22 15:41:30 INFO ShuffleBlockFetcherIterator: Getting 0 non-empty blocks out of 1 blocks
20/07/22 15:41:30 INFO ShuffleBlockFetcherIterator: Started 0 remote fetches in 0 ms
20/07/22 15:41:30 INFO Executor: Finished task 46.0 in stage 4.0 (TID 40). 2941 bytes result sent to driver
20/07/22 15:41:30 INFO TaskSetManager: Starting task 47.0 in stage 4.0 (TID 41, localhost, executor driver, partition 47, PROCESS_LOCAL, 5895 bytes)
20/07/22 15:41:30 INFO TaskSetManager: Finished task 46.0 in stage 4.0 (TID 40) in 6 ms on localhost (executor driver) (37/200)
20/07/22 15:41:30 INFO Executor: Running task 47.0 in stage 4.0 (TID 41)
20/07/22 15:41:30 INFO ShuffleBlockFetcherIterator: Getting 0 non-empty blocks out of 1 blocks
20/07/22 15:41:30 INFO ShuffleBlockFetcherIterator: Started 0 remote fetches in 0 ms
20/07/22 15:41:30 INFO Executor: Finished task 47.0 in stage 4.0 (TID 41). 2941 bytes result sent to driver
20/07/22 15:41:30 INFO TaskSetManager: Starting task 48.0 in stage 4.0 (TID 42, localhost, executor driver, partition 48, PROCESS_LOCAL, 5895 bytes)
20/07/22 15:41:30 INFO Executor: Running task 48.0 in stage 4.0 (TID 42)
20/07/22 15:41:30 INFO TaskSetManager: Finished task 47.0 in stage 4.0 (TID 41) in 6 ms on localhost (executor driver) (38/200)
20/07/22 15:41:30 INFO ShuffleBlockFetcherIterator: Getting 0 non-empty blocks out of 1 blocks
20/07/22 15:41:30 INFO ShuffleBlockFetcherIterator: Started 0 remote fetches in 0 ms
20/07/22 15:41:30 INFO Executor: Finished task 48.0 in stage 4.0 (TID 42). 2941 bytes result sent to driver
20/07/22 15:41:30 INFO TaskSetManager: Starting task 49.0 in stage 4.0 (TID 43, localhost, executor driver, partition 49, PROCESS_LOCAL, 5895 bytes)
20/07/22 15:41:30 INFO TaskSetManager: Finished task 48.0 in stage 4.0 (TID 42) in 5 ms on localhost (executor driver) (39/200)
20/07/22 15:41:30 INFO Executor: Running task 49.0 in stage 4.0 (TID 43)
20/07/22 15:41:30 INFO ShuffleBlockFetcherIterator: Getting 0 non-empty blocks out of 1 blocks
20/07/22 15:41:30 INFO ShuffleBlockFetcherIterator: Started 0 remote fetches in 0 ms
20/07/22 15:41:30 INFO Executor: Finished task 49.0 in stage 4.0 (TID 43). 2941 bytes result sent to driver
20/07/22 15:41:30 INFO TaskSetManager: Starting task 50.0 in stage 4.0 (TID 44, localhost, executor driver, partition 50, PROCESS_LOCAL, 5895 bytes)
20/07/22 15:41:30 INFO TaskSetManager: Finished task 49.0 in stage 4.0 (TID 43) in 6 ms on localhost (executor driver) (40/200)
20/07/22 15:41:30 INFO Executor: Running task 50.0 in stage 4.0 (TID 44)
20/07/22 15:41:30 INFO ShuffleBlockFetcherIterator: Getting 0 non-empty blocks out of 1 blocks
20/07/22 15:41:30 INFO ShuffleBlockFetcherIterator: Started 0 remote fetches in 0 ms
20/07/22 15:41:30 INFO Executor: Finished task 50.0 in stage 4.0 (TID 44). 2941 bytes result sent to driver
20/07/22 15:41:30 INFO TaskSetManager: Starting task 51.0 in stage 4.0 (TID 45, localhost, executor driver, partition 51, PROCESS_LOCAL, 5895 bytes)
20/07/22 15:41:30 INFO Executor: Running task 51.0 in stage 4.0 (TID 45)
20/07/22 15:41:30 INFO TaskSetManager: Finished task 50.0 in stage 4.0 (TID 44) in 7 ms on localhost (executor driver) (41/200)
20/07/22 15:41:30 INFO ShuffleBlockFetcherIterator: Getting 0 non-empty blocks out of 1 blocks
20/07/22 15:41:30 INFO ShuffleBlockFetcherIterator: Started 0 remote fetches in 1 ms
20/07/22 15:41:30 INFO Executor: Finished task 51.0 in stage 4.0 (TID 45). 2941 bytes result sent to driver
20/07/22 15:41:30 INFO TaskSetManager: Starting task 52.0 in stage 4.0 (TID 46, localhost, executor driver, partition 52, PROCESS_LOCAL, 5895 bytes)
20/07/22 15:41:30 INFO TaskSetManager: Finished task 51.0 in stage 4.0 (TID 45) in 6 ms on localhost (executor driver) (42/200)
20/07/22 15:41:30 INFO Executor: Running task 52.0 in stage 4.0 (TID 46)
20/07/22 15:41:30 INFO ShuffleBlockFetcherIterator: Getting 0 non-empty blocks out of 1 blocks
20/07/22 15:41:30 INFO ShuffleBlockFetcherIterator: Started 0 remote fetches in 0 ms
20/07/22 15:41:30 INFO Executor: Finished task 52.0 in stage 4.0 (TID 46). 2941 bytes result sent to driver
20/07/22 15:41:30 INFO TaskSetManager: Starting task 53.0 in stage 4.0 (TID 47, localhost, executor driver, partition 53, PROCESS_LOCAL, 5895 bytes)
20/07/22 15:41:30 INFO TaskSetManager: Finished task 52.0 in stage 4.0 (TID 46) in 6 ms on localhost (executor driver) (43/200)
20/07/22 15:41:30 INFO Executor: Running task 53.0 in stage 4.0 (TID 47)
20/07/22 15:41:30 INFO ShuffleBlockFetcherIterator: Getting 0 non-empty blocks out of 1 blocks
20/07/22 15:41:30 INFO ShuffleBlockFetcherIterator: Started 0 remote fetches in 0 ms
20/07/22 15:41:30 INFO Executor: Finished task 53.0 in stage 4.0 (TID 47). 2941 bytes result sent to driver
20/07/22 15:41:30 INFO TaskSetManager: Starting task 54.0 in stage 4.0 (TID 48, localhost, executor driver, partition 54, PROCESS_LOCAL, 5895 bytes)
20/07/22 15:41:30 INFO TaskSetManager: Finished task 53.0 in stage 4.0 (TID 47) in 6 ms on localhost (executor driver) (44/200)
20/07/22 15:41:30 INFO Executor: Running task 54.0 in stage 4.0 (TID 48)
20/07/22 15:41:30 INFO ShuffleBlockFetcherIterator: Getting 0 non-empty blocks out of 1 blocks
20/07/22 15:41:30 INFO ShuffleBlockFetcherIterator: Started 0 remote fetches in 0 ms
20/07/22 15:41:30 INFO Executor: Finished task 54.0 in stage 4.0 (TID 48). 2941 bytes result sent to driver
20/07/22 15:41:30 INFO TaskSetManager: Starting task 55.0 in stage 4.0 (TID 49, localhost, executor driver, partition 55, PROCESS_LOCAL, 5895 bytes)
20/07/22 15:41:30 INFO TaskSetManager: Finished task 54.0 in stage 4.0 (TID 48) in 5 ms on localhost (executor driver) (45/200)
20/07/22 15:41:30 INFO Executor: Running task 55.0 in stage 4.0 (TID 49)
20/07/22 15:41:30 INFO ShuffleBlockFetcherIterator: Getting 0 non-empty blocks out of 1 blocks
20/07/22 15:41:30 INFO ShuffleBlockFetcherIterator: Started 0 remote fetches in 0 ms
20/07/22 15:41:30 INFO Executor: Finished task 55.0 in stage 4.0 (TID 49). 2941 bytes result sent to driver
20/07/22 15:41:30 INFO TaskSetManager: Starting task 56.0 in stage 4.0 (TID 50, localhost, executor driver, partition 56, PROCESS_LOCAL, 5895 bytes)
20/07/22 15:41:30 INFO Executor: Running task 56.0 in stage 4.0 (TID 50)
20/07/22 15:41:30 INFO TaskSetManager: Finished task 55.0 in stage 4.0 (TID 49) in 6 ms on localhost (executor driver) (46/200)
20/07/22 15:41:30 INFO ShuffleBlockFetcherIterator: Getting 0 non-empty blocks out of 1 blocks
20/07/22 15:41:30 INFO ShuffleBlockFetcherIterator: Started 0 remote fetches in 0 ms
20/07/22 15:41:30 INFO Executor: Finished task 56.0 in stage 4.0 (TID 50). 2941 bytes result sent to driver
20/07/22 15:41:30 INFO TaskSetManager: Starting task 57.0 in stage 4.0 (TID 51, localhost, executor driver, partition 57, PROCESS_LOCAL, 5895 bytes)
20/07/22 15:41:30 INFO Executor: Running task 57.0 in stage 4.0 (TID 51)
20/07/22 15:41:30 INFO TaskSetManager: Finished task 56.0 in stage 4.0 (TID 50) in 5 ms on localhost (executor driver) (47/200)
20/07/22 15:41:30 INFO ShuffleBlockFetcherIterator: Getting 0 non-empty blocks out of 1 blocks
20/07/22 15:41:30 INFO ShuffleBlockFetcherIterator: Started 0 remote fetches in 0 ms
20/07/22 15:41:30 INFO Executor: Finished task 57.0 in stage 4.0 (TID 51). 2941 bytes result sent to driver
20/07/22 15:41:30 INFO TaskSetManager: Starting task 59.0 in stage 4.0 (TID 52, localhost, executor driver, partition 59, PROCESS_LOCAL, 5895 bytes)
20/07/22 15:41:30 INFO Executor: Running task 59.0 in stage 4.0 (TID 52)
20/07/22 15:41:30 INFO TaskSetManager: Finished task 57.0 in stage 4.0 (TID 51) in 5 ms on localhost (executor driver) (48/200)
20/07/22 15:41:30 INFO ShuffleBlockFetcherIterator: Getting 0 non-empty blocks out of 1 blocks
20/07/22 15:41:30 INFO ShuffleBlockFetcherIterator: Started 0 remote fetches in 0 ms
20/07/22 15:41:30 INFO Executor: Finished task 59.0 in stage 4.0 (TID 52). 2941 bytes result sent to driver
20/07/22 15:41:30 INFO TaskSetManager: Starting task 60.0 in stage 4.0 (TID 53, localhost, executor driver, partition 60, PROCESS_LOCAL, 5895 bytes)
20/07/22 15:41:30 INFO TaskSetManager: Finished task 59.0 in stage 4.0 (TID 52) in 6 ms on localhost (executor driver) (49/200)
20/07/22 15:41:30 INFO Executor: Running task 60.0 in stage 4.0 (TID 53)
20/07/22 15:41:30 INFO ShuffleBlockFetcherIterator: Getting 0 non-empty blocks out of 1 blocks
20/07/22 15:41:30 INFO ShuffleBlockFetcherIterator: Started 0 remote fetches in 0 ms
20/07/22 15:41:30 INFO Executor: Finished task 60.0 in stage 4.0 (TID 53). 2941 bytes result sent to driver
20/07/22 15:41:30 INFO TaskSetManager: Starting task 62.0 in stage 4.0 (TID 54, localhost, executor driver, partition 62, PROCESS_LOCAL, 5895 bytes)
20/07/22 15:41:30 INFO Executor: Running task 62.0 in stage 4.0 (TID 54)
20/07/22 15:41:30 INFO TaskSetManager: Finished task 60.0 in stage 4.0 (TID 53) in 5 ms on localhost (executor driver) (50/200)
20/07/22 15:41:30 INFO ShuffleBlockFetcherIterator: Getting 0 non-empty blocks out of 1 blocks
20/07/22 15:41:30 INFO ShuffleBlockFetcherIterator: Started 0 remote fetches in 1 ms
20/07/22 15:41:30 INFO Executor: Finished task 62.0 in stage 4.0 (TID 54). 2941 bytes result sent to driver
20/07/22 15:41:30 INFO TaskSetManager: Starting task 64.0 in stage 4.0 (TID 55, localhost, executor driver, partition 64, PROCESS_LOCAL, 5895 bytes)
20/07/22 15:41:30 INFO TaskSetManager: Finished task 62.0 in stage 4.0 (TID 54) in 11 ms on localhost (executor driver) (51/200)
20/07/22 15:41:30 INFO Executor: Running task 64.0 in stage 4.0 (TID 55)
20/07/22 15:41:30 INFO ShuffleBlockFetcherIterator: Getting 0 non-empty blocks out of 1 blocks
20/07/22 15:41:30 INFO ShuffleBlockFetcherIterator: Started 0 remote fetches in 0 ms
20/07/22 15:41:30 INFO Executor: Finished task 64.0 in stage 4.0 (TID 55). 2941 bytes result sent to driver
20/07/22 15:41:30 INFO TaskSetManager: Starting task 65.0 in stage 4.0 (TID 56, localhost, executor driver, partition 65, PROCESS_LOCAL, 5895 bytes)
20/07/22 15:41:30 INFO Executor: Running task 65.0 in stage 4.0 (TID 56)
20/07/22 15:41:30 INFO TaskSetManager: Finished task 64.0 in stage 4.0 (TID 55) in 7 ms on localhost (executor driver) (52/200)
20/07/22 15:41:30 INFO ShuffleBlockFetcherIterator: Getting 0 non-empty blocks out of 1 blocks
20/07/22 15:41:30 INFO ShuffleBlockFetcherIterator: Started 0 remote fetches in 0 ms
20/07/22 15:41:30 INFO Executor: Finished task 65.0 in stage 4.0 (TID 56). 2941 bytes result sent to driver
20/07/22 15:41:30 INFO TaskSetManager: Starting task 68.0 in stage 4.0 (TID 57, localhost, executor driver, partition 68, PROCESS_LOCAL, 5895 bytes)
20/07/22 15:41:30 INFO Executor: Running task 68.0 in stage 4.0 (TID 57)
20/07/22 15:41:30 INFO TaskSetManager: Finished task 65.0 in stage 4.0 (TID 56) in 5 ms on localhost (executor driver) (53/200)
20/07/22 15:41:30 INFO ShuffleBlockFetcherIterator: Getting 0 non-empty blocks out of 1 blocks
20/07/22 15:41:30 INFO ShuffleBlockFetcherIterator: Started 0 remote fetches in 0 ms
20/07/22 15:41:30 INFO Executor: Finished task 68.0 in stage 4.0 (TID 57). 2941 bytes result sent to driver
20/07/22 15:41:30 INFO TaskSetManager: Starting task 69.0 in stage 4.0 (TID 58, localhost, executor driver, partition 69, PROCESS_LOCAL, 5895 bytes)
20/07/22 15:41:30 INFO Executor: Running task 69.0 in stage 4.0 (TID 58)
20/07/22 15:41:30 INFO TaskSetManager: Finished task 68.0 in stage 4.0 (TID 57) in 6 ms on localhost (executor driver) (54/200)
20/07/22 15:41:30 INFO ShuffleBlockFetcherIterator: Getting 0 non-empty blocks out of 1 blocks
20/07/22 15:41:30 INFO ShuffleBlockFetcherIterator: Started 0 remote fetches in 0 ms
20/07/22 15:41:30 INFO Executor: Finished task 69.0 in stage 4.0 (TID 58). 2941 bytes result sent to driver
20/07/22 15:41:30 INFO TaskSetManager: Starting task 70.0 in stage 4.0 (TID 59, localhost, executor driver, partition 70, PROCESS_LOCAL, 5895 bytes)
20/07/22 15:41:30 INFO TaskSetManager: Finished task 69.0 in stage 4.0 (TID 58) in 5 ms on localhost (executor driver) (55/200)
20/07/22 15:41:30 INFO Executor: Running task 70.0 in stage 4.0 (TID 59)
20/07/22 15:41:30 INFO ShuffleBlockFetcherIterator: Getting 0 non-empty blocks out of 1 blocks
20/07/22 15:41:30 INFO ShuffleBlockFetcherIterator: Started 0 remote fetches in 0 ms
20/07/22 15:41:30 INFO Executor: Finished task 70.0 in stage 4.0 (TID 59). 2941 bytes result sent to driver
20/07/22 15:41:30 INFO TaskSetManager: Starting task 71.0 in stage 4.0 (TID 60, localhost, executor driver, partition 71, PROCESS_LOCAL, 5895 bytes)
20/07/22 15:41:30 INFO TaskSetManager: Finished task 70.0 in stage 4.0 (TID 59) in 6 ms on localhost (executor driver) (56/200)
20/07/22 15:41:30 INFO Executor: Running task 71.0 in stage 4.0 (TID 60)
20/07/22 15:41:30 INFO ShuffleBlockFetcherIterator: Getting 0 non-empty blocks out of 1 blocks
20/07/22 15:41:30 INFO ShuffleBlockFetcherIterator: Started 0 remote fetches in 0 ms
20/07/22 15:41:30 INFO Executor: Finished task 71.0 in stage 4.0 (TID 60). 2941 bytes result sent to driver
20/07/22 15:41:30 INFO TaskSetManager: Starting task 72.0 in stage 4.0 (TID 61, localhost, executor driver, partition 72, PROCESS_LOCAL, 5895 bytes)
20/07/22 15:41:30 INFO TaskSetManager: Finished task 71.0 in stage 4.0 (TID 60) in 6 ms on localhost (executor driver) (57/200)
20/07/22 15:41:30 INFO Executor: Running task 72.0 in stage 4.0 (TID 61)
20/07/22 15:41:30 INFO ShuffleBlockFetcherIterator: Getting 0 non-empty blocks out of 1 blocks
20/07/22 15:41:30 INFO ShuffleBlockFetcherIterator: Started 0 remote fetches in 0 ms
20/07/22 15:41:30 INFO Executor: Finished task 72.0 in stage 4.0 (TID 61). 2941 bytes result sent to driver
20/07/22 15:41:30 INFO TaskSetManager: Starting task 73.0 in stage 4.0 (TID 62, localhost, executor driver, partition 73, PROCESS_LOCAL, 5895 bytes)
20/07/22 15:41:30 INFO TaskSetManager: Finished task 72.0 in stage 4.0 (TID 61) in 7 ms on localhost (executor driver) (58/200)
20/07/22 15:41:30 INFO Executor: Running task 73.0 in stage 4.0 (TID 62)
20/07/22 15:41:30 INFO ShuffleBlockFetcherIterator: Getting 0 non-empty blocks out of 1 blocks
20/07/22 15:41:30 INFO ShuffleBlockFetcherIterator: Started 0 remote fetches in 1 ms
20/07/22 15:41:30 INFO Executor: Finished task 73.0 in stage 4.0 (TID 62). 2941 bytes result sent to driver
20/07/22 15:41:30 INFO TaskSetManager: Starting task 74.0 in stage 4.0 (TID 63, localhost, executor driver, partition 74, PROCESS_LOCAL, 5895 bytes)
20/07/22 15:41:30 INFO TaskSetManager: Finished task 73.0 in stage 4.0 (TID 62) in 6 ms on localhost (executor driver) (59/200)
20/07/22 15:41:30 INFO Executor: Running task 74.0 in stage 4.0 (TID 63)
20/07/22 15:41:30 INFO ShuffleBlockFetcherIterator: Getting 0 non-empty blocks out of 1 blocks
20/07/22 15:41:30 INFO ShuffleBlockFetcherIterator: Started 0 remote fetches in 0 ms
20/07/22 15:41:30 INFO Executor: Finished task 74.0 in stage 4.0 (TID 63). 2941 bytes result sent to driver
20/07/22 15:41:30 INFO TaskSetManager: Starting task 75.0 in stage 4.0 (TID 64, localhost, executor driver, partition 75, PROCESS_LOCAL, 5895 bytes)
20/07/22 15:41:30 INFO TaskSetManager: Finished task 74.0 in stage 4.0 (TID 63) in 8 ms on localhost (executor driver) (60/200)
20/07/22 15:41:30 INFO Executor: Running task 75.0 in stage 4.0 (TID 64)
20/07/22 15:41:30 INFO ShuffleBlockFetcherIterator: Getting 0 non-empty blocks out of 1 blocks
20/07/22 15:41:30 INFO ShuffleBlockFetcherIterator: Started 0 remote fetches in 0 ms
20/07/22 15:41:30 INFO Executor: Finished task 75.0 in stage 4.0 (TID 64). 2941 bytes result sent to driver
20/07/22 15:41:30 INFO TaskSetManager: Starting task 76.0 in stage 4.0 (TID 65, localhost, executor driver, partition 76, PROCESS_LOCAL, 5895 bytes)
20/07/22 15:41:30 INFO Executor: Running task 76.0 in stage 4.0 (TID 65)
20/07/22 15:41:30 INFO TaskSetManager: Finished task 75.0 in stage 4.0 (TID 64) in 5 ms on localhost (executor driver) (61/200)
20/07/22 15:41:30 INFO ShuffleBlockFetcherIterator: Getting 0 non-empty blocks out of 1 blocks
20/07/22 15:41:30 INFO ShuffleBlockFetcherIterator: Started 0 remote fetches in 0 ms
20/07/22 15:41:30 INFO Executor: Finished task 76.0 in stage 4.0 (TID 65). 2941 bytes result sent to driver
20/07/22 15:41:30 INFO TaskSetManager: Starting task 77.0 in stage 4.0 (TID 66, localhost, executor driver, partition 77, PROCESS_LOCAL, 5895 bytes)
20/07/22 15:41:30 INFO Executor: Running task 77.0 in stage 4.0 (TID 66)
20/07/22 15:41:30 INFO TaskSetManager: Finished task 76.0 in stage 4.0 (TID 65) in 6 ms on localhost (executor driver) (62/200)
20/07/22 15:41:30 INFO ShuffleBlockFetcherIterator: Getting 0 non-empty blocks out of 1 blocks
20/07/22 15:41:30 INFO ShuffleBlockFetcherIterator: Started 0 remote fetches in 0 ms
20/07/22 15:41:30 INFO Executor: Finished task 77.0 in stage 4.0 (TID 66). 2941 bytes result sent to driver
20/07/22 15:41:30 INFO TaskSetManager: Starting task 79.0 in stage 4.0 (TID 67, localhost, executor driver, partition 79, PROCESS_LOCAL, 5895 bytes)
20/07/22 15:41:30 INFO Executor: Running task 79.0 in stage 4.0 (TID 67)
20/07/22 15:41:30 INFO TaskSetManager: Finished task 77.0 in stage 4.0 (TID 66) in 5 ms on localhost (executor driver) (63/200)
20/07/22 15:41:30 INFO ShuffleBlockFetcherIterator: Getting 0 non-empty blocks out of 1 blocks
20/07/22 15:41:30 INFO ShuffleBlockFetcherIterator: Started 0 remote fetches in 0 ms
20/07/22 15:41:30 INFO Executor: Finished task 79.0 in stage 4.0 (TID 67). 2941 bytes result sent to driver
20/07/22 15:41:30 INFO TaskSetManager: Starting task 80.0 in stage 4.0 (TID 68, localhost, executor driver, partition 80, PROCESS_LOCAL, 5895 bytes)
20/07/22 15:41:30 INFO TaskSetManager: Finished task 79.0 in stage 4.0 (TID 67) in 5 ms on localhost (executor driver) (64/200)
20/07/22 15:41:30 INFO Executor: Running task 80.0 in stage 4.0 (TID 68)
20/07/22 15:41:30 INFO ShuffleBlockFetcherIterator: Getting 0 non-empty blocks out of 1 blocks
20/07/22 15:41:30 INFO ShuffleBlockFetcherIterator: Started 0 remote fetches in 0 ms
20/07/22 15:41:30 INFO Executor: Finished task 80.0 in stage 4.0 (TID 68). 2941 bytes result sent to driver
20/07/22 15:41:30 INFO TaskSetManager: Starting task 81.0 in stage 4.0 (TID 69, localhost, executor driver, partition 81, PROCESS_LOCAL, 5895 bytes)
20/07/22 15:41:30 INFO TaskSetManager: Finished task 80.0 in stage 4.0 (TID 68) in 4 ms on localhost (executor driver) (65/200)
20/07/22 15:41:30 INFO Executor: Running task 81.0 in stage 4.0 (TID 69)
20/07/22 15:41:30 INFO ShuffleBlockFetcherIterator: Getting 0 non-empty blocks out of 1 blocks
20/07/22 15:41:30 INFO ShuffleBlockFetcherIterator: Started 0 remote fetches in 0 ms
20/07/22 15:41:30 INFO Executor: Finished task 81.0 in stage 4.0 (TID 69). 2941 bytes result sent to driver
20/07/22 15:41:30 INFO TaskSetManager: Starting task 82.0 in stage 4.0 (TID 70, localhost, executor driver, partition 82, PROCESS_LOCAL, 5895 bytes)
20/07/22 15:41:30 INFO TaskSetManager: Finished task 81.0 in stage 4.0 (TID 69) in 5 ms on localhost (executor driver) (66/200)
20/07/22 15:41:30 INFO Executor: Running task 82.0 in stage 4.0 (TID 70)
20/07/22 15:41:30 INFO ShuffleBlockFetcherIterator: Getting 0 non-empty blocks out of 1 blocks
20/07/22 15:41:30 INFO ShuffleBlockFetcherIterator: Started 0 remote fetches in 0 ms
20/07/22 15:41:30 INFO Executor: Finished task 82.0 in stage 4.0 (TID 70). 2941 bytes result sent to driver
20/07/22 15:41:30 INFO TaskSetManager: Starting task 83.0 in stage 4.0 (TID 71, localhost, executor driver, partition 83, PROCESS_LOCAL, 5895 bytes)
20/07/22 15:41:30 INFO Executor: Running task 83.0 in stage 4.0 (TID 71)
20/07/22 15:41:30 INFO TaskSetManager: Finished task 82.0 in stage 4.0 (TID 70) in 8 ms on localhost (executor driver) (67/200)
20/07/22 15:41:30 INFO ShuffleBlockFetcherIterator: Getting 0 non-empty blocks out of 1 blocks
20/07/22 15:41:30 INFO ShuffleBlockFetcherIterator: Started 0 remote fetches in 0 ms
20/07/22 15:41:30 INFO Executor: Finished task 83.0 in stage 4.0 (TID 71). 2941 bytes result sent to driver
20/07/22 15:41:30 INFO TaskSetManager: Starting task 84.0 in stage 4.0 (TID 72, localhost, executor driver, partition 84, PROCESS_LOCAL, 5895 bytes)
20/07/22 15:41:30 INFO TaskSetManager: Finished task 83.0 in stage 4.0 (TID 71) in 5 ms on localhost (executor driver) (68/200)
20/07/22 15:41:30 INFO Executor: Running task 84.0 in stage 4.0 (TID 72)
20/07/22 15:41:30 INFO ShuffleBlockFetcherIterator: Getting 0 non-empty blocks out of 1 blocks
20/07/22 15:41:30 INFO ShuffleBlockFetcherIterator: Started 0 remote fetches in 0 ms
20/07/22 15:41:30 INFO Executor: Finished task 84.0 in stage 4.0 (TID 72). 2941 bytes result sent to driver
20/07/22 15:41:30 INFO TaskSetManager: Starting task 85.0 in stage 4.0 (TID 73, localhost, executor driver, partition 85, PROCESS_LOCAL, 5895 bytes)
20/07/22 15:41:30 INFO Executor: Running task 85.0 in stage 4.0 (TID 73)
20/07/22 15:41:30 INFO TaskSetManager: Finished task 84.0 in stage 4.0 (TID 72) in 8 ms on localhost (executor driver) (69/200)
20/07/22 15:41:30 INFO ShuffleBlockFetcherIterator: Getting 0 non-empty blocks out of 1 blocks
20/07/22 15:41:30 INFO ShuffleBlockFetcherIterator: Started 0 remote fetches in 1 ms
20/07/22 15:41:30 INFO Executor: Finished task 85.0 in stage 4.0 (TID 73). 2941 bytes result sent to driver
20/07/22 15:41:30 INFO TaskSetManager: Starting task 86.0 in stage 4.0 (TID 74, localhost, executor driver, partition 86, PROCESS_LOCAL, 5895 bytes)
20/07/22 15:41:30 INFO Executor: Running task 86.0 in stage 4.0 (TID 74)
20/07/22 15:41:30 INFO TaskSetManager: Finished task 85.0 in stage 4.0 (TID 73) in 6 ms on localhost (executor driver) (70/200)
20/07/22 15:41:30 INFO ShuffleBlockFetcherIterator: Getting 0 non-empty blocks out of 1 blocks
20/07/22 15:41:30 INFO ShuffleBlockFetcherIterator: Started 0 remote fetches in 0 ms
20/07/22 15:41:30 INFO Executor: Finished task 86.0 in stage 4.0 (TID 74). 2941 bytes result sent to driver
20/07/22 15:41:30 INFO TaskSetManager: Starting task 87.0 in stage 4.0 (TID 75, localhost, executor driver, partition 87, PROCESS_LOCAL, 5895 bytes)
20/07/22 15:41:30 INFO TaskSetManager: Finished task 86.0 in stage 4.0 (TID 74) in 6 ms on localhost (executor driver) (71/200)
20/07/22 15:41:30 INFO Executor: Running task 87.0 in stage 4.0 (TID 75)
20/07/22 15:41:30 INFO ShuffleBlockFetcherIterator: Getting 0 non-empty blocks out of 1 blocks
20/07/22 15:41:30 INFO ShuffleBlockFetcherIterator: Started 0 remote fetches in 0 ms
20/07/22 15:41:30 INFO Executor: Finished task 87.0 in stage 4.0 (TID 75). 2862 bytes result sent to driver
20/07/22 15:41:30 INFO TaskSetManager: Starting task 88.0 in stage 4.0 (TID 76, localhost, executor driver, partition 88, PROCESS_LOCAL, 5895 bytes)
20/07/22 15:41:30 INFO Executor: Running task 88.0 in stage 4.0 (TID 76)
20/07/22 15:41:30 INFO TaskSetManager: Finished task 87.0 in stage 4.0 (TID 75) in 5 ms on localhost (executor driver) (72/200)
20/07/22 15:41:30 INFO ShuffleBlockFetcherIterator: Getting 0 non-empty blocks out of 1 blocks
20/07/22 15:41:30 INFO ShuffleBlockFetcherIterator: Started 0 remote fetches in 0 ms
20/07/22 15:41:31 INFO Executor: Finished task 88.0 in stage 4.0 (TID 76). 2941 bytes result sent to driver
20/07/22 15:41:31 INFO TaskSetManager: Starting task 89.0 in stage 4.0 (TID 77, localhost, executor driver, partition 89, PROCESS_LOCAL, 5895 bytes)
20/07/22 15:41:31 INFO TaskSetManager: Finished task 88.0 in stage 4.0 (TID 76) in 5 ms on localhost (executor driver) (73/200)
20/07/22 15:41:31 INFO Executor: Running task 89.0 in stage 4.0 (TID 77)
20/07/22 15:41:31 INFO ShuffleBlockFetcherIterator: Getting 0 non-empty blocks out of 1 blocks
20/07/22 15:41:31 INFO ShuffleBlockFetcherIterator: Started 0 remote fetches in 0 ms
20/07/22 15:41:31 INFO Executor: Finished task 89.0 in stage 4.0 (TID 77). 2941 bytes result sent to driver
20/07/22 15:41:31 INFO TaskSetManager: Starting task 90.0 in stage 4.0 (TID 78, localhost, executor driver, partition 90, PROCESS_LOCAL, 5895 bytes)
20/07/22 15:41:31 INFO TaskSetManager: Finished task 89.0 in stage 4.0 (TID 77) in 6 ms on localhost (executor driver) (74/200)
20/07/22 15:41:31 INFO Executor: Running task 90.0 in stage 4.0 (TID 78)
20/07/22 15:41:31 INFO ShuffleBlockFetcherIterator: Getting 0 non-empty blocks out of 1 blocks
20/07/22 15:41:31 INFO ShuffleBlockFetcherIterator: Started 0 remote fetches in 0 ms
20/07/22 15:41:31 INFO Executor: Finished task 90.0 in stage 4.0 (TID 78). 2941 bytes result sent to driver
20/07/22 15:41:31 INFO TaskSetManager: Starting task 93.0 in stage 4.0 (TID 79, localhost, executor driver, partition 93, PROCESS_LOCAL, 5895 bytes)
20/07/22 15:41:31 INFO TaskSetManager: Finished task 90.0 in stage 4.0 (TID 78) in 5 ms on localhost (executor driver) (75/200)
20/07/22 15:41:31 INFO Executor: Running task 93.0 in stage 4.0 (TID 79)
20/07/22 15:41:31 INFO ShuffleBlockFetcherIterator: Getting 0 non-empty blocks out of 1 blocks
20/07/22 15:41:31 INFO ShuffleBlockFetcherIterator: Started 0 remote fetches in 0 ms
20/07/22 15:41:31 INFO Executor: Finished task 93.0 in stage 4.0 (TID 79). 2941 bytes result sent to driver
20/07/22 15:41:31 INFO TaskSetManager: Starting task 94.0 in stage 4.0 (TID 80, localhost, executor driver, partition 94, PROCESS_LOCAL, 5895 bytes)
20/07/22 15:41:31 INFO Executor: Running task 94.0 in stage 4.0 (TID 80)
20/07/22 15:41:31 INFO TaskSetManager: Finished task 93.0 in stage 4.0 (TID 79) in 5 ms on localhost (executor driver) (76/200)
20/07/22 15:41:31 INFO ShuffleBlockFetcherIterator: Getting 0 non-empty blocks out of 1 blocks
20/07/22 15:41:31 INFO ShuffleBlockFetcherIterator: Started 0 remote fetches in 0 ms
20/07/22 15:41:31 INFO Executor: Finished task 94.0 in stage 4.0 (TID 80). 2941 bytes result sent to driver
20/07/22 15:41:31 INFO TaskSetManager: Starting task 95.0 in stage 4.0 (TID 81, localhost, executor driver, partition 95, PROCESS_LOCAL, 5895 bytes)
20/07/22 15:41:31 INFO Executor: Running task 95.0 in stage 4.0 (TID 81)
20/07/22 15:41:31 INFO TaskSetManager: Finished task 94.0 in stage 4.0 (TID 80) in 5 ms on localhost (executor driver) (77/200)
20/07/22 15:41:31 INFO ShuffleBlockFetcherIterator: Getting 0 non-empty blocks out of 1 blocks
20/07/22 15:41:31 INFO ShuffleBlockFetcherIterator: Started 0 remote fetches in 0 ms
20/07/22 15:41:31 INFO Executor: Finished task 95.0 in stage 4.0 (TID 81). 2941 bytes result sent to driver
20/07/22 15:41:31 INFO TaskSetManager: Starting task 96.0 in stage 4.0 (TID 82, localhost, executor driver, partition 96, PROCESS_LOCAL, 5895 bytes)
20/07/22 15:41:31 INFO TaskSetManager: Finished task 95.0 in stage 4.0 (TID 81) in 5 ms on localhost (executor driver) (78/200)
20/07/22 15:41:31 INFO Executor: Running task 96.0 in stage 4.0 (TID 82)
20/07/22 15:41:31 INFO ShuffleBlockFetcherIterator: Getting 0 non-empty blocks out of 1 blocks
20/07/22 15:41:31 INFO ShuffleBlockFetcherIterator: Started 0 remote fetches in 0 ms
20/07/22 15:41:31 INFO Executor: Finished task 96.0 in stage 4.0 (TID 82). 2941 bytes result sent to driver
20/07/22 15:41:31 INFO TaskSetManager: Starting task 97.0 in stage 4.0 (TID 83, localhost, executor driver, partition 97, PROCESS_LOCAL, 5895 bytes)
20/07/22 15:41:31 INFO TaskSetManager: Finished task 96.0 in stage 4.0 (TID 82) in 6 ms on localhost (executor driver) (79/200)
20/07/22 15:41:31 INFO Executor: Running task 97.0 in stage 4.0 (TID 83)
20/07/22 15:41:31 INFO ShuffleBlockFetcherIterator: Getting 0 non-empty blocks out of 1 blocks
20/07/22 15:41:31 INFO ShuffleBlockFetcherIterator: Started 0 remote fetches in 0 ms
20/07/22 15:41:31 INFO Executor: Finished task 97.0 in stage 4.0 (TID 83). 2941 bytes result sent to driver
20/07/22 15:41:31 INFO TaskSetManager: Starting task 98.0 in stage 4.0 (TID 84, localhost, executor driver, partition 98, PROCESS_LOCAL, 5895 bytes)
20/07/22 15:41:31 INFO Executor: Running task 98.0 in stage 4.0 (TID 84)
20/07/22 15:41:31 INFO TaskSetManager: Finished task 97.0 in stage 4.0 (TID 83) in 5 ms on localhost (executor driver) (80/200)
20/07/22 15:41:31 INFO ShuffleBlockFetcherIterator: Getting 0 non-empty blocks out of 1 blocks
20/07/22 15:41:31 INFO ShuffleBlockFetcherIterator: Started 0 remote fetches in 0 ms
20/07/22 15:41:31 INFO Executor: Finished task 98.0 in stage 4.0 (TID 84). 2941 bytes result sent to driver
20/07/22 15:41:31 INFO TaskSetManager: Starting task 100.0 in stage 4.0 (TID 85, localhost, executor driver, partition 100, PROCESS_LOCAL, 5895 bytes)
20/07/22 15:41:31 INFO TaskSetManager: Finished task 98.0 in stage 4.0 (TID 84) in 5 ms on localhost (executor driver) (81/200)
20/07/22 15:41:31 INFO Executor: Running task 100.0 in stage 4.0 (TID 85)
20/07/22 15:41:31 INFO ShuffleBlockFetcherIterator: Getting 0 non-empty blocks out of 1 blocks
20/07/22 15:41:31 INFO ShuffleBlockFetcherIterator: Started 0 remote fetches in 1 ms
20/07/22 15:41:31 INFO Executor: Finished task 100.0 in stage 4.0 (TID 85). 2941 bytes result sent to driver
20/07/22 15:41:31 INFO TaskSetManager: Starting task 101.0 in stage 4.0 (TID 86, localhost, executor driver, partition 101, PROCESS_LOCAL, 5895 bytes)
20/07/22 15:41:31 INFO TaskSetManager: Finished task 100.0 in stage 4.0 (TID 85) in 6 ms on localhost (executor driver) (82/200)
20/07/22 15:41:31 INFO Executor: Running task 101.0 in stage 4.0 (TID 86)
20/07/22 15:41:31 INFO ShuffleBlockFetcherIterator: Getting 0 non-empty blocks out of 1 blocks
20/07/22 15:41:31 INFO ShuffleBlockFetcherIterator: Started 0 remote fetches in 0 ms
20/07/22 15:41:31 INFO Executor: Finished task 101.0 in stage 4.0 (TID 86). 2941 bytes result sent to driver
20/07/22 15:41:31 INFO TaskSetManager: Starting task 102.0 in stage 4.0 (TID 87, localhost, executor driver, partition 102, PROCESS_LOCAL, 5895 bytes)
20/07/22 15:41:31 INFO TaskSetManager: Finished task 101.0 in stage 4.0 (TID 86) in 7 ms on localhost (executor driver) (83/200)
20/07/22 15:41:31 INFO Executor: Running task 102.0 in stage 4.0 (TID 87)
20/07/22 15:41:31 INFO ShuffleBlockFetcherIterator: Getting 0 non-empty blocks out of 1 blocks
20/07/22 15:41:31 INFO ShuffleBlockFetcherIterator: Started 0 remote fetches in 1 ms
20/07/22 15:41:31 INFO Executor: Finished task 102.0 in stage 4.0 (TID 87). 2941 bytes result sent to driver
20/07/22 15:41:31 INFO TaskSetManager: Starting task 103.0 in stage 4.0 (TID 88, localhost, executor driver, partition 103, PROCESS_LOCAL, 5895 bytes)
20/07/22 15:41:31 INFO TaskSetManager: Finished task 102.0 in stage 4.0 (TID 87) in 7 ms on localhost (executor driver) (84/200)
20/07/22 15:41:31 INFO Executor: Running task 103.0 in stage 4.0 (TID 88)
20/07/22 15:41:31 INFO ShuffleBlockFetcherIterator: Getting 0 non-empty blocks out of 1 blocks
20/07/22 15:41:31 INFO ShuffleBlockFetcherIterator: Started 0 remote fetches in 0 ms
20/07/22 15:41:31 INFO Executor: Finished task 103.0 in stage 4.0 (TID 88). 2941 bytes result sent to driver
20/07/22 15:41:31 INFO TaskSetManager: Starting task 104.0 in stage 4.0 (TID 89, localhost, executor driver, partition 104, PROCESS_LOCAL, 5895 bytes)
20/07/22 15:41:31 INFO Executor: Running task 104.0 in stage 4.0 (TID 89)
20/07/22 15:41:31 INFO TaskSetManager: Finished task 103.0 in stage 4.0 (TID 88) in 6 ms on localhost (executor driver) (85/200)
20/07/22 15:41:31 INFO ShuffleBlockFetcherIterator: Getting 0 non-empty blocks out of 1 blocks
20/07/22 15:41:31 INFO ShuffleBlockFetcherIterator: Started 0 remote fetches in 0 ms
20/07/22 15:41:31 INFO Executor: Finished task 104.0 in stage 4.0 (TID 89). 2941 bytes result sent to driver
20/07/22 15:41:31 INFO TaskSetManager: Starting task 105.0 in stage 4.0 (TID 90, localhost, executor driver, partition 105, PROCESS_LOCAL, 5895 bytes)
20/07/22 15:41:31 INFO Executor: Running task 105.0 in stage 4.0 (TID 90)
20/07/22 15:41:31 INFO TaskSetManager: Finished task 104.0 in stage 4.0 (TID 89) in 4 ms on localhost (executor driver) (86/200)
20/07/22 15:41:31 INFO ShuffleBlockFetcherIterator: Getting 0 non-empty blocks out of 1 blocks
20/07/22 15:41:31 INFO ShuffleBlockFetcherIterator: Started 0 remote fetches in 0 ms
20/07/22 15:41:31 INFO Executor: Finished task 105.0 in stage 4.0 (TID 90). 2941 bytes result sent to driver
20/07/22 15:41:31 INFO TaskSetManager: Starting task 106.0 in stage 4.0 (TID 91, localhost, executor driver, partition 106, PROCESS_LOCAL, 5895 bytes)
20/07/22 15:41:31 INFO TaskSetManager: Finished task 105.0 in stage 4.0 (TID 90) in 5 ms on localhost (executor driver) (87/200)
20/07/22 15:41:31 INFO Executor: Running task 106.0 in stage 4.0 (TID 91)
20/07/22 15:41:31 INFO ShuffleBlockFetcherIterator: Getting 0 non-empty blocks out of 1 blocks
20/07/22 15:41:31 INFO ShuffleBlockFetcherIterator: Started 0 remote fetches in 0 ms
20/07/22 15:41:31 INFO Executor: Finished task 106.0 in stage 4.0 (TID 91). 2941 bytes result sent to driver
20/07/22 15:41:31 INFO TaskSetManager: Starting task 107.0 in stage 4.0 (TID 92, localhost, executor driver, partition 107, PROCESS_LOCAL, 5895 bytes)
20/07/22 15:41:31 INFO TaskSetManager: Finished task 106.0 in stage 4.0 (TID 91) in 5 ms on localhost (executor driver) (88/200)
20/07/22 15:41:31 INFO Executor: Running task 107.0 in stage 4.0 (TID 92)
20/07/22 15:41:31 INFO ShuffleBlockFetcherIterator: Getting 0 non-empty blocks out of 1 blocks
20/07/22 15:41:31 INFO ShuffleBlockFetcherIterator: Started 0 remote fetches in 0 ms
20/07/22 15:41:31 INFO Executor: Finished task 107.0 in stage 4.0 (TID 92). 2941 bytes result sent to driver
20/07/22 15:41:31 INFO TaskSetManager: Starting task 108.0 in stage 4.0 (TID 93, localhost, executor driver, partition 108, PROCESS_LOCAL, 5895 bytes)
20/07/22 15:41:31 INFO Executor: Running task 108.0 in stage 4.0 (TID 93)
20/07/22 15:41:31 INFO TaskSetManager: Finished task 107.0 in stage 4.0 (TID 92) in 4 ms on localhost (executor driver) (89/200)
20/07/22 15:41:31 INFO ShuffleBlockFetcherIterator: Getting 0 non-empty blocks out of 1 blocks
20/07/22 15:41:31 INFO ShuffleBlockFetcherIterator: Started 0 remote fetches in 1 ms
20/07/22 15:41:31 INFO Executor: Finished task 108.0 in stage 4.0 (TID 93). 2941 bytes result sent to driver
20/07/22 15:41:31 INFO TaskSetManager: Starting task 109.0 in stage 4.0 (TID 94, localhost, executor driver, partition 109, PROCESS_LOCAL, 5895 bytes)
20/07/22 15:41:31 INFO Executor: Running task 109.0 in stage 4.0 (TID 94)
20/07/22 15:41:31 INFO ShuffleBlockFetcherIterator: Getting 0 non-empty blocks out of 1 blocks
20/07/22 15:41:31 INFO ShuffleBlockFetcherIterator: Started 0 remote fetches in 0 ms
20/07/22 15:41:31 INFO Executor: Finished task 109.0 in stage 4.0 (TID 94). 2941 bytes result sent to driver
20/07/22 15:41:31 INFO TaskSetManager: Starting task 110.0 in stage 4.0 (TID 95, localhost, executor driver, partition 110, PROCESS_LOCAL, 5895 bytes)
20/07/22 15:41:31 INFO TaskSetManager: Finished task 109.0 in stage 4.0 (TID 94) in 5 ms on localhost (executor driver) (90/200)
20/07/22 15:41:31 INFO Executor: Running task 110.0 in stage 4.0 (TID 95)
20/07/22 15:41:31 INFO ShuffleBlockFetcherIterator: Getting 0 non-empty blocks out of 1 blocks
20/07/22 15:41:31 INFO ShuffleBlockFetcherIterator: Started 0 remote fetches in 0 ms
20/07/22 15:41:31 INFO Executor: Finished task 110.0 in stage 4.0 (TID 95). 2941 bytes result sent to driver
20/07/22 15:41:31 INFO TaskSetManager: Finished task 108.0 in stage 4.0 (TID 93) in 13 ms on localhost (executor driver) (91/200)
20/07/22 15:41:31 INFO TaskSetManager: Starting task 111.0 in stage 4.0 (TID 96, localhost, executor driver, partition 111, PROCESS_LOCAL, 5895 bytes)
20/07/22 15:41:31 INFO Executor: Running task 111.0 in stage 4.0 (TID 96)
20/07/22 15:41:31 INFO TaskSetManager: Finished task 110.0 in stage 4.0 (TID 95) in 7 ms on localhost (executor driver) (92/200)
20/07/22 15:41:31 INFO ShuffleBlockFetcherIterator: Getting 0 non-empty blocks out of 1 blocks
20/07/22 15:41:31 INFO ShuffleBlockFetcherIterator: Started 0 remote fetches in 0 ms
20/07/22 15:41:31 INFO Executor: Finished task 111.0 in stage 4.0 (TID 96). 2941 bytes result sent to driver
20/07/22 15:41:31 INFO TaskSetManager: Starting task 113.0 in stage 4.0 (TID 97, localhost, executor driver, partition 113, PROCESS_LOCAL, 5895 bytes)
20/07/22 15:41:31 INFO Executor: Running task 113.0 in stage 4.0 (TID 97)
20/07/22 15:41:31 INFO TaskSetManager: Finished task 111.0 in stage 4.0 (TID 96) in 5 ms on localhost (executor driver) (93/200)
20/07/22 15:41:31 INFO ShuffleBlockFetcherIterator: Getting 0 non-empty blocks out of 1 blocks
20/07/22 15:41:31 INFO ShuffleBlockFetcherIterator: Started 0 remote fetches in 0 ms
20/07/22 15:41:31 INFO Executor: Finished task 113.0 in stage 4.0 (TID 97). 2941 bytes result sent to driver
20/07/22 15:41:31 INFO TaskSetManager: Starting task 114.0 in stage 4.0 (TID 98, localhost, executor driver, partition 114, PROCESS_LOCAL, 5895 bytes)
20/07/22 15:41:31 INFO Executor: Running task 114.0 in stage 4.0 (TID 98)
20/07/22 15:41:31 INFO TaskSetManager: Finished task 113.0 in stage 4.0 (TID 97) in 5 ms on localhost (executor driver) (94/200)
20/07/22 15:41:31 INFO ShuffleBlockFetcherIterator: Getting 0 non-empty blocks out of 1 blocks
20/07/22 15:41:31 INFO ShuffleBlockFetcherIterator: Started 0 remote fetches in 0 ms
20/07/22 15:41:31 INFO Executor: Finished task 114.0 in stage 4.0 (TID 98). 2941 bytes result sent to driver
20/07/22 15:41:31 INFO TaskSetManager: Starting task 115.0 in stage 4.0 (TID 99, localhost, executor driver, partition 115, PROCESS_LOCAL, 5895 bytes)
20/07/22 15:41:31 INFO TaskSetManager: Finished task 114.0 in stage 4.0 (TID 98) in 6 ms on localhost (executor driver) (95/200)
20/07/22 15:41:31 INFO Executor: Running task 115.0 in stage 4.0 (TID 99)
20/07/22 15:41:31 INFO ShuffleBlockFetcherIterator: Getting 0 non-empty blocks out of 1 blocks
20/07/22 15:41:31 INFO ShuffleBlockFetcherIterator: Started 0 remote fetches in 0 ms
20/07/22 15:41:31 INFO Executor: Finished task 115.0 in stage 4.0 (TID 99). 2941 bytes result sent to driver
20/07/22 15:41:31 INFO TaskSetManager: Starting task 116.0 in stage 4.0 (TID 100, localhost, executor driver, partition 116, PROCESS_LOCAL, 5895 bytes)
20/07/22 15:41:31 INFO Executor: Running task 116.0 in stage 4.0 (TID 100)
20/07/22 15:41:31 INFO TaskSetManager: Finished task 115.0 in stage 4.0 (TID 99) in 5 ms on localhost (executor driver) (96/200)
20/07/22 15:41:31 INFO ShuffleBlockFetcherIterator: Getting 0 non-empty blocks out of 1 blocks
20/07/22 15:41:31 INFO ShuffleBlockFetcherIterator: Started 0 remote fetches in 0 ms
20/07/22 15:41:31 INFO Executor: Finished task 116.0 in stage 4.0 (TID 100). 2941 bytes result sent to driver
20/07/22 15:41:31 INFO TaskSetManager: Starting task 117.0 in stage 4.0 (TID 101, localhost, executor driver, partition 117, PROCESS_LOCAL, 5895 bytes)
20/07/22 15:41:31 INFO Executor: Running task 117.0 in stage 4.0 (TID 101)
20/07/22 15:41:31 INFO TaskSetManager: Finished task 116.0 in stage 4.0 (TID 100) in 5 ms on localhost (executor driver) (97/200)
20/07/22 15:41:31 INFO ShuffleBlockFetcherIterator: Getting 0 non-empty blocks out of 1 blocks
20/07/22 15:41:31 INFO ShuffleBlockFetcherIterator: Started 0 remote fetches in 0 ms
20/07/22 15:41:31 INFO Executor: Finished task 117.0 in stage 4.0 (TID 101). 2941 bytes result sent to driver
20/07/22 15:41:31 INFO TaskSetManager: Starting task 118.0 in stage 4.0 (TID 102, localhost, executor driver, partition 118, PROCESS_LOCAL, 5895 bytes)
20/07/22 15:41:31 INFO Executor: Running task 118.0 in stage 4.0 (TID 102)
20/07/22 15:41:31 INFO TaskSetManager: Finished task 117.0 in stage 4.0 (TID 101) in 8 ms on localhost (executor driver) (98/200)
20/07/22 15:41:31 INFO ShuffleBlockFetcherIterator: Getting 0 non-empty blocks out of 1 blocks
20/07/22 15:41:31 INFO ShuffleBlockFetcherIterator: Started 0 remote fetches in 0 ms
20/07/22 15:41:31 INFO Executor: Finished task 118.0 in stage 4.0 (TID 102). 2941 bytes result sent to driver
20/07/22 15:41:31 INFO TaskSetManager: Starting task 120.0 in stage 4.0 (TID 103, localhost, executor driver, partition 120, PROCESS_LOCAL, 5895 bytes)
20/07/22 15:41:31 INFO Executor: Running task 120.0 in stage 4.0 (TID 103)
20/07/22 15:41:31 INFO TaskSetManager: Finished task 118.0 in stage 4.0 (TID 102) in 6 ms on localhost (executor driver) (99/200)
20/07/22 15:41:31 INFO ShuffleBlockFetcherIterator: Getting 0 non-empty blocks out of 1 blocks
20/07/22 15:41:31 INFO ShuffleBlockFetcherIterator: Started 0 remote fetches in 0 ms
20/07/22 15:41:31 INFO Executor: Finished task 120.0 in stage 4.0 (TID 103). 2941 bytes result sent to driver
20/07/22 15:41:31 INFO TaskSetManager: Starting task 121.0 in stage 4.0 (TID 104, localhost, executor driver, partition 121, PROCESS_LOCAL, 5895 bytes)
20/07/22 15:41:31 INFO Executor: Running task 121.0 in stage 4.0 (TID 104)
20/07/22 15:41:31 INFO TaskSetManager: Finished task 120.0 in stage 4.0 (TID 103) in 7 ms on localhost (executor driver) (100/200)
20/07/22 15:41:31 INFO ShuffleBlockFetcherIterator: Getting 0 non-empty blocks out of 1 blocks
20/07/22 15:41:31 INFO ShuffleBlockFetcherIterator: Started 0 remote fetches in 0 ms
20/07/22 15:41:31 INFO Executor: Finished task 121.0 in stage 4.0 (TID 104). 2941 bytes result sent to driver
20/07/22 15:41:31 INFO TaskSetManager: Starting task 122.0 in stage 4.0 (TID 105, localhost, executor driver, partition 122, PROCESS_LOCAL, 5895 bytes)
20/07/22 15:41:31 INFO TaskSetManager: Finished task 121.0 in stage 4.0 (TID 104) in 6 ms on localhost (executor driver) (101/200)
20/07/22 15:41:31 INFO Executor: Running task 122.0 in stage 4.0 (TID 105)
20/07/22 15:41:31 INFO ShuffleBlockFetcherIterator: Getting 0 non-empty blocks out of 1 blocks
20/07/22 15:41:31 INFO ShuffleBlockFetcherIterator: Started 0 remote fetches in 1 ms
20/07/22 15:41:31 INFO Executor: Finished task 122.0 in stage 4.0 (TID 105). 2941 bytes result sent to driver
20/07/22 15:41:31 INFO TaskSetManager: Starting task 123.0 in stage 4.0 (TID 106, localhost, executor driver, partition 123, PROCESS_LOCAL, 5895 bytes)
20/07/22 15:41:31 INFO TaskSetManager: Finished task 122.0 in stage 4.0 (TID 105) in 9 ms on localhost (executor driver) (102/200)
20/07/22 15:41:31 INFO Executor: Running task 123.0 in stage 4.0 (TID 106)
20/07/22 15:41:31 INFO ShuffleBlockFetcherIterator: Getting 0 non-empty blocks out of 1 blocks
20/07/22 15:41:31 INFO ShuffleBlockFetcherIterator: Started 0 remote fetches in 0 ms
20/07/22 15:41:31 INFO Executor: Finished task 123.0 in stage 4.0 (TID 106). 2941 bytes result sent to driver
20/07/22 15:41:31 INFO TaskSetManager: Starting task 124.0 in stage 4.0 (TID 107, localhost, executor driver, partition 124, PROCESS_LOCAL, 5895 bytes)
20/07/22 15:41:31 INFO TaskSetManager: Finished task 123.0 in stage 4.0 (TID 106) in 7 ms on localhost (executor driver) (103/200)
20/07/22 15:41:31 INFO Executor: Running task 124.0 in stage 4.0 (TID 107)
20/07/22 15:41:31 INFO ShuffleBlockFetcherIterator: Getting 0 non-empty blocks out of 1 blocks
20/07/22 15:41:31 INFO ShuffleBlockFetcherIterator: Started 0 remote fetches in 1 ms
20/07/22 15:41:31 INFO Executor: Finished task 124.0 in stage 4.0 (TID 107). 2941 bytes result sent to driver
20/07/22 15:41:31 INFO TaskSetManager: Starting task 125.0 in stage 4.0 (TID 108, localhost, executor driver, partition 125, PROCESS_LOCAL, 5895 bytes)
20/07/22 15:41:31 INFO TaskSetManager: Finished task 124.0 in stage 4.0 (TID 107) in 8 ms on localhost (executor driver) (104/200)
20/07/22 15:41:31 INFO Executor: Running task 125.0 in stage 4.0 (TID 108)
20/07/22 15:41:31 INFO ShuffleBlockFetcherIterator: Getting 0 non-empty blocks out of 1 blocks
20/07/22 15:41:31 INFO ShuffleBlockFetcherIterator: Started 0 remote fetches in 0 ms
20/07/22 15:41:31 INFO Executor: Finished task 125.0 in stage 4.0 (TID 108). 2941 bytes result sent to driver
20/07/22 15:41:31 INFO TaskSetManager: Starting task 126.0 in stage 4.0 (TID 109, localhost, executor driver, partition 126, PROCESS_LOCAL, 5895 bytes)
20/07/22 15:41:31 INFO TaskSetManager: Finished task 125.0 in stage 4.0 (TID 108) in 6 ms on localhost (executor driver) (105/200)
20/07/22 15:41:31 INFO Executor: Running task 126.0 in stage 4.0 (TID 109)
20/07/22 15:41:31 INFO ShuffleBlockFetcherIterator: Getting 0 non-empty blocks out of 1 blocks
20/07/22 15:41:31 INFO ShuffleBlockFetcherIterator: Started 0 remote fetches in 0 ms
20/07/22 15:41:31 INFO Executor: Finished task 126.0 in stage 4.0 (TID 109). 2941 bytes result sent to driver
20/07/22 15:41:31 INFO TaskSetManager: Starting task 127.0 in stage 4.0 (TID 110, localhost, executor driver, partition 127, PROCESS_LOCAL, 5895 bytes)
20/07/22 15:41:31 INFO TaskSetManager: Finished task 126.0 in stage 4.0 (TID 109) in 6 ms on localhost (executor driver) (106/200)
20/07/22 15:41:31 INFO Executor: Running task 127.0 in stage 4.0 (TID 110)
20/07/22 15:41:31 INFO ShuffleBlockFetcherIterator: Getting 0 non-empty blocks out of 1 blocks
20/07/22 15:41:31 INFO ShuffleBlockFetcherIterator: Started 0 remote fetches in 0 ms
20/07/22 15:41:31 INFO Executor: Finished task 127.0 in stage 4.0 (TID 110). 2941 bytes result sent to driver
20/07/22 15:41:31 INFO TaskSetManager: Starting task 128.0 in stage 4.0 (TID 111, localhost, executor driver, partition 128, PROCESS_LOCAL, 5895 bytes)
20/07/22 15:41:31 INFO TaskSetManager: Finished task 127.0 in stage 4.0 (TID 110) in 9 ms on localhost (executor driver) (107/200)
20/07/22 15:41:31 INFO Executor: Running task 128.0 in stage 4.0 (TID 111)
20/07/22 15:41:31 INFO ShuffleBlockFetcherIterator: Getting 0 non-empty blocks out of 1 blocks
20/07/22 15:41:31 INFO ShuffleBlockFetcherIterator: Started 0 remote fetches in 0 ms
20/07/22 15:41:31 INFO Executor: Finished task 128.0 in stage 4.0 (TID 111). 2941 bytes result sent to driver
20/07/22 15:41:31 INFO TaskSetManager: Starting task 129.0 in stage 4.0 (TID 112, localhost, executor driver, partition 129, PROCESS_LOCAL, 5895 bytes)
20/07/22 15:41:31 INFO TaskSetManager: Finished task 128.0 in stage 4.0 (TID 111) in 6 ms on localhost (executor driver) (108/200)
20/07/22 15:41:31 INFO Executor: Running task 129.0 in stage 4.0 (TID 112)
20/07/22 15:41:31 INFO ShuffleBlockFetcherIterator: Getting 0 non-empty blocks out of 1 blocks
20/07/22 15:41:31 INFO ShuffleBlockFetcherIterator: Started 0 remote fetches in 1 ms
20/07/22 15:41:31 INFO Executor: Finished task 129.0 in stage 4.0 (TID 112). 2941 bytes result sent to driver
20/07/22 15:41:31 INFO TaskSetManager: Starting task 130.0 in stage 4.0 (TID 113, localhost, executor driver, partition 130, PROCESS_LOCAL, 5895 bytes)
20/07/22 15:41:31 INFO Executor: Running task 130.0 in stage 4.0 (TID 113)
20/07/22 15:41:31 INFO TaskSetManager: Finished task 129.0 in stage 4.0 (TID 112) in 5 ms on localhost (executor driver) (109/200)
20/07/22 15:41:31 INFO ShuffleBlockFetcherIterator: Getting 0 non-empty blocks out of 1 blocks
20/07/22 15:41:31 INFO ShuffleBlockFetcherIterator: Started 0 remote fetches in 0 ms
20/07/22 15:41:31 INFO Executor: Finished task 130.0 in stage 4.0 (TID 113). 2941 bytes result sent to driver
20/07/22 15:41:31 INFO TaskSetManager: Starting task 131.0 in stage 4.0 (TID 114, localhost, executor driver, partition 131, PROCESS_LOCAL, 5895 bytes)
20/07/22 15:41:31 INFO TaskSetManager: Finished task 130.0 in stage 4.0 (TID 113) in 4 ms on localhost (executor driver) (110/200)
20/07/22 15:41:31 INFO Executor: Running task 131.0 in stage 4.0 (TID 114)
20/07/22 15:41:31 INFO ShuffleBlockFetcherIterator: Getting 0 non-empty blocks out of 1 blocks
20/07/22 15:41:31 INFO ShuffleBlockFetcherIterator: Started 0 remote fetches in 0 ms
20/07/22 15:41:31 INFO Executor: Finished task 131.0 in stage 4.0 (TID 114). 2941 bytes result sent to driver
20/07/22 15:41:31 INFO TaskSetManager: Starting task 132.0 in stage 4.0 (TID 115, localhost, executor driver, partition 132, PROCESS_LOCAL, 5895 bytes)
20/07/22 15:41:31 INFO Executor: Running task 132.0 in stage 4.0 (TID 115)
20/07/22 15:41:31 INFO TaskSetManager: Finished task 131.0 in stage 4.0 (TID 114) in 4 ms on localhost (executor driver) (111/200)
20/07/22 15:41:31 INFO ShuffleBlockFetcherIterator: Getting 0 non-empty blocks out of 1 blocks
20/07/22 15:41:31 INFO ShuffleBlockFetcherIterator: Started 0 remote fetches in 0 ms
20/07/22 15:41:31 INFO Executor: Finished task 132.0 in stage 4.0 (TID 115). 2941 bytes result sent to driver
20/07/22 15:41:31 INFO TaskSetManager: Starting task 134.0 in stage 4.0 (TID 116, localhost, executor driver, partition 134, PROCESS_LOCAL, 5895 bytes)
20/07/22 15:41:31 INFO Executor: Running task 134.0 in stage 4.0 (TID 116)
20/07/22 15:41:31 INFO TaskSetManager: Finished task 132.0 in stage 4.0 (TID 115) in 5 ms on localhost (executor driver) (112/200)
20/07/22 15:41:31 INFO ShuffleBlockFetcherIterator: Getting 0 non-empty blocks out of 1 blocks
20/07/22 15:41:31 INFO ShuffleBlockFetcherIterator: Started 0 remote fetches in 0 ms
20/07/22 15:41:31 INFO Executor: Finished task 134.0 in stage 4.0 (TID 116). 2941 bytes result sent to driver
20/07/22 15:41:31 INFO TaskSetManager: Starting task 135.0 in stage 4.0 (TID 117, localhost, executor driver, partition 135, PROCESS_LOCAL, 5895 bytes)
20/07/22 15:41:31 INFO TaskSetManager: Finished task 134.0 in stage 4.0 (TID 116) in 5 ms on localhost (executor driver) (113/200)
20/07/22 15:41:31 INFO Executor: Running task 135.0 in stage 4.0 (TID 117)
20/07/22 15:41:31 INFO BlockManagerInfo: Removed broadcast_6_piece0 on 172.20.10.3:35207 in memory (size: 13.7 KB, free: 93.3 MB)
20/07/22 15:41:31 INFO ShuffleBlockFetcherIterator: Getting 0 non-empty blocks out of 1 blocks
20/07/22 15:41:31 INFO ShuffleBlockFetcherIterator: Started 0 remote fetches in 0 ms
20/07/22 15:41:31 INFO Executor: Finished task 135.0 in stage 4.0 (TID 117). 3014 bytes result sent to driver
20/07/22 15:41:31 INFO TaskSetManager: Starting task 136.0 in stage 4.0 (TID 118, localhost, executor driver, partition 136, PROCESS_LOCAL, 5895 bytes)
20/07/22 15:41:31 INFO TaskSetManager: Finished task 135.0 in stage 4.0 (TID 117) in 11 ms on localhost (executor driver) (114/200)
20/07/22 15:41:31 INFO Executor: Running task 136.0 in stage 4.0 (TID 118)
20/07/22 15:41:31 INFO ShuffleBlockFetcherIterator: Getting 0 non-empty blocks out of 1 blocks
20/07/22 15:41:31 INFO ShuffleBlockFetcherIterator: Started 0 remote fetches in 0 ms
20/07/22 15:41:31 INFO Executor: Finished task 136.0 in stage 4.0 (TID 118). 2862 bytes result sent to driver
20/07/22 15:41:31 INFO TaskSetManager: Starting task 138.0 in stage 4.0 (TID 119, localhost, executor driver, partition 138, PROCESS_LOCAL, 5895 bytes)
20/07/22 15:41:31 INFO TaskSetManager: Finished task 136.0 in stage 4.0 (TID 118) in 4 ms on localhost (executor driver) (115/200)
20/07/22 15:41:31 INFO Executor: Running task 138.0 in stage 4.0 (TID 119)
20/07/22 15:41:31 INFO ShuffleBlockFetcherIterator: Getting 0 non-empty blocks out of 1 blocks
20/07/22 15:41:31 INFO ShuffleBlockFetcherIterator: Started 0 remote fetches in 0 ms
20/07/22 15:41:31 INFO Executor: Finished task 138.0 in stage 4.0 (TID 119). 2941 bytes result sent to driver
20/07/22 15:41:31 INFO TaskSetManager: Starting task 139.0 in stage 4.0 (TID 120, localhost, executor driver, partition 139, PROCESS_LOCAL, 5895 bytes)
20/07/22 15:41:31 INFO TaskSetManager: Finished task 138.0 in stage 4.0 (TID 119) in 4 ms on localhost (executor driver) (116/200)
20/07/22 15:41:31 INFO Executor: Running task 139.0 in stage 4.0 (TID 120)
20/07/22 15:41:31 INFO ShuffleBlockFetcherIterator: Getting 0 non-empty blocks out of 1 blocks
20/07/22 15:41:31 INFO ShuffleBlockFetcherIterator: Started 0 remote fetches in 0 ms
20/07/22 15:41:31 INFO Executor: Finished task 139.0 in stage 4.0 (TID 120). 2941 bytes result sent to driver
20/07/22 15:41:31 INFO TaskSetManager: Starting task 140.0 in stage 4.0 (TID 121, localhost, executor driver, partition 140, PROCESS_LOCAL, 5895 bytes)
20/07/22 15:41:31 INFO Executor: Running task 140.0 in stage 4.0 (TID 121)
20/07/22 15:41:31 INFO TaskSetManager: Finished task 139.0 in stage 4.0 (TID 120) in 4 ms on localhost (executor driver) (117/200)
20/07/22 15:41:31 INFO ShuffleBlockFetcherIterator: Getting 0 non-empty blocks out of 1 blocks
20/07/22 15:41:31 INFO ShuffleBlockFetcherIterator: Started 0 remote fetches in 0 ms
20/07/22 15:41:31 INFO Executor: Finished task 140.0 in stage 4.0 (TID 121). 2941 bytes result sent to driver
20/07/22 15:41:31 INFO TaskSetManager: Starting task 141.0 in stage 4.0 (TID 122, localhost, executor driver, partition 141, PROCESS_LOCAL, 5895 bytes)
20/07/22 15:41:31 INFO Executor: Running task 141.0 in stage 4.0 (TID 122)
20/07/22 15:41:31 INFO TaskSetManager: Finished task 140.0 in stage 4.0 (TID 121) in 5 ms on localhost (executor driver) (118/200)
20/07/22 15:41:31 INFO ShuffleBlockFetcherIterator: Getting 0 non-empty blocks out of 1 blocks
20/07/22 15:41:31 INFO ShuffleBlockFetcherIterator: Started 0 remote fetches in 0 ms
20/07/22 15:41:31 INFO Executor: Finished task 141.0 in stage 4.0 (TID 122). 2941 bytes result sent to driver
20/07/22 15:41:31 INFO TaskSetManager: Starting task 143.0 in stage 4.0 (TID 123, localhost, executor driver, partition 143, PROCESS_LOCAL, 5895 bytes)
20/07/22 15:41:31 INFO TaskSetManager: Finished task 141.0 in stage 4.0 (TID 122) in 5 ms on localhost (executor driver) (119/200)
20/07/22 15:41:31 INFO Executor: Running task 143.0 in stage 4.0 (TID 123)
20/07/22 15:41:31 INFO ShuffleBlockFetcherIterator: Getting 0 non-empty blocks out of 1 blocks
20/07/22 15:41:31 INFO ShuffleBlockFetcherIterator: Started 0 remote fetches in 0 ms
20/07/22 15:41:31 INFO Executor: Finished task 143.0 in stage 4.0 (TID 123). 2941 bytes result sent to driver
20/07/22 15:41:31 INFO TaskSetManager: Starting task 145.0 in stage 4.0 (TID 124, localhost, executor driver, partition 145, PROCESS_LOCAL, 5895 bytes)
20/07/22 15:41:31 INFO Executor: Running task 145.0 in stage 4.0 (TID 124)
20/07/22 15:41:31 INFO TaskSetManager: Finished task 143.0 in stage 4.0 (TID 123) in 5 ms on localhost (executor driver) (120/200)
20/07/22 15:41:31 INFO ShuffleBlockFetcherIterator: Getting 0 non-empty blocks out of 1 blocks
20/07/22 15:41:31 INFO ShuffleBlockFetcherIterator: Started 0 remote fetches in 0 ms
20/07/22 15:41:31 INFO Executor: Finished task 145.0 in stage 4.0 (TID 124). 2941 bytes result sent to driver
20/07/22 15:41:31 INFO TaskSetManager: Starting task 147.0 in stage 4.0 (TID 125, localhost, executor driver, partition 147, PROCESS_LOCAL, 5895 bytes)
20/07/22 15:41:31 INFO TaskSetManager: Finished task 145.0 in stage 4.0 (TID 124) in 5 ms on localhost (executor driver) (121/200)
20/07/22 15:41:31 INFO Executor: Running task 147.0 in stage 4.0 (TID 125)
20/07/22 15:41:31 INFO ShuffleBlockFetcherIterator: Getting 0 non-empty blocks out of 1 blocks
20/07/22 15:41:31 INFO ShuffleBlockFetcherIterator: Started 0 remote fetches in 0 ms
20/07/22 15:41:31 INFO Executor: Finished task 147.0 in stage 4.0 (TID 125). 2941 bytes result sent to driver
20/07/22 15:41:31 INFO TaskSetManager: Starting task 148.0 in stage 4.0 (TID 126, localhost, executor driver, partition 148, PROCESS_LOCAL, 5895 bytes)
20/07/22 15:41:31 INFO Executor: Running task 148.0 in stage 4.0 (TID 126)
20/07/22 15:41:31 INFO TaskSetManager: Finished task 147.0 in stage 4.0 (TID 125) in 5 ms on localhost (executor driver) (122/200)
20/07/22 15:41:31 INFO ShuffleBlockFetcherIterator: Getting 0 non-empty blocks out of 1 blocks
20/07/22 15:41:31 INFO ShuffleBlockFetcherIterator: Started 0 remote fetches in 0 ms
20/07/22 15:41:31 INFO Executor: Finished task 148.0 in stage 4.0 (TID 126). 2941 bytes result sent to driver
20/07/22 15:41:31 INFO TaskSetManager: Starting task 149.0 in stage 4.0 (TID 127, localhost, executor driver, partition 149, PROCESS_LOCAL, 5895 bytes)
20/07/22 15:41:31 INFO Executor: Running task 149.0 in stage 4.0 (TID 127)
20/07/22 15:41:31 INFO TaskSetManager: Finished task 148.0 in stage 4.0 (TID 126) in 5 ms on localhost (executor driver) (123/200)
20/07/22 15:41:31 INFO ShuffleBlockFetcherIterator: Getting 0 non-empty blocks out of 1 blocks
20/07/22 15:41:31 INFO ShuffleBlockFetcherIterator: Started 0 remote fetches in 0 ms
20/07/22 15:41:31 INFO Executor: Finished task 149.0 in stage 4.0 (TID 127). 2941 bytes result sent to driver
20/07/22 15:41:31 INFO TaskSetManager: Starting task 150.0 in stage 4.0 (TID 128, localhost, executor driver, partition 150, PROCESS_LOCAL, 5895 bytes)
20/07/22 15:41:31 INFO TaskSetManager: Finished task 149.0 in stage 4.0 (TID 127) in 5 ms on localhost (executor driver) (124/200)
20/07/22 15:41:31 INFO Executor: Running task 150.0 in stage 4.0 (TID 128)
20/07/22 15:41:31 INFO ShuffleBlockFetcherIterator: Getting 0 non-empty blocks out of 1 blocks
20/07/22 15:41:31 INFO ShuffleBlockFetcherIterator: Started 0 remote fetches in 0 ms
20/07/22 15:41:31 INFO Executor: Finished task 150.0 in stage 4.0 (TID 128). 2941 bytes result sent to driver
20/07/22 15:41:31 INFO TaskSetManager: Starting task 151.0 in stage 4.0 (TID 129, localhost, executor driver, partition 151, PROCESS_LOCAL, 5895 bytes)
20/07/22 15:41:31 INFO Executor: Running task 151.0 in stage 4.0 (TID 129)
20/07/22 15:41:31 INFO TaskSetManager: Finished task 150.0 in stage 4.0 (TID 128) in 5 ms on localhost (executor driver) (125/200)
20/07/22 15:41:31 INFO ShuffleBlockFetcherIterator: Getting 0 non-empty blocks out of 1 blocks
20/07/22 15:41:31 INFO ShuffleBlockFetcherIterator: Started 0 remote fetches in 0 ms
20/07/22 15:41:31 INFO Executor: Finished task 151.0 in stage 4.0 (TID 129). 2941 bytes result sent to driver
20/07/22 15:41:31 INFO TaskSetManager: Starting task 152.0 in stage 4.0 (TID 130, localhost, executor driver, partition 152, PROCESS_LOCAL, 5895 bytes)
20/07/22 15:41:31 INFO Executor: Running task 152.0 in stage 4.0 (TID 130)
20/07/22 15:41:31 INFO TaskSetManager: Finished task 151.0 in stage 4.0 (TID 129) in 5 ms on localhost (executor driver) (126/200)
20/07/22 15:41:31 INFO ShuffleBlockFetcherIterator: Getting 0 non-empty blocks out of 1 blocks
20/07/22 15:41:31 INFO ShuffleBlockFetcherIterator: Started 0 remote fetches in 0 ms
20/07/22 15:41:31 INFO Executor: Finished task 152.0 in stage 4.0 (TID 130). 2941 bytes result sent to driver
20/07/22 15:41:31 INFO TaskSetManager: Starting task 153.0 in stage 4.0 (TID 131, localhost, executor driver, partition 153, PROCESS_LOCAL, 5895 bytes)
20/07/22 15:41:31 INFO Executor: Running task 153.0 in stage 4.0 (TID 131)
20/07/22 15:41:31 INFO ShuffleBlockFetcherIterator: Getting 0 non-empty blocks out of 1 blocks
20/07/22 15:41:31 INFO ShuffleBlockFetcherIterator: Started 0 remote fetches in 0 ms
20/07/22 15:41:31 INFO Executor: Finished task 153.0 in stage 4.0 (TID 131). 2941 bytes result sent to driver
20/07/22 15:41:31 INFO TaskSetManager: Starting task 154.0 in stage 4.0 (TID 132, localhost, executor driver, partition 154, PROCESS_LOCAL, 5895 bytes)
20/07/22 15:41:31 INFO Executor: Running task 154.0 in stage 4.0 (TID 132)
20/07/22 15:41:31 INFO TaskSetManager: Finished task 152.0 in stage 4.0 (TID 130) in 11 ms on localhost (executor driver) (127/200)
20/07/22 15:41:31 INFO TaskSetManager: Finished task 153.0 in stage 4.0 (TID 131) in 6 ms on localhost (executor driver) (128/200)
20/07/22 15:41:31 INFO ShuffleBlockFetcherIterator: Getting 0 non-empty blocks out of 1 blocks
20/07/22 15:41:31 INFO ShuffleBlockFetcherIterator: Started 0 remote fetches in 0 ms
20/07/22 15:41:31 INFO Executor: Finished task 154.0 in stage 4.0 (TID 132). 2941 bytes result sent to driver
20/07/22 15:41:31 INFO TaskSetManager: Starting task 155.0 in stage 4.0 (TID 133, localhost, executor driver, partition 155, PROCESS_LOCAL, 5895 bytes)
20/07/22 15:41:31 INFO TaskSetManager: Finished task 154.0 in stage 4.0 (TID 132) in 6 ms on localhost (executor driver) (129/200)
20/07/22 15:41:31 INFO Executor: Running task 155.0 in stage 4.0 (TID 133)
20/07/22 15:41:31 INFO ShuffleBlockFetcherIterator: Getting 0 non-empty blocks out of 1 blocks
20/07/22 15:41:31 INFO ShuffleBlockFetcherIterator: Started 0 remote fetches in 0 ms
20/07/22 15:41:31 INFO Executor: Finished task 155.0 in stage 4.0 (TID 133). 2941 bytes result sent to driver
20/07/22 15:41:31 INFO TaskSetManager: Starting task 156.0 in stage 4.0 (TID 134, localhost, executor driver, partition 156, PROCESS_LOCAL, 5895 bytes)
20/07/22 15:41:31 INFO TaskSetManager: Finished task 155.0 in stage 4.0 (TID 133) in 7 ms on localhost (executor driver) (130/200)
20/07/22 15:41:31 INFO Executor: Running task 156.0 in stage 4.0 (TID 134)
20/07/22 15:41:31 INFO ShuffleBlockFetcherIterator: Getting 0 non-empty blocks out of 1 blocks
20/07/22 15:41:31 INFO ShuffleBlockFetcherIterator: Started 0 remote fetches in 0 ms
20/07/22 15:41:31 INFO Executor: Finished task 156.0 in stage 4.0 (TID 134). 2941 bytes result sent to driver
20/07/22 15:41:31 INFO TaskSetManager: Starting task 157.0 in stage 4.0 (TID 135, localhost, executor driver, partition 157, PROCESS_LOCAL, 5895 bytes)
20/07/22 15:41:31 INFO TaskSetManager: Finished task 156.0 in stage 4.0 (TID 134) in 6 ms on localhost (executor driver) (131/200)
20/07/22 15:41:31 INFO Executor: Running task 157.0 in stage 4.0 (TID 135)
20/07/22 15:41:31 INFO ShuffleBlockFetcherIterator: Getting 0 non-empty blocks out of 1 blocks
20/07/22 15:41:31 INFO ShuffleBlockFetcherIterator: Started 0 remote fetches in 0 ms
20/07/22 15:41:31 INFO Executor: Finished task 157.0 in stage 4.0 (TID 135). 2941 bytes result sent to driver
20/07/22 15:41:31 INFO TaskSetManager: Starting task 158.0 in stage 4.0 (TID 136, localhost, executor driver, partition 158, PROCESS_LOCAL, 5895 bytes)
20/07/22 15:41:31 INFO TaskSetManager: Finished task 157.0 in stage 4.0 (TID 135) in 6 ms on localhost (executor driver) (132/200)
20/07/22 15:41:31 INFO Executor: Running task 158.0 in stage 4.0 (TID 136)
20/07/22 15:41:31 INFO ShuffleBlockFetcherIterator: Getting 0 non-empty blocks out of 1 blocks
20/07/22 15:41:31 INFO ShuffleBlockFetcherIterator: Started 0 remote fetches in 0 ms
20/07/22 15:41:31 INFO Executor: Finished task 158.0 in stage 4.0 (TID 136). 2941 bytes result sent to driver
20/07/22 15:41:31 INFO TaskSetManager: Starting task 160.0 in stage 4.0 (TID 137, localhost, executor driver, partition 160, PROCESS_LOCAL, 5895 bytes)
20/07/22 15:41:31 INFO TaskSetManager: Finished task 158.0 in stage 4.0 (TID 136) in 6 ms on localhost (executor driver) (133/200)
20/07/22 15:41:31 INFO Executor: Running task 160.0 in stage 4.0 (TID 137)
20/07/22 15:41:31 INFO ShuffleBlockFetcherIterator: Getting 0 non-empty blocks out of 1 blocks
20/07/22 15:41:31 INFO ShuffleBlockFetcherIterator: Started 0 remote fetches in 0 ms
20/07/22 15:41:31 INFO Executor: Finished task 160.0 in stage 4.0 (TID 137). 2941 bytes result sent to driver
20/07/22 15:41:31 INFO TaskSetManager: Starting task 161.0 in stage 4.0 (TID 138, localhost, executor driver, partition 161, PROCESS_LOCAL, 5895 bytes)
20/07/22 15:41:31 INFO TaskSetManager: Finished task 160.0 in stage 4.0 (TID 137) in 5 ms on localhost (executor driver) (134/200)
20/07/22 15:41:31 INFO Executor: Running task 161.0 in stage 4.0 (TID 138)
20/07/22 15:41:31 INFO ShuffleBlockFetcherIterator: Getting 0 non-empty blocks out of 1 blocks
20/07/22 15:41:31 INFO ShuffleBlockFetcherIterator: Started 0 remote fetches in 0 ms
20/07/22 15:41:31 INFO Executor: Finished task 161.0 in stage 4.0 (TID 138). 2941 bytes result sent to driver
20/07/22 15:41:31 INFO TaskSetManager: Starting task 163.0 in stage 4.0 (TID 139, localhost, executor driver, partition 163, PROCESS_LOCAL, 5895 bytes)
20/07/22 15:41:31 INFO Executor: Running task 163.0 in stage 4.0 (TID 139)
20/07/22 15:41:31 INFO TaskSetManager: Finished task 161.0 in stage 4.0 (TID 138) in 5 ms on localhost (executor driver) (135/200)
20/07/22 15:41:31 INFO ShuffleBlockFetcherIterator: Getting 0 non-empty blocks out of 1 blocks
20/07/22 15:41:31 INFO ShuffleBlockFetcherIterator: Started 0 remote fetches in 0 ms
20/07/22 15:41:31 INFO Executor: Finished task 163.0 in stage 4.0 (TID 139). 2941 bytes result sent to driver
20/07/22 15:41:31 INFO TaskSetManager: Starting task 164.0 in stage 4.0 (TID 140, localhost, executor driver, partition 164, PROCESS_LOCAL, 5895 bytes)
20/07/22 15:41:31 INFO TaskSetManager: Finished task 163.0 in stage 4.0 (TID 139) in 6 ms on localhost (executor driver) (136/200)
20/07/22 15:41:31 INFO Executor: Running task 164.0 in stage 4.0 (TID 140)
20/07/22 15:41:31 INFO ShuffleBlockFetcherIterator: Getting 0 non-empty blocks out of 1 blocks
20/07/22 15:41:31 INFO ShuffleBlockFetcherIterator: Started 0 remote fetches in 0 ms
20/07/22 15:41:31 INFO Executor: Finished task 164.0 in stage 4.0 (TID 140). 2941 bytes result sent to driver
20/07/22 15:41:31 INFO TaskSetManager: Starting task 165.0 in stage 4.0 (TID 141, localhost, executor driver, partition 165, PROCESS_LOCAL, 5895 bytes)
20/07/22 15:41:31 INFO TaskSetManager: Finished task 164.0 in stage 4.0 (TID 140) in 5 ms on localhost (executor driver) (137/200)
20/07/22 15:41:31 INFO Executor: Running task 165.0 in stage 4.0 (TID 141)
20/07/22 15:41:31 INFO ShuffleBlockFetcherIterator: Getting 0 non-empty blocks out of 1 blocks
20/07/22 15:41:31 INFO ShuffleBlockFetcherIterator: Started 0 remote fetches in 0 ms
20/07/22 15:41:31 INFO Executor: Finished task 165.0 in stage 4.0 (TID 141). 2941 bytes result sent to driver
20/07/22 15:41:31 INFO TaskSetManager: Starting task 166.0 in stage 4.0 (TID 142, localhost, executor driver, partition 166, PROCESS_LOCAL, 5895 bytes)
20/07/22 15:41:31 INFO TaskSetManager: Finished task 165.0 in stage 4.0 (TID 141) in 5 ms on localhost (executor driver) (138/200)
20/07/22 15:41:31 INFO Executor: Running task 166.0 in stage 4.0 (TID 142)
20/07/22 15:41:31 INFO ShuffleBlockFetcherIterator: Getting 0 non-empty blocks out of 1 blocks
20/07/22 15:41:31 INFO ShuffleBlockFetcherIterator: Started 0 remote fetches in 0 ms
20/07/22 15:41:31 INFO Executor: Finished task 166.0 in stage 4.0 (TID 142). 2941 bytes result sent to driver
20/07/22 15:41:31 INFO TaskSetManager: Starting task 167.0 in stage 4.0 (TID 143, localhost, executor driver, partition 167, PROCESS_LOCAL, 5895 bytes)
20/07/22 15:41:31 INFO TaskSetManager: Finished task 166.0 in stage 4.0 (TID 142) in 5 ms on localhost (executor driver) (139/200)
20/07/22 15:41:31 INFO Executor: Running task 167.0 in stage 4.0 (TID 143)
20/07/22 15:41:31 INFO ShuffleBlockFetcherIterator: Getting 0 non-empty blocks out of 1 blocks
20/07/22 15:41:31 INFO ShuffleBlockFetcherIterator: Started 0 remote fetches in 0 ms
20/07/22 15:41:31 INFO Executor: Finished task 167.0 in stage 4.0 (TID 143). 2941 bytes result sent to driver
20/07/22 15:41:31 INFO TaskSetManager: Starting task 168.0 in stage 4.0 (TID 144, localhost, executor driver, partition 168, PROCESS_LOCAL, 5895 bytes)
20/07/22 15:41:31 INFO TaskSetManager: Finished task 167.0 in stage 4.0 (TID 143) in 6 ms on localhost (executor driver) (140/200)
20/07/22 15:41:31 INFO Executor: Running task 168.0 in stage 4.0 (TID 144)
20/07/22 15:41:31 INFO ShuffleBlockFetcherIterator: Getting 0 non-empty blocks out of 1 blocks
20/07/22 15:41:31 INFO ShuffleBlockFetcherIterator: Started 0 remote fetches in 0 ms
20/07/22 15:41:31 INFO Executor: Finished task 168.0 in stage 4.0 (TID 144). 2941 bytes result sent to driver
20/07/22 15:41:31 INFO TaskSetManager: Starting task 169.0 in stage 4.0 (TID 145, localhost, executor driver, partition 169, PROCESS_LOCAL, 5895 bytes)
20/07/22 15:41:31 INFO TaskSetManager: Finished task 168.0 in stage 4.0 (TID 144) in 5 ms on localhost (executor driver) (141/200)
20/07/22 15:41:31 INFO Executor: Running task 169.0 in stage 4.0 (TID 145)
20/07/22 15:41:31 INFO ShuffleBlockFetcherIterator: Getting 0 non-empty blocks out of 1 blocks
20/07/22 15:41:31 INFO ShuffleBlockFetcherIterator: Started 0 remote fetches in 0 ms
20/07/22 15:41:31 INFO Executor: Finished task 169.0 in stage 4.0 (TID 145). 2941 bytes result sent to driver
20/07/22 15:41:31 INFO TaskSetManager: Starting task 170.0 in stage 4.0 (TID 146, localhost, executor driver, partition 170, PROCESS_LOCAL, 5895 bytes)
20/07/22 15:41:31 INFO TaskSetManager: Finished task 169.0 in stage 4.0 (TID 145) in 5 ms on localhost (executor driver) (142/200)
20/07/22 15:41:31 INFO Executor: Running task 170.0 in stage 4.0 (TID 146)
20/07/22 15:41:31 INFO ShuffleBlockFetcherIterator: Getting 0 non-empty blocks out of 1 blocks
20/07/22 15:41:31 INFO ShuffleBlockFetcherIterator: Started 0 remote fetches in 0 ms
20/07/22 15:41:31 INFO Executor: Finished task 170.0 in stage 4.0 (TID 146). 2941 bytes result sent to driver
20/07/22 15:41:31 INFO TaskSetManager: Starting task 171.0 in stage 4.0 (TID 147, localhost, executor driver, partition 171, PROCESS_LOCAL, 5895 bytes)
20/07/22 15:41:31 INFO TaskSetManager: Finished task 170.0 in stage 4.0 (TID 146) in 5 ms on localhost (executor driver) (143/200)
20/07/22 15:41:31 INFO Executor: Running task 171.0 in stage 4.0 (TID 147)
20/07/22 15:41:31 INFO ShuffleBlockFetcherIterator: Getting 0 non-empty blocks out of 1 blocks
20/07/22 15:41:31 INFO ShuffleBlockFetcherIterator: Started 0 remote fetches in 0 ms
20/07/22 15:41:31 INFO Executor: Finished task 171.0 in stage 4.0 (TID 147). 2862 bytes result sent to driver
20/07/22 15:41:31 INFO TaskSetManager: Starting task 172.0 in stage 4.0 (TID 148, localhost, executor driver, partition 172, PROCESS_LOCAL, 5895 bytes)
20/07/22 15:41:31 INFO TaskSetManager: Finished task 171.0 in stage 4.0 (TID 147) in 3 ms on localhost (executor driver) (144/200)
20/07/22 15:41:31 INFO Executor: Running task 172.0 in stage 4.0 (TID 148)
20/07/22 15:41:31 INFO ShuffleBlockFetcherIterator: Getting 0 non-empty blocks out of 1 blocks
20/07/22 15:41:31 INFO ShuffleBlockFetcherIterator: Started 0 remote fetches in 0 ms
20/07/22 15:41:31 INFO Executor: Finished task 172.0 in stage 4.0 (TID 148). 2941 bytes result sent to driver
20/07/22 15:41:31 INFO TaskSetManager: Starting task 174.0 in stage 4.0 (TID 149, localhost, executor driver, partition 174, PROCESS_LOCAL, 5895 bytes)
20/07/22 15:41:31 INFO TaskSetManager: Finished task 172.0 in stage 4.0 (TID 148) in 4 ms on localhost (executor driver) (145/200)
20/07/22 15:41:31 INFO Executor: Running task 174.0 in stage 4.0 (TID 149)
20/07/22 15:41:31 INFO ShuffleBlockFetcherIterator: Getting 0 non-empty blocks out of 1 blocks
20/07/22 15:41:31 INFO ShuffleBlockFetcherIterator: Started 0 remote fetches in 0 ms
20/07/22 15:41:31 INFO Executor: Finished task 174.0 in stage 4.0 (TID 149). 2941 bytes result sent to driver
20/07/22 15:41:31 INFO TaskSetManager: Starting task 175.0 in stage 4.0 (TID 150, localhost, executor driver, partition 175, PROCESS_LOCAL, 5895 bytes)
20/07/22 15:41:31 INFO Executor: Running task 175.0 in stage 4.0 (TID 150)
20/07/22 15:41:31 INFO TaskSetManager: Finished task 174.0 in stage 4.0 (TID 149) in 3 ms on localhost (executor driver) (146/200)
20/07/22 15:41:31 INFO ShuffleBlockFetcherIterator: Getting 0 non-empty blocks out of 1 blocks
20/07/22 15:41:31 INFO ShuffleBlockFetcherIterator: Started 0 remote fetches in 0 ms
20/07/22 15:41:31 INFO Executor: Finished task 175.0 in stage 4.0 (TID 150). 2941 bytes result sent to driver
20/07/22 15:41:31 INFO TaskSetManager: Starting task 176.0 in stage 4.0 (TID 151, localhost, executor driver, partition 176, PROCESS_LOCAL, 5895 bytes)
20/07/22 15:41:31 INFO TaskSetManager: Finished task 175.0 in stage 4.0 (TID 150) in 4 ms on localhost (executor driver) (147/200)
20/07/22 15:41:31 INFO Executor: Running task 176.0 in stage 4.0 (TID 151)
20/07/22 15:41:31 INFO ShuffleBlockFetcherIterator: Getting 0 non-empty blocks out of 1 blocks
20/07/22 15:41:31 INFO ShuffleBlockFetcherIterator: Started 0 remote fetches in 0 ms
20/07/22 15:41:31 INFO Executor: Finished task 176.0 in stage 4.0 (TID 151). 2941 bytes result sent to driver
20/07/22 15:41:31 INFO TaskSetManager: Starting task 177.0 in stage 4.0 (TID 152, localhost, executor driver, partition 177, PROCESS_LOCAL, 5895 bytes)
20/07/22 15:41:31 INFO Executor: Running task 177.0 in stage 4.0 (TID 152)
20/07/22 15:41:31 INFO TaskSetManager: Finished task 176.0 in stage 4.0 (TID 151) in 4 ms on localhost (executor driver) (148/200)
20/07/22 15:41:31 INFO ShuffleBlockFetcherIterator: Getting 0 non-empty blocks out of 1 blocks
20/07/22 15:41:31 INFO ShuffleBlockFetcherIterator: Started 0 remote fetches in 1 ms
20/07/22 15:41:31 INFO Executor: Finished task 177.0 in stage 4.0 (TID 152). 2941 bytes result sent to driver
20/07/22 15:41:31 INFO TaskSetManager: Starting task 178.0 in stage 4.0 (TID 153, localhost, executor driver, partition 178, PROCESS_LOCAL, 5895 bytes)
20/07/22 15:41:31 INFO Executor: Running task 178.0 in stage 4.0 (TID 153)
20/07/22 15:41:31 INFO TaskSetManager: Finished task 177.0 in stage 4.0 (TID 152) in 4 ms on localhost (executor driver) (149/200)
20/07/22 15:41:31 INFO ShuffleBlockFetcherIterator: Getting 0 non-empty blocks out of 1 blocks
20/07/22 15:41:31 INFO ShuffleBlockFetcherIterator: Started 0 remote fetches in 0 ms
20/07/22 15:41:31 INFO Executor: Finished task 178.0 in stage 4.0 (TID 153). 2941 bytes result sent to driver
20/07/22 15:41:31 INFO TaskSetManager: Starting task 179.0 in stage 4.0 (TID 154, localhost, executor driver, partition 179, PROCESS_LOCAL, 5895 bytes)
20/07/22 15:41:31 INFO Executor: Running task 179.0 in stage 4.0 (TID 154)
20/07/22 15:41:31 INFO TaskSetManager: Finished task 178.0 in stage 4.0 (TID 153) in 4 ms on localhost (executor driver) (150/200)
20/07/22 15:41:31 INFO ShuffleBlockFetcherIterator: Getting 0 non-empty blocks out of 1 blocks
20/07/22 15:41:31 INFO ShuffleBlockFetcherIterator: Started 0 remote fetches in 0 ms
20/07/22 15:41:31 INFO Executor: Finished task 179.0 in stage 4.0 (TID 154). 2941 bytes result sent to driver
20/07/22 15:41:31 INFO TaskSetManager: Starting task 181.0 in stage 4.0 (TID 155, localhost, executor driver, partition 181, PROCESS_LOCAL, 5895 bytes)
20/07/22 15:41:31 INFO Executor: Running task 181.0 in stage 4.0 (TID 155)
20/07/22 15:41:31 INFO TaskSetManager: Finished task 179.0 in stage 4.0 (TID 154) in 4 ms on localhost (executor driver) (151/200)
20/07/22 15:41:31 INFO ShuffleBlockFetcherIterator: Getting 0 non-empty blocks out of 1 blocks
20/07/22 15:41:31 INFO ShuffleBlockFetcherIterator: Started 0 remote fetches in 0 ms
20/07/22 15:41:31 INFO Executor: Finished task 181.0 in stage 4.0 (TID 155). 2941 bytes result sent to driver
20/07/22 15:41:31 INFO TaskSetManager: Starting task 182.0 in stage 4.0 (TID 156, localhost, executor driver, partition 182, PROCESS_LOCAL, 5895 bytes)
20/07/22 15:41:31 INFO Executor: Running task 182.0 in stage 4.0 (TID 156)
20/07/22 15:41:31 INFO TaskSetManager: Finished task 181.0 in stage 4.0 (TID 155) in 4 ms on localhost (executor driver) (152/200)
20/07/22 15:41:31 INFO ShuffleBlockFetcherIterator: Getting 0 non-empty blocks out of 1 blocks
20/07/22 15:41:31 INFO ShuffleBlockFetcherIterator: Started 0 remote fetches in 0 ms
20/07/22 15:41:31 INFO Executor: Finished task 182.0 in stage 4.0 (TID 156). 2941 bytes result sent to driver
20/07/22 15:41:31 INFO TaskSetManager: Starting task 183.0 in stage 4.0 (TID 157, localhost, executor driver, partition 183, PROCESS_LOCAL, 5895 bytes)
20/07/22 15:41:31 INFO TaskSetManager: Finished task 182.0 in stage 4.0 (TID 156) in 3 ms on localhost (executor driver) (153/200)
20/07/22 15:41:31 INFO Executor: Running task 183.0 in stage 4.0 (TID 157)
20/07/22 15:41:31 INFO ShuffleBlockFetcherIterator: Getting 0 non-empty blocks out of 1 blocks
20/07/22 15:41:31 INFO ShuffleBlockFetcherIterator: Started 0 remote fetches in 0 ms
20/07/22 15:41:31 INFO Executor: Finished task 183.0 in stage 4.0 (TID 157). 2941 bytes result sent to driver
20/07/22 15:41:31 INFO TaskSetManager: Starting task 184.0 in stage 4.0 (TID 158, localhost, executor driver, partition 184, PROCESS_LOCAL, 5895 bytes)
20/07/22 15:41:31 INFO Executor: Running task 184.0 in stage 4.0 (TID 158)
20/07/22 15:41:31 INFO TaskSetManager: Finished task 183.0 in stage 4.0 (TID 157) in 5 ms on localhost (executor driver) (154/200)
20/07/22 15:41:31 INFO ShuffleBlockFetcherIterator: Getting 0 non-empty blocks out of 1 blocks
20/07/22 15:41:31 INFO ShuffleBlockFetcherIterator: Started 0 remote fetches in 0 ms
20/07/22 15:41:31 INFO Executor: Finished task 184.0 in stage 4.0 (TID 158). 2941 bytes result sent to driver
20/07/22 15:41:31 INFO TaskSetManager: Starting task 185.0 in stage 4.0 (TID 159, localhost, executor driver, partition 185, PROCESS_LOCAL, 5895 bytes)
20/07/22 15:41:31 INFO TaskSetManager: Finished task 184.0 in stage 4.0 (TID 158) in 5 ms on localhost (executor driver) (155/200)
20/07/22 15:41:31 INFO Executor: Running task 185.0 in stage 4.0 (TID 159)
20/07/22 15:41:31 INFO ShuffleBlockFetcherIterator: Getting 0 non-empty blocks out of 1 blocks
20/07/22 15:41:31 INFO ShuffleBlockFetcherIterator: Started 0 remote fetches in 0 ms
20/07/22 15:41:31 INFO Executor: Finished task 185.0 in stage 4.0 (TID 159). 2941 bytes result sent to driver
20/07/22 15:41:31 INFO TaskSetManager: Starting task 186.0 in stage 4.0 (TID 160, localhost, executor driver, partition 186, PROCESS_LOCAL, 5895 bytes)
20/07/22 15:41:31 INFO Executor: Running task 186.0 in stage 4.0 (TID 160)
20/07/22 15:41:31 INFO TaskSetManager: Finished task 185.0 in stage 4.0 (TID 159) in 4 ms on localhost (executor driver) (156/200)
20/07/22 15:41:31 INFO ShuffleBlockFetcherIterator: Getting 0 non-empty blocks out of 1 blocks
20/07/22 15:41:31 INFO ShuffleBlockFetcherIterator: Started 0 remote fetches in 0 ms
20/07/22 15:41:31 INFO Executor: Finished task 186.0 in stage 4.0 (TID 160). 2941 bytes result sent to driver
20/07/22 15:41:31 INFO TaskSetManager: Starting task 188.0 in stage 4.0 (TID 161, localhost, executor driver, partition 188, PROCESS_LOCAL, 5895 bytes)
20/07/22 15:41:31 INFO Executor: Running task 188.0 in stage 4.0 (TID 161)
20/07/22 15:41:31 INFO TaskSetManager: Finished task 186.0 in stage 4.0 (TID 160) in 4 ms on localhost (executor driver) (157/200)
20/07/22 15:41:31 INFO ShuffleBlockFetcherIterator: Getting 0 non-empty blocks out of 1 blocks
20/07/22 15:41:31 INFO ShuffleBlockFetcherIterator: Started 0 remote fetches in 0 ms
20/07/22 15:41:31 INFO Executor: Finished task 188.0 in stage 4.0 (TID 161). 2941 bytes result sent to driver
20/07/22 15:41:31 INFO TaskSetManager: Starting task 189.0 in stage 4.0 (TID 162, localhost, executor driver, partition 189, PROCESS_LOCAL, 5895 bytes)
20/07/22 15:41:31 INFO Executor: Running task 189.0 in stage 4.0 (TID 162)
20/07/22 15:41:31 INFO TaskSetManager: Finished task 188.0 in stage 4.0 (TID 161) in 3 ms on localhost (executor driver) (158/200)
20/07/22 15:41:31 INFO ShuffleBlockFetcherIterator: Getting 0 non-empty blocks out of 1 blocks
20/07/22 15:41:31 INFO ShuffleBlockFetcherIterator: Started 0 remote fetches in 0 ms
20/07/22 15:41:31 INFO Executor: Finished task 189.0 in stage 4.0 (TID 162). 2941 bytes result sent to driver
20/07/22 15:41:31 INFO TaskSetManager: Starting task 191.0 in stage 4.0 (TID 163, localhost, executor driver, partition 191, PROCESS_LOCAL, 5895 bytes)
20/07/22 15:41:31 INFO TaskSetManager: Finished task 189.0 in stage 4.0 (TID 162) in 4 ms on localhost (executor driver) (159/200)
20/07/22 15:41:31 INFO Executor: Running task 191.0 in stage 4.0 (TID 163)
20/07/22 15:41:31 INFO ShuffleBlockFetcherIterator: Getting 0 non-empty blocks out of 1 blocks
20/07/22 15:41:31 INFO ShuffleBlockFetcherIterator: Started 0 remote fetches in 0 ms
20/07/22 15:41:31 INFO Executor: Finished task 191.0 in stage 4.0 (TID 163). 2941 bytes result sent to driver
20/07/22 15:41:31 INFO TaskSetManager: Starting task 192.0 in stage 4.0 (TID 164, localhost, executor driver, partition 192, PROCESS_LOCAL, 5895 bytes)
20/07/22 15:41:31 INFO TaskSetManager: Finished task 191.0 in stage 4.0 (TID 163) in 3 ms on localhost (executor driver) (160/200)
20/07/22 15:41:31 INFO Executor: Running task 192.0 in stage 4.0 (TID 164)
20/07/22 15:41:31 INFO ShuffleBlockFetcherIterator: Getting 0 non-empty blocks out of 1 blocks
20/07/22 15:41:31 INFO ShuffleBlockFetcherIterator: Started 0 remote fetches in 0 ms
20/07/22 15:41:31 INFO Executor: Finished task 192.0 in stage 4.0 (TID 164). 2941 bytes result sent to driver
20/07/22 15:41:31 INFO TaskSetManager: Starting task 193.0 in stage 4.0 (TID 165, localhost, executor driver, partition 193, PROCESS_LOCAL, 5895 bytes)
20/07/22 15:41:31 INFO TaskSetManager: Finished task 192.0 in stage 4.0 (TID 164) in 3 ms on localhost (executor driver) (161/200)
20/07/22 15:41:31 INFO Executor: Running task 193.0 in stage 4.0 (TID 165)
20/07/22 15:41:31 INFO ShuffleBlockFetcherIterator: Getting 0 non-empty blocks out of 1 blocks
20/07/22 15:41:31 INFO ShuffleBlockFetcherIterator: Started 0 remote fetches in 0 ms
20/07/22 15:41:31 INFO Executor: Finished task 193.0 in stage 4.0 (TID 165). 2941 bytes result sent to driver
20/07/22 15:41:31 INFO TaskSetManager: Starting task 194.0 in stage 4.0 (TID 166, localhost, executor driver, partition 194, PROCESS_LOCAL, 5895 bytes)
20/07/22 15:41:31 INFO Executor: Running task 194.0 in stage 4.0 (TID 166)
20/07/22 15:41:31 INFO TaskSetManager: Finished task 193.0 in stage 4.0 (TID 165) in 4 ms on localhost (executor driver) (162/200)
20/07/22 15:41:31 INFO ShuffleBlockFetcherIterator: Getting 0 non-empty blocks out of 1 blocks
20/07/22 15:41:31 INFO ShuffleBlockFetcherIterator: Started 0 remote fetches in 0 ms
20/07/22 15:41:31 INFO Executor: Finished task 194.0 in stage 4.0 (TID 166). 2941 bytes result sent to driver
20/07/22 15:41:31 INFO TaskSetManager: Starting task 195.0 in stage 4.0 (TID 167, localhost, executor driver, partition 195, PROCESS_LOCAL, 5895 bytes)
20/07/22 15:41:31 INFO TaskSetManager: Finished task 194.0 in stage 4.0 (TID 166) in 5 ms on localhost (executor driver) (163/200)
20/07/22 15:41:31 INFO Executor: Running task 195.0 in stage 4.0 (TID 167)
20/07/22 15:41:31 INFO ShuffleBlockFetcherIterator: Getting 0 non-empty blocks out of 1 blocks
20/07/22 15:41:31 INFO ShuffleBlockFetcherIterator: Started 0 remote fetches in 0 ms
20/07/22 15:41:31 INFO Executor: Finished task 195.0 in stage 4.0 (TID 167). 2941 bytes result sent to driver
20/07/22 15:41:31 INFO TaskSetManager: Starting task 196.0 in stage 4.0 (TID 168, localhost, executor driver, partition 196, PROCESS_LOCAL, 5895 bytes)
20/07/22 15:41:31 INFO TaskSetManager: Finished task 195.0 in stage 4.0 (TID 167) in 4 ms on localhost (executor driver) (164/200)
20/07/22 15:41:31 INFO Executor: Running task 196.0 in stage 4.0 (TID 168)
20/07/22 15:41:31 INFO ShuffleBlockFetcherIterator: Getting 0 non-empty blocks out of 1 blocks
20/07/22 15:41:31 INFO ShuffleBlockFetcherIterator: Started 0 remote fetches in 0 ms
20/07/22 15:41:31 INFO Executor: Finished task 196.0 in stage 4.0 (TID 168). 2941 bytes result sent to driver
20/07/22 15:41:31 INFO TaskSetManager: Starting task 197.0 in stage 4.0 (TID 169, localhost, executor driver, partition 197, PROCESS_LOCAL, 5895 bytes)
20/07/22 15:41:31 INFO Executor: Running task 197.0 in stage 4.0 (TID 169)
20/07/22 15:41:31 INFO TaskSetManager: Finished task 196.0 in stage 4.0 (TID 168) in 3 ms on localhost (executor driver) (165/200)
20/07/22 15:41:31 INFO ShuffleBlockFetcherIterator: Getting 0 non-empty blocks out of 1 blocks
20/07/22 15:41:31 INFO ShuffleBlockFetcherIterator: Started 0 remote fetches in 0 ms
20/07/22 15:41:31 INFO Executor: Finished task 197.0 in stage 4.0 (TID 169). 2941 bytes result sent to driver
20/07/22 15:41:31 INFO TaskSetManager: Starting task 198.0 in stage 4.0 (TID 170, localhost, executor driver, partition 198, PROCESS_LOCAL, 5895 bytes)
20/07/22 15:41:31 INFO Executor: Running task 198.0 in stage 4.0 (TID 170)
20/07/22 15:41:31 INFO TaskSetManager: Finished task 197.0 in stage 4.0 (TID 169) in 4 ms on localhost (executor driver) (166/200)
20/07/22 15:41:31 INFO ShuffleBlockFetcherIterator: Getting 0 non-empty blocks out of 1 blocks
20/07/22 15:41:31 INFO ShuffleBlockFetcherIterator: Started 0 remote fetches in 0 ms
20/07/22 15:41:31 INFO Executor: Finished task 198.0 in stage 4.0 (TID 170). 2941 bytes result sent to driver
20/07/22 15:41:31 INFO TaskSetManager: Starting task 199.0 in stage 4.0 (TID 171, localhost, executor driver, partition 199, PROCESS_LOCAL, 5895 bytes)
20/07/22 15:41:31 INFO TaskSetManager: Finished task 198.0 in stage 4.0 (TID 170) in 4 ms on localhost (executor driver) (167/200)
20/07/22 15:41:31 INFO Executor: Running task 199.0 in stage 4.0 (TID 171)
20/07/22 15:41:31 INFO ShuffleBlockFetcherIterator: Getting 0 non-empty blocks out of 1 blocks
20/07/22 15:41:31 INFO ShuffleBlockFetcherIterator: Started 0 remote fetches in 0 ms
20/07/22 15:41:31 INFO Executor: Finished task 199.0 in stage 4.0 (TID 171). 2941 bytes result sent to driver
20/07/22 15:41:31 INFO TaskSetManager: Starting task 0.0 in stage 4.0 (TID 172, localhost, executor driver, partition 0, ANY, 5895 bytes)
20/07/22 15:41:31 INFO Executor: Running task 0.0 in stage 4.0 (TID 172)
20/07/22 15:41:31 INFO TaskSetManager: Finished task 199.0 in stage 4.0 (TID 171) in 4 ms on localhost (executor driver) (168/200)
20/07/22 15:41:31 INFO ShuffleBlockFetcherIterator: Getting 1 non-empty blocks out of 1 blocks
20/07/22 15:41:31 INFO ShuffleBlockFetcherIterator: Started 0 remote fetches in 0 ms
20/07/22 15:41:31 INFO Executor: Finished task 0.0 in stage 4.0 (TID 172). 2976 bytes result sent to driver
20/07/22 15:41:31 INFO TaskSetManager: Starting task 1.0 in stage 4.0 (TID 173, localhost, executor driver, partition 1, ANY, 5895 bytes)
20/07/22 15:41:31 INFO TaskSetManager: Finished task 0.0 in stage 4.0 (TID 172) in 4 ms on localhost (executor driver) (169/200)
20/07/22 15:41:31 INFO Executor: Running task 1.0 in stage 4.0 (TID 173)
20/07/22 15:41:31 INFO ShuffleBlockFetcherIterator: Getting 1 non-empty blocks out of 1 blocks
20/07/22 15:41:31 INFO ShuffleBlockFetcherIterator: Started 0 remote fetches in 0 ms
20/07/22 15:41:31 INFO Executor: Finished task 1.0 in stage 4.0 (TID 173). 2976 bytes result sent to driver
20/07/22 15:41:31 INFO TaskSetManager: Starting task 5.0 in stage 4.0 (TID 174, localhost, executor driver, partition 5, ANY, 5895 bytes)
20/07/22 15:41:31 INFO TaskSetManager: Finished task 1.0 in stage 4.0 (TID 173) in 4 ms on localhost (executor driver) (170/200)
20/07/22 15:41:31 INFO Executor: Running task 5.0 in stage 4.0 (TID 174)
20/07/22 15:41:31 INFO ShuffleBlockFetcherIterator: Getting 1 non-empty blocks out of 1 blocks
20/07/22 15:41:31 INFO ShuffleBlockFetcherIterator: Started 0 remote fetches in 0 ms
20/07/22 15:41:31 INFO Executor: Finished task 5.0 in stage 4.0 (TID 174). 2979 bytes result sent to driver
20/07/22 15:41:31 INFO TaskSetManager: Starting task 7.0 in stage 4.0 (TID 175, localhost, executor driver, partition 7, ANY, 5895 bytes)
20/07/22 15:41:31 INFO TaskSetManager: Finished task 5.0 in stage 4.0 (TID 174) in 4 ms on localhost (executor driver) (171/200)
20/07/22 15:41:31 INFO Executor: Running task 7.0 in stage 4.0 (TID 175)
20/07/22 15:41:31 INFO ShuffleBlockFetcherIterator: Getting 1 non-empty blocks out of 1 blocks
20/07/22 15:41:31 INFO ShuffleBlockFetcherIterator: Started 0 remote fetches in 0 ms
20/07/22 15:41:31 INFO Executor: Finished task 7.0 in stage 4.0 (TID 175). 2976 bytes result sent to driver
20/07/22 15:41:31 INFO TaskSetManager: Starting task 8.0 in stage 4.0 (TID 176, localhost, executor driver, partition 8, ANY, 5895 bytes)
20/07/22 15:41:31 INFO Executor: Running task 8.0 in stage 4.0 (TID 176)
20/07/22 15:41:31 INFO TaskSetManager: Finished task 7.0 in stage 4.0 (TID 175) in 4 ms on localhost (executor driver) (172/200)
20/07/22 15:41:31 INFO ShuffleBlockFetcherIterator: Getting 1 non-empty blocks out of 1 blocks
20/07/22 15:41:31 INFO ShuffleBlockFetcherIterator: Started 0 remote fetches in 0 ms
20/07/22 15:41:31 INFO Executor: Finished task 8.0 in stage 4.0 (TID 176). 2976 bytes result sent to driver
20/07/22 15:41:31 INFO TaskSetManager: Starting task 9.0 in stage 4.0 (TID 177, localhost, executor driver, partition 9, ANY, 5895 bytes)
20/07/22 15:41:31 INFO TaskSetManager: Finished task 8.0 in stage 4.0 (TID 176) in 5 ms on localhost (executor driver) (173/200)
20/07/22 15:41:31 INFO Executor: Running task 9.0 in stage 4.0 (TID 177)
20/07/22 15:41:31 INFO ShuffleBlockFetcherIterator: Getting 1 non-empty blocks out of 1 blocks
20/07/22 15:41:31 INFO ShuffleBlockFetcherIterator: Started 0 remote fetches in 1 ms
20/07/22 15:41:31 INFO Executor: Finished task 9.0 in stage 4.0 (TID 177). 2976 bytes result sent to driver
20/07/22 15:41:31 INFO TaskSetManager: Starting task 21.0 in stage 4.0 (TID 178, localhost, executor driver, partition 21, ANY, 5895 bytes)
20/07/22 15:41:31 INFO Executor: Running task 21.0 in stage 4.0 (TID 178)
20/07/22 15:41:31 INFO TaskSetManager: Finished task 9.0 in stage 4.0 (TID 177) in 5 ms on localhost (executor driver) (174/200)
20/07/22 15:41:31 INFO ShuffleBlockFetcherIterator: Getting 1 non-empty blocks out of 1 blocks
20/07/22 15:41:31 INFO ShuffleBlockFetcherIterator: Started 0 remote fetches in 0 ms
20/07/22 15:41:31 INFO Executor: Finished task 21.0 in stage 4.0 (TID 178). 2976 bytes result sent to driver
20/07/22 15:41:31 INFO TaskSetManager: Starting task 36.0 in stage 4.0 (TID 179, localhost, executor driver, partition 36, ANY, 5895 bytes)
20/07/22 15:41:31 INFO TaskSetManager: Finished task 21.0 in stage 4.0 (TID 178) in 5 ms on localhost (executor driver) (175/200)
20/07/22 15:41:31 INFO Executor: Running task 36.0 in stage 4.0 (TID 179)
20/07/22 15:41:31 INFO ShuffleBlockFetcherIterator: Getting 1 non-empty blocks out of 1 blocks
20/07/22 15:41:31 INFO ShuffleBlockFetcherIterator: Started 0 remote fetches in 0 ms
20/07/22 15:41:31 INFO Executor: Finished task 36.0 in stage 4.0 (TID 179). 2976 bytes result sent to driver
20/07/22 15:41:31 INFO TaskSetManager: Starting task 37.0 in stage 4.0 (TID 180, localhost, executor driver, partition 37, ANY, 5895 bytes)
20/07/22 15:41:31 INFO TaskSetManager: Finished task 36.0 in stage 4.0 (TID 179) in 9 ms on localhost (executor driver) (176/200)
20/07/22 15:41:31 INFO Executor: Running task 37.0 in stage 4.0 (TID 180)
20/07/22 15:41:31 INFO ShuffleBlockFetcherIterator: Getting 1 non-empty blocks out of 1 blocks
20/07/22 15:41:31 INFO ShuffleBlockFetcherIterator: Started 0 remote fetches in 1 ms
20/07/22 15:41:31 INFO Executor: Finished task 37.0 in stage 4.0 (TID 180). 2976 bytes result sent to driver
20/07/22 15:41:31 INFO TaskSetManager: Starting task 41.0 in stage 4.0 (TID 181, localhost, executor driver, partition 41, ANY, 5895 bytes)
20/07/22 15:41:31 INFO Executor: Running task 41.0 in stage 4.0 (TID 181)
20/07/22 15:41:31 INFO TaskSetManager: Finished task 37.0 in stage 4.0 (TID 180) in 8 ms on localhost (executor driver) (177/200)
20/07/22 15:41:31 INFO ShuffleBlockFetcherIterator: Getting 1 non-empty blocks out of 1 blocks
20/07/22 15:41:31 INFO ShuffleBlockFetcherIterator: Started 0 remote fetches in 0 ms
20/07/22 15:41:31 INFO Executor: Finished task 41.0 in stage 4.0 (TID 181). 2976 bytes result sent to driver
20/07/22 15:41:31 INFO TaskSetManager: Starting task 58.0 in stage 4.0 (TID 182, localhost, executor driver, partition 58, ANY, 5895 bytes)
20/07/22 15:41:31 INFO TaskSetManager: Finished task 41.0 in stage 4.0 (TID 181) in 5 ms on localhost (executor driver) (178/200)
20/07/22 15:41:31 INFO Executor: Running task 58.0 in stage 4.0 (TID 182)
20/07/22 15:41:31 INFO ShuffleBlockFetcherIterator: Getting 1 non-empty blocks out of 1 blocks
20/07/22 15:41:31 INFO ShuffleBlockFetcherIterator: Started 0 remote fetches in 0 ms
20/07/22 15:41:31 INFO Executor: Finished task 58.0 in stage 4.0 (TID 182). 2976 bytes result sent to driver
20/07/22 15:41:31 INFO TaskSetManager: Starting task 61.0 in stage 4.0 (TID 183, localhost, executor driver, partition 61, ANY, 5895 bytes)
20/07/22 15:41:31 INFO TaskSetManager: Finished task 58.0 in stage 4.0 (TID 182) in 5 ms on localhost (executor driver) (179/200)
20/07/22 15:41:31 INFO Executor: Running task 61.0 in stage 4.0 (TID 183)
20/07/22 15:41:31 INFO ShuffleBlockFetcherIterator: Getting 1 non-empty blocks out of 1 blocks
20/07/22 15:41:31 INFO ShuffleBlockFetcherIterator: Started 0 remote fetches in 0 ms
20/07/22 15:41:31 INFO Executor: Finished task 61.0 in stage 4.0 (TID 183). 2976 bytes result sent to driver
20/07/22 15:41:31 INFO TaskSetManager: Starting task 63.0 in stage 4.0 (TID 184, localhost, executor driver, partition 63, ANY, 5895 bytes)
20/07/22 15:41:31 INFO Executor: Running task 63.0 in stage 4.0 (TID 184)
20/07/22 15:41:31 INFO TaskSetManager: Finished task 61.0 in stage 4.0 (TID 183) in 5 ms on localhost (executor driver) (180/200)
20/07/22 15:41:31 INFO ShuffleBlockFetcherIterator: Getting 1 non-empty blocks out of 1 blocks
20/07/22 15:41:31 INFO ShuffleBlockFetcherIterator: Started 0 remote fetches in 0 ms
20/07/22 15:41:31 INFO Executor: Finished task 63.0 in stage 4.0 (TID 184). 2976 bytes result sent to driver
20/07/22 15:41:31 INFO TaskSetManager: Starting task 66.0 in stage 4.0 (TID 185, localhost, executor driver, partition 66, ANY, 5895 bytes)
20/07/22 15:41:31 INFO Executor: Running task 66.0 in stage 4.0 (TID 185)
20/07/22 15:41:31 INFO TaskSetManager: Finished task 63.0 in stage 4.0 (TID 184) in 6 ms on localhost (executor driver) (181/200)
20/07/22 15:41:31 INFO ShuffleBlockFetcherIterator: Getting 1 non-empty blocks out of 1 blocks
20/07/22 15:41:31 INFO ShuffleBlockFetcherIterator: Started 0 remote fetches in 0 ms
20/07/22 15:41:31 INFO Executor: Finished task 66.0 in stage 4.0 (TID 185). 2976 bytes result sent to driver
20/07/22 15:41:31 INFO TaskSetManager: Starting task 67.0 in stage 4.0 (TID 186, localhost, executor driver, partition 67, ANY, 5895 bytes)
20/07/22 15:41:31 INFO TaskSetManager: Finished task 66.0 in stage 4.0 (TID 185) in 5 ms on localhost (executor driver) (182/200)
20/07/22 15:41:31 INFO Executor: Running task 67.0 in stage 4.0 (TID 186)
20/07/22 15:41:31 INFO ShuffleBlockFetcherIterator: Getting 1 non-empty blocks out of 1 blocks
20/07/22 15:41:31 INFO ShuffleBlockFetcherIterator: Started 0 remote fetches in 0 ms
20/07/22 15:41:31 INFO Executor: Finished task 67.0 in stage 4.0 (TID 186). 2976 bytes result sent to driver
20/07/22 15:41:31 INFO TaskSetManager: Starting task 78.0 in stage 4.0 (TID 187, localhost, executor driver, partition 78, ANY, 5895 bytes)
20/07/22 15:41:31 INFO TaskSetManager: Finished task 67.0 in stage 4.0 (TID 186) in 5 ms on localhost (executor driver) (183/200)
20/07/22 15:41:31 INFO Executor: Running task 78.0 in stage 4.0 (TID 187)
20/07/22 15:41:31 INFO ShuffleBlockFetcherIterator: Getting 1 non-empty blocks out of 1 blocks
20/07/22 15:41:31 INFO ShuffleBlockFetcherIterator: Started 0 remote fetches in 0 ms
20/07/22 15:41:31 INFO Executor: Finished task 78.0 in stage 4.0 (TID 187). 2976 bytes result sent to driver
20/07/22 15:41:31 INFO TaskSetManager: Starting task 91.0 in stage 4.0 (TID 188, localhost, executor driver, partition 91, ANY, 5895 bytes)
20/07/22 15:41:31 INFO Executor: Running task 91.0 in stage 4.0 (TID 188)
20/07/22 15:41:31 INFO TaskSetManager: Finished task 78.0 in stage 4.0 (TID 187) in 5 ms on localhost (executor driver) (184/200)
20/07/22 15:41:31 INFO ShuffleBlockFetcherIterator: Getting 1 non-empty blocks out of 1 blocks
20/07/22 15:41:31 INFO ShuffleBlockFetcherIterator: Started 0 remote fetches in 0 ms
20/07/22 15:41:31 INFO Executor: Finished task 91.0 in stage 4.0 (TID 188). 2976 bytes result sent to driver
20/07/22 15:41:31 INFO TaskSetManager: Starting task 92.0 in stage 4.0 (TID 189, localhost, executor driver, partition 92, ANY, 5895 bytes)
20/07/22 15:41:31 INFO TaskSetManager: Finished task 91.0 in stage 4.0 (TID 188) in 3 ms on localhost (executor driver) (185/200)
20/07/22 15:41:31 INFO Executor: Running task 92.0 in stage 4.0 (TID 189)
20/07/22 15:41:31 INFO ShuffleBlockFetcherIterator: Getting 1 non-empty blocks out of 1 blocks
20/07/22 15:41:31 INFO ShuffleBlockFetcherIterator: Started 0 remote fetches in 0 ms
20/07/22 15:41:31 INFO Executor: Finished task 92.0 in stage 4.0 (TID 189). 2976 bytes result sent to driver
20/07/22 15:41:31 INFO TaskSetManager: Starting task 99.0 in stage 4.0 (TID 190, localhost, executor driver, partition 99, ANY, 5895 bytes)
20/07/22 15:41:31 INFO TaskSetManager: Finished task 92.0 in stage 4.0 (TID 189) in 4 ms on localhost (executor driver) (186/200)
20/07/22 15:41:31 INFO Executor: Running task 99.0 in stage 4.0 (TID 190)
20/07/22 15:41:31 INFO ShuffleBlockFetcherIterator: Getting 1 non-empty blocks out of 1 blocks
20/07/22 15:41:31 INFO ShuffleBlockFetcherIterator: Started 0 remote fetches in 0 ms
20/07/22 15:41:31 INFO Executor: Finished task 99.0 in stage 4.0 (TID 190). 2976 bytes result sent to driver
20/07/22 15:41:31 INFO TaskSetManager: Starting task 112.0 in stage 4.0 (TID 191, localhost, executor driver, partition 112, ANY, 5895 bytes)
20/07/22 15:41:31 INFO Executor: Running task 112.0 in stage 4.0 (TID 191)
20/07/22 15:41:31 INFO TaskSetManager: Finished task 99.0 in stage 4.0 (TID 190) in 3 ms on localhost (executor driver) (187/200)
20/07/22 15:41:31 INFO ShuffleBlockFetcherIterator: Getting 1 non-empty blocks out of 1 blocks
20/07/22 15:41:31 INFO ShuffleBlockFetcherIterator: Started 0 remote fetches in 0 ms
20/07/22 15:41:31 INFO Executor: Finished task 112.0 in stage 4.0 (TID 191). 2976 bytes result sent to driver
20/07/22 15:41:31 INFO TaskSetManager: Starting task 119.0 in stage 4.0 (TID 192, localhost, executor driver, partition 119, ANY, 5895 bytes)
20/07/22 15:41:31 INFO Executor: Running task 119.0 in stage 4.0 (TID 192)
20/07/22 15:41:31 INFO TaskSetManager: Finished task 112.0 in stage 4.0 (TID 191) in 4 ms on localhost (executor driver) (188/200)
20/07/22 15:41:31 INFO ShuffleBlockFetcherIterator: Getting 1 non-empty blocks out of 1 blocks
20/07/22 15:41:31 INFO ShuffleBlockFetcherIterator: Started 0 remote fetches in 0 ms
20/07/22 15:41:31 INFO Executor: Finished task 119.0 in stage 4.0 (TID 192). 2991 bytes result sent to driver
20/07/22 15:41:31 INFO TaskSetManager: Starting task 133.0 in stage 4.0 (TID 193, localhost, executor driver, partition 133, ANY, 5895 bytes)
20/07/22 15:41:31 INFO Executor: Running task 133.0 in stage 4.0 (TID 193)
20/07/22 15:41:31 INFO TaskSetManager: Finished task 119.0 in stage 4.0 (TID 192) in 4 ms on localhost (executor driver) (189/200)
20/07/22 15:41:31 INFO ShuffleBlockFetcherIterator: Getting 1 non-empty blocks out of 1 blocks
20/07/22 15:41:31 INFO ShuffleBlockFetcherIterator: Started 0 remote fetches in 0 ms
20/07/22 15:41:31 INFO Executor: Finished task 133.0 in stage 4.0 (TID 193). 2976 bytes result sent to driver
20/07/22 15:41:31 INFO TaskSetManager: Starting task 137.0 in stage 4.0 (TID 194, localhost, executor driver, partition 137, ANY, 5895 bytes)
20/07/22 15:41:31 INFO Executor: Running task 137.0 in stage 4.0 (TID 194)
20/07/22 15:41:31 INFO TaskSetManager: Finished task 133.0 in stage 4.0 (TID 193) in 4 ms on localhost (executor driver) (190/200)
20/07/22 15:41:31 INFO ShuffleBlockFetcherIterator: Getting 1 non-empty blocks out of 1 blocks
20/07/22 15:41:31 INFO ShuffleBlockFetcherIterator: Started 0 remote fetches in 0 ms
20/07/22 15:41:31 INFO Executor: Finished task 137.0 in stage 4.0 (TID 194). 2979 bytes result sent to driver
20/07/22 15:41:31 INFO TaskSetManager: Starting task 142.0 in stage 4.0 (TID 195, localhost, executor driver, partition 142, ANY, 5895 bytes)
20/07/22 15:41:31 INFO TaskSetManager: Finished task 137.0 in stage 4.0 (TID 194) in 4 ms on localhost (executor driver) (191/200)
20/07/22 15:41:31 INFO Executor: Running task 142.0 in stage 4.0 (TID 195)
20/07/22 15:41:31 INFO ShuffleBlockFetcherIterator: Getting 1 non-empty blocks out of 1 blocks
20/07/22 15:41:31 INFO ShuffleBlockFetcherIterator: Started 0 remote fetches in 0 ms
20/07/22 15:41:31 INFO Executor: Finished task 142.0 in stage 4.0 (TID 195). 2992 bytes result sent to driver
20/07/22 15:41:31 INFO TaskSetManager: Starting task 144.0 in stage 4.0 (TID 196, localhost, executor driver, partition 144, ANY, 5895 bytes)
20/07/22 15:41:31 INFO TaskSetManager: Finished task 142.0 in stage 4.0 (TID 195) in 5 ms on localhost (executor driver) (192/200)
20/07/22 15:41:31 INFO Executor: Running task 144.0 in stage 4.0 (TID 196)
20/07/22 15:41:31 INFO ShuffleBlockFetcherIterator: Getting 1 non-empty blocks out of 1 blocks
20/07/22 15:41:31 INFO ShuffleBlockFetcherIterator: Started 0 remote fetches in 0 ms
20/07/22 15:41:31 INFO Executor: Finished task 144.0 in stage 4.0 (TID 196). 2976 bytes result sent to driver
20/07/22 15:41:31 INFO TaskSetManager: Starting task 146.0 in stage 4.0 (TID 197, localhost, executor driver, partition 146, ANY, 5895 bytes)
20/07/22 15:41:31 INFO Executor: Running task 146.0 in stage 4.0 (TID 197)
20/07/22 15:41:31 INFO TaskSetManager: Finished task 144.0 in stage 4.0 (TID 196) in 6 ms on localhost (executor driver) (193/200)
20/07/22 15:41:31 INFO ShuffleBlockFetcherIterator: Getting 1 non-empty blocks out of 1 blocks
20/07/22 15:41:31 INFO ShuffleBlockFetcherIterator: Started 0 remote fetches in 0 ms
20/07/22 15:41:31 INFO Executor: Finished task 146.0 in stage 4.0 (TID 197). 2976 bytes result sent to driver
20/07/22 15:41:31 INFO TaskSetManager: Starting task 159.0 in stage 4.0 (TID 198, localhost, executor driver, partition 159, ANY, 5895 bytes)
20/07/22 15:41:31 INFO TaskSetManager: Finished task 146.0 in stage 4.0 (TID 197) in 4 ms on localhost (executor driver) (194/200)
20/07/22 15:41:31 INFO Executor: Running task 159.0 in stage 4.0 (TID 198)
20/07/22 15:41:31 INFO ShuffleBlockFetcherIterator: Getting 1 non-empty blocks out of 1 blocks
20/07/22 15:41:31 INFO ShuffleBlockFetcherIterator: Started 0 remote fetches in 0 ms
20/07/22 15:41:31 INFO Executor: Finished task 159.0 in stage 4.0 (TID 198). 2976 bytes result sent to driver
20/07/22 15:41:31 INFO TaskSetManager: Starting task 162.0 in stage 4.0 (TID 199, localhost, executor driver, partition 162, ANY, 5895 bytes)
20/07/22 15:41:31 INFO Executor: Running task 162.0 in stage 4.0 (TID 199)
20/07/22 15:41:31 INFO TaskSetManager: Finished task 159.0 in stage 4.0 (TID 198) in 4 ms on localhost (executor driver) (195/200)
20/07/22 15:41:31 INFO ShuffleBlockFetcherIterator: Getting 1 non-empty blocks out of 1 blocks
20/07/22 15:41:31 INFO ShuffleBlockFetcherIterator: Started 0 remote fetches in 0 ms
20/07/22 15:41:31 INFO Executor: Finished task 162.0 in stage 4.0 (TID 199). 2976 bytes result sent to driver
20/07/22 15:41:31 INFO TaskSetManager: Starting task 173.0 in stage 4.0 (TID 200, localhost, executor driver, partition 173, ANY, 5895 bytes)
20/07/22 15:41:31 INFO TaskSetManager: Finished task 162.0 in stage 4.0 (TID 199) in 4 ms on localhost (executor driver) (196/200)
20/07/22 15:41:31 INFO Executor: Running task 173.0 in stage 4.0 (TID 200)
20/07/22 15:41:31 INFO ShuffleBlockFetcherIterator: Getting 1 non-empty blocks out of 1 blocks
20/07/22 15:41:31 INFO ShuffleBlockFetcherIterator: Started 0 remote fetches in 0 ms
20/07/22 15:41:31 INFO Executor: Finished task 173.0 in stage 4.0 (TID 200). 2977 bytes result sent to driver
20/07/22 15:41:31 INFO TaskSetManager: Starting task 180.0 in stage 4.0 (TID 201, localhost, executor driver, partition 180, ANY, 5895 bytes)
20/07/22 15:41:31 INFO TaskSetManager: Finished task 173.0 in stage 4.0 (TID 200) in 4 ms on localhost (executor driver) (197/200)
20/07/22 15:41:31 INFO Executor: Running task 180.0 in stage 4.0 (TID 201)
20/07/22 15:41:31 INFO ShuffleBlockFetcherIterator: Getting 1 non-empty blocks out of 1 blocks
20/07/22 15:41:31 INFO ShuffleBlockFetcherIterator: Started 0 remote fetches in 2 ms
20/07/22 15:41:31 INFO Executor: Finished task 180.0 in stage 4.0 (TID 201). 2976 bytes result sent to driver
20/07/22 15:41:31 INFO TaskSetManager: Starting task 187.0 in stage 4.0 (TID 202, localhost, executor driver, partition 187, ANY, 5895 bytes)
20/07/22 15:41:31 INFO Executor: Running task 187.0 in stage 4.0 (TID 202)
20/07/22 15:41:31 INFO TaskSetManager: Finished task 180.0 in stage 4.0 (TID 201) in 8 ms on localhost (executor driver) (198/200)
20/07/22 15:41:31 INFO ShuffleBlockFetcherIterator: Getting 1 non-empty blocks out of 1 blocks
20/07/22 15:41:31 INFO ShuffleBlockFetcherIterator: Started 0 remote fetches in 0 ms
20/07/22 15:41:31 INFO Executor: Finished task 187.0 in stage 4.0 (TID 202). 2975 bytes result sent to driver
20/07/22 15:41:31 INFO TaskSetManager: Starting task 190.0 in stage 4.0 (TID 203, localhost, executor driver, partition 190, ANY, 5895 bytes)
20/07/22 15:41:31 INFO Executor: Running task 190.0 in stage 4.0 (TID 203)
20/07/22 15:41:31 INFO TaskSetManager: Finished task 187.0 in stage 4.0 (TID 202) in 7 ms on localhost (executor driver) (199/200)
20/07/22 15:41:31 INFO ShuffleBlockFetcherIterator: Getting 1 non-empty blocks out of 1 blocks
20/07/22 15:41:31 INFO ShuffleBlockFetcherIterator: Started 0 remote fetches in 0 ms
20/07/22 15:41:31 INFO Executor: Finished task 190.0 in stage 4.0 (TID 203). 2976 bytes result sent to driver
20/07/22 15:41:31 INFO TaskSetManager: Finished task 190.0 in stage 4.0 (TID 203) in 7 ms on localhost (executor driver) (200/200)
20/07/22 15:41:31 INFO TaskSchedulerImpl: Removed TaskSet 4.0, whose tasks have all completed, from pool 
20/07/22 15:41:31 INFO DAGScheduler: ResultStage 4 (run at ThreadPoolExecutor.java:1149) finished in 0.983 s
20/07/22 15:41:31 INFO DAGScheduler: Job 3 finished: run at ThreadPoolExecutor.java:1149, took 1.999431 s
20/07/22 15:41:31 INFO CodeGenerator: Code generated in 6.940771 ms
20/07/22 15:41:31 INFO MemoryStore: Block broadcast_8 stored as values in memory (estimated size 1024.9 KB, free 92.1 MB)
20/07/22 15:41:31 INFO MemoryStore: Block broadcast_8_piece0 stored as bytes in memory (estimated size 803.0 B, free 92.1 MB)
20/07/22 15:41:31 INFO BlockManagerInfo: Added broadcast_8_piece0 in memory on 172.20.10.3:35207 (size: 803.0 B, free: 93.3 MB)
20/07/22 15:41:31 INFO SparkContext: Created broadcast 8 from run at ThreadPoolExecutor.java:1149
20/07/22 15:41:31 INFO CodeGenerator: Code generated in 29.673839 ms
20/07/22 15:41:31 INFO MemoryStore: Block broadcast_9 stored as values in memory (estimated size 132.3 KB, free 92.0 MB)
20/07/22 15:41:31 INFO MemoryStore: Block broadcast_9_piece0 stored as bytes in memory (estimated size 14.6 KB, free 92.0 MB)
20/07/22 15:41:31 INFO BlockManagerInfo: Added broadcast_9_piece0 in memory on 172.20.10.3:35207 (size: 14.6 KB, free: 93.3 MB)
20/07/22 15:41:31 INFO SparkContext: Created broadcast 9 from take at Task_Test.scala:165
20/07/22 15:41:31 INFO FileSourceScanExec: Planning scan with bin packing, max size: 45694992 bytes, open cost is considered as scanning 4194304 bytes.
20/07/22 15:41:31 INFO SparkContext: Starting job: take at Task_Test.scala:165
20/07/22 15:41:31 INFO DAGScheduler: Registering RDD 19 (take at Task_Test.scala:165)
20/07/22 15:41:31 INFO DAGScheduler: Got job 4 (take at Task_Test.scala:165) with 200 output partitions
20/07/22 15:41:31 INFO DAGScheduler: Final stage: ResultStage 6 (take at Task_Test.scala:165)
20/07/22 15:41:31 INFO DAGScheduler: Parents of final stage: List(ShuffleMapStage 5)
20/07/22 15:41:31 INFO DAGScheduler: Missing parents: List(ShuffleMapStage 5)
20/07/22 15:41:31 INFO DAGScheduler: Submitting ShuffleMapStage 5 (MapPartitionsRDD[19] at take at Task_Test.scala:165), which has no missing parents
20/07/22 15:41:31 INFO MemoryStore: Block broadcast_10 stored as values in memory (estimated size 29.7 KB, free 91.9 MB)
20/07/22 15:41:31 INFO MemoryStore: Block broadcast_10_piece0 stored as bytes in memory (estimated size 13.7 KB, free 91.9 MB)
20/07/22 15:41:31 INFO BlockManagerInfo: Added broadcast_10_piece0 in memory on 172.20.10.3:35207 (size: 13.7 KB, free: 93.2 MB)
20/07/22 15:41:31 INFO SparkContext: Created broadcast 10 from broadcast at DAGScheduler.scala:996
20/07/22 15:41:31 INFO DAGScheduler: Submitting 1 missing tasks from ShuffleMapStage 5 (MapPartitionsRDD[19] at take at Task_Test.scala:165)
20/07/22 15:41:31 INFO TaskSchedulerImpl: Adding task set 5.0 with 1 tasks
20/07/22 15:41:31 INFO TaskSetManager: Starting task 0.0 in stage 5.0 (TID 204, localhost, executor driver, partition 0, PROCESS_LOCAL, 6564 bytes)
20/07/22 15:41:31 INFO Executor: Running task 0.0 in stage 5.0 (TID 204)
20/07/22 15:41:31 INFO FileScanRDD: Reading File path: file:///home/yasasm/Desktop/ZoneProjects/spark-Azkaban/src/main/inputs/athlete_events.csv, range: 0-41500688, partition values: [empty row]
20/07/22 15:41:31 INFO BlockManagerInfo: Removed broadcast_7_piece0 on 172.20.10.3:35207 in memory (size: 12.7 KB, free: 93.3 MB)
20/07/22 15:41:32 INFO Executor: Finished task 0.0 in stage 5.0 (TID 204). 2664 bytes result sent to driver
20/07/22 15:41:32 INFO TaskSetManager: Finished task 0.0 in stage 5.0 (TID 204) in 802 ms on localhost (executor driver) (1/1)
20/07/22 15:41:32 INFO TaskSchedulerImpl: Removed TaskSet 5.0, whose tasks have all completed, from pool 
20/07/22 15:41:32 INFO DAGScheduler: ShuffleMapStage 5 (take at Task_Test.scala:165) finished in 0.803 s
20/07/22 15:41:32 INFO DAGScheduler: looking for newly runnable stages
20/07/22 15:41:32 INFO DAGScheduler: running: Set()
20/07/22 15:41:32 INFO DAGScheduler: waiting: Set(ResultStage 6)
20/07/22 15:41:32 INFO DAGScheduler: failed: Set()
20/07/22 15:41:32 INFO DAGScheduler: Submitting ResultStage 6 (MapPartitionsRDD[23] at take at Task_Test.scala:165), which has no missing parents
20/07/22 15:41:32 INFO MemoryStore: Block broadcast_11 stored as values in memory (estimated size 37.2 KB, free 91.9 MB)
20/07/22 15:41:32 INFO MemoryStore: Block broadcast_11_piece0 stored as bytes in memory (estimated size 17.9 KB, free 91.9 MB)
20/07/22 15:41:32 INFO BlockManagerInfo: Added broadcast_11_piece0 in memory on 172.20.10.3:35207 (size: 17.9 KB, free: 93.2 MB)
20/07/22 15:41:32 INFO SparkContext: Created broadcast 11 from broadcast at DAGScheduler.scala:996
20/07/22 15:41:32 INFO DAGScheduler: Submitting 200 missing tasks from ResultStage 6 (MapPartitionsRDD[23] at take at Task_Test.scala:165)
20/07/22 15:41:32 INFO TaskSchedulerImpl: Adding task set 6.0 with 200 tasks
20/07/22 15:41:32 INFO TaskSetManager: Starting task 0.0 in stage 6.0 (TID 205, localhost, executor driver, partition 0, PROCESS_LOCAL, 5889 bytes)
20/07/22 15:41:32 INFO Executor: Running task 0.0 in stage 6.0 (TID 205)
20/07/22 15:41:32 INFO ShuffleBlockFetcherIterator: Getting 0 non-empty blocks out of 1 blocks
20/07/22 15:41:32 INFO ShuffleBlockFetcherIterator: Started 0 remote fetches in 0 ms
20/07/22 15:41:32 INFO Executor: Finished task 0.0 in stage 6.0 (TID 205). 5779 bytes result sent to driver
20/07/22 15:41:32 INFO TaskSetManager: Starting task 1.0 in stage 6.0 (TID 206, localhost, executor driver, partition 1, PROCESS_LOCAL, 5889 bytes)
20/07/22 15:41:32 INFO Executor: Running task 1.0 in stage 6.0 (TID 206)
20/07/22 15:41:32 INFO TaskSetManager: Finished task 0.0 in stage 6.0 (TID 205) in 21 ms on localhost (executor driver) (1/200)
20/07/22 15:41:32 INFO ShuffleBlockFetcherIterator: Getting 0 non-empty blocks out of 1 blocks
20/07/22 15:41:32 INFO ShuffleBlockFetcherIterator: Started 0 remote fetches in 0 ms
20/07/22 15:41:32 INFO Executor: Finished task 1.0 in stage 6.0 (TID 206). 5692 bytes result sent to driver
20/07/22 15:41:32 INFO TaskSetManager: Starting task 2.0 in stage 6.0 (TID 207, localhost, executor driver, partition 2, PROCESS_LOCAL, 5889 bytes)
20/07/22 15:41:32 INFO Executor: Running task 2.0 in stage 6.0 (TID 207)
20/07/22 15:41:32 INFO TaskSetManager: Finished task 1.0 in stage 6.0 (TID 206) in 7 ms on localhost (executor driver) (2/200)
20/07/22 15:41:32 INFO ShuffleBlockFetcherIterator: Getting 0 non-empty blocks out of 1 blocks
20/07/22 15:41:32 INFO ShuffleBlockFetcherIterator: Started 0 remote fetches in 1 ms
20/07/22 15:41:32 INFO Executor: Finished task 2.0 in stage 6.0 (TID 207). 5692 bytes result sent to driver
20/07/22 15:41:32 INFO TaskSetManager: Starting task 3.0 in stage 6.0 (TID 208, localhost, executor driver, partition 3, PROCESS_LOCAL, 5889 bytes)
20/07/22 15:41:32 INFO Executor: Running task 3.0 in stage 6.0 (TID 208)
20/07/22 15:41:32 INFO TaskSetManager: Finished task 2.0 in stage 6.0 (TID 207) in 7 ms on localhost (executor driver) (3/200)
20/07/22 15:41:32 INFO ShuffleBlockFetcherIterator: Getting 0 non-empty blocks out of 1 blocks
20/07/22 15:41:32 INFO ShuffleBlockFetcherIterator: Started 0 remote fetches in 0 ms
20/07/22 15:41:32 INFO Executor: Finished task 3.0 in stage 6.0 (TID 208). 5692 bytes result sent to driver
20/07/22 15:41:32 INFO TaskSetManager: Starting task 4.0 in stage 6.0 (TID 209, localhost, executor driver, partition 4, PROCESS_LOCAL, 5889 bytes)
20/07/22 15:41:32 INFO TaskSetManager: Finished task 3.0 in stage 6.0 (TID 208) in 8 ms on localhost (executor driver) (4/200)
20/07/22 15:41:32 INFO Executor: Running task 4.0 in stage 6.0 (TID 209)
20/07/22 15:41:32 INFO ShuffleBlockFetcherIterator: Getting 0 non-empty blocks out of 1 blocks
20/07/22 15:41:32 INFO ShuffleBlockFetcherIterator: Started 0 remote fetches in 0 ms
20/07/22 15:41:32 INFO Executor: Finished task 4.0 in stage 6.0 (TID 209). 5692 bytes result sent to driver
20/07/22 15:41:32 INFO TaskSetManager: Starting task 5.0 in stage 6.0 (TID 210, localhost, executor driver, partition 5, PROCESS_LOCAL, 5889 bytes)
20/07/22 15:41:32 INFO Executor: Running task 5.0 in stage 6.0 (TID 210)
20/07/22 15:41:32 INFO TaskSetManager: Finished task 4.0 in stage 6.0 (TID 209) in 10 ms on localhost (executor driver) (5/200)
20/07/22 15:41:32 INFO ShuffleBlockFetcherIterator: Getting 0 non-empty blocks out of 1 blocks
20/07/22 15:41:32 INFO ShuffleBlockFetcherIterator: Started 0 remote fetches in 1 ms
20/07/22 15:41:32 INFO Executor: Finished task 5.0 in stage 6.0 (TID 210). 5692 bytes result sent to driver
20/07/22 15:41:32 INFO TaskSetManager: Starting task 6.0 in stage 6.0 (TID 211, localhost, executor driver, partition 6, PROCESS_LOCAL, 5889 bytes)
20/07/22 15:41:32 INFO Executor: Running task 6.0 in stage 6.0 (TID 211)
20/07/22 15:41:32 INFO TaskSetManager: Finished task 5.0 in stage 6.0 (TID 210) in 5 ms on localhost (executor driver) (6/200)
20/07/22 15:41:32 INFO ShuffleBlockFetcherIterator: Getting 0 non-empty blocks out of 1 blocks
20/07/22 15:41:32 INFO ShuffleBlockFetcherIterator: Started 0 remote fetches in 0 ms
20/07/22 15:41:32 INFO Executor: Finished task 6.0 in stage 6.0 (TID 211). 5692 bytes result sent to driver
20/07/22 15:41:32 INFO TaskSetManager: Starting task 7.0 in stage 6.0 (TID 212, localhost, executor driver, partition 7, PROCESS_LOCAL, 5889 bytes)
20/07/22 15:41:32 INFO Executor: Running task 7.0 in stage 6.0 (TID 212)
20/07/22 15:41:32 INFO TaskSetManager: Finished task 6.0 in stage 6.0 (TID 211) in 6 ms on localhost (executor driver) (7/200)
20/07/22 15:41:32 INFO ShuffleBlockFetcherIterator: Getting 0 non-empty blocks out of 1 blocks
20/07/22 15:41:32 INFO ShuffleBlockFetcherIterator: Started 0 remote fetches in 0 ms
20/07/22 15:41:32 INFO Executor: Finished task 7.0 in stage 6.0 (TID 212). 5692 bytes result sent to driver
20/07/22 15:41:32 INFO TaskSetManager: Starting task 8.0 in stage 6.0 (TID 213, localhost, executor driver, partition 8, PROCESS_LOCAL, 5889 bytes)
20/07/22 15:41:32 INFO TaskSetManager: Finished task 7.0 in stage 6.0 (TID 212) in 7 ms on localhost (executor driver) (8/200)
20/07/22 15:41:32 INFO Executor: Running task 8.0 in stage 6.0 (TID 213)
20/07/22 15:41:32 INFO ShuffleBlockFetcherIterator: Getting 0 non-empty blocks out of 1 blocks
20/07/22 15:41:32 INFO ShuffleBlockFetcherIterator: Started 0 remote fetches in 0 ms
20/07/22 15:41:32 INFO Executor: Finished task 8.0 in stage 6.0 (TID 213). 5692 bytes result sent to driver
20/07/22 15:41:32 INFO TaskSetManager: Starting task 10.0 in stage 6.0 (TID 214, localhost, executor driver, partition 10, PROCESS_LOCAL, 5889 bytes)
20/07/22 15:41:32 INFO Executor: Running task 10.0 in stage 6.0 (TID 214)
20/07/22 15:41:32 INFO TaskSetManager: Finished task 8.0 in stage 6.0 (TID 213) in 6 ms on localhost (executor driver) (9/200)
20/07/22 15:41:32 INFO ShuffleBlockFetcherIterator: Getting 0 non-empty blocks out of 1 blocks
20/07/22 15:41:32 INFO ShuffleBlockFetcherIterator: Started 0 remote fetches in 0 ms
20/07/22 15:41:32 INFO Executor: Finished task 10.0 in stage 6.0 (TID 214). 5692 bytes result sent to driver
20/07/22 15:41:32 INFO TaskSetManager: Starting task 12.0 in stage 6.0 (TID 215, localhost, executor driver, partition 12, PROCESS_LOCAL, 5889 bytes)
20/07/22 15:41:32 INFO Executor: Running task 12.0 in stage 6.0 (TID 215)
20/07/22 15:41:32 INFO TaskSetManager: Finished task 10.0 in stage 6.0 (TID 214) in 7 ms on localhost (executor driver) (10/200)
20/07/22 15:41:32 INFO ShuffleBlockFetcherIterator: Getting 0 non-empty blocks out of 1 blocks
20/07/22 15:41:32 INFO ShuffleBlockFetcherIterator: Started 0 remote fetches in 0 ms
20/07/22 15:41:32 INFO Executor: Finished task 12.0 in stage 6.0 (TID 215). 5692 bytes result sent to driver
20/07/22 15:41:32 INFO TaskSetManager: Starting task 13.0 in stage 6.0 (TID 216, localhost, executor driver, partition 13, PROCESS_LOCAL, 5889 bytes)
20/07/22 15:41:32 INFO TaskSetManager: Finished task 12.0 in stage 6.0 (TID 215) in 4 ms on localhost (executor driver) (11/200)
20/07/22 15:41:32 INFO Executor: Running task 13.0 in stage 6.0 (TID 216)
20/07/22 15:41:32 INFO ShuffleBlockFetcherIterator: Getting 0 non-empty blocks out of 1 blocks
20/07/22 15:41:32 INFO ShuffleBlockFetcherIterator: Started 0 remote fetches in 0 ms
20/07/22 15:41:32 INFO Executor: Finished task 13.0 in stage 6.0 (TID 216). 5692 bytes result sent to driver
20/07/22 15:41:32 INFO TaskSetManager: Starting task 16.0 in stage 6.0 (TID 217, localhost, executor driver, partition 16, PROCESS_LOCAL, 5889 bytes)
20/07/22 15:41:32 INFO TaskSetManager: Finished task 13.0 in stage 6.0 (TID 216) in 5 ms on localhost (executor driver) (12/200)
20/07/22 15:41:32 INFO Executor: Running task 16.0 in stage 6.0 (TID 217)
20/07/22 15:41:32 INFO ShuffleBlockFetcherIterator: Getting 0 non-empty blocks out of 1 blocks
20/07/22 15:41:32 INFO ShuffleBlockFetcherIterator: Started 0 remote fetches in 0 ms
20/07/22 15:41:32 INFO Executor: Finished task 16.0 in stage 6.0 (TID 217). 5692 bytes result sent to driver
20/07/22 15:41:32 INFO TaskSetManager: Starting task 17.0 in stage 6.0 (TID 218, localhost, executor driver, partition 17, PROCESS_LOCAL, 5889 bytes)
20/07/22 15:41:32 INFO Executor: Running task 17.0 in stage 6.0 (TID 218)
20/07/22 15:41:32 INFO TaskSetManager: Finished task 16.0 in stage 6.0 (TID 217) in 5 ms on localhost (executor driver) (13/200)
20/07/22 15:41:32 INFO ShuffleBlockFetcherIterator: Getting 0 non-empty blocks out of 1 blocks
20/07/22 15:41:32 INFO ShuffleBlockFetcherIterator: Started 0 remote fetches in 0 ms
20/07/22 15:41:32 INFO Executor: Finished task 17.0 in stage 6.0 (TID 218). 5692 bytes result sent to driver
20/07/22 15:41:32 INFO TaskSetManager: Starting task 18.0 in stage 6.0 (TID 219, localhost, executor driver, partition 18, PROCESS_LOCAL, 5889 bytes)
20/07/22 15:41:32 INFO TaskSetManager: Finished task 17.0 in stage 6.0 (TID 218) in 5 ms on localhost (executor driver) (14/200)
20/07/22 15:41:32 INFO Executor: Running task 18.0 in stage 6.0 (TID 219)
20/07/22 15:41:32 INFO ShuffleBlockFetcherIterator: Getting 0 non-empty blocks out of 1 blocks
20/07/22 15:41:32 INFO ShuffleBlockFetcherIterator: Started 0 remote fetches in 0 ms
20/07/22 15:41:32 INFO Executor: Finished task 18.0 in stage 6.0 (TID 219). 5692 bytes result sent to driver
20/07/22 15:41:32 INFO TaskSetManager: Starting task 19.0 in stage 6.0 (TID 220, localhost, executor driver, partition 19, PROCESS_LOCAL, 5889 bytes)
20/07/22 15:41:32 INFO TaskSetManager: Finished task 18.0 in stage 6.0 (TID 219) in 6 ms on localhost (executor driver) (15/200)
20/07/22 15:41:32 INFO Executor: Running task 19.0 in stage 6.0 (TID 220)
20/07/22 15:41:32 INFO ShuffleBlockFetcherIterator: Getting 0 non-empty blocks out of 1 blocks
20/07/22 15:41:32 INFO ShuffleBlockFetcherIterator: Started 0 remote fetches in 0 ms
20/07/22 15:41:32 INFO Executor: Finished task 19.0 in stage 6.0 (TID 220). 5779 bytes result sent to driver
20/07/22 15:41:32 INFO TaskSetManager: Starting task 20.0 in stage 6.0 (TID 221, localhost, executor driver, partition 20, PROCESS_LOCAL, 5889 bytes)
20/07/22 15:41:32 INFO Executor: Running task 20.0 in stage 6.0 (TID 221)
20/07/22 15:41:32 INFO TaskSetManager: Finished task 19.0 in stage 6.0 (TID 220) in 6 ms on localhost (executor driver) (16/200)
20/07/22 15:41:32 INFO ShuffleBlockFetcherIterator: Getting 0 non-empty blocks out of 1 blocks
20/07/22 15:41:32 INFO ShuffleBlockFetcherIterator: Started 0 remote fetches in 0 ms
20/07/22 15:41:32 INFO Executor: Finished task 20.0 in stage 6.0 (TID 221). 5779 bytes result sent to driver
20/07/22 15:41:32 INFO TaskSetManager: Starting task 21.0 in stage 6.0 (TID 222, localhost, executor driver, partition 21, PROCESS_LOCAL, 5889 bytes)
20/07/22 15:41:32 INFO TaskSetManager: Finished task 20.0 in stage 6.0 (TID 221) in 5 ms on localhost (executor driver) (17/200)
20/07/22 15:41:32 INFO Executor: Running task 21.0 in stage 6.0 (TID 222)
20/07/22 15:41:32 INFO ShuffleBlockFetcherIterator: Getting 0 non-empty blocks out of 1 blocks
20/07/22 15:41:32 INFO ShuffleBlockFetcherIterator: Started 0 remote fetches in 0 ms
20/07/22 15:41:32 INFO Executor: Finished task 21.0 in stage 6.0 (TID 222). 5692 bytes result sent to driver
20/07/22 15:41:32 INFO TaskSetManager: Starting task 22.0 in stage 6.0 (TID 223, localhost, executor driver, partition 22, PROCESS_LOCAL, 5889 bytes)
20/07/22 15:41:32 INFO Executor: Running task 22.0 in stage 6.0 (TID 223)
20/07/22 15:41:32 INFO TaskSetManager: Finished task 21.0 in stage 6.0 (TID 222) in 6 ms on localhost (executor driver) (18/200)
20/07/22 15:41:32 INFO ShuffleBlockFetcherIterator: Getting 0 non-empty blocks out of 1 blocks
20/07/22 15:41:32 INFO ShuffleBlockFetcherIterator: Started 0 remote fetches in 0 ms
20/07/22 15:41:32 INFO Executor: Finished task 22.0 in stage 6.0 (TID 223). 5692 bytes result sent to driver
20/07/22 15:41:32 INFO TaskSetManager: Starting task 25.0 in stage 6.0 (TID 224, localhost, executor driver, partition 25, PROCESS_LOCAL, 5889 bytes)
20/07/22 15:41:32 INFO TaskSetManager: Finished task 22.0 in stage 6.0 (TID 223) in 5 ms on localhost (executor driver) (19/200)
20/07/22 15:41:32 INFO Executor: Running task 25.0 in stage 6.0 (TID 224)
20/07/22 15:41:32 INFO ShuffleBlockFetcherIterator: Getting 0 non-empty blocks out of 1 blocks
20/07/22 15:41:32 INFO ShuffleBlockFetcherIterator: Started 0 remote fetches in 0 ms
20/07/22 15:41:32 INFO Executor: Finished task 25.0 in stage 6.0 (TID 224). 5692 bytes result sent to driver
20/07/22 15:41:32 INFO TaskSetManager: Starting task 26.0 in stage 6.0 (TID 225, localhost, executor driver, partition 26, PROCESS_LOCAL, 5889 bytes)
20/07/22 15:41:32 INFO Executor: Running task 26.0 in stage 6.0 (TID 225)
20/07/22 15:41:32 INFO TaskSetManager: Finished task 25.0 in stage 6.0 (TID 224) in 4 ms on localhost (executor driver) (20/200)
20/07/22 15:41:32 INFO ShuffleBlockFetcherIterator: Getting 0 non-empty blocks out of 1 blocks
20/07/22 15:41:32 INFO ShuffleBlockFetcherIterator: Started 0 remote fetches in 0 ms
20/07/22 15:41:32 INFO Executor: Finished task 26.0 in stage 6.0 (TID 225). 5692 bytes result sent to driver
20/07/22 15:41:32 INFO TaskSetManager: Starting task 27.0 in stage 6.0 (TID 226, localhost, executor driver, partition 27, PROCESS_LOCAL, 5889 bytes)
20/07/22 15:41:32 INFO Executor: Running task 27.0 in stage 6.0 (TID 226)
20/07/22 15:41:32 INFO TaskSetManager: Finished task 26.0 in stage 6.0 (TID 225) in 5 ms on localhost (executor driver) (21/200)
20/07/22 15:41:32 INFO ShuffleBlockFetcherIterator: Getting 0 non-empty blocks out of 1 blocks
20/07/22 15:41:32 INFO ShuffleBlockFetcherIterator: Started 0 remote fetches in 0 ms
20/07/22 15:41:32 INFO Executor: Finished task 27.0 in stage 6.0 (TID 226). 5692 bytes result sent to driver
20/07/22 15:41:32 INFO TaskSetManager: Starting task 28.0 in stage 6.0 (TID 227, localhost, executor driver, partition 28, PROCESS_LOCAL, 5889 bytes)
20/07/22 15:41:32 INFO Executor: Running task 28.0 in stage 6.0 (TID 227)
20/07/22 15:41:32 INFO TaskSetManager: Finished task 27.0 in stage 6.0 (TID 226) in 8 ms on localhost (executor driver) (22/200)
20/07/22 15:41:32 INFO ShuffleBlockFetcherIterator: Getting 0 non-empty blocks out of 1 blocks
20/07/22 15:41:32 INFO ShuffleBlockFetcherIterator: Started 0 remote fetches in 0 ms
20/07/22 15:41:32 INFO Executor: Finished task 28.0 in stage 6.0 (TID 227). 5692 bytes result sent to driver
20/07/22 15:41:32 INFO TaskSetManager: Starting task 29.0 in stage 6.0 (TID 228, localhost, executor driver, partition 29, PROCESS_LOCAL, 5889 bytes)
20/07/22 15:41:32 INFO Executor: Running task 29.0 in stage 6.0 (TID 228)
20/07/22 15:41:32 INFO TaskSetManager: Finished task 28.0 in stage 6.0 (TID 227) in 7 ms on localhost (executor driver) (23/200)
20/07/22 15:41:32 INFO ShuffleBlockFetcherIterator: Getting 0 non-empty blocks out of 1 blocks
20/07/22 15:41:32 INFO ShuffleBlockFetcherIterator: Started 0 remote fetches in 0 ms
20/07/22 15:41:32 INFO Executor: Finished task 29.0 in stage 6.0 (TID 228). 5613 bytes result sent to driver
20/07/22 15:41:32 INFO TaskSetManager: Starting task 30.0 in stage 6.0 (TID 229, localhost, executor driver, partition 30, PROCESS_LOCAL, 5889 bytes)
20/07/22 15:41:32 INFO Executor: Running task 30.0 in stage 6.0 (TID 229)
20/07/22 15:41:32 INFO TaskSetManager: Finished task 29.0 in stage 6.0 (TID 228) in 5 ms on localhost (executor driver) (24/200)
20/07/22 15:41:32 INFO ShuffleBlockFetcherIterator: Getting 0 non-empty blocks out of 1 blocks
20/07/22 15:41:32 INFO ShuffleBlockFetcherIterator: Started 0 remote fetches in 1 ms
20/07/22 15:41:32 INFO Executor: Finished task 30.0 in stage 6.0 (TID 229). 5692 bytes result sent to driver
20/07/22 15:41:32 INFO TaskSetManager: Starting task 31.0 in stage 6.0 (TID 230, localhost, executor driver, partition 31, PROCESS_LOCAL, 5889 bytes)
20/07/22 15:41:32 INFO TaskSetManager: Finished task 30.0 in stage 6.0 (TID 229) in 5 ms on localhost (executor driver) (25/200)
20/07/22 15:41:32 INFO Executor: Running task 31.0 in stage 6.0 (TID 230)
20/07/22 15:41:32 INFO ShuffleBlockFetcherIterator: Getting 0 non-empty blocks out of 1 blocks
20/07/22 15:41:32 INFO ShuffleBlockFetcherIterator: Started 0 remote fetches in 0 ms
20/07/22 15:41:32 INFO Executor: Finished task 31.0 in stage 6.0 (TID 230). 5692 bytes result sent to driver
20/07/22 15:41:32 INFO TaskSetManager: Starting task 32.0 in stage 6.0 (TID 231, localhost, executor driver, partition 32, PROCESS_LOCAL, 5889 bytes)
20/07/22 15:41:32 INFO Executor: Running task 32.0 in stage 6.0 (TID 231)
20/07/22 15:41:32 INFO TaskSetManager: Finished task 31.0 in stage 6.0 (TID 230) in 5 ms on localhost (executor driver) (26/200)
20/07/22 15:41:32 INFO ShuffleBlockFetcherIterator: Getting 0 non-empty blocks out of 1 blocks
20/07/22 15:41:32 INFO ShuffleBlockFetcherIterator: Started 0 remote fetches in 0 ms
20/07/22 15:41:32 INFO Executor: Finished task 32.0 in stage 6.0 (TID 231). 5692 bytes result sent to driver
20/07/22 15:41:32 INFO TaskSetManager: Starting task 33.0 in stage 6.0 (TID 232, localhost, executor driver, partition 33, PROCESS_LOCAL, 5889 bytes)
20/07/22 15:41:32 INFO Executor: Running task 33.0 in stage 6.0 (TID 232)
20/07/22 15:41:32 INFO TaskSetManager: Finished task 32.0 in stage 6.0 (TID 231) in 5 ms on localhost (executor driver) (27/200)
20/07/22 15:41:32 INFO ShuffleBlockFetcherIterator: Getting 0 non-empty blocks out of 1 blocks
20/07/22 15:41:32 INFO ShuffleBlockFetcherIterator: Started 0 remote fetches in 0 ms
20/07/22 15:41:32 INFO Executor: Finished task 33.0 in stage 6.0 (TID 232). 5692 bytes result sent to driver
20/07/22 15:41:32 INFO TaskSetManager: Starting task 34.0 in stage 6.0 (TID 233, localhost, executor driver, partition 34, PROCESS_LOCAL, 5889 bytes)
20/07/22 15:41:32 INFO Executor: Running task 34.0 in stage 6.0 (TID 233)
20/07/22 15:41:32 INFO TaskSetManager: Finished task 33.0 in stage 6.0 (TID 232) in 4 ms on localhost (executor driver) (28/200)
20/07/22 15:41:32 INFO ShuffleBlockFetcherIterator: Getting 0 non-empty blocks out of 1 blocks
20/07/22 15:41:32 INFO ShuffleBlockFetcherIterator: Started 0 remote fetches in 0 ms
20/07/22 15:41:32 INFO Executor: Finished task 34.0 in stage 6.0 (TID 233). 5692 bytes result sent to driver
20/07/22 15:41:32 INFO TaskSetManager: Starting task 35.0 in stage 6.0 (TID 234, localhost, executor driver, partition 35, PROCESS_LOCAL, 5889 bytes)
20/07/22 15:41:32 INFO Executor: Running task 35.0 in stage 6.0 (TID 234)
20/07/22 15:41:32 INFO TaskSetManager: Finished task 34.0 in stage 6.0 (TID 233) in 4 ms on localhost (executor driver) (29/200)
20/07/22 15:41:32 INFO ShuffleBlockFetcherIterator: Getting 0 non-empty blocks out of 1 blocks
20/07/22 15:41:32 INFO ShuffleBlockFetcherIterator: Started 0 remote fetches in 0 ms
20/07/22 15:41:32 INFO Executor: Finished task 35.0 in stage 6.0 (TID 234). 5692 bytes result sent to driver
20/07/22 15:41:32 INFO TaskSetManager: Starting task 36.0 in stage 6.0 (TID 235, localhost, executor driver, partition 36, PROCESS_LOCAL, 5889 bytes)
20/07/22 15:41:32 INFO Executor: Running task 36.0 in stage 6.0 (TID 235)
20/07/22 15:41:32 INFO TaskSetManager: Finished task 35.0 in stage 6.0 (TID 234) in 4 ms on localhost (executor driver) (30/200)
20/07/22 15:41:32 INFO ShuffleBlockFetcherIterator: Getting 0 non-empty blocks out of 1 blocks
20/07/22 15:41:32 INFO ShuffleBlockFetcherIterator: Started 0 remote fetches in 0 ms
20/07/22 15:41:32 INFO Executor: Finished task 36.0 in stage 6.0 (TID 235). 5692 bytes result sent to driver
20/07/22 15:41:32 INFO TaskSetManager: Starting task 37.0 in stage 6.0 (TID 236, localhost, executor driver, partition 37, PROCESS_LOCAL, 5889 bytes)
20/07/22 15:41:32 INFO Executor: Running task 37.0 in stage 6.0 (TID 236)
20/07/22 15:41:32 INFO TaskSetManager: Finished task 36.0 in stage 6.0 (TID 235) in 4 ms on localhost (executor driver) (31/200)
20/07/22 15:41:32 INFO ShuffleBlockFetcherIterator: Getting 0 non-empty blocks out of 1 blocks
20/07/22 15:41:32 INFO ShuffleBlockFetcherIterator: Started 0 remote fetches in 0 ms
20/07/22 15:41:32 INFO Executor: Finished task 37.0 in stage 6.0 (TID 236). 5692 bytes result sent to driver
20/07/22 15:41:32 INFO TaskSetManager: Starting task 38.0 in stage 6.0 (TID 237, localhost, executor driver, partition 38, PROCESS_LOCAL, 5889 bytes)
20/07/22 15:41:32 INFO Executor: Running task 38.0 in stage 6.0 (TID 237)
20/07/22 15:41:32 INFO TaskSetManager: Finished task 37.0 in stage 6.0 (TID 236) in 4 ms on localhost (executor driver) (32/200)
20/07/22 15:41:32 INFO ShuffleBlockFetcherIterator: Getting 0 non-empty blocks out of 1 blocks
20/07/22 15:41:32 INFO ShuffleBlockFetcherIterator: Started 0 remote fetches in 0 ms
20/07/22 15:41:32 INFO Executor: Finished task 38.0 in stage 6.0 (TID 237). 5692 bytes result sent to driver
20/07/22 15:41:32 INFO TaskSetManager: Starting task 39.0 in stage 6.0 (TID 238, localhost, executor driver, partition 39, PROCESS_LOCAL, 5889 bytes)
20/07/22 15:41:32 INFO TaskSetManager: Finished task 38.0 in stage 6.0 (TID 237) in 5 ms on localhost (executor driver) (33/200)
20/07/22 15:41:32 INFO Executor: Running task 39.0 in stage 6.0 (TID 238)
20/07/22 15:41:32 INFO ShuffleBlockFetcherIterator: Getting 0 non-empty blocks out of 1 blocks
20/07/22 15:41:32 INFO ShuffleBlockFetcherIterator: Started 0 remote fetches in 0 ms
20/07/22 15:41:32 INFO Executor: Finished task 39.0 in stage 6.0 (TID 238). 5692 bytes result sent to driver
20/07/22 15:41:32 INFO TaskSetManager: Starting task 40.0 in stage 6.0 (TID 239, localhost, executor driver, partition 40, PROCESS_LOCAL, 5889 bytes)
20/07/22 15:41:32 INFO Executor: Running task 40.0 in stage 6.0 (TID 239)
20/07/22 15:41:32 INFO TaskSetManager: Finished task 39.0 in stage 6.0 (TID 238) in 5 ms on localhost (executor driver) (34/200)
20/07/22 15:41:32 INFO ShuffleBlockFetcherIterator: Getting 0 non-empty blocks out of 1 blocks
20/07/22 15:41:32 INFO ShuffleBlockFetcherIterator: Started 0 remote fetches in 0 ms
20/07/22 15:41:32 INFO Executor: Finished task 40.0 in stage 6.0 (TID 239). 5779 bytes result sent to driver
20/07/22 15:41:32 INFO TaskSetManager: Starting task 41.0 in stage 6.0 (TID 240, localhost, executor driver, partition 41, PROCESS_LOCAL, 5889 bytes)
20/07/22 15:41:32 INFO Executor: Running task 41.0 in stage 6.0 (TID 240)
20/07/22 15:41:32 INFO TaskSetManager: Finished task 40.0 in stage 6.0 (TID 239) in 6 ms on localhost (executor driver) (35/200)
20/07/22 15:41:32 INFO ShuffleBlockFetcherIterator: Getting 0 non-empty blocks out of 1 blocks
20/07/22 15:41:32 INFO ShuffleBlockFetcherIterator: Started 0 remote fetches in 0 ms
20/07/22 15:41:32 INFO Executor: Finished task 41.0 in stage 6.0 (TID 240). 5692 bytes result sent to driver
20/07/22 15:41:32 INFO TaskSetManager: Starting task 42.0 in stage 6.0 (TID 241, localhost, executor driver, partition 42, PROCESS_LOCAL, 5889 bytes)
20/07/22 15:41:32 INFO Executor: Running task 42.0 in stage 6.0 (TID 241)
20/07/22 15:41:32 INFO TaskSetManager: Finished task 41.0 in stage 6.0 (TID 240) in 4 ms on localhost (executor driver) (36/200)
20/07/22 15:41:32 INFO ShuffleBlockFetcherIterator: Getting 0 non-empty blocks out of 1 blocks
20/07/22 15:41:32 INFO ShuffleBlockFetcherIterator: Started 0 remote fetches in 0 ms
20/07/22 15:41:32 INFO Executor: Finished task 42.0 in stage 6.0 (TID 241). 5692 bytes result sent to driver
20/07/22 15:41:32 INFO TaskSetManager: Starting task 43.0 in stage 6.0 (TID 242, localhost, executor driver, partition 43, PROCESS_LOCAL, 5889 bytes)
20/07/22 15:41:32 INFO Executor: Running task 43.0 in stage 6.0 (TID 242)
20/07/22 15:41:32 INFO TaskSetManager: Finished task 42.0 in stage 6.0 (TID 241) in 5 ms on localhost (executor driver) (37/200)
20/07/22 15:41:32 INFO ShuffleBlockFetcherIterator: Getting 0 non-empty blocks out of 1 blocks
20/07/22 15:41:32 INFO ShuffleBlockFetcherIterator: Started 0 remote fetches in 0 ms
20/07/22 15:41:32 INFO Executor: Finished task 43.0 in stage 6.0 (TID 242). 5692 bytes result sent to driver
20/07/22 15:41:32 INFO TaskSetManager: Starting task 44.0 in stage 6.0 (TID 243, localhost, executor driver, partition 44, PROCESS_LOCAL, 5889 bytes)
20/07/22 15:41:32 INFO Executor: Running task 44.0 in stage 6.0 (TID 243)
20/07/22 15:41:32 INFO TaskSetManager: Finished task 43.0 in stage 6.0 (TID 242) in 5 ms on localhost (executor driver) (38/200)
20/07/22 15:41:32 INFO ShuffleBlockFetcherIterator: Getting 0 non-empty blocks out of 1 blocks
20/07/22 15:41:32 INFO ShuffleBlockFetcherIterator: Started 0 remote fetches in 0 ms
20/07/22 15:41:32 INFO Executor: Finished task 44.0 in stage 6.0 (TID 243). 5692 bytes result sent to driver
20/07/22 15:41:32 INFO TaskSetManager: Starting task 45.0 in stage 6.0 (TID 244, localhost, executor driver, partition 45, PROCESS_LOCAL, 5889 bytes)
20/07/22 15:41:32 INFO Executor: Running task 45.0 in stage 6.0 (TID 244)
20/07/22 15:41:32 INFO TaskSetManager: Finished task 44.0 in stage 6.0 (TID 243) in 5 ms on localhost (executor driver) (39/200)
20/07/22 15:41:32 INFO ShuffleBlockFetcherIterator: Getting 0 non-empty blocks out of 1 blocks
20/07/22 15:41:32 INFO ShuffleBlockFetcherIterator: Started 0 remote fetches in 0 ms
20/07/22 15:41:32 INFO Executor: Finished task 45.0 in stage 6.0 (TID 244). 5692 bytes result sent to driver
20/07/22 15:41:32 INFO TaskSetManager: Starting task 46.0 in stage 6.0 (TID 245, localhost, executor driver, partition 46, PROCESS_LOCAL, 5889 bytes)
20/07/22 15:41:32 INFO TaskSetManager: Finished task 45.0 in stage 6.0 (TID 244) in 5 ms on localhost (executor driver) (40/200)
20/07/22 15:41:32 INFO Executor: Running task 46.0 in stage 6.0 (TID 245)
20/07/22 15:41:32 INFO ShuffleBlockFetcherIterator: Getting 0 non-empty blocks out of 1 blocks
20/07/22 15:41:32 INFO ShuffleBlockFetcherIterator: Started 0 remote fetches in 0 ms
20/07/22 15:41:32 INFO Executor: Finished task 46.0 in stage 6.0 (TID 245). 5692 bytes result sent to driver
20/07/22 15:41:32 INFO TaskSetManager: Starting task 47.0 in stage 6.0 (TID 246, localhost, executor driver, partition 47, PROCESS_LOCAL, 5889 bytes)
20/07/22 15:41:32 INFO TaskSetManager: Finished task 46.0 in stage 6.0 (TID 245) in 7 ms on localhost (executor driver) (41/200)
20/07/22 15:41:32 INFO Executor: Running task 47.0 in stage 6.0 (TID 246)
20/07/22 15:41:32 INFO ShuffleBlockFetcherIterator: Getting 0 non-empty blocks out of 1 blocks
20/07/22 15:41:32 INFO ShuffleBlockFetcherIterator: Started 0 remote fetches in 0 ms
20/07/22 15:41:32 INFO Executor: Finished task 47.0 in stage 6.0 (TID 246). 5692 bytes result sent to driver
20/07/22 15:41:32 INFO TaskSetManager: Starting task 48.0 in stage 6.0 (TID 247, localhost, executor driver, partition 48, PROCESS_LOCAL, 5889 bytes)
20/07/22 15:41:32 INFO TaskSetManager: Finished task 47.0 in stage 6.0 (TID 246) in 5 ms on localhost (executor driver) (42/200)
20/07/22 15:41:32 INFO Executor: Running task 48.0 in stage 6.0 (TID 247)
20/07/22 15:41:32 INFO ShuffleBlockFetcherIterator: Getting 0 non-empty blocks out of 1 blocks
20/07/22 15:41:32 INFO ShuffleBlockFetcherIterator: Started 0 remote fetches in 0 ms
20/07/22 15:41:32 INFO Executor: Finished task 48.0 in stage 6.0 (TID 247). 5692 bytes result sent to driver
20/07/22 15:41:32 INFO TaskSetManager: Starting task 49.0 in stage 6.0 (TID 248, localhost, executor driver, partition 49, PROCESS_LOCAL, 5889 bytes)
20/07/22 15:41:32 INFO Executor: Running task 49.0 in stage 6.0 (TID 248)
20/07/22 15:41:32 INFO TaskSetManager: Finished task 48.0 in stage 6.0 (TID 247) in 5 ms on localhost (executor driver) (43/200)
20/07/22 15:41:32 INFO ShuffleBlockFetcherIterator: Getting 0 non-empty blocks out of 1 blocks
20/07/22 15:41:32 INFO ShuffleBlockFetcherIterator: Started 0 remote fetches in 0 ms
20/07/22 15:41:32 INFO Executor: Finished task 49.0 in stage 6.0 (TID 248). 5692 bytes result sent to driver
20/07/22 15:41:32 INFO TaskSetManager: Starting task 50.0 in stage 6.0 (TID 249, localhost, executor driver, partition 50, PROCESS_LOCAL, 5889 bytes)
20/07/22 15:41:32 INFO Executor: Running task 50.0 in stage 6.0 (TID 249)
20/07/22 15:41:32 INFO TaskSetManager: Finished task 49.0 in stage 6.0 (TID 248) in 6 ms on localhost (executor driver) (44/200)
20/07/22 15:41:32 INFO ShuffleBlockFetcherIterator: Getting 0 non-empty blocks out of 1 blocks
20/07/22 15:41:32 INFO ShuffleBlockFetcherIterator: Started 0 remote fetches in 0 ms
20/07/22 15:41:32 INFO Executor: Finished task 50.0 in stage 6.0 (TID 249). 5692 bytes result sent to driver
20/07/22 15:41:32 INFO TaskSetManager: Starting task 51.0 in stage 6.0 (TID 250, localhost, executor driver, partition 51, PROCESS_LOCAL, 5889 bytes)
20/07/22 15:41:32 INFO TaskSetManager: Finished task 50.0 in stage 6.0 (TID 249) in 8 ms on localhost (executor driver) (45/200)
20/07/22 15:41:32 INFO Executor: Running task 51.0 in stage 6.0 (TID 250)
20/07/22 15:41:32 INFO ShuffleBlockFetcherIterator: Getting 0 non-empty blocks out of 1 blocks
20/07/22 15:41:32 INFO ShuffleBlockFetcherIterator: Started 0 remote fetches in 0 ms
20/07/22 15:41:32 INFO Executor: Finished task 51.0 in stage 6.0 (TID 250). 5692 bytes result sent to driver
20/07/22 15:41:32 INFO TaskSetManager: Starting task 52.0 in stage 6.0 (TID 251, localhost, executor driver, partition 52, PROCESS_LOCAL, 5889 bytes)
20/07/22 15:41:32 INFO TaskSetManager: Finished task 51.0 in stage 6.0 (TID 250) in 8 ms on localhost (executor driver) (46/200)
20/07/22 15:41:32 INFO Executor: Running task 52.0 in stage 6.0 (TID 251)
20/07/22 15:41:32 INFO ShuffleBlockFetcherIterator: Getting 0 non-empty blocks out of 1 blocks
20/07/22 15:41:32 INFO ShuffleBlockFetcherIterator: Started 0 remote fetches in 0 ms
20/07/22 15:41:32 INFO Executor: Finished task 52.0 in stage 6.0 (TID 251). 5692 bytes result sent to driver
20/07/22 15:41:32 INFO TaskSetManager: Starting task 53.0 in stage 6.0 (TID 252, localhost, executor driver, partition 53, PROCESS_LOCAL, 5889 bytes)
20/07/22 15:41:32 INFO Executor: Running task 53.0 in stage 6.0 (TID 252)
20/07/22 15:41:32 INFO TaskSetManager: Finished task 52.0 in stage 6.0 (TID 251) in 6 ms on localhost (executor driver) (47/200)
20/07/22 15:41:32 INFO ShuffleBlockFetcherIterator: Getting 0 non-empty blocks out of 1 blocks
20/07/22 15:41:32 INFO ShuffleBlockFetcherIterator: Started 0 remote fetches in 0 ms
20/07/22 15:41:32 INFO Executor: Finished task 53.0 in stage 6.0 (TID 252). 5692 bytes result sent to driver
20/07/22 15:41:32 INFO TaskSetManager: Starting task 55.0 in stage 6.0 (TID 253, localhost, executor driver, partition 55, PROCESS_LOCAL, 5889 bytes)
20/07/22 15:41:32 INFO Executor: Running task 55.0 in stage 6.0 (TID 253)
20/07/22 15:41:32 INFO TaskSetManager: Finished task 53.0 in stage 6.0 (TID 252) in 5 ms on localhost (executor driver) (48/200)
20/07/22 15:41:32 INFO ShuffleBlockFetcherIterator: Getting 0 non-empty blocks out of 1 blocks
20/07/22 15:41:32 INFO ShuffleBlockFetcherIterator: Started 0 remote fetches in 0 ms
20/07/22 15:41:32 INFO Executor: Finished task 55.0 in stage 6.0 (TID 253). 5692 bytes result sent to driver
20/07/22 15:41:32 INFO TaskSetManager: Starting task 56.0 in stage 6.0 (TID 254, localhost, executor driver, partition 56, PROCESS_LOCAL, 5889 bytes)
20/07/22 15:41:32 INFO Executor: Running task 56.0 in stage 6.0 (TID 254)
20/07/22 15:41:32 INFO TaskSetManager: Finished task 55.0 in stage 6.0 (TID 253) in 7 ms on localhost (executor driver) (49/200)
20/07/22 15:41:32 INFO ShuffleBlockFetcherIterator: Getting 0 non-empty blocks out of 1 blocks
20/07/22 15:41:32 INFO ShuffleBlockFetcherIterator: Started 0 remote fetches in 0 ms
20/07/22 15:41:32 INFO Executor: Finished task 56.0 in stage 6.0 (TID 254). 5692 bytes result sent to driver
20/07/22 15:41:32 INFO TaskSetManager: Starting task 57.0 in stage 6.0 (TID 255, localhost, executor driver, partition 57, PROCESS_LOCAL, 5889 bytes)
20/07/22 15:41:32 INFO Executor: Running task 57.0 in stage 6.0 (TID 255)
20/07/22 15:41:32 INFO TaskSetManager: Finished task 56.0 in stage 6.0 (TID 254) in 5 ms on localhost (executor driver) (50/200)
20/07/22 15:41:32 INFO ShuffleBlockFetcherIterator: Getting 0 non-empty blocks out of 1 blocks
20/07/22 15:41:32 INFO ShuffleBlockFetcherIterator: Started 0 remote fetches in 1 ms
20/07/22 15:41:32 INFO Executor: Finished task 57.0 in stage 6.0 (TID 255). 5692 bytes result sent to driver
20/07/22 15:41:32 INFO TaskSetManager: Starting task 58.0 in stage 6.0 (TID 256, localhost, executor driver, partition 58, PROCESS_LOCAL, 5889 bytes)
20/07/22 15:41:32 INFO Executor: Running task 58.0 in stage 6.0 (TID 256)
20/07/22 15:41:32 INFO TaskSetManager: Finished task 57.0 in stage 6.0 (TID 255) in 6 ms on localhost (executor driver) (51/200)
20/07/22 15:41:32 INFO ShuffleBlockFetcherIterator: Getting 0 non-empty blocks out of 1 blocks
20/07/22 15:41:32 INFO ShuffleBlockFetcherIterator: Started 0 remote fetches in 0 ms
20/07/22 15:41:32 INFO Executor: Finished task 58.0 in stage 6.0 (TID 256). 5692 bytes result sent to driver
20/07/22 15:41:32 INFO TaskSetManager: Starting task 59.0 in stage 6.0 (TID 257, localhost, executor driver, partition 59, PROCESS_LOCAL, 5889 bytes)
20/07/22 15:41:32 INFO Executor: Running task 59.0 in stage 6.0 (TID 257)
20/07/22 15:41:32 INFO TaskSetManager: Finished task 58.0 in stage 6.0 (TID 256) in 4 ms on localhost (executor driver) (52/200)
20/07/22 15:41:32 INFO ShuffleBlockFetcherIterator: Getting 0 non-empty blocks out of 1 blocks
20/07/22 15:41:32 INFO ShuffleBlockFetcherIterator: Started 0 remote fetches in 0 ms
20/07/22 15:41:32 INFO Executor: Finished task 59.0 in stage 6.0 (TID 257). 5692 bytes result sent to driver
20/07/22 15:41:32 INFO TaskSetManager: Starting task 61.0 in stage 6.0 (TID 258, localhost, executor driver, partition 61, PROCESS_LOCAL, 5889 bytes)
20/07/22 15:41:32 INFO TaskSetManager: Finished task 59.0 in stage 6.0 (TID 257) in 5 ms on localhost (executor driver) (53/200)
20/07/22 15:41:32 INFO Executor: Running task 61.0 in stage 6.0 (TID 258)
20/07/22 15:41:32 INFO ShuffleBlockFetcherIterator: Getting 0 non-empty blocks out of 1 blocks
20/07/22 15:41:32 INFO ShuffleBlockFetcherIterator: Started 0 remote fetches in 0 ms
20/07/22 15:41:32 INFO Executor: Finished task 61.0 in stage 6.0 (TID 258). 5692 bytes result sent to driver
20/07/22 15:41:32 INFO TaskSetManager: Starting task 63.0 in stage 6.0 (TID 259, localhost, executor driver, partition 63, PROCESS_LOCAL, 5889 bytes)
20/07/22 15:41:32 INFO TaskSetManager: Finished task 61.0 in stage 6.0 (TID 258) in 5 ms on localhost (executor driver) (54/200)
20/07/22 15:41:32 INFO Executor: Running task 63.0 in stage 6.0 (TID 259)
20/07/22 15:41:32 INFO ShuffleBlockFetcherIterator: Getting 0 non-empty blocks out of 1 blocks
20/07/22 15:41:32 INFO ShuffleBlockFetcherIterator: Started 0 remote fetches in 0 ms
20/07/22 15:41:32 INFO Executor: Finished task 63.0 in stage 6.0 (TID 259). 5692 bytes result sent to driver
20/07/22 15:41:32 INFO TaskSetManager: Starting task 64.0 in stage 6.0 (TID 260, localhost, executor driver, partition 64, PROCESS_LOCAL, 5889 bytes)
20/07/22 15:41:32 INFO TaskSetManager: Finished task 63.0 in stage 6.0 (TID 259) in 5 ms on localhost (executor driver) (55/200)
20/07/22 15:41:32 INFO Executor: Running task 64.0 in stage 6.0 (TID 260)
20/07/22 15:41:32 INFO ShuffleBlockFetcherIterator: Getting 0 non-empty blocks out of 1 blocks
20/07/22 15:41:32 INFO ShuffleBlockFetcherIterator: Started 0 remote fetches in 1 ms
20/07/22 15:41:32 INFO Executor: Finished task 64.0 in stage 6.0 (TID 260). 5692 bytes result sent to driver
20/07/22 15:41:32 INFO TaskSetManager: Starting task 65.0 in stage 6.0 (TID 261, localhost, executor driver, partition 65, PROCESS_LOCAL, 5889 bytes)
20/07/22 15:41:32 INFO Executor: Running task 65.0 in stage 6.0 (TID 261)
20/07/22 15:41:32 INFO TaskSetManager: Finished task 64.0 in stage 6.0 (TID 260) in 7 ms on localhost (executor driver) (56/200)
20/07/22 15:41:32 INFO ShuffleBlockFetcherIterator: Getting 0 non-empty blocks out of 1 blocks
20/07/22 15:41:32 INFO ShuffleBlockFetcherIterator: Started 0 remote fetches in 0 ms
20/07/22 15:41:32 INFO Executor: Finished task 65.0 in stage 6.0 (TID 261). 5692 bytes result sent to driver
20/07/22 15:41:32 INFO TaskSetManager: Starting task 66.0 in stage 6.0 (TID 262, localhost, executor driver, partition 66, PROCESS_LOCAL, 5889 bytes)
20/07/22 15:41:32 INFO Executor: Running task 66.0 in stage 6.0 (TID 262)
20/07/22 15:41:32 INFO TaskSetManager: Finished task 65.0 in stage 6.0 (TID 261) in 5 ms on localhost (executor driver) (57/200)
20/07/22 15:41:32 INFO ShuffleBlockFetcherIterator: Getting 0 non-empty blocks out of 1 blocks
20/07/22 15:41:32 INFO ShuffleBlockFetcherIterator: Started 0 remote fetches in 0 ms
20/07/22 15:41:32 INFO Executor: Finished task 66.0 in stage 6.0 (TID 262). 5692 bytes result sent to driver
20/07/22 15:41:32 INFO TaskSetManager: Starting task 67.0 in stage 6.0 (TID 263, localhost, executor driver, partition 67, PROCESS_LOCAL, 5889 bytes)
20/07/22 15:41:32 INFO Executor: Running task 67.0 in stage 6.0 (TID 263)
20/07/22 15:41:32 INFO TaskSetManager: Finished task 66.0 in stage 6.0 (TID 262) in 5 ms on localhost (executor driver) (58/200)
20/07/22 15:41:32 INFO ShuffleBlockFetcherIterator: Getting 0 non-empty blocks out of 1 blocks
20/07/22 15:41:32 INFO ShuffleBlockFetcherIterator: Started 0 remote fetches in 0 ms
20/07/22 15:41:32 INFO Executor: Finished task 67.0 in stage 6.0 (TID 263). 5692 bytes result sent to driver
20/07/22 15:41:32 INFO TaskSetManager: Starting task 68.0 in stage 6.0 (TID 264, localhost, executor driver, partition 68, PROCESS_LOCAL, 5889 bytes)
20/07/22 15:41:32 INFO Executor: Running task 68.0 in stage 6.0 (TID 264)
20/07/22 15:41:32 INFO TaskSetManager: Finished task 67.0 in stage 6.0 (TID 263) in 5 ms on localhost (executor driver) (59/200)
20/07/22 15:41:32 INFO ShuffleBlockFetcherIterator: Getting 0 non-empty blocks out of 1 blocks
20/07/22 15:41:32 INFO ShuffleBlockFetcherIterator: Started 0 remote fetches in 0 ms
20/07/22 15:41:32 INFO Executor: Finished task 68.0 in stage 6.0 (TID 264). 5692 bytes result sent to driver
20/07/22 15:41:32 INFO TaskSetManager: Starting task 69.0 in stage 6.0 (TID 265, localhost, executor driver, partition 69, PROCESS_LOCAL, 5889 bytes)
20/07/22 15:41:32 INFO TaskSetManager: Finished task 68.0 in stage 6.0 (TID 264) in 5 ms on localhost (executor driver) (60/200)
20/07/22 15:41:32 INFO Executor: Running task 69.0 in stage 6.0 (TID 265)
20/07/22 15:41:32 INFO ShuffleBlockFetcherIterator: Getting 0 non-empty blocks out of 1 blocks
20/07/22 15:41:32 INFO ShuffleBlockFetcherIterator: Started 0 remote fetches in 0 ms
20/07/22 15:41:32 INFO Executor: Finished task 69.0 in stage 6.0 (TID 265). 5692 bytes result sent to driver
20/07/22 15:41:32 INFO TaskSetManager: Starting task 71.0 in stage 6.0 (TID 266, localhost, executor driver, partition 71, PROCESS_LOCAL, 5889 bytes)
20/07/22 15:41:32 INFO Executor: Running task 71.0 in stage 6.0 (TID 266)
20/07/22 15:41:32 INFO TaskSetManager: Finished task 69.0 in stage 6.0 (TID 265) in 6 ms on localhost (executor driver) (61/200)
20/07/22 15:41:32 INFO ShuffleBlockFetcherIterator: Getting 0 non-empty blocks out of 1 blocks
20/07/22 15:41:32 INFO ShuffleBlockFetcherIterator: Started 0 remote fetches in 0 ms
20/07/22 15:41:32 INFO Executor: Finished task 71.0 in stage 6.0 (TID 266). 5692 bytes result sent to driver
20/07/22 15:41:32 INFO TaskSetManager: Starting task 72.0 in stage 6.0 (TID 267, localhost, executor driver, partition 72, PROCESS_LOCAL, 5889 bytes)
20/07/22 15:41:32 INFO Executor: Running task 72.0 in stage 6.0 (TID 267)
20/07/22 15:41:32 INFO TaskSetManager: Finished task 71.0 in stage 6.0 (TID 266) in 5 ms on localhost (executor driver) (62/200)
20/07/22 15:41:32 INFO ShuffleBlockFetcherIterator: Getting 0 non-empty blocks out of 1 blocks
20/07/22 15:41:32 INFO ShuffleBlockFetcherIterator: Started 0 remote fetches in 0 ms
20/07/22 15:41:32 INFO Executor: Finished task 72.0 in stage 6.0 (TID 267). 5692 bytes result sent to driver
20/07/22 15:41:32 INFO TaskSetManager: Starting task 73.0 in stage 6.0 (TID 268, localhost, executor driver, partition 73, PROCESS_LOCAL, 5889 bytes)
20/07/22 15:41:32 INFO Executor: Running task 73.0 in stage 6.0 (TID 268)
20/07/22 15:41:32 INFO TaskSetManager: Finished task 72.0 in stage 6.0 (TID 267) in 5 ms on localhost (executor driver) (63/200)
20/07/22 15:41:32 INFO ShuffleBlockFetcherIterator: Getting 0 non-empty blocks out of 1 blocks
20/07/22 15:41:32 INFO ShuffleBlockFetcherIterator: Started 0 remote fetches in 0 ms
20/07/22 15:41:32 INFO Executor: Finished task 73.0 in stage 6.0 (TID 268). 5692 bytes result sent to driver
20/07/22 15:41:32 INFO TaskSetManager: Starting task 75.0 in stage 6.0 (TID 269, localhost, executor driver, partition 75, PROCESS_LOCAL, 5889 bytes)
20/07/22 15:41:32 INFO TaskSetManager: Finished task 73.0 in stage 6.0 (TID 268) in 5 ms on localhost (executor driver) (64/200)
20/07/22 15:41:32 INFO Executor: Running task 75.0 in stage 6.0 (TID 269)
20/07/22 15:41:32 INFO ShuffleBlockFetcherIterator: Getting 0 non-empty blocks out of 1 blocks
20/07/22 15:41:32 INFO ShuffleBlockFetcherIterator: Started 0 remote fetches in 0 ms
20/07/22 15:41:32 INFO Executor: Finished task 75.0 in stage 6.0 (TID 269). 5692 bytes result sent to driver
20/07/22 15:41:32 INFO TaskSetManager: Starting task 76.0 in stage 6.0 (TID 270, localhost, executor driver, partition 76, PROCESS_LOCAL, 5889 bytes)
20/07/22 15:41:32 INFO Executor: Running task 76.0 in stage 6.0 (TID 270)
20/07/22 15:41:32 INFO TaskSetManager: Finished task 75.0 in stage 6.0 (TID 269) in 4 ms on localhost (executor driver) (65/200)
20/07/22 15:41:32 INFO ShuffleBlockFetcherIterator: Getting 0 non-empty blocks out of 1 blocks
20/07/22 15:41:32 INFO ShuffleBlockFetcherIterator: Started 0 remote fetches in 0 ms
20/07/22 15:41:32 INFO Executor: Finished task 76.0 in stage 6.0 (TID 270). 5692 bytes result sent to driver
20/07/22 15:41:32 INFO TaskSetManager: Starting task 78.0 in stage 6.0 (TID 271, localhost, executor driver, partition 78, PROCESS_LOCAL, 5889 bytes)
20/07/22 15:41:32 INFO Executor: Running task 78.0 in stage 6.0 (TID 271)
20/07/22 15:41:32 INFO TaskSetManager: Finished task 76.0 in stage 6.0 (TID 270) in 5 ms on localhost (executor driver) (66/200)
20/07/22 15:41:32 INFO ShuffleBlockFetcherIterator: Getting 0 non-empty blocks out of 1 blocks
20/07/22 15:41:32 INFO ShuffleBlockFetcherIterator: Started 0 remote fetches in 1 ms
20/07/22 15:41:32 INFO Executor: Finished task 78.0 in stage 6.0 (TID 271). 5692 bytes result sent to driver
20/07/22 15:41:32 INFO TaskSetManager: Starting task 79.0 in stage 6.0 (TID 272, localhost, executor driver, partition 79, PROCESS_LOCAL, 5889 bytes)
20/07/22 15:41:32 INFO Executor: Running task 79.0 in stage 6.0 (TID 272)
20/07/22 15:41:32 INFO TaskSetManager: Finished task 78.0 in stage 6.0 (TID 271) in 4 ms on localhost (executor driver) (67/200)
20/07/22 15:41:32 INFO ShuffleBlockFetcherIterator: Getting 0 non-empty blocks out of 1 blocks
20/07/22 15:41:32 INFO ShuffleBlockFetcherIterator: Started 0 remote fetches in 0 ms
20/07/22 15:41:32 INFO Executor: Finished task 79.0 in stage 6.0 (TID 272). 5692 bytes result sent to driver
20/07/22 15:41:32 INFO TaskSetManager: Starting task 80.0 in stage 6.0 (TID 273, localhost, executor driver, partition 80, PROCESS_LOCAL, 5889 bytes)
20/07/22 15:41:32 INFO TaskSetManager: Finished task 79.0 in stage 6.0 (TID 272) in 4 ms on localhost (executor driver) (68/200)
20/07/22 15:41:32 INFO Executor: Running task 80.0 in stage 6.0 (TID 273)
20/07/22 15:41:32 INFO ShuffleBlockFetcherIterator: Getting 0 non-empty blocks out of 1 blocks
20/07/22 15:41:32 INFO ShuffleBlockFetcherIterator: Started 0 remote fetches in 0 ms
20/07/22 15:41:32 INFO Executor: Finished task 80.0 in stage 6.0 (TID 273). 5692 bytes result sent to driver
20/07/22 15:41:32 INFO TaskSetManager: Starting task 81.0 in stage 6.0 (TID 274, localhost, executor driver, partition 81, PROCESS_LOCAL, 5889 bytes)
20/07/22 15:41:32 INFO Executor: Running task 81.0 in stage 6.0 (TID 274)
20/07/22 15:41:32 INFO TaskSetManager: Finished task 80.0 in stage 6.0 (TID 273) in 4 ms on localhost (executor driver) (69/200)
20/07/22 15:41:32 INFO ShuffleBlockFetcherIterator: Getting 0 non-empty blocks out of 1 blocks
20/07/22 15:41:32 INFO ShuffleBlockFetcherIterator: Started 0 remote fetches in 0 ms
20/07/22 15:41:32 INFO Executor: Finished task 81.0 in stage 6.0 (TID 274). 5692 bytes result sent to driver
20/07/22 15:41:32 INFO TaskSetManager: Starting task 82.0 in stage 6.0 (TID 275, localhost, executor driver, partition 82, PROCESS_LOCAL, 5889 bytes)
20/07/22 15:41:32 INFO Executor: Running task 82.0 in stage 6.0 (TID 275)
20/07/22 15:41:32 INFO TaskSetManager: Finished task 81.0 in stage 6.0 (TID 274) in 4 ms on localhost (executor driver) (70/200)
20/07/22 15:41:32 INFO ShuffleBlockFetcherIterator: Getting 0 non-empty blocks out of 1 blocks
20/07/22 15:41:32 INFO ShuffleBlockFetcherIterator: Started 0 remote fetches in 0 ms
20/07/22 15:41:32 INFO Executor: Finished task 82.0 in stage 6.0 (TID 275). 5700 bytes result sent to driver
20/07/22 15:41:32 INFO TaskSetManager: Starting task 85.0 in stage 6.0 (TID 276, localhost, executor driver, partition 85, PROCESS_LOCAL, 5889 bytes)
20/07/22 15:41:32 INFO Executor: Running task 85.0 in stage 6.0 (TID 276)
20/07/22 15:41:32 INFO TaskSetManager: Finished task 82.0 in stage 6.0 (TID 275) in 5 ms on localhost (executor driver) (71/200)
20/07/22 15:41:32 INFO ShuffleBlockFetcherIterator: Getting 0 non-empty blocks out of 1 blocks
20/07/22 15:41:32 INFO ShuffleBlockFetcherIterator: Started 0 remote fetches in 0 ms
20/07/22 15:41:32 INFO Executor: Finished task 85.0 in stage 6.0 (TID 276). 5692 bytes result sent to driver
20/07/22 15:41:32 INFO TaskSetManager: Starting task 87.0 in stage 6.0 (TID 277, localhost, executor driver, partition 87, PROCESS_LOCAL, 5889 bytes)
20/07/22 15:41:32 INFO TaskSetManager: Finished task 85.0 in stage 6.0 (TID 276) in 5 ms on localhost (executor driver) (72/200)
20/07/22 15:41:32 INFO Executor: Running task 87.0 in stage 6.0 (TID 277)
20/07/22 15:41:32 INFO ShuffleBlockFetcherIterator: Getting 0 non-empty blocks out of 1 blocks
20/07/22 15:41:32 INFO ShuffleBlockFetcherIterator: Started 0 remote fetches in 0 ms
20/07/22 15:41:32 INFO Executor: Finished task 87.0 in stage 6.0 (TID 277). 5692 bytes result sent to driver
20/07/22 15:41:32 INFO TaskSetManager: Starting task 88.0 in stage 6.0 (TID 278, localhost, executor driver, partition 88, PROCESS_LOCAL, 5889 bytes)
20/07/22 15:41:32 INFO TaskSetManager: Finished task 87.0 in stage 6.0 (TID 277) in 6 ms on localhost (executor driver) (73/200)
20/07/22 15:41:32 INFO Executor: Running task 88.0 in stage 6.0 (TID 278)
20/07/22 15:41:32 INFO ShuffleBlockFetcherIterator: Getting 0 non-empty blocks out of 1 blocks
20/07/22 15:41:32 INFO ShuffleBlockFetcherIterator: Started 0 remote fetches in 0 ms
20/07/22 15:41:32 INFO Executor: Finished task 88.0 in stage 6.0 (TID 278). 5692 bytes result sent to driver
20/07/22 15:41:32 INFO TaskSetManager: Starting task 89.0 in stage 6.0 (TID 279, localhost, executor driver, partition 89, PROCESS_LOCAL, 5889 bytes)
20/07/22 15:41:32 INFO TaskSetManager: Finished task 88.0 in stage 6.0 (TID 278) in 5 ms on localhost (executor driver) (74/200)
20/07/22 15:41:32 INFO Executor: Running task 89.0 in stage 6.0 (TID 279)
20/07/22 15:41:32 INFO ShuffleBlockFetcherIterator: Getting 0 non-empty blocks out of 1 blocks
20/07/22 15:41:32 INFO ShuffleBlockFetcherIterator: Started 0 remote fetches in 0 ms
20/07/22 15:41:32 INFO Executor: Finished task 89.0 in stage 6.0 (TID 279). 5692 bytes result sent to driver
20/07/22 15:41:32 INFO TaskSetManager: Starting task 90.0 in stage 6.0 (TID 280, localhost, executor driver, partition 90, PROCESS_LOCAL, 5889 bytes)
20/07/22 15:41:32 INFO Executor: Running task 90.0 in stage 6.0 (TID 280)
20/07/22 15:41:32 INFO TaskSetManager: Finished task 89.0 in stage 6.0 (TID 279) in 5 ms on localhost (executor driver) (75/200)
20/07/22 15:41:32 INFO ShuffleBlockFetcherIterator: Getting 0 non-empty blocks out of 1 blocks
20/07/22 15:41:32 INFO ShuffleBlockFetcherIterator: Started 0 remote fetches in 0 ms
20/07/22 15:41:32 INFO Executor: Finished task 90.0 in stage 6.0 (TID 280). 5692 bytes result sent to driver
20/07/22 15:41:32 INFO TaskSetManager: Starting task 91.0 in stage 6.0 (TID 281, localhost, executor driver, partition 91, PROCESS_LOCAL, 5889 bytes)
20/07/22 15:41:32 INFO Executor: Running task 91.0 in stage 6.0 (TID 281)
20/07/22 15:41:32 INFO TaskSetManager: Finished task 90.0 in stage 6.0 (TID 280) in 4 ms on localhost (executor driver) (76/200)
20/07/22 15:41:32 INFO ShuffleBlockFetcherIterator: Getting 0 non-empty blocks out of 1 blocks
20/07/22 15:41:32 INFO ShuffleBlockFetcherIterator: Started 0 remote fetches in 0 ms
20/07/22 15:41:32 INFO Executor: Finished task 91.0 in stage 6.0 (TID 281). 5692 bytes result sent to driver
20/07/22 15:41:32 INFO TaskSetManager: Starting task 92.0 in stage 6.0 (TID 282, localhost, executor driver, partition 92, PROCESS_LOCAL, 5889 bytes)
20/07/22 15:41:32 INFO Executor: Running task 92.0 in stage 6.0 (TID 282)
20/07/22 15:41:32 INFO TaskSetManager: Finished task 91.0 in stage 6.0 (TID 281) in 4 ms on localhost (executor driver) (77/200)
20/07/22 15:41:32 INFO ShuffleBlockFetcherIterator: Getting 0 non-empty blocks out of 1 blocks
20/07/22 15:41:32 INFO ShuffleBlockFetcherIterator: Started 0 remote fetches in 0 ms
20/07/22 15:41:32 INFO Executor: Finished task 92.0 in stage 6.0 (TID 282). 5692 bytes result sent to driver
20/07/22 15:41:32 INFO TaskSetManager: Starting task 93.0 in stage 6.0 (TID 283, localhost, executor driver, partition 93, PROCESS_LOCAL, 5889 bytes)
20/07/22 15:41:32 INFO TaskSetManager: Finished task 92.0 in stage 6.0 (TID 282) in 4 ms on localhost (executor driver) (78/200)
20/07/22 15:41:32 INFO Executor: Running task 93.0 in stage 6.0 (TID 283)
20/07/22 15:41:32 INFO ShuffleBlockFetcherIterator: Getting 0 non-empty blocks out of 1 blocks
20/07/22 15:41:32 INFO ShuffleBlockFetcherIterator: Started 0 remote fetches in 0 ms
20/07/22 15:41:32 INFO Executor: Finished task 93.0 in stage 6.0 (TID 283). 5692 bytes result sent to driver
20/07/22 15:41:32 INFO TaskSetManager: Starting task 95.0 in stage 6.0 (TID 284, localhost, executor driver, partition 95, PROCESS_LOCAL, 5889 bytes)
20/07/22 15:41:32 INFO Executor: Running task 95.0 in stage 6.0 (TID 284)
20/07/22 15:41:32 INFO TaskSetManager: Finished task 93.0 in stage 6.0 (TID 283) in 4 ms on localhost (executor driver) (79/200)
20/07/22 15:41:32 INFO ShuffleBlockFetcherIterator: Getting 0 non-empty blocks out of 1 blocks
20/07/22 15:41:32 INFO ShuffleBlockFetcherIterator: Started 0 remote fetches in 0 ms
20/07/22 15:41:32 INFO Executor: Finished task 95.0 in stage 6.0 (TID 284). 5692 bytes result sent to driver
20/07/22 15:41:32 INFO TaskSetManager: Starting task 96.0 in stage 6.0 (TID 285, localhost, executor driver, partition 96, PROCESS_LOCAL, 5889 bytes)
20/07/22 15:41:32 INFO Executor: Running task 96.0 in stage 6.0 (TID 285)
20/07/22 15:41:32 INFO TaskSetManager: Finished task 95.0 in stage 6.0 (TID 284) in 4 ms on localhost (executor driver) (80/200)
20/07/22 15:41:32 INFO ShuffleBlockFetcherIterator: Getting 0 non-empty blocks out of 1 blocks
20/07/22 15:41:32 INFO ShuffleBlockFetcherIterator: Started 0 remote fetches in 0 ms
20/07/22 15:41:32 INFO BlockManagerInfo: Removed broadcast_10_piece0 on 172.20.10.3:35207 in memory (size: 13.7 KB, free: 93.3 MB)
20/07/22 15:41:32 INFO Executor: Finished task 96.0 in stage 6.0 (TID 285). 5765 bytes result sent to driver
20/07/22 15:41:32 INFO TaskSetManager: Starting task 98.0 in stage 6.0 (TID 286, localhost, executor driver, partition 98, PROCESS_LOCAL, 5889 bytes)
20/07/22 15:41:32 INFO Executor: Running task 98.0 in stage 6.0 (TID 286)
20/07/22 15:41:32 INFO TaskSetManager: Finished task 96.0 in stage 6.0 (TID 285) in 9 ms on localhost (executor driver) (81/200)
20/07/22 15:41:32 INFO ShuffleBlockFetcherIterator: Getting 0 non-empty blocks out of 1 blocks
20/07/22 15:41:32 INFO ShuffleBlockFetcherIterator: Started 0 remote fetches in 0 ms
20/07/22 15:41:32 INFO Executor: Finished task 98.0 in stage 6.0 (TID 286). 5613 bytes result sent to driver
20/07/22 15:41:32 INFO TaskSetManager: Starting task 99.0 in stage 6.0 (TID 287, localhost, executor driver, partition 99, PROCESS_LOCAL, 5889 bytes)
20/07/22 15:41:32 INFO Executor: Running task 99.0 in stage 6.0 (TID 287)
20/07/22 15:41:32 INFO TaskSetManager: Finished task 98.0 in stage 6.0 (TID 286) in 5 ms on localhost (executor driver) (82/200)
20/07/22 15:41:32 INFO ShuffleBlockFetcherIterator: Getting 0 non-empty blocks out of 1 blocks
20/07/22 15:41:32 INFO ShuffleBlockFetcherIterator: Started 0 remote fetches in 0 ms
20/07/22 15:41:32 INFO Executor: Finished task 99.0 in stage 6.0 (TID 287). 5692 bytes result sent to driver
20/07/22 15:41:32 INFO TaskSetManager: Starting task 100.0 in stage 6.0 (TID 288, localhost, executor driver, partition 100, PROCESS_LOCAL, 5889 bytes)
20/07/22 15:41:32 INFO TaskSetManager: Finished task 99.0 in stage 6.0 (TID 287) in 4 ms on localhost (executor driver) (83/200)
20/07/22 15:41:32 INFO Executor: Running task 100.0 in stage 6.0 (TID 288)
20/07/22 15:41:32 INFO ShuffleBlockFetcherIterator: Getting 0 non-empty blocks out of 1 blocks
20/07/22 15:41:32 INFO ShuffleBlockFetcherIterator: Started 0 remote fetches in 0 ms
20/07/22 15:41:32 INFO Executor: Finished task 100.0 in stage 6.0 (TID 288). 5692 bytes result sent to driver
20/07/22 15:41:32 INFO TaskSetManager: Starting task 101.0 in stage 6.0 (TID 289, localhost, executor driver, partition 101, PROCESS_LOCAL, 5889 bytes)
20/07/22 15:41:32 INFO Executor: Running task 101.0 in stage 6.0 (TID 289)
20/07/22 15:41:32 INFO TaskSetManager: Finished task 100.0 in stage 6.0 (TID 288) in 5 ms on localhost (executor driver) (84/200)
20/07/22 15:41:32 INFO ShuffleBlockFetcherIterator: Getting 0 non-empty blocks out of 1 blocks
20/07/22 15:41:32 INFO ShuffleBlockFetcherIterator: Started 0 remote fetches in 1 ms
20/07/22 15:41:32 INFO Executor: Finished task 101.0 in stage 6.0 (TID 289). 5692 bytes result sent to driver
20/07/22 15:41:32 INFO TaskSetManager: Starting task 102.0 in stage 6.0 (TID 290, localhost, executor driver, partition 102, PROCESS_LOCAL, 5889 bytes)
20/07/22 15:41:32 INFO Executor: Running task 102.0 in stage 6.0 (TID 290)
20/07/22 15:41:32 INFO TaskSetManager: Finished task 101.0 in stage 6.0 (TID 289) in 4 ms on localhost (executor driver) (85/200)
20/07/22 15:41:32 INFO ShuffleBlockFetcherIterator: Getting 0 non-empty blocks out of 1 blocks
20/07/22 15:41:32 INFO ShuffleBlockFetcherIterator: Started 0 remote fetches in 0 ms
20/07/22 15:41:32 INFO Executor: Finished task 102.0 in stage 6.0 (TID 290). 5692 bytes result sent to driver
20/07/22 15:41:32 INFO TaskSetManager: Starting task 103.0 in stage 6.0 (TID 291, localhost, executor driver, partition 103, PROCESS_LOCAL, 5889 bytes)
20/07/22 15:41:32 INFO Executor: Running task 103.0 in stage 6.0 (TID 291)
20/07/22 15:41:32 INFO TaskSetManager: Finished task 102.0 in stage 6.0 (TID 290) in 4 ms on localhost (executor driver) (86/200)
20/07/22 15:41:32 INFO ShuffleBlockFetcherIterator: Getting 0 non-empty blocks out of 1 blocks
20/07/22 15:41:32 INFO ShuffleBlockFetcherIterator: Started 0 remote fetches in 0 ms
20/07/22 15:41:32 INFO Executor: Finished task 103.0 in stage 6.0 (TID 291). 5779 bytes result sent to driver
20/07/22 15:41:32 INFO TaskSetManager: Starting task 104.0 in stage 6.0 (TID 292, localhost, executor driver, partition 104, PROCESS_LOCAL, 5889 bytes)
20/07/22 15:41:32 INFO Executor: Running task 104.0 in stage 6.0 (TID 292)
20/07/22 15:41:32 INFO TaskSetManager: Finished task 103.0 in stage 6.0 (TID 291) in 5 ms on localhost (executor driver) (87/200)
20/07/22 15:41:32 INFO ShuffleBlockFetcherIterator: Getting 0 non-empty blocks out of 1 blocks
20/07/22 15:41:32 INFO ShuffleBlockFetcherIterator: Started 0 remote fetches in 0 ms
20/07/22 15:41:32 INFO Executor: Finished task 104.0 in stage 6.0 (TID 292). 5692 bytes result sent to driver
20/07/22 15:41:32 INFO TaskSetManager: Starting task 105.0 in stage 6.0 (TID 293, localhost, executor driver, partition 105, PROCESS_LOCAL, 5889 bytes)
20/07/22 15:41:32 INFO Executor: Running task 105.0 in stage 6.0 (TID 293)
20/07/22 15:41:32 INFO TaskSetManager: Finished task 104.0 in stage 6.0 (TID 292) in 4 ms on localhost (executor driver) (88/200)
20/07/22 15:41:32 INFO ShuffleBlockFetcherIterator: Getting 0 non-empty blocks out of 1 blocks
20/07/22 15:41:32 INFO ShuffleBlockFetcherIterator: Started 0 remote fetches in 0 ms
20/07/22 15:41:32 INFO Executor: Finished task 105.0 in stage 6.0 (TID 293). 5692 bytes result sent to driver
20/07/22 15:41:32 INFO TaskSetManager: Starting task 106.0 in stage 6.0 (TID 294, localhost, executor driver, partition 106, PROCESS_LOCAL, 5889 bytes)
20/07/22 15:41:32 INFO TaskSetManager: Finished task 105.0 in stage 6.0 (TID 293) in 4 ms on localhost (executor driver) (89/200)
20/07/22 15:41:32 INFO Executor: Running task 106.0 in stage 6.0 (TID 294)
20/07/22 15:41:32 INFO ShuffleBlockFetcherIterator: Getting 0 non-empty blocks out of 1 blocks
20/07/22 15:41:32 INFO ShuffleBlockFetcherIterator: Started 0 remote fetches in 0 ms
20/07/22 15:41:32 INFO Executor: Finished task 106.0 in stage 6.0 (TID 294). 5779 bytes result sent to driver
20/07/22 15:41:32 INFO TaskSetManager: Starting task 107.0 in stage 6.0 (TID 295, localhost, executor driver, partition 107, PROCESS_LOCAL, 5889 bytes)
20/07/22 15:41:32 INFO Executor: Running task 107.0 in stage 6.0 (TID 295)
20/07/22 15:41:32 INFO TaskSetManager: Finished task 106.0 in stage 6.0 (TID 294) in 10 ms on localhost (executor driver) (90/200)
20/07/22 15:41:32 INFO ShuffleBlockFetcherIterator: Getting 0 non-empty blocks out of 1 blocks
20/07/22 15:41:32 INFO ShuffleBlockFetcherIterator: Started 0 remote fetches in 0 ms
20/07/22 15:41:32 INFO Executor: Finished task 107.0 in stage 6.0 (TID 295). 5692 bytes result sent to driver
20/07/22 15:41:32 INFO TaskSetManager: Starting task 108.0 in stage 6.0 (TID 296, localhost, executor driver, partition 108, PROCESS_LOCAL, 5889 bytes)
20/07/22 15:41:32 INFO Executor: Running task 108.0 in stage 6.0 (TID 296)
20/07/22 15:41:32 INFO TaskSetManager: Finished task 107.0 in stage 6.0 (TID 295) in 7 ms on localhost (executor driver) (91/200)
20/07/22 15:41:32 INFO ShuffleBlockFetcherIterator: Getting 0 non-empty blocks out of 1 blocks
20/07/22 15:41:32 INFO ShuffleBlockFetcherIterator: Started 0 remote fetches in 0 ms
20/07/22 15:41:32 INFO Executor: Finished task 108.0 in stage 6.0 (TID 296). 5692 bytes result sent to driver
20/07/22 15:41:32 INFO TaskSetManager: Starting task 109.0 in stage 6.0 (TID 297, localhost, executor driver, partition 109, PROCESS_LOCAL, 5889 bytes)
20/07/22 15:41:32 INFO Executor: Running task 109.0 in stage 6.0 (TID 297)
20/07/22 15:41:32 INFO TaskSetManager: Finished task 108.0 in stage 6.0 (TID 296) in 7 ms on localhost (executor driver) (92/200)
20/07/22 15:41:32 INFO ShuffleBlockFetcherIterator: Getting 0 non-empty blocks out of 1 blocks
20/07/22 15:41:32 INFO ShuffleBlockFetcherIterator: Started 0 remote fetches in 0 ms
20/07/22 15:41:32 INFO Executor: Finished task 109.0 in stage 6.0 (TID 297). 5692 bytes result sent to driver
20/07/22 15:41:32 INFO TaskSetManager: Starting task 110.0 in stage 6.0 (TID 298, localhost, executor driver, partition 110, PROCESS_LOCAL, 5889 bytes)
20/07/22 15:41:32 INFO TaskSetManager: Finished task 109.0 in stage 6.0 (TID 297) in 5 ms on localhost (executor driver) (93/200)
20/07/22 15:41:32 INFO Executor: Running task 110.0 in stage 6.0 (TID 298)
20/07/22 15:41:32 INFO ShuffleBlockFetcherIterator: Getting 0 non-empty blocks out of 1 blocks
20/07/22 15:41:32 INFO ShuffleBlockFetcherIterator: Started 0 remote fetches in 0 ms
20/07/22 15:41:32 INFO Executor: Finished task 110.0 in stage 6.0 (TID 298). 5692 bytes result sent to driver
20/07/22 15:41:32 INFO TaskSetManager: Starting task 111.0 in stage 6.0 (TID 299, localhost, executor driver, partition 111, PROCESS_LOCAL, 5889 bytes)
20/07/22 15:41:32 INFO Executor: Running task 111.0 in stage 6.0 (TID 299)
20/07/22 15:41:32 INFO TaskSetManager: Finished task 110.0 in stage 6.0 (TID 298) in 5 ms on localhost (executor driver) (94/200)
20/07/22 15:41:32 INFO ShuffleBlockFetcherIterator: Getting 0 non-empty blocks out of 1 blocks
20/07/22 15:41:32 INFO ShuffleBlockFetcherIterator: Started 0 remote fetches in 0 ms
20/07/22 15:41:33 INFO Executor: Finished task 111.0 in stage 6.0 (TID 299). 5692 bytes result sent to driver
20/07/22 15:41:33 INFO TaskSetManager: Starting task 112.0 in stage 6.0 (TID 300, localhost, executor driver, partition 112, PROCESS_LOCAL, 5889 bytes)
20/07/22 15:41:33 INFO Executor: Running task 112.0 in stage 6.0 (TID 300)
20/07/22 15:41:33 INFO TaskSetManager: Finished task 111.0 in stage 6.0 (TID 299) in 6 ms on localhost (executor driver) (95/200)
20/07/22 15:41:33 INFO ShuffleBlockFetcherIterator: Getting 0 non-empty blocks out of 1 blocks
20/07/22 15:41:33 INFO ShuffleBlockFetcherIterator: Started 0 remote fetches in 0 ms
20/07/22 15:41:33 INFO Executor: Finished task 112.0 in stage 6.0 (TID 300). 5692 bytes result sent to driver
20/07/22 15:41:33 INFO TaskSetManager: Starting task 114.0 in stage 6.0 (TID 301, localhost, executor driver, partition 114, PROCESS_LOCAL, 5889 bytes)
20/07/22 15:41:33 INFO Executor: Running task 114.0 in stage 6.0 (TID 301)
20/07/22 15:41:33 INFO TaskSetManager: Finished task 112.0 in stage 6.0 (TID 300) in 6 ms on localhost (executor driver) (96/200)
20/07/22 15:41:33 INFO ShuffleBlockFetcherIterator: Getting 0 non-empty blocks out of 1 blocks
20/07/22 15:41:33 INFO ShuffleBlockFetcherIterator: Started 0 remote fetches in 1 ms
20/07/22 15:41:33 INFO Executor: Finished task 114.0 in stage 6.0 (TID 301). 5692 bytes result sent to driver
20/07/22 15:41:33 INFO TaskSetManager: Starting task 116.0 in stage 6.0 (TID 302, localhost, executor driver, partition 116, PROCESS_LOCAL, 5889 bytes)
20/07/22 15:41:33 INFO Executor: Running task 116.0 in stage 6.0 (TID 302)
20/07/22 15:41:33 INFO TaskSetManager: Finished task 114.0 in stage 6.0 (TID 301) in 7 ms on localhost (executor driver) (97/200)
20/07/22 15:41:33 INFO ShuffleBlockFetcherIterator: Getting 0 non-empty blocks out of 1 blocks
20/07/22 15:41:33 INFO ShuffleBlockFetcherIterator: Started 0 remote fetches in 0 ms
20/07/22 15:41:33 INFO Executor: Finished task 116.0 in stage 6.0 (TID 302). 5692 bytes result sent to driver
20/07/22 15:41:33 INFO TaskSetManager: Starting task 117.0 in stage 6.0 (TID 303, localhost, executor driver, partition 117, PROCESS_LOCAL, 5889 bytes)
20/07/22 15:41:33 INFO TaskSetManager: Finished task 116.0 in stage 6.0 (TID 302) in 6 ms on localhost (executor driver) (98/200)
20/07/22 15:41:33 INFO Executor: Running task 117.0 in stage 6.0 (TID 303)
20/07/22 15:41:33 INFO ShuffleBlockFetcherIterator: Getting 0 non-empty blocks out of 1 blocks
20/07/22 15:41:33 INFO ShuffleBlockFetcherIterator: Started 0 remote fetches in 0 ms
20/07/22 15:41:33 INFO Executor: Finished task 117.0 in stage 6.0 (TID 303). 5692 bytes result sent to driver
20/07/22 15:41:33 INFO TaskSetManager: Starting task 118.0 in stage 6.0 (TID 304, localhost, executor driver, partition 118, PROCESS_LOCAL, 5889 bytes)
20/07/22 15:41:33 INFO Executor: Running task 118.0 in stage 6.0 (TID 304)
20/07/22 15:41:33 INFO TaskSetManager: Finished task 117.0 in stage 6.0 (TID 303) in 5 ms on localhost (executor driver) (99/200)
20/07/22 15:41:33 INFO ShuffleBlockFetcherIterator: Getting 0 non-empty blocks out of 1 blocks
20/07/22 15:41:33 INFO ShuffleBlockFetcherIterator: Started 0 remote fetches in 0 ms
20/07/22 15:41:33 INFO Executor: Finished task 118.0 in stage 6.0 (TID 304). 5692 bytes result sent to driver
20/07/22 15:41:33 INFO TaskSetManager: Starting task 119.0 in stage 6.0 (TID 305, localhost, executor driver, partition 119, PROCESS_LOCAL, 5889 bytes)
20/07/22 15:41:33 INFO Executor: Running task 119.0 in stage 6.0 (TID 305)
20/07/22 15:41:33 INFO TaskSetManager: Finished task 118.0 in stage 6.0 (TID 304) in 4 ms on localhost (executor driver) (100/200)
20/07/22 15:41:33 INFO ShuffleBlockFetcherIterator: Getting 0 non-empty blocks out of 1 blocks
20/07/22 15:41:33 INFO ShuffleBlockFetcherIterator: Started 0 remote fetches in 0 ms
20/07/22 15:41:33 INFO Executor: Finished task 119.0 in stage 6.0 (TID 305). 5692 bytes result sent to driver
20/07/22 15:41:33 INFO TaskSetManager: Starting task 120.0 in stage 6.0 (TID 306, localhost, executor driver, partition 120, PROCESS_LOCAL, 5889 bytes)
20/07/22 15:41:33 INFO TaskSetManager: Finished task 119.0 in stage 6.0 (TID 305) in 4 ms on localhost (executor driver) (101/200)
20/07/22 15:41:33 INFO Executor: Running task 120.0 in stage 6.0 (TID 306)
20/07/22 15:41:33 INFO ShuffleBlockFetcherIterator: Getting 0 non-empty blocks out of 1 blocks
20/07/22 15:41:33 INFO ShuffleBlockFetcherIterator: Started 0 remote fetches in 0 ms
20/07/22 15:41:33 INFO Executor: Finished task 120.0 in stage 6.0 (TID 306). 5692 bytes result sent to driver
20/07/22 15:41:33 INFO TaskSetManager: Starting task 121.0 in stage 6.0 (TID 307, localhost, executor driver, partition 121, PROCESS_LOCAL, 5889 bytes)
20/07/22 15:41:33 INFO Executor: Running task 121.0 in stage 6.0 (TID 307)
20/07/22 15:41:33 INFO ShuffleBlockFetcherIterator: Getting 0 non-empty blocks out of 1 blocks
20/07/22 15:41:33 INFO ShuffleBlockFetcherIterator: Started 0 remote fetches in 0 ms
20/07/22 15:41:33 INFO TaskSetManager: Finished task 120.0 in stage 6.0 (TID 306) in 8 ms on localhost (executor driver) (102/200)
20/07/22 15:41:33 INFO Executor: Finished task 121.0 in stage 6.0 (TID 307). 5692 bytes result sent to driver
20/07/22 15:41:33 INFO TaskSetManager: Starting task 122.0 in stage 6.0 (TID 308, localhost, executor driver, partition 122, PROCESS_LOCAL, 5889 bytes)
20/07/22 15:41:33 INFO Executor: Running task 122.0 in stage 6.0 (TID 308)
20/07/22 15:41:33 INFO TaskSetManager: Finished task 121.0 in stage 6.0 (TID 307) in 7 ms on localhost (executor driver) (103/200)
20/07/22 15:41:33 INFO ShuffleBlockFetcherIterator: Getting 0 non-empty blocks out of 1 blocks
20/07/22 15:41:33 INFO ShuffleBlockFetcherIterator: Started 0 remote fetches in 0 ms
20/07/22 15:41:33 INFO Executor: Finished task 122.0 in stage 6.0 (TID 308). 5692 bytes result sent to driver
20/07/22 15:41:33 INFO TaskSetManager: Starting task 123.0 in stage 6.0 (TID 309, localhost, executor driver, partition 123, PROCESS_LOCAL, 5889 bytes)
20/07/22 15:41:33 INFO Executor: Running task 123.0 in stage 6.0 (TID 309)
20/07/22 15:41:33 INFO TaskSetManager: Finished task 122.0 in stage 6.0 (TID 308) in 5 ms on localhost (executor driver) (104/200)
20/07/22 15:41:33 INFO ShuffleBlockFetcherIterator: Getting 0 non-empty blocks out of 1 blocks
20/07/22 15:41:33 INFO ShuffleBlockFetcherIterator: Started 0 remote fetches in 0 ms
20/07/22 15:41:33 INFO Executor: Finished task 123.0 in stage 6.0 (TID 309). 5692 bytes result sent to driver
20/07/22 15:41:33 INFO TaskSetManager: Starting task 124.0 in stage 6.0 (TID 310, localhost, executor driver, partition 124, PROCESS_LOCAL, 5889 bytes)
20/07/22 15:41:33 INFO Executor: Running task 124.0 in stage 6.0 (TID 310)
20/07/22 15:41:33 INFO TaskSetManager: Finished task 123.0 in stage 6.0 (TID 309) in 6 ms on localhost (executor driver) (105/200)
20/07/22 15:41:33 INFO ShuffleBlockFetcherIterator: Getting 0 non-empty blocks out of 1 blocks
20/07/22 15:41:33 INFO ShuffleBlockFetcherIterator: Started 0 remote fetches in 0 ms
20/07/22 15:41:33 INFO Executor: Finished task 124.0 in stage 6.0 (TID 310). 5692 bytes result sent to driver
20/07/22 15:41:33 INFO TaskSetManager: Starting task 125.0 in stage 6.0 (TID 311, localhost, executor driver, partition 125, PROCESS_LOCAL, 5889 bytes)
20/07/22 15:41:33 INFO Executor: Running task 125.0 in stage 6.0 (TID 311)
20/07/22 15:41:33 INFO TaskSetManager: Finished task 124.0 in stage 6.0 (TID 310) in 5 ms on localhost (executor driver) (106/200)
20/07/22 15:41:33 INFO ShuffleBlockFetcherIterator: Getting 0 non-empty blocks out of 1 blocks
20/07/22 15:41:33 INFO ShuffleBlockFetcherIterator: Started 0 remote fetches in 0 ms
20/07/22 15:41:33 INFO Executor: Finished task 125.0 in stage 6.0 (TID 311). 5692 bytes result sent to driver
20/07/22 15:41:33 INFO TaskSetManager: Starting task 126.0 in stage 6.0 (TID 312, localhost, executor driver, partition 126, PROCESS_LOCAL, 5889 bytes)
20/07/22 15:41:33 INFO TaskSetManager: Finished task 125.0 in stage 6.0 (TID 311) in 5 ms on localhost (executor driver) (107/200)
20/07/22 15:41:33 INFO Executor: Running task 126.0 in stage 6.0 (TID 312)
20/07/22 15:41:33 INFO ShuffleBlockFetcherIterator: Getting 0 non-empty blocks out of 1 blocks
20/07/22 15:41:33 INFO ShuffleBlockFetcherIterator: Started 0 remote fetches in 0 ms
20/07/22 15:41:33 INFO Executor: Finished task 126.0 in stage 6.0 (TID 312). 5692 bytes result sent to driver
20/07/22 15:41:33 INFO TaskSetManager: Starting task 128.0 in stage 6.0 (TID 313, localhost, executor driver, partition 128, PROCESS_LOCAL, 5889 bytes)
20/07/22 15:41:33 INFO TaskSetManager: Finished task 126.0 in stage 6.0 (TID 312) in 6 ms on localhost (executor driver) (108/200)
20/07/22 15:41:33 INFO Executor: Running task 128.0 in stage 6.0 (TID 313)
20/07/22 15:41:33 INFO ShuffleBlockFetcherIterator: Getting 0 non-empty blocks out of 1 blocks
20/07/22 15:41:33 INFO ShuffleBlockFetcherIterator: Started 0 remote fetches in 0 ms
20/07/22 15:41:33 INFO Executor: Finished task 128.0 in stage 6.0 (TID 313). 5692 bytes result sent to driver
20/07/22 15:41:33 INFO TaskSetManager: Starting task 129.0 in stage 6.0 (TID 314, localhost, executor driver, partition 129, PROCESS_LOCAL, 5889 bytes)
20/07/22 15:41:33 INFO Executor: Running task 129.0 in stage 6.0 (TID 314)
20/07/22 15:41:33 INFO TaskSetManager: Finished task 128.0 in stage 6.0 (TID 313) in 5 ms on localhost (executor driver) (109/200)
20/07/22 15:41:33 INFO ShuffleBlockFetcherIterator: Getting 0 non-empty blocks out of 1 blocks
20/07/22 15:41:33 INFO ShuffleBlockFetcherIterator: Started 0 remote fetches in 0 ms
20/07/22 15:41:33 INFO Executor: Finished task 129.0 in stage 6.0 (TID 314). 5692 bytes result sent to driver
20/07/22 15:41:33 INFO TaskSetManager: Starting task 130.0 in stage 6.0 (TID 315, localhost, executor driver, partition 130, PROCESS_LOCAL, 5889 bytes)
20/07/22 15:41:33 INFO Executor: Running task 130.0 in stage 6.0 (TID 315)
20/07/22 15:41:33 INFO TaskSetManager: Finished task 129.0 in stage 6.0 (TID 314) in 7 ms on localhost (executor driver) (110/200)
20/07/22 15:41:33 INFO ShuffleBlockFetcherIterator: Getting 0 non-empty blocks out of 1 blocks
20/07/22 15:41:33 INFO ShuffleBlockFetcherIterator: Started 0 remote fetches in 0 ms
20/07/22 15:41:33 INFO Executor: Finished task 130.0 in stage 6.0 (TID 315). 5692 bytes result sent to driver
20/07/22 15:41:33 INFO TaskSetManager: Starting task 131.0 in stage 6.0 (TID 316, localhost, executor driver, partition 131, PROCESS_LOCAL, 5889 bytes)
20/07/22 15:41:33 INFO Executor: Running task 131.0 in stage 6.0 (TID 316)
20/07/22 15:41:33 INFO TaskSetManager: Finished task 130.0 in stage 6.0 (TID 315) in 6 ms on localhost (executor driver) (111/200)
20/07/22 15:41:33 INFO ShuffleBlockFetcherIterator: Getting 0 non-empty blocks out of 1 blocks
20/07/22 15:41:33 INFO ShuffleBlockFetcherIterator: Started 0 remote fetches in 0 ms
20/07/22 15:41:33 INFO Executor: Finished task 131.0 in stage 6.0 (TID 316). 5692 bytes result sent to driver
20/07/22 15:41:33 INFO TaskSetManager: Starting task 132.0 in stage 6.0 (TID 317, localhost, executor driver, partition 132, PROCESS_LOCAL, 5889 bytes)
20/07/22 15:41:33 INFO TaskSetManager: Finished task 131.0 in stage 6.0 (TID 316) in 6 ms on localhost (executor driver) (112/200)
20/07/22 15:41:33 INFO Executor: Running task 132.0 in stage 6.0 (TID 317)
20/07/22 15:41:33 INFO ShuffleBlockFetcherIterator: Getting 0 non-empty blocks out of 1 blocks
20/07/22 15:41:33 INFO ShuffleBlockFetcherIterator: Started 0 remote fetches in 0 ms
20/07/22 15:41:33 INFO Executor: Finished task 132.0 in stage 6.0 (TID 317). 5692 bytes result sent to driver
20/07/22 15:41:33 INFO TaskSetManager: Starting task 133.0 in stage 6.0 (TID 318, localhost, executor driver, partition 133, PROCESS_LOCAL, 5889 bytes)
20/07/22 15:41:33 INFO Executor: Running task 133.0 in stage 6.0 (TID 318)
20/07/22 15:41:33 INFO TaskSetManager: Finished task 132.0 in stage 6.0 (TID 317) in 7 ms on localhost (executor driver) (113/200)
20/07/22 15:41:33 INFO ShuffleBlockFetcherIterator: Getting 0 non-empty blocks out of 1 blocks
20/07/22 15:41:33 INFO ShuffleBlockFetcherIterator: Started 0 remote fetches in 0 ms
20/07/22 15:41:33 INFO Executor: Finished task 133.0 in stage 6.0 (TID 318). 5692 bytes result sent to driver
20/07/22 15:41:33 INFO TaskSetManager: Starting task 134.0 in stage 6.0 (TID 319, localhost, executor driver, partition 134, PROCESS_LOCAL, 5889 bytes)
20/07/22 15:41:33 INFO Executor: Running task 134.0 in stage 6.0 (TID 319)
20/07/22 15:41:33 INFO TaskSetManager: Finished task 133.0 in stage 6.0 (TID 318) in 7 ms on localhost (executor driver) (114/200)
20/07/22 15:41:33 INFO ShuffleBlockFetcherIterator: Getting 0 non-empty blocks out of 1 blocks
20/07/22 15:41:33 INFO ShuffleBlockFetcherIterator: Started 0 remote fetches in 0 ms
20/07/22 15:41:33 INFO Executor: Finished task 134.0 in stage 6.0 (TID 319). 5700 bytes result sent to driver
20/07/22 15:41:33 INFO TaskSetManager: Starting task 135.0 in stage 6.0 (TID 320, localhost, executor driver, partition 135, PROCESS_LOCAL, 5889 bytes)
20/07/22 15:41:33 INFO Executor: Running task 135.0 in stage 6.0 (TID 320)
20/07/22 15:41:33 INFO TaskSetManager: Finished task 134.0 in stage 6.0 (TID 319) in 5 ms on localhost (executor driver) (115/200)
20/07/22 15:41:33 INFO ShuffleBlockFetcherIterator: Getting 0 non-empty blocks out of 1 blocks
20/07/22 15:41:33 INFO ShuffleBlockFetcherIterator: Started 0 remote fetches in 1 ms
20/07/22 15:41:33 INFO Executor: Finished task 135.0 in stage 6.0 (TID 320). 5692 bytes result sent to driver
20/07/22 15:41:33 INFO TaskSetManager: Starting task 136.0 in stage 6.0 (TID 321, localhost, executor driver, partition 136, PROCESS_LOCAL, 5889 bytes)
20/07/22 15:41:33 INFO TaskSetManager: Finished task 135.0 in stage 6.0 (TID 320) in 5 ms on localhost (executor driver) (116/200)
20/07/22 15:41:33 INFO Executor: Running task 136.0 in stage 6.0 (TID 321)
20/07/22 15:41:33 INFO ShuffleBlockFetcherIterator: Getting 0 non-empty blocks out of 1 blocks
20/07/22 15:41:33 INFO ShuffleBlockFetcherIterator: Started 0 remote fetches in 0 ms
20/07/22 15:41:33 INFO Executor: Finished task 136.0 in stage 6.0 (TID 321). 5692 bytes result sent to driver
20/07/22 15:41:33 INFO TaskSetManager: Starting task 137.0 in stage 6.0 (TID 322, localhost, executor driver, partition 137, PROCESS_LOCAL, 5889 bytes)
20/07/22 15:41:33 INFO Executor: Running task 137.0 in stage 6.0 (TID 322)
20/07/22 15:41:33 INFO TaskSetManager: Finished task 136.0 in stage 6.0 (TID 321) in 4 ms on localhost (executor driver) (117/200)
20/07/22 15:41:33 INFO ShuffleBlockFetcherIterator: Getting 0 non-empty blocks out of 1 blocks
20/07/22 15:41:33 INFO ShuffleBlockFetcherIterator: Started 0 remote fetches in 0 ms
20/07/22 15:41:33 INFO Executor: Finished task 137.0 in stage 6.0 (TID 322). 5613 bytes result sent to driver
20/07/22 15:41:33 INFO TaskSetManager: Starting task 138.0 in stage 6.0 (TID 323, localhost, executor driver, partition 138, PROCESS_LOCAL, 5889 bytes)
20/07/22 15:41:33 INFO TaskSetManager: Finished task 137.0 in stage 6.0 (TID 322) in 5 ms on localhost (executor driver) (118/200)
20/07/22 15:41:33 INFO Executor: Running task 138.0 in stage 6.0 (TID 323)
20/07/22 15:41:33 INFO ShuffleBlockFetcherIterator: Getting 0 non-empty blocks out of 1 blocks
20/07/22 15:41:33 INFO ShuffleBlockFetcherIterator: Started 0 remote fetches in 0 ms
20/07/22 15:41:33 INFO Executor: Finished task 138.0 in stage 6.0 (TID 323). 5692 bytes result sent to driver
20/07/22 15:41:33 INFO TaskSetManager: Starting task 139.0 in stage 6.0 (TID 324, localhost, executor driver, partition 139, PROCESS_LOCAL, 5889 bytes)
20/07/22 15:41:33 INFO Executor: Running task 139.0 in stage 6.0 (TID 324)
20/07/22 15:41:33 INFO TaskSetManager: Finished task 138.0 in stage 6.0 (TID 323) in 4 ms on localhost (executor driver) (119/200)
20/07/22 15:41:33 INFO ShuffleBlockFetcherIterator: Getting 0 non-empty blocks out of 1 blocks
20/07/22 15:41:33 INFO ShuffleBlockFetcherIterator: Started 0 remote fetches in 0 ms
20/07/22 15:41:33 INFO Executor: Finished task 139.0 in stage 6.0 (TID 324). 5692 bytes result sent to driver
20/07/22 15:41:33 INFO TaskSetManager: Starting task 140.0 in stage 6.0 (TID 325, localhost, executor driver, partition 140, PROCESS_LOCAL, 5889 bytes)
20/07/22 15:41:33 INFO Executor: Running task 140.0 in stage 6.0 (TID 325)
20/07/22 15:41:33 INFO TaskSetManager: Finished task 139.0 in stage 6.0 (TID 324) in 4 ms on localhost (executor driver) (120/200)
20/07/22 15:41:33 INFO ShuffleBlockFetcherIterator: Getting 0 non-empty blocks out of 1 blocks
20/07/22 15:41:33 INFO ShuffleBlockFetcherIterator: Started 0 remote fetches in 0 ms
20/07/22 15:41:33 INFO Executor: Finished task 140.0 in stage 6.0 (TID 325). 5613 bytes result sent to driver
20/07/22 15:41:33 INFO TaskSetManager: Starting task 142.0 in stage 6.0 (TID 326, localhost, executor driver, partition 142, PROCESS_LOCAL, 5889 bytes)
20/07/22 15:41:33 INFO Executor: Running task 142.0 in stage 6.0 (TID 326)
20/07/22 15:41:33 INFO TaskSetManager: Finished task 140.0 in stage 6.0 (TID 325) in 5 ms on localhost (executor driver) (121/200)
20/07/22 15:41:33 INFO ShuffleBlockFetcherIterator: Getting 0 non-empty blocks out of 1 blocks
20/07/22 15:41:33 INFO ShuffleBlockFetcherIterator: Started 0 remote fetches in 0 ms
20/07/22 15:41:33 INFO Executor: Finished task 142.0 in stage 6.0 (TID 326). 5692 bytes result sent to driver
20/07/22 15:41:33 INFO TaskSetManager: Starting task 143.0 in stage 6.0 (TID 327, localhost, executor driver, partition 143, PROCESS_LOCAL, 5889 bytes)
20/07/22 15:41:33 INFO Executor: Running task 143.0 in stage 6.0 (TID 327)
20/07/22 15:41:33 INFO TaskSetManager: Finished task 142.0 in stage 6.0 (TID 326) in 4 ms on localhost (executor driver) (122/200)
20/07/22 15:41:33 INFO ShuffleBlockFetcherIterator: Getting 0 non-empty blocks out of 1 blocks
20/07/22 15:41:33 INFO ShuffleBlockFetcherIterator: Started 0 remote fetches in 0 ms
20/07/22 15:41:33 INFO Executor: Finished task 143.0 in stage 6.0 (TID 327). 5613 bytes result sent to driver
20/07/22 15:41:33 INFO TaskSetManager: Starting task 144.0 in stage 6.0 (TID 328, localhost, executor driver, partition 144, PROCESS_LOCAL, 5889 bytes)
20/07/22 15:41:33 INFO Executor: Running task 144.0 in stage 6.0 (TID 328)
20/07/22 15:41:33 INFO TaskSetManager: Finished task 143.0 in stage 6.0 (TID 327) in 4 ms on localhost (executor driver) (123/200)
20/07/22 15:41:33 INFO ShuffleBlockFetcherIterator: Getting 0 non-empty blocks out of 1 blocks
20/07/22 15:41:33 INFO ShuffleBlockFetcherIterator: Started 0 remote fetches in 0 ms
20/07/22 15:41:33 INFO Executor: Finished task 144.0 in stage 6.0 (TID 328). 5692 bytes result sent to driver
20/07/22 15:41:33 INFO TaskSetManager: Starting task 145.0 in stage 6.0 (TID 329, localhost, executor driver, partition 145, PROCESS_LOCAL, 5889 bytes)
20/07/22 15:41:33 INFO Executor: Running task 145.0 in stage 6.0 (TID 329)
20/07/22 15:41:33 INFO TaskSetManager: Finished task 144.0 in stage 6.0 (TID 328) in 4 ms on localhost (executor driver) (124/200)
20/07/22 15:41:33 INFO ShuffleBlockFetcherIterator: Getting 0 non-empty blocks out of 1 blocks
20/07/22 15:41:33 INFO ShuffleBlockFetcherIterator: Started 0 remote fetches in 0 ms
20/07/22 15:41:33 INFO Executor: Finished task 145.0 in stage 6.0 (TID 329). 5692 bytes result sent to driver
20/07/22 15:41:33 INFO TaskSetManager: Starting task 146.0 in stage 6.0 (TID 330, localhost, executor driver, partition 146, PROCESS_LOCAL, 5889 bytes)
20/07/22 15:41:33 INFO Executor: Running task 146.0 in stage 6.0 (TID 330)
20/07/22 15:41:33 INFO TaskSetManager: Finished task 145.0 in stage 6.0 (TID 329) in 4 ms on localhost (executor driver) (125/200)
20/07/22 15:41:33 INFO ShuffleBlockFetcherIterator: Getting 0 non-empty blocks out of 1 blocks
20/07/22 15:41:33 INFO ShuffleBlockFetcherIterator: Started 0 remote fetches in 0 ms
20/07/22 15:41:33 INFO Executor: Finished task 146.0 in stage 6.0 (TID 330). 5692 bytes result sent to driver
20/07/22 15:41:33 INFO TaskSetManager: Starting task 147.0 in stage 6.0 (TID 331, localhost, executor driver, partition 147, PROCESS_LOCAL, 5889 bytes)
20/07/22 15:41:33 INFO Executor: Running task 147.0 in stage 6.0 (TID 331)
20/07/22 15:41:33 INFO TaskSetManager: Finished task 146.0 in stage 6.0 (TID 330) in 4 ms on localhost (executor driver) (126/200)
20/07/22 15:41:33 INFO ShuffleBlockFetcherIterator: Getting 0 non-empty blocks out of 1 blocks
20/07/22 15:41:33 INFO ShuffleBlockFetcherIterator: Started 0 remote fetches in 0 ms
20/07/22 15:41:33 INFO Executor: Finished task 147.0 in stage 6.0 (TID 331). 5692 bytes result sent to driver
20/07/22 15:41:33 INFO TaskSetManager: Starting task 149.0 in stage 6.0 (TID 332, localhost, executor driver, partition 149, PROCESS_LOCAL, 5889 bytes)
20/07/22 15:41:33 INFO Executor: Running task 149.0 in stage 6.0 (TID 332)
20/07/22 15:41:33 INFO TaskSetManager: Finished task 147.0 in stage 6.0 (TID 331) in 4 ms on localhost (executor driver) (127/200)
20/07/22 15:41:33 INFO ShuffleBlockFetcherIterator: Getting 0 non-empty blocks out of 1 blocks
20/07/22 15:41:33 INFO ShuffleBlockFetcherIterator: Started 0 remote fetches in 0 ms
20/07/22 15:41:33 INFO Executor: Finished task 149.0 in stage 6.0 (TID 332). 5692 bytes result sent to driver
20/07/22 15:41:33 INFO TaskSetManager: Starting task 150.0 in stage 6.0 (TID 333, localhost, executor driver, partition 150, PROCESS_LOCAL, 5889 bytes)
20/07/22 15:41:33 INFO Executor: Running task 150.0 in stage 6.0 (TID 333)
20/07/22 15:41:33 INFO TaskSetManager: Finished task 149.0 in stage 6.0 (TID 332) in 4 ms on localhost (executor driver) (128/200)
20/07/22 15:41:33 INFO ShuffleBlockFetcherIterator: Getting 0 non-empty blocks out of 1 blocks
20/07/22 15:41:33 INFO ShuffleBlockFetcherIterator: Started 0 remote fetches in 0 ms
20/07/22 15:41:33 INFO Executor: Finished task 150.0 in stage 6.0 (TID 333). 5692 bytes result sent to driver
20/07/22 15:41:33 INFO TaskSetManager: Starting task 152.0 in stage 6.0 (TID 334, localhost, executor driver, partition 152, PROCESS_LOCAL, 5889 bytes)
20/07/22 15:41:33 INFO Executor: Running task 152.0 in stage 6.0 (TID 334)
20/07/22 15:41:33 INFO TaskSetManager: Finished task 150.0 in stage 6.0 (TID 333) in 4 ms on localhost (executor driver) (129/200)
20/07/22 15:41:33 INFO ShuffleBlockFetcherIterator: Getting 0 non-empty blocks out of 1 blocks
20/07/22 15:41:33 INFO ShuffleBlockFetcherIterator: Started 0 remote fetches in 0 ms
20/07/22 15:41:33 INFO Executor: Finished task 152.0 in stage 6.0 (TID 334). 5692 bytes result sent to driver
20/07/22 15:41:33 INFO TaskSetManager: Starting task 153.0 in stage 6.0 (TID 335, localhost, executor driver, partition 153, PROCESS_LOCAL, 5889 bytes)
20/07/22 15:41:33 INFO TaskSetManager: Finished task 152.0 in stage 6.0 (TID 334) in 4 ms on localhost (executor driver) (130/200)
20/07/22 15:41:33 INFO Executor: Running task 153.0 in stage 6.0 (TID 335)
20/07/22 15:41:33 INFO ShuffleBlockFetcherIterator: Getting 0 non-empty blocks out of 1 blocks
20/07/22 15:41:33 INFO ShuffleBlockFetcherIterator: Started 0 remote fetches in 0 ms
20/07/22 15:41:33 INFO Executor: Finished task 153.0 in stage 6.0 (TID 335). 5692 bytes result sent to driver
20/07/22 15:41:33 INFO TaskSetManager: Starting task 155.0 in stage 6.0 (TID 336, localhost, executor driver, partition 155, PROCESS_LOCAL, 5889 bytes)
20/07/22 15:41:33 INFO Executor: Running task 155.0 in stage 6.0 (TID 336)
20/07/22 15:41:33 INFO TaskSetManager: Finished task 153.0 in stage 6.0 (TID 335) in 4 ms on localhost (executor driver) (131/200)
20/07/22 15:41:33 INFO ShuffleBlockFetcherIterator: Getting 0 non-empty blocks out of 1 blocks
20/07/22 15:41:33 INFO ShuffleBlockFetcherIterator: Started 0 remote fetches in 0 ms
20/07/22 15:41:33 INFO Executor: Finished task 155.0 in stage 6.0 (TID 336). 5692 bytes result sent to driver
20/07/22 15:41:33 INFO TaskSetManager: Starting task 156.0 in stage 6.0 (TID 337, localhost, executor driver, partition 156, PROCESS_LOCAL, 5889 bytes)
20/07/22 15:41:33 INFO Executor: Running task 156.0 in stage 6.0 (TID 337)
20/07/22 15:41:33 INFO TaskSetManager: Finished task 155.0 in stage 6.0 (TID 336) in 4 ms on localhost (executor driver) (132/200)
20/07/22 15:41:33 INFO ShuffleBlockFetcherIterator: Getting 0 non-empty blocks out of 1 blocks
20/07/22 15:41:33 INFO ShuffleBlockFetcherIterator: Started 0 remote fetches in 0 ms
20/07/22 15:41:33 INFO Executor: Finished task 156.0 in stage 6.0 (TID 337). 5692 bytes result sent to driver
20/07/22 15:41:33 INFO TaskSetManager: Starting task 157.0 in stage 6.0 (TID 338, localhost, executor driver, partition 157, PROCESS_LOCAL, 5889 bytes)
20/07/22 15:41:33 INFO Executor: Running task 157.0 in stage 6.0 (TID 338)
20/07/22 15:41:33 INFO TaskSetManager: Finished task 156.0 in stage 6.0 (TID 337) in 5 ms on localhost (executor driver) (133/200)
20/07/22 15:41:33 INFO ShuffleBlockFetcherIterator: Getting 0 non-empty blocks out of 1 blocks
20/07/22 15:41:33 INFO ShuffleBlockFetcherIterator: Started 0 remote fetches in 0 ms
20/07/22 15:41:33 INFO Executor: Finished task 157.0 in stage 6.0 (TID 338). 5692 bytes result sent to driver
20/07/22 15:41:33 INFO TaskSetManager: Starting task 160.0 in stage 6.0 (TID 339, localhost, executor driver, partition 160, PROCESS_LOCAL, 5889 bytes)
20/07/22 15:41:33 INFO Executor: Running task 160.0 in stage 6.0 (TID 339)
20/07/22 15:41:33 INFO TaskSetManager: Finished task 157.0 in stage 6.0 (TID 338) in 4 ms on localhost (executor driver) (134/200)
20/07/22 15:41:33 INFO ShuffleBlockFetcherIterator: Getting 0 non-empty blocks out of 1 blocks
20/07/22 15:41:33 INFO ShuffleBlockFetcherIterator: Started 0 remote fetches in 0 ms
20/07/22 15:41:33 INFO Executor: Finished task 160.0 in stage 6.0 (TID 339). 5692 bytes result sent to driver
20/07/22 15:41:33 INFO TaskSetManager: Starting task 161.0 in stage 6.0 (TID 340, localhost, executor driver, partition 161, PROCESS_LOCAL, 5889 bytes)
20/07/22 15:41:33 INFO Executor: Running task 161.0 in stage 6.0 (TID 340)
20/07/22 15:41:33 INFO TaskSetManager: Finished task 160.0 in stage 6.0 (TID 339) in 5 ms on localhost (executor driver) (135/200)
20/07/22 15:41:33 INFO ShuffleBlockFetcherIterator: Getting 0 non-empty blocks out of 1 blocks
20/07/22 15:41:33 INFO ShuffleBlockFetcherIterator: Started 0 remote fetches in 1 ms
20/07/22 15:41:33 INFO Executor: Finished task 161.0 in stage 6.0 (TID 340). 5692 bytes result sent to driver
20/07/22 15:41:33 INFO TaskSetManager: Starting task 163.0 in stage 6.0 (TID 341, localhost, executor driver, partition 163, PROCESS_LOCAL, 5889 bytes)
20/07/22 15:41:33 INFO Executor: Running task 163.0 in stage 6.0 (TID 341)
20/07/22 15:41:33 INFO TaskSetManager: Finished task 161.0 in stage 6.0 (TID 340) in 4 ms on localhost (executor driver) (136/200)
20/07/22 15:41:33 INFO ShuffleBlockFetcherIterator: Getting 0 non-empty blocks out of 1 blocks
20/07/22 15:41:33 INFO ShuffleBlockFetcherIterator: Started 0 remote fetches in 0 ms
20/07/22 15:41:33 INFO Executor: Finished task 163.0 in stage 6.0 (TID 341). 5692 bytes result sent to driver
20/07/22 15:41:33 INFO TaskSetManager: Starting task 164.0 in stage 6.0 (TID 342, localhost, executor driver, partition 164, PROCESS_LOCAL, 5889 bytes)
20/07/22 15:41:33 INFO Executor: Running task 164.0 in stage 6.0 (TID 342)
20/07/22 15:41:33 INFO TaskSetManager: Finished task 163.0 in stage 6.0 (TID 341) in 9 ms on localhost (executor driver) (137/200)
20/07/22 15:41:33 INFO ShuffleBlockFetcherIterator: Getting 0 non-empty blocks out of 1 blocks
20/07/22 15:41:33 INFO ShuffleBlockFetcherIterator: Started 0 remote fetches in 0 ms
20/07/22 15:41:33 INFO Executor: Finished task 164.0 in stage 6.0 (TID 342). 5692 bytes result sent to driver
20/07/22 15:41:33 INFO TaskSetManager: Starting task 166.0 in stage 6.0 (TID 343, localhost, executor driver, partition 166, PROCESS_LOCAL, 5889 bytes)
20/07/22 15:41:33 INFO Executor: Running task 166.0 in stage 6.0 (TID 343)
20/07/22 15:41:33 INFO TaskSetManager: Finished task 164.0 in stage 6.0 (TID 342) in 5 ms on localhost (executor driver) (138/200)
20/07/22 15:41:33 INFO ShuffleBlockFetcherIterator: Getting 0 non-empty blocks out of 1 blocks
20/07/22 15:41:33 INFO ShuffleBlockFetcherIterator: Started 0 remote fetches in 0 ms
20/07/22 15:41:33 INFO Executor: Finished task 166.0 in stage 6.0 (TID 343). 5692 bytes result sent to driver
20/07/22 15:41:33 INFO TaskSetManager: Starting task 167.0 in stage 6.0 (TID 344, localhost, executor driver, partition 167, PROCESS_LOCAL, 5889 bytes)
20/07/22 15:41:33 INFO Executor: Running task 167.0 in stage 6.0 (TID 344)
20/07/22 15:41:33 INFO TaskSetManager: Finished task 166.0 in stage 6.0 (TID 343) in 5 ms on localhost (executor driver) (139/200)
20/07/22 15:41:33 INFO ShuffleBlockFetcherIterator: Getting 0 non-empty blocks out of 1 blocks
20/07/22 15:41:33 INFO ShuffleBlockFetcherIterator: Started 0 remote fetches in 0 ms
20/07/22 15:41:33 INFO Executor: Finished task 167.0 in stage 6.0 (TID 344). 5692 bytes result sent to driver
20/07/22 15:41:33 INFO TaskSetManager: Starting task 168.0 in stage 6.0 (TID 345, localhost, executor driver, partition 168, PROCESS_LOCAL, 5889 bytes)
20/07/22 15:41:33 INFO Executor: Running task 168.0 in stage 6.0 (TID 345)
20/07/22 15:41:33 INFO TaskSetManager: Finished task 167.0 in stage 6.0 (TID 344) in 6 ms on localhost (executor driver) (140/200)
20/07/22 15:41:33 INFO ShuffleBlockFetcherIterator: Getting 0 non-empty blocks out of 1 blocks
20/07/22 15:41:33 INFO ShuffleBlockFetcherIterator: Started 0 remote fetches in 0 ms
20/07/22 15:41:33 INFO Executor: Finished task 168.0 in stage 6.0 (TID 345). 5692 bytes result sent to driver
20/07/22 15:41:33 INFO TaskSetManager: Starting task 169.0 in stage 6.0 (TID 346, localhost, executor driver, partition 169, PROCESS_LOCAL, 5889 bytes)
20/07/22 15:41:33 INFO Executor: Running task 169.0 in stage 6.0 (TID 346)
20/07/22 15:41:33 INFO TaskSetManager: Finished task 168.0 in stage 6.0 (TID 345) in 4 ms on localhost (executor driver) (141/200)
20/07/22 15:41:33 INFO ShuffleBlockFetcherIterator: Getting 0 non-empty blocks out of 1 blocks
20/07/22 15:41:33 INFO ShuffleBlockFetcherIterator: Started 0 remote fetches in 0 ms
20/07/22 15:41:33 INFO Executor: Finished task 169.0 in stage 6.0 (TID 346). 5692 bytes result sent to driver
20/07/22 15:41:33 INFO TaskSetManager: Starting task 170.0 in stage 6.0 (TID 347, localhost, executor driver, partition 170, PROCESS_LOCAL, 5889 bytes)
20/07/22 15:41:33 INFO TaskSetManager: Finished task 169.0 in stage 6.0 (TID 346) in 4 ms on localhost (executor driver) (142/200)
20/07/22 15:41:33 INFO Executor: Running task 170.0 in stage 6.0 (TID 347)
20/07/22 15:41:33 INFO ShuffleBlockFetcherIterator: Getting 0 non-empty blocks out of 1 blocks
20/07/22 15:41:33 INFO ShuffleBlockFetcherIterator: Started 0 remote fetches in 0 ms
20/07/22 15:41:33 INFO Executor: Finished task 170.0 in stage 6.0 (TID 347). 5692 bytes result sent to driver
20/07/22 15:41:33 INFO TaskSetManager: Starting task 171.0 in stage 6.0 (TID 348, localhost, executor driver, partition 171, PROCESS_LOCAL, 5889 bytes)
20/07/22 15:41:33 INFO Executor: Running task 171.0 in stage 6.0 (TID 348)
20/07/22 15:41:33 INFO TaskSetManager: Finished task 170.0 in stage 6.0 (TID 347) in 4 ms on localhost (executor driver) (143/200)
20/07/22 15:41:33 INFO ShuffleBlockFetcherIterator: Getting 0 non-empty blocks out of 1 blocks
20/07/22 15:41:33 INFO ShuffleBlockFetcherIterator: Started 0 remote fetches in 0 ms
20/07/22 15:41:33 INFO Executor: Finished task 171.0 in stage 6.0 (TID 348). 5692 bytes result sent to driver
20/07/22 15:41:33 INFO TaskSetManager: Starting task 172.0 in stage 6.0 (TID 349, localhost, executor driver, partition 172, PROCESS_LOCAL, 5889 bytes)
20/07/22 15:41:33 INFO Executor: Running task 172.0 in stage 6.0 (TID 349)
20/07/22 15:41:33 INFO TaskSetManager: Finished task 171.0 in stage 6.0 (TID 348) in 5 ms on localhost (executor driver) (144/200)
20/07/22 15:41:33 INFO ShuffleBlockFetcherIterator: Getting 0 non-empty blocks out of 1 blocks
20/07/22 15:41:33 INFO ShuffleBlockFetcherIterator: Started 0 remote fetches in 0 ms
20/07/22 15:41:33 INFO Executor: Finished task 172.0 in stage 6.0 (TID 349). 5692 bytes result sent to driver
20/07/22 15:41:33 INFO TaskSetManager: Starting task 173.0 in stage 6.0 (TID 350, localhost, executor driver, partition 173, PROCESS_LOCAL, 5889 bytes)
20/07/22 15:41:33 INFO Executor: Running task 173.0 in stage 6.0 (TID 350)
20/07/22 15:41:33 INFO TaskSetManager: Finished task 172.0 in stage 6.0 (TID 349) in 5 ms on localhost (executor driver) (145/200)
20/07/22 15:41:33 INFO ShuffleBlockFetcherIterator: Getting 0 non-empty blocks out of 1 blocks
20/07/22 15:41:33 INFO ShuffleBlockFetcherIterator: Started 0 remote fetches in 0 ms
20/07/22 15:41:33 INFO Executor: Finished task 173.0 in stage 6.0 (TID 350). 5692 bytes result sent to driver
20/07/22 15:41:33 INFO TaskSetManager: Starting task 174.0 in stage 6.0 (TID 351, localhost, executor driver, partition 174, PROCESS_LOCAL, 5889 bytes)
20/07/22 15:41:33 INFO TaskSetManager: Finished task 173.0 in stage 6.0 (TID 350) in 6 ms on localhost (executor driver) (146/200)
20/07/22 15:41:33 INFO Executor: Running task 174.0 in stage 6.0 (TID 351)
20/07/22 15:41:33 INFO ShuffleBlockFetcherIterator: Getting 0 non-empty blocks out of 1 blocks
20/07/22 15:41:33 INFO ShuffleBlockFetcherIterator: Started 0 remote fetches in 1 ms
20/07/22 15:41:33 INFO Executor: Finished task 174.0 in stage 6.0 (TID 351). 5779 bytes result sent to driver
20/07/22 15:41:33 INFO TaskSetManager: Starting task 175.0 in stage 6.0 (TID 352, localhost, executor driver, partition 175, PROCESS_LOCAL, 5889 bytes)
20/07/22 15:41:33 INFO Executor: Running task 175.0 in stage 6.0 (TID 352)
20/07/22 15:41:33 INFO TaskSetManager: Finished task 174.0 in stage 6.0 (TID 351) in 7 ms on localhost (executor driver) (147/200)
20/07/22 15:41:33 INFO ShuffleBlockFetcherIterator: Getting 0 non-empty blocks out of 1 blocks
20/07/22 15:41:33 INFO ShuffleBlockFetcherIterator: Started 0 remote fetches in 1 ms
20/07/22 15:41:33 INFO Executor: Finished task 175.0 in stage 6.0 (TID 352). 5692 bytes result sent to driver
20/07/22 15:41:33 INFO TaskSetManager: Starting task 176.0 in stage 6.0 (TID 353, localhost, executor driver, partition 176, PROCESS_LOCAL, 5889 bytes)
20/07/22 15:41:33 INFO Executor: Running task 176.0 in stage 6.0 (TID 353)
20/07/22 15:41:33 INFO TaskSetManager: Finished task 175.0 in stage 6.0 (TID 352) in 5 ms on localhost (executor driver) (148/200)
20/07/22 15:41:33 INFO ShuffleBlockFetcherIterator: Getting 0 non-empty blocks out of 1 blocks
20/07/22 15:41:33 INFO ShuffleBlockFetcherIterator: Started 0 remote fetches in 1 ms
20/07/22 15:41:33 INFO Executor: Finished task 176.0 in stage 6.0 (TID 353). 5692 bytes result sent to driver
20/07/22 15:41:33 INFO TaskSetManager: Starting task 177.0 in stage 6.0 (TID 354, localhost, executor driver, partition 177, PROCESS_LOCAL, 5889 bytes)
20/07/22 15:41:33 INFO Executor: Running task 177.0 in stage 6.0 (TID 354)
20/07/22 15:41:33 INFO TaskSetManager: Finished task 176.0 in stage 6.0 (TID 353) in 5 ms on localhost (executor driver) (149/200)
20/07/22 15:41:33 INFO ShuffleBlockFetcherIterator: Getting 0 non-empty blocks out of 1 blocks
20/07/22 15:41:33 INFO ShuffleBlockFetcherIterator: Started 0 remote fetches in 0 ms
20/07/22 15:41:33 INFO Executor: Finished task 177.0 in stage 6.0 (TID 354). 5692 bytes result sent to driver
20/07/22 15:41:33 INFO TaskSetManager: Starting task 178.0 in stage 6.0 (TID 355, localhost, executor driver, partition 178, PROCESS_LOCAL, 5889 bytes)
20/07/22 15:41:33 INFO Executor: Running task 178.0 in stage 6.0 (TID 355)
20/07/22 15:41:33 INFO TaskSetManager: Finished task 177.0 in stage 6.0 (TID 354) in 5 ms on localhost (executor driver) (150/200)
20/07/22 15:41:33 INFO ShuffleBlockFetcherIterator: Getting 0 non-empty blocks out of 1 blocks
20/07/22 15:41:33 INFO ShuffleBlockFetcherIterator: Started 0 remote fetches in 0 ms
20/07/22 15:41:33 INFO Executor: Finished task 178.0 in stage 6.0 (TID 355). 5692 bytes result sent to driver
20/07/22 15:41:33 INFO TaskSetManager: Starting task 179.0 in stage 6.0 (TID 356, localhost, executor driver, partition 179, PROCESS_LOCAL, 5889 bytes)
20/07/22 15:41:33 INFO Executor: Running task 179.0 in stage 6.0 (TID 356)
20/07/22 15:41:33 INFO TaskSetManager: Finished task 178.0 in stage 6.0 (TID 355) in 6 ms on localhost (executor driver) (151/200)
20/07/22 15:41:33 INFO ShuffleBlockFetcherIterator: Getting 0 non-empty blocks out of 1 blocks
20/07/22 15:41:33 INFO ShuffleBlockFetcherIterator: Started 0 remote fetches in 0 ms
20/07/22 15:41:33 INFO Executor: Finished task 179.0 in stage 6.0 (TID 356). 5692 bytes result sent to driver
20/07/22 15:41:33 INFO TaskSetManager: Starting task 180.0 in stage 6.0 (TID 357, localhost, executor driver, partition 180, PROCESS_LOCAL, 5889 bytes)
20/07/22 15:41:33 INFO Executor: Running task 180.0 in stage 6.0 (TID 357)
20/07/22 15:41:33 INFO TaskSetManager: Finished task 179.0 in stage 6.0 (TID 356) in 5 ms on localhost (executor driver) (152/200)
20/07/22 15:41:33 INFO ShuffleBlockFetcherIterator: Getting 0 non-empty blocks out of 1 blocks
20/07/22 15:41:33 INFO ShuffleBlockFetcherIterator: Started 0 remote fetches in 0 ms
20/07/22 15:41:33 INFO Executor: Finished task 180.0 in stage 6.0 (TID 357). 5692 bytes result sent to driver
20/07/22 15:41:33 INFO TaskSetManager: Starting task 181.0 in stage 6.0 (TID 358, localhost, executor driver, partition 181, PROCESS_LOCAL, 5889 bytes)
20/07/22 15:41:33 INFO Executor: Running task 181.0 in stage 6.0 (TID 358)
20/07/22 15:41:33 INFO TaskSetManager: Finished task 180.0 in stage 6.0 (TID 357) in 6 ms on localhost (executor driver) (153/200)
20/07/22 15:41:33 INFO ShuffleBlockFetcherIterator: Getting 0 non-empty blocks out of 1 blocks
20/07/22 15:41:33 INFO ShuffleBlockFetcherIterator: Started 0 remote fetches in 0 ms
20/07/22 15:41:33 INFO Executor: Finished task 181.0 in stage 6.0 (TID 358). 5692 bytes result sent to driver
20/07/22 15:41:33 INFO TaskSetManager: Starting task 182.0 in stage 6.0 (TID 359, localhost, executor driver, partition 182, PROCESS_LOCAL, 5889 bytes)
20/07/22 15:41:33 INFO Executor: Running task 182.0 in stage 6.0 (TID 359)
20/07/22 15:41:33 INFO TaskSetManager: Finished task 181.0 in stage 6.0 (TID 358) in 6 ms on localhost (executor driver) (154/200)
20/07/22 15:41:33 INFO ShuffleBlockFetcherIterator: Getting 0 non-empty blocks out of 1 blocks
20/07/22 15:41:33 INFO ShuffleBlockFetcherIterator: Started 0 remote fetches in 0 ms
20/07/22 15:41:33 INFO Executor: Finished task 182.0 in stage 6.0 (TID 359). 5613 bytes result sent to driver
20/07/22 15:41:33 INFO TaskSetManager: Starting task 183.0 in stage 6.0 (TID 360, localhost, executor driver, partition 183, PROCESS_LOCAL, 5889 bytes)
20/07/22 15:41:33 INFO Executor: Running task 183.0 in stage 6.0 (TID 360)
20/07/22 15:41:33 INFO TaskSetManager: Finished task 182.0 in stage 6.0 (TID 359) in 5 ms on localhost (executor driver) (155/200)
20/07/22 15:41:33 INFO ShuffleBlockFetcherIterator: Getting 0 non-empty blocks out of 1 blocks
20/07/22 15:41:33 INFO ShuffleBlockFetcherIterator: Started 0 remote fetches in 0 ms
20/07/22 15:41:33 INFO Executor: Finished task 183.0 in stage 6.0 (TID 360). 5692 bytes result sent to driver
20/07/22 15:41:33 INFO TaskSetManager: Starting task 185.0 in stage 6.0 (TID 361, localhost, executor driver, partition 185, PROCESS_LOCAL, 5889 bytes)
20/07/22 15:41:33 INFO TaskSetManager: Finished task 183.0 in stage 6.0 (TID 360) in 5 ms on localhost (executor driver) (156/200)
20/07/22 15:41:33 INFO Executor: Running task 185.0 in stage 6.0 (TID 361)
20/07/22 15:41:33 INFO ShuffleBlockFetcherIterator: Getting 0 non-empty blocks out of 1 blocks
20/07/22 15:41:33 INFO ShuffleBlockFetcherIterator: Started 0 remote fetches in 1 ms
20/07/22 15:41:33 INFO Executor: Finished task 185.0 in stage 6.0 (TID 361). 5692 bytes result sent to driver
20/07/22 15:41:33 INFO TaskSetManager: Starting task 186.0 in stage 6.0 (TID 362, localhost, executor driver, partition 186, PROCESS_LOCAL, 5889 bytes)
20/07/22 15:41:33 INFO TaskSetManager: Finished task 185.0 in stage 6.0 (TID 361) in 5 ms on localhost (executor driver) (157/200)
20/07/22 15:41:33 INFO Executor: Running task 186.0 in stage 6.0 (TID 362)
20/07/22 15:41:33 INFO ShuffleBlockFetcherIterator: Getting 0 non-empty blocks out of 1 blocks
20/07/22 15:41:33 INFO ShuffleBlockFetcherIterator: Started 0 remote fetches in 1 ms
20/07/22 15:41:33 INFO Executor: Finished task 186.0 in stage 6.0 (TID 362). 5692 bytes result sent to driver
20/07/22 15:41:33 INFO TaskSetManager: Starting task 187.0 in stage 6.0 (TID 363, localhost, executor driver, partition 187, PROCESS_LOCAL, 5889 bytes)
20/07/22 15:41:33 INFO Executor: Running task 187.0 in stage 6.0 (TID 363)
20/07/22 15:41:33 INFO TaskSetManager: Finished task 186.0 in stage 6.0 (TID 362) in 4 ms on localhost (executor driver) (158/200)
20/07/22 15:41:33 INFO ShuffleBlockFetcherIterator: Getting 0 non-empty blocks out of 1 blocks
20/07/22 15:41:33 INFO ShuffleBlockFetcherIterator: Started 0 remote fetches in 0 ms
20/07/22 15:41:33 INFO Executor: Finished task 187.0 in stage 6.0 (TID 363). 5692 bytes result sent to driver
20/07/22 15:41:33 INFO TaskSetManager: Starting task 188.0 in stage 6.0 (TID 364, localhost, executor driver, partition 188, PROCESS_LOCAL, 5889 bytes)
20/07/22 15:41:33 INFO Executor: Running task 188.0 in stage 6.0 (TID 364)
20/07/22 15:41:33 INFO TaskSetManager: Finished task 187.0 in stage 6.0 (TID 363) in 5 ms on localhost (executor driver) (159/200)
20/07/22 15:41:33 INFO ShuffleBlockFetcherIterator: Getting 0 non-empty blocks out of 1 blocks
20/07/22 15:41:33 INFO ShuffleBlockFetcherIterator: Started 0 remote fetches in 0 ms
20/07/22 15:41:33 INFO Executor: Finished task 188.0 in stage 6.0 (TID 364). 5692 bytes result sent to driver
20/07/22 15:41:33 INFO TaskSetManager: Starting task 189.0 in stage 6.0 (TID 365, localhost, executor driver, partition 189, PROCESS_LOCAL, 5889 bytes)
20/07/22 15:41:33 INFO Executor: Running task 189.0 in stage 6.0 (TID 365)
20/07/22 15:41:33 INFO TaskSetManager: Finished task 188.0 in stage 6.0 (TID 364) in 4 ms on localhost (executor driver) (160/200)
20/07/22 15:41:33 INFO ShuffleBlockFetcherIterator: Getting 0 non-empty blocks out of 1 blocks
20/07/22 15:41:33 INFO ShuffleBlockFetcherIterator: Started 0 remote fetches in 0 ms
20/07/22 15:41:33 INFO Executor: Finished task 189.0 in stage 6.0 (TID 365). 5692 bytes result sent to driver
20/07/22 15:41:33 INFO TaskSetManager: Starting task 190.0 in stage 6.0 (TID 366, localhost, executor driver, partition 190, PROCESS_LOCAL, 5889 bytes)
20/07/22 15:41:33 INFO Executor: Running task 190.0 in stage 6.0 (TID 366)
20/07/22 15:41:33 INFO TaskSetManager: Finished task 189.0 in stage 6.0 (TID 365) in 5 ms on localhost (executor driver) (161/200)
20/07/22 15:41:33 INFO ShuffleBlockFetcherIterator: Getting 0 non-empty blocks out of 1 blocks
20/07/22 15:41:33 INFO ShuffleBlockFetcherIterator: Started 0 remote fetches in 0 ms
20/07/22 15:41:33 INFO Executor: Finished task 190.0 in stage 6.0 (TID 366). 5692 bytes result sent to driver
20/07/22 15:41:33 INFO TaskSetManager: Starting task 191.0 in stage 6.0 (TID 367, localhost, executor driver, partition 191, PROCESS_LOCAL, 5889 bytes)
20/07/22 15:41:33 INFO Executor: Running task 191.0 in stage 6.0 (TID 367)
20/07/22 15:41:33 INFO TaskSetManager: Finished task 190.0 in stage 6.0 (TID 366) in 5 ms on localhost (executor driver) (162/200)
20/07/22 15:41:33 INFO ShuffleBlockFetcherIterator: Getting 0 non-empty blocks out of 1 blocks
20/07/22 15:41:33 INFO ShuffleBlockFetcherIterator: Started 0 remote fetches in 0 ms
20/07/22 15:41:33 INFO Executor: Finished task 191.0 in stage 6.0 (TID 367). 5692 bytes result sent to driver
20/07/22 15:41:33 INFO TaskSetManager: Starting task 194.0 in stage 6.0 (TID 368, localhost, executor driver, partition 194, PROCESS_LOCAL, 5889 bytes)
20/07/22 15:41:33 INFO Executor: Running task 194.0 in stage 6.0 (TID 368)
20/07/22 15:41:33 INFO TaskSetManager: Finished task 191.0 in stage 6.0 (TID 367) in 5 ms on localhost (executor driver) (163/200)
20/07/22 15:41:33 INFO ShuffleBlockFetcherIterator: Getting 0 non-empty blocks out of 1 blocks
20/07/22 15:41:33 INFO ShuffleBlockFetcherIterator: Started 0 remote fetches in 0 ms
20/07/22 15:41:33 INFO Executor: Finished task 194.0 in stage 6.0 (TID 368). 5692 bytes result sent to driver
20/07/22 15:41:33 INFO TaskSetManager: Starting task 195.0 in stage 6.0 (TID 369, localhost, executor driver, partition 195, PROCESS_LOCAL, 5889 bytes)
20/07/22 15:41:33 INFO TaskSetManager: Finished task 194.0 in stage 6.0 (TID 368) in 5 ms on localhost (executor driver) (164/200)
20/07/22 15:41:33 INFO Executor: Running task 195.0 in stage 6.0 (TID 369)
20/07/22 15:41:33 INFO ShuffleBlockFetcherIterator: Getting 0 non-empty blocks out of 1 blocks
20/07/22 15:41:33 INFO ShuffleBlockFetcherIterator: Started 0 remote fetches in 0 ms
20/07/22 15:41:33 INFO Executor: Finished task 195.0 in stage 6.0 (TID 369). 5692 bytes result sent to driver
20/07/22 15:41:33 INFO TaskSetManager: Starting task 196.0 in stage 6.0 (TID 370, localhost, executor driver, partition 196, PROCESS_LOCAL, 5889 bytes)
20/07/22 15:41:33 INFO Executor: Running task 196.0 in stage 6.0 (TID 370)
20/07/22 15:41:33 INFO TaskSetManager: Finished task 195.0 in stage 6.0 (TID 369) in 5 ms on localhost (executor driver) (165/200)
20/07/22 15:41:33 INFO ShuffleBlockFetcherIterator: Getting 0 non-empty blocks out of 1 blocks
20/07/22 15:41:33 INFO ShuffleBlockFetcherIterator: Started 0 remote fetches in 0 ms
20/07/22 15:41:33 INFO Executor: Finished task 196.0 in stage 6.0 (TID 370). 5700 bytes result sent to driver
20/07/22 15:41:33 INFO TaskSetManager: Starting task 197.0 in stage 6.0 (TID 371, localhost, executor driver, partition 197, PROCESS_LOCAL, 5889 bytes)
20/07/22 15:41:33 INFO Executor: Running task 197.0 in stage 6.0 (TID 371)
20/07/22 15:41:33 INFO TaskSetManager: Finished task 196.0 in stage 6.0 (TID 370) in 4 ms on localhost (executor driver) (166/200)
20/07/22 15:41:33 INFO ShuffleBlockFetcherIterator: Getting 0 non-empty blocks out of 1 blocks
20/07/22 15:41:33 INFO ShuffleBlockFetcherIterator: Started 0 remote fetches in 0 ms
20/07/22 15:41:33 INFO Executor: Finished task 197.0 in stage 6.0 (TID 371). 5692 bytes result sent to driver
20/07/22 15:41:33 INFO TaskSetManager: Starting task 198.0 in stage 6.0 (TID 372, localhost, executor driver, partition 198, PROCESS_LOCAL, 5889 bytes)
20/07/22 15:41:33 INFO Executor: Running task 198.0 in stage 6.0 (TID 372)
20/07/22 15:41:33 INFO TaskSetManager: Finished task 197.0 in stage 6.0 (TID 371) in 4 ms on localhost (executor driver) (167/200)
20/07/22 15:41:33 INFO ShuffleBlockFetcherIterator: Getting 0 non-empty blocks out of 1 blocks
20/07/22 15:41:33 INFO ShuffleBlockFetcherIterator: Started 0 remote fetches in 0 ms
20/07/22 15:41:33 INFO Executor: Finished task 198.0 in stage 6.0 (TID 372). 5613 bytes result sent to driver
20/07/22 15:41:33 INFO TaskSetManager: Starting task 199.0 in stage 6.0 (TID 373, localhost, executor driver, partition 199, PROCESS_LOCAL, 5889 bytes)
20/07/22 15:41:33 INFO Executor: Running task 199.0 in stage 6.0 (TID 373)
20/07/22 15:41:33 INFO TaskSetManager: Finished task 198.0 in stage 6.0 (TID 372) in 5 ms on localhost (executor driver) (168/200)
20/07/22 15:41:33 INFO ShuffleBlockFetcherIterator: Getting 0 non-empty blocks out of 1 blocks
20/07/22 15:41:33 INFO ShuffleBlockFetcherIterator: Started 0 remote fetches in 0 ms
20/07/22 15:41:33 INFO Executor: Finished task 199.0 in stage 6.0 (TID 373). 5692 bytes result sent to driver
20/07/22 15:41:33 INFO TaskSetManager: Starting task 9.0 in stage 6.0 (TID 374, localhost, executor driver, partition 9, ANY, 5889 bytes)
20/07/22 15:41:33 INFO Executor: Running task 9.0 in stage 6.0 (TID 374)
20/07/22 15:41:33 INFO TaskSetManager: Finished task 199.0 in stage 6.0 (TID 373) in 5 ms on localhost (executor driver) (169/200)
20/07/22 15:41:33 INFO ShuffleBlockFetcherIterator: Getting 1 non-empty blocks out of 1 blocks
20/07/22 15:41:33 INFO ShuffleBlockFetcherIterator: Started 0 remote fetches in 0 ms
20/07/22 15:41:33 INFO Executor: Finished task 9.0 in stage 6.0 (TID 374). 5899 bytes result sent to driver
20/07/22 15:41:33 INFO TaskSetManager: Starting task 11.0 in stage 6.0 (TID 375, localhost, executor driver, partition 11, ANY, 5889 bytes)
20/07/22 15:41:33 INFO Executor: Running task 11.0 in stage 6.0 (TID 375)
20/07/22 15:41:33 INFO TaskSetManager: Finished task 9.0 in stage 6.0 (TID 374) in 6 ms on localhost (executor driver) (170/200)
20/07/22 15:41:33 INFO ShuffleBlockFetcherIterator: Getting 1 non-empty blocks out of 1 blocks
20/07/22 15:41:33 INFO ShuffleBlockFetcherIterator: Started 0 remote fetches in 0 ms
20/07/22 15:41:33 INFO Executor: Finished task 11.0 in stage 6.0 (TID 375). 5899 bytes result sent to driver
20/07/22 15:41:33 INFO TaskSetManager: Starting task 14.0 in stage 6.0 (TID 376, localhost, executor driver, partition 14, ANY, 5889 bytes)
20/07/22 15:41:33 INFO Executor: Running task 14.0 in stage 6.0 (TID 376)
20/07/22 15:41:33 INFO TaskSetManager: Finished task 11.0 in stage 6.0 (TID 375) in 4 ms on localhost (executor driver) (171/200)
20/07/22 15:41:33 INFO ShuffleBlockFetcherIterator: Getting 1 non-empty blocks out of 1 blocks
20/07/22 15:41:33 INFO ShuffleBlockFetcherIterator: Started 0 remote fetches in 0 ms
20/07/22 15:41:33 INFO Executor: Finished task 14.0 in stage 6.0 (TID 376). 5988 bytes result sent to driver
20/07/22 15:41:33 INFO TaskSetManager: Starting task 15.0 in stage 6.0 (TID 377, localhost, executor driver, partition 15, ANY, 5889 bytes)
20/07/22 15:41:33 INFO Executor: Running task 15.0 in stage 6.0 (TID 377)
20/07/22 15:41:33 INFO TaskSetManager: Finished task 14.0 in stage 6.0 (TID 376) in 4 ms on localhost (executor driver) (172/200)
20/07/22 15:41:33 INFO ShuffleBlockFetcherIterator: Getting 1 non-empty blocks out of 1 blocks
20/07/22 15:41:33 INFO ShuffleBlockFetcherIterator: Started 0 remote fetches in 0 ms
20/07/22 15:41:33 INFO Executor: Finished task 15.0 in stage 6.0 (TID 377). 5899 bytes result sent to driver
20/07/22 15:41:33 INFO TaskSetManager: Starting task 23.0 in stage 6.0 (TID 378, localhost, executor driver, partition 23, ANY, 5889 bytes)
20/07/22 15:41:33 INFO TaskSetManager: Finished task 15.0 in stage 6.0 (TID 377) in 4 ms on localhost (executor driver) (173/200)
20/07/22 15:41:33 INFO Executor: Running task 23.0 in stage 6.0 (TID 378)
20/07/22 15:41:33 INFO ShuffleBlockFetcherIterator: Getting 1 non-empty blocks out of 1 blocks
20/07/22 15:41:33 INFO ShuffleBlockFetcherIterator: Started 0 remote fetches in 0 ms
20/07/22 15:41:33 INFO Executor: Finished task 23.0 in stage 6.0 (TID 378). 5899 bytes result sent to driver
20/07/22 15:41:33 INFO TaskSetManager: Starting task 24.0 in stage 6.0 (TID 379, localhost, executor driver, partition 24, ANY, 5889 bytes)
20/07/22 15:41:33 INFO Executor: Running task 24.0 in stage 6.0 (TID 379)
20/07/22 15:41:33 INFO TaskSetManager: Finished task 23.0 in stage 6.0 (TID 378) in 6 ms on localhost (executor driver) (174/200)
20/07/22 15:41:33 INFO ShuffleBlockFetcherIterator: Getting 1 non-empty blocks out of 1 blocks
20/07/22 15:41:33 INFO ShuffleBlockFetcherIterator: Started 0 remote fetches in 0 ms
20/07/22 15:41:33 INFO Executor: Finished task 24.0 in stage 6.0 (TID 379). 5988 bytes result sent to driver
20/07/22 15:41:33 INFO TaskSetManager: Starting task 54.0 in stage 6.0 (TID 380, localhost, executor driver, partition 54, ANY, 5889 bytes)
20/07/22 15:41:33 INFO Executor: Running task 54.0 in stage 6.0 (TID 380)
20/07/22 15:41:33 INFO TaskSetManager: Finished task 24.0 in stage 6.0 (TID 379) in 5 ms on localhost (executor driver) (175/200)
20/07/22 15:41:33 INFO ShuffleBlockFetcherIterator: Getting 1 non-empty blocks out of 1 blocks
20/07/22 15:41:33 INFO ShuffleBlockFetcherIterator: Started 0 remote fetches in 0 ms
20/07/22 15:41:33 INFO Executor: Finished task 54.0 in stage 6.0 (TID 380). 5899 bytes result sent to driver
20/07/22 15:41:33 INFO TaskSetManager: Starting task 60.0 in stage 6.0 (TID 381, localhost, executor driver, partition 60, ANY, 5889 bytes)
20/07/22 15:41:33 INFO Executor: Running task 60.0 in stage 6.0 (TID 381)
20/07/22 15:41:33 INFO TaskSetManager: Finished task 54.0 in stage 6.0 (TID 380) in 4 ms on localhost (executor driver) (176/200)
20/07/22 15:41:33 INFO ShuffleBlockFetcherIterator: Getting 1 non-empty blocks out of 1 blocks
20/07/22 15:41:33 INFO ShuffleBlockFetcherIterator: Started 0 remote fetches in 0 ms
20/07/22 15:41:33 INFO Executor: Finished task 60.0 in stage 6.0 (TID 381). 5899 bytes result sent to driver
20/07/22 15:41:33 INFO TaskSetManager: Starting task 62.0 in stage 6.0 (TID 382, localhost, executor driver, partition 62, ANY, 5889 bytes)
20/07/22 15:41:33 INFO Executor: Running task 62.0 in stage 6.0 (TID 382)
20/07/22 15:41:33 INFO TaskSetManager: Finished task 60.0 in stage 6.0 (TID 381) in 4 ms on localhost (executor driver) (177/200)
20/07/22 15:41:33 INFO ShuffleBlockFetcherIterator: Getting 1 non-empty blocks out of 1 blocks
20/07/22 15:41:33 INFO ShuffleBlockFetcherIterator: Started 0 remote fetches in 0 ms
20/07/22 15:41:33 INFO Executor: Finished task 62.0 in stage 6.0 (TID 382). 5899 bytes result sent to driver
20/07/22 15:41:33 INFO TaskSetManager: Starting task 70.0 in stage 6.0 (TID 383, localhost, executor driver, partition 70, ANY, 5889 bytes)
20/07/22 15:41:33 INFO Executor: Running task 70.0 in stage 6.0 (TID 383)
20/07/22 15:41:33 INFO TaskSetManager: Finished task 62.0 in stage 6.0 (TID 382) in 5 ms on localhost (executor driver) (178/200)
20/07/22 15:41:33 INFO ShuffleBlockFetcherIterator: Getting 1 non-empty blocks out of 1 blocks
20/07/22 15:41:33 INFO ShuffleBlockFetcherIterator: Started 0 remote fetches in 0 ms
20/07/22 15:41:33 INFO Executor: Finished task 70.0 in stage 6.0 (TID 383). 5988 bytes result sent to driver
20/07/22 15:41:33 INFO TaskSetManager: Starting task 74.0 in stage 6.0 (TID 384, localhost, executor driver, partition 74, ANY, 5889 bytes)
20/07/22 15:41:33 INFO Executor: Running task 74.0 in stage 6.0 (TID 384)
20/07/22 15:41:33 INFO TaskSetManager: Finished task 70.0 in stage 6.0 (TID 383) in 5 ms on localhost (executor driver) (179/200)
20/07/22 15:41:33 INFO ShuffleBlockFetcherIterator: Getting 1 non-empty blocks out of 1 blocks
20/07/22 15:41:33 INFO ShuffleBlockFetcherIterator: Started 0 remote fetches in 0 ms
20/07/22 15:41:33 INFO Executor: Finished task 74.0 in stage 6.0 (TID 384). 5988 bytes result sent to driver
20/07/22 15:41:33 INFO TaskSetManager: Starting task 77.0 in stage 6.0 (TID 385, localhost, executor driver, partition 77, ANY, 5889 bytes)
20/07/22 15:41:33 INFO TaskSetManager: Finished task 74.0 in stage 6.0 (TID 384) in 6 ms on localhost (executor driver) (180/200)
20/07/22 15:41:33 INFO Executor: Running task 77.0 in stage 6.0 (TID 385)
20/07/22 15:41:33 INFO ShuffleBlockFetcherIterator: Getting 1 non-empty blocks out of 1 blocks
20/07/22 15:41:33 INFO ShuffleBlockFetcherIterator: Started 0 remote fetches in 0 ms
20/07/22 15:41:33 INFO Executor: Finished task 77.0 in stage 6.0 (TID 385). 5899 bytes result sent to driver
20/07/22 15:41:33 INFO TaskSetManager: Starting task 83.0 in stage 6.0 (TID 386, localhost, executor driver, partition 83, ANY, 5889 bytes)
20/07/22 15:41:33 INFO Executor: Running task 83.0 in stage 6.0 (TID 386)
20/07/22 15:41:33 INFO TaskSetManager: Finished task 77.0 in stage 6.0 (TID 385) in 5 ms on localhost (executor driver) (181/200)
20/07/22 15:41:33 INFO ShuffleBlockFetcherIterator: Getting 1 non-empty blocks out of 1 blocks
20/07/22 15:41:33 INFO ShuffleBlockFetcherIterator: Started 0 remote fetches in 0 ms
20/07/22 15:41:33 INFO Executor: Finished task 83.0 in stage 6.0 (TID 386). 5972 bytes result sent to driver
20/07/22 15:41:33 INFO TaskSetManager: Starting task 84.0 in stage 6.0 (TID 387, localhost, executor driver, partition 84, ANY, 5889 bytes)
20/07/22 15:41:33 INFO Executor: Running task 84.0 in stage 6.0 (TID 387)
20/07/22 15:41:33 INFO TaskSetManager: Finished task 83.0 in stage 6.0 (TID 386) in 15 ms on localhost (executor driver) (182/200)
20/07/22 15:41:33 INFO ShuffleBlockFetcherIterator: Getting 1 non-empty blocks out of 1 blocks
20/07/22 15:41:33 INFO ShuffleBlockFetcherIterator: Started 0 remote fetches in 0 ms
20/07/22 15:41:33 INFO Executor: Finished task 84.0 in stage 6.0 (TID 387). 5899 bytes result sent to driver
20/07/22 15:41:33 INFO TaskSetManager: Starting task 86.0 in stage 6.0 (TID 388, localhost, executor driver, partition 86, ANY, 5889 bytes)
20/07/22 15:41:33 INFO TaskSetManager: Finished task 84.0 in stage 6.0 (TID 387) in 5 ms on localhost (executor driver) (183/200)
20/07/22 15:41:33 INFO Executor: Running task 86.0 in stage 6.0 (TID 388)
20/07/22 15:41:33 INFO ShuffleBlockFetcherIterator: Getting 1 non-empty blocks out of 1 blocks
20/07/22 15:41:33 INFO ShuffleBlockFetcherIterator: Started 0 remote fetches in 0 ms
20/07/22 15:41:33 INFO Executor: Finished task 86.0 in stage 6.0 (TID 388). 5899 bytes result sent to driver
20/07/22 15:41:33 INFO TaskSetManager: Starting task 94.0 in stage 6.0 (TID 389, localhost, executor driver, partition 94, ANY, 5889 bytes)
20/07/22 15:41:33 INFO TaskSetManager: Finished task 86.0 in stage 6.0 (TID 388) in 7 ms on localhost (executor driver) (184/200)
20/07/22 15:41:33 INFO Executor: Running task 94.0 in stage 6.0 (TID 389)
20/07/22 15:41:33 INFO ShuffleBlockFetcherIterator: Getting 1 non-empty blocks out of 1 blocks
20/07/22 15:41:33 INFO ShuffleBlockFetcherIterator: Started 0 remote fetches in 0 ms
20/07/22 15:41:33 INFO Executor: Finished task 94.0 in stage 6.0 (TID 389). 5899 bytes result sent to driver
20/07/22 15:41:33 INFO TaskSetManager: Starting task 97.0 in stage 6.0 (TID 390, localhost, executor driver, partition 97, ANY, 5889 bytes)
20/07/22 15:41:33 INFO TaskSetManager: Finished task 94.0 in stage 6.0 (TID 389) in 5 ms on localhost (executor driver) (185/200)
20/07/22 15:41:33 INFO Executor: Running task 97.0 in stage 6.0 (TID 390)
20/07/22 15:41:33 INFO ShuffleBlockFetcherIterator: Getting 1 non-empty blocks out of 1 blocks
20/07/22 15:41:33 INFO ShuffleBlockFetcherIterator: Started 0 remote fetches in 0 ms
20/07/22 15:41:33 INFO Executor: Finished task 97.0 in stage 6.0 (TID 390). 5899 bytes result sent to driver
20/07/22 15:41:33 INFO TaskSetManager: Starting task 113.0 in stage 6.0 (TID 391, localhost, executor driver, partition 113, ANY, 5889 bytes)
20/07/22 15:41:33 INFO TaskSetManager: Finished task 97.0 in stage 6.0 (TID 390) in 5 ms on localhost (executor driver) (186/200)
20/07/22 15:41:33 INFO Executor: Running task 113.0 in stage 6.0 (TID 391)
20/07/22 15:41:33 INFO ShuffleBlockFetcherIterator: Getting 1 non-empty blocks out of 1 blocks
20/07/22 15:41:33 INFO ShuffleBlockFetcherIterator: Started 0 remote fetches in 0 ms
20/07/22 15:41:33 INFO Executor: Finished task 113.0 in stage 6.0 (TID 391). 5986 bytes result sent to driver
20/07/22 15:41:33 INFO TaskSetManager: Starting task 115.0 in stage 6.0 (TID 392, localhost, executor driver, partition 115, ANY, 5889 bytes)
20/07/22 15:41:33 INFO Executor: Running task 115.0 in stage 6.0 (TID 392)
20/07/22 15:41:33 INFO TaskSetManager: Finished task 113.0 in stage 6.0 (TID 391) in 5 ms on localhost (executor driver) (187/200)
20/07/22 15:41:33 INFO ShuffleBlockFetcherIterator: Getting 1 non-empty blocks out of 1 blocks
20/07/22 15:41:33 INFO ShuffleBlockFetcherIterator: Started 0 remote fetches in 0 ms
20/07/22 15:41:33 INFO Executor: Finished task 115.0 in stage 6.0 (TID 392). 5899 bytes result sent to driver
20/07/22 15:41:33 INFO TaskSetManager: Starting task 127.0 in stage 6.0 (TID 393, localhost, executor driver, partition 127, ANY, 5889 bytes)
20/07/22 15:41:33 INFO Executor: Running task 127.0 in stage 6.0 (TID 393)
20/07/22 15:41:33 INFO TaskSetManager: Finished task 115.0 in stage 6.0 (TID 392) in 4 ms on localhost (executor driver) (188/200)
20/07/22 15:41:33 INFO ShuffleBlockFetcherIterator: Getting 1 non-empty blocks out of 1 blocks
20/07/22 15:41:33 INFO ShuffleBlockFetcherIterator: Started 0 remote fetches in 0 ms
20/07/22 15:41:33 INFO Executor: Finished task 127.0 in stage 6.0 (TID 393). 5899 bytes result sent to driver
20/07/22 15:41:33 INFO TaskSetManager: Starting task 141.0 in stage 6.0 (TID 394, localhost, executor driver, partition 141, ANY, 5889 bytes)
20/07/22 15:41:33 INFO Executor: Running task 141.0 in stage 6.0 (TID 394)
20/07/22 15:41:33 INFO TaskSetManager: Finished task 127.0 in stage 6.0 (TID 393) in 4 ms on localhost (executor driver) (189/200)
20/07/22 15:41:33 INFO ShuffleBlockFetcherIterator: Getting 1 non-empty blocks out of 1 blocks
20/07/22 15:41:33 INFO ShuffleBlockFetcherIterator: Started 0 remote fetches in 0 ms
20/07/22 15:41:33 INFO Executor: Finished task 141.0 in stage 6.0 (TID 394). 5899 bytes result sent to driver
20/07/22 15:41:33 INFO TaskSetManager: Starting task 148.0 in stage 6.0 (TID 395, localhost, executor driver, partition 148, ANY, 5889 bytes)
20/07/22 15:41:33 INFO Executor: Running task 148.0 in stage 6.0 (TID 395)
20/07/22 15:41:33 INFO TaskSetManager: Finished task 141.0 in stage 6.0 (TID 394) in 6 ms on localhost (executor driver) (190/200)
20/07/22 15:41:33 INFO ShuffleBlockFetcherIterator: Getting 1 non-empty blocks out of 1 blocks
20/07/22 15:41:33 INFO ShuffleBlockFetcherIterator: Started 0 remote fetches in 0 ms
20/07/22 15:41:33 INFO Executor: Finished task 148.0 in stage 6.0 (TID 395). 5899 bytes result sent to driver
20/07/22 15:41:33 INFO TaskSetManager: Starting task 151.0 in stage 6.0 (TID 396, localhost, executor driver, partition 151, ANY, 5889 bytes)
20/07/22 15:41:33 INFO Executor: Running task 151.0 in stage 6.0 (TID 396)
20/07/22 15:41:33 INFO TaskSetManager: Finished task 148.0 in stage 6.0 (TID 395) in 5 ms on localhost (executor driver) (191/200)
20/07/22 15:41:33 INFO ShuffleBlockFetcherIterator: Getting 1 non-empty blocks out of 1 blocks
20/07/22 15:41:33 INFO ShuffleBlockFetcherIterator: Started 0 remote fetches in 0 ms
20/07/22 15:41:33 INFO Executor: Finished task 151.0 in stage 6.0 (TID 396). 5899 bytes result sent to driver
20/07/22 15:41:33 INFO TaskSetManager: Starting task 154.0 in stage 6.0 (TID 397, localhost, executor driver, partition 154, ANY, 5889 bytes)
20/07/22 15:41:33 INFO Executor: Running task 154.0 in stage 6.0 (TID 397)
20/07/22 15:41:33 INFO TaskSetManager: Finished task 151.0 in stage 6.0 (TID 396) in 5 ms on localhost (executor driver) (192/200)
20/07/22 15:41:33 INFO ShuffleBlockFetcherIterator: Getting 1 non-empty blocks out of 1 blocks
20/07/22 15:41:33 INFO ShuffleBlockFetcherIterator: Started 0 remote fetches in 0 ms
20/07/22 15:41:33 INFO Executor: Finished task 154.0 in stage 6.0 (TID 397). 5899 bytes result sent to driver
20/07/22 15:41:33 INFO TaskSetManager: Starting task 158.0 in stage 6.0 (TID 398, localhost, executor driver, partition 158, ANY, 5889 bytes)
20/07/22 15:41:33 INFO TaskSetManager: Finished task 154.0 in stage 6.0 (TID 397) in 6 ms on localhost (executor driver) (193/200)
20/07/22 15:41:33 INFO Executor: Running task 158.0 in stage 6.0 (TID 398)
20/07/22 15:41:33 INFO ShuffleBlockFetcherIterator: Getting 1 non-empty blocks out of 1 blocks
20/07/22 15:41:33 INFO ShuffleBlockFetcherIterator: Started 0 remote fetches in 0 ms
20/07/22 15:41:33 INFO Executor: Finished task 158.0 in stage 6.0 (TID 398). 5692 bytes result sent to driver
20/07/22 15:41:33 INFO TaskSetManager: Starting task 159.0 in stage 6.0 (TID 399, localhost, executor driver, partition 159, ANY, 5889 bytes)
20/07/22 15:41:33 INFO Executor: Running task 159.0 in stage 6.0 (TID 399)
20/07/22 15:41:33 INFO TaskSetManager: Finished task 158.0 in stage 6.0 (TID 398) in 8 ms on localhost (executor driver) (194/200)
20/07/22 15:41:33 INFO ShuffleBlockFetcherIterator: Getting 1 non-empty blocks out of 1 blocks
20/07/22 15:41:33 INFO ShuffleBlockFetcherIterator: Started 0 remote fetches in 0 ms
20/07/22 15:41:33 INFO Executor: Finished task 159.0 in stage 6.0 (TID 399). 5899 bytes result sent to driver
20/07/22 15:41:33 INFO TaskSetManager: Starting task 162.0 in stage 6.0 (TID 400, localhost, executor driver, partition 162, ANY, 5889 bytes)
20/07/22 15:41:33 INFO TaskSetManager: Finished task 159.0 in stage 6.0 (TID 399) in 5 ms on localhost (executor driver) (195/200)
20/07/22 15:41:33 INFO Executor: Running task 162.0 in stage 6.0 (TID 400)
20/07/22 15:41:33 INFO ShuffleBlockFetcherIterator: Getting 1 non-empty blocks out of 1 blocks
20/07/22 15:41:33 INFO ShuffleBlockFetcherIterator: Started 0 remote fetches in 0 ms
20/07/22 15:41:33 INFO Executor: Finished task 162.0 in stage 6.0 (TID 400). 5899 bytes result sent to driver
20/07/22 15:41:33 INFO TaskSetManager: Starting task 165.0 in stage 6.0 (TID 401, localhost, executor driver, partition 165, ANY, 5889 bytes)
20/07/22 15:41:33 INFO TaskSetManager: Finished task 162.0 in stage 6.0 (TID 400) in 5 ms on localhost (executor driver) (196/200)
20/07/22 15:41:33 INFO Executor: Running task 165.0 in stage 6.0 (TID 401)
20/07/22 15:41:33 INFO ShuffleBlockFetcherIterator: Getting 1 non-empty blocks out of 1 blocks
20/07/22 15:41:33 INFO ShuffleBlockFetcherIterator: Started 0 remote fetches in 1 ms
20/07/22 15:41:33 INFO Executor: Finished task 165.0 in stage 6.0 (TID 401). 5986 bytes result sent to driver
20/07/22 15:41:33 INFO TaskSetManager: Starting task 184.0 in stage 6.0 (TID 402, localhost, executor driver, partition 184, ANY, 5889 bytes)
20/07/22 15:41:33 INFO TaskSetManager: Finished task 165.0 in stage 6.0 (TID 401) in 9 ms on localhost (executor driver) (197/200)
20/07/22 15:41:33 INFO Executor: Running task 184.0 in stage 6.0 (TID 402)
20/07/22 15:41:33 INFO ShuffleBlockFetcherIterator: Getting 1 non-empty blocks out of 1 blocks
20/07/22 15:41:33 INFO ShuffleBlockFetcherIterator: Started 0 remote fetches in 0 ms
20/07/22 15:41:33 INFO Executor: Finished task 184.0 in stage 6.0 (TID 402). 5899 bytes result sent to driver
20/07/22 15:41:33 INFO TaskSetManager: Starting task 192.0 in stage 6.0 (TID 403, localhost, executor driver, partition 192, ANY, 5889 bytes)
20/07/22 15:41:33 INFO Executor: Running task 192.0 in stage 6.0 (TID 403)
20/07/22 15:41:33 INFO TaskSetManager: Finished task 184.0 in stage 6.0 (TID 402) in 6 ms on localhost (executor driver) (198/200)
20/07/22 15:41:33 INFO ShuffleBlockFetcherIterator: Getting 1 non-empty blocks out of 1 blocks
20/07/22 15:41:33 INFO ShuffleBlockFetcherIterator: Started 0 remote fetches in 1 ms
20/07/22 15:41:33 INFO Executor: Finished task 192.0 in stage 6.0 (TID 403). 5899 bytes result sent to driver
20/07/22 15:41:33 INFO TaskSetManager: Starting task 193.0 in stage 6.0 (TID 404, localhost, executor driver, partition 193, ANY, 5889 bytes)
20/07/22 15:41:33 INFO Executor: Running task 193.0 in stage 6.0 (TID 404)
20/07/22 15:41:33 INFO TaskSetManager: Finished task 192.0 in stage 6.0 (TID 403) in 6 ms on localhost (executor driver) (199/200)
20/07/22 15:41:33 INFO ShuffleBlockFetcherIterator: Getting 1 non-empty blocks out of 1 blocks
20/07/22 15:41:33 INFO ShuffleBlockFetcherIterator: Started 0 remote fetches in 0 ms
20/07/22 15:41:33 INFO Executor: Finished task 193.0 in stage 6.0 (TID 404). 5899 bytes result sent to driver
20/07/22 15:41:33 INFO TaskSetManager: Finished task 193.0 in stage 6.0 (TID 404) in 5 ms on localhost (executor driver) (200/200)
20/07/22 15:41:33 INFO TaskSchedulerImpl: Removed TaskSet 6.0, whose tasks have all completed, from pool 
20/07/22 15:41:33 INFO DAGScheduler: ResultStage 6 (take at Task_Test.scala:165) finished in 0.918 s
20/07/22 15:41:33 INFO DAGScheduler: Job 4 finished: take at Task_Test.scala:165, took 1.744261 s
20/07/22 15:41:33 INFO CodeGenerator: Code generated in 8.93077 ms
20/07/22 15:41:33 INFO SparkUI: Stopped Spark web UI at http://172.20.10.3:4040
20/07/22 15:41:33 INFO MapOutputTrackerMasterEndpoint: MapOutputTrackerMasterEndpoint stopped!
20/07/22 15:41:33 INFO MemoryStore: MemoryStore cleared
20/07/22 15:41:33 INFO BlockManager: BlockManager stopped
20/07/22 15:41:33 INFO BlockManagerMaster: BlockManagerMaster stopped
20/07/22 15:41:33 INFO OutputCommitCoordinator$OutputCommitCoordinatorEndpoint: OutputCommitCoordinator stopped!
20/07/22 15:41:33 INFO SparkContext: Successfully stopped SparkContext
20/07/22 15:41:33 INFO SparkContext: Running Spark version 2.1.0
20/07/22 15:41:33 INFO SecurityManager: Changing view acls to: yasasm
20/07/22 15:41:33 INFO SecurityManager: Changing modify acls to: yasasm
20/07/22 15:41:33 INFO SecurityManager: Changing view acls groups to: 
20/07/22 15:41:33 INFO SecurityManager: Changing modify acls groups to: 
20/07/22 15:41:33 INFO SecurityManager: SecurityManager: authentication disabled; ui acls disabled; users  with view permissions: Set(yasasm); groups with view permissions: Set(); users  with modify permissions: Set(yasasm); groups with modify permissions: Set()
20/07/22 15:41:33 INFO Utils: Successfully started service 'sparkDriver' on port 33025.
20/07/22 15:41:33 INFO SparkEnv: Registering MapOutputTracker
20/07/22 15:41:33 INFO SparkEnv: Registering BlockManagerMaster
20/07/22 15:41:33 INFO BlockManagerMasterEndpoint: Using org.apache.spark.storage.DefaultTopologyMapper for getting topology information
20/07/22 15:41:33 INFO BlockManagerMasterEndpoint: BlockManagerMasterEndpoint up
20/07/22 15:41:33 INFO DiskBlockManager: Created local directory at /tmp/blockmgr-4d867040-4195-47f5-8ec2-f3fa5883e060
20/07/22 15:41:33 INFO MemoryStore: MemoryStore started with capacity 93.3 MB
20/07/22 15:41:33 INFO SparkEnv: Registering OutputCommitCoordinator
20/07/22 15:41:33 INFO Utils: Successfully started service 'SparkUI' on port 4040.
20/07/22 15:41:33 INFO SparkUI: Bound SparkUI to 0.0.0.0, and started at http://172.20.10.3:4040
20/07/22 15:41:33 INFO Executor: Starting executor ID driver on host localhost
20/07/22 15:41:33 INFO Utils: Successfully started service 'org.apache.spark.network.netty.NettyBlockTransferService' on port 39453.
20/07/22 15:41:33 INFO NettyBlockTransferService: Server created on 172.20.10.3:39453
20/07/22 15:41:33 INFO BlockManager: Using org.apache.spark.storage.RandomBlockReplicationPolicy for block replication policy
20/07/22 15:41:33 INFO BlockManagerMaster: Registering BlockManager BlockManagerId(driver, 172.20.10.3, 39453, None)
20/07/22 15:41:33 INFO BlockManagerMasterEndpoint: Registering block manager 172.20.10.3:39453 with 93.3 MB RAM, BlockManagerId(driver, 172.20.10.3, 39453, None)
20/07/22 15:41:33 INFO BlockManagerMaster: Registered BlockManager BlockManagerId(driver, 172.20.10.3, 39453, None)
20/07/22 15:41:33 INFO BlockManager: Initialized BlockManager: BlockManagerId(driver, 172.20.10.3, 39453, None)
20/07/22 15:41:33 INFO SharedState: Warehouse path is 'file:/home/yasasm/Desktop/ZoneProjects/spark-Azkaban/spark-warehouse/'.
20/07/22 15:41:33 INFO MemoryStore: Block broadcast_0 stored as values in memory (estimated size 127.1 KB, free 93.2 MB)
20/07/22 15:41:33 INFO MemoryStore: Block broadcast_0_piece0 stored as bytes in memory (estimated size 14.3 KB, free 93.2 MB)
20/07/22 15:41:33 INFO BlockManagerInfo: Added broadcast_0_piece0 in memory on 172.20.10.3:39453 (size: 14.3 KB, free: 93.3 MB)
20/07/22 15:41:33 INFO SparkContext: Created broadcast 0 from load at Task_Test.scala:25
20/07/22 15:41:33 INFO FileInputFormat: Total input paths to process : 1
20/07/22 15:41:33 INFO SparkContext: Starting job: load at Task_Test.scala:25
20/07/22 15:41:33 INFO DAGScheduler: Got job 0 (load at Task_Test.scala:25) with 1 output partitions
20/07/22 15:41:33 INFO DAGScheduler: Final stage: ResultStage 0 (load at Task_Test.scala:25)
20/07/22 15:41:33 INFO DAGScheduler: Parents of final stage: List()
20/07/22 15:41:33 INFO DAGScheduler: Missing parents: List()
20/07/22 15:41:33 INFO DAGScheduler: Submitting ResultStage 0 (MapPartitionsRDD[2] at load at Task_Test.scala:25), which has no missing parents
20/07/22 15:41:33 INFO MemoryStore: Block broadcast_1 stored as values in memory (estimated size 3.5 KB, free 93.2 MB)
20/07/22 15:41:33 INFO MemoryStore: Block broadcast_1_piece0 stored as bytes in memory (estimated size 2.1 KB, free 93.2 MB)
20/07/22 15:41:33 INFO BlockManagerInfo: Added broadcast_1_piece0 in memory on 172.20.10.3:39453 (size: 2.1 KB, free: 93.3 MB)
20/07/22 15:41:33 INFO SparkContext: Created broadcast 1 from broadcast at DAGScheduler.scala:996
20/07/22 15:41:33 INFO DAGScheduler: Submitting 1 missing tasks from ResultStage 0 (MapPartitionsRDD[2] at load at Task_Test.scala:25)
20/07/22 15:41:33 INFO TaskSchedulerImpl: Adding task set 0.0 with 1 tasks
20/07/22 15:41:33 INFO TaskSetManager: Starting task 0.0 in stage 0.0 (TID 0, localhost, executor driver, partition 0, PROCESS_LOCAL, 6035 bytes)
20/07/22 15:41:33 INFO Executor: Running task 0.0 in stage 0.0 (TID 0)
20/07/22 15:41:33 INFO HadoopRDD: Input split: file:/home/yasasm/Desktop/ZoneProjects/spark-Azkaban/src/main/inputs/athlete_events.csv:0+33554432
20/07/22 15:41:33 INFO Executor: Finished task 0.0 in stage 0.0 (TID 0). 1197 bytes result sent to driver
20/07/22 15:41:33 INFO TaskSetManager: Finished task 0.0 in stage 0.0 (TID 0) in 11 ms on localhost (executor driver) (1/1)
20/07/22 15:41:33 INFO DAGScheduler: ResultStage 0 (load at Task_Test.scala:25) finished in 0.012 s
20/07/22 15:41:33 INFO TaskSchedulerImpl: Removed TaskSet 0.0, whose tasks have all completed, from pool 
20/07/22 15:41:33 INFO DAGScheduler: Job 0 finished: load at Task_Test.scala:25, took 0.018780 s
20/07/22 15:41:33 INFO MemoryStore: Block broadcast_2 stored as values in memory (estimated size 127.2 KB, free 93.0 MB)
20/07/22 15:41:33 INFO MemoryStore: Block broadcast_2_piece0 stored as bytes in memory (estimated size 14.3 KB, free 93.0 MB)
20/07/22 15:41:33 INFO BlockManagerInfo: Added broadcast_2_piece0 in memory on 172.20.10.3:39453 (size: 14.3 KB, free: 93.3 MB)
20/07/22 15:41:33 INFO SparkContext: Created broadcast 2 from load at Task_Test.scala:25
20/07/22 15:41:33 INFO FileInputFormat: Total input paths to process : 1
20/07/22 15:41:33 INFO SparkContext: Starting job: load at Task_Test.scala:25
20/07/22 15:41:33 INFO DAGScheduler: Got job 1 (load at Task_Test.scala:25) with 1 output partitions
20/07/22 15:41:33 INFO DAGScheduler: Final stage: ResultStage 1 (load at Task_Test.scala:25)
20/07/22 15:41:33 INFO DAGScheduler: Parents of final stage: List()
20/07/22 15:41:33 INFO DAGScheduler: Missing parents: List()
20/07/22 15:41:33 INFO DAGScheduler: Submitting ResultStage 1 (MapPartitionsRDD[5] at load at Task_Test.scala:25), which has no missing parents
20/07/22 15:41:33 INFO MemoryStore: Block broadcast_3 stored as values in memory (estimated size 3.5 KB, free 93.0 MB)
20/07/22 15:41:33 INFO MemoryStore: Block broadcast_3_piece0 stored as bytes in memory (estimated size 2.1 KB, free 93.0 MB)
20/07/22 15:41:33 INFO BlockManagerInfo: Added broadcast_3_piece0 in memory on 172.20.10.3:39453 (size: 2.1 KB, free: 93.3 MB)
20/07/22 15:41:33 INFO SparkContext: Created broadcast 3 from broadcast at DAGScheduler.scala:996
20/07/22 15:41:33 INFO DAGScheduler: Submitting 1 missing tasks from ResultStage 1 (MapPartitionsRDD[5] at load at Task_Test.scala:25)
20/07/22 15:41:33 INFO TaskSchedulerImpl: Adding task set 1.0 with 1 tasks
20/07/22 15:41:33 INFO TaskSetManager: Starting task 0.0 in stage 1.0 (TID 1, localhost, executor driver, partition 0, PROCESS_LOCAL, 6035 bytes)
20/07/22 15:41:33 INFO Executor: Running task 0.0 in stage 1.0 (TID 1)
20/07/22 15:41:33 INFO HadoopRDD: Input split: file:/home/yasasm/Desktop/ZoneProjects/spark-Azkaban/src/main/inputs/athlete_events.csv:0+33554432
20/07/22 15:41:33 INFO Executor: Finished task 0.0 in stage 1.0 (TID 1). 1197 bytes result sent to driver
20/07/22 15:41:33 INFO TaskSetManager: Finished task 0.0 in stage 1.0 (TID 1) in 8 ms on localhost (executor driver) (1/1)
20/07/22 15:41:33 INFO TaskSchedulerImpl: Removed TaskSet 1.0, whose tasks have all completed, from pool 
20/07/22 15:41:33 INFO DAGScheduler: ResultStage 1 (load at Task_Test.scala:25) finished in 0.008 s
20/07/22 15:41:33 INFO DAGScheduler: Job 1 finished: load at Task_Test.scala:25, took 0.012839 s
20/07/22 15:41:33 INFO SparkContext: Starting job: collect at Task_Test.scala:187
20/07/22 15:41:33 INFO DAGScheduler: Got job 2 (collect at Task_Test.scala:187) with 1 output partitions
20/07/22 15:41:33 INFO DAGScheduler: Final stage: ResultStage 2 (collect at Task_Test.scala:187)
20/07/22 15:41:33 INFO DAGScheduler: Parents of final stage: List()
20/07/22 15:41:33 INFO DAGScheduler: Missing parents: List()
20/07/22 15:41:33 INFO DAGScheduler: Submitting ResultStage 2 (MapPartitionsRDD[10] at collect at Task_Test.scala:187), which has no missing parents
20/07/22 15:41:33 INFO MemoryStore: Block broadcast_4 stored as values in memory (estimated size 8.4 KB, free 93.0 MB)
20/07/22 15:41:33 INFO MemoryStore: Block broadcast_4_piece0 stored as bytes in memory (estimated size 4.5 KB, free 93.0 MB)
20/07/22 15:41:33 INFO BlockManagerInfo: Added broadcast_4_piece0 in memory on 172.20.10.3:39453 (size: 4.5 KB, free: 93.3 MB)
20/07/22 15:41:33 INFO SparkContext: Created broadcast 4 from broadcast at DAGScheduler.scala:996
20/07/22 15:41:33 INFO DAGScheduler: Submitting 1 missing tasks from ResultStage 2 (MapPartitionsRDD[10] at collect at Task_Test.scala:187)
20/07/22 15:41:33 INFO TaskSchedulerImpl: Adding task set 2.0 with 1 tasks
20/07/22 15:41:33 INFO TaskSetManager: Starting task 0.0 in stage 2.0 (TID 2, localhost, executor driver, partition 0, PROCESS_LOCAL, 6179 bytes)
20/07/22 15:41:33 INFO Executor: Running task 0.0 in stage 2.0 (TID 2)
20/07/22 15:41:33 INFO CodeGenerator: Code generated in 17.411007 ms
20/07/22 15:41:33 INFO Executor: Finished task 0.0 in stage 2.0 (TID 2). 1251 bytes result sent to driver
20/07/22 15:41:33 INFO DAGScheduler: ResultStage 2 (collect at Task_Test.scala:187) finished in 0.025 s
20/07/22 15:41:33 INFO DAGScheduler: Job 2 finished: collect at Task_Test.scala:187, took 0.030311 s
20/07/22 15:41:33 INFO CodeGenerator: Code generated in 6.556136 ms
20/07/22 15:41:33 INFO TaskSetManager: Finished task 0.0 in stage 2.0 (TID 2) in 24 ms on localhost (executor driver) (1/1)
20/07/22 15:41:33 INFO TaskSchedulerImpl: Removed TaskSet 2.0, whose tasks have all completed, from pool 
20/07/22 15:41:33 INFO FileSourceStrategy: Pruning directories with: 
20/07/22 15:41:33 INFO FileSourceStrategy: Post-Scan Filters: 
20/07/22 15:41:33 INFO FileSourceStrategy: Output Data Schema: struct<Sport: string>
20/07/22 15:41:33 INFO FileSourceStrategy: Pushed Filters: 
20/07/22 15:41:33 INFO CodeGenerator: Code generated in 5.43263 ms
20/07/22 15:41:33 INFO CodeGenerator: Code generated in 14.613793 ms
20/07/22 15:41:33 INFO CodeGenerator: Code generated in 48.015198 ms
20/07/22 15:41:33 INFO MemoryStore: Block broadcast_5 stored as values in memory (estimated size 132.3 KB, free 92.9 MB)
20/07/22 15:41:33 INFO MemoryStore: Block broadcast_5_piece0 stored as bytes in memory (estimated size 14.6 KB, free 92.9 MB)
20/07/22 15:41:33 INFO BlockManagerInfo: Added broadcast_5_piece0 in memory on 172.20.10.3:39453 (size: 14.6 KB, free: 93.2 MB)
20/07/22 15:41:33 INFO SparkContext: Created broadcast 5 from collect at Task_Test.scala:187
20/07/22 15:41:33 INFO FileSourceScanExec: Planning scan with bin packing, max size: 45694992 bytes, open cost is considered as scanning 4194304 bytes.
20/07/22 15:41:33 INFO SparkContext: Starting job: collect at Task_Test.scala:187
20/07/22 15:41:33 INFO DAGScheduler: Registering RDD 13 (collect at Task_Test.scala:187)
20/07/22 15:41:33 INFO DAGScheduler: Got job 3 (collect at Task_Test.scala:187) with 200 output partitions
20/07/22 15:41:33 INFO DAGScheduler: Final stage: ResultStage 4 (collect at Task_Test.scala:187)
20/07/22 15:41:33 INFO DAGScheduler: Parents of final stage: List(ShuffleMapStage 3)
20/07/22 15:41:33 INFO DAGScheduler: Missing parents: List(ShuffleMapStage 3)
20/07/22 15:41:33 INFO DAGScheduler: Submitting ShuffleMapStage 3 (MapPartitionsRDD[13] at collect at Task_Test.scala:187), which has no missing parents
20/07/22 15:41:33 INFO MemoryStore: Block broadcast_6 stored as values in memory (estimated size 24.1 KB, free 92.8 MB)
20/07/22 15:41:33 INFO MemoryStore: Block broadcast_6_piece0 stored as bytes in memory (estimated size 11.6 KB, free 92.8 MB)
20/07/22 15:41:33 INFO BlockManagerInfo: Added broadcast_6_piece0 in memory on 172.20.10.3:39453 (size: 11.6 KB, free: 93.2 MB)
20/07/22 15:41:33 INFO SparkContext: Created broadcast 6 from broadcast at DAGScheduler.scala:996
20/07/22 15:41:33 INFO DAGScheduler: Submitting 1 missing tasks from ShuffleMapStage 3 (MapPartitionsRDD[13] at collect at Task_Test.scala:187)
20/07/22 15:41:33 INFO TaskSchedulerImpl: Adding task set 3.0 with 1 tasks
20/07/22 15:41:33 INFO TaskSetManager: Starting task 0.0 in stage 3.0 (TID 3, localhost, executor driver, partition 0, PROCESS_LOCAL, 6565 bytes)
20/07/22 15:41:33 INFO Executor: Running task 0.0 in stage 3.0 (TID 3)
20/07/22 15:41:33 INFO CodeGenerator: Code generated in 5.370373 ms
20/07/22 15:41:33 INFO FileScanRDD: Reading File path: file:///home/yasasm/Desktop/ZoneProjects/spark-Azkaban/src/main/inputs/athlete_events.csv, range: 0-41500688, partition values: [empty row]
20/07/22 15:41:34 INFO BlockManagerInfo: Removed broadcast_0_piece0 on 172.20.10.3:39453 in memory (size: 14.3 KB, free: 93.3 MB)
20/07/22 15:41:34 INFO BlockManagerInfo: Removed broadcast_1_piece0 on 172.20.10.3:39453 in memory (size: 2.1 KB, free: 93.3 MB)
20/07/22 15:41:34 INFO BlockManagerInfo: Removed broadcast_2_piece0 on 172.20.10.3:39453 in memory (size: 14.3 KB, free: 93.3 MB)
20/07/22 15:41:34 INFO BlockManagerInfo: Removed broadcast_3_piece0 on 172.20.10.3:39453 in memory (size: 2.1 KB, free: 93.3 MB)
20/07/22 15:41:34 INFO BlockManagerInfo: Removed broadcast_4_piece0 on 172.20.10.3:39453 in memory (size: 4.5 KB, free: 93.3 MB)
20/07/22 15:41:34 INFO ContextCleaner: Cleaned accumulator 15159
20/07/22 15:41:34 INFO Executor: Finished task 0.0 in stage 3.0 (TID 3). 2602 bytes result sent to driver
20/07/22 15:41:34 INFO TaskSetManager: Finished task 0.0 in stage 3.0 (TID 3) in 737 ms on localhost (executor driver) (1/1)
20/07/22 15:41:34 INFO TaskSchedulerImpl: Removed TaskSet 3.0, whose tasks have all completed, from pool 
20/07/22 15:41:34 INFO DAGScheduler: ShuffleMapStage 3 (collect at Task_Test.scala:187) finished in 0.738 s
20/07/22 15:41:34 INFO DAGScheduler: looking for newly runnable stages
20/07/22 15:41:34 INFO DAGScheduler: running: Set()
20/07/22 15:41:34 INFO DAGScheduler: waiting: Set(ResultStage 4)
20/07/22 15:41:34 INFO DAGScheduler: failed: Set()
20/07/22 15:41:34 INFO DAGScheduler: Submitting ResultStage 4 (MapPartitionsRDD[17] at collect at Task_Test.scala:187), which has no missing parents
20/07/22 15:41:34 INFO MemoryStore: Block broadcast_7 stored as values in memory (estimated size 24.2 KB, free 93.1 MB)
20/07/22 15:41:34 INFO MemoryStore: Block broadcast_7_piece0 stored as bytes in memory (estimated size 11.9 KB, free 93.1 MB)
20/07/22 15:41:34 INFO BlockManagerInfo: Added broadcast_7_piece0 in memory on 172.20.10.3:39453 (size: 11.9 KB, free: 93.3 MB)
20/07/22 15:41:34 INFO SparkContext: Created broadcast 7 from broadcast at DAGScheduler.scala:996
20/07/22 15:41:34 INFO DAGScheduler: Submitting 200 missing tasks from ResultStage 4 (MapPartitionsRDD[17] at collect at Task_Test.scala:187)
20/07/22 15:41:34 INFO TaskSchedulerImpl: Adding task set 4.0 with 200 tasks
20/07/22 15:41:34 INFO TaskSetManager: Starting task 0.0 in stage 4.0 (TID 4, localhost, executor driver, partition 0, PROCESS_LOCAL, 5890 bytes)
20/07/22 15:41:34 INFO Executor: Running task 0.0 in stage 4.0 (TID 4)
20/07/22 15:41:34 INFO ShuffleBlockFetcherIterator: Getting 0 non-empty blocks out of 1 blocks
20/07/22 15:41:34 INFO ShuffleBlockFetcherIterator: Started 0 remote fetches in 0 ms
20/07/22 15:41:34 INFO Executor: Finished task 0.0 in stage 4.0 (TID 4). 4076 bytes result sent to driver
20/07/22 15:41:34 INFO TaskSetManager: Starting task 1.0 in stage 4.0 (TID 5, localhost, executor driver, partition 1, PROCESS_LOCAL, 5890 bytes)
20/07/22 15:41:34 INFO Executor: Running task 1.0 in stage 4.0 (TID 5)
20/07/22 15:41:34 INFO TaskSetManager: Finished task 0.0 in stage 4.0 (TID 4) in 8 ms on localhost (executor driver) (1/200)
20/07/22 15:41:34 INFO ShuffleBlockFetcherIterator: Getting 0 non-empty blocks out of 1 blocks
20/07/22 15:41:34 INFO ShuffleBlockFetcherIterator: Started 0 remote fetches in 1 ms
20/07/22 15:41:34 INFO Executor: Finished task 1.0 in stage 4.0 (TID 5). 4076 bytes result sent to driver
20/07/22 15:41:34 INFO TaskSetManager: Starting task 2.0 in stage 4.0 (TID 6, localhost, executor driver, partition 2, PROCESS_LOCAL, 5890 bytes)
20/07/22 15:41:34 INFO TaskSetManager: Finished task 1.0 in stage 4.0 (TID 5) in 5 ms on localhost (executor driver) (2/200)
20/07/22 15:41:34 INFO Executor: Running task 2.0 in stage 4.0 (TID 6)
20/07/22 15:41:34 INFO ShuffleBlockFetcherIterator: Getting 0 non-empty blocks out of 1 blocks
20/07/22 15:41:34 INFO ShuffleBlockFetcherIterator: Started 0 remote fetches in 0 ms
20/07/22 15:41:34 INFO Executor: Finished task 2.0 in stage 4.0 (TID 6). 4076 bytes result sent to driver
20/07/22 15:41:34 INFO TaskSetManager: Starting task 6.0 in stage 4.0 (TID 7, localhost, executor driver, partition 6, PROCESS_LOCAL, 5890 bytes)
20/07/22 15:41:34 INFO Executor: Running task 6.0 in stage 4.0 (TID 7)
20/07/22 15:41:34 INFO TaskSetManager: Finished task 2.0 in stage 4.0 (TID 6) in 5 ms on localhost (executor driver) (3/200)
20/07/22 15:41:34 INFO ShuffleBlockFetcherIterator: Getting 0 non-empty blocks out of 1 blocks
20/07/22 15:41:34 INFO ShuffleBlockFetcherIterator: Started 0 remote fetches in 0 ms
20/07/22 15:41:34 INFO Executor: Finished task 6.0 in stage 4.0 (TID 7). 4076 bytes result sent to driver
20/07/22 15:41:34 INFO TaskSetManager: Starting task 7.0 in stage 4.0 (TID 8, localhost, executor driver, partition 7, PROCESS_LOCAL, 5890 bytes)
20/07/22 15:41:34 INFO Executor: Running task 7.0 in stage 4.0 (TID 8)
20/07/22 15:41:34 INFO TaskSetManager: Finished task 6.0 in stage 4.0 (TID 7) in 4 ms on localhost (executor driver) (4/200)
20/07/22 15:41:34 INFO ShuffleBlockFetcherIterator: Getting 0 non-empty blocks out of 1 blocks
20/07/22 15:41:34 INFO ShuffleBlockFetcherIterator: Started 0 remote fetches in 0 ms
20/07/22 15:41:34 INFO Executor: Finished task 7.0 in stage 4.0 (TID 8). 4076 bytes result sent to driver
20/07/22 15:41:34 INFO TaskSetManager: Starting task 8.0 in stage 4.0 (TID 9, localhost, executor driver, partition 8, PROCESS_LOCAL, 5890 bytes)
20/07/22 15:41:34 INFO Executor: Running task 8.0 in stage 4.0 (TID 9)
20/07/22 15:41:34 INFO TaskSetManager: Finished task 7.0 in stage 4.0 (TID 8) in 4 ms on localhost (executor driver) (5/200)
20/07/22 15:41:34 INFO ShuffleBlockFetcherIterator: Getting 0 non-empty blocks out of 1 blocks
20/07/22 15:41:34 INFO ShuffleBlockFetcherIterator: Started 0 remote fetches in 0 ms
20/07/22 15:41:34 INFO Executor: Finished task 8.0 in stage 4.0 (TID 9). 4076 bytes result sent to driver
20/07/22 15:41:34 INFO TaskSetManager: Starting task 9.0 in stage 4.0 (TID 10, localhost, executor driver, partition 9, PROCESS_LOCAL, 5890 bytes)
20/07/22 15:41:34 INFO TaskSetManager: Finished task 8.0 in stage 4.0 (TID 9) in 4 ms on localhost (executor driver) (6/200)
20/07/22 15:41:34 INFO Executor: Running task 9.0 in stage 4.0 (TID 10)
20/07/22 15:41:34 INFO ShuffleBlockFetcherIterator: Getting 0 non-empty blocks out of 1 blocks
20/07/22 15:41:34 INFO ShuffleBlockFetcherIterator: Started 0 remote fetches in 1 ms
20/07/22 15:41:34 INFO Executor: Finished task 9.0 in stage 4.0 (TID 10). 4076 bytes result sent to driver
20/07/22 15:41:34 INFO TaskSetManager: Starting task 11.0 in stage 4.0 (TID 11, localhost, executor driver, partition 11, PROCESS_LOCAL, 5890 bytes)
20/07/22 15:41:34 INFO TaskSetManager: Finished task 9.0 in stage 4.0 (TID 10) in 4 ms on localhost (executor driver) (7/200)
20/07/22 15:41:34 INFO Executor: Running task 11.0 in stage 4.0 (TID 11)
20/07/22 15:41:34 INFO ShuffleBlockFetcherIterator: Getting 0 non-empty blocks out of 1 blocks
20/07/22 15:41:34 INFO ShuffleBlockFetcherIterator: Started 0 remote fetches in 0 ms
20/07/22 15:41:34 INFO Executor: Finished task 11.0 in stage 4.0 (TID 11). 4076 bytes result sent to driver
20/07/22 15:41:34 INFO TaskSetManager: Starting task 12.0 in stage 4.0 (TID 12, localhost, executor driver, partition 12, PROCESS_LOCAL, 5890 bytes)
20/07/22 15:41:34 INFO TaskSetManager: Finished task 11.0 in stage 4.0 (TID 11) in 5 ms on localhost (executor driver) (8/200)
20/07/22 15:41:34 INFO Executor: Running task 12.0 in stage 4.0 (TID 12)
20/07/22 15:41:34 INFO ShuffleBlockFetcherIterator: Getting 0 non-empty blocks out of 1 blocks
20/07/22 15:41:34 INFO ShuffleBlockFetcherIterator: Started 0 remote fetches in 0 ms
20/07/22 15:41:34 INFO Executor: Finished task 12.0 in stage 4.0 (TID 12). 4076 bytes result sent to driver
20/07/22 15:41:34 INFO TaskSetManager: Starting task 13.0 in stage 4.0 (TID 13, localhost, executor driver, partition 13, PROCESS_LOCAL, 5890 bytes)
20/07/22 15:41:34 INFO Executor: Running task 13.0 in stage 4.0 (TID 13)
20/07/22 15:41:34 INFO TaskSetManager: Finished task 12.0 in stage 4.0 (TID 12) in 6 ms on localhost (executor driver) (9/200)
20/07/22 15:41:34 INFO ShuffleBlockFetcherIterator: Getting 0 non-empty blocks out of 1 blocks
20/07/22 15:41:34 INFO ShuffleBlockFetcherIterator: Started 0 remote fetches in 0 ms
20/07/22 15:41:34 INFO Executor: Finished task 13.0 in stage 4.0 (TID 13). 3997 bytes result sent to driver
20/07/22 15:41:34 INFO TaskSetManager: Starting task 14.0 in stage 4.0 (TID 14, localhost, executor driver, partition 14, PROCESS_LOCAL, 5890 bytes)
20/07/22 15:41:34 INFO Executor: Running task 14.0 in stage 4.0 (TID 14)
20/07/22 15:41:34 INFO TaskSetManager: Finished task 13.0 in stage 4.0 (TID 13) in 3 ms on localhost (executor driver) (10/200)
20/07/22 15:41:34 INFO ShuffleBlockFetcherIterator: Getting 0 non-empty blocks out of 1 blocks
20/07/22 15:41:34 INFO ShuffleBlockFetcherIterator: Started 0 remote fetches in 0 ms
20/07/22 15:41:34 INFO Executor: Finished task 14.0 in stage 4.0 (TID 14). 4076 bytes result sent to driver
20/07/22 15:41:34 INFO TaskSetManager: Starting task 15.0 in stage 4.0 (TID 15, localhost, executor driver, partition 15, PROCESS_LOCAL, 5890 bytes)
20/07/22 15:41:34 INFO Executor: Running task 15.0 in stage 4.0 (TID 15)
20/07/22 15:41:34 INFO TaskSetManager: Finished task 14.0 in stage 4.0 (TID 14) in 4 ms on localhost (executor driver) (11/200)
20/07/22 15:41:34 INFO ShuffleBlockFetcherIterator: Getting 0 non-empty blocks out of 1 blocks
20/07/22 15:41:34 INFO ShuffleBlockFetcherIterator: Started 0 remote fetches in 0 ms
20/07/22 15:41:34 INFO Executor: Finished task 15.0 in stage 4.0 (TID 15). 4084 bytes result sent to driver
20/07/22 15:41:34 INFO TaskSetManager: Starting task 17.0 in stage 4.0 (TID 16, localhost, executor driver, partition 17, PROCESS_LOCAL, 5890 bytes)
20/07/22 15:41:34 INFO TaskSetManager: Finished task 15.0 in stage 4.0 (TID 15) in 3 ms on localhost (executor driver) (12/200)
20/07/22 15:41:34 INFO Executor: Running task 17.0 in stage 4.0 (TID 16)
20/07/22 15:41:34 INFO ShuffleBlockFetcherIterator: Getting 0 non-empty blocks out of 1 blocks
20/07/22 15:41:34 INFO ShuffleBlockFetcherIterator: Started 0 remote fetches in 0 ms
20/07/22 15:41:34 INFO Executor: Finished task 17.0 in stage 4.0 (TID 16). 4076 bytes result sent to driver
20/07/22 15:41:34 INFO TaskSetManager: Starting task 24.0 in stage 4.0 (TID 17, localhost, executor driver, partition 24, PROCESS_LOCAL, 5890 bytes)
20/07/22 15:41:34 INFO Executor: Running task 24.0 in stage 4.0 (TID 17)
20/07/22 15:41:34 INFO TaskSetManager: Finished task 17.0 in stage 4.0 (TID 16) in 4 ms on localhost (executor driver) (13/200)
20/07/22 15:41:34 INFO ShuffleBlockFetcherIterator: Getting 0 non-empty blocks out of 1 blocks
20/07/22 15:41:34 INFO ShuffleBlockFetcherIterator: Started 0 remote fetches in 0 ms
20/07/22 15:41:34 INFO Executor: Finished task 24.0 in stage 4.0 (TID 17). 4076 bytes result sent to driver
20/07/22 15:41:34 INFO TaskSetManager: Starting task 27.0 in stage 4.0 (TID 18, localhost, executor driver, partition 27, PROCESS_LOCAL, 5890 bytes)
20/07/22 15:41:34 INFO Executor: Running task 27.0 in stage 4.0 (TID 18)
20/07/22 15:41:34 INFO TaskSetManager: Finished task 24.0 in stage 4.0 (TID 17) in 4 ms on localhost (executor driver) (14/200)
20/07/22 15:41:34 INFO ShuffleBlockFetcherIterator: Getting 0 non-empty blocks out of 1 blocks
20/07/22 15:41:34 INFO ShuffleBlockFetcherIterator: Started 0 remote fetches in 0 ms
20/07/22 15:41:34 INFO Executor: Finished task 27.0 in stage 4.0 (TID 18). 4076 bytes result sent to driver
20/07/22 15:41:34 INFO TaskSetManager: Starting task 28.0 in stage 4.0 (TID 19, localhost, executor driver, partition 28, PROCESS_LOCAL, 5890 bytes)
20/07/22 15:41:34 INFO Executor: Running task 28.0 in stage 4.0 (TID 19)
20/07/22 15:41:34 INFO TaskSetManager: Finished task 27.0 in stage 4.0 (TID 18) in 4 ms on localhost (executor driver) (15/200)
20/07/22 15:41:34 INFO ShuffleBlockFetcherIterator: Getting 0 non-empty blocks out of 1 blocks
20/07/22 15:41:34 INFO ShuffleBlockFetcherIterator: Started 0 remote fetches in 0 ms
20/07/22 15:41:34 INFO Executor: Finished task 28.0 in stage 4.0 (TID 19). 4076 bytes result sent to driver
20/07/22 15:41:34 INFO TaskSetManager: Starting task 30.0 in stage 4.0 (TID 20, localhost, executor driver, partition 30, PROCESS_LOCAL, 5890 bytes)
20/07/22 15:41:34 INFO TaskSetManager: Finished task 28.0 in stage 4.0 (TID 19) in 4 ms on localhost (executor driver) (16/200)
20/07/22 15:41:34 INFO Executor: Running task 30.0 in stage 4.0 (TID 20)
20/07/22 15:41:34 INFO ShuffleBlockFetcherIterator: Getting 0 non-empty blocks out of 1 blocks
20/07/22 15:41:34 INFO ShuffleBlockFetcherIterator: Started 0 remote fetches in 1 ms
20/07/22 15:41:34 INFO Executor: Finished task 30.0 in stage 4.0 (TID 20). 4076 bytes result sent to driver
20/07/22 15:41:34 INFO TaskSetManager: Starting task 32.0 in stage 4.0 (TID 21, localhost, executor driver, partition 32, PROCESS_LOCAL, 5890 bytes)
20/07/22 15:41:34 INFO Executor: Running task 32.0 in stage 4.0 (TID 21)
20/07/22 15:41:34 INFO TaskSetManager: Finished task 30.0 in stage 4.0 (TID 20) in 4 ms on localhost (executor driver) (17/200)
20/07/22 15:41:34 INFO ShuffleBlockFetcherIterator: Getting 0 non-empty blocks out of 1 blocks
20/07/22 15:41:34 INFO ShuffleBlockFetcherIterator: Started 0 remote fetches in 0 ms
20/07/22 15:41:34 INFO Executor: Finished task 32.0 in stage 4.0 (TID 21). 4076 bytes result sent to driver
20/07/22 15:41:34 INFO TaskSetManager: Starting task 33.0 in stage 4.0 (TID 22, localhost, executor driver, partition 33, PROCESS_LOCAL, 5890 bytes)
20/07/22 15:41:34 INFO TaskSetManager: Finished task 32.0 in stage 4.0 (TID 21) in 4 ms on localhost (executor driver) (18/200)
20/07/22 15:41:34 INFO Executor: Running task 33.0 in stage 4.0 (TID 22)
20/07/22 15:41:34 INFO ShuffleBlockFetcherIterator: Getting 0 non-empty blocks out of 1 blocks
20/07/22 15:41:34 INFO ShuffleBlockFetcherIterator: Started 0 remote fetches in 0 ms
20/07/22 15:41:34 INFO Executor: Finished task 33.0 in stage 4.0 (TID 22). 4076 bytes result sent to driver
20/07/22 15:41:34 INFO TaskSetManager: Starting task 36.0 in stage 4.0 (TID 23, localhost, executor driver, partition 36, PROCESS_LOCAL, 5890 bytes)
20/07/22 15:41:34 INFO Executor: Running task 36.0 in stage 4.0 (TID 23)
20/07/22 15:41:34 INFO TaskSetManager: Finished task 33.0 in stage 4.0 (TID 22) in 4 ms on localhost (executor driver) (19/200)
20/07/22 15:41:34 INFO ShuffleBlockFetcherIterator: Getting 0 non-empty blocks out of 1 blocks
20/07/22 15:41:34 INFO ShuffleBlockFetcherIterator: Started 0 remote fetches in 0 ms
20/07/22 15:41:34 INFO Executor: Finished task 36.0 in stage 4.0 (TID 23). 4076 bytes result sent to driver
20/07/22 15:41:34 INFO TaskSetManager: Starting task 37.0 in stage 4.0 (TID 24, localhost, executor driver, partition 37, PROCESS_LOCAL, 5890 bytes)
20/07/22 15:41:34 INFO Executor: Running task 37.0 in stage 4.0 (TID 24)
20/07/22 15:41:34 INFO TaskSetManager: Finished task 36.0 in stage 4.0 (TID 23) in 3 ms on localhost (executor driver) (20/200)
20/07/22 15:41:34 INFO ShuffleBlockFetcherIterator: Getting 0 non-empty blocks out of 1 blocks
20/07/22 15:41:34 INFO ShuffleBlockFetcherIterator: Started 0 remote fetches in 0 ms
20/07/22 15:41:34 INFO Executor: Finished task 37.0 in stage 4.0 (TID 24). 4076 bytes result sent to driver
20/07/22 15:41:34 INFO TaskSetManager: Starting task 38.0 in stage 4.0 (TID 25, localhost, executor driver, partition 38, PROCESS_LOCAL, 5890 bytes)
20/07/22 15:41:34 INFO Executor: Running task 38.0 in stage 4.0 (TID 25)
20/07/22 15:41:34 INFO TaskSetManager: Finished task 37.0 in stage 4.0 (TID 24) in 10 ms on localhost (executor driver) (21/200)
20/07/22 15:41:34 INFO ShuffleBlockFetcherIterator: Getting 0 non-empty blocks out of 1 blocks
20/07/22 15:41:34 INFO ShuffleBlockFetcherIterator: Started 0 remote fetches in 0 ms
20/07/22 15:41:34 INFO Executor: Finished task 38.0 in stage 4.0 (TID 25). 4076 bytes result sent to driver
20/07/22 15:41:34 INFO TaskSetManager: Starting task 40.0 in stage 4.0 (TID 26, localhost, executor driver, partition 40, PROCESS_LOCAL, 5890 bytes)
20/07/22 15:41:34 INFO TaskSetManager: Finished task 38.0 in stage 4.0 (TID 25) in 4 ms on localhost (executor driver) (22/200)
20/07/22 15:41:34 INFO Executor: Running task 40.0 in stage 4.0 (TID 26)
20/07/22 15:41:34 INFO ShuffleBlockFetcherIterator: Getting 0 non-empty blocks out of 1 blocks
20/07/22 15:41:34 INFO ShuffleBlockFetcherIterator: Started 0 remote fetches in 1 ms
20/07/22 15:41:34 INFO Executor: Finished task 40.0 in stage 4.0 (TID 26). 4076 bytes result sent to driver
20/07/22 15:41:34 INFO TaskSetManager: Starting task 44.0 in stage 4.0 (TID 27, localhost, executor driver, partition 44, PROCESS_LOCAL, 5890 bytes)
20/07/22 15:41:34 INFO TaskSetManager: Finished task 40.0 in stage 4.0 (TID 26) in 4 ms on localhost (executor driver) (23/200)
20/07/22 15:41:34 INFO Executor: Running task 44.0 in stage 4.0 (TID 27)
20/07/22 15:41:34 INFO ShuffleBlockFetcherIterator: Getting 0 non-empty blocks out of 1 blocks
20/07/22 15:41:34 INFO ShuffleBlockFetcherIterator: Started 0 remote fetches in 0 ms
20/07/22 15:41:34 INFO Executor: Finished task 44.0 in stage 4.0 (TID 27). 3997 bytes result sent to driver
20/07/22 15:41:34 INFO TaskSetManager: Starting task 45.0 in stage 4.0 (TID 28, localhost, executor driver, partition 45, PROCESS_LOCAL, 5890 bytes)
20/07/22 15:41:34 INFO Executor: Running task 45.0 in stage 4.0 (TID 28)
20/07/22 15:41:34 INFO TaskSetManager: Finished task 44.0 in stage 4.0 (TID 27) in 3 ms on localhost (executor driver) (24/200)
20/07/22 15:41:34 INFO ShuffleBlockFetcherIterator: Getting 0 non-empty blocks out of 1 blocks
20/07/22 15:41:34 INFO ShuffleBlockFetcherIterator: Started 0 remote fetches in 0 ms
20/07/22 15:41:34 INFO Executor: Finished task 45.0 in stage 4.0 (TID 28). 3997 bytes result sent to driver
20/07/22 15:41:34 INFO TaskSetManager: Starting task 46.0 in stage 4.0 (TID 29, localhost, executor driver, partition 46, PROCESS_LOCAL, 5890 bytes)
20/07/22 15:41:34 INFO Executor: Running task 46.0 in stage 4.0 (TID 29)
20/07/22 15:41:34 INFO TaskSetManager: Finished task 45.0 in stage 4.0 (TID 28) in 3 ms on localhost (executor driver) (25/200)
20/07/22 15:41:34 INFO ShuffleBlockFetcherIterator: Getting 0 non-empty blocks out of 1 blocks
20/07/22 15:41:34 INFO ShuffleBlockFetcherIterator: Started 0 remote fetches in 0 ms
20/07/22 15:41:34 INFO Executor: Finished task 46.0 in stage 4.0 (TID 29). 4076 bytes result sent to driver
20/07/22 15:41:34 INFO TaskSetManager: Starting task 47.0 in stage 4.0 (TID 30, localhost, executor driver, partition 47, PROCESS_LOCAL, 5890 bytes)
20/07/22 15:41:34 INFO Executor: Running task 47.0 in stage 4.0 (TID 30)
20/07/22 15:41:34 INFO TaskSetManager: Finished task 46.0 in stage 4.0 (TID 29) in 4 ms on localhost (executor driver) (26/200)
20/07/22 15:41:34 INFO ShuffleBlockFetcherIterator: Getting 0 non-empty blocks out of 1 blocks
20/07/22 15:41:34 INFO ShuffleBlockFetcherIterator: Started 0 remote fetches in 0 ms
20/07/22 15:41:34 INFO Executor: Finished task 47.0 in stage 4.0 (TID 30). 4076 bytes result sent to driver
20/07/22 15:41:34 INFO TaskSetManager: Starting task 48.0 in stage 4.0 (TID 31, localhost, executor driver, partition 48, PROCESS_LOCAL, 5890 bytes)
20/07/22 15:41:34 INFO Executor: Running task 48.0 in stage 4.0 (TID 31)
20/07/22 15:41:34 INFO TaskSetManager: Finished task 47.0 in stage 4.0 (TID 30) in 4 ms on localhost (executor driver) (27/200)
20/07/22 15:41:34 INFO ShuffleBlockFetcherIterator: Getting 0 non-empty blocks out of 1 blocks
20/07/22 15:41:34 INFO ShuffleBlockFetcherIterator: Started 0 remote fetches in 0 ms
20/07/22 15:41:34 INFO Executor: Finished task 48.0 in stage 4.0 (TID 31). 4076 bytes result sent to driver
20/07/22 15:41:34 INFO TaskSetManager: Starting task 49.0 in stage 4.0 (TID 32, localhost, executor driver, partition 49, PROCESS_LOCAL, 5890 bytes)
20/07/22 15:41:34 INFO TaskSetManager: Finished task 48.0 in stage 4.0 (TID 31) in 6 ms on localhost (executor driver) (28/200)
20/07/22 15:41:34 INFO Executor: Running task 49.0 in stage 4.0 (TID 32)
20/07/22 15:41:34 INFO ShuffleBlockFetcherIterator: Getting 0 non-empty blocks out of 1 blocks
20/07/22 15:41:34 INFO ShuffleBlockFetcherIterator: Started 0 remote fetches in 0 ms
20/07/22 15:41:34 INFO Executor: Finished task 49.0 in stage 4.0 (TID 32). 4076 bytes result sent to driver
20/07/22 15:41:34 INFO TaskSetManager: Starting task 51.0 in stage 4.0 (TID 33, localhost, executor driver, partition 51, PROCESS_LOCAL, 5890 bytes)
20/07/22 15:41:34 INFO Executor: Running task 51.0 in stage 4.0 (TID 33)
20/07/22 15:41:34 INFO TaskSetManager: Finished task 49.0 in stage 4.0 (TID 32) in 5 ms on localhost (executor driver) (29/200)
20/07/22 15:41:34 INFO ShuffleBlockFetcherIterator: Getting 0 non-empty blocks out of 1 blocks
20/07/22 15:41:34 INFO ShuffleBlockFetcherIterator: Started 0 remote fetches in 0 ms
20/07/22 15:41:34 INFO Executor: Finished task 51.0 in stage 4.0 (TID 33). 4076 bytes result sent to driver
20/07/22 15:41:34 INFO TaskSetManager: Starting task 52.0 in stage 4.0 (TID 34, localhost, executor driver, partition 52, PROCESS_LOCAL, 5890 bytes)
20/07/22 15:41:34 INFO Executor: Running task 52.0 in stage 4.0 (TID 34)
20/07/22 15:41:34 INFO TaskSetManager: Finished task 51.0 in stage 4.0 (TID 33) in 5 ms on localhost (executor driver) (30/200)
20/07/22 15:41:34 INFO ShuffleBlockFetcherIterator: Getting 0 non-empty blocks out of 1 blocks
20/07/22 15:41:34 INFO ShuffleBlockFetcherIterator: Started 0 remote fetches in 0 ms
20/07/22 15:41:34 INFO Executor: Finished task 52.0 in stage 4.0 (TID 34). 4163 bytes result sent to driver
20/07/22 15:41:34 INFO TaskSetManager: Starting task 55.0 in stage 4.0 (TID 35, localhost, executor driver, partition 55, PROCESS_LOCAL, 5890 bytes)
20/07/22 15:41:34 INFO Executor: Running task 55.0 in stage 4.0 (TID 35)
20/07/22 15:41:34 INFO TaskSetManager: Finished task 52.0 in stage 4.0 (TID 34) in 5 ms on localhost (executor driver) (31/200)
20/07/22 15:41:34 INFO ShuffleBlockFetcherIterator: Getting 0 non-empty blocks out of 1 blocks
20/07/22 15:41:34 INFO ShuffleBlockFetcherIterator: Started 0 remote fetches in 1 ms
20/07/22 15:41:34 INFO Executor: Finished task 55.0 in stage 4.0 (TID 35). 4076 bytes result sent to driver
20/07/22 15:41:34 INFO TaskSetManager: Starting task 57.0 in stage 4.0 (TID 36, localhost, executor driver, partition 57, PROCESS_LOCAL, 5890 bytes)
20/07/22 15:41:34 INFO Executor: Running task 57.0 in stage 4.0 (TID 36)
20/07/22 15:41:34 INFO TaskSetManager: Finished task 55.0 in stage 4.0 (TID 35) in 4 ms on localhost (executor driver) (32/200)
20/07/22 15:41:34 INFO ShuffleBlockFetcherIterator: Getting 0 non-empty blocks out of 1 blocks
20/07/22 15:41:34 INFO ShuffleBlockFetcherIterator: Started 0 remote fetches in 0 ms
20/07/22 15:41:34 INFO Executor: Finished task 57.0 in stage 4.0 (TID 36). 4076 bytes result sent to driver
20/07/22 15:41:34 INFO TaskSetManager: Starting task 58.0 in stage 4.0 (TID 37, localhost, executor driver, partition 58, PROCESS_LOCAL, 5890 bytes)
20/07/22 15:41:34 INFO Executor: Running task 58.0 in stage 4.0 (TID 37)
20/07/22 15:41:34 INFO TaskSetManager: Finished task 57.0 in stage 4.0 (TID 36) in 4 ms on localhost (executor driver) (33/200)
20/07/22 15:41:34 INFO ShuffleBlockFetcherIterator: Getting 0 non-empty blocks out of 1 blocks
20/07/22 15:41:34 INFO ShuffleBlockFetcherIterator: Started 0 remote fetches in 0 ms
20/07/22 15:41:34 INFO Executor: Finished task 58.0 in stage 4.0 (TID 37). 3997 bytes result sent to driver
20/07/22 15:41:34 INFO TaskSetManager: Starting task 60.0 in stage 4.0 (TID 38, localhost, executor driver, partition 60, PROCESS_LOCAL, 5890 bytes)
20/07/22 15:41:34 INFO Executor: Running task 60.0 in stage 4.0 (TID 38)
20/07/22 15:41:34 INFO TaskSetManager: Finished task 58.0 in stage 4.0 (TID 37) in 4 ms on localhost (executor driver) (34/200)
20/07/22 15:41:34 INFO ShuffleBlockFetcherIterator: Getting 0 non-empty blocks out of 1 blocks
20/07/22 15:41:34 INFO ShuffleBlockFetcherIterator: Started 0 remote fetches in 0 ms
20/07/22 15:41:34 INFO Executor: Finished task 60.0 in stage 4.0 (TID 38). 4076 bytes result sent to driver
20/07/22 15:41:34 INFO TaskSetManager: Starting task 61.0 in stage 4.0 (TID 39, localhost, executor driver, partition 61, PROCESS_LOCAL, 5890 bytes)
20/07/22 15:41:34 INFO Executor: Running task 61.0 in stage 4.0 (TID 39)
20/07/22 15:41:34 INFO TaskSetManager: Finished task 60.0 in stage 4.0 (TID 38) in 4 ms on localhost (executor driver) (35/200)
20/07/22 15:41:34 INFO ShuffleBlockFetcherIterator: Getting 0 non-empty blocks out of 1 blocks
20/07/22 15:41:34 INFO ShuffleBlockFetcherIterator: Started 0 remote fetches in 0 ms
20/07/22 15:41:34 INFO Executor: Finished task 61.0 in stage 4.0 (TID 39). 4076 bytes result sent to driver
20/07/22 15:41:34 INFO TaskSetManager: Starting task 65.0 in stage 4.0 (TID 40, localhost, executor driver, partition 65, PROCESS_LOCAL, 5890 bytes)
20/07/22 15:41:34 INFO Executor: Running task 65.0 in stage 4.0 (TID 40)
20/07/22 15:41:34 INFO TaskSetManager: Finished task 61.0 in stage 4.0 (TID 39) in 4 ms on localhost (executor driver) (36/200)
20/07/22 15:41:34 INFO ShuffleBlockFetcherIterator: Getting 0 non-empty blocks out of 1 blocks
20/07/22 15:41:34 INFO ShuffleBlockFetcherIterator: Started 0 remote fetches in 0 ms
20/07/22 15:41:34 INFO Executor: Finished task 65.0 in stage 4.0 (TID 40). 4076 bytes result sent to driver
20/07/22 15:41:34 INFO TaskSetManager: Starting task 66.0 in stage 4.0 (TID 41, localhost, executor driver, partition 66, PROCESS_LOCAL, 5890 bytes)
20/07/22 15:41:34 INFO TaskSetManager: Finished task 65.0 in stage 4.0 (TID 40) in 4 ms on localhost (executor driver) (37/200)
20/07/22 15:41:34 INFO Executor: Running task 66.0 in stage 4.0 (TID 41)
20/07/22 15:41:34 INFO ShuffleBlockFetcherIterator: Getting 0 non-empty blocks out of 1 blocks
20/07/22 15:41:34 INFO ShuffleBlockFetcherIterator: Started 0 remote fetches in 0 ms
20/07/22 15:41:34 INFO Executor: Finished task 66.0 in stage 4.0 (TID 41). 3997 bytes result sent to driver
20/07/22 15:41:34 INFO TaskSetManager: Starting task 67.0 in stage 4.0 (TID 42, localhost, executor driver, partition 67, PROCESS_LOCAL, 5890 bytes)
20/07/22 15:41:34 INFO Executor: Running task 67.0 in stage 4.0 (TID 42)
20/07/22 15:41:34 INFO TaskSetManager: Finished task 66.0 in stage 4.0 (TID 41) in 4 ms on localhost (executor driver) (38/200)
20/07/22 15:41:34 INFO ShuffleBlockFetcherIterator: Getting 0 non-empty blocks out of 1 blocks
20/07/22 15:41:34 INFO ShuffleBlockFetcherIterator: Started 0 remote fetches in 0 ms
20/07/22 15:41:34 INFO Executor: Finished task 67.0 in stage 4.0 (TID 42). 4076 bytes result sent to driver
20/07/22 15:41:34 INFO TaskSetManager: Starting task 68.0 in stage 4.0 (TID 43, localhost, executor driver, partition 68, PROCESS_LOCAL, 5890 bytes)
20/07/22 15:41:34 INFO Executor: Running task 68.0 in stage 4.0 (TID 43)
20/07/22 15:41:34 INFO TaskSetManager: Finished task 67.0 in stage 4.0 (TID 42) in 3 ms on localhost (executor driver) (39/200)
20/07/22 15:41:34 INFO ShuffleBlockFetcherIterator: Getting 0 non-empty blocks out of 1 blocks
20/07/22 15:41:34 INFO ShuffleBlockFetcherIterator: Started 0 remote fetches in 0 ms
20/07/22 15:41:34 INFO Executor: Finished task 68.0 in stage 4.0 (TID 43). 4076 bytes result sent to driver
20/07/22 15:41:34 INFO TaskSetManager: Starting task 72.0 in stage 4.0 (TID 44, localhost, executor driver, partition 72, PROCESS_LOCAL, 5890 bytes)
20/07/22 15:41:34 INFO Executor: Running task 72.0 in stage 4.0 (TID 44)
20/07/22 15:41:34 INFO TaskSetManager: Finished task 68.0 in stage 4.0 (TID 43) in 4 ms on localhost (executor driver) (40/200)
20/07/22 15:41:34 INFO ShuffleBlockFetcherIterator: Getting 0 non-empty blocks out of 1 blocks
20/07/22 15:41:34 INFO ShuffleBlockFetcherIterator: Started 0 remote fetches in 0 ms
20/07/22 15:41:34 INFO Executor: Finished task 72.0 in stage 4.0 (TID 44). 4076 bytes result sent to driver
20/07/22 15:41:34 INFO TaskSetManager: Starting task 74.0 in stage 4.0 (TID 45, localhost, executor driver, partition 74, PROCESS_LOCAL, 5890 bytes)
20/07/22 15:41:34 INFO Executor: Running task 74.0 in stage 4.0 (TID 45)
20/07/22 15:41:34 INFO TaskSetManager: Finished task 72.0 in stage 4.0 (TID 44) in 4 ms on localhost (executor driver) (41/200)
20/07/22 15:41:34 INFO ShuffleBlockFetcherIterator: Getting 0 non-empty blocks out of 1 blocks
20/07/22 15:41:34 INFO ShuffleBlockFetcherIterator: Started 0 remote fetches in 0 ms
20/07/22 15:41:34 INFO Executor: Finished task 74.0 in stage 4.0 (TID 45). 4076 bytes result sent to driver
20/07/22 15:41:34 INFO TaskSetManager: Starting task 76.0 in stage 4.0 (TID 46, localhost, executor driver, partition 76, PROCESS_LOCAL, 5890 bytes)
20/07/22 15:41:34 INFO Executor: Running task 76.0 in stage 4.0 (TID 46)
20/07/22 15:41:34 INFO TaskSetManager: Finished task 74.0 in stage 4.0 (TID 45) in 4 ms on localhost (executor driver) (42/200)
20/07/22 15:41:34 INFO ShuffleBlockFetcherIterator: Getting 0 non-empty blocks out of 1 blocks
20/07/22 15:41:34 INFO ShuffleBlockFetcherIterator: Started 0 remote fetches in 0 ms
20/07/22 15:41:34 INFO Executor: Finished task 76.0 in stage 4.0 (TID 46). 4076 bytes result sent to driver
20/07/22 15:41:34 INFO TaskSetManager: Starting task 78.0 in stage 4.0 (TID 47, localhost, executor driver, partition 78, PROCESS_LOCAL, 5890 bytes)
20/07/22 15:41:34 INFO Executor: Running task 78.0 in stage 4.0 (TID 47)
20/07/22 15:41:34 INFO TaskSetManager: Finished task 76.0 in stage 4.0 (TID 46) in 4 ms on localhost (executor driver) (43/200)
20/07/22 15:41:34 INFO ShuffleBlockFetcherIterator: Getting 0 non-empty blocks out of 1 blocks
20/07/22 15:41:34 INFO ShuffleBlockFetcherIterator: Started 0 remote fetches in 0 ms
20/07/22 15:41:34 INFO Executor: Finished task 78.0 in stage 4.0 (TID 47). 3997 bytes result sent to driver
20/07/22 15:41:34 INFO TaskSetManager: Starting task 79.0 in stage 4.0 (TID 48, localhost, executor driver, partition 79, PROCESS_LOCAL, 5890 bytes)
20/07/22 15:41:34 INFO Executor: Running task 79.0 in stage 4.0 (TID 48)
20/07/22 15:41:34 INFO TaskSetManager: Finished task 78.0 in stage 4.0 (TID 47) in 3 ms on localhost (executor driver) (44/200)
20/07/22 15:41:34 INFO ShuffleBlockFetcherIterator: Getting 0 non-empty blocks out of 1 blocks
20/07/22 15:41:34 INFO ShuffleBlockFetcherIterator: Started 0 remote fetches in 0 ms
20/07/22 15:41:34 INFO Executor: Finished task 79.0 in stage 4.0 (TID 48). 4076 bytes result sent to driver
20/07/22 15:41:34 INFO TaskSetManager: Starting task 80.0 in stage 4.0 (TID 49, localhost, executor driver, partition 80, PROCESS_LOCAL, 5890 bytes)
20/07/22 15:41:34 INFO Executor: Running task 80.0 in stage 4.0 (TID 49)
20/07/22 15:41:34 INFO TaskSetManager: Finished task 79.0 in stage 4.0 (TID 48) in 3 ms on localhost (executor driver) (45/200)
20/07/22 15:41:34 INFO ShuffleBlockFetcherIterator: Getting 0 non-empty blocks out of 1 blocks
20/07/22 15:41:34 INFO ShuffleBlockFetcherIterator: Started 0 remote fetches in 0 ms
20/07/22 15:41:34 INFO Executor: Finished task 80.0 in stage 4.0 (TID 49). 4076 bytes result sent to driver
20/07/22 15:41:34 INFO TaskSetManager: Starting task 81.0 in stage 4.0 (TID 50, localhost, executor driver, partition 81, PROCESS_LOCAL, 5890 bytes)
20/07/22 15:41:34 INFO Executor: Running task 81.0 in stage 4.0 (TID 50)
20/07/22 15:41:34 INFO TaskSetManager: Finished task 80.0 in stage 4.0 (TID 49) in 3 ms on localhost (executor driver) (46/200)
20/07/22 15:41:34 INFO ShuffleBlockFetcherIterator: Getting 0 non-empty blocks out of 1 blocks
20/07/22 15:41:34 INFO ShuffleBlockFetcherIterator: Started 0 remote fetches in 0 ms
20/07/22 15:41:34 INFO Executor: Finished task 81.0 in stage 4.0 (TID 50). 4076 bytes result sent to driver
20/07/22 15:41:34 INFO TaskSetManager: Starting task 82.0 in stage 4.0 (TID 51, localhost, executor driver, partition 82, PROCESS_LOCAL, 5890 bytes)
20/07/22 15:41:34 INFO Executor: Running task 82.0 in stage 4.0 (TID 51)
20/07/22 15:41:34 INFO TaskSetManager: Finished task 81.0 in stage 4.0 (TID 50) in 4 ms on localhost (executor driver) (47/200)
20/07/22 15:41:34 INFO ShuffleBlockFetcherIterator: Getting 0 non-empty blocks out of 1 blocks
20/07/22 15:41:34 INFO ShuffleBlockFetcherIterator: Started 0 remote fetches in 0 ms
20/07/22 15:41:34 INFO Executor: Finished task 82.0 in stage 4.0 (TID 51). 4076 bytes result sent to driver
20/07/22 15:41:34 INFO TaskSetManager: Starting task 83.0 in stage 4.0 (TID 52, localhost, executor driver, partition 83, PROCESS_LOCAL, 5890 bytes)
20/07/22 15:41:34 INFO Executor: Running task 83.0 in stage 4.0 (TID 52)
20/07/22 15:41:34 INFO TaskSetManager: Finished task 82.0 in stage 4.0 (TID 51) in 4 ms on localhost (executor driver) (48/200)
20/07/22 15:41:34 INFO ShuffleBlockFetcherIterator: Getting 0 non-empty blocks out of 1 blocks
20/07/22 15:41:34 INFO ShuffleBlockFetcherIterator: Started 0 remote fetches in 1 ms
20/07/22 15:41:34 INFO Executor: Finished task 83.0 in stage 4.0 (TID 52). 4076 bytes result sent to driver
20/07/22 15:41:34 INFO TaskSetManager: Starting task 84.0 in stage 4.0 (TID 53, localhost, executor driver, partition 84, PROCESS_LOCAL, 5890 bytes)
20/07/22 15:41:34 INFO Executor: Running task 84.0 in stage 4.0 (TID 53)
20/07/22 15:41:34 INFO TaskSetManager: Finished task 83.0 in stage 4.0 (TID 52) in 5 ms on localhost (executor driver) (49/200)
20/07/22 15:41:34 INFO ShuffleBlockFetcherIterator: Getting 0 non-empty blocks out of 1 blocks
20/07/22 15:41:34 INFO ShuffleBlockFetcherIterator: Started 0 remote fetches in 0 ms
20/07/22 15:41:34 INFO Executor: Finished task 84.0 in stage 4.0 (TID 53). 4076 bytes result sent to driver
20/07/22 15:41:34 INFO TaskSetManager: Starting task 85.0 in stage 4.0 (TID 54, localhost, executor driver, partition 85, PROCESS_LOCAL, 5890 bytes)
20/07/22 15:41:34 INFO Executor: Running task 85.0 in stage 4.0 (TID 54)
20/07/22 15:41:34 INFO TaskSetManager: Finished task 84.0 in stage 4.0 (TID 53) in 5 ms on localhost (executor driver) (50/200)
20/07/22 15:41:34 INFO ShuffleBlockFetcherIterator: Getting 0 non-empty blocks out of 1 blocks
20/07/22 15:41:34 INFO ShuffleBlockFetcherIterator: Started 0 remote fetches in 0 ms
20/07/22 15:41:34 INFO Executor: Finished task 85.0 in stage 4.0 (TID 54). 4076 bytes result sent to driver
20/07/22 15:41:34 INFO TaskSetManager: Starting task 87.0 in stage 4.0 (TID 55, localhost, executor driver, partition 87, PROCESS_LOCAL, 5890 bytes)
20/07/22 15:41:34 INFO TaskSetManager: Finished task 85.0 in stage 4.0 (TID 54) in 4 ms on localhost (executor driver) (51/200)
20/07/22 15:41:34 INFO Executor: Running task 87.0 in stage 4.0 (TID 55)
20/07/22 15:41:34 INFO ShuffleBlockFetcherIterator: Getting 0 non-empty blocks out of 1 blocks
20/07/22 15:41:34 INFO ShuffleBlockFetcherIterator: Started 0 remote fetches in 1 ms
20/07/22 15:41:34 INFO Executor: Finished task 87.0 in stage 4.0 (TID 55). 4076 bytes result sent to driver
20/07/22 15:41:34 INFO TaskSetManager: Starting task 89.0 in stage 4.0 (TID 56, localhost, executor driver, partition 89, PROCESS_LOCAL, 5890 bytes)
20/07/22 15:41:34 INFO Executor: Running task 89.0 in stage 4.0 (TID 56)
20/07/22 15:41:34 INFO TaskSetManager: Finished task 87.0 in stage 4.0 (TID 55) in 5 ms on localhost (executor driver) (52/200)
20/07/22 15:41:34 INFO ShuffleBlockFetcherIterator: Getting 0 non-empty blocks out of 1 blocks
20/07/22 15:41:34 INFO ShuffleBlockFetcherIterator: Started 0 remote fetches in 0 ms
20/07/22 15:41:34 INFO Executor: Finished task 89.0 in stage 4.0 (TID 56). 4076 bytes result sent to driver
20/07/22 15:41:34 INFO TaskSetManager: Starting task 90.0 in stage 4.0 (TID 57, localhost, executor driver, partition 90, PROCESS_LOCAL, 5890 bytes)
20/07/22 15:41:34 INFO Executor: Running task 90.0 in stage 4.0 (TID 57)
20/07/22 15:41:34 INFO TaskSetManager: Finished task 89.0 in stage 4.0 (TID 56) in 4 ms on localhost (executor driver) (53/200)
20/07/22 15:41:34 INFO ShuffleBlockFetcherIterator: Getting 0 non-empty blocks out of 1 blocks
20/07/22 15:41:34 INFO ShuffleBlockFetcherIterator: Started 0 remote fetches in 0 ms
20/07/22 15:41:34 INFO Executor: Finished task 90.0 in stage 4.0 (TID 57). 4076 bytes result sent to driver
20/07/22 15:41:34 INFO TaskSetManager: Starting task 91.0 in stage 4.0 (TID 58, localhost, executor driver, partition 91, PROCESS_LOCAL, 5890 bytes)
20/07/22 15:41:34 INFO TaskSetManager: Finished task 90.0 in stage 4.0 (TID 57) in 4 ms on localhost (executor driver) (54/200)
20/07/22 15:41:34 INFO Executor: Running task 91.0 in stage 4.0 (TID 58)
20/07/22 15:41:34 INFO ShuffleBlockFetcherIterator: Getting 0 non-empty blocks out of 1 blocks
20/07/22 15:41:34 INFO ShuffleBlockFetcherIterator: Started 0 remote fetches in 1 ms
20/07/22 15:41:34 INFO Executor: Finished task 91.0 in stage 4.0 (TID 58). 4076 bytes result sent to driver
20/07/22 15:41:34 INFO TaskSetManager: Starting task 96.0 in stage 4.0 (TID 59, localhost, executor driver, partition 96, PROCESS_LOCAL, 5890 bytes)
20/07/22 15:41:34 INFO Executor: Running task 96.0 in stage 4.0 (TID 59)
20/07/22 15:41:34 INFO TaskSetManager: Finished task 91.0 in stage 4.0 (TID 58) in 4 ms on localhost (executor driver) (55/200)
20/07/22 15:41:34 INFO ShuffleBlockFetcherIterator: Getting 0 non-empty blocks out of 1 blocks
20/07/22 15:41:34 INFO ShuffleBlockFetcherIterator: Started 0 remote fetches in 0 ms
20/07/22 15:41:34 INFO Executor: Finished task 96.0 in stage 4.0 (TID 59). 4076 bytes result sent to driver
20/07/22 15:41:34 INFO TaskSetManager: Starting task 98.0 in stage 4.0 (TID 60, localhost, executor driver, partition 98, PROCESS_LOCAL, 5890 bytes)
20/07/22 15:41:34 INFO Executor: Running task 98.0 in stage 4.0 (TID 60)
20/07/22 15:41:34 INFO TaskSetManager: Finished task 96.0 in stage 4.0 (TID 59) in 4 ms on localhost (executor driver) (56/200)
20/07/22 15:41:34 INFO ShuffleBlockFetcherIterator: Getting 0 non-empty blocks out of 1 blocks
20/07/22 15:41:34 INFO ShuffleBlockFetcherIterator: Started 0 remote fetches in 0 ms
20/07/22 15:41:34 INFO Executor: Finished task 98.0 in stage 4.0 (TID 60). 4076 bytes result sent to driver
20/07/22 15:41:34 INFO TaskSetManager: Starting task 99.0 in stage 4.0 (TID 61, localhost, executor driver, partition 99, PROCESS_LOCAL, 5890 bytes)
20/07/22 15:41:34 INFO TaskSetManager: Finished task 98.0 in stage 4.0 (TID 60) in 8 ms on localhost (executor driver) (57/200)
20/07/22 15:41:34 INFO Executor: Running task 99.0 in stage 4.0 (TID 61)
20/07/22 15:41:34 INFO ShuffleBlockFetcherIterator: Getting 0 non-empty blocks out of 1 blocks
20/07/22 15:41:34 INFO ShuffleBlockFetcherIterator: Started 0 remote fetches in 0 ms
20/07/22 15:41:34 INFO Executor: Finished task 99.0 in stage 4.0 (TID 61). 4076 bytes result sent to driver
20/07/22 15:41:34 INFO TaskSetManager: Starting task 100.0 in stage 4.0 (TID 62, localhost, executor driver, partition 100, PROCESS_LOCAL, 5890 bytes)
20/07/22 15:41:34 INFO TaskSetManager: Finished task 99.0 in stage 4.0 (TID 61) in 9 ms on localhost (executor driver) (58/200)
20/07/22 15:41:34 INFO Executor: Running task 100.0 in stage 4.0 (TID 62)
20/07/22 15:41:34 INFO ShuffleBlockFetcherIterator: Getting 0 non-empty blocks out of 1 blocks
20/07/22 15:41:34 INFO ShuffleBlockFetcherIterator: Started 0 remote fetches in 0 ms
20/07/22 15:41:34 INFO Executor: Finished task 100.0 in stage 4.0 (TID 62). 4163 bytes result sent to driver
20/07/22 15:41:34 INFO TaskSetManager: Starting task 103.0 in stage 4.0 (TID 63, localhost, executor driver, partition 103, PROCESS_LOCAL, 5890 bytes)
20/07/22 15:41:34 INFO Executor: Running task 103.0 in stage 4.0 (TID 63)
20/07/22 15:41:34 INFO TaskSetManager: Finished task 100.0 in stage 4.0 (TID 62) in 14 ms on localhost (executor driver) (59/200)
20/07/22 15:41:34 INFO ShuffleBlockFetcherIterator: Getting 0 non-empty blocks out of 1 blocks
20/07/22 15:41:34 INFO ShuffleBlockFetcherIterator: Started 0 remote fetches in 0 ms
20/07/22 15:41:34 INFO Executor: Finished task 103.0 in stage 4.0 (TID 63). 4076 bytes result sent to driver
20/07/22 15:41:34 INFO TaskSetManager: Starting task 105.0 in stage 4.0 (TID 64, localhost, executor driver, partition 105, PROCESS_LOCAL, 5890 bytes)
20/07/22 15:41:34 INFO Executor: Running task 105.0 in stage 4.0 (TID 64)
20/07/22 15:41:34 INFO TaskSetManager: Finished task 103.0 in stage 4.0 (TID 63) in 5 ms on localhost (executor driver) (60/200)
20/07/22 15:41:34 INFO ShuffleBlockFetcherIterator: Getting 0 non-empty blocks out of 1 blocks
20/07/22 15:41:34 INFO ShuffleBlockFetcherIterator: Started 0 remote fetches in 0 ms
20/07/22 15:41:34 INFO Executor: Finished task 105.0 in stage 4.0 (TID 64). 4076 bytes result sent to driver
20/07/22 15:41:34 INFO TaskSetManager: Starting task 108.0 in stage 4.0 (TID 65, localhost, executor driver, partition 108, PROCESS_LOCAL, 5890 bytes)
20/07/22 15:41:34 INFO TaskSetManager: Finished task 105.0 in stage 4.0 (TID 64) in 5 ms on localhost (executor driver) (61/200)
20/07/22 15:41:34 INFO Executor: Running task 108.0 in stage 4.0 (TID 65)
20/07/22 15:41:34 INFO ShuffleBlockFetcherIterator: Getting 0 non-empty blocks out of 1 blocks
20/07/22 15:41:34 INFO ShuffleBlockFetcherIterator: Started 0 remote fetches in 1 ms
20/07/22 15:41:34 INFO Executor: Finished task 108.0 in stage 4.0 (TID 65). 4076 bytes result sent to driver
20/07/22 15:41:34 INFO TaskSetManager: Starting task 109.0 in stage 4.0 (TID 66, localhost, executor driver, partition 109, PROCESS_LOCAL, 5890 bytes)
20/07/22 15:41:34 INFO TaskSetManager: Finished task 108.0 in stage 4.0 (TID 65) in 6 ms on localhost (executor driver) (62/200)
20/07/22 15:41:34 INFO Executor: Running task 109.0 in stage 4.0 (TID 66)
20/07/22 15:41:34 INFO ShuffleBlockFetcherIterator: Getting 0 non-empty blocks out of 1 blocks
20/07/22 15:41:34 INFO ShuffleBlockFetcherIterator: Started 0 remote fetches in 0 ms
20/07/22 15:41:34 INFO Executor: Finished task 109.0 in stage 4.0 (TID 66). 4076 bytes result sent to driver
20/07/22 15:41:34 INFO TaskSetManager: Starting task 110.0 in stage 4.0 (TID 67, localhost, executor driver, partition 110, PROCESS_LOCAL, 5890 bytes)
20/07/22 15:41:34 INFO Executor: Running task 110.0 in stage 4.0 (TID 67)
20/07/22 15:41:34 INFO TaskSetManager: Finished task 109.0 in stage 4.0 (TID 66) in 7 ms on localhost (executor driver) (63/200)
20/07/22 15:41:34 INFO ShuffleBlockFetcherIterator: Getting 0 non-empty blocks out of 1 blocks
20/07/22 15:41:34 INFO ShuffleBlockFetcherIterator: Started 0 remote fetches in 0 ms
20/07/22 15:41:34 INFO Executor: Finished task 110.0 in stage 4.0 (TID 67). 4076 bytes result sent to driver
20/07/22 15:41:34 INFO TaskSetManager: Starting task 111.0 in stage 4.0 (TID 68, localhost, executor driver, partition 111, PROCESS_LOCAL, 5890 bytes)
20/07/22 15:41:34 INFO TaskSetManager: Finished task 110.0 in stage 4.0 (TID 67) in 5 ms on localhost (executor driver) (64/200)
20/07/22 15:41:34 INFO Executor: Running task 111.0 in stage 4.0 (TID 68)
20/07/22 15:41:34 INFO ShuffleBlockFetcherIterator: Getting 0 non-empty blocks out of 1 blocks
20/07/22 15:41:34 INFO ShuffleBlockFetcherIterator: Started 0 remote fetches in 0 ms
20/07/22 15:41:34 INFO Executor: Finished task 111.0 in stage 4.0 (TID 68). 4163 bytes result sent to driver
20/07/22 15:41:34 INFO TaskSetManager: Starting task 112.0 in stage 4.0 (TID 69, localhost, executor driver, partition 112, PROCESS_LOCAL, 5890 bytes)
20/07/22 15:41:34 INFO Executor: Running task 112.0 in stage 4.0 (TID 69)
20/07/22 15:41:34 INFO TaskSetManager: Finished task 111.0 in stage 4.0 (TID 68) in 5 ms on localhost (executor driver) (65/200)
20/07/22 15:41:34 INFO ShuffleBlockFetcherIterator: Getting 0 non-empty blocks out of 1 blocks
20/07/22 15:41:34 INFO ShuffleBlockFetcherIterator: Started 0 remote fetches in 0 ms
20/07/22 15:41:34 INFO Executor: Finished task 112.0 in stage 4.0 (TID 69). 4076 bytes result sent to driver
20/07/22 15:41:34 INFO TaskSetManager: Starting task 113.0 in stage 4.0 (TID 70, localhost, executor driver, partition 113, PROCESS_LOCAL, 5890 bytes)
20/07/22 15:41:34 INFO TaskSetManager: Finished task 112.0 in stage 4.0 (TID 69) in 6 ms on localhost (executor driver) (66/200)
20/07/22 15:41:34 INFO Executor: Running task 113.0 in stage 4.0 (TID 70)
20/07/22 15:41:34 INFO ShuffleBlockFetcherIterator: Getting 0 non-empty blocks out of 1 blocks
20/07/22 15:41:34 INFO ShuffleBlockFetcherIterator: Started 0 remote fetches in 0 ms
20/07/22 15:41:34 INFO Executor: Finished task 113.0 in stage 4.0 (TID 70). 4076 bytes result sent to driver
20/07/22 15:41:34 INFO TaskSetManager: Starting task 114.0 in stage 4.0 (TID 71, localhost, executor driver, partition 114, PROCESS_LOCAL, 5890 bytes)
20/07/22 15:41:34 INFO Executor: Running task 114.0 in stage 4.0 (TID 71)
20/07/22 15:41:34 INFO TaskSetManager: Finished task 113.0 in stage 4.0 (TID 70) in 4 ms on localhost (executor driver) (67/200)
20/07/22 15:41:34 INFO ShuffleBlockFetcherIterator: Getting 0 non-empty blocks out of 1 blocks
20/07/22 15:41:34 INFO ShuffleBlockFetcherIterator: Started 0 remote fetches in 0 ms
20/07/22 15:41:34 INFO Executor: Finished task 114.0 in stage 4.0 (TID 71). 4076 bytes result sent to driver
20/07/22 15:41:34 INFO TaskSetManager: Starting task 117.0 in stage 4.0 (TID 72, localhost, executor driver, partition 117, PROCESS_LOCAL, 5890 bytes)
20/07/22 15:41:34 INFO Executor: Running task 117.0 in stage 4.0 (TID 72)
20/07/22 15:41:34 INFO TaskSetManager: Finished task 114.0 in stage 4.0 (TID 71) in 5 ms on localhost (executor driver) (68/200)
20/07/22 15:41:34 INFO ShuffleBlockFetcherIterator: Getting 0 non-empty blocks out of 1 blocks
20/07/22 15:41:34 INFO ShuffleBlockFetcherIterator: Started 0 remote fetches in 1 ms
20/07/22 15:41:34 INFO Executor: Finished task 117.0 in stage 4.0 (TID 72). 4076 bytes result sent to driver
20/07/22 15:41:34 INFO TaskSetManager: Starting task 119.0 in stage 4.0 (TID 73, localhost, executor driver, partition 119, PROCESS_LOCAL, 5890 bytes)
20/07/22 15:41:34 INFO TaskSetManager: Finished task 117.0 in stage 4.0 (TID 72) in 5 ms on localhost (executor driver) (69/200)
20/07/22 15:41:34 INFO Executor: Running task 119.0 in stage 4.0 (TID 73)
20/07/22 15:41:34 INFO ShuffleBlockFetcherIterator: Getting 0 non-empty blocks out of 1 blocks
20/07/22 15:41:34 INFO ShuffleBlockFetcherIterator: Started 0 remote fetches in 0 ms
20/07/22 15:41:34 INFO Executor: Finished task 119.0 in stage 4.0 (TID 73). 4076 bytes result sent to driver
20/07/22 15:41:34 INFO TaskSetManager: Starting task 122.0 in stage 4.0 (TID 74, localhost, executor driver, partition 122, PROCESS_LOCAL, 5890 bytes)
20/07/22 15:41:34 INFO Executor: Running task 122.0 in stage 4.0 (TID 74)
20/07/22 15:41:34 INFO TaskSetManager: Finished task 119.0 in stage 4.0 (TID 73) in 7 ms on localhost (executor driver) (70/200)
20/07/22 15:41:34 INFO ShuffleBlockFetcherIterator: Getting 0 non-empty blocks out of 1 blocks
20/07/22 15:41:34 INFO ShuffleBlockFetcherIterator: Started 0 remote fetches in 1 ms
20/07/22 15:41:34 INFO Executor: Finished task 122.0 in stage 4.0 (TID 74). 4076 bytes result sent to driver
20/07/22 15:41:34 INFO TaskSetManager: Starting task 123.0 in stage 4.0 (TID 75, localhost, executor driver, partition 123, PROCESS_LOCAL, 5890 bytes)
20/07/22 15:41:34 INFO Executor: Running task 123.0 in stage 4.0 (TID 75)
20/07/22 15:41:34 INFO TaskSetManager: Finished task 122.0 in stage 4.0 (TID 74) in 5 ms on localhost (executor driver) (71/200)
20/07/22 15:41:34 INFO ShuffleBlockFetcherIterator: Getting 0 non-empty blocks out of 1 blocks
20/07/22 15:41:34 INFO ShuffleBlockFetcherIterator: Started 0 remote fetches in 0 ms
20/07/22 15:41:34 INFO Executor: Finished task 123.0 in stage 4.0 (TID 75). 4076 bytes result sent to driver
20/07/22 15:41:34 INFO TaskSetManager: Starting task 126.0 in stage 4.0 (TID 76, localhost, executor driver, partition 126, PROCESS_LOCAL, 5890 bytes)
20/07/22 15:41:34 INFO Executor: Running task 126.0 in stage 4.0 (TID 76)
20/07/22 15:41:34 INFO TaskSetManager: Finished task 123.0 in stage 4.0 (TID 75) in 6 ms on localhost (executor driver) (72/200)
20/07/22 15:41:34 INFO ShuffleBlockFetcherIterator: Getting 0 non-empty blocks out of 1 blocks
20/07/22 15:41:34 INFO ShuffleBlockFetcherIterator: Started 0 remote fetches in 0 ms
20/07/22 15:41:34 INFO Executor: Finished task 126.0 in stage 4.0 (TID 76). 4076 bytes result sent to driver
20/07/22 15:41:34 INFO TaskSetManager: Starting task 127.0 in stage 4.0 (TID 77, localhost, executor driver, partition 127, PROCESS_LOCAL, 5890 bytes)
20/07/22 15:41:34 INFO TaskSetManager: Finished task 126.0 in stage 4.0 (TID 76) in 5 ms on localhost (executor driver) (73/200)
20/07/22 15:41:34 INFO Executor: Running task 127.0 in stage 4.0 (TID 77)
20/07/22 15:41:34 INFO ShuffleBlockFetcherIterator: Getting 0 non-empty blocks out of 1 blocks
20/07/22 15:41:34 INFO ShuffleBlockFetcherIterator: Started 0 remote fetches in 0 ms
20/07/22 15:41:34 INFO Executor: Finished task 127.0 in stage 4.0 (TID 77). 4076 bytes result sent to driver
20/07/22 15:41:34 INFO TaskSetManager: Starting task 129.0 in stage 4.0 (TID 78, localhost, executor driver, partition 129, PROCESS_LOCAL, 5890 bytes)
20/07/22 15:41:34 INFO Executor: Running task 129.0 in stage 4.0 (TID 78)
20/07/22 15:41:34 INFO TaskSetManager: Finished task 127.0 in stage 4.0 (TID 77) in 4 ms on localhost (executor driver) (74/200)
20/07/22 15:41:34 INFO ShuffleBlockFetcherIterator: Getting 0 non-empty blocks out of 1 blocks
20/07/22 15:41:34 INFO ShuffleBlockFetcherIterator: Started 0 remote fetches in 0 ms
20/07/22 15:41:34 INFO Executor: Finished task 129.0 in stage 4.0 (TID 78). 4076 bytes result sent to driver
20/07/22 15:41:34 INFO TaskSetManager: Starting task 130.0 in stage 4.0 (TID 79, localhost, executor driver, partition 130, PROCESS_LOCAL, 5890 bytes)
20/07/22 15:41:34 INFO TaskSetManager: Finished task 129.0 in stage 4.0 (TID 78) in 4 ms on localhost (executor driver) (75/200)
20/07/22 15:41:34 INFO Executor: Running task 130.0 in stage 4.0 (TID 79)
20/07/22 15:41:34 INFO ShuffleBlockFetcherIterator: Getting 0 non-empty blocks out of 1 blocks
20/07/22 15:41:34 INFO ShuffleBlockFetcherIterator: Started 0 remote fetches in 1 ms
20/07/22 15:41:34 INFO Executor: Finished task 130.0 in stage 4.0 (TID 79). 4163 bytes result sent to driver
20/07/22 15:41:34 INFO TaskSetManager: Starting task 131.0 in stage 4.0 (TID 80, localhost, executor driver, partition 131, PROCESS_LOCAL, 5890 bytes)
20/07/22 15:41:34 INFO Executor: Running task 131.0 in stage 4.0 (TID 80)
20/07/22 15:41:34 INFO TaskSetManager: Finished task 130.0 in stage 4.0 (TID 79) in 8 ms on localhost (executor driver) (76/200)
20/07/22 15:41:34 INFO ShuffleBlockFetcherIterator: Getting 0 non-empty blocks out of 1 blocks
20/07/22 15:41:34 INFO ShuffleBlockFetcherIterator: Started 0 remote fetches in 0 ms
20/07/22 15:41:34 INFO Executor: Finished task 131.0 in stage 4.0 (TID 80). 4076 bytes result sent to driver
20/07/22 15:41:34 INFO TaskSetManager: Starting task 132.0 in stage 4.0 (TID 81, localhost, executor driver, partition 132, PROCESS_LOCAL, 5890 bytes)
20/07/22 15:41:34 INFO Executor: Running task 132.0 in stage 4.0 (TID 81)
20/07/22 15:41:34 INFO TaskSetManager: Finished task 131.0 in stage 4.0 (TID 80) in 6 ms on localhost (executor driver) (77/200)
20/07/22 15:41:34 INFO ShuffleBlockFetcherIterator: Getting 0 non-empty blocks out of 1 blocks
20/07/22 15:41:34 INFO ShuffleBlockFetcherIterator: Started 0 remote fetches in 0 ms
20/07/22 15:41:34 INFO Executor: Finished task 132.0 in stage 4.0 (TID 81). 4076 bytes result sent to driver
20/07/22 15:41:34 INFO TaskSetManager: Starting task 138.0 in stage 4.0 (TID 82, localhost, executor driver, partition 138, PROCESS_LOCAL, 5890 bytes)
20/07/22 15:41:34 INFO Executor: Running task 138.0 in stage 4.0 (TID 82)
20/07/22 15:41:34 INFO TaskSetManager: Finished task 132.0 in stage 4.0 (TID 81) in 4 ms on localhost (executor driver) (78/200)
20/07/22 15:41:34 INFO ShuffleBlockFetcherIterator: Getting 0 non-empty blocks out of 1 blocks
20/07/22 15:41:34 INFO ShuffleBlockFetcherIterator: Started 0 remote fetches in 0 ms
20/07/22 15:41:34 INFO Executor: Finished task 138.0 in stage 4.0 (TID 82). 3997 bytes result sent to driver
20/07/22 15:41:34 INFO TaskSetManager: Starting task 141.0 in stage 4.0 (TID 83, localhost, executor driver, partition 141, PROCESS_LOCAL, 5890 bytes)
20/07/22 15:41:34 INFO Executor: Running task 141.0 in stage 4.0 (TID 83)
20/07/22 15:41:34 INFO TaskSetManager: Finished task 138.0 in stage 4.0 (TID 82) in 3 ms on localhost (executor driver) (79/200)
20/07/22 15:41:34 INFO ShuffleBlockFetcherIterator: Getting 0 non-empty blocks out of 1 blocks
20/07/22 15:41:34 INFO ShuffleBlockFetcherIterator: Started 0 remote fetches in 0 ms
20/07/22 15:41:34 INFO Executor: Finished task 141.0 in stage 4.0 (TID 83). 4076 bytes result sent to driver
20/07/22 15:41:34 INFO TaskSetManager: Starting task 142.0 in stage 4.0 (TID 84, localhost, executor driver, partition 142, PROCESS_LOCAL, 5890 bytes)
20/07/22 15:41:34 INFO Executor: Running task 142.0 in stage 4.0 (TID 84)
20/07/22 15:41:34 INFO TaskSetManager: Finished task 141.0 in stage 4.0 (TID 83) in 5 ms on localhost (executor driver) (80/200)
20/07/22 15:41:34 INFO ShuffleBlockFetcherIterator: Getting 0 non-empty blocks out of 1 blocks
20/07/22 15:41:34 INFO ShuffleBlockFetcherIterator: Started 0 remote fetches in 0 ms
20/07/22 15:41:35 INFO Executor: Finished task 142.0 in stage 4.0 (TID 84). 4076 bytes result sent to driver
20/07/22 15:41:35 INFO TaskSetManager: Starting task 149.0 in stage 4.0 (TID 85, localhost, executor driver, partition 149, PROCESS_LOCAL, 5890 bytes)
20/07/22 15:41:35 INFO Executor: Running task 149.0 in stage 4.0 (TID 85)
20/07/22 15:41:35 INFO TaskSetManager: Finished task 142.0 in stage 4.0 (TID 84) in 5 ms on localhost (executor driver) (81/200)
20/07/22 15:41:35 INFO ShuffleBlockFetcherIterator: Getting 0 non-empty blocks out of 1 blocks
20/07/22 15:41:35 INFO ShuffleBlockFetcherIterator: Started 0 remote fetches in 0 ms
20/07/22 15:41:35 INFO Executor: Finished task 149.0 in stage 4.0 (TID 85). 4076 bytes result sent to driver
20/07/22 15:41:35 INFO TaskSetManager: Starting task 151.0 in stage 4.0 (TID 86, localhost, executor driver, partition 151, PROCESS_LOCAL, 5890 bytes)
20/07/22 15:41:35 INFO Executor: Running task 151.0 in stage 4.0 (TID 86)
20/07/22 15:41:35 INFO TaskSetManager: Finished task 149.0 in stage 4.0 (TID 85) in 4 ms on localhost (executor driver) (82/200)
20/07/22 15:41:35 INFO ShuffleBlockFetcherIterator: Getting 0 non-empty blocks out of 1 blocks
20/07/22 15:41:35 INFO ShuffleBlockFetcherIterator: Started 0 remote fetches in 0 ms
20/07/22 15:41:35 INFO Executor: Finished task 151.0 in stage 4.0 (TID 86). 4076 bytes result sent to driver
20/07/22 15:41:35 INFO TaskSetManager: Starting task 152.0 in stage 4.0 (TID 87, localhost, executor driver, partition 152, PROCESS_LOCAL, 5890 bytes)
20/07/22 15:41:35 INFO Executor: Running task 152.0 in stage 4.0 (TID 87)
20/07/22 15:41:35 INFO TaskSetManager: Finished task 151.0 in stage 4.0 (TID 86) in 4 ms on localhost (executor driver) (83/200)
20/07/22 15:41:35 INFO ShuffleBlockFetcherIterator: Getting 0 non-empty blocks out of 1 blocks
20/07/22 15:41:35 INFO ShuffleBlockFetcherIterator: Started 0 remote fetches in 0 ms
20/07/22 15:41:35 INFO Executor: Finished task 152.0 in stage 4.0 (TID 87). 4076 bytes result sent to driver
20/07/22 15:41:35 INFO TaskSetManager: Starting task 153.0 in stage 4.0 (TID 88, localhost, executor driver, partition 153, PROCESS_LOCAL, 5890 bytes)
20/07/22 15:41:35 INFO Executor: Running task 153.0 in stage 4.0 (TID 88)
20/07/22 15:41:35 INFO TaskSetManager: Finished task 152.0 in stage 4.0 (TID 87) in 4 ms on localhost (executor driver) (84/200)
20/07/22 15:41:35 INFO ShuffleBlockFetcherIterator: Getting 0 non-empty blocks out of 1 blocks
20/07/22 15:41:35 INFO ShuffleBlockFetcherIterator: Started 0 remote fetches in 0 ms
20/07/22 15:41:35 INFO Executor: Finished task 153.0 in stage 4.0 (TID 88). 4076 bytes result sent to driver
20/07/22 15:41:35 INFO TaskSetManager: Starting task 155.0 in stage 4.0 (TID 89, localhost, executor driver, partition 155, PROCESS_LOCAL, 5890 bytes)
20/07/22 15:41:35 INFO TaskSetManager: Finished task 153.0 in stage 4.0 (TID 88) in 5 ms on localhost (executor driver) (85/200)
20/07/22 15:41:35 INFO Executor: Running task 155.0 in stage 4.0 (TID 89)
20/07/22 15:41:35 INFO ShuffleBlockFetcherIterator: Getting 0 non-empty blocks out of 1 blocks
20/07/22 15:41:35 INFO ShuffleBlockFetcherIterator: Started 0 remote fetches in 0 ms
20/07/22 15:41:35 INFO Executor: Finished task 155.0 in stage 4.0 (TID 89). 4076 bytes result sent to driver
20/07/22 15:41:35 INFO TaskSetManager: Starting task 157.0 in stage 4.0 (TID 90, localhost, executor driver, partition 157, PROCESS_LOCAL, 5890 bytes)
20/07/22 15:41:35 INFO TaskSetManager: Finished task 155.0 in stage 4.0 (TID 89) in 5 ms on localhost (executor driver) (86/200)
20/07/22 15:41:35 INFO Executor: Running task 157.0 in stage 4.0 (TID 90)
20/07/22 15:41:35 INFO ShuffleBlockFetcherIterator: Getting 0 non-empty blocks out of 1 blocks
20/07/22 15:41:35 INFO ShuffleBlockFetcherIterator: Started 0 remote fetches in 0 ms
20/07/22 15:41:35 INFO Executor: Finished task 157.0 in stage 4.0 (TID 90). 4076 bytes result sent to driver
20/07/22 15:41:35 INFO TaskSetManager: Starting task 160.0 in stage 4.0 (TID 91, localhost, executor driver, partition 160, PROCESS_LOCAL, 5890 bytes)
20/07/22 15:41:35 INFO TaskSetManager: Finished task 157.0 in stage 4.0 (TID 90) in 6 ms on localhost (executor driver) (87/200)
20/07/22 15:41:35 INFO Executor: Running task 160.0 in stage 4.0 (TID 91)
20/07/22 15:41:35 INFO ShuffleBlockFetcherIterator: Getting 0 non-empty blocks out of 1 blocks
20/07/22 15:41:35 INFO ShuffleBlockFetcherIterator: Started 0 remote fetches in 0 ms
20/07/22 15:41:35 INFO Executor: Finished task 160.0 in stage 4.0 (TID 91). 4163 bytes result sent to driver
20/07/22 15:41:35 INFO TaskSetManager: Starting task 161.0 in stage 4.0 (TID 92, localhost, executor driver, partition 161, PROCESS_LOCAL, 5890 bytes)
20/07/22 15:41:35 INFO TaskSetManager: Finished task 160.0 in stage 4.0 (TID 91) in 6 ms on localhost (executor driver) (88/200)
20/07/22 15:41:35 INFO Executor: Running task 161.0 in stage 4.0 (TID 92)
20/07/22 15:41:35 INFO ShuffleBlockFetcherIterator: Getting 0 non-empty blocks out of 1 blocks
20/07/22 15:41:35 INFO ShuffleBlockFetcherIterator: Started 0 remote fetches in 0 ms
20/07/22 15:41:35 INFO Executor: Finished task 161.0 in stage 4.0 (TID 92). 4076 bytes result sent to driver
20/07/22 15:41:35 INFO TaskSetManager: Starting task 162.0 in stage 4.0 (TID 93, localhost, executor driver, partition 162, PROCESS_LOCAL, 5890 bytes)
20/07/22 15:41:35 INFO TaskSetManager: Finished task 161.0 in stage 4.0 (TID 92) in 5 ms on localhost (executor driver) (89/200)
20/07/22 15:41:35 INFO Executor: Running task 162.0 in stage 4.0 (TID 93)
20/07/22 15:41:35 INFO ShuffleBlockFetcherIterator: Getting 0 non-empty blocks out of 1 blocks
20/07/22 15:41:35 INFO ShuffleBlockFetcherIterator: Started 0 remote fetches in 1 ms
20/07/22 15:41:35 INFO Executor: Finished task 162.0 in stage 4.0 (TID 93). 4076 bytes result sent to driver
20/07/22 15:41:35 INFO TaskSetManager: Starting task 163.0 in stage 4.0 (TID 94, localhost, executor driver, partition 163, PROCESS_LOCAL, 5890 bytes)
20/07/22 15:41:35 INFO Executor: Running task 163.0 in stage 4.0 (TID 94)
20/07/22 15:41:35 INFO TaskSetManager: Finished task 162.0 in stage 4.0 (TID 93) in 4 ms on localhost (executor driver) (90/200)
20/07/22 15:41:35 INFO ShuffleBlockFetcherIterator: Getting 0 non-empty blocks out of 1 blocks
20/07/22 15:41:35 INFO ShuffleBlockFetcherIterator: Started 0 remote fetches in 0 ms
20/07/22 15:41:35 INFO Executor: Finished task 163.0 in stage 4.0 (TID 94). 4149 bytes result sent to driver
20/07/22 15:41:35 INFO BlockManagerInfo: Removed broadcast_6_piece0 on 172.20.10.3:39453 in memory (size: 11.6 KB, free: 93.3 MB)
20/07/22 15:41:35 INFO TaskSetManager: Starting task 164.0 in stage 4.0 (TID 95, localhost, executor driver, partition 164, PROCESS_LOCAL, 5890 bytes)
20/07/22 15:41:35 INFO Executor: Running task 164.0 in stage 4.0 (TID 95)
20/07/22 15:41:35 INFO TaskSetManager: Finished task 163.0 in stage 4.0 (TID 94) in 9 ms on localhost (executor driver) (91/200)
20/07/22 15:41:35 INFO ShuffleBlockFetcherIterator: Getting 0 non-empty blocks out of 1 blocks
20/07/22 15:41:35 INFO ShuffleBlockFetcherIterator: Started 0 remote fetches in 0 ms
20/07/22 15:41:35 INFO Executor: Finished task 164.0 in stage 4.0 (TID 95). 4076 bytes result sent to driver
20/07/22 15:41:35 INFO TaskSetManager: Starting task 165.0 in stage 4.0 (TID 96, localhost, executor driver, partition 165, PROCESS_LOCAL, 5890 bytes)
20/07/22 15:41:35 INFO Executor: Running task 165.0 in stage 4.0 (TID 96)
20/07/22 15:41:35 INFO TaskSetManager: Finished task 164.0 in stage 4.0 (TID 95) in 5 ms on localhost (executor driver) (92/200)
20/07/22 15:41:35 INFO ShuffleBlockFetcherIterator: Getting 0 non-empty blocks out of 1 blocks
20/07/22 15:41:35 INFO ShuffleBlockFetcherIterator: Started 0 remote fetches in 0 ms
20/07/22 15:41:35 INFO Executor: Finished task 165.0 in stage 4.0 (TID 96). 4076 bytes result sent to driver
20/07/22 15:41:35 INFO TaskSetManager: Starting task 166.0 in stage 4.0 (TID 97, localhost, executor driver, partition 166, PROCESS_LOCAL, 5890 bytes)
20/07/22 15:41:35 INFO TaskSetManager: Finished task 165.0 in stage 4.0 (TID 96) in 4 ms on localhost (executor driver) (93/200)
20/07/22 15:41:35 INFO Executor: Running task 166.0 in stage 4.0 (TID 97)
20/07/22 15:41:35 INFO ShuffleBlockFetcherIterator: Getting 0 non-empty blocks out of 1 blocks
20/07/22 15:41:35 INFO ShuffleBlockFetcherIterator: Started 0 remote fetches in 0 ms
20/07/22 15:41:35 INFO Executor: Finished task 166.0 in stage 4.0 (TID 97). 4084 bytes result sent to driver
20/07/22 15:41:35 INFO TaskSetManager: Starting task 169.0 in stage 4.0 (TID 98, localhost, executor driver, partition 169, PROCESS_LOCAL, 5890 bytes)
20/07/22 15:41:35 INFO TaskSetManager: Finished task 166.0 in stage 4.0 (TID 97) in 4 ms on localhost (executor driver) (94/200)
20/07/22 15:41:35 INFO Executor: Running task 169.0 in stage 4.0 (TID 98)
20/07/22 15:41:35 INFO ShuffleBlockFetcherIterator: Getting 0 non-empty blocks out of 1 blocks
20/07/22 15:41:35 INFO ShuffleBlockFetcherIterator: Started 0 remote fetches in 0 ms
20/07/22 15:41:35 INFO Executor: Finished task 169.0 in stage 4.0 (TID 98). 4076 bytes result sent to driver
20/07/22 15:41:35 INFO TaskSetManager: Starting task 170.0 in stage 4.0 (TID 99, localhost, executor driver, partition 170, PROCESS_LOCAL, 5890 bytes)
20/07/22 15:41:35 INFO TaskSetManager: Finished task 169.0 in stage 4.0 (TID 98) in 4 ms on localhost (executor driver) (95/200)
20/07/22 15:41:35 INFO Executor: Running task 170.0 in stage 4.0 (TID 99)
20/07/22 15:41:35 INFO ShuffleBlockFetcherIterator: Getting 0 non-empty blocks out of 1 blocks
20/07/22 15:41:35 INFO ShuffleBlockFetcherIterator: Started 0 remote fetches in 0 ms
20/07/22 15:41:35 INFO Executor: Finished task 170.0 in stage 4.0 (TID 99). 3997 bytes result sent to driver
20/07/22 15:41:35 INFO TaskSetManager: Starting task 171.0 in stage 4.0 (TID 100, localhost, executor driver, partition 171, PROCESS_LOCAL, 5890 bytes)
20/07/22 15:41:35 INFO TaskSetManager: Finished task 170.0 in stage 4.0 (TID 99) in 4 ms on localhost (executor driver) (96/200)
20/07/22 15:41:35 INFO Executor: Running task 171.0 in stage 4.0 (TID 100)
20/07/22 15:41:35 INFO ShuffleBlockFetcherIterator: Getting 0 non-empty blocks out of 1 blocks
20/07/22 15:41:35 INFO ShuffleBlockFetcherIterator: Started 0 remote fetches in 0 ms
20/07/22 15:41:35 INFO Executor: Finished task 171.0 in stage 4.0 (TID 100). 4076 bytes result sent to driver
20/07/22 15:41:35 INFO TaskSetManager: Starting task 173.0 in stage 4.0 (TID 101, localhost, executor driver, partition 173, PROCESS_LOCAL, 5890 bytes)
20/07/22 15:41:35 INFO TaskSetManager: Finished task 171.0 in stage 4.0 (TID 100) in 3 ms on localhost (executor driver) (97/200)
20/07/22 15:41:35 INFO Executor: Running task 173.0 in stage 4.0 (TID 101)
20/07/22 15:41:35 INFO ShuffleBlockFetcherIterator: Getting 0 non-empty blocks out of 1 blocks
20/07/22 15:41:35 INFO ShuffleBlockFetcherIterator: Started 0 remote fetches in 0 ms
20/07/22 15:41:35 INFO Executor: Finished task 173.0 in stage 4.0 (TID 101). 4076 bytes result sent to driver
20/07/22 15:41:35 INFO TaskSetManager: Starting task 175.0 in stage 4.0 (TID 102, localhost, executor driver, partition 175, PROCESS_LOCAL, 5890 bytes)
20/07/22 15:41:35 INFO TaskSetManager: Finished task 173.0 in stage 4.0 (TID 101) in 4 ms on localhost (executor driver) (98/200)
20/07/22 15:41:35 INFO Executor: Running task 175.0 in stage 4.0 (TID 102)
20/07/22 15:41:35 INFO ShuffleBlockFetcherIterator: Getting 0 non-empty blocks out of 1 blocks
20/07/22 15:41:35 INFO ShuffleBlockFetcherIterator: Started 0 remote fetches in 0 ms
20/07/22 15:41:35 INFO Executor: Finished task 175.0 in stage 4.0 (TID 102). 4076 bytes result sent to driver
20/07/22 15:41:35 INFO TaskSetManager: Starting task 176.0 in stage 4.0 (TID 103, localhost, executor driver, partition 176, PROCESS_LOCAL, 5890 bytes)
20/07/22 15:41:35 INFO TaskSetManager: Finished task 175.0 in stage 4.0 (TID 102) in 5 ms on localhost (executor driver) (99/200)
20/07/22 15:41:35 INFO Executor: Running task 176.0 in stage 4.0 (TID 103)
20/07/22 15:41:35 INFO ShuffleBlockFetcherIterator: Getting 0 non-empty blocks out of 1 blocks
20/07/22 15:41:35 INFO ShuffleBlockFetcherIterator: Started 0 remote fetches in 0 ms
20/07/22 15:41:35 INFO Executor: Finished task 176.0 in stage 4.0 (TID 103). 4076 bytes result sent to driver
20/07/22 15:41:35 INFO TaskSetManager: Starting task 178.0 in stage 4.0 (TID 104, localhost, executor driver, partition 178, PROCESS_LOCAL, 5890 bytes)
20/07/22 15:41:35 INFO Executor: Running task 178.0 in stage 4.0 (TID 104)
20/07/22 15:41:35 INFO TaskSetManager: Finished task 176.0 in stage 4.0 (TID 103) in 6 ms on localhost (executor driver) (100/200)
20/07/22 15:41:35 INFO ShuffleBlockFetcherIterator: Getting 0 non-empty blocks out of 1 blocks
20/07/22 15:41:35 INFO ShuffleBlockFetcherIterator: Started 0 remote fetches in 0 ms
20/07/22 15:41:35 INFO Executor: Finished task 178.0 in stage 4.0 (TID 104). 4076 bytes result sent to driver
20/07/22 15:41:35 INFO TaskSetManager: Starting task 179.0 in stage 4.0 (TID 105, localhost, executor driver, partition 179, PROCESS_LOCAL, 5890 bytes)
20/07/22 15:41:35 INFO Executor: Running task 179.0 in stage 4.0 (TID 105)
20/07/22 15:41:35 INFO TaskSetManager: Finished task 178.0 in stage 4.0 (TID 104) in 4 ms on localhost (executor driver) (101/200)
20/07/22 15:41:35 INFO ShuffleBlockFetcherIterator: Getting 0 non-empty blocks out of 1 blocks
20/07/22 15:41:35 INFO ShuffleBlockFetcherIterator: Started 0 remote fetches in 0 ms
20/07/22 15:41:35 INFO Executor: Finished task 179.0 in stage 4.0 (TID 105). 4076 bytes result sent to driver
20/07/22 15:41:35 INFO TaskSetManager: Starting task 182.0 in stage 4.0 (TID 106, localhost, executor driver, partition 182, PROCESS_LOCAL, 5890 bytes)
20/07/22 15:41:35 INFO Executor: Running task 182.0 in stage 4.0 (TID 106)
20/07/22 15:41:35 INFO TaskSetManager: Finished task 179.0 in stage 4.0 (TID 105) in 4 ms on localhost (executor driver) (102/200)
20/07/22 15:41:35 INFO ShuffleBlockFetcherIterator: Getting 0 non-empty blocks out of 1 blocks
20/07/22 15:41:35 INFO ShuffleBlockFetcherIterator: Started 0 remote fetches in 0 ms
20/07/22 15:41:35 INFO Executor: Finished task 182.0 in stage 4.0 (TID 106). 4076 bytes result sent to driver
20/07/22 15:41:35 INFO TaskSetManager: Starting task 183.0 in stage 4.0 (TID 107, localhost, executor driver, partition 183, PROCESS_LOCAL, 5890 bytes)
20/07/22 15:41:35 INFO Executor: Running task 183.0 in stage 4.0 (TID 107)
20/07/22 15:41:35 INFO TaskSetManager: Finished task 182.0 in stage 4.0 (TID 106) in 5 ms on localhost (executor driver) (103/200)
20/07/22 15:41:35 INFO ShuffleBlockFetcherIterator: Getting 0 non-empty blocks out of 1 blocks
20/07/22 15:41:35 INFO ShuffleBlockFetcherIterator: Started 0 remote fetches in 0 ms
20/07/22 15:41:35 INFO Executor: Finished task 183.0 in stage 4.0 (TID 107). 4076 bytes result sent to driver
20/07/22 15:41:35 INFO TaskSetManager: Starting task 184.0 in stage 4.0 (TID 108, localhost, executor driver, partition 184, PROCESS_LOCAL, 5890 bytes)
20/07/22 15:41:35 INFO TaskSetManager: Finished task 183.0 in stage 4.0 (TID 107) in 4 ms on localhost (executor driver) (104/200)
20/07/22 15:41:35 INFO Executor: Running task 184.0 in stage 4.0 (TID 108)
20/07/22 15:41:35 INFO ShuffleBlockFetcherIterator: Getting 0 non-empty blocks out of 1 blocks
20/07/22 15:41:35 INFO ShuffleBlockFetcherIterator: Started 0 remote fetches in 0 ms
20/07/22 15:41:35 INFO Executor: Finished task 184.0 in stage 4.0 (TID 108). 4076 bytes result sent to driver
20/07/22 15:41:35 INFO TaskSetManager: Starting task 185.0 in stage 4.0 (TID 109, localhost, executor driver, partition 185, PROCESS_LOCAL, 5890 bytes)
20/07/22 15:41:35 INFO Executor: Running task 185.0 in stage 4.0 (TID 109)
20/07/22 15:41:35 INFO TaskSetManager: Finished task 184.0 in stage 4.0 (TID 108) in 5 ms on localhost (executor driver) (105/200)
20/07/22 15:41:35 INFO ShuffleBlockFetcherIterator: Getting 0 non-empty blocks out of 1 blocks
20/07/22 15:41:35 INFO ShuffleBlockFetcherIterator: Started 0 remote fetches in 0 ms
20/07/22 15:41:35 INFO Executor: Finished task 185.0 in stage 4.0 (TID 109). 4076 bytes result sent to driver
20/07/22 15:41:35 INFO TaskSetManager: Starting task 186.0 in stage 4.0 (TID 110, localhost, executor driver, partition 186, PROCESS_LOCAL, 5890 bytes)
20/07/22 15:41:35 INFO TaskSetManager: Finished task 185.0 in stage 4.0 (TID 109) in 4 ms on localhost (executor driver) (106/200)
20/07/22 15:41:35 INFO Executor: Running task 186.0 in stage 4.0 (TID 110)
20/07/22 15:41:35 INFO ShuffleBlockFetcherIterator: Getting 0 non-empty blocks out of 1 blocks
20/07/22 15:41:35 INFO ShuffleBlockFetcherIterator: Started 0 remote fetches in 0 ms
20/07/22 15:41:35 INFO Executor: Finished task 186.0 in stage 4.0 (TID 110). 4076 bytes result sent to driver
20/07/22 15:41:35 INFO TaskSetManager: Starting task 187.0 in stage 4.0 (TID 111, localhost, executor driver, partition 187, PROCESS_LOCAL, 5890 bytes)
20/07/22 15:41:35 INFO Executor: Running task 187.0 in stage 4.0 (TID 111)
20/07/22 15:41:35 INFO TaskSetManager: Finished task 186.0 in stage 4.0 (TID 110) in 5 ms on localhost (executor driver) (107/200)
20/07/22 15:41:35 INFO ShuffleBlockFetcherIterator: Getting 0 non-empty blocks out of 1 blocks
20/07/22 15:41:35 INFO ShuffleBlockFetcherIterator: Started 0 remote fetches in 0 ms
20/07/22 15:41:35 INFO Executor: Finished task 187.0 in stage 4.0 (TID 111). 4076 bytes result sent to driver
20/07/22 15:41:35 INFO TaskSetManager: Starting task 190.0 in stage 4.0 (TID 112, localhost, executor driver, partition 190, PROCESS_LOCAL, 5890 bytes)
20/07/22 15:41:35 INFO Executor: Running task 190.0 in stage 4.0 (TID 112)
20/07/22 15:41:35 INFO TaskSetManager: Finished task 187.0 in stage 4.0 (TID 111) in 4 ms on localhost (executor driver) (108/200)
20/07/22 15:41:35 INFO ShuffleBlockFetcherIterator: Getting 0 non-empty blocks out of 1 blocks
20/07/22 15:41:35 INFO ShuffleBlockFetcherIterator: Started 0 remote fetches in 0 ms
20/07/22 15:41:35 INFO Executor: Finished task 190.0 in stage 4.0 (TID 112). 4076 bytes result sent to driver
20/07/22 15:41:35 INFO TaskSetManager: Starting task 191.0 in stage 4.0 (TID 113, localhost, executor driver, partition 191, PROCESS_LOCAL, 5890 bytes)
20/07/22 15:41:35 INFO TaskSetManager: Finished task 190.0 in stage 4.0 (TID 112) in 4 ms on localhost (executor driver) (109/200)
20/07/22 15:41:35 INFO Executor: Running task 191.0 in stage 4.0 (TID 113)
20/07/22 15:41:35 INFO ShuffleBlockFetcherIterator: Getting 0 non-empty blocks out of 1 blocks
20/07/22 15:41:35 INFO ShuffleBlockFetcherIterator: Started 0 remote fetches in 0 ms
20/07/22 15:41:35 INFO Executor: Finished task 191.0 in stage 4.0 (TID 113). 4076 bytes result sent to driver
20/07/22 15:41:35 INFO TaskSetManager: Starting task 192.0 in stage 4.0 (TID 114, localhost, executor driver, partition 192, PROCESS_LOCAL, 5890 bytes)
20/07/22 15:41:35 INFO Executor: Running task 192.0 in stage 4.0 (TID 114)
20/07/22 15:41:35 INFO TaskSetManager: Finished task 191.0 in stage 4.0 (TID 113) in 4 ms on localhost (executor driver) (110/200)
20/07/22 15:41:35 INFO ShuffleBlockFetcherIterator: Getting 0 non-empty blocks out of 1 blocks
20/07/22 15:41:35 INFO ShuffleBlockFetcherIterator: Started 0 remote fetches in 0 ms
20/07/22 15:41:35 INFO Executor: Finished task 192.0 in stage 4.0 (TID 114). 4076 bytes result sent to driver
20/07/22 15:41:35 INFO TaskSetManager: Starting task 193.0 in stage 4.0 (TID 115, localhost, executor driver, partition 193, PROCESS_LOCAL, 5890 bytes)
20/07/22 15:41:35 INFO TaskSetManager: Finished task 192.0 in stage 4.0 (TID 114) in 5 ms on localhost (executor driver) (111/200)
20/07/22 15:41:35 INFO Executor: Running task 193.0 in stage 4.0 (TID 115)
20/07/22 15:41:35 INFO ShuffleBlockFetcherIterator: Getting 0 non-empty blocks out of 1 blocks
20/07/22 15:41:35 INFO ShuffleBlockFetcherIterator: Started 0 remote fetches in 0 ms
20/07/22 15:41:35 INFO Executor: Finished task 193.0 in stage 4.0 (TID 115). 4076 bytes result sent to driver
20/07/22 15:41:35 INFO TaskSetManager: Starting task 197.0 in stage 4.0 (TID 116, localhost, executor driver, partition 197, PROCESS_LOCAL, 5890 bytes)
20/07/22 15:41:35 INFO TaskSetManager: Finished task 193.0 in stage 4.0 (TID 115) in 5 ms on localhost (executor driver) (112/200)
20/07/22 15:41:35 INFO Executor: Running task 197.0 in stage 4.0 (TID 116)
20/07/22 15:41:35 INFO ShuffleBlockFetcherIterator: Getting 0 non-empty blocks out of 1 blocks
20/07/22 15:41:35 INFO ShuffleBlockFetcherIterator: Started 0 remote fetches in 0 ms
20/07/22 15:41:35 INFO Executor: Finished task 197.0 in stage 4.0 (TID 116). 4076 bytes result sent to driver
20/07/22 15:41:35 INFO TaskSetManager: Starting task 198.0 in stage 4.0 (TID 117, localhost, executor driver, partition 198, PROCESS_LOCAL, 5890 bytes)
20/07/22 15:41:35 INFO TaskSetManager: Finished task 197.0 in stage 4.0 (TID 116) in 5 ms on localhost (executor driver) (113/200)
20/07/22 15:41:35 INFO Executor: Running task 198.0 in stage 4.0 (TID 117)
20/07/22 15:41:35 INFO ShuffleBlockFetcherIterator: Getting 0 non-empty blocks out of 1 blocks
20/07/22 15:41:35 INFO ShuffleBlockFetcherIterator: Started 0 remote fetches in 0 ms
20/07/22 15:41:35 INFO Executor: Finished task 198.0 in stage 4.0 (TID 117). 4076 bytes result sent to driver
20/07/22 15:41:35 INFO TaskSetManager: Starting task 199.0 in stage 4.0 (TID 118, localhost, executor driver, partition 199, PROCESS_LOCAL, 5890 bytes)
20/07/22 15:41:35 INFO Executor: Running task 199.0 in stage 4.0 (TID 118)
20/07/22 15:41:35 INFO TaskSetManager: Finished task 198.0 in stage 4.0 (TID 117) in 5 ms on localhost (executor driver) (114/200)
20/07/22 15:41:35 INFO ShuffleBlockFetcherIterator: Getting 0 non-empty blocks out of 1 blocks
20/07/22 15:41:35 INFO ShuffleBlockFetcherIterator: Started 0 remote fetches in 0 ms
20/07/22 15:41:35 INFO Executor: Finished task 199.0 in stage 4.0 (TID 118). 4076 bytes result sent to driver
20/07/22 15:41:35 INFO TaskSetManager: Starting task 3.0 in stage 4.0 (TID 119, localhost, executor driver, partition 3, ANY, 5890 bytes)
20/07/22 15:41:35 INFO Executor: Running task 3.0 in stage 4.0 (TID 119)
20/07/22 15:41:35 INFO TaskSetManager: Finished task 199.0 in stage 4.0 (TID 118) in 4 ms on localhost (executor driver) (115/200)
20/07/22 15:41:35 INFO ShuffleBlockFetcherIterator: Getting 1 non-empty blocks out of 1 blocks
20/07/22 15:41:35 INFO ShuffleBlockFetcherIterator: Started 0 remote fetches in 0 ms
20/07/22 15:41:35 INFO Executor: Finished task 3.0 in stage 4.0 (TID 119). 4251 bytes result sent to driver
20/07/22 15:41:35 INFO TaskSetManager: Starting task 4.0 in stage 4.0 (TID 120, localhost, executor driver, partition 4, ANY, 5890 bytes)
20/07/22 15:41:35 INFO Executor: Running task 4.0 in stage 4.0 (TID 120)
20/07/22 15:41:35 INFO TaskSetManager: Finished task 3.0 in stage 4.0 (TID 119) in 6 ms on localhost (executor driver) (116/200)
20/07/22 15:41:35 INFO ShuffleBlockFetcherIterator: Getting 1 non-empty blocks out of 1 blocks
20/07/22 15:41:35 INFO ShuffleBlockFetcherIterator: Started 0 remote fetches in 0 ms
20/07/22 15:41:35 INFO Executor: Finished task 4.0 in stage 4.0 (TID 120). 4243 bytes result sent to driver
20/07/22 15:41:35 INFO TaskSetManager: Starting task 5.0 in stage 4.0 (TID 121, localhost, executor driver, partition 5, ANY, 5890 bytes)
20/07/22 15:41:35 INFO Executor: Running task 5.0 in stage 4.0 (TID 121)
20/07/22 15:41:35 INFO TaskSetManager: Finished task 4.0 in stage 4.0 (TID 120) in 5 ms on localhost (executor driver) (117/200)
20/07/22 15:41:35 INFO ShuffleBlockFetcherIterator: Getting 1 non-empty blocks out of 1 blocks
20/07/22 15:41:35 INFO ShuffleBlockFetcherIterator: Started 0 remote fetches in 0 ms
20/07/22 15:41:35 INFO Executor: Finished task 5.0 in stage 4.0 (TID 121). 4243 bytes result sent to driver
20/07/22 15:41:35 INFO TaskSetManager: Starting task 10.0 in stage 4.0 (TID 122, localhost, executor driver, partition 10, ANY, 5890 bytes)
20/07/22 15:41:35 INFO TaskSetManager: Finished task 5.0 in stage 4.0 (TID 121) in 5 ms on localhost (executor driver) (118/200)
20/07/22 15:41:35 INFO Executor: Running task 10.0 in stage 4.0 (TID 122)
20/07/22 15:41:35 INFO ShuffleBlockFetcherIterator: Getting 1 non-empty blocks out of 1 blocks
20/07/22 15:41:35 INFO ShuffleBlockFetcherIterator: Started 0 remote fetches in 1 ms
20/07/22 15:41:35 INFO Executor: Finished task 10.0 in stage 4.0 (TID 122). 4251 bytes result sent to driver
20/07/22 15:41:35 INFO TaskSetManager: Starting task 16.0 in stage 4.0 (TID 123, localhost, executor driver, partition 16, ANY, 5890 bytes)
20/07/22 15:41:35 INFO Executor: Running task 16.0 in stage 4.0 (TID 123)
20/07/22 15:41:35 INFO TaskSetManager: Finished task 10.0 in stage 4.0 (TID 122) in 5 ms on localhost (executor driver) (119/200)
20/07/22 15:41:35 INFO ShuffleBlockFetcherIterator: Getting 1 non-empty blocks out of 1 blocks
20/07/22 15:41:35 INFO ShuffleBlockFetcherIterator: Started 0 remote fetches in 0 ms
20/07/22 15:41:35 INFO Executor: Finished task 16.0 in stage 4.0 (TID 123). 4243 bytes result sent to driver
20/07/22 15:41:35 INFO TaskSetManager: Starting task 18.0 in stage 4.0 (TID 124, localhost, executor driver, partition 18, ANY, 5890 bytes)
20/07/22 15:41:35 INFO Executor: Running task 18.0 in stage 4.0 (TID 124)
20/07/22 15:41:35 INFO TaskSetManager: Finished task 16.0 in stage 4.0 (TID 123) in 5 ms on localhost (executor driver) (120/200)
20/07/22 15:41:35 INFO ShuffleBlockFetcherIterator: Getting 1 non-empty blocks out of 1 blocks
20/07/22 15:41:35 INFO ShuffleBlockFetcherIterator: Started 0 remote fetches in 0 ms
20/07/22 15:41:35 INFO Executor: Finished task 18.0 in stage 4.0 (TID 124). 4243 bytes result sent to driver
20/07/22 15:41:35 INFO TaskSetManager: Starting task 19.0 in stage 4.0 (TID 125, localhost, executor driver, partition 19, ANY, 5890 bytes)
20/07/22 15:41:35 INFO Executor: Running task 19.0 in stage 4.0 (TID 125)
20/07/22 15:41:35 INFO TaskSetManager: Finished task 18.0 in stage 4.0 (TID 124) in 4 ms on localhost (executor driver) (121/200)
20/07/22 15:41:35 INFO ShuffleBlockFetcherIterator: Getting 1 non-empty blocks out of 1 blocks
20/07/22 15:41:35 INFO ShuffleBlockFetcherIterator: Started 0 remote fetches in 0 ms
20/07/22 15:41:35 INFO Executor: Finished task 19.0 in stage 4.0 (TID 125). 4243 bytes result sent to driver
20/07/22 15:41:35 INFO TaskSetManager: Starting task 20.0 in stage 4.0 (TID 126, localhost, executor driver, partition 20, ANY, 5890 bytes)
20/07/22 15:41:35 INFO Executor: Running task 20.0 in stage 4.0 (TID 126)
20/07/22 15:41:35 INFO TaskSetManager: Finished task 19.0 in stage 4.0 (TID 125) in 4 ms on localhost (executor driver) (122/200)
20/07/22 15:41:35 INFO ShuffleBlockFetcherIterator: Getting 1 non-empty blocks out of 1 blocks
20/07/22 15:41:35 INFO ShuffleBlockFetcherIterator: Started 0 remote fetches in 0 ms
20/07/22 15:41:35 INFO Executor: Finished task 20.0 in stage 4.0 (TID 126). 4243 bytes result sent to driver
20/07/22 15:41:35 INFO TaskSetManager: Starting task 21.0 in stage 4.0 (TID 127, localhost, executor driver, partition 21, ANY, 5890 bytes)
20/07/22 15:41:35 INFO Executor: Running task 21.0 in stage 4.0 (TID 127)
20/07/22 15:41:35 INFO TaskSetManager: Finished task 20.0 in stage 4.0 (TID 126) in 3 ms on localhost (executor driver) (123/200)
20/07/22 15:41:35 INFO ShuffleBlockFetcherIterator: Getting 1 non-empty blocks out of 1 blocks
20/07/22 15:41:35 INFO ShuffleBlockFetcherIterator: Started 0 remote fetches in 0 ms
20/07/22 15:41:35 INFO Executor: Finished task 21.0 in stage 4.0 (TID 127). 4243 bytes result sent to driver
20/07/22 15:41:35 INFO TaskSetManager: Starting task 22.0 in stage 4.0 (TID 128, localhost, executor driver, partition 22, ANY, 5890 bytes)
20/07/22 15:41:35 INFO TaskSetManager: Finished task 21.0 in stage 4.0 (TID 127) in 4 ms on localhost (executor driver) (124/200)
20/07/22 15:41:35 INFO Executor: Running task 22.0 in stage 4.0 (TID 128)
20/07/22 15:41:35 INFO ShuffleBlockFetcherIterator: Getting 1 non-empty blocks out of 1 blocks
20/07/22 15:41:35 INFO ShuffleBlockFetcherIterator: Started 0 remote fetches in 0 ms
20/07/22 15:41:35 INFO Executor: Finished task 22.0 in stage 4.0 (TID 128). 4292 bytes result sent to driver
20/07/22 15:41:35 INFO TaskSetManager: Starting task 23.0 in stage 4.0 (TID 129, localhost, executor driver, partition 23, ANY, 5890 bytes)
20/07/22 15:41:35 INFO Executor: Running task 23.0 in stage 4.0 (TID 129)
20/07/22 15:41:35 INFO TaskSetManager: Finished task 22.0 in stage 4.0 (TID 128) in 5 ms on localhost (executor driver) (125/200)
20/07/22 15:41:35 INFO ShuffleBlockFetcherIterator: Getting 1 non-empty blocks out of 1 blocks
20/07/22 15:41:35 INFO ShuffleBlockFetcherIterator: Started 0 remote fetches in 0 ms
20/07/22 15:41:35 INFO Executor: Finished task 23.0 in stage 4.0 (TID 129). 4243 bytes result sent to driver
20/07/22 15:41:35 INFO TaskSetManager: Starting task 25.0 in stage 4.0 (TID 130, localhost, executor driver, partition 25, ANY, 5890 bytes)
20/07/22 15:41:35 INFO TaskSetManager: Finished task 23.0 in stage 4.0 (TID 129) in 8 ms on localhost (executor driver) (126/200)
20/07/22 15:41:35 INFO Executor: Running task 25.0 in stage 4.0 (TID 130)
20/07/22 15:41:35 INFO ShuffleBlockFetcherIterator: Getting 1 non-empty blocks out of 1 blocks
20/07/22 15:41:35 INFO ShuffleBlockFetcherIterator: Started 0 remote fetches in 0 ms
20/07/22 15:41:35 INFO Executor: Finished task 25.0 in stage 4.0 (TID 130). 4251 bytes result sent to driver
20/07/22 15:41:35 INFO TaskSetManager: Starting task 26.0 in stage 4.0 (TID 131, localhost, executor driver, partition 26, ANY, 5890 bytes)
20/07/22 15:41:35 INFO Executor: Running task 26.0 in stage 4.0 (TID 131)
20/07/22 15:41:35 INFO TaskSetManager: Finished task 25.0 in stage 4.0 (TID 130) in 6 ms on localhost (executor driver) (127/200)
20/07/22 15:41:35 INFO ShuffleBlockFetcherIterator: Getting 1 non-empty blocks out of 1 blocks
20/07/22 15:41:35 INFO ShuffleBlockFetcherIterator: Started 0 remote fetches in 0 ms
20/07/22 15:41:35 INFO Executor: Finished task 26.0 in stage 4.0 (TID 131). 4251 bytes result sent to driver
20/07/22 15:41:35 INFO TaskSetManager: Starting task 29.0 in stage 4.0 (TID 132, localhost, executor driver, partition 29, ANY, 5890 bytes)
20/07/22 15:41:35 INFO TaskSetManager: Finished task 26.0 in stage 4.0 (TID 131) in 5 ms on localhost (executor driver) (128/200)
20/07/22 15:41:35 INFO Executor: Running task 29.0 in stage 4.0 (TID 132)
20/07/22 15:41:35 INFO ShuffleBlockFetcherIterator: Getting 1 non-empty blocks out of 1 blocks
20/07/22 15:41:35 INFO ShuffleBlockFetcherIterator: Started 0 remote fetches in 0 ms
20/07/22 15:41:35 INFO Executor: Finished task 29.0 in stage 4.0 (TID 132). 4251 bytes result sent to driver
20/07/22 15:41:35 INFO TaskSetManager: Starting task 31.0 in stage 4.0 (TID 133, localhost, executor driver, partition 31, ANY, 5890 bytes)
20/07/22 15:41:35 INFO Executor: Running task 31.0 in stage 4.0 (TID 133)
20/07/22 15:41:35 INFO TaskSetManager: Finished task 29.0 in stage 4.0 (TID 132) in 5 ms on localhost (executor driver) (129/200)
20/07/22 15:41:35 INFO ShuffleBlockFetcherIterator: Getting 1 non-empty blocks out of 1 blocks
20/07/22 15:41:35 INFO ShuffleBlockFetcherIterator: Started 0 remote fetches in 0 ms
20/07/22 15:41:35 INFO Executor: Finished task 31.0 in stage 4.0 (TID 133). 4300 bytes result sent to driver
20/07/22 15:41:35 INFO TaskSetManager: Starting task 34.0 in stage 4.0 (TID 134, localhost, executor driver, partition 34, ANY, 5890 bytes)
20/07/22 15:41:35 INFO TaskSetManager: Finished task 31.0 in stage 4.0 (TID 133) in 4 ms on localhost (executor driver) (130/200)
20/07/22 15:41:35 INFO Executor: Running task 34.0 in stage 4.0 (TID 134)
20/07/22 15:41:35 INFO ShuffleBlockFetcherIterator: Getting 1 non-empty blocks out of 1 blocks
20/07/22 15:41:35 INFO ShuffleBlockFetcherIterator: Started 0 remote fetches in 0 ms
20/07/22 15:41:35 INFO Executor: Finished task 34.0 in stage 4.0 (TID 134). 4243 bytes result sent to driver
20/07/22 15:41:35 INFO TaskSetManager: Starting task 35.0 in stage 4.0 (TID 135, localhost, executor driver, partition 35, ANY, 5890 bytes)
20/07/22 15:41:35 INFO Executor: Running task 35.0 in stage 4.0 (TID 135)
20/07/22 15:41:35 INFO TaskSetManager: Finished task 34.0 in stage 4.0 (TID 134) in 6 ms on localhost (executor driver) (131/200)
20/07/22 15:41:35 INFO ShuffleBlockFetcherIterator: Getting 1 non-empty blocks out of 1 blocks
20/07/22 15:41:35 INFO ShuffleBlockFetcherIterator: Started 0 remote fetches in 0 ms
20/07/22 15:41:35 INFO Executor: Finished task 35.0 in stage 4.0 (TID 135). 4251 bytes result sent to driver
20/07/22 15:41:35 INFO TaskSetManager: Starting task 39.0 in stage 4.0 (TID 136, localhost, executor driver, partition 39, ANY, 5890 bytes)
20/07/22 15:41:35 INFO Executor: Running task 39.0 in stage 4.0 (TID 136)
20/07/22 15:41:35 INFO TaskSetManager: Finished task 35.0 in stage 4.0 (TID 135) in 4 ms on localhost (executor driver) (132/200)
20/07/22 15:41:35 INFO ShuffleBlockFetcherIterator: Getting 1 non-empty blocks out of 1 blocks
20/07/22 15:41:35 INFO ShuffleBlockFetcherIterator: Started 0 remote fetches in 0 ms
20/07/22 15:41:35 INFO Executor: Finished task 39.0 in stage 4.0 (TID 136). 4300 bytes result sent to driver
20/07/22 15:41:35 INFO TaskSetManager: Starting task 41.0 in stage 4.0 (TID 137, localhost, executor driver, partition 41, ANY, 5890 bytes)
20/07/22 15:41:35 INFO Executor: Running task 41.0 in stage 4.0 (TID 137)
20/07/22 15:41:35 INFO TaskSetManager: Finished task 39.0 in stage 4.0 (TID 136) in 4 ms on localhost (executor driver) (133/200)
20/07/22 15:41:35 INFO ShuffleBlockFetcherIterator: Getting 1 non-empty blocks out of 1 blocks
20/07/22 15:41:35 INFO ShuffleBlockFetcherIterator: Started 0 remote fetches in 1 ms
20/07/22 15:41:35 INFO Executor: Finished task 41.0 in stage 4.0 (TID 137). 4259 bytes result sent to driver
20/07/22 15:41:35 INFO TaskSetManager: Starting task 42.0 in stage 4.0 (TID 138, localhost, executor driver, partition 42, ANY, 5890 bytes)
20/07/22 15:41:35 INFO Executor: Running task 42.0 in stage 4.0 (TID 138)
20/07/22 15:41:35 INFO TaskSetManager: Finished task 41.0 in stage 4.0 (TID 137) in 4 ms on localhost (executor driver) (134/200)
20/07/22 15:41:35 INFO ShuffleBlockFetcherIterator: Getting 1 non-empty blocks out of 1 blocks
20/07/22 15:41:35 INFO ShuffleBlockFetcherIterator: Started 0 remote fetches in 1 ms
20/07/22 15:41:35 INFO Executor: Finished task 42.0 in stage 4.0 (TID 138). 4292 bytes result sent to driver
20/07/22 15:41:35 INFO TaskSetManager: Starting task 43.0 in stage 4.0 (TID 139, localhost, executor driver, partition 43, ANY, 5890 bytes)
20/07/22 15:41:35 INFO Executor: Running task 43.0 in stage 4.0 (TID 139)
20/07/22 15:41:35 INFO TaskSetManager: Finished task 42.0 in stage 4.0 (TID 138) in 5 ms on localhost (executor driver) (135/200)
20/07/22 15:41:35 INFO ShuffleBlockFetcherIterator: Getting 1 non-empty blocks out of 1 blocks
20/07/22 15:41:35 INFO ShuffleBlockFetcherIterator: Started 0 remote fetches in 0 ms
20/07/22 15:41:35 INFO Executor: Finished task 43.0 in stage 4.0 (TID 139). 4243 bytes result sent to driver
20/07/22 15:41:35 INFO TaskSetManager: Starting task 50.0 in stage 4.0 (TID 140, localhost, executor driver, partition 50, ANY, 5890 bytes)
20/07/22 15:41:35 INFO Executor: Running task 50.0 in stage 4.0 (TID 140)
20/07/22 15:41:35 INFO TaskSetManager: Finished task 43.0 in stage 4.0 (TID 139) in 4 ms on localhost (executor driver) (136/200)
20/07/22 15:41:35 INFO ShuffleBlockFetcherIterator: Getting 1 non-empty blocks out of 1 blocks
20/07/22 15:41:35 INFO ShuffleBlockFetcherIterator: Started 0 remote fetches in 0 ms
20/07/22 15:41:35 INFO Executor: Finished task 50.0 in stage 4.0 (TID 140). 4300 bytes result sent to driver
20/07/22 15:41:35 INFO TaskSetManager: Starting task 53.0 in stage 4.0 (TID 141, localhost, executor driver, partition 53, ANY, 5890 bytes)
20/07/22 15:41:35 INFO Executor: Running task 53.0 in stage 4.0 (TID 141)
20/07/22 15:41:35 INFO TaskSetManager: Finished task 50.0 in stage 4.0 (TID 140) in 6 ms on localhost (executor driver) (137/200)
20/07/22 15:41:35 INFO ShuffleBlockFetcherIterator: Getting 1 non-empty blocks out of 1 blocks
20/07/22 15:41:35 INFO ShuffleBlockFetcherIterator: Started 0 remote fetches in 0 ms
20/07/22 15:41:35 INFO Executor: Finished task 53.0 in stage 4.0 (TID 141). 4251 bytes result sent to driver
20/07/22 15:41:35 INFO TaskSetManager: Starting task 54.0 in stage 4.0 (TID 142, localhost, executor driver, partition 54, ANY, 5890 bytes)
20/07/22 15:41:35 INFO Executor: Running task 54.0 in stage 4.0 (TID 142)
20/07/22 15:41:35 INFO TaskSetManager: Finished task 53.0 in stage 4.0 (TID 141) in 4 ms on localhost (executor driver) (138/200)
20/07/22 15:41:35 INFO ShuffleBlockFetcherIterator: Getting 1 non-empty blocks out of 1 blocks
20/07/22 15:41:35 INFO ShuffleBlockFetcherIterator: Started 0 remote fetches in 0 ms
20/07/22 15:41:35 INFO Executor: Finished task 54.0 in stage 4.0 (TID 142). 4251 bytes result sent to driver
20/07/22 15:41:35 INFO TaskSetManager: Starting task 56.0 in stage 4.0 (TID 143, localhost, executor driver, partition 56, ANY, 5890 bytes)
20/07/22 15:41:35 INFO Executor: Running task 56.0 in stage 4.0 (TID 143)
20/07/22 15:41:35 INFO TaskSetManager: Finished task 54.0 in stage 4.0 (TID 142) in 4 ms on localhost (executor driver) (139/200)
20/07/22 15:41:35 INFO ShuffleBlockFetcherIterator: Getting 1 non-empty blocks out of 1 blocks
20/07/22 15:41:35 INFO ShuffleBlockFetcherIterator: Started 0 remote fetches in 1 ms
20/07/22 15:41:35 INFO Executor: Finished task 56.0 in stage 4.0 (TID 143). 4292 bytes result sent to driver
20/07/22 15:41:35 INFO TaskSetManager: Starting task 59.0 in stage 4.0 (TID 144, localhost, executor driver, partition 59, ANY, 5890 bytes)
20/07/22 15:41:35 INFO Executor: Running task 59.0 in stage 4.0 (TID 144)
20/07/22 15:41:35 INFO TaskSetManager: Finished task 56.0 in stage 4.0 (TID 143) in 5 ms on localhost (executor driver) (140/200)
20/07/22 15:41:35 INFO ShuffleBlockFetcherIterator: Getting 1 non-empty blocks out of 1 blocks
20/07/22 15:41:35 INFO ShuffleBlockFetcherIterator: Started 0 remote fetches in 0 ms
20/07/22 15:41:35 INFO Executor: Finished task 59.0 in stage 4.0 (TID 144). 4243 bytes result sent to driver
20/07/22 15:41:35 INFO TaskSetManager: Starting task 62.0 in stage 4.0 (TID 145, localhost, executor driver, partition 62, ANY, 5890 bytes)
20/07/22 15:41:35 INFO TaskSetManager: Finished task 59.0 in stage 4.0 (TID 144) in 4 ms on localhost (executor driver) (141/200)
20/07/22 15:41:35 INFO Executor: Running task 62.0 in stage 4.0 (TID 145)
20/07/22 15:41:35 INFO ShuffleBlockFetcherIterator: Getting 1 non-empty blocks out of 1 blocks
20/07/22 15:41:35 INFO ShuffleBlockFetcherIterator: Started 0 remote fetches in 0 ms
20/07/22 15:41:35 INFO Executor: Finished task 62.0 in stage 4.0 (TID 145). 4251 bytes result sent to driver
20/07/22 15:41:35 INFO TaskSetManager: Starting task 63.0 in stage 4.0 (TID 146, localhost, executor driver, partition 63, ANY, 5890 bytes)
20/07/22 15:41:35 INFO Executor: Running task 63.0 in stage 4.0 (TID 146)
20/07/22 15:41:35 INFO TaskSetManager: Finished task 62.0 in stage 4.0 (TID 145) in 4 ms on localhost (executor driver) (142/200)
20/07/22 15:41:35 INFO ShuffleBlockFetcherIterator: Getting 1 non-empty blocks out of 1 blocks
20/07/22 15:41:35 INFO ShuffleBlockFetcherIterator: Started 0 remote fetches in 0 ms
20/07/22 15:41:35 INFO Executor: Finished task 63.0 in stage 4.0 (TID 146). 4243 bytes result sent to driver
20/07/22 15:41:35 INFO TaskSetManager: Starting task 64.0 in stage 4.0 (TID 147, localhost, executor driver, partition 64, ANY, 5890 bytes)
20/07/22 15:41:35 INFO Executor: Running task 64.0 in stage 4.0 (TID 147)
20/07/22 15:41:35 INFO TaskSetManager: Finished task 63.0 in stage 4.0 (TID 146) in 5 ms on localhost (executor driver) (143/200)
20/07/22 15:41:35 INFO ShuffleBlockFetcherIterator: Getting 1 non-empty blocks out of 1 blocks
20/07/22 15:41:35 INFO ShuffleBlockFetcherIterator: Started 0 remote fetches in 0 ms
20/07/22 15:41:35 INFO Executor: Finished task 64.0 in stage 4.0 (TID 147). 4251 bytes result sent to driver
20/07/22 15:41:35 INFO TaskSetManager: Starting task 69.0 in stage 4.0 (TID 148, localhost, executor driver, partition 69, ANY, 5890 bytes)
20/07/22 15:41:35 INFO Executor: Running task 69.0 in stage 4.0 (TID 148)
20/07/22 15:41:35 INFO TaskSetManager: Finished task 64.0 in stage 4.0 (TID 147) in 5 ms on localhost (executor driver) (144/200)
20/07/22 15:41:35 INFO ShuffleBlockFetcherIterator: Getting 1 non-empty blocks out of 1 blocks
20/07/22 15:41:35 INFO ShuffleBlockFetcherIterator: Started 0 remote fetches in 0 ms
20/07/22 15:41:35 INFO Executor: Finished task 69.0 in stage 4.0 (TID 148). 4251 bytes result sent to driver
20/07/22 15:41:35 INFO TaskSetManager: Starting task 70.0 in stage 4.0 (TID 149, localhost, executor driver, partition 70, ANY, 5890 bytes)
20/07/22 15:41:35 INFO TaskSetManager: Finished task 69.0 in stage 4.0 (TID 148) in 4 ms on localhost (executor driver) (145/200)
20/07/22 15:41:35 INFO Executor: Running task 70.0 in stage 4.0 (TID 149)
20/07/22 15:41:35 INFO ShuffleBlockFetcherIterator: Getting 1 non-empty blocks out of 1 blocks
20/07/22 15:41:35 INFO ShuffleBlockFetcherIterator: Started 0 remote fetches in 0 ms
20/07/22 15:41:35 INFO Executor: Finished task 70.0 in stage 4.0 (TID 149). 4300 bytes result sent to driver
20/07/22 15:41:35 INFO TaskSetManager: Starting task 71.0 in stage 4.0 (TID 150, localhost, executor driver, partition 71, ANY, 5890 bytes)
20/07/22 15:41:35 INFO Executor: Running task 71.0 in stage 4.0 (TID 150)
20/07/22 15:41:35 INFO TaskSetManager: Finished task 70.0 in stage 4.0 (TID 149) in 5 ms on localhost (executor driver) (146/200)
20/07/22 15:41:35 INFO ShuffleBlockFetcherIterator: Getting 1 non-empty blocks out of 1 blocks
20/07/22 15:41:35 INFO ShuffleBlockFetcherIterator: Started 0 remote fetches in 0 ms
20/07/22 15:41:35 INFO Executor: Finished task 71.0 in stage 4.0 (TID 150). 4251 bytes result sent to driver
20/07/22 15:41:35 INFO TaskSetManager: Starting task 73.0 in stage 4.0 (TID 151, localhost, executor driver, partition 73, ANY, 5890 bytes)
20/07/22 15:41:35 INFO TaskSetManager: Finished task 71.0 in stage 4.0 (TID 150) in 4 ms on localhost (executor driver) (147/200)
20/07/22 15:41:35 INFO Executor: Running task 73.0 in stage 4.0 (TID 151)
20/07/22 15:41:35 INFO ShuffleBlockFetcherIterator: Getting 1 non-empty blocks out of 1 blocks
20/07/22 15:41:35 INFO ShuffleBlockFetcherIterator: Started 0 remote fetches in 0 ms
20/07/22 15:41:35 INFO Executor: Finished task 73.0 in stage 4.0 (TID 151). 4243 bytes result sent to driver
20/07/22 15:41:35 INFO TaskSetManager: Starting task 75.0 in stage 4.0 (TID 152, localhost, executor driver, partition 75, ANY, 5890 bytes)
20/07/22 15:41:35 INFO Executor: Running task 75.0 in stage 4.0 (TID 152)
20/07/22 15:41:35 INFO TaskSetManager: Finished task 73.0 in stage 4.0 (TID 151) in 5 ms on localhost (executor driver) (148/200)
20/07/22 15:41:35 INFO ShuffleBlockFetcherIterator: Getting 1 non-empty blocks out of 1 blocks
20/07/22 15:41:35 INFO ShuffleBlockFetcherIterator: Started 0 remote fetches in 0 ms
20/07/22 15:41:35 INFO Executor: Finished task 75.0 in stage 4.0 (TID 152). 4243 bytes result sent to driver
20/07/22 15:41:35 INFO TaskSetManager: Starting task 77.0 in stage 4.0 (TID 153, localhost, executor driver, partition 77, ANY, 5890 bytes)
20/07/22 15:41:35 INFO Executor: Running task 77.0 in stage 4.0 (TID 153)
20/07/22 15:41:35 INFO TaskSetManager: Finished task 75.0 in stage 4.0 (TID 152) in 5 ms on localhost (executor driver) (149/200)
20/07/22 15:41:35 INFO ShuffleBlockFetcherIterator: Getting 1 non-empty blocks out of 1 blocks
20/07/22 15:41:35 INFO ShuffleBlockFetcherIterator: Started 0 remote fetches in 0 ms
20/07/22 15:41:35 INFO Executor: Finished task 77.0 in stage 4.0 (TID 153). 4243 bytes result sent to driver
20/07/22 15:41:35 INFO TaskSetManager: Starting task 86.0 in stage 4.0 (TID 154, localhost, executor driver, partition 86, ANY, 5890 bytes)
20/07/22 15:41:35 INFO Executor: Running task 86.0 in stage 4.0 (TID 154)
20/07/22 15:41:35 INFO TaskSetManager: Finished task 77.0 in stage 4.0 (TID 153) in 6 ms on localhost (executor driver) (150/200)
20/07/22 15:41:35 INFO ShuffleBlockFetcherIterator: Getting 1 non-empty blocks out of 1 blocks
20/07/22 15:41:35 INFO ShuffleBlockFetcherIterator: Started 0 remote fetches in 0 ms
20/07/22 15:41:35 INFO Executor: Finished task 86.0 in stage 4.0 (TID 154). 4300 bytes result sent to driver
20/07/22 15:41:35 INFO TaskSetManager: Starting task 88.0 in stage 4.0 (TID 155, localhost, executor driver, partition 88, ANY, 5890 bytes)
20/07/22 15:41:35 INFO Executor: Running task 88.0 in stage 4.0 (TID 155)
20/07/22 15:41:35 INFO TaskSetManager: Finished task 86.0 in stage 4.0 (TID 154) in 7 ms on localhost (executor driver) (151/200)
20/07/22 15:41:35 INFO ShuffleBlockFetcherIterator: Getting 1 non-empty blocks out of 1 blocks
20/07/22 15:41:35 INFO ShuffleBlockFetcherIterator: Started 0 remote fetches in 0 ms
20/07/22 15:41:35 INFO Executor: Finished task 88.0 in stage 4.0 (TID 155). 4251 bytes result sent to driver
20/07/22 15:41:35 INFO TaskSetManager: Starting task 92.0 in stage 4.0 (TID 156, localhost, executor driver, partition 92, ANY, 5890 bytes)
20/07/22 15:41:35 INFO TaskSetManager: Finished task 88.0 in stage 4.0 (TID 155) in 4 ms on localhost (executor driver) (152/200)
20/07/22 15:41:35 INFO Executor: Running task 92.0 in stage 4.0 (TID 156)
20/07/22 15:41:35 INFO ShuffleBlockFetcherIterator: Getting 1 non-empty blocks out of 1 blocks
20/07/22 15:41:35 INFO ShuffleBlockFetcherIterator: Started 0 remote fetches in 1 ms
20/07/22 15:41:35 INFO Executor: Finished task 92.0 in stage 4.0 (TID 156). 4387 bytes result sent to driver
20/07/22 15:41:35 INFO TaskSetManager: Starting task 93.0 in stage 4.0 (TID 157, localhost, executor driver, partition 93, ANY, 5890 bytes)
20/07/22 15:41:35 INFO TaskSetManager: Finished task 92.0 in stage 4.0 (TID 156) in 4 ms on localhost (executor driver) (153/200)
20/07/22 15:41:35 INFO Executor: Running task 93.0 in stage 4.0 (TID 157)
20/07/22 15:41:35 INFO ShuffleBlockFetcherIterator: Getting 1 non-empty blocks out of 1 blocks
20/07/22 15:41:35 INFO ShuffleBlockFetcherIterator: Started 0 remote fetches in 0 ms
20/07/22 15:41:35 INFO Executor: Finished task 93.0 in stage 4.0 (TID 157). 4243 bytes result sent to driver
20/07/22 15:41:35 INFO TaskSetManager: Starting task 94.0 in stage 4.0 (TID 158, localhost, executor driver, partition 94, ANY, 5890 bytes)
20/07/22 15:41:35 INFO Executor: Running task 94.0 in stage 4.0 (TID 158)
20/07/22 15:41:35 INFO TaskSetManager: Finished task 93.0 in stage 4.0 (TID 157) in 4 ms on localhost (executor driver) (154/200)
20/07/22 15:41:35 INFO ShuffleBlockFetcherIterator: Getting 1 non-empty blocks out of 1 blocks
20/07/22 15:41:35 INFO ShuffleBlockFetcherIterator: Started 0 remote fetches in 0 ms
20/07/22 15:41:35 INFO Executor: Finished task 94.0 in stage 4.0 (TID 158). 4243 bytes result sent to driver
20/07/22 15:41:35 INFO TaskSetManager: Starting task 95.0 in stage 4.0 (TID 159, localhost, executor driver, partition 95, ANY, 5890 bytes)
20/07/22 15:41:35 INFO Executor: Running task 95.0 in stage 4.0 (TID 159)
20/07/22 15:41:35 INFO TaskSetManager: Finished task 94.0 in stage 4.0 (TID 158) in 4 ms on localhost (executor driver) (155/200)
20/07/22 15:41:35 INFO ShuffleBlockFetcherIterator: Getting 1 non-empty blocks out of 1 blocks
20/07/22 15:41:35 INFO ShuffleBlockFetcherIterator: Started 0 remote fetches in 0 ms
20/07/22 15:41:35 INFO Executor: Finished task 95.0 in stage 4.0 (TID 159). 4243 bytes result sent to driver
20/07/22 15:41:35 INFO TaskSetManager: Starting task 97.0 in stage 4.0 (TID 160, localhost, executor driver, partition 97, ANY, 5890 bytes)
20/07/22 15:41:35 INFO Executor: Running task 97.0 in stage 4.0 (TID 160)
20/07/22 15:41:35 INFO TaskSetManager: Finished task 95.0 in stage 4.0 (TID 159) in 4 ms on localhost (executor driver) (156/200)
20/07/22 15:41:35 INFO ShuffleBlockFetcherIterator: Getting 1 non-empty blocks out of 1 blocks
20/07/22 15:41:35 INFO ShuffleBlockFetcherIterator: Started 0 remote fetches in 0 ms
20/07/22 15:41:35 INFO Executor: Finished task 97.0 in stage 4.0 (TID 160). 4251 bytes result sent to driver
20/07/22 15:41:35 INFO TaskSetManager: Starting task 101.0 in stage 4.0 (TID 161, localhost, executor driver, partition 101, ANY, 5890 bytes)
20/07/22 15:41:35 INFO Executor: Running task 101.0 in stage 4.0 (TID 161)
20/07/22 15:41:35 INFO TaskSetManager: Finished task 97.0 in stage 4.0 (TID 160) in 4 ms on localhost (executor driver) (157/200)
20/07/22 15:41:35 INFO ShuffleBlockFetcherIterator: Getting 1 non-empty blocks out of 1 blocks
20/07/22 15:41:35 INFO ShuffleBlockFetcherIterator: Started 0 remote fetches in 1 ms
20/07/22 15:41:35 INFO Executor: Finished task 101.0 in stage 4.0 (TID 161). 4387 bytes result sent to driver
20/07/22 15:41:35 INFO TaskSetManager: Starting task 102.0 in stage 4.0 (TID 162, localhost, executor driver, partition 102, ANY, 5890 bytes)
20/07/22 15:41:35 INFO Executor: Running task 102.0 in stage 4.0 (TID 162)
20/07/22 15:41:35 INFO TaskSetManager: Finished task 101.0 in stage 4.0 (TID 161) in 4 ms on localhost (executor driver) (158/200)
20/07/22 15:41:35 INFO ShuffleBlockFetcherIterator: Getting 1 non-empty blocks out of 1 blocks
20/07/22 15:41:35 INFO ShuffleBlockFetcherIterator: Started 0 remote fetches in 0 ms
20/07/22 15:41:35 INFO Executor: Finished task 102.0 in stage 4.0 (TID 162). 4308 bytes result sent to driver
20/07/22 15:41:35 INFO TaskSetManager: Starting task 104.0 in stage 4.0 (TID 163, localhost, executor driver, partition 104, ANY, 5890 bytes)
20/07/22 15:41:35 INFO TaskSetManager: Finished task 102.0 in stage 4.0 (TID 162) in 4 ms on localhost (executor driver) (159/200)
20/07/22 15:41:35 INFO Executor: Running task 104.0 in stage 4.0 (TID 163)
20/07/22 15:41:35 INFO ShuffleBlockFetcherIterator: Getting 1 non-empty blocks out of 1 blocks
20/07/22 15:41:35 INFO ShuffleBlockFetcherIterator: Started 0 remote fetches in 0 ms
20/07/22 15:41:35 INFO Executor: Finished task 104.0 in stage 4.0 (TID 163). 4251 bytes result sent to driver
20/07/22 15:41:35 INFO TaskSetManager: Starting task 106.0 in stage 4.0 (TID 164, localhost, executor driver, partition 106, ANY, 5890 bytes)
20/07/22 15:41:35 INFO Executor: Running task 106.0 in stage 4.0 (TID 164)
20/07/22 15:41:35 INFO TaskSetManager: Finished task 104.0 in stage 4.0 (TID 163) in 5 ms on localhost (executor driver) (160/200)
20/07/22 15:41:35 INFO ShuffleBlockFetcherIterator: Getting 1 non-empty blocks out of 1 blocks
20/07/22 15:41:35 INFO ShuffleBlockFetcherIterator: Started 0 remote fetches in 0 ms
20/07/22 15:41:35 INFO Executor: Finished task 106.0 in stage 4.0 (TID 164). 4251 bytes result sent to driver
20/07/22 15:41:35 INFO TaskSetManager: Starting task 107.0 in stage 4.0 (TID 165, localhost, executor driver, partition 107, ANY, 5890 bytes)
20/07/22 15:41:35 INFO TaskSetManager: Finished task 106.0 in stage 4.0 (TID 164) in 4 ms on localhost (executor driver) (161/200)
20/07/22 15:41:35 INFO Executor: Running task 107.0 in stage 4.0 (TID 165)
20/07/22 15:41:35 INFO ShuffleBlockFetcherIterator: Getting 1 non-empty blocks out of 1 blocks
20/07/22 15:41:35 INFO ShuffleBlockFetcherIterator: Started 0 remote fetches in 0 ms
20/07/22 15:41:35 INFO Executor: Finished task 107.0 in stage 4.0 (TID 165). 4243 bytes result sent to driver
20/07/22 15:41:35 INFO TaskSetManager: Starting task 115.0 in stage 4.0 (TID 166, localhost, executor driver, partition 115, ANY, 5890 bytes)
20/07/22 15:41:35 INFO Executor: Running task 115.0 in stage 4.0 (TID 166)
20/07/22 15:41:35 INFO TaskSetManager: Finished task 107.0 in stage 4.0 (TID 165) in 11 ms on localhost (executor driver) (162/200)
20/07/22 15:41:35 INFO ShuffleBlockFetcherIterator: Getting 1 non-empty blocks out of 1 blocks
20/07/22 15:41:35 INFO ShuffleBlockFetcherIterator: Started 0 remote fetches in 0 ms
20/07/22 15:41:35 INFO Executor: Finished task 115.0 in stage 4.0 (TID 166). 4251 bytes result sent to driver
20/07/22 15:41:35 INFO TaskSetManager: Starting task 116.0 in stage 4.0 (TID 167, localhost, executor driver, partition 116, ANY, 5890 bytes)
20/07/22 15:41:35 INFO Executor: Running task 116.0 in stage 4.0 (TID 167)
20/07/22 15:41:35 INFO TaskSetManager: Finished task 115.0 in stage 4.0 (TID 166) in 6 ms on localhost (executor driver) (163/200)
20/07/22 15:41:35 INFO ShuffleBlockFetcherIterator: Getting 1 non-empty blocks out of 1 blocks
20/07/22 15:41:35 INFO ShuffleBlockFetcherIterator: Started 0 remote fetches in 0 ms
20/07/22 15:41:35 INFO Executor: Finished task 116.0 in stage 4.0 (TID 167). 4308 bytes result sent to driver
20/07/22 15:41:35 INFO TaskSetManager: Starting task 118.0 in stage 4.0 (TID 168, localhost, executor driver, partition 118, ANY, 5890 bytes)
20/07/22 15:41:35 INFO TaskSetManager: Finished task 116.0 in stage 4.0 (TID 167) in 6 ms on localhost (executor driver) (164/200)
20/07/22 15:41:35 INFO Executor: Running task 118.0 in stage 4.0 (TID 168)
20/07/22 15:41:35 INFO ShuffleBlockFetcherIterator: Getting 1 non-empty blocks out of 1 blocks
20/07/22 15:41:35 INFO ShuffleBlockFetcherIterator: Started 0 remote fetches in 0 ms
20/07/22 15:41:35 INFO Executor: Finished task 118.0 in stage 4.0 (TID 168). 4251 bytes result sent to driver
20/07/22 15:41:35 INFO TaskSetManager: Starting task 120.0 in stage 4.0 (TID 169, localhost, executor driver, partition 120, ANY, 5890 bytes)
20/07/22 15:41:35 INFO Executor: Running task 120.0 in stage 4.0 (TID 169)
20/07/22 15:41:35 INFO TaskSetManager: Finished task 118.0 in stage 4.0 (TID 168) in 6 ms on localhost (executor driver) (165/200)
20/07/22 15:41:35 INFO ShuffleBlockFetcherIterator: Getting 1 non-empty blocks out of 1 blocks
20/07/22 15:41:35 INFO ShuffleBlockFetcherIterator: Started 0 remote fetches in 0 ms
20/07/22 15:41:35 INFO Executor: Finished task 120.0 in stage 4.0 (TID 169). 4243 bytes result sent to driver
20/07/22 15:41:35 INFO TaskSetManager: Starting task 121.0 in stage 4.0 (TID 170, localhost, executor driver, partition 121, ANY, 5890 bytes)
20/07/22 15:41:35 INFO TaskSetManager: Finished task 120.0 in stage 4.0 (TID 169) in 5 ms on localhost (executor driver) (166/200)
20/07/22 15:41:35 INFO Executor: Running task 121.0 in stage 4.0 (TID 170)
20/07/22 15:41:35 INFO ShuffleBlockFetcherIterator: Getting 1 non-empty blocks out of 1 blocks
20/07/22 15:41:35 INFO ShuffleBlockFetcherIterator: Started 0 remote fetches in 1 ms
20/07/22 15:41:35 INFO Executor: Finished task 121.0 in stage 4.0 (TID 170). 4251 bytes result sent to driver
20/07/22 15:41:35 INFO TaskSetManager: Starting task 124.0 in stage 4.0 (TID 171, localhost, executor driver, partition 124, ANY, 5890 bytes)
20/07/22 15:41:35 INFO Executor: Running task 124.0 in stage 4.0 (TID 171)
20/07/22 15:41:35 INFO TaskSetManager: Finished task 121.0 in stage 4.0 (TID 170) in 6 ms on localhost (executor driver) (167/200)
20/07/22 15:41:35 INFO ShuffleBlockFetcherIterator: Getting 1 non-empty blocks out of 1 blocks
20/07/22 15:41:35 INFO ShuffleBlockFetcherIterator: Started 0 remote fetches in 0 ms
20/07/22 15:41:35 INFO Executor: Finished task 124.0 in stage 4.0 (TID 171). 4387 bytes result sent to driver
20/07/22 15:41:35 INFO TaskSetManager: Starting task 125.0 in stage 4.0 (TID 172, localhost, executor driver, partition 125, ANY, 5890 bytes)
20/07/22 15:41:35 INFO TaskSetManager: Finished task 124.0 in stage 4.0 (TID 171) in 6 ms on localhost (executor driver) (168/200)
20/07/22 15:41:35 INFO Executor: Running task 125.0 in stage 4.0 (TID 172)
20/07/22 15:41:35 INFO ShuffleBlockFetcherIterator: Getting 1 non-empty blocks out of 1 blocks
20/07/22 15:41:35 INFO ShuffleBlockFetcherIterator: Started 0 remote fetches in 0 ms
20/07/22 15:41:35 INFO Executor: Finished task 125.0 in stage 4.0 (TID 172). 4251 bytes result sent to driver
20/07/22 15:41:35 INFO TaskSetManager: Starting task 128.0 in stage 4.0 (TID 173, localhost, executor driver, partition 128, ANY, 5890 bytes)
20/07/22 15:41:35 INFO Executor: Running task 128.0 in stage 4.0 (TID 173)
20/07/22 15:41:35 INFO TaskSetManager: Finished task 125.0 in stage 4.0 (TID 172) in 5 ms on localhost (executor driver) (169/200)
20/07/22 15:41:35 INFO ShuffleBlockFetcherIterator: Getting 1 non-empty blocks out of 1 blocks
20/07/22 15:41:35 INFO ShuffleBlockFetcherIterator: Started 0 remote fetches in 0 ms
20/07/22 15:41:35 INFO Executor: Finished task 128.0 in stage 4.0 (TID 173). 4259 bytes result sent to driver
20/07/22 15:41:35 INFO TaskSetManager: Starting task 133.0 in stage 4.0 (TID 174, localhost, executor driver, partition 133, ANY, 5890 bytes)
20/07/22 15:41:35 INFO Executor: Running task 133.0 in stage 4.0 (TID 174)
20/07/22 15:41:35 INFO TaskSetManager: Finished task 128.0 in stage 4.0 (TID 173) in 4 ms on localhost (executor driver) (170/200)
20/07/22 15:41:35 INFO ShuffleBlockFetcherIterator: Getting 1 non-empty blocks out of 1 blocks
20/07/22 15:41:35 INFO ShuffleBlockFetcherIterator: Started 0 remote fetches in 0 ms
20/07/22 15:41:35 INFO Executor: Finished task 133.0 in stage 4.0 (TID 174). 4243 bytes result sent to driver
20/07/22 15:41:35 INFO TaskSetManager: Starting task 134.0 in stage 4.0 (TID 175, localhost, executor driver, partition 134, ANY, 5890 bytes)
20/07/22 15:41:35 INFO Executor: Running task 134.0 in stage 4.0 (TID 175)
20/07/22 15:41:35 INFO TaskSetManager: Finished task 133.0 in stage 4.0 (TID 174) in 4 ms on localhost (executor driver) (171/200)
20/07/22 15:41:35 INFO ShuffleBlockFetcherIterator: Getting 1 non-empty blocks out of 1 blocks
20/07/22 15:41:35 INFO ShuffleBlockFetcherIterator: Started 0 remote fetches in 0 ms
20/07/22 15:41:35 INFO Executor: Finished task 134.0 in stage 4.0 (TID 175). 4308 bytes result sent to driver
20/07/22 15:41:35 INFO TaskSetManager: Starting task 135.0 in stage 4.0 (TID 176, localhost, executor driver, partition 135, ANY, 5890 bytes)
20/07/22 15:41:35 INFO TaskSetManager: Finished task 134.0 in stage 4.0 (TID 175) in 4 ms on localhost (executor driver) (172/200)
20/07/22 15:41:35 INFO Executor: Running task 135.0 in stage 4.0 (TID 176)
20/07/22 15:41:35 INFO ShuffleBlockFetcherIterator: Getting 1 non-empty blocks out of 1 blocks
20/07/22 15:41:35 INFO ShuffleBlockFetcherIterator: Started 0 remote fetches in 0 ms
20/07/22 15:41:35 INFO Executor: Finished task 135.0 in stage 4.0 (TID 176). 4243 bytes result sent to driver
20/07/22 15:41:35 INFO TaskSetManager: Starting task 136.0 in stage 4.0 (TID 177, localhost, executor driver, partition 136, ANY, 5890 bytes)
20/07/22 15:41:35 INFO Executor: Running task 136.0 in stage 4.0 (TID 177)
20/07/22 15:41:35 INFO TaskSetManager: Finished task 135.0 in stage 4.0 (TID 176) in 6 ms on localhost (executor driver) (173/200)
20/07/22 15:41:35 INFO ShuffleBlockFetcherIterator: Getting 1 non-empty blocks out of 1 blocks
20/07/22 15:41:35 INFO ShuffleBlockFetcherIterator: Started 0 remote fetches in 0 ms
20/07/22 15:41:35 INFO Executor: Finished task 136.0 in stage 4.0 (TID 177). 4251 bytes result sent to driver
20/07/22 15:41:35 INFO TaskSetManager: Starting task 137.0 in stage 4.0 (TID 178, localhost, executor driver, partition 137, ANY, 5890 bytes)
20/07/22 15:41:35 INFO Executor: Running task 137.0 in stage 4.0 (TID 178)
20/07/22 15:41:35 INFO TaskSetManager: Finished task 136.0 in stage 4.0 (TID 177) in 4 ms on localhost (executor driver) (174/200)
20/07/22 15:41:35 INFO ShuffleBlockFetcherIterator: Getting 1 non-empty blocks out of 1 blocks
20/07/22 15:41:35 INFO ShuffleBlockFetcherIterator: Started 0 remote fetches in 0 ms
20/07/22 15:41:35 INFO Executor: Finished task 137.0 in stage 4.0 (TID 178). 4251 bytes result sent to driver
20/07/22 15:41:35 INFO TaskSetManager: Starting task 139.0 in stage 4.0 (TID 179, localhost, executor driver, partition 139, ANY, 5890 bytes)
20/07/22 15:41:35 INFO TaskSetManager: Finished task 137.0 in stage 4.0 (TID 178) in 4 ms on localhost (executor driver) (175/200)
20/07/22 15:41:35 INFO Executor: Running task 139.0 in stage 4.0 (TID 179)
20/07/22 15:41:35 INFO ShuffleBlockFetcherIterator: Getting 1 non-empty blocks out of 1 blocks
20/07/22 15:41:35 INFO ShuffleBlockFetcherIterator: Started 0 remote fetches in 0 ms
20/07/22 15:41:35 INFO Executor: Finished task 139.0 in stage 4.0 (TID 179). 4251 bytes result sent to driver
20/07/22 15:41:35 INFO TaskSetManager: Starting task 140.0 in stage 4.0 (TID 180, localhost, executor driver, partition 140, ANY, 5890 bytes)
20/07/22 15:41:35 INFO Executor: Running task 140.0 in stage 4.0 (TID 180)
20/07/22 15:41:35 INFO TaskSetManager: Finished task 139.0 in stage 4.0 (TID 179) in 6 ms on localhost (executor driver) (176/200)
20/07/22 15:41:35 INFO ShuffleBlockFetcherIterator: Getting 1 non-empty blocks out of 1 blocks
20/07/22 15:41:35 INFO ShuffleBlockFetcherIterator: Started 0 remote fetches in 0 ms
20/07/22 15:41:35 INFO Executor: Finished task 140.0 in stage 4.0 (TID 180). 4243 bytes result sent to driver
20/07/22 15:41:35 INFO TaskSetManager: Starting task 143.0 in stage 4.0 (TID 181, localhost, executor driver, partition 143, ANY, 5890 bytes)
20/07/22 15:41:35 INFO Executor: Running task 143.0 in stage 4.0 (TID 181)
20/07/22 15:41:35 INFO TaskSetManager: Finished task 140.0 in stage 4.0 (TID 180) in 5 ms on localhost (executor driver) (177/200)
20/07/22 15:41:35 INFO ShuffleBlockFetcherIterator: Getting 1 non-empty blocks out of 1 blocks
20/07/22 15:41:35 INFO ShuffleBlockFetcherIterator: Started 0 remote fetches in 0 ms
20/07/22 15:41:35 INFO Executor: Finished task 143.0 in stage 4.0 (TID 181). 4300 bytes result sent to driver
20/07/22 15:41:35 INFO TaskSetManager: Starting task 144.0 in stage 4.0 (TID 182, localhost, executor driver, partition 144, ANY, 5890 bytes)
20/07/22 15:41:35 INFO Executor: Running task 144.0 in stage 4.0 (TID 182)
20/07/22 15:41:35 INFO TaskSetManager: Finished task 143.0 in stage 4.0 (TID 181) in 4 ms on localhost (executor driver) (178/200)
20/07/22 15:41:35 INFO ShuffleBlockFetcherIterator: Getting 1 non-empty blocks out of 1 blocks
20/07/22 15:41:35 INFO ShuffleBlockFetcherIterator: Started 0 remote fetches in 0 ms
20/07/22 15:41:35 INFO Executor: Finished task 144.0 in stage 4.0 (TID 182). 4332 bytes result sent to driver
20/07/22 15:41:35 INFO TaskSetManager: Starting task 145.0 in stage 4.0 (TID 183, localhost, executor driver, partition 145, ANY, 5890 bytes)
20/07/22 15:41:35 INFO TaskSetManager: Finished task 144.0 in stage 4.0 (TID 182) in 4 ms on localhost (executor driver) (179/200)
20/07/22 15:41:35 INFO Executor: Running task 145.0 in stage 4.0 (TID 183)
20/07/22 15:41:35 INFO ShuffleBlockFetcherIterator: Getting 1 non-empty blocks out of 1 blocks
20/07/22 15:41:35 INFO ShuffleBlockFetcherIterator: Started 0 remote fetches in 1 ms
20/07/22 15:41:35 INFO Executor: Finished task 145.0 in stage 4.0 (TID 183). 4251 bytes result sent to driver
20/07/22 15:41:35 INFO TaskSetManager: Starting task 146.0 in stage 4.0 (TID 184, localhost, executor driver, partition 146, ANY, 5890 bytes)
20/07/22 15:41:35 INFO TaskSetManager: Finished task 145.0 in stage 4.0 (TID 183) in 6 ms on localhost (executor driver) (180/200)
20/07/22 15:41:35 INFO Executor: Running task 146.0 in stage 4.0 (TID 184)
20/07/22 15:41:35 INFO ShuffleBlockFetcherIterator: Getting 1 non-empty blocks out of 1 blocks
20/07/22 15:41:35 INFO ShuffleBlockFetcherIterator: Started 0 remote fetches in 0 ms
20/07/22 15:41:35 INFO Executor: Finished task 146.0 in stage 4.0 (TID 184). 4251 bytes result sent to driver
20/07/22 15:41:35 INFO TaskSetManager: Starting task 147.0 in stage 4.0 (TID 185, localhost, executor driver, partition 147, ANY, 5890 bytes)
20/07/22 15:41:35 INFO Executor: Running task 147.0 in stage 4.0 (TID 185)
20/07/22 15:41:35 INFO TaskSetManager: Finished task 146.0 in stage 4.0 (TID 184) in 4 ms on localhost (executor driver) (181/200)
20/07/22 15:41:35 INFO ShuffleBlockFetcherIterator: Getting 1 non-empty blocks out of 1 blocks
20/07/22 15:41:35 INFO ShuffleBlockFetcherIterator: Started 0 remote fetches in 0 ms
20/07/22 15:41:35 INFO Executor: Finished task 147.0 in stage 4.0 (TID 185). 4243 bytes result sent to driver
20/07/22 15:41:35 INFO TaskSetManager: Starting task 148.0 in stage 4.0 (TID 186, localhost, executor driver, partition 148, ANY, 5890 bytes)
20/07/22 15:41:35 INFO TaskSetManager: Finished task 147.0 in stage 4.0 (TID 185) in 4 ms on localhost (executor driver) (182/200)
20/07/22 15:41:35 INFO Executor: Running task 148.0 in stage 4.0 (TID 186)
20/07/22 15:41:35 INFO ShuffleBlockFetcherIterator: Getting 1 non-empty blocks out of 1 blocks
20/07/22 15:41:35 INFO ShuffleBlockFetcherIterator: Started 0 remote fetches in 0 ms
20/07/22 15:41:35 INFO Executor: Finished task 148.0 in stage 4.0 (TID 186). 4259 bytes result sent to driver
20/07/22 15:41:35 INFO TaskSetManager: Starting task 150.0 in stage 4.0 (TID 187, localhost, executor driver, partition 150, ANY, 5890 bytes)
20/07/22 15:41:35 INFO Executor: Running task 150.0 in stage 4.0 (TID 187)
20/07/22 15:41:35 INFO TaskSetManager: Finished task 148.0 in stage 4.0 (TID 186) in 5 ms on localhost (executor driver) (183/200)
20/07/22 15:41:35 INFO ShuffleBlockFetcherIterator: Getting 1 non-empty blocks out of 1 blocks
20/07/22 15:41:35 INFO ShuffleBlockFetcherIterator: Started 0 remote fetches in 0 ms
20/07/22 15:41:35 INFO Executor: Finished task 150.0 in stage 4.0 (TID 187). 4251 bytes result sent to driver
20/07/22 15:41:35 INFO TaskSetManager: Starting task 154.0 in stage 4.0 (TID 188, localhost, executor driver, partition 154, ANY, 5890 bytes)
20/07/22 15:41:35 INFO Executor: Running task 154.0 in stage 4.0 (TID 188)
20/07/22 15:41:35 INFO ShuffleBlockFetcherIterator: Getting 1 non-empty blocks out of 1 blocks
20/07/22 15:41:35 INFO ShuffleBlockFetcherIterator: Started 0 remote fetches in 0 ms
20/07/22 15:41:35 INFO TaskSetManager: Finished task 150.0 in stage 4.0 (TID 187) in 6 ms on localhost (executor driver) (184/200)
20/07/22 15:41:35 INFO Executor: Finished task 154.0 in stage 4.0 (TID 188). 4251 bytes result sent to driver
20/07/22 15:41:35 INFO TaskSetManager: Starting task 156.0 in stage 4.0 (TID 189, localhost, executor driver, partition 156, ANY, 5890 bytes)
20/07/22 15:41:35 INFO TaskSetManager: Finished task 154.0 in stage 4.0 (TID 188) in 4 ms on localhost (executor driver) (185/200)
20/07/22 15:41:35 INFO Executor: Running task 156.0 in stage 4.0 (TID 189)
20/07/22 15:41:35 INFO ShuffleBlockFetcherIterator: Getting 1 non-empty blocks out of 1 blocks
20/07/22 15:41:35 INFO ShuffleBlockFetcherIterator: Started 0 remote fetches in 1 ms
20/07/22 15:41:35 INFO Executor: Finished task 156.0 in stage 4.0 (TID 189). 4330 bytes result sent to driver
20/07/22 15:41:35 INFO TaskSetManager: Starting task 158.0 in stage 4.0 (TID 190, localhost, executor driver, partition 158, ANY, 5890 bytes)
20/07/22 15:41:35 INFO Executor: Running task 158.0 in stage 4.0 (TID 190)
20/07/22 15:41:35 INFO TaskSetManager: Finished task 156.0 in stage 4.0 (TID 189) in 5 ms on localhost (executor driver) (186/200)
20/07/22 15:41:35 INFO ShuffleBlockFetcherIterator: Getting 1 non-empty blocks out of 1 blocks
20/07/22 15:41:35 INFO ShuffleBlockFetcherIterator: Started 0 remote fetches in 0 ms
20/07/22 15:41:35 INFO Executor: Finished task 158.0 in stage 4.0 (TID 190). 4292 bytes result sent to driver
20/07/22 15:41:35 INFO TaskSetManager: Starting task 159.0 in stage 4.0 (TID 191, localhost, executor driver, partition 159, ANY, 5890 bytes)
20/07/22 15:41:35 INFO Executor: Running task 159.0 in stage 4.0 (TID 191)
20/07/22 15:41:35 INFO TaskSetManager: Finished task 158.0 in stage 4.0 (TID 190) in 4 ms on localhost (executor driver) (187/200)
20/07/22 15:41:35 INFO ShuffleBlockFetcherIterator: Getting 1 non-empty blocks out of 1 blocks
20/07/22 15:41:35 INFO ShuffleBlockFetcherIterator: Started 0 remote fetches in 0 ms
20/07/22 15:41:35 INFO Executor: Finished task 159.0 in stage 4.0 (TID 191). 4259 bytes result sent to driver
20/07/22 15:41:35 INFO TaskSetManager: Starting task 167.0 in stage 4.0 (TID 192, localhost, executor driver, partition 167, ANY, 5890 bytes)
20/07/22 15:41:35 INFO Executor: Running task 167.0 in stage 4.0 (TID 192)
20/07/22 15:41:35 INFO TaskSetManager: Finished task 159.0 in stage 4.0 (TID 191) in 5 ms on localhost (executor driver) (188/200)
20/07/22 15:41:35 INFO ShuffleBlockFetcherIterator: Getting 1 non-empty blocks out of 1 blocks
20/07/22 15:41:35 INFO ShuffleBlockFetcherIterator: Started 0 remote fetches in 0 ms
20/07/22 15:41:35 INFO Executor: Finished task 167.0 in stage 4.0 (TID 192). 4308 bytes result sent to driver
20/07/22 15:41:35 INFO TaskSetManager: Starting task 168.0 in stage 4.0 (TID 193, localhost, executor driver, partition 168, ANY, 5890 bytes)
20/07/22 15:41:35 INFO TaskSetManager: Finished task 167.0 in stage 4.0 (TID 192) in 6 ms on localhost (executor driver) (189/200)
20/07/22 15:41:35 INFO Executor: Running task 168.0 in stage 4.0 (TID 193)
20/07/22 15:41:35 INFO ShuffleBlockFetcherIterator: Getting 1 non-empty blocks out of 1 blocks
20/07/22 15:41:35 INFO ShuffleBlockFetcherIterator: Started 0 remote fetches in 1 ms
20/07/22 15:41:35 INFO Executor: Finished task 168.0 in stage 4.0 (TID 193). 4330 bytes result sent to driver
20/07/22 15:41:35 INFO TaskSetManager: Starting task 172.0 in stage 4.0 (TID 194, localhost, executor driver, partition 172, ANY, 5890 bytes)
20/07/22 15:41:35 INFO TaskSetManager: Finished task 168.0 in stage 4.0 (TID 193) in 4 ms on localhost (executor driver) (190/200)
20/07/22 15:41:35 INFO Executor: Running task 172.0 in stage 4.0 (TID 194)
20/07/22 15:41:35 INFO ShuffleBlockFetcherIterator: Getting 1 non-empty blocks out of 1 blocks
20/07/22 15:41:35 INFO ShuffleBlockFetcherIterator: Started 0 remote fetches in 0 ms
20/07/22 15:41:35 INFO Executor: Finished task 172.0 in stage 4.0 (TID 194). 4300 bytes result sent to driver
20/07/22 15:41:35 INFO TaskSetManager: Starting task 174.0 in stage 4.0 (TID 195, localhost, executor driver, partition 174, ANY, 5890 bytes)
20/07/22 15:41:35 INFO Executor: Running task 174.0 in stage 4.0 (TID 195)
20/07/22 15:41:35 INFO TaskSetManager: Finished task 172.0 in stage 4.0 (TID 194) in 4 ms on localhost (executor driver) (191/200)
20/07/22 15:41:35 INFO ShuffleBlockFetcherIterator: Getting 1 non-empty blocks out of 1 blocks
20/07/22 15:41:35 INFO ShuffleBlockFetcherIterator: Started 0 remote fetches in 0 ms
20/07/22 15:41:35 INFO Executor: Finished task 174.0 in stage 4.0 (TID 195). 4251 bytes result sent to driver
20/07/22 15:41:35 INFO TaskSetManager: Starting task 177.0 in stage 4.0 (TID 196, localhost, executor driver, partition 177, ANY, 5890 bytes)
20/07/22 15:41:35 INFO TaskSetManager: Finished task 174.0 in stage 4.0 (TID 195) in 5 ms on localhost (executor driver) (192/200)
20/07/22 15:41:35 INFO Executor: Running task 177.0 in stage 4.0 (TID 196)
20/07/22 15:41:35 INFO ShuffleBlockFetcherIterator: Getting 1 non-empty blocks out of 1 blocks
20/07/22 15:41:35 INFO ShuffleBlockFetcherIterator: Started 0 remote fetches in 0 ms
20/07/22 15:41:35 INFO Executor: Finished task 177.0 in stage 4.0 (TID 196). 4259 bytes result sent to driver
20/07/22 15:41:35 INFO TaskSetManager: Starting task 180.0 in stage 4.0 (TID 197, localhost, executor driver, partition 180, ANY, 5890 bytes)
20/07/22 15:41:35 INFO TaskSetManager: Finished task 177.0 in stage 4.0 (TID 196) in 4 ms on localhost (executor driver) (193/200)
20/07/22 15:41:35 INFO Executor: Running task 180.0 in stage 4.0 (TID 197)
20/07/22 15:41:35 INFO ShuffleBlockFetcherIterator: Getting 1 non-empty blocks out of 1 blocks
20/07/22 15:41:35 INFO ShuffleBlockFetcherIterator: Started 0 remote fetches in 1 ms
20/07/22 15:41:35 INFO Executor: Finished task 180.0 in stage 4.0 (TID 197). 4338 bytes result sent to driver
20/07/22 15:41:35 INFO TaskSetManager: Starting task 181.0 in stage 4.0 (TID 198, localhost, executor driver, partition 181, ANY, 5890 bytes)
20/07/22 15:41:35 INFO Executor: Running task 181.0 in stage 4.0 (TID 198)
20/07/22 15:41:35 INFO TaskSetManager: Finished task 180.0 in stage 4.0 (TID 197) in 5 ms on localhost (executor driver) (194/200)
20/07/22 15:41:35 INFO ShuffleBlockFetcherIterator: Getting 1 non-empty blocks out of 1 blocks
20/07/22 15:41:35 INFO ShuffleBlockFetcherIterator: Started 0 remote fetches in 0 ms
20/07/22 15:41:35 INFO Executor: Finished task 181.0 in stage 4.0 (TID 198). 4243 bytes result sent to driver
20/07/22 15:41:35 INFO TaskSetManager: Starting task 188.0 in stage 4.0 (TID 199, localhost, executor driver, partition 188, ANY, 5890 bytes)
20/07/22 15:41:35 INFO Executor: Running task 188.0 in stage 4.0 (TID 199)
20/07/22 15:41:35 INFO TaskSetManager: Finished task 181.0 in stage 4.0 (TID 198) in 4 ms on localhost (executor driver) (195/200)
20/07/22 15:41:35 INFO ShuffleBlockFetcherIterator: Getting 1 non-empty blocks out of 1 blocks
20/07/22 15:41:35 INFO ShuffleBlockFetcherIterator: Started 0 remote fetches in 0 ms
20/07/22 15:41:35 INFO Executor: Finished task 188.0 in stage 4.0 (TID 199). 4243 bytes result sent to driver
20/07/22 15:41:35 INFO TaskSetManager: Starting task 189.0 in stage 4.0 (TID 200, localhost, executor driver, partition 189, ANY, 5890 bytes)
20/07/22 15:41:35 INFO TaskSetManager: Finished task 188.0 in stage 4.0 (TID 199) in 4 ms on localhost (executor driver) (196/200)
20/07/22 15:41:35 INFO Executor: Running task 189.0 in stage 4.0 (TID 200)
20/07/22 15:41:35 INFO ShuffleBlockFetcherIterator: Getting 1 non-empty blocks out of 1 blocks
20/07/22 15:41:35 INFO ShuffleBlockFetcherIterator: Started 0 remote fetches in 0 ms
20/07/22 15:41:35 INFO Executor: Finished task 189.0 in stage 4.0 (TID 200). 4243 bytes result sent to driver
20/07/22 15:41:35 INFO TaskSetManager: Starting task 194.0 in stage 4.0 (TID 201, localhost, executor driver, partition 194, ANY, 5890 bytes)
20/07/22 15:41:35 INFO TaskSetManager: Finished task 189.0 in stage 4.0 (TID 200) in 6 ms on localhost (executor driver) (197/200)
20/07/22 15:41:35 INFO Executor: Running task 194.0 in stage 4.0 (TID 201)
20/07/22 15:41:35 INFO ShuffleBlockFetcherIterator: Getting 1 non-empty blocks out of 1 blocks
20/07/22 15:41:35 INFO ShuffleBlockFetcherIterator: Started 0 remote fetches in 0 ms
20/07/22 15:41:35 INFO Executor: Finished task 194.0 in stage 4.0 (TID 201). 4251 bytes result sent to driver
20/07/22 15:41:35 INFO TaskSetManager: Starting task 195.0 in stage 4.0 (TID 202, localhost, executor driver, partition 195, ANY, 5890 bytes)
20/07/22 15:41:35 INFO Executor: Running task 195.0 in stage 4.0 (TID 202)
20/07/22 15:41:35 INFO TaskSetManager: Finished task 194.0 in stage 4.0 (TID 201) in 5 ms on localhost (executor driver) (198/200)
20/07/22 15:41:35 INFO ShuffleBlockFetcherIterator: Getting 1 non-empty blocks out of 1 blocks
20/07/22 15:41:35 INFO ShuffleBlockFetcherIterator: Started 0 remote fetches in 0 ms
20/07/22 15:41:35 INFO Executor: Finished task 195.0 in stage 4.0 (TID 202). 4251 bytes result sent to driver
20/07/22 15:41:35 INFO TaskSetManager: Starting task 196.0 in stage 4.0 (TID 203, localhost, executor driver, partition 196, ANY, 5890 bytes)
20/07/22 15:41:35 INFO TaskSetManager: Finished task 195.0 in stage 4.0 (TID 202) in 5 ms on localhost (executor driver) (199/200)
20/07/22 15:41:35 INFO Executor: Running task 196.0 in stage 4.0 (TID 203)
20/07/22 15:41:35 INFO ShuffleBlockFetcherIterator: Getting 1 non-empty blocks out of 1 blocks
20/07/22 15:41:35 INFO ShuffleBlockFetcherIterator: Started 0 remote fetches in 0 ms
20/07/22 15:41:35 INFO Executor: Finished task 196.0 in stage 4.0 (TID 203). 4330 bytes result sent to driver
20/07/22 15:41:35 INFO TaskSetManager: Finished task 196.0 in stage 4.0 (TID 203) in 7 ms on localhost (executor driver) (200/200)
20/07/22 15:41:35 INFO TaskSchedulerImpl: Removed TaskSet 4.0, whose tasks have all completed, from pool 
20/07/22 15:41:35 INFO DAGScheduler: ResultStage 4 (collect at Task_Test.scala:187) finished in 0.814 s
20/07/22 15:41:35 INFO DAGScheduler: Job 3 finished: collect at Task_Test.scala:187, took 1.572096 s
20/07/22 15:41:35 INFO CodeGenerator: Code generated in 5.159172 ms
20/07/22 15:41:35 INFO SparkUI: Stopped Spark web UI at http://172.20.10.3:4040
20/07/22 15:41:35 INFO MapOutputTrackerMasterEndpoint: MapOutputTrackerMasterEndpoint stopped!
20/07/22 15:41:35 INFO MemoryStore: MemoryStore cleared
20/07/22 15:41:35 INFO BlockManager: BlockManager stopped
20/07/22 15:41:35 INFO BlockManagerMaster: BlockManagerMaster stopped
20/07/22 15:41:35 INFO OutputCommitCoordinator$OutputCommitCoordinatorEndpoint: OutputCommitCoordinator stopped!
20/07/22 15:41:35 INFO SparkContext: Successfully stopped SparkContext
20/07/22 15:41:35 INFO SparkContext: Running Spark version 2.1.0
20/07/22 15:41:35 INFO SecurityManager: Changing view acls to: yasasm
20/07/22 15:41:35 INFO SecurityManager: Changing modify acls to: yasasm
20/07/22 15:41:35 INFO SecurityManager: Changing view acls groups to: 
20/07/22 15:41:35 INFO SecurityManager: Changing modify acls groups to: 
20/07/22 15:41:35 INFO SecurityManager: SecurityManager: authentication disabled; ui acls disabled; users  with view permissions: Set(yasasm); groups with view permissions: Set(); users  with modify permissions: Set(yasasm); groups with modify permissions: Set()
20/07/22 15:41:35 INFO Utils: Successfully started service 'sparkDriver' on port 38927.
20/07/22 15:41:35 INFO SparkEnv: Registering MapOutputTracker
20/07/22 15:41:35 INFO SparkEnv: Registering BlockManagerMaster
20/07/22 15:41:35 INFO BlockManagerMasterEndpoint: Using org.apache.spark.storage.DefaultTopologyMapper for getting topology information
20/07/22 15:41:35 INFO BlockManagerMasterEndpoint: BlockManagerMasterEndpoint up
20/07/22 15:41:35 INFO DiskBlockManager: Created local directory at /tmp/blockmgr-b9d69ab6-7831-4988-8a10-6242254b6c88
20/07/22 15:41:35 INFO MemoryStore: MemoryStore started with capacity 93.3 MB
20/07/22 15:41:35 INFO SparkEnv: Registering OutputCommitCoordinator
20/07/22 15:41:35 INFO Utils: Successfully started service 'SparkUI' on port 4040.
20/07/22 15:41:35 INFO SparkUI: Bound SparkUI to 0.0.0.0, and started at http://172.20.10.3:4040
20/07/22 15:41:35 INFO Executor: Starting executor ID driver on host localhost
20/07/22 15:41:35 INFO Utils: Successfully started service 'org.apache.spark.network.netty.NettyBlockTransferService' on port 42377.
20/07/22 15:41:35 INFO NettyBlockTransferService: Server created on 172.20.10.3:42377
20/07/22 15:41:35 INFO BlockManager: Using org.apache.spark.storage.RandomBlockReplicationPolicy for block replication policy
20/07/22 15:41:35 INFO BlockManagerMaster: Registering BlockManager BlockManagerId(driver, 172.20.10.3, 42377, None)
20/07/22 15:41:35 INFO BlockManagerMasterEndpoint: Registering block manager 172.20.10.3:42377 with 93.3 MB RAM, BlockManagerId(driver, 172.20.10.3, 42377, None)
20/07/22 15:41:35 INFO BlockManagerMaster: Registered BlockManager BlockManagerId(driver, 172.20.10.3, 42377, None)
20/07/22 15:41:35 INFO BlockManager: Initialized BlockManager: BlockManagerId(driver, 172.20.10.3, 42377, None)
20/07/22 15:41:35 INFO SharedState: Warehouse path is 'file:/home/yasasm/Desktop/ZoneProjects/spark-Azkaban/spark-warehouse/'.
20/07/22 15:41:35 INFO MemoryStore: Block broadcast_0 stored as values in memory (estimated size 127.1 KB, free 93.2 MB)
20/07/22 15:41:35 INFO MemoryStore: Block broadcast_0_piece0 stored as bytes in memory (estimated size 14.3 KB, free 93.2 MB)
20/07/22 15:41:35 INFO BlockManagerInfo: Added broadcast_0_piece0 in memory on 172.20.10.3:42377 (size: 14.3 KB, free: 93.3 MB)
20/07/22 15:41:35 INFO SparkContext: Created broadcast 0 from load at Task_Test.scala:25
20/07/22 15:41:35 INFO FileInputFormat: Total input paths to process : 1
20/07/22 15:41:35 INFO SparkContext: Starting job: load at Task_Test.scala:25
20/07/22 15:41:35 INFO DAGScheduler: Got job 0 (load at Task_Test.scala:25) with 1 output partitions
20/07/22 15:41:35 INFO DAGScheduler: Final stage: ResultStage 0 (load at Task_Test.scala:25)
20/07/22 15:41:35 INFO DAGScheduler: Parents of final stage: List()
20/07/22 15:41:35 INFO DAGScheduler: Missing parents: List()
20/07/22 15:41:35 INFO DAGScheduler: Submitting ResultStage 0 (MapPartitionsRDD[2] at load at Task_Test.scala:25), which has no missing parents
20/07/22 15:41:35 INFO MemoryStore: Block broadcast_1 stored as values in memory (estimated size 3.5 KB, free 93.2 MB)
20/07/22 15:41:35 INFO MemoryStore: Block broadcast_1_piece0 stored as bytes in memory (estimated size 2.1 KB, free 93.2 MB)
20/07/22 15:41:35 INFO BlockManagerInfo: Added broadcast_1_piece0 in memory on 172.20.10.3:42377 (size: 2.1 KB, free: 93.3 MB)
20/07/22 15:41:35 INFO SparkContext: Created broadcast 1 from broadcast at DAGScheduler.scala:996
20/07/22 15:41:35 INFO DAGScheduler: Submitting 1 missing tasks from ResultStage 0 (MapPartitionsRDD[2] at load at Task_Test.scala:25)
20/07/22 15:41:35 INFO TaskSchedulerImpl: Adding task set 0.0 with 1 tasks
20/07/22 15:41:35 INFO TaskSetManager: Starting task 0.0 in stage 0.0 (TID 0, localhost, executor driver, partition 0, PROCESS_LOCAL, 6035 bytes)
20/07/22 15:41:35 INFO Executor: Running task 0.0 in stage 0.0 (TID 0)
20/07/22 15:41:35 INFO HadoopRDD: Input split: file:/home/yasasm/Desktop/ZoneProjects/spark-Azkaban/src/main/inputs/athlete_events.csv:0+33554432
20/07/22 15:41:35 INFO Executor: Finished task 0.0 in stage 0.0 (TID 0). 1197 bytes result sent to driver
20/07/22 15:41:35 INFO TaskSetManager: Finished task 0.0 in stage 0.0 (TID 0) in 5 ms on localhost (executor driver) (1/1)
20/07/22 15:41:35 INFO TaskSchedulerImpl: Removed TaskSet 0.0, whose tasks have all completed, from pool 
20/07/22 15:41:35 INFO DAGScheduler: ResultStage 0 (load at Task_Test.scala:25) finished in 0.006 s
20/07/22 15:41:35 INFO DAGScheduler: Job 0 finished: load at Task_Test.scala:25, took 0.012074 s
20/07/22 15:41:35 INFO MemoryStore: Block broadcast_2 stored as values in memory (estimated size 127.2 KB, free 93.0 MB)
20/07/22 15:41:35 INFO MemoryStore: Block broadcast_2_piece0 stored as bytes in memory (estimated size 14.3 KB, free 93.0 MB)
20/07/22 15:41:35 INFO BlockManagerInfo: Added broadcast_2_piece0 in memory on 172.20.10.3:42377 (size: 14.3 KB, free: 93.3 MB)
20/07/22 15:41:35 INFO SparkContext: Created broadcast 2 from load at Task_Test.scala:25
20/07/22 15:41:35 INFO FileInputFormat: Total input paths to process : 1
20/07/22 15:41:35 INFO SparkContext: Starting job: load at Task_Test.scala:25
20/07/22 15:41:35 INFO DAGScheduler: Got job 1 (load at Task_Test.scala:25) with 1 output partitions
20/07/22 15:41:35 INFO DAGScheduler: Final stage: ResultStage 1 (load at Task_Test.scala:25)
20/07/22 15:41:35 INFO DAGScheduler: Parents of final stage: List()
20/07/22 15:41:35 INFO DAGScheduler: Missing parents: List()
20/07/22 15:41:35 INFO DAGScheduler: Submitting ResultStage 1 (MapPartitionsRDD[5] at load at Task_Test.scala:25), which has no missing parents
20/07/22 15:41:35 INFO MemoryStore: Block broadcast_3 stored as values in memory (estimated size 3.5 KB, free 93.0 MB)
20/07/22 15:41:35 INFO MemoryStore: Block broadcast_3_piece0 stored as bytes in memory (estimated size 2.1 KB, free 93.0 MB)
20/07/22 15:41:35 INFO BlockManagerInfo: Added broadcast_3_piece0 in memory on 172.20.10.3:42377 (size: 2.1 KB, free: 93.3 MB)
20/07/22 15:41:35 INFO SparkContext: Created broadcast 3 from broadcast at DAGScheduler.scala:996
20/07/22 15:41:35 INFO DAGScheduler: Submitting 1 missing tasks from ResultStage 1 (MapPartitionsRDD[5] at load at Task_Test.scala:25)
20/07/22 15:41:35 INFO TaskSchedulerImpl: Adding task set 1.0 with 1 tasks
20/07/22 15:41:35 INFO TaskSetManager: Starting task 0.0 in stage 1.0 (TID 1, localhost, executor driver, partition 0, PROCESS_LOCAL, 6035 bytes)
20/07/22 15:41:35 INFO Executor: Running task 0.0 in stage 1.0 (TID 1)
20/07/22 15:41:35 INFO HadoopRDD: Input split: file:/home/yasasm/Desktop/ZoneProjects/spark-Azkaban/src/main/inputs/athlete_events.csv:0+33554432
20/07/22 15:41:35 INFO Executor: Finished task 0.0 in stage 1.0 (TID 1). 1197 bytes result sent to driver
20/07/22 15:41:35 INFO TaskSetManager: Finished task 0.0 in stage 1.0 (TID 1) in 10 ms on localhost (executor driver) (1/1)
20/07/22 15:41:35 INFO TaskSchedulerImpl: Removed TaskSet 1.0, whose tasks have all completed, from pool 
20/07/22 15:41:35 INFO DAGScheduler: ResultStage 1 (load at Task_Test.scala:25) finished in 0.010 s
20/07/22 15:41:35 INFO DAGScheduler: Job 1 finished: load at Task_Test.scala:25, took 0.014092 s
20/07/22 15:41:35 INFO SparkContext: Starting job: collect at Task_Test.scala:138
20/07/22 15:41:35 INFO DAGScheduler: Got job 2 (collect at Task_Test.scala:138) with 1 output partitions
20/07/22 15:41:35 INFO DAGScheduler: Final stage: ResultStage 2 (collect at Task_Test.scala:138)
20/07/22 15:41:35 INFO DAGScheduler: Parents of final stage: List()
20/07/22 15:41:35 INFO DAGScheduler: Missing parents: List()
20/07/22 15:41:35 INFO DAGScheduler: Submitting ResultStage 2 (MapPartitionsRDD[10] at collect at Task_Test.scala:138), which has no missing parents
20/07/22 15:41:35 INFO MemoryStore: Block broadcast_4 stored as values in memory (estimated size 8.5 KB, free 93.0 MB)
20/07/22 15:41:35 INFO MemoryStore: Block broadcast_4_piece0 stored as bytes in memory (estimated size 4.5 KB, free 93.0 MB)
20/07/22 15:41:35 INFO BlockManagerInfo: Added broadcast_4_piece0 in memory on 172.20.10.3:42377 (size: 4.5 KB, free: 93.3 MB)
20/07/22 15:41:35 INFO SparkContext: Created broadcast 4 from broadcast at DAGScheduler.scala:996
20/07/22 15:41:35 INFO DAGScheduler: Submitting 1 missing tasks from ResultStage 2 (MapPartitionsRDD[10] at collect at Task_Test.scala:138)
20/07/22 15:41:35 INFO TaskSchedulerImpl: Adding task set 2.0 with 1 tasks
20/07/22 15:41:35 INFO TaskSetManager: Starting task 0.0 in stage 2.0 (TID 2, localhost, executor driver, partition 0, PROCESS_LOCAL, 6175 bytes)
20/07/22 15:41:35 INFO Executor: Running task 0.0 in stage 2.0 (TID 2)
20/07/22 15:41:35 INFO CodeGenerator: Code generated in 7.637484 ms
20/07/22 15:41:35 INFO CodeGenerator: Code generated in 16.937985 ms
20/07/22 15:41:35 INFO Executor: Finished task 0.0 in stage 2.0 (TID 2). 1224 bytes result sent to driver
20/07/22 15:41:35 INFO TaskSetManager: Finished task 0.0 in stage 2.0 (TID 2) in 33 ms on localhost (executor driver) (1/1)
20/07/22 15:41:35 INFO DAGScheduler: ResultStage 2 (collect at Task_Test.scala:138) finished in 0.033 s
20/07/22 15:41:35 INFO TaskSchedulerImpl: Removed TaskSet 2.0, whose tasks have all completed, from pool 
20/07/22 15:41:35 INFO DAGScheduler: Job 2 finished: collect at Task_Test.scala:138, took 0.037444 s
20/07/22 15:41:35 INFO CodeGenerator: Code generated in 6.593729 ms
20/07/22 15:41:35 INFO FileSourceStrategy: Pruning directories with: 
20/07/22 15:41:35 INFO FileSourceStrategy: Post-Scan Filters: isnotnull(Sex#481),(Sex#481 = F)
20/07/22 15:41:35 INFO FileSourceStrategy: Output Data Schema: struct<Sex: string, Weight: string>
20/07/22 15:41:35 INFO FileSourceStrategy: Pushed Filters: IsNotNull(Sex),EqualTo(Sex,F)
20/07/22 15:41:35 INFO CodeGenerator: Code generated in 17.533695 ms
20/07/22 15:41:35 INFO CodeGenerator: Code generated in 48.94002 ms
20/07/22 15:41:35 INFO MemoryStore: Block broadcast_5 stored as values in memory (estimated size 132.3 KB, free 92.9 MB)
20/07/22 15:41:35 INFO MemoryStore: Block broadcast_5_piece0 stored as bytes in memory (estimated size 14.6 KB, free 92.9 MB)
20/07/22 15:41:35 INFO BlockManagerInfo: Added broadcast_5_piece0 in memory on 172.20.10.3:42377 (size: 14.6 KB, free: 93.2 MB)
20/07/22 15:41:35 INFO SparkContext: Created broadcast 5 from collect at Task_Test.scala:138
20/07/22 15:41:35 INFO FileSourceScanExec: Planning scan with bin packing, max size: 45694992 bytes, open cost is considered as scanning 4194304 bytes.
20/07/22 15:41:35 INFO SparkContext: Starting job: collect at Task_Test.scala:138
20/07/22 15:41:35 INFO DAGScheduler: Registering RDD 13 (collect at Task_Test.scala:138)
20/07/22 15:41:35 INFO DAGScheduler: Got job 3 (collect at Task_Test.scala:138) with 200 output partitions
20/07/22 15:41:35 INFO DAGScheduler: Final stage: ResultStage 4 (collect at Task_Test.scala:138)
20/07/22 15:41:35 INFO DAGScheduler: Parents of final stage: List(ShuffleMapStage 3)
20/07/22 15:41:35 INFO DAGScheduler: Missing parents: List(ShuffleMapStage 3)
20/07/22 15:41:35 INFO DAGScheduler: Submitting ShuffleMapStage 3 (MapPartitionsRDD[13] at collect at Task_Test.scala:138), which has no missing parents
20/07/22 15:41:35 INFO MemoryStore: Block broadcast_6 stored as values in memory (estimated size 32.1 KB, free 92.8 MB)
20/07/22 15:41:35 INFO MemoryStore: Block broadcast_6_piece0 stored as bytes in memory (estimated size 14.7 KB, free 92.8 MB)
20/07/22 15:41:35 INFO BlockManagerInfo: Added broadcast_6_piece0 in memory on 172.20.10.3:42377 (size: 14.7 KB, free: 93.2 MB)
20/07/22 15:41:35 INFO SparkContext: Created broadcast 6 from broadcast at DAGScheduler.scala:996
20/07/22 15:41:35 INFO DAGScheduler: Submitting 1 missing tasks from ShuffleMapStage 3 (MapPartitionsRDD[13] at collect at Task_Test.scala:138)
20/07/22 15:41:35 INFO TaskSchedulerImpl: Adding task set 3.0 with 1 tasks
20/07/22 15:41:35 INFO TaskSetManager: Starting task 0.0 in stage 3.0 (TID 3, localhost, executor driver, partition 0, PROCESS_LOCAL, 6561 bytes)
20/07/22 15:41:35 INFO Executor: Running task 0.0 in stage 3.0 (TID 3)
20/07/22 15:41:35 INFO CodeGenerator: Code generated in 5.006644 ms
20/07/22 15:41:35 INFO CodeGenerator: Code generated in 10.074861 ms
20/07/22 15:41:35 INFO CodeGenerator: Code generated in 5.895136 ms
20/07/22 15:41:35 INFO FileScanRDD: Reading File path: file:///home/yasasm/Desktop/ZoneProjects/spark-Azkaban/src/main/inputs/athlete_events.csv, range: 0-41500688, partition values: [empty row]
20/07/22 15:41:36 INFO BlockManagerInfo: Removed broadcast_0_piece0 on 172.20.10.3:42377 in memory (size: 14.3 KB, free: 93.2 MB)
20/07/22 15:41:36 INFO BlockManagerInfo: Removed broadcast_1_piece0 on 172.20.10.3:42377 in memory (size: 2.1 KB, free: 93.3 MB)
20/07/22 15:41:36 INFO BlockManagerInfo: Removed broadcast_2_piece0 on 172.20.10.3:42377 in memory (size: 14.3 KB, free: 93.3 MB)
20/07/22 15:41:36 INFO BlockManagerInfo: Removed broadcast_3_piece0 on 172.20.10.3:42377 in memory (size: 2.1 KB, free: 93.3 MB)
20/07/22 15:41:36 INFO BlockManagerInfo: Removed broadcast_4_piece0 on 172.20.10.3:42377 in memory (size: 4.5 KB, free: 93.3 MB)
20/07/22 15:41:36 INFO ContextCleaner: Cleaned accumulator 20190
20/07/22 15:41:36 INFO Executor: Finished task 0.0 in stage 3.0 (TID 3). 2664 bytes result sent to driver
20/07/22 15:41:36 INFO TaskSetManager: Finished task 0.0 in stage 3.0 (TID 3) in 994 ms on localhost (executor driver) (1/1)
20/07/22 15:41:36 INFO TaskSchedulerImpl: Removed TaskSet 3.0, whose tasks have all completed, from pool 
20/07/22 15:41:36 INFO DAGScheduler: ShuffleMapStage 3 (collect at Task_Test.scala:138) finished in 0.996 s
20/07/22 15:41:36 INFO DAGScheduler: looking for newly runnable stages
20/07/22 15:41:36 INFO DAGScheduler: running: Set()
20/07/22 15:41:36 INFO DAGScheduler: waiting: Set(ResultStage 4)
20/07/22 15:41:36 INFO DAGScheduler: failed: Set()
20/07/22 15:41:36 INFO DAGScheduler: Submitting ResultStage 4 (MapPartitionsRDD[16] at collect at Task_Test.scala:138), which has no missing parents
20/07/22 15:41:36 INFO MemoryStore: Block broadcast_7 stored as values in memory (estimated size 27.9 KB, free 93.1 MB)
20/07/22 15:41:36 INFO MemoryStore: Block broadcast_7_piece0 stored as bytes in memory (estimated size 13.4 KB, free 93.1 MB)
20/07/22 15:41:36 INFO BlockManagerInfo: Added broadcast_7_piece0 in memory on 172.20.10.3:42377 (size: 13.4 KB, free: 93.3 MB)
20/07/22 15:41:36 INFO SparkContext: Created broadcast 7 from broadcast at DAGScheduler.scala:996
20/07/22 15:41:36 INFO DAGScheduler: Submitting 200 missing tasks from ResultStage 4 (MapPartitionsRDD[16] at collect at Task_Test.scala:138)
20/07/22 15:41:36 INFO TaskSchedulerImpl: Adding task set 4.0 with 200 tasks
20/07/22 15:41:36 INFO TaskSetManager: Starting task 0.0 in stage 4.0 (TID 4, localhost, executor driver, partition 0, PROCESS_LOCAL, 5886 bytes)
20/07/22 15:41:36 INFO Executor: Running task 0.0 in stage 4.0 (TID 4)
20/07/22 15:41:36 INFO ShuffleBlockFetcherIterator: Getting 0 non-empty blocks out of 1 blocks
20/07/22 15:41:36 INFO ShuffleBlockFetcherIterator: Started 0 remote fetches in 1 ms
20/07/22 15:41:36 INFO Executor: Finished task 0.0 in stage 4.0 (TID 4). 2941 bytes result sent to driver
20/07/22 15:41:36 INFO TaskSetManager: Starting task 1.0 in stage 4.0 (TID 5, localhost, executor driver, partition 1, PROCESS_LOCAL, 5886 bytes)
20/07/22 15:41:36 INFO TaskSetManager: Finished task 0.0 in stage 4.0 (TID 4) in 6 ms on localhost (executor driver) (1/200)
20/07/22 15:41:36 INFO Executor: Running task 1.0 in stage 4.0 (TID 5)
20/07/22 15:41:36 INFO ShuffleBlockFetcherIterator: Getting 0 non-empty blocks out of 1 blocks
20/07/22 15:41:36 INFO ShuffleBlockFetcherIterator: Started 0 remote fetches in 0 ms
20/07/22 15:41:36 INFO Executor: Finished task 1.0 in stage 4.0 (TID 5). 2941 bytes result sent to driver
20/07/22 15:41:36 INFO TaskSetManager: Starting task 2.0 in stage 4.0 (TID 6, localhost, executor driver, partition 2, PROCESS_LOCAL, 5886 bytes)
20/07/22 15:41:36 INFO Executor: Running task 2.0 in stage 4.0 (TID 6)
20/07/22 15:41:36 INFO TaskSetManager: Finished task 1.0 in stage 4.0 (TID 5) in 5 ms on localhost (executor driver) (2/200)
20/07/22 15:41:36 INFO ShuffleBlockFetcherIterator: Getting 0 non-empty blocks out of 1 blocks
20/07/22 15:41:36 INFO ShuffleBlockFetcherIterator: Started 0 remote fetches in 0 ms
20/07/22 15:41:36 INFO Executor: Finished task 2.0 in stage 4.0 (TID 6). 2941 bytes result sent to driver
20/07/22 15:41:36 INFO TaskSetManager: Starting task 3.0 in stage 4.0 (TID 7, localhost, executor driver, partition 3, PROCESS_LOCAL, 5886 bytes)
20/07/22 15:41:36 INFO Executor: Running task 3.0 in stage 4.0 (TID 7)
20/07/22 15:41:36 INFO TaskSetManager: Finished task 2.0 in stage 4.0 (TID 6) in 3 ms on localhost (executor driver) (3/200)
20/07/22 15:41:36 INFO ShuffleBlockFetcherIterator: Getting 0 non-empty blocks out of 1 blocks
20/07/22 15:41:36 INFO ShuffleBlockFetcherIterator: Started 0 remote fetches in 0 ms
20/07/22 15:41:36 INFO Executor: Finished task 3.0 in stage 4.0 (TID 7). 2941 bytes result sent to driver
20/07/22 15:41:36 INFO TaskSetManager: Starting task 4.0 in stage 4.0 (TID 8, localhost, executor driver, partition 4, PROCESS_LOCAL, 5886 bytes)
20/07/22 15:41:36 INFO TaskSetManager: Finished task 3.0 in stage 4.0 (TID 7) in 4 ms on localhost (executor driver) (4/200)
20/07/22 15:41:36 INFO Executor: Running task 4.0 in stage 4.0 (TID 8)
20/07/22 15:41:36 INFO ShuffleBlockFetcherIterator: Getting 0 non-empty blocks out of 1 blocks
20/07/22 15:41:36 INFO ShuffleBlockFetcherIterator: Started 0 remote fetches in 0 ms
20/07/22 15:41:36 INFO Executor: Finished task 4.0 in stage 4.0 (TID 8). 2941 bytes result sent to driver
20/07/22 15:41:36 INFO TaskSetManager: Starting task 5.0 in stage 4.0 (TID 9, localhost, executor driver, partition 5, PROCESS_LOCAL, 5886 bytes)
20/07/22 15:41:36 INFO Executor: Running task 5.0 in stage 4.0 (TID 9)
20/07/22 15:41:36 INFO TaskSetManager: Finished task 4.0 in stage 4.0 (TID 8) in 6 ms on localhost (executor driver) (5/200)
20/07/22 15:41:36 INFO ShuffleBlockFetcherIterator: Getting 0 non-empty blocks out of 1 blocks
20/07/22 15:41:36 INFO ShuffleBlockFetcherIterator: Started 0 remote fetches in 0 ms
20/07/22 15:41:36 INFO Executor: Finished task 5.0 in stage 4.0 (TID 9). 2941 bytes result sent to driver
20/07/22 15:41:36 INFO TaskSetManager: Starting task 6.0 in stage 4.0 (TID 10, localhost, executor driver, partition 6, PROCESS_LOCAL, 5886 bytes)
20/07/22 15:41:36 INFO Executor: Running task 6.0 in stage 4.0 (TID 10)
20/07/22 15:41:36 INFO TaskSetManager: Finished task 5.0 in stage 4.0 (TID 9) in 3 ms on localhost (executor driver) (6/200)
20/07/22 15:41:36 INFO ShuffleBlockFetcherIterator: Getting 0 non-empty blocks out of 1 blocks
20/07/22 15:41:36 INFO ShuffleBlockFetcherIterator: Started 0 remote fetches in 0 ms
20/07/22 15:41:36 INFO Executor: Finished task 6.0 in stage 4.0 (TID 10). 2941 bytes result sent to driver
20/07/22 15:41:36 INFO TaskSetManager: Starting task 7.0 in stage 4.0 (TID 11, localhost, executor driver, partition 7, PROCESS_LOCAL, 5886 bytes)
20/07/22 15:41:36 INFO TaskSetManager: Finished task 6.0 in stage 4.0 (TID 10) in 3 ms on localhost (executor driver) (7/200)
20/07/22 15:41:36 INFO Executor: Running task 7.0 in stage 4.0 (TID 11)
20/07/22 15:41:36 INFO ShuffleBlockFetcherIterator: Getting 0 non-empty blocks out of 1 blocks
20/07/22 15:41:36 INFO ShuffleBlockFetcherIterator: Started 0 remote fetches in 0 ms
20/07/22 15:41:36 INFO Executor: Finished task 7.0 in stage 4.0 (TID 11). 2941 bytes result sent to driver
20/07/22 15:41:36 INFO TaskSetManager: Starting task 8.0 in stage 4.0 (TID 12, localhost, executor driver, partition 8, PROCESS_LOCAL, 5886 bytes)
20/07/22 15:41:36 INFO TaskSetManager: Finished task 7.0 in stage 4.0 (TID 11) in 3 ms on localhost (executor driver) (8/200)
20/07/22 15:41:36 INFO Executor: Running task 8.0 in stage 4.0 (TID 12)
20/07/22 15:41:36 INFO ShuffleBlockFetcherIterator: Getting 0 non-empty blocks out of 1 blocks
20/07/22 15:41:36 INFO ShuffleBlockFetcherIterator: Started 0 remote fetches in 0 ms
20/07/22 15:41:36 INFO Executor: Finished task 8.0 in stage 4.0 (TID 12). 2941 bytes result sent to driver
20/07/22 15:41:36 INFO TaskSetManager: Starting task 9.0 in stage 4.0 (TID 13, localhost, executor driver, partition 9, PROCESS_LOCAL, 5886 bytes)
20/07/22 15:41:36 INFO Executor: Running task 9.0 in stage 4.0 (TID 13)
20/07/22 15:41:36 INFO TaskSetManager: Finished task 8.0 in stage 4.0 (TID 12) in 3 ms on localhost (executor driver) (9/200)
20/07/22 15:41:36 INFO ShuffleBlockFetcherIterator: Getting 0 non-empty blocks out of 1 blocks
20/07/22 15:41:36 INFO ShuffleBlockFetcherIterator: Started 0 remote fetches in 0 ms
20/07/22 15:41:36 INFO Executor: Finished task 9.0 in stage 4.0 (TID 13). 2941 bytes result sent to driver
20/07/22 15:41:36 INFO TaskSetManager: Starting task 10.0 in stage 4.0 (TID 14, localhost, executor driver, partition 10, PROCESS_LOCAL, 5886 bytes)
20/07/22 15:41:36 INFO TaskSetManager: Finished task 9.0 in stage 4.0 (TID 13) in 3 ms on localhost (executor driver) (10/200)
20/07/22 15:41:36 INFO Executor: Running task 10.0 in stage 4.0 (TID 14)
20/07/22 15:41:36 INFO ShuffleBlockFetcherIterator: Getting 0 non-empty blocks out of 1 blocks
20/07/22 15:41:36 INFO ShuffleBlockFetcherIterator: Started 0 remote fetches in 0 ms
20/07/22 15:41:36 INFO Executor: Finished task 10.0 in stage 4.0 (TID 14). 2941 bytes result sent to driver
20/07/22 15:41:36 INFO TaskSetManager: Starting task 11.0 in stage 4.0 (TID 15, localhost, executor driver, partition 11, PROCESS_LOCAL, 5886 bytes)
20/07/22 15:41:36 INFO TaskSetManager: Finished task 10.0 in stage 4.0 (TID 14) in 4 ms on localhost (executor driver) (11/200)
20/07/22 15:41:36 INFO Executor: Running task 11.0 in stage 4.0 (TID 15)
20/07/22 15:41:36 INFO ShuffleBlockFetcherIterator: Getting 0 non-empty blocks out of 1 blocks
20/07/22 15:41:36 INFO ShuffleBlockFetcherIterator: Started 0 remote fetches in 0 ms
20/07/22 15:41:36 INFO Executor: Finished task 11.0 in stage 4.0 (TID 15). 2941 bytes result sent to driver
20/07/22 15:41:36 INFO TaskSetManager: Starting task 12.0 in stage 4.0 (TID 16, localhost, executor driver, partition 12, PROCESS_LOCAL, 5886 bytes)
20/07/22 15:41:36 INFO TaskSetManager: Finished task 11.0 in stage 4.0 (TID 15) in 3 ms on localhost (executor driver) (12/200)
20/07/22 15:41:36 INFO Executor: Running task 12.0 in stage 4.0 (TID 16)
20/07/22 15:41:36 INFO ShuffleBlockFetcherIterator: Getting 0 non-empty blocks out of 1 blocks
20/07/22 15:41:36 INFO ShuffleBlockFetcherIterator: Started 0 remote fetches in 0 ms
20/07/22 15:41:36 INFO Executor: Finished task 12.0 in stage 4.0 (TID 16). 2941 bytes result sent to driver
20/07/22 15:41:36 INFO TaskSetManager: Starting task 13.0 in stage 4.0 (TID 17, localhost, executor driver, partition 13, PROCESS_LOCAL, 5886 bytes)
20/07/22 15:41:36 INFO TaskSetManager: Finished task 12.0 in stage 4.0 (TID 16) in 3 ms on localhost (executor driver) (13/200)
20/07/22 15:41:36 INFO Executor: Running task 13.0 in stage 4.0 (TID 17)
20/07/22 15:41:36 INFO ShuffleBlockFetcherIterator: Getting 0 non-empty blocks out of 1 blocks
20/07/22 15:41:36 INFO ShuffleBlockFetcherIterator: Started 0 remote fetches in 0 ms
20/07/22 15:41:36 INFO Executor: Finished task 13.0 in stage 4.0 (TID 17). 2941 bytes result sent to driver
20/07/22 15:41:36 INFO TaskSetManager: Starting task 14.0 in stage 4.0 (TID 18, localhost, executor driver, partition 14, PROCESS_LOCAL, 5886 bytes)
20/07/22 15:41:36 INFO TaskSetManager: Finished task 13.0 in stage 4.0 (TID 17) in 3 ms on localhost (executor driver) (14/200)
20/07/22 15:41:36 INFO Executor: Running task 14.0 in stage 4.0 (TID 18)
20/07/22 15:41:36 INFO ShuffleBlockFetcherIterator: Getting 0 non-empty blocks out of 1 blocks
20/07/22 15:41:36 INFO ShuffleBlockFetcherIterator: Started 0 remote fetches in 0 ms
20/07/22 15:41:36 INFO Executor: Finished task 14.0 in stage 4.0 (TID 18). 2862 bytes result sent to driver
20/07/22 15:41:36 INFO TaskSetManager: Starting task 15.0 in stage 4.0 (TID 19, localhost, executor driver, partition 15, PROCESS_LOCAL, 5886 bytes)
20/07/22 15:41:36 INFO TaskSetManager: Finished task 14.0 in stage 4.0 (TID 18) in 3 ms on localhost (executor driver) (15/200)
20/07/22 15:41:36 INFO Executor: Running task 15.0 in stage 4.0 (TID 19)
20/07/22 15:41:36 INFO ShuffleBlockFetcherIterator: Getting 0 non-empty blocks out of 1 blocks
20/07/22 15:41:36 INFO ShuffleBlockFetcherIterator: Started 0 remote fetches in 0 ms
20/07/22 15:41:36 INFO Executor: Finished task 15.0 in stage 4.0 (TID 19). 2941 bytes result sent to driver
20/07/22 15:41:36 INFO TaskSetManager: Starting task 16.0 in stage 4.0 (TID 20, localhost, executor driver, partition 16, PROCESS_LOCAL, 5886 bytes)
20/07/22 15:41:36 INFO TaskSetManager: Finished task 15.0 in stage 4.0 (TID 19) in 3 ms on localhost (executor driver) (16/200)
20/07/22 15:41:36 INFO Executor: Running task 16.0 in stage 4.0 (TID 20)
20/07/22 15:41:36 INFO ShuffleBlockFetcherIterator: Getting 0 non-empty blocks out of 1 blocks
20/07/22 15:41:36 INFO ShuffleBlockFetcherIterator: Started 0 remote fetches in 0 ms
20/07/22 15:41:36 INFO Executor: Finished task 16.0 in stage 4.0 (TID 20). 2941 bytes result sent to driver
20/07/22 15:41:36 INFO TaskSetManager: Starting task 17.0 in stage 4.0 (TID 21, localhost, executor driver, partition 17, PROCESS_LOCAL, 5886 bytes)
20/07/22 15:41:36 INFO Executor: Running task 17.0 in stage 4.0 (TID 21)
20/07/22 15:41:36 INFO TaskSetManager: Finished task 16.0 in stage 4.0 (TID 20) in 3 ms on localhost (executor driver) (17/200)
20/07/22 15:41:36 INFO ShuffleBlockFetcherIterator: Getting 0 non-empty blocks out of 1 blocks
20/07/22 15:41:36 INFO ShuffleBlockFetcherIterator: Started 0 remote fetches in 0 ms
20/07/22 15:41:36 INFO Executor: Finished task 17.0 in stage 4.0 (TID 21). 2862 bytes result sent to driver
20/07/22 15:41:36 INFO TaskSetManager: Starting task 18.0 in stage 4.0 (TID 22, localhost, executor driver, partition 18, PROCESS_LOCAL, 5886 bytes)
20/07/22 15:41:36 INFO Executor: Running task 18.0 in stage 4.0 (TID 22)
20/07/22 15:41:36 INFO TaskSetManager: Finished task 17.0 in stage 4.0 (TID 21) in 3 ms on localhost (executor driver) (18/200)
20/07/22 15:41:37 INFO ShuffleBlockFetcherIterator: Getting 0 non-empty blocks out of 1 blocks
20/07/22 15:41:37 INFO ShuffleBlockFetcherIterator: Started 0 remote fetches in 0 ms
20/07/22 15:41:37 INFO Executor: Finished task 18.0 in stage 4.0 (TID 22). 2941 bytes result sent to driver
20/07/22 15:41:37 INFO TaskSetManager: Starting task 19.0 in stage 4.0 (TID 23, localhost, executor driver, partition 19, PROCESS_LOCAL, 5886 bytes)
20/07/22 15:41:37 INFO Executor: Running task 19.0 in stage 4.0 (TID 23)
20/07/22 15:41:37 INFO TaskSetManager: Finished task 18.0 in stage 4.0 (TID 22) in 3 ms on localhost (executor driver) (19/200)
20/07/22 15:41:37 INFO ShuffleBlockFetcherIterator: Getting 0 non-empty blocks out of 1 blocks
20/07/22 15:41:37 INFO ShuffleBlockFetcherIterator: Started 0 remote fetches in 0 ms
20/07/22 15:41:37 INFO Executor: Finished task 19.0 in stage 4.0 (TID 23). 2941 bytes result sent to driver
20/07/22 15:41:37 INFO TaskSetManager: Starting task 21.0 in stage 4.0 (TID 24, localhost, executor driver, partition 21, PROCESS_LOCAL, 5886 bytes)
20/07/22 15:41:37 INFO Executor: Running task 21.0 in stage 4.0 (TID 24)
20/07/22 15:41:37 INFO TaskSetManager: Finished task 19.0 in stage 4.0 (TID 23) in 3 ms on localhost (executor driver) (20/200)
20/07/22 15:41:37 INFO ShuffleBlockFetcherIterator: Getting 0 non-empty blocks out of 1 blocks
20/07/22 15:41:37 INFO ShuffleBlockFetcherIterator: Started 0 remote fetches in 0 ms
20/07/22 15:41:37 INFO Executor: Finished task 21.0 in stage 4.0 (TID 24). 2941 bytes result sent to driver
20/07/22 15:41:37 INFO TaskSetManager: Starting task 22.0 in stage 4.0 (TID 25, localhost, executor driver, partition 22, PROCESS_LOCAL, 5886 bytes)
20/07/22 15:41:37 INFO TaskSetManager: Finished task 21.0 in stage 4.0 (TID 24) in 4 ms on localhost (executor driver) (21/200)
20/07/22 15:41:37 INFO Executor: Running task 22.0 in stage 4.0 (TID 25)
20/07/22 15:41:37 INFO ShuffleBlockFetcherIterator: Getting 0 non-empty blocks out of 1 blocks
20/07/22 15:41:37 INFO ShuffleBlockFetcherIterator: Started 0 remote fetches in 0 ms
20/07/22 15:41:37 INFO Executor: Finished task 22.0 in stage 4.0 (TID 25). 2941 bytes result sent to driver
20/07/22 15:41:37 INFO TaskSetManager: Starting task 23.0 in stage 4.0 (TID 26, localhost, executor driver, partition 23, PROCESS_LOCAL, 5886 bytes)
20/07/22 15:41:37 INFO Executor: Running task 23.0 in stage 4.0 (TID 26)
20/07/22 15:41:37 INFO TaskSetManager: Finished task 22.0 in stage 4.0 (TID 25) in 4 ms on localhost (executor driver) (22/200)
20/07/22 15:41:37 INFO ShuffleBlockFetcherIterator: Getting 0 non-empty blocks out of 1 blocks
20/07/22 15:41:37 INFO ShuffleBlockFetcherIterator: Started 0 remote fetches in 0 ms
20/07/22 15:41:37 INFO Executor: Finished task 23.0 in stage 4.0 (TID 26). 2941 bytes result sent to driver
20/07/22 15:41:37 INFO TaskSetManager: Starting task 24.0 in stage 4.0 (TID 27, localhost, executor driver, partition 24, PROCESS_LOCAL, 5886 bytes)
20/07/22 15:41:37 INFO TaskSetManager: Finished task 23.0 in stage 4.0 (TID 26) in 3 ms on localhost (executor driver) (23/200)
20/07/22 15:41:37 INFO Executor: Running task 24.0 in stage 4.0 (TID 27)
20/07/22 15:41:37 INFO ShuffleBlockFetcherIterator: Getting 0 non-empty blocks out of 1 blocks
20/07/22 15:41:37 INFO ShuffleBlockFetcherIterator: Started 0 remote fetches in 0 ms
20/07/22 15:41:37 INFO Executor: Finished task 24.0 in stage 4.0 (TID 27). 2941 bytes result sent to driver
20/07/22 15:41:37 INFO TaskSetManager: Starting task 25.0 in stage 4.0 (TID 28, localhost, executor driver, partition 25, PROCESS_LOCAL, 5886 bytes)
20/07/22 15:41:37 INFO Executor: Running task 25.0 in stage 4.0 (TID 28)
20/07/22 15:41:37 INFO TaskSetManager: Finished task 24.0 in stage 4.0 (TID 27) in 3 ms on localhost (executor driver) (24/200)
20/07/22 15:41:37 INFO ShuffleBlockFetcherIterator: Getting 0 non-empty blocks out of 1 blocks
20/07/22 15:41:37 INFO ShuffleBlockFetcherIterator: Started 0 remote fetches in 0 ms
20/07/22 15:41:37 INFO Executor: Finished task 25.0 in stage 4.0 (TID 28). 2941 bytes result sent to driver
20/07/22 15:41:37 INFO TaskSetManager: Starting task 26.0 in stage 4.0 (TID 29, localhost, executor driver, partition 26, PROCESS_LOCAL, 5886 bytes)
20/07/22 15:41:37 INFO TaskSetManager: Finished task 25.0 in stage 4.0 (TID 28) in 3 ms on localhost (executor driver) (25/200)
20/07/22 15:41:37 INFO Executor: Running task 26.0 in stage 4.0 (TID 29)
20/07/22 15:41:37 INFO ShuffleBlockFetcherIterator: Getting 0 non-empty blocks out of 1 blocks
20/07/22 15:41:37 INFO ShuffleBlockFetcherIterator: Started 0 remote fetches in 0 ms
20/07/22 15:41:37 INFO Executor: Finished task 26.0 in stage 4.0 (TID 29). 2941 bytes result sent to driver
20/07/22 15:41:37 INFO TaskSetManager: Starting task 27.0 in stage 4.0 (TID 30, localhost, executor driver, partition 27, PROCESS_LOCAL, 5886 bytes)
20/07/22 15:41:37 INFO Executor: Running task 27.0 in stage 4.0 (TID 30)
20/07/22 15:41:37 INFO TaskSetManager: Finished task 26.0 in stage 4.0 (TID 29) in 3 ms on localhost (executor driver) (26/200)
20/07/22 15:41:37 INFO ShuffleBlockFetcherIterator: Getting 0 non-empty blocks out of 1 blocks
20/07/22 15:41:37 INFO ShuffleBlockFetcherIterator: Started 0 remote fetches in 0 ms
20/07/22 15:41:37 INFO Executor: Finished task 27.0 in stage 4.0 (TID 30). 2941 bytes result sent to driver
20/07/22 15:41:37 INFO TaskSetManager: Starting task 28.0 in stage 4.0 (TID 31, localhost, executor driver, partition 28, PROCESS_LOCAL, 5886 bytes)
20/07/22 15:41:37 INFO TaskSetManager: Finished task 27.0 in stage 4.0 (TID 30) in 4 ms on localhost (executor driver) (27/200)
20/07/22 15:41:37 INFO Executor: Running task 28.0 in stage 4.0 (TID 31)
20/07/22 15:41:37 INFO ShuffleBlockFetcherIterator: Getting 0 non-empty blocks out of 1 blocks
20/07/22 15:41:37 INFO ShuffleBlockFetcherIterator: Started 0 remote fetches in 0 ms
20/07/22 15:41:37 INFO Executor: Finished task 28.0 in stage 4.0 (TID 31). 2941 bytes result sent to driver
20/07/22 15:41:37 INFO TaskSetManager: Starting task 29.0 in stage 4.0 (TID 32, localhost, executor driver, partition 29, PROCESS_LOCAL, 5886 bytes)
20/07/22 15:41:37 INFO Executor: Running task 29.0 in stage 4.0 (TID 32)
20/07/22 15:41:37 INFO TaskSetManager: Finished task 28.0 in stage 4.0 (TID 31) in 3 ms on localhost (executor driver) (28/200)
20/07/22 15:41:37 INFO ShuffleBlockFetcherIterator: Getting 0 non-empty blocks out of 1 blocks
20/07/22 15:41:37 INFO ShuffleBlockFetcherIterator: Started 0 remote fetches in 0 ms
20/07/22 15:41:37 INFO Executor: Finished task 29.0 in stage 4.0 (TID 32). 2941 bytes result sent to driver
20/07/22 15:41:37 INFO TaskSetManager: Starting task 30.0 in stage 4.0 (TID 33, localhost, executor driver, partition 30, PROCESS_LOCAL, 5886 bytes)
20/07/22 15:41:37 INFO TaskSetManager: Finished task 29.0 in stage 4.0 (TID 32) in 3 ms on localhost (executor driver) (29/200)
20/07/22 15:41:37 INFO Executor: Running task 30.0 in stage 4.0 (TID 33)
20/07/22 15:41:37 INFO ShuffleBlockFetcherIterator: Getting 0 non-empty blocks out of 1 blocks
20/07/22 15:41:37 INFO ShuffleBlockFetcherIterator: Started 0 remote fetches in 0 ms
20/07/22 15:41:37 INFO Executor: Finished task 30.0 in stage 4.0 (TID 33). 2941 bytes result sent to driver
20/07/22 15:41:37 INFO TaskSetManager: Starting task 31.0 in stage 4.0 (TID 34, localhost, executor driver, partition 31, PROCESS_LOCAL, 5886 bytes)
20/07/22 15:41:37 INFO Executor: Running task 31.0 in stage 4.0 (TID 34)
20/07/22 15:41:37 INFO TaskSetManager: Finished task 30.0 in stage 4.0 (TID 33) in 3 ms on localhost (executor driver) (30/200)
20/07/22 15:41:37 INFO ShuffleBlockFetcherIterator: Getting 0 non-empty blocks out of 1 blocks
20/07/22 15:41:37 INFO ShuffleBlockFetcherIterator: Started 0 remote fetches in 0 ms
20/07/22 15:41:37 INFO Executor: Finished task 31.0 in stage 4.0 (TID 34). 2941 bytes result sent to driver
20/07/22 15:41:37 INFO TaskSetManager: Starting task 32.0 in stage 4.0 (TID 35, localhost, executor driver, partition 32, PROCESS_LOCAL, 5886 bytes)
20/07/22 15:41:37 INFO Executor: Running task 32.0 in stage 4.0 (TID 35)
20/07/22 15:41:37 INFO TaskSetManager: Finished task 31.0 in stage 4.0 (TID 34) in 3 ms on localhost (executor driver) (31/200)
20/07/22 15:41:37 INFO ShuffleBlockFetcherIterator: Getting 0 non-empty blocks out of 1 blocks
20/07/22 15:41:37 INFO ShuffleBlockFetcherIterator: Started 0 remote fetches in 0 ms
20/07/22 15:41:37 INFO Executor: Finished task 32.0 in stage 4.0 (TID 35). 2941 bytes result sent to driver
20/07/22 15:41:37 INFO TaskSetManager: Starting task 33.0 in stage 4.0 (TID 36, localhost, executor driver, partition 33, PROCESS_LOCAL, 5886 bytes)
20/07/22 15:41:37 INFO Executor: Running task 33.0 in stage 4.0 (TID 36)
20/07/22 15:41:37 INFO TaskSetManager: Finished task 32.0 in stage 4.0 (TID 35) in 3 ms on localhost (executor driver) (32/200)
20/07/22 15:41:37 INFO ShuffleBlockFetcherIterator: Getting 0 non-empty blocks out of 1 blocks
20/07/22 15:41:37 INFO ShuffleBlockFetcherIterator: Started 0 remote fetches in 0 ms
20/07/22 15:41:37 INFO Executor: Finished task 33.0 in stage 4.0 (TID 36). 2941 bytes result sent to driver
20/07/22 15:41:37 INFO TaskSetManager: Starting task 34.0 in stage 4.0 (TID 37, localhost, executor driver, partition 34, PROCESS_LOCAL, 5886 bytes)
20/07/22 15:41:37 INFO TaskSetManager: Finished task 33.0 in stage 4.0 (TID 36) in 4 ms on localhost (executor driver) (33/200)
20/07/22 15:41:37 INFO Executor: Running task 34.0 in stage 4.0 (TID 37)
20/07/22 15:41:37 INFO ShuffleBlockFetcherIterator: Getting 0 non-empty blocks out of 1 blocks
20/07/22 15:41:37 INFO ShuffleBlockFetcherIterator: Started 0 remote fetches in 0 ms
20/07/22 15:41:37 INFO Executor: Finished task 34.0 in stage 4.0 (TID 37). 2941 bytes result sent to driver
20/07/22 15:41:37 INFO TaskSetManager: Starting task 35.0 in stage 4.0 (TID 38, localhost, executor driver, partition 35, PROCESS_LOCAL, 5886 bytes)
20/07/22 15:41:37 INFO TaskSetManager: Finished task 34.0 in stage 4.0 (TID 37) in 4 ms on localhost (executor driver) (34/200)
20/07/22 15:41:37 INFO Executor: Running task 35.0 in stage 4.0 (TID 38)
20/07/22 15:41:37 INFO ShuffleBlockFetcherIterator: Getting 0 non-empty blocks out of 1 blocks
20/07/22 15:41:37 INFO ShuffleBlockFetcherIterator: Started 0 remote fetches in 0 ms
20/07/22 15:41:37 INFO Executor: Finished task 35.0 in stage 4.0 (TID 38). 2941 bytes result sent to driver
20/07/22 15:41:37 INFO TaskSetManager: Starting task 36.0 in stage 4.0 (TID 39, localhost, executor driver, partition 36, PROCESS_LOCAL, 5886 bytes)
20/07/22 15:41:37 INFO TaskSetManager: Finished task 35.0 in stage 4.0 (TID 38) in 4 ms on localhost (executor driver) (35/200)
20/07/22 15:41:37 INFO Executor: Running task 36.0 in stage 4.0 (TID 39)
20/07/22 15:41:37 INFO ShuffleBlockFetcherIterator: Getting 0 non-empty blocks out of 1 blocks
20/07/22 15:41:37 INFO ShuffleBlockFetcherIterator: Started 0 remote fetches in 0 ms
20/07/22 15:41:37 INFO Executor: Finished task 36.0 in stage 4.0 (TID 39). 2941 bytes result sent to driver
20/07/22 15:41:37 INFO TaskSetManager: Starting task 37.0 in stage 4.0 (TID 40, localhost, executor driver, partition 37, PROCESS_LOCAL, 5886 bytes)
20/07/22 15:41:37 INFO Executor: Running task 37.0 in stage 4.0 (TID 40)
20/07/22 15:41:37 INFO TaskSetManager: Finished task 36.0 in stage 4.0 (TID 39) in 4 ms on localhost (executor driver) (36/200)
20/07/22 15:41:37 INFO ShuffleBlockFetcherIterator: Getting 0 non-empty blocks out of 1 blocks
20/07/22 15:41:37 INFO ShuffleBlockFetcherIterator: Started 0 remote fetches in 0 ms
20/07/22 15:41:37 INFO Executor: Finished task 37.0 in stage 4.0 (TID 40). 2941 bytes result sent to driver
20/07/22 15:41:37 INFO TaskSetManager: Starting task 38.0 in stage 4.0 (TID 41, localhost, executor driver, partition 38, PROCESS_LOCAL, 5886 bytes)
20/07/22 15:41:37 INFO Executor: Running task 38.0 in stage 4.0 (TID 41)
20/07/22 15:41:37 INFO TaskSetManager: Finished task 37.0 in stage 4.0 (TID 40) in 4 ms on localhost (executor driver) (37/200)
20/07/22 15:41:37 INFO ShuffleBlockFetcherIterator: Getting 0 non-empty blocks out of 1 blocks
20/07/22 15:41:37 INFO ShuffleBlockFetcherIterator: Started 0 remote fetches in 0 ms
20/07/22 15:41:37 INFO Executor: Finished task 38.0 in stage 4.0 (TID 41). 2941 bytes result sent to driver
20/07/22 15:41:37 INFO TaskSetManager: Starting task 39.0 in stage 4.0 (TID 42, localhost, executor driver, partition 39, PROCESS_LOCAL, 5886 bytes)
20/07/22 15:41:37 INFO Executor: Running task 39.0 in stage 4.0 (TID 42)
20/07/22 15:41:37 INFO TaskSetManager: Finished task 38.0 in stage 4.0 (TID 41) in 3 ms on localhost (executor driver) (38/200)
20/07/22 15:41:37 INFO ShuffleBlockFetcherIterator: Getting 0 non-empty blocks out of 1 blocks
20/07/22 15:41:37 INFO ShuffleBlockFetcherIterator: Started 0 remote fetches in 0 ms
20/07/22 15:41:37 INFO Executor: Finished task 39.0 in stage 4.0 (TID 42). 2941 bytes result sent to driver
20/07/22 15:41:37 INFO TaskSetManager: Starting task 40.0 in stage 4.0 (TID 43, localhost, executor driver, partition 40, PROCESS_LOCAL, 5886 bytes)
20/07/22 15:41:37 INFO Executor: Running task 40.0 in stage 4.0 (TID 43)
20/07/22 15:41:37 INFO TaskSetManager: Finished task 39.0 in stage 4.0 (TID 42) in 3 ms on localhost (executor driver) (39/200)
20/07/22 15:41:37 INFO ShuffleBlockFetcherIterator: Getting 0 non-empty blocks out of 1 blocks
20/07/22 15:41:37 INFO ShuffleBlockFetcherIterator: Started 0 remote fetches in 0 ms
20/07/22 15:41:37 INFO Executor: Finished task 40.0 in stage 4.0 (TID 43). 2862 bytes result sent to driver
20/07/22 15:41:37 INFO TaskSetManager: Starting task 41.0 in stage 4.0 (TID 44, localhost, executor driver, partition 41, PROCESS_LOCAL, 5886 bytes)
20/07/22 15:41:37 INFO TaskSetManager: Finished task 40.0 in stage 4.0 (TID 43) in 3 ms on localhost (executor driver) (40/200)
20/07/22 15:41:37 INFO Executor: Running task 41.0 in stage 4.0 (TID 44)
20/07/22 15:41:37 INFO ShuffleBlockFetcherIterator: Getting 0 non-empty blocks out of 1 blocks
20/07/22 15:41:37 INFO ShuffleBlockFetcherIterator: Started 0 remote fetches in 0 ms
20/07/22 15:41:37 INFO Executor: Finished task 41.0 in stage 4.0 (TID 44). 2862 bytes result sent to driver
20/07/22 15:41:37 INFO TaskSetManager: Starting task 42.0 in stage 4.0 (TID 45, localhost, executor driver, partition 42, PROCESS_LOCAL, 5886 bytes)
20/07/22 15:41:37 INFO TaskSetManager: Finished task 41.0 in stage 4.0 (TID 44) in 3 ms on localhost (executor driver) (41/200)
20/07/22 15:41:37 INFO Executor: Running task 42.0 in stage 4.0 (TID 45)
20/07/22 15:41:37 INFO ShuffleBlockFetcherIterator: Getting 0 non-empty blocks out of 1 blocks
20/07/22 15:41:37 INFO ShuffleBlockFetcherIterator: Started 0 remote fetches in 0 ms
20/07/22 15:41:37 INFO Executor: Finished task 42.0 in stage 4.0 (TID 45). 2862 bytes result sent to driver
20/07/22 15:41:37 INFO TaskSetManager: Starting task 43.0 in stage 4.0 (TID 46, localhost, executor driver, partition 43, PROCESS_LOCAL, 5886 bytes)
20/07/22 15:41:37 INFO Executor: Running task 43.0 in stage 4.0 (TID 46)
20/07/22 15:41:37 INFO TaskSetManager: Finished task 42.0 in stage 4.0 (TID 45) in 3 ms on localhost (executor driver) (42/200)
20/07/22 15:41:37 INFO ShuffleBlockFetcherIterator: Getting 0 non-empty blocks out of 1 blocks
20/07/22 15:41:37 INFO ShuffleBlockFetcherIterator: Started 0 remote fetches in 0 ms
20/07/22 15:41:37 INFO Executor: Finished task 43.0 in stage 4.0 (TID 46). 2941 bytes result sent to driver
20/07/22 15:41:37 INFO TaskSetManager: Starting task 44.0 in stage 4.0 (TID 47, localhost, executor driver, partition 44, PROCESS_LOCAL, 5886 bytes)
20/07/22 15:41:37 INFO Executor: Running task 44.0 in stage 4.0 (TID 47)
20/07/22 15:41:37 INFO TaskSetManager: Finished task 43.0 in stage 4.0 (TID 46) in 4 ms on localhost (executor driver) (43/200)
20/07/22 15:41:37 INFO ShuffleBlockFetcherIterator: Getting 0 non-empty blocks out of 1 blocks
20/07/22 15:41:37 INFO ShuffleBlockFetcherIterator: Started 0 remote fetches in 1 ms
20/07/22 15:41:37 INFO Executor: Finished task 44.0 in stage 4.0 (TID 47). 2941 bytes result sent to driver
20/07/22 15:41:37 INFO TaskSetManager: Starting task 45.0 in stage 4.0 (TID 48, localhost, executor driver, partition 45, PROCESS_LOCAL, 5886 bytes)
20/07/22 15:41:37 INFO TaskSetManager: Finished task 44.0 in stage 4.0 (TID 47) in 7 ms on localhost (executor driver) (44/200)
20/07/22 15:41:37 INFO Executor: Running task 45.0 in stage 4.0 (TID 48)
20/07/22 15:41:37 INFO ShuffleBlockFetcherIterator: Getting 0 non-empty blocks out of 1 blocks
20/07/22 15:41:37 INFO ShuffleBlockFetcherIterator: Started 0 remote fetches in 0 ms
20/07/22 15:41:37 INFO Executor: Finished task 45.0 in stage 4.0 (TID 48). 2941 bytes result sent to driver
20/07/22 15:41:37 INFO TaskSetManager: Starting task 46.0 in stage 4.0 (TID 49, localhost, executor driver, partition 46, PROCESS_LOCAL, 5886 bytes)
20/07/22 15:41:37 INFO Executor: Running task 46.0 in stage 4.0 (TID 49)
20/07/22 15:41:37 INFO TaskSetManager: Finished task 45.0 in stage 4.0 (TID 48) in 3 ms on localhost (executor driver) (45/200)
20/07/22 15:41:37 INFO ShuffleBlockFetcherIterator: Getting 0 non-empty blocks out of 1 blocks
20/07/22 15:41:37 INFO ShuffleBlockFetcherIterator: Started 0 remote fetches in 0 ms
20/07/22 15:41:37 INFO Executor: Finished task 46.0 in stage 4.0 (TID 49). 2941 bytes result sent to driver
20/07/22 15:41:37 INFO TaskSetManager: Starting task 47.0 in stage 4.0 (TID 50, localhost, executor driver, partition 47, PROCESS_LOCAL, 5886 bytes)
20/07/22 15:41:37 INFO TaskSetManager: Finished task 46.0 in stage 4.0 (TID 49) in 4 ms on localhost (executor driver) (46/200)
20/07/22 15:41:37 INFO Executor: Running task 47.0 in stage 4.0 (TID 50)
20/07/22 15:41:37 INFO ShuffleBlockFetcherIterator: Getting 0 non-empty blocks out of 1 blocks
20/07/22 15:41:37 INFO ShuffleBlockFetcherIterator: Started 0 remote fetches in 0 ms
20/07/22 15:41:37 INFO Executor: Finished task 47.0 in stage 4.0 (TID 50). 2941 bytes result sent to driver
20/07/22 15:41:37 INFO TaskSetManager: Starting task 48.0 in stage 4.0 (TID 51, localhost, executor driver, partition 48, PROCESS_LOCAL, 5886 bytes)
20/07/22 15:41:37 INFO Executor: Running task 48.0 in stage 4.0 (TID 51)
20/07/22 15:41:37 INFO TaskSetManager: Finished task 47.0 in stage 4.0 (TID 50) in 4 ms on localhost (executor driver) (47/200)
20/07/22 15:41:37 INFO ShuffleBlockFetcherIterator: Getting 0 non-empty blocks out of 1 blocks
20/07/22 15:41:37 INFO ShuffleBlockFetcherIterator: Started 0 remote fetches in 0 ms
20/07/22 15:41:37 INFO Executor: Finished task 48.0 in stage 4.0 (TID 51). 2941 bytes result sent to driver
20/07/22 15:41:37 INFO TaskSetManager: Starting task 49.0 in stage 4.0 (TID 52, localhost, executor driver, partition 49, PROCESS_LOCAL, 5886 bytes)
20/07/22 15:41:37 INFO Executor: Running task 49.0 in stage 4.0 (TID 52)
20/07/22 15:41:37 INFO TaskSetManager: Finished task 48.0 in stage 4.0 (TID 51) in 4 ms on localhost (executor driver) (48/200)
20/07/22 15:41:37 INFO ShuffleBlockFetcherIterator: Getting 0 non-empty blocks out of 1 blocks
20/07/22 15:41:37 INFO ShuffleBlockFetcherIterator: Started 0 remote fetches in 0 ms
20/07/22 15:41:37 INFO Executor: Finished task 49.0 in stage 4.0 (TID 52). 2941 bytes result sent to driver
20/07/22 15:41:37 INFO TaskSetManager: Starting task 50.0 in stage 4.0 (TID 53, localhost, executor driver, partition 50, PROCESS_LOCAL, 5886 bytes)
20/07/22 15:41:37 INFO Executor: Running task 50.0 in stage 4.0 (TID 53)
20/07/22 15:41:37 INFO TaskSetManager: Finished task 49.0 in stage 4.0 (TID 52) in 4 ms on localhost (executor driver) (49/200)
20/07/22 15:41:37 INFO ShuffleBlockFetcherIterator: Getting 0 non-empty blocks out of 1 blocks
20/07/22 15:41:37 INFO ShuffleBlockFetcherIterator: Started 0 remote fetches in 0 ms
20/07/22 15:41:37 INFO Executor: Finished task 50.0 in stage 4.0 (TID 53). 2941 bytes result sent to driver
20/07/22 15:41:37 INFO TaskSetManager: Starting task 51.0 in stage 4.0 (TID 54, localhost, executor driver, partition 51, PROCESS_LOCAL, 5886 bytes)
20/07/22 15:41:37 INFO Executor: Running task 51.0 in stage 4.0 (TID 54)
20/07/22 15:41:37 INFO TaskSetManager: Finished task 50.0 in stage 4.0 (TID 53) in 4 ms on localhost (executor driver) (50/200)
20/07/22 15:41:37 INFO ShuffleBlockFetcherIterator: Getting 0 non-empty blocks out of 1 blocks
20/07/22 15:41:37 INFO ShuffleBlockFetcherIterator: Started 0 remote fetches in 0 ms
20/07/22 15:41:37 INFO Executor: Finished task 51.0 in stage 4.0 (TID 54). 2941 bytes result sent to driver
20/07/22 15:41:37 INFO TaskSetManager: Starting task 52.0 in stage 4.0 (TID 55, localhost, executor driver, partition 52, PROCESS_LOCAL, 5886 bytes)
20/07/22 15:41:37 INFO Executor: Running task 52.0 in stage 4.0 (TID 55)
20/07/22 15:41:37 INFO TaskSetManager: Finished task 51.0 in stage 4.0 (TID 54) in 4 ms on localhost (executor driver) (51/200)
20/07/22 15:41:37 INFO ShuffleBlockFetcherIterator: Getting 0 non-empty blocks out of 1 blocks
20/07/22 15:41:37 INFO ShuffleBlockFetcherIterator: Started 0 remote fetches in 0 ms
20/07/22 15:41:37 INFO Executor: Finished task 52.0 in stage 4.0 (TID 55). 2941 bytes result sent to driver
20/07/22 15:41:37 INFO TaskSetManager: Starting task 53.0 in stage 4.0 (TID 56, localhost, executor driver, partition 53, PROCESS_LOCAL, 5886 bytes)
20/07/22 15:41:37 INFO Executor: Running task 53.0 in stage 4.0 (TID 56)
20/07/22 15:41:37 INFO TaskSetManager: Finished task 52.0 in stage 4.0 (TID 55) in 3 ms on localhost (executor driver) (52/200)
20/07/22 15:41:37 INFO ShuffleBlockFetcherIterator: Getting 0 non-empty blocks out of 1 blocks
20/07/22 15:41:37 INFO ShuffleBlockFetcherIterator: Started 0 remote fetches in 0 ms
20/07/22 15:41:37 INFO Executor: Finished task 53.0 in stage 4.0 (TID 56). 2941 bytes result sent to driver
20/07/22 15:41:37 INFO TaskSetManager: Starting task 54.0 in stage 4.0 (TID 57, localhost, executor driver, partition 54, PROCESS_LOCAL, 5886 bytes)
20/07/22 15:41:37 INFO TaskSetManager: Finished task 53.0 in stage 4.0 (TID 56) in 4 ms on localhost (executor driver) (53/200)
20/07/22 15:41:37 INFO Executor: Running task 54.0 in stage 4.0 (TID 57)
20/07/22 15:41:37 INFO ShuffleBlockFetcherIterator: Getting 0 non-empty blocks out of 1 blocks
20/07/22 15:41:37 INFO ShuffleBlockFetcherIterator: Started 0 remote fetches in 0 ms
20/07/22 15:41:37 INFO Executor: Finished task 54.0 in stage 4.0 (TID 57). 2941 bytes result sent to driver
20/07/22 15:41:37 INFO TaskSetManager: Starting task 55.0 in stage 4.0 (TID 58, localhost, executor driver, partition 55, PROCESS_LOCAL, 5886 bytes)
20/07/22 15:41:37 INFO TaskSetManager: Finished task 54.0 in stage 4.0 (TID 57) in 3 ms on localhost (executor driver) (54/200)
20/07/22 15:41:37 INFO Executor: Running task 55.0 in stage 4.0 (TID 58)
20/07/22 15:41:37 INFO ShuffleBlockFetcherIterator: Getting 0 non-empty blocks out of 1 blocks
20/07/22 15:41:37 INFO ShuffleBlockFetcherIterator: Started 0 remote fetches in 0 ms
20/07/22 15:41:37 INFO Executor: Finished task 55.0 in stage 4.0 (TID 58). 2941 bytes result sent to driver
20/07/22 15:41:37 INFO TaskSetManager: Starting task 56.0 in stage 4.0 (TID 59, localhost, executor driver, partition 56, PROCESS_LOCAL, 5886 bytes)
20/07/22 15:41:37 INFO TaskSetManager: Finished task 55.0 in stage 4.0 (TID 58) in 4 ms on localhost (executor driver) (55/200)
20/07/22 15:41:37 INFO Executor: Running task 56.0 in stage 4.0 (TID 59)
20/07/22 15:41:37 INFO ShuffleBlockFetcherIterator: Getting 0 non-empty blocks out of 1 blocks
20/07/22 15:41:37 INFO ShuffleBlockFetcherIterator: Started 0 remote fetches in 0 ms
20/07/22 15:41:37 INFO Executor: Finished task 56.0 in stage 4.0 (TID 59). 2941 bytes result sent to driver
20/07/22 15:41:37 INFO TaskSetManager: Starting task 57.0 in stage 4.0 (TID 60, localhost, executor driver, partition 57, PROCESS_LOCAL, 5886 bytes)
20/07/22 15:41:37 INFO Executor: Running task 57.0 in stage 4.0 (TID 60)
20/07/22 15:41:37 INFO TaskSetManager: Finished task 56.0 in stage 4.0 (TID 59) in 3 ms on localhost (executor driver) (56/200)
20/07/22 15:41:37 INFO ShuffleBlockFetcherIterator: Getting 0 non-empty blocks out of 1 blocks
20/07/22 15:41:37 INFO ShuffleBlockFetcherIterator: Started 0 remote fetches in 0 ms
20/07/22 15:41:37 INFO Executor: Finished task 57.0 in stage 4.0 (TID 60). 2862 bytes result sent to driver
20/07/22 15:41:37 INFO TaskSetManager: Starting task 58.0 in stage 4.0 (TID 61, localhost, executor driver, partition 58, PROCESS_LOCAL, 5886 bytes)
20/07/22 15:41:37 INFO Executor: Running task 58.0 in stage 4.0 (TID 61)
20/07/22 15:41:37 INFO TaskSetManager: Finished task 57.0 in stage 4.0 (TID 60) in 3 ms on localhost (executor driver) (57/200)
20/07/22 15:41:37 INFO ShuffleBlockFetcherIterator: Getting 0 non-empty blocks out of 1 blocks
20/07/22 15:41:37 INFO ShuffleBlockFetcherIterator: Started 0 remote fetches in 0 ms
20/07/22 15:41:37 INFO Executor: Finished task 58.0 in stage 4.0 (TID 61). 2862 bytes result sent to driver
20/07/22 15:41:37 INFO TaskSetManager: Starting task 59.0 in stage 4.0 (TID 62, localhost, executor driver, partition 59, PROCESS_LOCAL, 5886 bytes)
20/07/22 15:41:37 INFO Executor: Running task 59.0 in stage 4.0 (TID 62)
20/07/22 15:41:37 INFO TaskSetManager: Finished task 58.0 in stage 4.0 (TID 61) in 3 ms on localhost (executor driver) (58/200)
20/07/22 15:41:37 INFO ShuffleBlockFetcherIterator: Getting 0 non-empty blocks out of 1 blocks
20/07/22 15:41:37 INFO ShuffleBlockFetcherIterator: Started 0 remote fetches in 1 ms
20/07/22 15:41:37 INFO Executor: Finished task 59.0 in stage 4.0 (TID 62). 2941 bytes result sent to driver
20/07/22 15:41:37 INFO TaskSetManager: Starting task 60.0 in stage 4.0 (TID 63, localhost, executor driver, partition 60, PROCESS_LOCAL, 5886 bytes)
20/07/22 15:41:37 INFO TaskSetManager: Finished task 59.0 in stage 4.0 (TID 62) in 3 ms on localhost (executor driver) (59/200)
20/07/22 15:41:37 INFO Executor: Running task 60.0 in stage 4.0 (TID 63)
20/07/22 15:41:37 INFO ShuffleBlockFetcherIterator: Getting 0 non-empty blocks out of 1 blocks
20/07/22 15:41:37 INFO ShuffleBlockFetcherIterator: Started 0 remote fetches in 0 ms
20/07/22 15:41:37 INFO Executor: Finished task 60.0 in stage 4.0 (TID 63). 2941 bytes result sent to driver
20/07/22 15:41:37 INFO TaskSetManager: Starting task 61.0 in stage 4.0 (TID 64, localhost, executor driver, partition 61, PROCESS_LOCAL, 5886 bytes)
20/07/22 15:41:37 INFO TaskSetManager: Finished task 60.0 in stage 4.0 (TID 63) in 3 ms on localhost (executor driver) (60/200)
20/07/22 15:41:37 INFO Executor: Running task 61.0 in stage 4.0 (TID 64)
20/07/22 15:41:37 INFO ShuffleBlockFetcherIterator: Getting 0 non-empty blocks out of 1 blocks
20/07/22 15:41:37 INFO ShuffleBlockFetcherIterator: Started 0 remote fetches in 0 ms
20/07/22 15:41:37 INFO Executor: Finished task 61.0 in stage 4.0 (TID 64). 2941 bytes result sent to driver
20/07/22 15:41:37 INFO TaskSetManager: Starting task 62.0 in stage 4.0 (TID 65, localhost, executor driver, partition 62, PROCESS_LOCAL, 5886 bytes)
20/07/22 15:41:37 INFO TaskSetManager: Finished task 61.0 in stage 4.0 (TID 64) in 3 ms on localhost (executor driver) (61/200)
20/07/22 15:41:37 INFO Executor: Running task 62.0 in stage 4.0 (TID 65)
20/07/22 15:41:37 INFO ShuffleBlockFetcherIterator: Getting 0 non-empty blocks out of 1 blocks
20/07/22 15:41:37 INFO ShuffleBlockFetcherIterator: Started 0 remote fetches in 0 ms
20/07/22 15:41:37 INFO Executor: Finished task 62.0 in stage 4.0 (TID 65). 2941 bytes result sent to driver
20/07/22 15:41:37 INFO TaskSetManager: Starting task 63.0 in stage 4.0 (TID 66, localhost, executor driver, partition 63, PROCESS_LOCAL, 5886 bytes)
20/07/22 15:41:37 INFO TaskSetManager: Finished task 62.0 in stage 4.0 (TID 65) in 3 ms on localhost (executor driver) (62/200)
20/07/22 15:41:37 INFO Executor: Running task 63.0 in stage 4.0 (TID 66)
20/07/22 15:41:37 INFO ShuffleBlockFetcherIterator: Getting 0 non-empty blocks out of 1 blocks
20/07/22 15:41:37 INFO ShuffleBlockFetcherIterator: Started 0 remote fetches in 0 ms
20/07/22 15:41:37 INFO Executor: Finished task 63.0 in stage 4.0 (TID 66). 2941 bytes result sent to driver
20/07/22 15:41:37 INFO TaskSetManager: Starting task 64.0 in stage 4.0 (TID 67, localhost, executor driver, partition 64, PROCESS_LOCAL, 5886 bytes)
20/07/22 15:41:37 INFO TaskSetManager: Finished task 63.0 in stage 4.0 (TID 66) in 4 ms on localhost (executor driver) (63/200)
20/07/22 15:41:37 INFO Executor: Running task 64.0 in stage 4.0 (TID 67)
20/07/22 15:41:37 INFO ShuffleBlockFetcherIterator: Getting 0 non-empty blocks out of 1 blocks
20/07/22 15:41:37 INFO ShuffleBlockFetcherIterator: Started 0 remote fetches in 0 ms
20/07/22 15:41:37 INFO Executor: Finished task 64.0 in stage 4.0 (TID 67). 2941 bytes result sent to driver
20/07/22 15:41:37 INFO TaskSetManager: Starting task 65.0 in stage 4.0 (TID 68, localhost, executor driver, partition 65, PROCESS_LOCAL, 5886 bytes)
20/07/22 15:41:37 INFO Executor: Running task 65.0 in stage 4.0 (TID 68)
20/07/22 15:41:37 INFO TaskSetManager: Finished task 64.0 in stage 4.0 (TID 67) in 3 ms on localhost (executor driver) (64/200)
20/07/22 15:41:37 INFO ShuffleBlockFetcherIterator: Getting 0 non-empty blocks out of 1 blocks
20/07/22 15:41:37 INFO ShuffleBlockFetcherIterator: Started 0 remote fetches in 0 ms
20/07/22 15:41:37 INFO Executor: Finished task 65.0 in stage 4.0 (TID 68). 2941 bytes result sent to driver
20/07/22 15:41:37 INFO TaskSetManager: Starting task 66.0 in stage 4.0 (TID 69, localhost, executor driver, partition 66, PROCESS_LOCAL, 5886 bytes)
20/07/22 15:41:37 INFO TaskSetManager: Finished task 65.0 in stage 4.0 (TID 68) in 3 ms on localhost (executor driver) (65/200)
20/07/22 15:41:37 INFO Executor: Running task 66.0 in stage 4.0 (TID 69)
20/07/22 15:41:37 INFO ShuffleBlockFetcherIterator: Getting 0 non-empty blocks out of 1 blocks
20/07/22 15:41:37 INFO ShuffleBlockFetcherIterator: Started 0 remote fetches in 0 ms
20/07/22 15:41:37 INFO Executor: Finished task 66.0 in stage 4.0 (TID 69). 2862 bytes result sent to driver
20/07/22 15:41:37 INFO TaskSetManager: Starting task 67.0 in stage 4.0 (TID 70, localhost, executor driver, partition 67, PROCESS_LOCAL, 5886 bytes)
20/07/22 15:41:37 INFO TaskSetManager: Finished task 66.0 in stage 4.0 (TID 69) in 3 ms on localhost (executor driver) (66/200)
20/07/22 15:41:37 INFO Executor: Running task 67.0 in stage 4.0 (TID 70)
20/07/22 15:41:37 INFO ShuffleBlockFetcherIterator: Getting 0 non-empty blocks out of 1 blocks
20/07/22 15:41:37 INFO ShuffleBlockFetcherIterator: Started 0 remote fetches in 1 ms
20/07/22 15:41:37 INFO Executor: Finished task 67.0 in stage 4.0 (TID 70). 2854 bytes result sent to driver
20/07/22 15:41:37 INFO TaskSetManager: Starting task 68.0 in stage 4.0 (TID 71, localhost, executor driver, partition 68, PROCESS_LOCAL, 5886 bytes)
20/07/22 15:41:37 INFO Executor: Running task 68.0 in stage 4.0 (TID 71)
20/07/22 15:41:37 INFO TaskSetManager: Finished task 67.0 in stage 4.0 (TID 70) in 3 ms on localhost (executor driver) (67/200)
20/07/22 15:41:37 INFO ShuffleBlockFetcherIterator: Getting 0 non-empty blocks out of 1 blocks
20/07/22 15:41:37 INFO ShuffleBlockFetcherIterator: Started 0 remote fetches in 0 ms
20/07/22 15:41:37 INFO Executor: Finished task 68.0 in stage 4.0 (TID 71). 2862 bytes result sent to driver
20/07/22 15:41:37 INFO TaskSetManager: Starting task 69.0 in stage 4.0 (TID 72, localhost, executor driver, partition 69, PROCESS_LOCAL, 5886 bytes)
20/07/22 15:41:37 INFO Executor: Running task 69.0 in stage 4.0 (TID 72)
20/07/22 15:41:37 INFO TaskSetManager: Finished task 68.0 in stage 4.0 (TID 71) in 3 ms on localhost (executor driver) (68/200)
20/07/22 15:41:37 INFO ShuffleBlockFetcherIterator: Getting 0 non-empty blocks out of 1 blocks
20/07/22 15:41:37 INFO ShuffleBlockFetcherIterator: Started 0 remote fetches in 0 ms
20/07/22 15:41:37 INFO Executor: Finished task 69.0 in stage 4.0 (TID 72). 2941 bytes result sent to driver
20/07/22 15:41:37 INFO TaskSetManager: Starting task 70.0 in stage 4.0 (TID 73, localhost, executor driver, partition 70, PROCESS_LOCAL, 5886 bytes)
20/07/22 15:41:37 INFO Executor: Running task 70.0 in stage 4.0 (TID 73)
20/07/22 15:41:37 INFO TaskSetManager: Finished task 69.0 in stage 4.0 (TID 72) in 4 ms on localhost (executor driver) (69/200)
20/07/22 15:41:37 INFO ShuffleBlockFetcherIterator: Getting 0 non-empty blocks out of 1 blocks
20/07/22 15:41:37 INFO ShuffleBlockFetcherIterator: Started 0 remote fetches in 0 ms
20/07/22 15:41:37 INFO Executor: Finished task 70.0 in stage 4.0 (TID 73). 2941 bytes result sent to driver
20/07/22 15:41:37 INFO TaskSetManager: Starting task 71.0 in stage 4.0 (TID 74, localhost, executor driver, partition 71, PROCESS_LOCAL, 5886 bytes)
20/07/22 15:41:37 INFO Executor: Running task 71.0 in stage 4.0 (TID 74)
20/07/22 15:41:37 INFO TaskSetManager: Finished task 70.0 in stage 4.0 (TID 73) in 4 ms on localhost (executor driver) (70/200)
20/07/22 15:41:37 INFO ShuffleBlockFetcherIterator: Getting 0 non-empty blocks out of 1 blocks
20/07/22 15:41:37 INFO ShuffleBlockFetcherIterator: Started 0 remote fetches in 0 ms
20/07/22 15:41:37 INFO Executor: Finished task 71.0 in stage 4.0 (TID 74). 2941 bytes result sent to driver
20/07/22 15:41:37 INFO TaskSetManager: Starting task 72.0 in stage 4.0 (TID 75, localhost, executor driver, partition 72, PROCESS_LOCAL, 5886 bytes)
20/07/22 15:41:37 INFO Executor: Running task 72.0 in stage 4.0 (TID 75)
20/07/22 15:41:37 INFO TaskSetManager: Finished task 71.0 in stage 4.0 (TID 74) in 4 ms on localhost (executor driver) (71/200)
20/07/22 15:41:37 INFO ShuffleBlockFetcherIterator: Getting 0 non-empty blocks out of 1 blocks
20/07/22 15:41:37 INFO ShuffleBlockFetcherIterator: Started 0 remote fetches in 0 ms
20/07/22 15:41:37 INFO Executor: Finished task 72.0 in stage 4.0 (TID 75). 2941 bytes result sent to driver
20/07/22 15:41:37 INFO TaskSetManager: Starting task 73.0 in stage 4.0 (TID 76, localhost, executor driver, partition 73, PROCESS_LOCAL, 5886 bytes)
20/07/22 15:41:37 INFO Executor: Running task 73.0 in stage 4.0 (TID 76)
20/07/22 15:41:37 INFO TaskSetManager: Finished task 72.0 in stage 4.0 (TID 75) in 5 ms on localhost (executor driver) (72/200)
20/07/22 15:41:37 INFO ShuffleBlockFetcherIterator: Getting 0 non-empty blocks out of 1 blocks
20/07/22 15:41:37 INFO ShuffleBlockFetcherIterator: Started 0 remote fetches in 0 ms
20/07/22 15:41:37 INFO Executor: Finished task 73.0 in stage 4.0 (TID 76). 2941 bytes result sent to driver
20/07/22 15:41:37 INFO TaskSetManager: Starting task 74.0 in stage 4.0 (TID 77, localhost, executor driver, partition 74, PROCESS_LOCAL, 5886 bytes)
20/07/22 15:41:37 INFO Executor: Running task 74.0 in stage 4.0 (TID 77)
20/07/22 15:41:37 INFO TaskSetManager: Finished task 73.0 in stage 4.0 (TID 76) in 5 ms on localhost (executor driver) (73/200)
20/07/22 15:41:37 INFO ShuffleBlockFetcherIterator: Getting 0 non-empty blocks out of 1 blocks
20/07/22 15:41:37 INFO ShuffleBlockFetcherIterator: Started 0 remote fetches in 0 ms
20/07/22 15:41:37 INFO Executor: Finished task 74.0 in stage 4.0 (TID 77). 2941 bytes result sent to driver
20/07/22 15:41:37 INFO TaskSetManager: Starting task 75.0 in stage 4.0 (TID 78, localhost, executor driver, partition 75, PROCESS_LOCAL, 5886 bytes)
20/07/22 15:41:37 INFO Executor: Running task 75.0 in stage 4.0 (TID 78)
20/07/22 15:41:37 INFO TaskSetManager: Finished task 74.0 in stage 4.0 (TID 77) in 6 ms on localhost (executor driver) (74/200)
20/07/22 15:41:37 INFO ShuffleBlockFetcherIterator: Getting 0 non-empty blocks out of 1 blocks
20/07/22 15:41:37 INFO ShuffleBlockFetcherIterator: Started 0 remote fetches in 0 ms
20/07/22 15:41:37 INFO Executor: Finished task 75.0 in stage 4.0 (TID 78). 2941 bytes result sent to driver
20/07/22 15:41:37 INFO TaskSetManager: Starting task 76.0 in stage 4.0 (TID 79, localhost, executor driver, partition 76, PROCESS_LOCAL, 5886 bytes)
20/07/22 15:41:37 INFO TaskSetManager: Finished task 75.0 in stage 4.0 (TID 78) in 7 ms on localhost (executor driver) (75/200)
20/07/22 15:41:37 INFO Executor: Running task 76.0 in stage 4.0 (TID 79)
20/07/22 15:41:37 INFO ShuffleBlockFetcherIterator: Getting 0 non-empty blocks out of 1 blocks
20/07/22 15:41:37 INFO ShuffleBlockFetcherIterator: Started 0 remote fetches in 0 ms
20/07/22 15:41:37 INFO Executor: Finished task 76.0 in stage 4.0 (TID 79). 2941 bytes result sent to driver
20/07/22 15:41:37 INFO TaskSetManager: Starting task 77.0 in stage 4.0 (TID 80, localhost, executor driver, partition 77, PROCESS_LOCAL, 5886 bytes)
20/07/22 15:41:37 INFO TaskSetManager: Finished task 76.0 in stage 4.0 (TID 79) in 6 ms on localhost (executor driver) (76/200)
20/07/22 15:41:37 INFO Executor: Running task 77.0 in stage 4.0 (TID 80)
20/07/22 15:41:37 INFO ShuffleBlockFetcherIterator: Getting 0 non-empty blocks out of 1 blocks
20/07/22 15:41:37 INFO ShuffleBlockFetcherIterator: Started 0 remote fetches in 0 ms
20/07/22 15:41:37 INFO Executor: Finished task 77.0 in stage 4.0 (TID 80). 2941 bytes result sent to driver
20/07/22 15:41:37 INFO TaskSetManager: Starting task 78.0 in stage 4.0 (TID 81, localhost, executor driver, partition 78, PROCESS_LOCAL, 5886 bytes)
20/07/22 15:41:37 INFO Executor: Running task 78.0 in stage 4.0 (TID 81)
20/07/22 15:41:37 INFO TaskSetManager: Finished task 77.0 in stage 4.0 (TID 80) in 5 ms on localhost (executor driver) (77/200)
20/07/22 15:41:37 INFO ShuffleBlockFetcherIterator: Getting 0 non-empty blocks out of 1 blocks
20/07/22 15:41:37 INFO ShuffleBlockFetcherIterator: Started 0 remote fetches in 0 ms
20/07/22 15:41:37 INFO Executor: Finished task 78.0 in stage 4.0 (TID 81). 2941 bytes result sent to driver
20/07/22 15:41:37 INFO TaskSetManager: Starting task 79.0 in stage 4.0 (TID 82, localhost, executor driver, partition 79, PROCESS_LOCAL, 5886 bytes)
20/07/22 15:41:37 INFO Executor: Running task 79.0 in stage 4.0 (TID 82)
20/07/22 15:41:37 INFO TaskSetManager: Finished task 78.0 in stage 4.0 (TID 81) in 5 ms on localhost (executor driver) (78/200)
20/07/22 15:41:37 INFO ShuffleBlockFetcherIterator: Getting 0 non-empty blocks out of 1 blocks
20/07/22 15:41:37 INFO ShuffleBlockFetcherIterator: Started 0 remote fetches in 0 ms
20/07/22 15:41:37 INFO Executor: Finished task 79.0 in stage 4.0 (TID 82). 2941 bytes result sent to driver
20/07/22 15:41:37 INFO TaskSetManager: Starting task 80.0 in stage 4.0 (TID 83, localhost, executor driver, partition 80, PROCESS_LOCAL, 5886 bytes)
20/07/22 15:41:37 INFO Executor: Running task 80.0 in stage 4.0 (TID 83)
20/07/22 15:41:37 INFO TaskSetManager: Finished task 79.0 in stage 4.0 (TID 82) in 4 ms on localhost (executor driver) (79/200)
20/07/22 15:41:37 INFO ShuffleBlockFetcherIterator: Getting 0 non-empty blocks out of 1 blocks
20/07/22 15:41:37 INFO ShuffleBlockFetcherIterator: Started 0 remote fetches in 1 ms
20/07/22 15:41:37 INFO BlockManagerInfo: Removed broadcast_6_piece0 on 172.20.10.3:42377 in memory (size: 14.7 KB, free: 93.3 MB)
20/07/22 15:41:37 INFO Executor: Finished task 80.0 in stage 4.0 (TID 83). 3014 bytes result sent to driver
20/07/22 15:41:37 INFO TaskSetManager: Starting task 81.0 in stage 4.0 (TID 84, localhost, executor driver, partition 81, PROCESS_LOCAL, 5886 bytes)
20/07/22 15:41:37 INFO Executor: Running task 81.0 in stage 4.0 (TID 84)
20/07/22 15:41:37 INFO TaskSetManager: Finished task 80.0 in stage 4.0 (TID 83) in 10 ms on localhost (executor driver) (80/200)
20/07/22 15:41:37 INFO ShuffleBlockFetcherIterator: Getting 0 non-empty blocks out of 1 blocks
20/07/22 15:41:37 INFO ShuffleBlockFetcherIterator: Started 0 remote fetches in 0 ms
20/07/22 15:41:37 INFO Executor: Finished task 81.0 in stage 4.0 (TID 84). 2941 bytes result sent to driver
20/07/22 15:41:37 INFO TaskSetManager: Starting task 82.0 in stage 4.0 (TID 85, localhost, executor driver, partition 82, PROCESS_LOCAL, 5886 bytes)
20/07/22 15:41:37 INFO Executor: Running task 82.0 in stage 4.0 (TID 85)
20/07/22 15:41:37 INFO TaskSetManager: Finished task 81.0 in stage 4.0 (TID 84) in 4 ms on localhost (executor driver) (81/200)
20/07/22 15:41:37 INFO ShuffleBlockFetcherIterator: Getting 0 non-empty blocks out of 1 blocks
20/07/22 15:41:37 INFO ShuffleBlockFetcherIterator: Started 0 remote fetches in 0 ms
20/07/22 15:41:37 INFO Executor: Finished task 82.0 in stage 4.0 (TID 85). 2941 bytes result sent to driver
20/07/22 15:41:37 INFO TaskSetManager: Starting task 83.0 in stage 4.0 (TID 86, localhost, executor driver, partition 83, PROCESS_LOCAL, 5886 bytes)
20/07/22 15:41:37 INFO Executor: Running task 83.0 in stage 4.0 (TID 86)
20/07/22 15:41:37 INFO TaskSetManager: Finished task 82.0 in stage 4.0 (TID 85) in 5 ms on localhost (executor driver) (82/200)
20/07/22 15:41:37 INFO ShuffleBlockFetcherIterator: Getting 0 non-empty blocks out of 1 blocks
20/07/22 15:41:37 INFO ShuffleBlockFetcherIterator: Started 0 remote fetches in 0 ms
20/07/22 15:41:37 INFO Executor: Finished task 83.0 in stage 4.0 (TID 86). 2941 bytes result sent to driver
20/07/22 15:41:37 INFO TaskSetManager: Starting task 84.0 in stage 4.0 (TID 87, localhost, executor driver, partition 84, PROCESS_LOCAL, 5886 bytes)
20/07/22 15:41:37 INFO Executor: Running task 84.0 in stage 4.0 (TID 87)
20/07/22 15:41:37 INFO TaskSetManager: Finished task 83.0 in stage 4.0 (TID 86) in 5 ms on localhost (executor driver) (83/200)
20/07/22 15:41:37 INFO ShuffleBlockFetcherIterator: Getting 0 non-empty blocks out of 1 blocks
20/07/22 15:41:37 INFO ShuffleBlockFetcherIterator: Started 0 remote fetches in 0 ms
20/07/22 15:41:37 INFO Executor: Finished task 84.0 in stage 4.0 (TID 87). 2941 bytes result sent to driver
20/07/22 15:41:37 INFO TaskSetManager: Starting task 85.0 in stage 4.0 (TID 88, localhost, executor driver, partition 85, PROCESS_LOCAL, 5886 bytes)
20/07/22 15:41:37 INFO Executor: Running task 85.0 in stage 4.0 (TID 88)
20/07/22 15:41:37 INFO TaskSetManager: Finished task 84.0 in stage 4.0 (TID 87) in 4 ms on localhost (executor driver) (84/200)
20/07/22 15:41:37 INFO ShuffleBlockFetcherIterator: Getting 0 non-empty blocks out of 1 blocks
20/07/22 15:41:37 INFO ShuffleBlockFetcherIterator: Started 0 remote fetches in 0 ms
20/07/22 15:41:37 INFO Executor: Finished task 85.0 in stage 4.0 (TID 88). 2941 bytes result sent to driver
20/07/22 15:41:37 INFO TaskSetManager: Starting task 86.0 in stage 4.0 (TID 89, localhost, executor driver, partition 86, PROCESS_LOCAL, 5886 bytes)
20/07/22 15:41:37 INFO Executor: Running task 86.0 in stage 4.0 (TID 89)
20/07/22 15:41:37 INFO TaskSetManager: Finished task 85.0 in stage 4.0 (TID 88) in 3 ms on localhost (executor driver) (85/200)
20/07/22 15:41:37 INFO ShuffleBlockFetcherIterator: Getting 0 non-empty blocks out of 1 blocks
20/07/22 15:41:37 INFO ShuffleBlockFetcherIterator: Started 0 remote fetches in 0 ms
20/07/22 15:41:37 INFO Executor: Finished task 86.0 in stage 4.0 (TID 89). 2941 bytes result sent to driver
20/07/22 15:41:37 INFO TaskSetManager: Starting task 87.0 in stage 4.0 (TID 90, localhost, executor driver, partition 87, PROCESS_LOCAL, 5886 bytes)
20/07/22 15:41:37 INFO TaskSetManager: Finished task 86.0 in stage 4.0 (TID 89) in 3 ms on localhost (executor driver) (86/200)
20/07/22 15:41:37 INFO Executor: Running task 87.0 in stage 4.0 (TID 90)
20/07/22 15:41:37 INFO ShuffleBlockFetcherIterator: Getting 0 non-empty blocks out of 1 blocks
20/07/22 15:41:37 INFO ShuffleBlockFetcherIterator: Started 0 remote fetches in 0 ms
20/07/22 15:41:37 INFO Executor: Finished task 87.0 in stage 4.0 (TID 90). 2941 bytes result sent to driver
20/07/22 15:41:37 INFO TaskSetManager: Starting task 88.0 in stage 4.0 (TID 91, localhost, executor driver, partition 88, PROCESS_LOCAL, 5886 bytes)
20/07/22 15:41:37 INFO Executor: Running task 88.0 in stage 4.0 (TID 91)
20/07/22 15:41:37 INFO ShuffleBlockFetcherIterator: Getting 0 non-empty blocks out of 1 blocks
20/07/22 15:41:37 INFO ShuffleBlockFetcherIterator: Started 0 remote fetches in 0 ms
20/07/22 15:41:37 INFO TaskSetManager: Finished task 87.0 in stage 4.0 (TID 90) in 7 ms on localhost (executor driver) (87/200)
20/07/22 15:41:37 INFO Executor: Finished task 88.0 in stage 4.0 (TID 91). 2941 bytes result sent to driver
20/07/22 15:41:37 INFO TaskSetManager: Starting task 89.0 in stage 4.0 (TID 92, localhost, executor driver, partition 89, PROCESS_LOCAL, 5886 bytes)
20/07/22 15:41:37 INFO Executor: Running task 89.0 in stage 4.0 (TID 92)
20/07/22 15:41:37 INFO TaskSetManager: Finished task 88.0 in stage 4.0 (TID 91) in 4 ms on localhost (executor driver) (88/200)
20/07/22 15:41:37 INFO ShuffleBlockFetcherIterator: Getting 0 non-empty blocks out of 1 blocks
20/07/22 15:41:37 INFO ShuffleBlockFetcherIterator: Started 0 remote fetches in 0 ms
20/07/22 15:41:37 INFO Executor: Finished task 89.0 in stage 4.0 (TID 92). 2941 bytes result sent to driver
20/07/22 15:41:37 INFO TaskSetManager: Starting task 90.0 in stage 4.0 (TID 93, localhost, executor driver, partition 90, PROCESS_LOCAL, 5886 bytes)
20/07/22 15:41:37 INFO Executor: Running task 90.0 in stage 4.0 (TID 93)
20/07/22 15:41:37 INFO TaskSetManager: Finished task 89.0 in stage 4.0 (TID 92) in 3 ms on localhost (executor driver) (89/200)
20/07/22 15:41:37 INFO ShuffleBlockFetcherIterator: Getting 0 non-empty blocks out of 1 blocks
20/07/22 15:41:37 INFO ShuffleBlockFetcherIterator: Started 0 remote fetches in 0 ms
20/07/22 15:41:37 INFO Executor: Finished task 90.0 in stage 4.0 (TID 93). 2941 bytes result sent to driver
20/07/22 15:41:37 INFO TaskSetManager: Starting task 91.0 in stage 4.0 (TID 94, localhost, executor driver, partition 91, PROCESS_LOCAL, 5886 bytes)
20/07/22 15:41:37 INFO TaskSetManager: Finished task 90.0 in stage 4.0 (TID 93) in 3 ms on localhost (executor driver) (90/200)
20/07/22 15:41:37 INFO Executor: Running task 91.0 in stage 4.0 (TID 94)
20/07/22 15:41:37 INFO ShuffleBlockFetcherIterator: Getting 0 non-empty blocks out of 1 blocks
20/07/22 15:41:37 INFO ShuffleBlockFetcherIterator: Started 0 remote fetches in 0 ms
20/07/22 15:41:37 INFO Executor: Finished task 91.0 in stage 4.0 (TID 94). 2941 bytes result sent to driver
20/07/22 15:41:37 INFO TaskSetManager: Starting task 92.0 in stage 4.0 (TID 95, localhost, executor driver, partition 92, PROCESS_LOCAL, 5886 bytes)
20/07/22 15:41:37 INFO TaskSetManager: Finished task 91.0 in stage 4.0 (TID 94) in 4 ms on localhost (executor driver) (91/200)
20/07/22 15:41:37 INFO Executor: Running task 92.0 in stage 4.0 (TID 95)
20/07/22 15:41:37 INFO ShuffleBlockFetcherIterator: Getting 0 non-empty blocks out of 1 blocks
20/07/22 15:41:37 INFO ShuffleBlockFetcherIterator: Started 0 remote fetches in 0 ms
20/07/22 15:41:37 INFO Executor: Finished task 92.0 in stage 4.0 (TID 95). 2941 bytes result sent to driver
20/07/22 15:41:37 INFO TaskSetManager: Starting task 93.0 in stage 4.0 (TID 96, localhost, executor driver, partition 93, PROCESS_LOCAL, 5886 bytes)
20/07/22 15:41:37 INFO Executor: Running task 93.0 in stage 4.0 (TID 96)
20/07/22 15:41:37 INFO TaskSetManager: Finished task 92.0 in stage 4.0 (TID 95) in 4 ms on localhost (executor driver) (92/200)
20/07/22 15:41:37 INFO ShuffleBlockFetcherIterator: Getting 0 non-empty blocks out of 1 blocks
20/07/22 15:41:37 INFO ShuffleBlockFetcherIterator: Started 0 remote fetches in 0 ms
20/07/22 15:41:37 INFO Executor: Finished task 93.0 in stage 4.0 (TID 96). 2941 bytes result sent to driver
20/07/22 15:41:37 INFO TaskSetManager: Starting task 94.0 in stage 4.0 (TID 97, localhost, executor driver, partition 94, PROCESS_LOCAL, 5886 bytes)
20/07/22 15:41:37 INFO Executor: Running task 94.0 in stage 4.0 (TID 97)
20/07/22 15:41:37 INFO TaskSetManager: Finished task 93.0 in stage 4.0 (TID 96) in 4 ms on localhost (executor driver) (93/200)
20/07/22 15:41:37 INFO ShuffleBlockFetcherIterator: Getting 0 non-empty blocks out of 1 blocks
20/07/22 15:41:37 INFO ShuffleBlockFetcherIterator: Started 0 remote fetches in 0 ms
20/07/22 15:41:37 INFO Executor: Finished task 94.0 in stage 4.0 (TID 97). 2941 bytes result sent to driver
20/07/22 15:41:37 INFO TaskSetManager: Starting task 95.0 in stage 4.0 (TID 98, localhost, executor driver, partition 95, PROCESS_LOCAL, 5886 bytes)
20/07/22 15:41:37 INFO Executor: Running task 95.0 in stage 4.0 (TID 98)
20/07/22 15:41:37 INFO TaskSetManager: Finished task 94.0 in stage 4.0 (TID 97) in 4 ms on localhost (executor driver) (94/200)
20/07/22 15:41:37 INFO ShuffleBlockFetcherIterator: Getting 0 non-empty blocks out of 1 blocks
20/07/22 15:41:37 INFO ShuffleBlockFetcherIterator: Started 0 remote fetches in 0 ms
20/07/22 15:41:37 INFO Executor: Finished task 95.0 in stage 4.0 (TID 98). 2941 bytes result sent to driver
20/07/22 15:41:37 INFO TaskSetManager: Starting task 96.0 in stage 4.0 (TID 99, localhost, executor driver, partition 96, PROCESS_LOCAL, 5886 bytes)
20/07/22 15:41:37 INFO Executor: Running task 96.0 in stage 4.0 (TID 99)
20/07/22 15:41:37 INFO TaskSetManager: Finished task 95.0 in stage 4.0 (TID 98) in 4 ms on localhost (executor driver) (95/200)
20/07/22 15:41:37 INFO ShuffleBlockFetcherIterator: Getting 0 non-empty blocks out of 1 blocks
20/07/22 15:41:37 INFO ShuffleBlockFetcherIterator: Started 0 remote fetches in 1 ms
20/07/22 15:41:37 INFO Executor: Finished task 96.0 in stage 4.0 (TID 99). 2941 bytes result sent to driver
20/07/22 15:41:37 INFO TaskSetManager: Starting task 97.0 in stage 4.0 (TID 100, localhost, executor driver, partition 97, PROCESS_LOCAL, 5886 bytes)
20/07/22 15:41:37 INFO Executor: Running task 97.0 in stage 4.0 (TID 100)
20/07/22 15:41:37 INFO TaskSetManager: Finished task 96.0 in stage 4.0 (TID 99) in 4 ms on localhost (executor driver) (96/200)
20/07/22 15:41:37 INFO ShuffleBlockFetcherIterator: Getting 0 non-empty blocks out of 1 blocks
20/07/22 15:41:37 INFO ShuffleBlockFetcherIterator: Started 0 remote fetches in 0 ms
20/07/22 15:41:37 INFO Executor: Finished task 97.0 in stage 4.0 (TID 100). 2941 bytes result sent to driver
20/07/22 15:41:37 INFO TaskSetManager: Starting task 98.0 in stage 4.0 (TID 101, localhost, executor driver, partition 98, PROCESS_LOCAL, 5886 bytes)
20/07/22 15:41:37 INFO Executor: Running task 98.0 in stage 4.0 (TID 101)
20/07/22 15:41:37 INFO TaskSetManager: Finished task 97.0 in stage 4.0 (TID 100) in 4 ms on localhost (executor driver) (97/200)
20/07/22 15:41:37 INFO ShuffleBlockFetcherIterator: Getting 0 non-empty blocks out of 1 blocks
20/07/22 15:41:37 INFO ShuffleBlockFetcherIterator: Started 0 remote fetches in 0 ms
20/07/22 15:41:37 INFO Executor: Finished task 98.0 in stage 4.0 (TID 101). 2941 bytes result sent to driver
20/07/22 15:41:37 INFO TaskSetManager: Starting task 99.0 in stage 4.0 (TID 102, localhost, executor driver, partition 99, PROCESS_LOCAL, 5886 bytes)
20/07/22 15:41:37 INFO Executor: Running task 99.0 in stage 4.0 (TID 102)
20/07/22 15:41:37 INFO TaskSetManager: Finished task 98.0 in stage 4.0 (TID 101) in 5 ms on localhost (executor driver) (98/200)
20/07/22 15:41:37 INFO ShuffleBlockFetcherIterator: Getting 0 non-empty blocks out of 1 blocks
20/07/22 15:41:37 INFO ShuffleBlockFetcherIterator: Started 0 remote fetches in 0 ms
20/07/22 15:41:37 INFO Executor: Finished task 99.0 in stage 4.0 (TID 102). 2941 bytes result sent to driver
20/07/22 15:41:37 INFO TaskSetManager: Starting task 100.0 in stage 4.0 (TID 103, localhost, executor driver, partition 100, PROCESS_LOCAL, 5886 bytes)
20/07/22 15:41:37 INFO TaskSetManager: Finished task 99.0 in stage 4.0 (TID 102) in 4 ms on localhost (executor driver) (99/200)
20/07/22 15:41:37 INFO Executor: Running task 100.0 in stage 4.0 (TID 103)
20/07/22 15:41:37 INFO ShuffleBlockFetcherIterator: Getting 0 non-empty blocks out of 1 blocks
20/07/22 15:41:37 INFO ShuffleBlockFetcherIterator: Started 0 remote fetches in 0 ms
20/07/22 15:41:37 INFO Executor: Finished task 100.0 in stage 4.0 (TID 103). 2941 bytes result sent to driver
20/07/22 15:41:37 INFO TaskSetManager: Starting task 101.0 in stage 4.0 (TID 104, localhost, executor driver, partition 101, PROCESS_LOCAL, 5886 bytes)
20/07/22 15:41:37 INFO TaskSetManager: Finished task 100.0 in stage 4.0 (TID 103) in 4 ms on localhost (executor driver) (100/200)
20/07/22 15:41:37 INFO Executor: Running task 101.0 in stage 4.0 (TID 104)
20/07/22 15:41:37 INFO ShuffleBlockFetcherIterator: Getting 0 non-empty blocks out of 1 blocks
20/07/22 15:41:37 INFO ShuffleBlockFetcherIterator: Started 0 remote fetches in 0 ms
20/07/22 15:41:37 INFO Executor: Finished task 101.0 in stage 4.0 (TID 104). 2941 bytes result sent to driver
20/07/22 15:41:37 INFO TaskSetManager: Starting task 102.0 in stage 4.0 (TID 105, localhost, executor driver, partition 102, PROCESS_LOCAL, 5886 bytes)
20/07/22 15:41:37 INFO Executor: Running task 102.0 in stage 4.0 (TID 105)
20/07/22 15:41:37 INFO TaskSetManager: Finished task 101.0 in stage 4.0 (TID 104) in 4 ms on localhost (executor driver) (101/200)
20/07/22 15:41:37 INFO ShuffleBlockFetcherIterator: Getting 0 non-empty blocks out of 1 blocks
20/07/22 15:41:37 INFO ShuffleBlockFetcherIterator: Started 0 remote fetches in 0 ms
20/07/22 15:41:37 INFO Executor: Finished task 102.0 in stage 4.0 (TID 105). 2941 bytes result sent to driver
20/07/22 15:41:37 INFO TaskSetManager: Starting task 103.0 in stage 4.0 (TID 106, localhost, executor driver, partition 103, PROCESS_LOCAL, 5886 bytes)
20/07/22 15:41:37 INFO TaskSetManager: Finished task 102.0 in stage 4.0 (TID 105) in 4 ms on localhost (executor driver) (102/200)
20/07/22 15:41:37 INFO Executor: Running task 103.0 in stage 4.0 (TID 106)
20/07/22 15:41:37 INFO ShuffleBlockFetcherIterator: Getting 0 non-empty blocks out of 1 blocks
20/07/22 15:41:37 INFO ShuffleBlockFetcherIterator: Started 0 remote fetches in 0 ms
20/07/22 15:41:37 INFO Executor: Finished task 103.0 in stage 4.0 (TID 106). 2862 bytes result sent to driver
20/07/22 15:41:37 INFO TaskSetManager: Starting task 104.0 in stage 4.0 (TID 107, localhost, executor driver, partition 104, PROCESS_LOCAL, 5886 bytes)
20/07/22 15:41:37 INFO Executor: Running task 104.0 in stage 4.0 (TID 107)
20/07/22 15:41:37 INFO TaskSetManager: Finished task 103.0 in stage 4.0 (TID 106) in 3 ms on localhost (executor driver) (103/200)
20/07/22 15:41:37 INFO ShuffleBlockFetcherIterator: Getting 0 non-empty blocks out of 1 blocks
20/07/22 15:41:37 INFO ShuffleBlockFetcherIterator: Started 0 remote fetches in 1 ms
20/07/22 15:41:37 INFO Executor: Finished task 104.0 in stage 4.0 (TID 107). 2941 bytes result sent to driver
20/07/22 15:41:37 INFO TaskSetManager: Starting task 105.0 in stage 4.0 (TID 108, localhost, executor driver, partition 105, PROCESS_LOCAL, 5886 bytes)
20/07/22 15:41:37 INFO TaskSetManager: Finished task 104.0 in stage 4.0 (TID 107) in 3 ms on localhost (executor driver) (104/200)
20/07/22 15:41:37 INFO Executor: Running task 105.0 in stage 4.0 (TID 108)
20/07/22 15:41:37 INFO ShuffleBlockFetcherIterator: Getting 0 non-empty blocks out of 1 blocks
20/07/22 15:41:37 INFO ShuffleBlockFetcherIterator: Started 0 remote fetches in 0 ms
20/07/22 15:41:37 INFO Executor: Finished task 105.0 in stage 4.0 (TID 108). 2941 bytes result sent to driver
20/07/22 15:41:37 INFO TaskSetManager: Starting task 106.0 in stage 4.0 (TID 109, localhost, executor driver, partition 106, PROCESS_LOCAL, 5886 bytes)
20/07/22 15:41:37 INFO Executor: Running task 106.0 in stage 4.0 (TID 109)
20/07/22 15:41:37 INFO TaskSetManager: Finished task 105.0 in stage 4.0 (TID 108) in 3 ms on localhost (executor driver) (105/200)
20/07/22 15:41:37 INFO ShuffleBlockFetcherIterator: Getting 0 non-empty blocks out of 1 blocks
20/07/22 15:41:37 INFO ShuffleBlockFetcherIterator: Started 0 remote fetches in 0 ms
20/07/22 15:41:37 INFO Executor: Finished task 106.0 in stage 4.0 (TID 109). 2941 bytes result sent to driver
20/07/22 15:41:37 INFO TaskSetManager: Starting task 107.0 in stage 4.0 (TID 110, localhost, executor driver, partition 107, PROCESS_LOCAL, 5886 bytes)
20/07/22 15:41:37 INFO Executor: Running task 107.0 in stage 4.0 (TID 110)
20/07/22 15:41:37 INFO TaskSetManager: Finished task 106.0 in stage 4.0 (TID 109) in 3 ms on localhost (executor driver) (106/200)
20/07/22 15:41:37 INFO ShuffleBlockFetcherIterator: Getting 0 non-empty blocks out of 1 blocks
20/07/22 15:41:37 INFO ShuffleBlockFetcherIterator: Started 0 remote fetches in 0 ms
20/07/22 15:41:37 INFO Executor: Finished task 107.0 in stage 4.0 (TID 110). 2941 bytes result sent to driver
20/07/22 15:41:37 INFO TaskSetManager: Starting task 108.0 in stage 4.0 (TID 111, localhost, executor driver, partition 108, PROCESS_LOCAL, 5886 bytes)
20/07/22 15:41:37 INFO Executor: Running task 108.0 in stage 4.0 (TID 111)
20/07/22 15:41:37 INFO TaskSetManager: Finished task 107.0 in stage 4.0 (TID 110) in 3 ms on localhost (executor driver) (107/200)
20/07/22 15:41:37 INFO ShuffleBlockFetcherIterator: Getting 0 non-empty blocks out of 1 blocks
20/07/22 15:41:37 INFO ShuffleBlockFetcherIterator: Started 0 remote fetches in 0 ms
20/07/22 15:41:37 INFO Executor: Finished task 108.0 in stage 4.0 (TID 111). 2941 bytes result sent to driver
20/07/22 15:41:37 INFO TaskSetManager: Starting task 109.0 in stage 4.0 (TID 112, localhost, executor driver, partition 109, PROCESS_LOCAL, 5886 bytes)
20/07/22 15:41:37 INFO TaskSetManager: Finished task 108.0 in stage 4.0 (TID 111) in 4 ms on localhost (executor driver) (108/200)
20/07/22 15:41:37 INFO Executor: Running task 109.0 in stage 4.0 (TID 112)
20/07/22 15:41:37 INFO ShuffleBlockFetcherIterator: Getting 0 non-empty blocks out of 1 blocks
20/07/22 15:41:37 INFO ShuffleBlockFetcherIterator: Started 0 remote fetches in 0 ms
20/07/22 15:41:37 INFO Executor: Finished task 109.0 in stage 4.0 (TID 112). 2941 bytes result sent to driver
20/07/22 15:41:37 INFO TaskSetManager: Starting task 110.0 in stage 4.0 (TID 113, localhost, executor driver, partition 110, PROCESS_LOCAL, 5886 bytes)
20/07/22 15:41:37 INFO TaskSetManager: Finished task 109.0 in stage 4.0 (TID 112) in 3 ms on localhost (executor driver) (109/200)
20/07/22 15:41:37 INFO Executor: Running task 110.0 in stage 4.0 (TID 113)
20/07/22 15:41:37 INFO ShuffleBlockFetcherIterator: Getting 0 non-empty blocks out of 1 blocks
20/07/22 15:41:37 INFO ShuffleBlockFetcherIterator: Started 0 remote fetches in 0 ms
20/07/22 15:41:37 INFO Executor: Finished task 110.0 in stage 4.0 (TID 113). 2941 bytes result sent to driver
20/07/22 15:41:37 INFO TaskSetManager: Starting task 111.0 in stage 4.0 (TID 114, localhost, executor driver, partition 111, PROCESS_LOCAL, 5886 bytes)
20/07/22 15:41:37 INFO Executor: Running task 111.0 in stage 4.0 (TID 114)
20/07/22 15:41:37 INFO TaskSetManager: Finished task 110.0 in stage 4.0 (TID 113) in 4 ms on localhost (executor driver) (110/200)
20/07/22 15:41:37 INFO ShuffleBlockFetcherIterator: Getting 0 non-empty blocks out of 1 blocks
20/07/22 15:41:37 INFO ShuffleBlockFetcherIterator: Started 0 remote fetches in 0 ms
20/07/22 15:41:37 INFO Executor: Finished task 111.0 in stage 4.0 (TID 114). 2941 bytes result sent to driver
20/07/22 15:41:37 INFO TaskSetManager: Starting task 112.0 in stage 4.0 (TID 115, localhost, executor driver, partition 112, PROCESS_LOCAL, 5886 bytes)
20/07/22 15:41:37 INFO Executor: Running task 112.0 in stage 4.0 (TID 115)
20/07/22 15:41:37 INFO TaskSetManager: Finished task 111.0 in stage 4.0 (TID 114) in 4 ms on localhost (executor driver) (111/200)
20/07/22 15:41:37 INFO ShuffleBlockFetcherIterator: Getting 0 non-empty blocks out of 1 blocks
20/07/22 15:41:37 INFO ShuffleBlockFetcherIterator: Started 0 remote fetches in 0 ms
20/07/22 15:41:37 INFO Executor: Finished task 112.0 in stage 4.0 (TID 115). 2941 bytes result sent to driver
20/07/22 15:41:37 INFO TaskSetManager: Starting task 113.0 in stage 4.0 (TID 116, localhost, executor driver, partition 113, PROCESS_LOCAL, 5886 bytes)
20/07/22 15:41:37 INFO Executor: Running task 113.0 in stage 4.0 (TID 116)
20/07/22 15:41:37 INFO TaskSetManager: Finished task 112.0 in stage 4.0 (TID 115) in 4 ms on localhost (executor driver) (112/200)
20/07/22 15:41:37 INFO ShuffleBlockFetcherIterator: Getting 0 non-empty blocks out of 1 blocks
20/07/22 15:41:37 INFO ShuffleBlockFetcherIterator: Started 0 remote fetches in 0 ms
20/07/22 15:41:37 INFO Executor: Finished task 113.0 in stage 4.0 (TID 116). 2941 bytes result sent to driver
20/07/22 15:41:37 INFO TaskSetManager: Starting task 114.0 in stage 4.0 (TID 117, localhost, executor driver, partition 114, PROCESS_LOCAL, 5886 bytes)
20/07/22 15:41:37 INFO Executor: Running task 114.0 in stage 4.0 (TID 117)
20/07/22 15:41:37 INFO TaskSetManager: Finished task 113.0 in stage 4.0 (TID 116) in 4 ms on localhost (executor driver) (113/200)
20/07/22 15:41:37 INFO ShuffleBlockFetcherIterator: Getting 0 non-empty blocks out of 1 blocks
20/07/22 15:41:37 INFO ShuffleBlockFetcherIterator: Started 0 remote fetches in 0 ms
20/07/22 15:41:37 INFO Executor: Finished task 114.0 in stage 4.0 (TID 117). 2941 bytes result sent to driver
20/07/22 15:41:37 INFO TaskSetManager: Starting task 115.0 in stage 4.0 (TID 118, localhost, executor driver, partition 115, PROCESS_LOCAL, 5886 bytes)
20/07/22 15:41:37 INFO Executor: Running task 115.0 in stage 4.0 (TID 118)
20/07/22 15:41:37 INFO TaskSetManager: Finished task 114.0 in stage 4.0 (TID 117) in 4 ms on localhost (executor driver) (114/200)
20/07/22 15:41:37 INFO ShuffleBlockFetcherIterator: Getting 0 non-empty blocks out of 1 blocks
20/07/22 15:41:37 INFO ShuffleBlockFetcherIterator: Started 0 remote fetches in 0 ms
20/07/22 15:41:37 INFO Executor: Finished task 115.0 in stage 4.0 (TID 118). 2941 bytes result sent to driver
20/07/22 15:41:37 INFO TaskSetManager: Starting task 116.0 in stage 4.0 (TID 119, localhost, executor driver, partition 116, PROCESS_LOCAL, 5886 bytes)
20/07/22 15:41:37 INFO Executor: Running task 116.0 in stage 4.0 (TID 119)
20/07/22 15:41:37 INFO TaskSetManager: Finished task 115.0 in stage 4.0 (TID 118) in 4 ms on localhost (executor driver) (115/200)
20/07/22 15:41:37 INFO ShuffleBlockFetcherIterator: Getting 0 non-empty blocks out of 1 blocks
20/07/22 15:41:37 INFO ShuffleBlockFetcherIterator: Started 0 remote fetches in 1 ms
20/07/22 15:41:37 INFO Executor: Finished task 116.0 in stage 4.0 (TID 119). 2941 bytes result sent to driver
20/07/22 15:41:37 INFO TaskSetManager: Starting task 117.0 in stage 4.0 (TID 120, localhost, executor driver, partition 117, PROCESS_LOCAL, 5886 bytes)
20/07/22 15:41:37 INFO Executor: Running task 117.0 in stage 4.0 (TID 120)
20/07/22 15:41:37 INFO TaskSetManager: Finished task 116.0 in stage 4.0 (TID 119) in 3 ms on localhost (executor driver) (116/200)
20/07/22 15:41:37 INFO ShuffleBlockFetcherIterator: Getting 0 non-empty blocks out of 1 blocks
20/07/22 15:41:37 INFO ShuffleBlockFetcherIterator: Started 0 remote fetches in 0 ms
20/07/22 15:41:37 INFO Executor: Finished task 117.0 in stage 4.0 (TID 120). 2941 bytes result sent to driver
20/07/22 15:41:37 INFO TaskSetManager: Starting task 118.0 in stage 4.0 (TID 121, localhost, executor driver, partition 118, PROCESS_LOCAL, 5886 bytes)
20/07/22 15:41:37 INFO Executor: Running task 118.0 in stage 4.0 (TID 121)
20/07/22 15:41:37 INFO TaskSetManager: Finished task 117.0 in stage 4.0 (TID 120) in 3 ms on localhost (executor driver) (117/200)
20/07/22 15:41:37 INFO ShuffleBlockFetcherIterator: Getting 0 non-empty blocks out of 1 blocks
20/07/22 15:41:37 INFO ShuffleBlockFetcherIterator: Started 0 remote fetches in 0 ms
20/07/22 15:41:37 INFO Executor: Finished task 118.0 in stage 4.0 (TID 121). 2949 bytes result sent to driver
20/07/22 15:41:37 INFO TaskSetManager: Starting task 119.0 in stage 4.0 (TID 122, localhost, executor driver, partition 119, PROCESS_LOCAL, 5886 bytes)
20/07/22 15:41:37 INFO Executor: Running task 119.0 in stage 4.0 (TID 122)
20/07/22 15:41:37 INFO TaskSetManager: Finished task 118.0 in stage 4.0 (TID 121) in 3 ms on localhost (executor driver) (118/200)
20/07/22 15:41:37 INFO ShuffleBlockFetcherIterator: Getting 0 non-empty blocks out of 1 blocks
20/07/22 15:41:37 INFO ShuffleBlockFetcherIterator: Started 0 remote fetches in 0 ms
20/07/22 15:41:37 INFO Executor: Finished task 119.0 in stage 4.0 (TID 122). 2941 bytes result sent to driver
20/07/22 15:41:37 INFO TaskSetManager: Starting task 120.0 in stage 4.0 (TID 123, localhost, executor driver, partition 120, PROCESS_LOCAL, 5886 bytes)
20/07/22 15:41:37 INFO Executor: Running task 120.0 in stage 4.0 (TID 123)
20/07/22 15:41:37 INFO TaskSetManager: Finished task 119.0 in stage 4.0 (TID 122) in 4 ms on localhost (executor driver) (119/200)
20/07/22 15:41:37 INFO ShuffleBlockFetcherIterator: Getting 0 non-empty blocks out of 1 blocks
20/07/22 15:41:37 INFO ShuffleBlockFetcherIterator: Started 0 remote fetches in 0 ms
20/07/22 15:41:37 INFO Executor: Finished task 120.0 in stage 4.0 (TID 123). 2941 bytes result sent to driver
20/07/22 15:41:37 INFO TaskSetManager: Starting task 121.0 in stage 4.0 (TID 124, localhost, executor driver, partition 121, PROCESS_LOCAL, 5886 bytes)
20/07/22 15:41:37 INFO Executor: Running task 121.0 in stage 4.0 (TID 124)
20/07/22 15:41:37 INFO TaskSetManager: Finished task 120.0 in stage 4.0 (TID 123) in 3 ms on localhost (executor driver) (120/200)
20/07/22 15:41:37 INFO ShuffleBlockFetcherIterator: Getting 0 non-empty blocks out of 1 blocks
20/07/22 15:41:37 INFO ShuffleBlockFetcherIterator: Started 0 remote fetches in 1 ms
20/07/22 15:41:37 INFO Executor: Finished task 121.0 in stage 4.0 (TID 124). 2941 bytes result sent to driver
20/07/22 15:41:37 INFO TaskSetManager: Starting task 122.0 in stage 4.0 (TID 125, localhost, executor driver, partition 122, PROCESS_LOCAL, 5886 bytes)
20/07/22 15:41:37 INFO TaskSetManager: Finished task 121.0 in stage 4.0 (TID 124) in 3 ms on localhost (executor driver) (121/200)
20/07/22 15:41:37 INFO Executor: Running task 122.0 in stage 4.0 (TID 125)
20/07/22 15:41:37 INFO ShuffleBlockFetcherIterator: Getting 0 non-empty blocks out of 1 blocks
20/07/22 15:41:37 INFO ShuffleBlockFetcherIterator: Started 0 remote fetches in 0 ms
20/07/22 15:41:37 INFO Executor: Finished task 122.0 in stage 4.0 (TID 125). 2862 bytes result sent to driver
20/07/22 15:41:37 INFO TaskSetManager: Starting task 123.0 in stage 4.0 (TID 126, localhost, executor driver, partition 123, PROCESS_LOCAL, 5886 bytes)
20/07/22 15:41:37 INFO TaskSetManager: Finished task 122.0 in stage 4.0 (TID 125) in 3 ms on localhost (executor driver) (122/200)
20/07/22 15:41:37 INFO Executor: Running task 123.0 in stage 4.0 (TID 126)
20/07/22 15:41:37 INFO ShuffleBlockFetcherIterator: Getting 0 non-empty blocks out of 1 blocks
20/07/22 15:41:37 INFO ShuffleBlockFetcherIterator: Started 0 remote fetches in 0 ms
20/07/22 15:41:37 INFO Executor: Finished task 123.0 in stage 4.0 (TID 126). 2862 bytes result sent to driver
20/07/22 15:41:37 INFO TaskSetManager: Starting task 124.0 in stage 4.0 (TID 127, localhost, executor driver, partition 124, PROCESS_LOCAL, 5886 bytes)
20/07/22 15:41:37 INFO TaskSetManager: Finished task 123.0 in stage 4.0 (TID 126) in 3 ms on localhost (executor driver) (123/200)
20/07/22 15:41:37 INFO Executor: Running task 124.0 in stage 4.0 (TID 127)
20/07/22 15:41:37 INFO ShuffleBlockFetcherIterator: Getting 0 non-empty blocks out of 1 blocks
20/07/22 15:41:37 INFO ShuffleBlockFetcherIterator: Started 0 remote fetches in 0 ms
20/07/22 15:41:37 INFO Executor: Finished task 124.0 in stage 4.0 (TID 127). 2862 bytes result sent to driver
20/07/22 15:41:37 INFO TaskSetManager: Starting task 125.0 in stage 4.0 (TID 128, localhost, executor driver, partition 125, PROCESS_LOCAL, 5886 bytes)
20/07/22 15:41:37 INFO TaskSetManager: Finished task 124.0 in stage 4.0 (TID 127) in 3 ms on localhost (executor driver) (124/200)
20/07/22 15:41:37 INFO Executor: Running task 125.0 in stage 4.0 (TID 128)
20/07/22 15:41:37 INFO ShuffleBlockFetcherIterator: Getting 0 non-empty blocks out of 1 blocks
20/07/22 15:41:37 INFO ShuffleBlockFetcherIterator: Started 0 remote fetches in 0 ms
20/07/22 15:41:37 INFO Executor: Finished task 125.0 in stage 4.0 (TID 128). 2941 bytes result sent to driver
20/07/22 15:41:37 INFO TaskSetManager: Starting task 126.0 in stage 4.0 (TID 129, localhost, executor driver, partition 126, PROCESS_LOCAL, 5886 bytes)
20/07/22 15:41:37 INFO TaskSetManager: Finished task 125.0 in stage 4.0 (TID 128) in 3 ms on localhost (executor driver) (125/200)
20/07/22 15:41:37 INFO Executor: Running task 126.0 in stage 4.0 (TID 129)
20/07/22 15:41:37 INFO ShuffleBlockFetcherIterator: Getting 0 non-empty blocks out of 1 blocks
20/07/22 15:41:37 INFO ShuffleBlockFetcherIterator: Started 0 remote fetches in 0 ms
20/07/22 15:41:37 INFO Executor: Finished task 126.0 in stage 4.0 (TID 129). 2941 bytes result sent to driver
20/07/22 15:41:37 INFO TaskSetManager: Starting task 127.0 in stage 4.0 (TID 130, localhost, executor driver, partition 127, PROCESS_LOCAL, 5886 bytes)
20/07/22 15:41:37 INFO Executor: Running task 127.0 in stage 4.0 (TID 130)
20/07/22 15:41:37 INFO TaskSetManager: Finished task 126.0 in stage 4.0 (TID 129) in 3 ms on localhost (executor driver) (126/200)
20/07/22 15:41:37 INFO ShuffleBlockFetcherIterator: Getting 0 non-empty blocks out of 1 blocks
20/07/22 15:41:37 INFO ShuffleBlockFetcherIterator: Started 0 remote fetches in 0 ms
20/07/22 15:41:37 INFO Executor: Finished task 127.0 in stage 4.0 (TID 130). 2941 bytes result sent to driver
20/07/22 15:41:37 INFO TaskSetManager: Starting task 128.0 in stage 4.0 (TID 131, localhost, executor driver, partition 128, PROCESS_LOCAL, 5886 bytes)
20/07/22 15:41:37 INFO Executor: Running task 128.0 in stage 4.0 (TID 131)
20/07/22 15:41:37 INFO TaskSetManager: Finished task 127.0 in stage 4.0 (TID 130) in 3 ms on localhost (executor driver) (127/200)
20/07/22 15:41:37 INFO ShuffleBlockFetcherIterator: Getting 0 non-empty blocks out of 1 blocks
20/07/22 15:41:37 INFO ShuffleBlockFetcherIterator: Started 0 remote fetches in 0 ms
20/07/22 15:41:37 INFO Executor: Finished task 128.0 in stage 4.0 (TID 131). 2941 bytes result sent to driver
20/07/22 15:41:37 INFO TaskSetManager: Starting task 129.0 in stage 4.0 (TID 132, localhost, executor driver, partition 129, PROCESS_LOCAL, 5886 bytes)
20/07/22 15:41:37 INFO Executor: Running task 129.0 in stage 4.0 (TID 132)
20/07/22 15:41:37 INFO TaskSetManager: Finished task 128.0 in stage 4.0 (TID 131) in 4 ms on localhost (executor driver) (128/200)
20/07/22 15:41:37 INFO ShuffleBlockFetcherIterator: Getting 0 non-empty blocks out of 1 blocks
20/07/22 15:41:37 INFO ShuffleBlockFetcherIterator: Started 0 remote fetches in 0 ms
20/07/22 15:41:37 INFO Executor: Finished task 129.0 in stage 4.0 (TID 132). 2941 bytes result sent to driver
20/07/22 15:41:37 INFO TaskSetManager: Starting task 130.0 in stage 4.0 (TID 133, localhost, executor driver, partition 130, PROCESS_LOCAL, 5886 bytes)
20/07/22 15:41:37 INFO Executor: Running task 130.0 in stage 4.0 (TID 133)
20/07/22 15:41:37 INFO TaskSetManager: Finished task 129.0 in stage 4.0 (TID 132) in 4 ms on localhost (executor driver) (129/200)
20/07/22 15:41:37 INFO ShuffleBlockFetcherIterator: Getting 0 non-empty blocks out of 1 blocks
20/07/22 15:41:37 INFO ShuffleBlockFetcherIterator: Started 0 remote fetches in 0 ms
20/07/22 15:41:37 INFO Executor: Finished task 130.0 in stage 4.0 (TID 133). 2941 bytes result sent to driver
20/07/22 15:41:37 INFO TaskSetManager: Starting task 131.0 in stage 4.0 (TID 134, localhost, executor driver, partition 131, PROCESS_LOCAL, 5886 bytes)
20/07/22 15:41:37 INFO Executor: Running task 131.0 in stage 4.0 (TID 134)
20/07/22 15:41:37 INFO TaskSetManager: Finished task 130.0 in stage 4.0 (TID 133) in 4 ms on localhost (executor driver) (130/200)
20/07/22 15:41:37 INFO ShuffleBlockFetcherIterator: Getting 0 non-empty blocks out of 1 blocks
20/07/22 15:41:37 INFO ShuffleBlockFetcherIterator: Started 0 remote fetches in 0 ms
20/07/22 15:41:37 INFO Executor: Finished task 131.0 in stage 4.0 (TID 134). 2941 bytes result sent to driver
20/07/22 15:41:37 INFO TaskSetManager: Starting task 132.0 in stage 4.0 (TID 135, localhost, executor driver, partition 132, PROCESS_LOCAL, 5886 bytes)
20/07/22 15:41:37 INFO TaskSetManager: Finished task 131.0 in stage 4.0 (TID 134) in 6 ms on localhost (executor driver) (131/200)
20/07/22 15:41:37 INFO Executor: Running task 132.0 in stage 4.0 (TID 135)
20/07/22 15:41:37 INFO ShuffleBlockFetcherIterator: Getting 0 non-empty blocks out of 1 blocks
20/07/22 15:41:37 INFO ShuffleBlockFetcherIterator: Started 0 remote fetches in 0 ms
20/07/22 15:41:37 INFO Executor: Finished task 132.0 in stage 4.0 (TID 135). 2941 bytes result sent to driver
20/07/22 15:41:37 INFO TaskSetManager: Starting task 133.0 in stage 4.0 (TID 136, localhost, executor driver, partition 133, PROCESS_LOCAL, 5886 bytes)
20/07/22 15:41:37 INFO TaskSetManager: Finished task 132.0 in stage 4.0 (TID 135) in 11 ms on localhost (executor driver) (132/200)
20/07/22 15:41:37 INFO Executor: Running task 133.0 in stage 4.0 (TID 136)
20/07/22 15:41:37 INFO ShuffleBlockFetcherIterator: Getting 0 non-empty blocks out of 1 blocks
20/07/22 15:41:37 INFO ShuffleBlockFetcherIterator: Started 0 remote fetches in 0 ms
20/07/22 15:41:37 INFO Executor: Finished task 133.0 in stage 4.0 (TID 136). 2941 bytes result sent to driver
20/07/22 15:41:37 INFO TaskSetManager: Starting task 134.0 in stage 4.0 (TID 137, localhost, executor driver, partition 134, PROCESS_LOCAL, 5886 bytes)
20/07/22 15:41:37 INFO Executor: Running task 134.0 in stage 4.0 (TID 137)
20/07/22 15:41:37 INFO TaskSetManager: Finished task 133.0 in stage 4.0 (TID 136) in 6 ms on localhost (executor driver) (133/200)
20/07/22 15:41:37 INFO ShuffleBlockFetcherIterator: Getting 0 non-empty blocks out of 1 blocks
20/07/22 15:41:37 INFO ShuffleBlockFetcherIterator: Started 0 remote fetches in 0 ms
20/07/22 15:41:37 INFO Executor: Finished task 134.0 in stage 4.0 (TID 137). 2941 bytes result sent to driver
20/07/22 15:41:37 INFO TaskSetManager: Starting task 135.0 in stage 4.0 (TID 138, localhost, executor driver, partition 135, PROCESS_LOCAL, 5886 bytes)
20/07/22 15:41:37 INFO Executor: Running task 135.0 in stage 4.0 (TID 138)
20/07/22 15:41:37 INFO TaskSetManager: Finished task 134.0 in stage 4.0 (TID 137) in 4 ms on localhost (executor driver) (134/200)
20/07/22 15:41:37 INFO ShuffleBlockFetcherIterator: Getting 0 non-empty blocks out of 1 blocks
20/07/22 15:41:37 INFO ShuffleBlockFetcherIterator: Started 0 remote fetches in 0 ms
20/07/22 15:41:37 INFO Executor: Finished task 135.0 in stage 4.0 (TID 138). 2941 bytes result sent to driver
20/07/22 15:41:37 INFO TaskSetManager: Starting task 136.0 in stage 4.0 (TID 139, localhost, executor driver, partition 136, PROCESS_LOCAL, 5886 bytes)
20/07/22 15:41:37 INFO Executor: Running task 136.0 in stage 4.0 (TID 139)
20/07/22 15:41:37 INFO TaskSetManager: Finished task 135.0 in stage 4.0 (TID 138) in 4 ms on localhost (executor driver) (135/200)
20/07/22 15:41:37 INFO ShuffleBlockFetcherIterator: Getting 0 non-empty blocks out of 1 blocks
20/07/22 15:41:37 INFO ShuffleBlockFetcherIterator: Started 0 remote fetches in 0 ms
20/07/22 15:41:37 INFO Executor: Finished task 136.0 in stage 4.0 (TID 139). 2941 bytes result sent to driver
20/07/22 15:41:37 INFO TaskSetManager: Starting task 137.0 in stage 4.0 (TID 140, localhost, executor driver, partition 137, PROCESS_LOCAL, 5886 bytes)
20/07/22 15:41:37 INFO Executor: Running task 137.0 in stage 4.0 (TID 140)
20/07/22 15:41:37 INFO TaskSetManager: Finished task 136.0 in stage 4.0 (TID 139) in 4 ms on localhost (executor driver) (136/200)
20/07/22 15:41:37 INFO ShuffleBlockFetcherIterator: Getting 0 non-empty blocks out of 1 blocks
20/07/22 15:41:37 INFO ShuffleBlockFetcherIterator: Started 0 remote fetches in 0 ms
20/07/22 15:41:37 INFO Executor: Finished task 137.0 in stage 4.0 (TID 140). 2941 bytes result sent to driver
20/07/22 15:41:37 INFO TaskSetManager: Starting task 138.0 in stage 4.0 (TID 141, localhost, executor driver, partition 138, PROCESS_LOCAL, 5886 bytes)
20/07/22 15:41:37 INFO Executor: Running task 138.0 in stage 4.0 (TID 141)
20/07/22 15:41:37 INFO TaskSetManager: Finished task 137.0 in stage 4.0 (TID 140) in 4 ms on localhost (executor driver) (137/200)
20/07/22 15:41:37 INFO ShuffleBlockFetcherIterator: Getting 0 non-empty blocks out of 1 blocks
20/07/22 15:41:37 INFO ShuffleBlockFetcherIterator: Started 0 remote fetches in 0 ms
20/07/22 15:41:37 INFO Executor: Finished task 138.0 in stage 4.0 (TID 141). 2941 bytes result sent to driver
20/07/22 15:41:37 INFO TaskSetManager: Starting task 139.0 in stage 4.0 (TID 142, localhost, executor driver, partition 139, PROCESS_LOCAL, 5886 bytes)
20/07/22 15:41:37 INFO TaskSetManager: Finished task 138.0 in stage 4.0 (TID 141) in 3 ms on localhost (executor driver) (138/200)
20/07/22 15:41:37 INFO Executor: Running task 139.0 in stage 4.0 (TID 142)
20/07/22 15:41:37 INFO ShuffleBlockFetcherIterator: Getting 0 non-empty blocks out of 1 blocks
20/07/22 15:41:37 INFO ShuffleBlockFetcherIterator: Started 0 remote fetches in 0 ms
20/07/22 15:41:37 INFO Executor: Finished task 139.0 in stage 4.0 (TID 142). 2941 bytes result sent to driver
20/07/22 15:41:37 INFO TaskSetManager: Starting task 140.0 in stage 4.0 (TID 143, localhost, executor driver, partition 140, PROCESS_LOCAL, 5886 bytes)
20/07/22 15:41:37 INFO Executor: Running task 140.0 in stage 4.0 (TID 143)
20/07/22 15:41:37 INFO TaskSetManager: Finished task 139.0 in stage 4.0 (TID 142) in 4 ms on localhost (executor driver) (139/200)
20/07/22 15:41:37 INFO ShuffleBlockFetcherIterator: Getting 0 non-empty blocks out of 1 blocks
20/07/22 15:41:37 INFO ShuffleBlockFetcherIterator: Started 0 remote fetches in 0 ms
20/07/22 15:41:37 INFO Executor: Finished task 140.0 in stage 4.0 (TID 143). 2941 bytes result sent to driver
20/07/22 15:41:37 INFO TaskSetManager: Starting task 141.0 in stage 4.0 (TID 144, localhost, executor driver, partition 141, PROCESS_LOCAL, 5886 bytes)
20/07/22 15:41:37 INFO Executor: Running task 141.0 in stage 4.0 (TID 144)
20/07/22 15:41:37 INFO TaskSetManager: Finished task 140.0 in stage 4.0 (TID 143) in 3 ms on localhost (executor driver) (140/200)
20/07/22 15:41:37 INFO ShuffleBlockFetcherIterator: Getting 0 non-empty blocks out of 1 blocks
20/07/22 15:41:37 INFO ShuffleBlockFetcherIterator: Started 0 remote fetches in 0 ms
20/07/22 15:41:37 INFO Executor: Finished task 141.0 in stage 4.0 (TID 144). 2941 bytes result sent to driver
20/07/22 15:41:37 INFO TaskSetManager: Starting task 142.0 in stage 4.0 (TID 145, localhost, executor driver, partition 142, PROCESS_LOCAL, 5886 bytes)
20/07/22 15:41:37 INFO Executor: Running task 142.0 in stage 4.0 (TID 145)
20/07/22 15:41:37 INFO TaskSetManager: Finished task 141.0 in stage 4.0 (TID 144) in 4 ms on localhost (executor driver) (141/200)
20/07/22 15:41:37 INFO ShuffleBlockFetcherIterator: Getting 0 non-empty blocks out of 1 blocks
20/07/22 15:41:37 INFO ShuffleBlockFetcherIterator: Started 0 remote fetches in 0 ms
20/07/22 15:41:37 INFO Executor: Finished task 142.0 in stage 4.0 (TID 145). 2941 bytes result sent to driver
20/07/22 15:41:37 INFO TaskSetManager: Starting task 143.0 in stage 4.0 (TID 146, localhost, executor driver, partition 143, PROCESS_LOCAL, 5886 bytes)
20/07/22 15:41:37 INFO Executor: Running task 143.0 in stage 4.0 (TID 146)
20/07/22 15:41:37 INFO TaskSetManager: Finished task 142.0 in stage 4.0 (TID 145) in 3 ms on localhost (executor driver) (142/200)
20/07/22 15:41:37 INFO ShuffleBlockFetcherIterator: Getting 0 non-empty blocks out of 1 blocks
20/07/22 15:41:37 INFO ShuffleBlockFetcherIterator: Started 0 remote fetches in 0 ms
20/07/22 15:41:37 INFO Executor: Finished task 143.0 in stage 4.0 (TID 146). 2941 bytes result sent to driver
20/07/22 15:41:37 INFO TaskSetManager: Starting task 144.0 in stage 4.0 (TID 147, localhost, executor driver, partition 144, PROCESS_LOCAL, 5886 bytes)
20/07/22 15:41:37 INFO Executor: Running task 144.0 in stage 4.0 (TID 147)
20/07/22 15:41:37 INFO TaskSetManager: Finished task 143.0 in stage 4.0 (TID 146) in 6 ms on localhost (executor driver) (143/200)
20/07/22 15:41:37 INFO ShuffleBlockFetcherIterator: Getting 0 non-empty blocks out of 1 blocks
20/07/22 15:41:37 INFO ShuffleBlockFetcherIterator: Started 0 remote fetches in 0 ms
20/07/22 15:41:37 INFO Executor: Finished task 144.0 in stage 4.0 (TID 147). 2941 bytes result sent to driver
20/07/22 15:41:37 INFO TaskSetManager: Starting task 145.0 in stage 4.0 (TID 148, localhost, executor driver, partition 145, PROCESS_LOCAL, 5886 bytes)
20/07/22 15:41:37 INFO Executor: Running task 145.0 in stage 4.0 (TID 148)
20/07/22 15:41:37 INFO TaskSetManager: Finished task 144.0 in stage 4.0 (TID 147) in 4 ms on localhost (executor driver) (144/200)
20/07/22 15:41:37 INFO ShuffleBlockFetcherIterator: Getting 0 non-empty blocks out of 1 blocks
20/07/22 15:41:37 INFO ShuffleBlockFetcherIterator: Started 0 remote fetches in 0 ms
20/07/22 15:41:37 INFO Executor: Finished task 145.0 in stage 4.0 (TID 148). 2941 bytes result sent to driver
20/07/22 15:41:37 INFO TaskSetManager: Starting task 146.0 in stage 4.0 (TID 149, localhost, executor driver, partition 146, PROCESS_LOCAL, 5886 bytes)
20/07/22 15:41:37 INFO Executor: Running task 146.0 in stage 4.0 (TID 149)
20/07/22 15:41:37 INFO TaskSetManager: Finished task 145.0 in stage 4.0 (TID 148) in 4 ms on localhost (executor driver) (145/200)
20/07/22 15:41:37 INFO ShuffleBlockFetcherIterator: Getting 0 non-empty blocks out of 1 blocks
20/07/22 15:41:37 INFO ShuffleBlockFetcherIterator: Started 0 remote fetches in 0 ms
20/07/22 15:41:37 INFO Executor: Finished task 146.0 in stage 4.0 (TID 149). 2941 bytes result sent to driver
20/07/22 15:41:37 INFO TaskSetManager: Starting task 147.0 in stage 4.0 (TID 150, localhost, executor driver, partition 147, PROCESS_LOCAL, 5886 bytes)
20/07/22 15:41:37 INFO Executor: Running task 147.0 in stage 4.0 (TID 150)
20/07/22 15:41:37 INFO TaskSetManager: Finished task 146.0 in stage 4.0 (TID 149) in 4 ms on localhost (executor driver) (146/200)
20/07/22 15:41:37 INFO ShuffleBlockFetcherIterator: Getting 0 non-empty blocks out of 1 blocks
20/07/22 15:41:37 INFO ShuffleBlockFetcherIterator: Started 0 remote fetches in 0 ms
20/07/22 15:41:37 INFO Executor: Finished task 147.0 in stage 4.0 (TID 150). 2941 bytes result sent to driver
20/07/22 15:41:37 INFO TaskSetManager: Starting task 148.0 in stage 4.0 (TID 151, localhost, executor driver, partition 148, PROCESS_LOCAL, 5886 bytes)
20/07/22 15:41:37 INFO Executor: Running task 148.0 in stage 4.0 (TID 151)
20/07/22 15:41:37 INFO TaskSetManager: Finished task 147.0 in stage 4.0 (TID 150) in 3 ms on localhost (executor driver) (147/200)
20/07/22 15:41:37 INFO ShuffleBlockFetcherIterator: Getting 0 non-empty blocks out of 1 blocks
20/07/22 15:41:37 INFO ShuffleBlockFetcherIterator: Started 0 remote fetches in 0 ms
20/07/22 15:41:37 INFO Executor: Finished task 148.0 in stage 4.0 (TID 151). 2941 bytes result sent to driver
20/07/22 15:41:37 INFO TaskSetManager: Starting task 149.0 in stage 4.0 (TID 152, localhost, executor driver, partition 149, PROCESS_LOCAL, 5886 bytes)
20/07/22 15:41:37 INFO Executor: Running task 149.0 in stage 4.0 (TID 152)
20/07/22 15:41:37 INFO TaskSetManager: Finished task 148.0 in stage 4.0 (TID 151) in 4 ms on localhost (executor driver) (148/200)
20/07/22 15:41:37 INFO ShuffleBlockFetcherIterator: Getting 0 non-empty blocks out of 1 blocks
20/07/22 15:41:37 INFO ShuffleBlockFetcherIterator: Started 0 remote fetches in 0 ms
20/07/22 15:41:37 INFO Executor: Finished task 149.0 in stage 4.0 (TID 152). 2941 bytes result sent to driver
20/07/22 15:41:37 INFO TaskSetManager: Starting task 150.0 in stage 4.0 (TID 153, localhost, executor driver, partition 150, PROCESS_LOCAL, 5886 bytes)
20/07/22 15:41:37 INFO Executor: Running task 150.0 in stage 4.0 (TID 153)
20/07/22 15:41:37 INFO TaskSetManager: Finished task 149.0 in stage 4.0 (TID 152) in 4 ms on localhost (executor driver) (149/200)
20/07/22 15:41:37 INFO ShuffleBlockFetcherIterator: Getting 0 non-empty blocks out of 1 blocks
20/07/22 15:41:37 INFO ShuffleBlockFetcherIterator: Started 0 remote fetches in 1 ms
20/07/22 15:41:37 INFO Executor: Finished task 150.0 in stage 4.0 (TID 153). 2941 bytes result sent to driver
20/07/22 15:41:37 INFO TaskSetManager: Starting task 151.0 in stage 4.0 (TID 154, localhost, executor driver, partition 151, PROCESS_LOCAL, 5886 bytes)
20/07/22 15:41:37 INFO TaskSetManager: Finished task 150.0 in stage 4.0 (TID 153) in 5 ms on localhost (executor driver) (150/200)
20/07/22 15:41:37 INFO Executor: Running task 151.0 in stage 4.0 (TID 154)
20/07/22 15:41:37 INFO ShuffleBlockFetcherIterator: Getting 0 non-empty blocks out of 1 blocks
20/07/22 15:41:37 INFO ShuffleBlockFetcherIterator: Started 0 remote fetches in 0 ms
20/07/22 15:41:37 INFO Executor: Finished task 151.0 in stage 4.0 (TID 154). 2941 bytes result sent to driver
20/07/22 15:41:37 INFO TaskSetManager: Starting task 152.0 in stage 4.0 (TID 155, localhost, executor driver, partition 152, PROCESS_LOCAL, 5886 bytes)
20/07/22 15:41:37 INFO Executor: Running task 152.0 in stage 4.0 (TID 155)
20/07/22 15:41:37 INFO TaskSetManager: Finished task 151.0 in stage 4.0 (TID 154) in 4 ms on localhost (executor driver) (151/200)
20/07/22 15:41:37 INFO ShuffleBlockFetcherIterator: Getting 0 non-empty blocks out of 1 blocks
20/07/22 15:41:37 INFO ShuffleBlockFetcherIterator: Started 0 remote fetches in 0 ms
20/07/22 15:41:37 INFO Executor: Finished task 152.0 in stage 4.0 (TID 155). 2941 bytes result sent to driver
20/07/22 15:41:37 INFO TaskSetManager: Starting task 153.0 in stage 4.0 (TID 156, localhost, executor driver, partition 153, PROCESS_LOCAL, 5886 bytes)
20/07/22 15:41:37 INFO TaskSetManager: Finished task 152.0 in stage 4.0 (TID 155) in 4 ms on localhost (executor driver) (152/200)
20/07/22 15:41:37 INFO Executor: Running task 153.0 in stage 4.0 (TID 156)
20/07/22 15:41:37 INFO ShuffleBlockFetcherIterator: Getting 0 non-empty blocks out of 1 blocks
20/07/22 15:41:37 INFO ShuffleBlockFetcherIterator: Started 0 remote fetches in 0 ms
20/07/22 15:41:37 INFO Executor: Finished task 153.0 in stage 4.0 (TID 156). 2941 bytes result sent to driver
20/07/22 15:41:37 INFO TaskSetManager: Starting task 154.0 in stage 4.0 (TID 157, localhost, executor driver, partition 154, PROCESS_LOCAL, 5886 bytes)
20/07/22 15:41:37 INFO Executor: Running task 154.0 in stage 4.0 (TID 157)
20/07/22 15:41:37 INFO TaskSetManager: Finished task 153.0 in stage 4.0 (TID 156) in 4 ms on localhost (executor driver) (153/200)
20/07/22 15:41:37 INFO ShuffleBlockFetcherIterator: Getting 0 non-empty blocks out of 1 blocks
20/07/22 15:41:37 INFO ShuffleBlockFetcherIterator: Started 0 remote fetches in 0 ms
20/07/22 15:41:37 INFO Executor: Finished task 154.0 in stage 4.0 (TID 157). 2941 bytes result sent to driver
20/07/22 15:41:37 INFO TaskSetManager: Starting task 155.0 in stage 4.0 (TID 158, localhost, executor driver, partition 155, PROCESS_LOCAL, 5886 bytes)
20/07/22 15:41:37 INFO TaskSetManager: Finished task 154.0 in stage 4.0 (TID 157) in 4 ms on localhost (executor driver) (154/200)
20/07/22 15:41:37 INFO Executor: Running task 155.0 in stage 4.0 (TID 158)
20/07/22 15:41:37 INFO ShuffleBlockFetcherIterator: Getting 0 non-empty blocks out of 1 blocks
20/07/22 15:41:37 INFO ShuffleBlockFetcherIterator: Started 0 remote fetches in 0 ms
20/07/22 15:41:37 INFO Executor: Finished task 155.0 in stage 4.0 (TID 158). 2941 bytes result sent to driver
20/07/22 15:41:37 INFO TaskSetManager: Starting task 156.0 in stage 4.0 (TID 159, localhost, executor driver, partition 156, PROCESS_LOCAL, 5886 bytes)
20/07/22 15:41:37 INFO TaskSetManager: Finished task 155.0 in stage 4.0 (TID 158) in 4 ms on localhost (executor driver) (155/200)
20/07/22 15:41:37 INFO Executor: Running task 156.0 in stage 4.0 (TID 159)
20/07/22 15:41:37 INFO ShuffleBlockFetcherIterator: Getting 0 non-empty blocks out of 1 blocks
20/07/22 15:41:37 INFO ShuffleBlockFetcherIterator: Started 0 remote fetches in 0 ms
20/07/22 15:41:37 INFO Executor: Finished task 156.0 in stage 4.0 (TID 159). 2941 bytes result sent to driver
20/07/22 15:41:37 INFO TaskSetManager: Finished task 156.0 in stage 4.0 (TID 159) in 3 ms on localhost (executor driver) (156/200)
20/07/22 15:41:37 INFO TaskSetManager: Starting task 157.0 in stage 4.0 (TID 160, localhost, executor driver, partition 157, PROCESS_LOCAL, 5886 bytes)
20/07/22 15:41:37 INFO Executor: Running task 157.0 in stage 4.0 (TID 160)
20/07/22 15:41:37 INFO ShuffleBlockFetcherIterator: Getting 0 non-empty blocks out of 1 blocks
20/07/22 15:41:37 INFO ShuffleBlockFetcherIterator: Started 0 remote fetches in 0 ms
20/07/22 15:41:37 INFO Executor: Finished task 157.0 in stage 4.0 (TID 160). 2941 bytes result sent to driver
20/07/22 15:41:37 INFO TaskSetManager: Starting task 158.0 in stage 4.0 (TID 161, localhost, executor driver, partition 158, PROCESS_LOCAL, 5886 bytes)
20/07/22 15:41:37 INFO Executor: Running task 158.0 in stage 4.0 (TID 161)
20/07/22 15:41:37 INFO TaskSetManager: Finished task 157.0 in stage 4.0 (TID 160) in 7 ms on localhost (executor driver) (157/200)
20/07/22 15:41:37 INFO ShuffleBlockFetcherIterator: Getting 0 non-empty blocks out of 1 blocks
20/07/22 15:41:37 INFO ShuffleBlockFetcherIterator: Started 0 remote fetches in 0 ms
20/07/22 15:41:37 INFO Executor: Finished task 158.0 in stage 4.0 (TID 161). 2941 bytes result sent to driver
20/07/22 15:41:37 INFO TaskSetManager: Starting task 159.0 in stage 4.0 (TID 162, localhost, executor driver, partition 159, PROCESS_LOCAL, 5886 bytes)
20/07/22 15:41:37 INFO TaskSetManager: Finished task 158.0 in stage 4.0 (TID 161) in 5 ms on localhost (executor driver) (158/200)
20/07/22 15:41:37 INFO Executor: Running task 159.0 in stage 4.0 (TID 162)
20/07/22 15:41:37 INFO ShuffleBlockFetcherIterator: Getting 0 non-empty blocks out of 1 blocks
20/07/22 15:41:37 INFO ShuffleBlockFetcherIterator: Started 0 remote fetches in 1 ms
20/07/22 15:41:37 INFO Executor: Finished task 159.0 in stage 4.0 (TID 162). 3028 bytes result sent to driver
20/07/22 15:41:37 INFO TaskSetManager: Starting task 160.0 in stage 4.0 (TID 163, localhost, executor driver, partition 160, PROCESS_LOCAL, 5886 bytes)
20/07/22 15:41:37 INFO TaskSetManager: Finished task 159.0 in stage 4.0 (TID 162) in 4 ms on localhost (executor driver) (159/200)
20/07/22 15:41:37 INFO Executor: Running task 160.0 in stage 4.0 (TID 163)
20/07/22 15:41:37 INFO ShuffleBlockFetcherIterator: Getting 0 non-empty blocks out of 1 blocks
20/07/22 15:41:37 INFO ShuffleBlockFetcherIterator: Started 0 remote fetches in 0 ms
20/07/22 15:41:37 INFO Executor: Finished task 160.0 in stage 4.0 (TID 163). 2941 bytes result sent to driver
20/07/22 15:41:37 INFO TaskSetManager: Starting task 161.0 in stage 4.0 (TID 164, localhost, executor driver, partition 161, PROCESS_LOCAL, 5886 bytes)
20/07/22 15:41:37 INFO TaskSetManager: Finished task 160.0 in stage 4.0 (TID 163) in 4 ms on localhost (executor driver) (160/200)
20/07/22 15:41:37 INFO Executor: Running task 161.0 in stage 4.0 (TID 164)
20/07/22 15:41:37 INFO ShuffleBlockFetcherIterator: Getting 0 non-empty blocks out of 1 blocks
20/07/22 15:41:37 INFO ShuffleBlockFetcherIterator: Started 0 remote fetches in 1 ms
20/07/22 15:41:37 INFO Executor: Finished task 161.0 in stage 4.0 (TID 164). 2941 bytes result sent to driver
20/07/22 15:41:37 INFO TaskSetManager: Starting task 162.0 in stage 4.0 (TID 165, localhost, executor driver, partition 162, PROCESS_LOCAL, 5886 bytes)
20/07/22 15:41:37 INFO Executor: Running task 162.0 in stage 4.0 (TID 165)
20/07/22 15:41:37 INFO TaskSetManager: Finished task 161.0 in stage 4.0 (TID 164) in 5 ms on localhost (executor driver) (161/200)
20/07/22 15:41:37 INFO ShuffleBlockFetcherIterator: Getting 0 non-empty blocks out of 1 blocks
20/07/22 15:41:37 INFO ShuffleBlockFetcherIterator: Started 0 remote fetches in 1 ms
20/07/22 15:41:37 INFO Executor: Finished task 162.0 in stage 4.0 (TID 165). 2941 bytes result sent to driver
20/07/22 15:41:37 INFO TaskSetManager: Starting task 163.0 in stage 4.0 (TID 166, localhost, executor driver, partition 163, PROCESS_LOCAL, 5886 bytes)
20/07/22 15:41:37 INFO Executor: Running task 163.0 in stage 4.0 (TID 166)
20/07/22 15:41:37 INFO TaskSetManager: Finished task 162.0 in stage 4.0 (TID 165) in 4 ms on localhost (executor driver) (162/200)
20/07/22 15:41:37 INFO ShuffleBlockFetcherIterator: Getting 0 non-empty blocks out of 1 blocks
20/07/22 15:41:37 INFO ShuffleBlockFetcherIterator: Started 0 remote fetches in 0 ms
20/07/22 15:41:37 INFO Executor: Finished task 163.0 in stage 4.0 (TID 166). 2941 bytes result sent to driver
20/07/22 15:41:37 INFO TaskSetManager: Starting task 164.0 in stage 4.0 (TID 167, localhost, executor driver, partition 164, PROCESS_LOCAL, 5886 bytes)
20/07/22 15:41:37 INFO TaskSetManager: Finished task 163.0 in stage 4.0 (TID 166) in 3 ms on localhost (executor driver) (163/200)
20/07/22 15:41:37 INFO Executor: Running task 164.0 in stage 4.0 (TID 167)
20/07/22 15:41:37 INFO ShuffleBlockFetcherIterator: Getting 0 non-empty blocks out of 1 blocks
20/07/22 15:41:37 INFO ShuffleBlockFetcherIterator: Started 0 remote fetches in 0 ms
20/07/22 15:41:37 INFO Executor: Finished task 164.0 in stage 4.0 (TID 167). 2941 bytes result sent to driver
20/07/22 15:41:37 INFO TaskSetManager: Starting task 165.0 in stage 4.0 (TID 168, localhost, executor driver, partition 165, PROCESS_LOCAL, 5886 bytes)
20/07/22 15:41:37 INFO TaskSetManager: Finished task 164.0 in stage 4.0 (TID 167) in 4 ms on localhost (executor driver) (164/200)
20/07/22 15:41:37 INFO Executor: Running task 165.0 in stage 4.0 (TID 168)
20/07/22 15:41:37 INFO ShuffleBlockFetcherIterator: Getting 0 non-empty blocks out of 1 blocks
20/07/22 15:41:37 INFO ShuffleBlockFetcherIterator: Started 0 remote fetches in 0 ms
20/07/22 15:41:37 INFO Executor: Finished task 165.0 in stage 4.0 (TID 168). 2941 bytes result sent to driver
20/07/22 15:41:37 INFO TaskSetManager: Starting task 166.0 in stage 4.0 (TID 169, localhost, executor driver, partition 166, PROCESS_LOCAL, 5886 bytes)
20/07/22 15:41:37 INFO TaskSetManager: Finished task 165.0 in stage 4.0 (TID 168) in 3 ms on localhost (executor driver) (165/200)
20/07/22 15:41:37 INFO Executor: Running task 166.0 in stage 4.0 (TID 169)
20/07/22 15:41:37 INFO ShuffleBlockFetcherIterator: Getting 0 non-empty blocks out of 1 blocks
20/07/22 15:41:37 INFO ShuffleBlockFetcherIterator: Started 0 remote fetches in 0 ms
20/07/22 15:41:37 INFO Executor: Finished task 166.0 in stage 4.0 (TID 169). 2941 bytes result sent to driver
20/07/22 15:41:37 INFO TaskSetManager: Starting task 167.0 in stage 4.0 (TID 170, localhost, executor driver, partition 167, PROCESS_LOCAL, 5886 bytes)
20/07/22 15:41:37 INFO TaskSetManager: Finished task 166.0 in stage 4.0 (TID 169) in 4 ms on localhost (executor driver) (166/200)
20/07/22 15:41:37 INFO Executor: Running task 167.0 in stage 4.0 (TID 170)
20/07/22 15:41:37 INFO ShuffleBlockFetcherIterator: Getting 0 non-empty blocks out of 1 blocks
20/07/22 15:41:37 INFO ShuffleBlockFetcherIterator: Started 0 remote fetches in 0 ms
20/07/22 15:41:37 INFO Executor: Finished task 167.0 in stage 4.0 (TID 170). 2941 bytes result sent to driver
20/07/22 15:41:37 INFO TaskSetManager: Starting task 168.0 in stage 4.0 (TID 171, localhost, executor driver, partition 168, PROCESS_LOCAL, 5886 bytes)
20/07/22 15:41:37 INFO TaskSetManager: Finished task 167.0 in stage 4.0 (TID 170) in 4 ms on localhost (executor driver) (167/200)
20/07/22 15:41:37 INFO Executor: Running task 168.0 in stage 4.0 (TID 171)
20/07/22 15:41:37 INFO ShuffleBlockFetcherIterator: Getting 0 non-empty blocks out of 1 blocks
20/07/22 15:41:37 INFO ShuffleBlockFetcherIterator: Started 0 remote fetches in 1 ms
20/07/22 15:41:37 INFO Executor: Finished task 168.0 in stage 4.0 (TID 171). 2941 bytes result sent to driver
20/07/22 15:41:37 INFO TaskSetManager: Starting task 169.0 in stage 4.0 (TID 172, localhost, executor driver, partition 169, PROCESS_LOCAL, 5886 bytes)
20/07/22 15:41:37 INFO Executor: Running task 169.0 in stage 4.0 (TID 172)
20/07/22 15:41:37 INFO TaskSetManager: Finished task 168.0 in stage 4.0 (TID 171) in 4 ms on localhost (executor driver) (168/200)
20/07/22 15:41:37 INFO ShuffleBlockFetcherIterator: Getting 0 non-empty blocks out of 1 blocks
20/07/22 15:41:37 INFO ShuffleBlockFetcherIterator: Started 0 remote fetches in 0 ms
20/07/22 15:41:37 INFO Executor: Finished task 169.0 in stage 4.0 (TID 172). 2941 bytes result sent to driver
20/07/22 15:41:37 INFO TaskSetManager: Starting task 170.0 in stage 4.0 (TID 173, localhost, executor driver, partition 170, PROCESS_LOCAL, 5886 bytes)
20/07/22 15:41:37 INFO Executor: Running task 170.0 in stage 4.0 (TID 173)
20/07/22 15:41:37 INFO TaskSetManager: Finished task 169.0 in stage 4.0 (TID 172) in 5 ms on localhost (executor driver) (169/200)
20/07/22 15:41:37 INFO ShuffleBlockFetcherIterator: Getting 0 non-empty blocks out of 1 blocks
20/07/22 15:41:37 INFO ShuffleBlockFetcherIterator: Started 0 remote fetches in 0 ms
20/07/22 15:41:37 INFO Executor: Finished task 170.0 in stage 4.0 (TID 173). 2941 bytes result sent to driver
20/07/22 15:41:37 INFO TaskSetManager: Starting task 171.0 in stage 4.0 (TID 174, localhost, executor driver, partition 171, PROCESS_LOCAL, 5886 bytes)
20/07/22 15:41:37 INFO Executor: Running task 171.0 in stage 4.0 (TID 174)
20/07/22 15:41:37 INFO TaskSetManager: Finished task 170.0 in stage 4.0 (TID 173) in 4 ms on localhost (executor driver) (170/200)
20/07/22 15:41:37 INFO ShuffleBlockFetcherIterator: Getting 0 non-empty blocks out of 1 blocks
20/07/22 15:41:37 INFO ShuffleBlockFetcherIterator: Started 0 remote fetches in 0 ms
20/07/22 15:41:37 INFO Executor: Finished task 171.0 in stage 4.0 (TID 174). 2941 bytes result sent to driver
20/07/22 15:41:37 INFO TaskSetManager: Starting task 172.0 in stage 4.0 (TID 175, localhost, executor driver, partition 172, PROCESS_LOCAL, 5886 bytes)
20/07/22 15:41:37 INFO TaskSetManager: Finished task 171.0 in stage 4.0 (TID 174) in 4 ms on localhost (executor driver) (171/200)
20/07/22 15:41:37 INFO Executor: Running task 172.0 in stage 4.0 (TID 175)
20/07/22 15:41:37 INFO ShuffleBlockFetcherIterator: Getting 0 non-empty blocks out of 1 blocks
20/07/22 15:41:37 INFO ShuffleBlockFetcherIterator: Started 0 remote fetches in 1 ms
20/07/22 15:41:37 INFO Executor: Finished task 172.0 in stage 4.0 (TID 175). 2941 bytes result sent to driver
20/07/22 15:41:37 INFO TaskSetManager: Starting task 173.0 in stage 4.0 (TID 176, localhost, executor driver, partition 173, PROCESS_LOCAL, 5886 bytes)
20/07/22 15:41:37 INFO TaskSetManager: Finished task 172.0 in stage 4.0 (TID 175) in 4 ms on localhost (executor driver) (172/200)
20/07/22 15:41:37 INFO Executor: Running task 173.0 in stage 4.0 (TID 176)
20/07/22 15:41:37 INFO ShuffleBlockFetcherIterator: Getting 0 non-empty blocks out of 1 blocks
20/07/22 15:41:37 INFO ShuffleBlockFetcherIterator: Started 0 remote fetches in 0 ms
20/07/22 15:41:37 INFO Executor: Finished task 173.0 in stage 4.0 (TID 176). 2941 bytes result sent to driver
20/07/22 15:41:37 INFO TaskSetManager: Starting task 174.0 in stage 4.0 (TID 177, localhost, executor driver, partition 174, PROCESS_LOCAL, 5886 bytes)
20/07/22 15:41:37 INFO TaskSetManager: Finished task 173.0 in stage 4.0 (TID 176) in 3 ms on localhost (executor driver) (173/200)
20/07/22 15:41:37 INFO Executor: Running task 174.0 in stage 4.0 (TID 177)
20/07/22 15:41:37 INFO ShuffleBlockFetcherIterator: Getting 0 non-empty blocks out of 1 blocks
20/07/22 15:41:37 INFO ShuffleBlockFetcherIterator: Started 0 remote fetches in 0 ms
20/07/22 15:41:37 INFO Executor: Finished task 174.0 in stage 4.0 (TID 177). 2941 bytes result sent to driver
20/07/22 15:41:37 INFO TaskSetManager: Starting task 175.0 in stage 4.0 (TID 178, localhost, executor driver, partition 175, PROCESS_LOCAL, 5886 bytes)
20/07/22 15:41:37 INFO TaskSetManager: Finished task 174.0 in stage 4.0 (TID 177) in 3 ms on localhost (executor driver) (174/200)
20/07/22 15:41:37 INFO Executor: Running task 175.0 in stage 4.0 (TID 178)
20/07/22 15:41:37 INFO ShuffleBlockFetcherIterator: Getting 0 non-empty blocks out of 1 blocks
20/07/22 15:41:37 INFO ShuffleBlockFetcherIterator: Started 0 remote fetches in 0 ms
20/07/22 15:41:37 INFO Executor: Finished task 175.0 in stage 4.0 (TID 178). 2941 bytes result sent to driver
20/07/22 15:41:37 INFO TaskSetManager: Starting task 176.0 in stage 4.0 (TID 179, localhost, executor driver, partition 176, PROCESS_LOCAL, 5886 bytes)
20/07/22 15:41:37 INFO TaskSetManager: Finished task 175.0 in stage 4.0 (TID 178) in 3 ms on localhost (executor driver) (175/200)
20/07/22 15:41:37 INFO Executor: Running task 176.0 in stage 4.0 (TID 179)
20/07/22 15:41:37 INFO ShuffleBlockFetcherIterator: Getting 0 non-empty blocks out of 1 blocks
20/07/22 15:41:37 INFO ShuffleBlockFetcherIterator: Started 0 remote fetches in 0 ms
20/07/22 15:41:37 INFO Executor: Finished task 176.0 in stage 4.0 (TID 179). 2941 bytes result sent to driver
20/07/22 15:41:37 INFO TaskSetManager: Starting task 177.0 in stage 4.0 (TID 180, localhost, executor driver, partition 177, PROCESS_LOCAL, 5886 bytes)
20/07/22 15:41:37 INFO TaskSetManager: Finished task 176.0 in stage 4.0 (TID 179) in 3 ms on localhost (executor driver) (176/200)
20/07/22 15:41:37 INFO Executor: Running task 177.0 in stage 4.0 (TID 180)
20/07/22 15:41:37 INFO ShuffleBlockFetcherIterator: Getting 0 non-empty blocks out of 1 blocks
20/07/22 15:41:37 INFO ShuffleBlockFetcherIterator: Started 0 remote fetches in 0 ms
20/07/22 15:41:37 INFO Executor: Finished task 177.0 in stage 4.0 (TID 180). 2941 bytes result sent to driver
20/07/22 15:41:37 INFO TaskSetManager: Starting task 178.0 in stage 4.0 (TID 181, localhost, executor driver, partition 178, PROCESS_LOCAL, 5886 bytes)
20/07/22 15:41:37 INFO Executor: Running task 178.0 in stage 4.0 (TID 181)
20/07/22 15:41:37 INFO TaskSetManager: Finished task 177.0 in stage 4.0 (TID 180) in 4 ms on localhost (executor driver) (177/200)
20/07/22 15:41:37 INFO ShuffleBlockFetcherIterator: Getting 0 non-empty blocks out of 1 blocks
20/07/22 15:41:37 INFO ShuffleBlockFetcherIterator: Started 0 remote fetches in 0 ms
20/07/22 15:41:37 INFO Executor: Finished task 178.0 in stage 4.0 (TID 181). 2941 bytes result sent to driver
20/07/22 15:41:37 INFO TaskSetManager: Starting task 179.0 in stage 4.0 (TID 182, localhost, executor driver, partition 179, PROCESS_LOCAL, 5886 bytes)
20/07/22 15:41:37 INFO TaskSetManager: Finished task 178.0 in stage 4.0 (TID 181) in 3 ms on localhost (executor driver) (178/200)
20/07/22 15:41:37 INFO Executor: Running task 179.0 in stage 4.0 (TID 182)
20/07/22 15:41:37 INFO ShuffleBlockFetcherIterator: Getting 0 non-empty blocks out of 1 blocks
20/07/22 15:41:37 INFO ShuffleBlockFetcherIterator: Started 0 remote fetches in 0 ms
20/07/22 15:41:37 INFO Executor: Finished task 179.0 in stage 4.0 (TID 182). 2941 bytes result sent to driver
20/07/22 15:41:37 INFO TaskSetManager: Starting task 180.0 in stage 4.0 (TID 183, localhost, executor driver, partition 180, PROCESS_LOCAL, 5886 bytes)
20/07/22 15:41:37 INFO TaskSetManager: Finished task 179.0 in stage 4.0 (TID 182) in 4 ms on localhost (executor driver) (179/200)
20/07/22 15:41:37 INFO Executor: Running task 180.0 in stage 4.0 (TID 183)
20/07/22 15:41:37 INFO ShuffleBlockFetcherIterator: Getting 0 non-empty blocks out of 1 blocks
20/07/22 15:41:37 INFO ShuffleBlockFetcherIterator: Started 0 remote fetches in 0 ms
20/07/22 15:41:37 INFO Executor: Finished task 180.0 in stage 4.0 (TID 183). 2941 bytes result sent to driver
20/07/22 15:41:37 INFO TaskSetManager: Starting task 181.0 in stage 4.0 (TID 184, localhost, executor driver, partition 181, PROCESS_LOCAL, 5886 bytes)
20/07/22 15:41:37 INFO Executor: Running task 181.0 in stage 4.0 (TID 184)
20/07/22 15:41:37 INFO TaskSetManager: Finished task 180.0 in stage 4.0 (TID 183) in 4 ms on localhost (executor driver) (180/200)
20/07/22 15:41:37 INFO ShuffleBlockFetcherIterator: Getting 0 non-empty blocks out of 1 blocks
20/07/22 15:41:37 INFO ShuffleBlockFetcherIterator: Started 0 remote fetches in 0 ms
20/07/22 15:41:37 INFO Executor: Finished task 181.0 in stage 4.0 (TID 184). 2941 bytes result sent to driver
20/07/22 15:41:37 INFO TaskSetManager: Starting task 182.0 in stage 4.0 (TID 185, localhost, executor driver, partition 182, PROCESS_LOCAL, 5886 bytes)
20/07/22 15:41:37 INFO Executor: Running task 182.0 in stage 4.0 (TID 185)
20/07/22 15:41:37 INFO TaskSetManager: Finished task 181.0 in stage 4.0 (TID 184) in 4 ms on localhost (executor driver) (181/200)
20/07/22 15:41:37 INFO ShuffleBlockFetcherIterator: Getting 0 non-empty blocks out of 1 blocks
20/07/22 15:41:37 INFO ShuffleBlockFetcherIterator: Started 0 remote fetches in 0 ms
20/07/22 15:41:37 INFO Executor: Finished task 182.0 in stage 4.0 (TID 185). 2941 bytes result sent to driver
20/07/22 15:41:37 INFO TaskSetManager: Starting task 183.0 in stage 4.0 (TID 186, localhost, executor driver, partition 183, PROCESS_LOCAL, 5886 bytes)
20/07/22 15:41:37 INFO TaskSetManager: Finished task 182.0 in stage 4.0 (TID 185) in 4 ms on localhost (executor driver) (182/200)
20/07/22 15:41:37 INFO Executor: Running task 183.0 in stage 4.0 (TID 186)
20/07/22 15:41:37 INFO ShuffleBlockFetcherIterator: Getting 0 non-empty blocks out of 1 blocks
20/07/22 15:41:37 INFO ShuffleBlockFetcherIterator: Started 0 remote fetches in 0 ms
20/07/22 15:41:37 INFO Executor: Finished task 183.0 in stage 4.0 (TID 186). 2941 bytes result sent to driver
20/07/22 15:41:37 INFO TaskSetManager: Starting task 184.0 in stage 4.0 (TID 187, localhost, executor driver, partition 184, PROCESS_LOCAL, 5886 bytes)
20/07/22 15:41:37 INFO Executor: Running task 184.0 in stage 4.0 (TID 187)
20/07/22 15:41:37 INFO TaskSetManager: Finished task 183.0 in stage 4.0 (TID 186) in 3 ms on localhost (executor driver) (183/200)
20/07/22 15:41:37 INFO ShuffleBlockFetcherIterator: Getting 0 non-empty blocks out of 1 blocks
20/07/22 15:41:37 INFO ShuffleBlockFetcherIterator: Started 0 remote fetches in 0 ms
20/07/22 15:41:37 INFO Executor: Finished task 184.0 in stage 4.0 (TID 187). 2941 bytes result sent to driver
20/07/22 15:41:37 INFO TaskSetManager: Starting task 185.0 in stage 4.0 (TID 188, localhost, executor driver, partition 185, PROCESS_LOCAL, 5886 bytes)
20/07/22 15:41:37 INFO Executor: Running task 185.0 in stage 4.0 (TID 188)
20/07/22 15:41:37 INFO TaskSetManager: Finished task 184.0 in stage 4.0 (TID 187) in 3 ms on localhost (executor driver) (184/200)
20/07/22 15:41:37 INFO ShuffleBlockFetcherIterator: Getting 0 non-empty blocks out of 1 blocks
20/07/22 15:41:37 INFO ShuffleBlockFetcherIterator: Started 0 remote fetches in 0 ms
20/07/22 15:41:37 INFO Executor: Finished task 185.0 in stage 4.0 (TID 188). 2941 bytes result sent to driver
20/07/22 15:41:37 INFO TaskSetManager: Starting task 186.0 in stage 4.0 (TID 189, localhost, executor driver, partition 186, PROCESS_LOCAL, 5886 bytes)
20/07/22 15:41:37 INFO Executor: Running task 186.0 in stage 4.0 (TID 189)
20/07/22 15:41:37 INFO TaskSetManager: Finished task 185.0 in stage 4.0 (TID 188) in 3 ms on localhost (executor driver) (185/200)
20/07/22 15:41:37 INFO ShuffleBlockFetcherIterator: Getting 0 non-empty blocks out of 1 blocks
20/07/22 15:41:37 INFO ShuffleBlockFetcherIterator: Started 0 remote fetches in 0 ms
20/07/22 15:41:37 INFO Executor: Finished task 186.0 in stage 4.0 (TID 189). 2941 bytes result sent to driver
20/07/22 15:41:37 INFO TaskSetManager: Starting task 187.0 in stage 4.0 (TID 190, localhost, executor driver, partition 187, PROCESS_LOCAL, 5886 bytes)
20/07/22 15:41:37 INFO Executor: Running task 187.0 in stage 4.0 (TID 190)
20/07/22 15:41:37 INFO TaskSetManager: Finished task 186.0 in stage 4.0 (TID 189) in 4 ms on localhost (executor driver) (186/200)
20/07/22 15:41:37 INFO ShuffleBlockFetcherIterator: Getting 0 non-empty blocks out of 1 blocks
20/07/22 15:41:37 INFO ShuffleBlockFetcherIterator: Started 0 remote fetches in 0 ms
20/07/22 15:41:37 INFO Executor: Finished task 187.0 in stage 4.0 (TID 190). 2941 bytes result sent to driver
20/07/22 15:41:37 INFO TaskSetManager: Starting task 188.0 in stage 4.0 (TID 191, localhost, executor driver, partition 188, PROCESS_LOCAL, 5886 bytes)
20/07/22 15:41:37 INFO Executor: Running task 188.0 in stage 4.0 (TID 191)
20/07/22 15:41:37 INFO TaskSetManager: Finished task 187.0 in stage 4.0 (TID 190) in 6 ms on localhost (executor driver) (187/200)
20/07/22 15:41:37 INFO ShuffleBlockFetcherIterator: Getting 0 non-empty blocks out of 1 blocks
20/07/22 15:41:37 INFO ShuffleBlockFetcherIterator: Started 0 remote fetches in 0 ms
20/07/22 15:41:37 INFO Executor: Finished task 188.0 in stage 4.0 (TID 191). 2941 bytes result sent to driver
20/07/22 15:41:37 INFO TaskSetManager: Starting task 189.0 in stage 4.0 (TID 192, localhost, executor driver, partition 189, PROCESS_LOCAL, 5886 bytes)
20/07/22 15:41:37 INFO TaskSetManager: Finished task 188.0 in stage 4.0 (TID 191) in 5 ms on localhost (executor driver) (188/200)
20/07/22 15:41:37 INFO Executor: Running task 189.0 in stage 4.0 (TID 192)
20/07/22 15:41:37 INFO ShuffleBlockFetcherIterator: Getting 0 non-empty blocks out of 1 blocks
20/07/22 15:41:37 INFO ShuffleBlockFetcherIterator: Started 0 remote fetches in 0 ms
20/07/22 15:41:37 INFO Executor: Finished task 189.0 in stage 4.0 (TID 192). 2941 bytes result sent to driver
20/07/22 15:41:37 INFO TaskSetManager: Starting task 190.0 in stage 4.0 (TID 193, localhost, executor driver, partition 190, PROCESS_LOCAL, 5886 bytes)
20/07/22 15:41:37 INFO TaskSetManager: Finished task 189.0 in stage 4.0 (TID 192) in 4 ms on localhost (executor driver) (189/200)
20/07/22 15:41:37 INFO Executor: Running task 190.0 in stage 4.0 (TID 193)
20/07/22 15:41:37 INFO ShuffleBlockFetcherIterator: Getting 0 non-empty blocks out of 1 blocks
20/07/22 15:41:37 INFO ShuffleBlockFetcherIterator: Started 0 remote fetches in 0 ms
20/07/22 15:41:37 INFO Executor: Finished task 190.0 in stage 4.0 (TID 193). 2941 bytes result sent to driver
20/07/22 15:41:37 INFO TaskSetManager: Starting task 191.0 in stage 4.0 (TID 194, localhost, executor driver, partition 191, PROCESS_LOCAL, 5886 bytes)
20/07/22 15:41:37 INFO TaskSetManager: Finished task 190.0 in stage 4.0 (TID 193) in 5 ms on localhost (executor driver) (190/200)
20/07/22 15:41:37 INFO Executor: Running task 191.0 in stage 4.0 (TID 194)
20/07/22 15:41:37 INFO ShuffleBlockFetcherIterator: Getting 0 non-empty blocks out of 1 blocks
20/07/22 15:41:37 INFO ShuffleBlockFetcherIterator: Started 0 remote fetches in 0 ms
20/07/22 15:41:37 INFO Executor: Finished task 191.0 in stage 4.0 (TID 194). 2941 bytes result sent to driver
20/07/22 15:41:37 INFO TaskSetManager: Starting task 192.0 in stage 4.0 (TID 195, localhost, executor driver, partition 192, PROCESS_LOCAL, 5886 bytes)
20/07/22 15:41:37 INFO TaskSetManager: Finished task 191.0 in stage 4.0 (TID 194) in 3 ms on localhost (executor driver) (191/200)
20/07/22 15:41:37 INFO Executor: Running task 192.0 in stage 4.0 (TID 195)
20/07/22 15:41:37 INFO ShuffleBlockFetcherIterator: Getting 0 non-empty blocks out of 1 blocks
20/07/22 15:41:37 INFO ShuffleBlockFetcherIterator: Started 0 remote fetches in 0 ms
20/07/22 15:41:37 INFO Executor: Finished task 192.0 in stage 4.0 (TID 195). 2941 bytes result sent to driver
20/07/22 15:41:37 INFO TaskSetManager: Starting task 193.0 in stage 4.0 (TID 196, localhost, executor driver, partition 193, PROCESS_LOCAL, 5886 bytes)
20/07/22 15:41:37 INFO TaskSetManager: Finished task 192.0 in stage 4.0 (TID 195) in 4 ms on localhost (executor driver) (192/200)
20/07/22 15:41:37 INFO Executor: Running task 193.0 in stage 4.0 (TID 196)
20/07/22 15:41:37 INFO ShuffleBlockFetcherIterator: Getting 0 non-empty blocks out of 1 blocks
20/07/22 15:41:37 INFO ShuffleBlockFetcherIterator: Started 0 remote fetches in 0 ms
20/07/22 15:41:37 INFO Executor: Finished task 193.0 in stage 4.0 (TID 196). 2862 bytes result sent to driver
20/07/22 15:41:37 INFO TaskSetManager: Starting task 194.0 in stage 4.0 (TID 197, localhost, executor driver, partition 194, PROCESS_LOCAL, 5886 bytes)
20/07/22 15:41:37 INFO Executor: Running task 194.0 in stage 4.0 (TID 197)
20/07/22 15:41:37 INFO TaskSetManager: Finished task 193.0 in stage 4.0 (TID 196) in 4 ms on localhost (executor driver) (193/200)
20/07/22 15:41:37 INFO ShuffleBlockFetcherIterator: Getting 0 non-empty blocks out of 1 blocks
20/07/22 15:41:37 INFO ShuffleBlockFetcherIterator: Started 0 remote fetches in 0 ms
20/07/22 15:41:37 INFO Executor: Finished task 194.0 in stage 4.0 (TID 197). 2941 bytes result sent to driver
20/07/22 15:41:37 INFO TaskSetManager: Starting task 195.0 in stage 4.0 (TID 198, localhost, executor driver, partition 195, PROCESS_LOCAL, 5886 bytes)
20/07/22 15:41:37 INFO TaskSetManager: Finished task 194.0 in stage 4.0 (TID 197) in 4 ms on localhost (executor driver) (194/200)
20/07/22 15:41:37 INFO Executor: Running task 195.0 in stage 4.0 (TID 198)
20/07/22 15:41:37 INFO ShuffleBlockFetcherIterator: Getting 0 non-empty blocks out of 1 blocks
20/07/22 15:41:37 INFO ShuffleBlockFetcherIterator: Started 0 remote fetches in 1 ms
20/07/22 15:41:37 INFO Executor: Finished task 195.0 in stage 4.0 (TID 198). 2941 bytes result sent to driver
20/07/22 15:41:37 INFO TaskSetManager: Starting task 196.0 in stage 4.0 (TID 199, localhost, executor driver, partition 196, PROCESS_LOCAL, 5886 bytes)
20/07/22 15:41:37 INFO TaskSetManager: Finished task 195.0 in stage 4.0 (TID 198) in 4 ms on localhost (executor driver) (195/200)
20/07/22 15:41:37 INFO Executor: Running task 196.0 in stage 4.0 (TID 199)
20/07/22 15:41:37 INFO ShuffleBlockFetcherIterator: Getting 0 non-empty blocks out of 1 blocks
20/07/22 15:41:37 INFO ShuffleBlockFetcherIterator: Started 0 remote fetches in 0 ms
20/07/22 15:41:37 INFO Executor: Finished task 196.0 in stage 4.0 (TID 199). 2941 bytes result sent to driver
20/07/22 15:41:37 INFO TaskSetManager: Starting task 197.0 in stage 4.0 (TID 200, localhost, executor driver, partition 197, PROCESS_LOCAL, 5886 bytes)
20/07/22 15:41:37 INFO Executor: Running task 197.0 in stage 4.0 (TID 200)
20/07/22 15:41:37 INFO TaskSetManager: Finished task 196.0 in stage 4.0 (TID 199) in 5 ms on localhost (executor driver) (196/200)
20/07/22 15:41:37 INFO ShuffleBlockFetcherIterator: Getting 0 non-empty blocks out of 1 blocks
20/07/22 15:41:37 INFO ShuffleBlockFetcherIterator: Started 0 remote fetches in 0 ms
20/07/22 15:41:37 INFO Executor: Finished task 197.0 in stage 4.0 (TID 200). 2941 bytes result sent to driver
20/07/22 15:41:37 INFO TaskSetManager: Starting task 198.0 in stage 4.0 (TID 201, localhost, executor driver, partition 198, PROCESS_LOCAL, 5886 bytes)
20/07/22 15:41:37 INFO Executor: Running task 198.0 in stage 4.0 (TID 201)
20/07/22 15:41:37 INFO TaskSetManager: Finished task 197.0 in stage 4.0 (TID 200) in 4 ms on localhost (executor driver) (197/200)
20/07/22 15:41:37 INFO ShuffleBlockFetcherIterator: Getting 0 non-empty blocks out of 1 blocks
20/07/22 15:41:37 INFO ShuffleBlockFetcherIterator: Started 0 remote fetches in 0 ms
20/07/22 15:41:37 INFO Executor: Finished task 198.0 in stage 4.0 (TID 201). 2941 bytes result sent to driver
20/07/22 15:41:37 INFO TaskSetManager: Starting task 199.0 in stage 4.0 (TID 202, localhost, executor driver, partition 199, PROCESS_LOCAL, 5886 bytes)
20/07/22 15:41:37 INFO Executor: Running task 199.0 in stage 4.0 (TID 202)
20/07/22 15:41:37 INFO TaskSetManager: Finished task 198.0 in stage 4.0 (TID 201) in 5 ms on localhost (executor driver) (198/200)
20/07/22 15:41:37 INFO ShuffleBlockFetcherIterator: Getting 0 non-empty blocks out of 1 blocks
20/07/22 15:41:37 INFO ShuffleBlockFetcherIterator: Started 0 remote fetches in 0 ms
20/07/22 15:41:37 INFO Executor: Finished task 199.0 in stage 4.0 (TID 202). 2941 bytes result sent to driver
20/07/22 15:41:37 INFO TaskSetManager: Starting task 20.0 in stage 4.0 (TID 203, localhost, executor driver, partition 20, ANY, 5886 bytes)
20/07/22 15:41:37 INFO Executor: Running task 20.0 in stage 4.0 (TID 203)
20/07/22 15:41:37 INFO TaskSetManager: Finished task 199.0 in stage 4.0 (TID 202) in 4 ms on localhost (executor driver) (199/200)
20/07/22 15:41:37 INFO ShuffleBlockFetcherIterator: Getting 1 non-empty blocks out of 1 blocks
20/07/22 15:41:37 INFO ShuffleBlockFetcherIterator: Started 0 remote fetches in 0 ms
20/07/22 15:41:37 INFO Executor: Finished task 20.0 in stage 4.0 (TID 203). 3048 bytes result sent to driver
20/07/22 15:41:37 INFO TaskSetManager: Finished task 20.0 in stage 4.0 (TID 203) in 11 ms on localhost (executor driver) (200/200)
20/07/22 15:41:37 INFO TaskSchedulerImpl: Removed TaskSet 4.0, whose tasks have all completed, from pool 
20/07/22 15:41:37 INFO DAGScheduler: ResultStage 4 (collect at Task_Test.scala:138) finished in 0.700 s
20/07/22 15:41:37 INFO DAGScheduler: Job 3 finished: collect at Task_Test.scala:138, took 1.708506 s
20/07/22 15:41:37 INFO SparkUI: Stopped Spark web UI at http://172.20.10.3:4040
20/07/22 15:41:37 INFO MapOutputTrackerMasterEndpoint: MapOutputTrackerMasterEndpoint stopped!
20/07/22 15:41:37 INFO MemoryStore: MemoryStore cleared
20/07/22 15:41:37 INFO BlockManager: BlockManager stopped
20/07/22 15:41:37 INFO BlockManagerMaster: BlockManagerMaster stopped
20/07/22 15:41:37 INFO OutputCommitCoordinator$OutputCommitCoordinatorEndpoint: OutputCommitCoordinator stopped!
20/07/22 15:41:37 INFO SparkContext: Successfully stopped SparkContext
20/07/22 15:41:37 INFO SparkContext: Running Spark version 2.1.0
20/07/22 15:41:37 INFO SecurityManager: Changing view acls to: yasasm
20/07/22 15:41:37 INFO SecurityManager: Changing modify acls to: yasasm
20/07/22 15:41:37 INFO SecurityManager: Changing view acls groups to: 
20/07/22 15:41:37 INFO SecurityManager: Changing modify acls groups to: 
20/07/22 15:41:37 INFO SecurityManager: SecurityManager: authentication disabled; ui acls disabled; users  with view permissions: Set(yasasm); groups with view permissions: Set(); users  with modify permissions: Set(yasasm); groups with modify permissions: Set()
20/07/22 15:41:37 INFO Utils: Successfully started service 'sparkDriver' on port 46759.
20/07/22 15:41:37 INFO SparkEnv: Registering MapOutputTracker
20/07/22 15:41:37 INFO SparkEnv: Registering BlockManagerMaster
20/07/22 15:41:37 INFO BlockManagerMasterEndpoint: Using org.apache.spark.storage.DefaultTopologyMapper for getting topology information
20/07/22 15:41:37 INFO BlockManagerMasterEndpoint: BlockManagerMasterEndpoint up
20/07/22 15:41:37 INFO DiskBlockManager: Created local directory at /tmp/blockmgr-df90bb48-703e-449c-a620-474c2a147b94
20/07/22 15:41:37 INFO MemoryStore: MemoryStore started with capacity 93.3 MB
20/07/22 15:41:37 INFO SparkEnv: Registering OutputCommitCoordinator
20/07/22 15:41:37 INFO Utils: Successfully started service 'SparkUI' on port 4040.
20/07/22 15:41:37 INFO SparkUI: Bound SparkUI to 0.0.0.0, and started at http://172.20.10.3:4040
20/07/22 15:41:37 INFO Executor: Starting executor ID driver on host localhost
20/07/22 15:41:37 INFO Utils: Successfully started service 'org.apache.spark.network.netty.NettyBlockTransferService' on port 38689.
20/07/22 15:41:37 INFO NettyBlockTransferService: Server created on 172.20.10.3:38689
20/07/22 15:41:37 INFO BlockManager: Using org.apache.spark.storage.RandomBlockReplicationPolicy for block replication policy
20/07/22 15:41:37 INFO BlockManagerMaster: Registering BlockManager BlockManagerId(driver, 172.20.10.3, 38689, None)
20/07/22 15:41:37 INFO BlockManagerMasterEndpoint: Registering block manager 172.20.10.3:38689 with 93.3 MB RAM, BlockManagerId(driver, 172.20.10.3, 38689, None)
20/07/22 15:41:37 INFO BlockManagerMaster: Registered BlockManager BlockManagerId(driver, 172.20.10.3, 38689, None)
20/07/22 15:41:37 INFO BlockManager: Initialized BlockManager: BlockManagerId(driver, 172.20.10.3, 38689, None)
20/07/22 15:41:37 INFO SharedState: Warehouse path is 'file:/home/yasasm/Desktop/ZoneProjects/spark-Azkaban/spark-warehouse/'.
20/07/22 15:41:37 INFO MemoryStore: Block broadcast_0 stored as values in memory (estimated size 127.1 KB, free 93.2 MB)
20/07/22 15:41:37 INFO MemoryStore: Block broadcast_0_piece0 stored as bytes in memory (estimated size 14.3 KB, free 93.2 MB)
20/07/22 15:41:37 INFO BlockManagerInfo: Added broadcast_0_piece0 in memory on 172.20.10.3:38689 (size: 14.3 KB, free: 93.3 MB)
20/07/22 15:41:37 INFO SparkContext: Created broadcast 0 from load at Task_Test.scala:25
20/07/22 15:41:37 INFO FileInputFormat: Total input paths to process : 1
20/07/22 15:41:37 INFO SparkContext: Starting job: load at Task_Test.scala:25
20/07/22 15:41:37 INFO DAGScheduler: Got job 0 (load at Task_Test.scala:25) with 1 output partitions
20/07/22 15:41:37 INFO DAGScheduler: Final stage: ResultStage 0 (load at Task_Test.scala:25)
20/07/22 15:41:37 INFO DAGScheduler: Parents of final stage: List()
20/07/22 15:41:37 INFO DAGScheduler: Missing parents: List()
20/07/22 15:41:37 INFO DAGScheduler: Submitting ResultStage 0 (MapPartitionsRDD[2] at load at Task_Test.scala:25), which has no missing parents
20/07/22 15:41:37 INFO MemoryStore: Block broadcast_1 stored as values in memory (estimated size 3.5 KB, free 93.2 MB)
20/07/22 15:41:37 INFO MemoryStore: Block broadcast_1_piece0 stored as bytes in memory (estimated size 2.1 KB, free 93.2 MB)
20/07/22 15:41:37 INFO BlockManagerInfo: Added broadcast_1_piece0 in memory on 172.20.10.3:38689 (size: 2.1 KB, free: 93.3 MB)
20/07/22 15:41:37 INFO SparkContext: Created broadcast 1 from broadcast at DAGScheduler.scala:996
20/07/22 15:41:37 INFO DAGScheduler: Submitting 1 missing tasks from ResultStage 0 (MapPartitionsRDD[2] at load at Task_Test.scala:25)
20/07/22 15:41:37 INFO TaskSchedulerImpl: Adding task set 0.0 with 1 tasks
20/07/22 15:41:37 INFO TaskSetManager: Starting task 0.0 in stage 0.0 (TID 0, localhost, executor driver, partition 0, PROCESS_LOCAL, 6035 bytes)
20/07/22 15:41:37 INFO Executor: Running task 0.0 in stage 0.0 (TID 0)
20/07/22 15:41:37 INFO HadoopRDD: Input split: file:/home/yasasm/Desktop/ZoneProjects/spark-Azkaban/src/main/inputs/athlete_events.csv:0+33554432
20/07/22 15:41:37 INFO Executor: Finished task 0.0 in stage 0.0 (TID 0). 1197 bytes result sent to driver
20/07/22 15:41:37 INFO TaskSetManager: Finished task 0.0 in stage 0.0 (TID 0) in 7 ms on localhost (executor driver) (1/1)
20/07/22 15:41:37 INFO DAGScheduler: ResultStage 0 (load at Task_Test.scala:25) finished in 0.007 s
20/07/22 15:41:37 INFO TaskSchedulerImpl: Removed TaskSet 0.0, whose tasks have all completed, from pool 
20/07/22 15:41:37 INFO DAGScheduler: Job 0 finished: load at Task_Test.scala:25, took 0.012900 s
20/07/22 15:41:37 INFO MemoryStore: Block broadcast_2 stored as values in memory (estimated size 127.2 KB, free 93.0 MB)
20/07/22 15:41:37 INFO MemoryStore: Block broadcast_2_piece0 stored as bytes in memory (estimated size 14.3 KB, free 93.0 MB)
20/07/22 15:41:37 INFO BlockManagerInfo: Added broadcast_2_piece0 in memory on 172.20.10.3:38689 (size: 14.3 KB, free: 93.3 MB)
20/07/22 15:41:37 INFO SparkContext: Created broadcast 2 from load at Task_Test.scala:25
20/07/22 15:41:37 INFO FileInputFormat: Total input paths to process : 1
20/07/22 15:41:37 INFO SparkContext: Starting job: load at Task_Test.scala:25
20/07/22 15:41:37 INFO DAGScheduler: Got job 1 (load at Task_Test.scala:25) with 1 output partitions
20/07/22 15:41:37 INFO DAGScheduler: Final stage: ResultStage 1 (load at Task_Test.scala:25)
20/07/22 15:41:37 INFO DAGScheduler: Parents of final stage: List()
20/07/22 15:41:37 INFO DAGScheduler: Missing parents: List()
20/07/22 15:41:37 INFO DAGScheduler: Submitting ResultStage 1 (MapPartitionsRDD[5] at load at Task_Test.scala:25), which has no missing parents
20/07/22 15:41:37 INFO MemoryStore: Block broadcast_3 stored as values in memory (estimated size 3.5 KB, free 93.0 MB)
20/07/22 15:41:37 INFO MemoryStore: Block broadcast_3_piece0 stored as bytes in memory (estimated size 2.1 KB, free 93.0 MB)
20/07/22 15:41:37 INFO BlockManagerInfo: Added broadcast_3_piece0 in memory on 172.20.10.3:38689 (size: 2.1 KB, free: 93.3 MB)
20/07/22 15:41:37 INFO SparkContext: Created broadcast 3 from broadcast at DAGScheduler.scala:996
20/07/22 15:41:37 INFO DAGScheduler: Submitting 1 missing tasks from ResultStage 1 (MapPartitionsRDD[5] at load at Task_Test.scala:25)
20/07/22 15:41:37 INFO TaskSchedulerImpl: Adding task set 1.0 with 1 tasks
20/07/22 15:41:37 INFO TaskSetManager: Starting task 0.0 in stage 1.0 (TID 1, localhost, executor driver, partition 0, PROCESS_LOCAL, 6035 bytes)
20/07/22 15:41:37 INFO Executor: Running task 0.0 in stage 1.0 (TID 1)
20/07/22 15:41:37 INFO HadoopRDD: Input split: file:/home/yasasm/Desktop/ZoneProjects/spark-Azkaban/src/main/inputs/athlete_events.csv:0+33554432
20/07/22 15:41:37 INFO Executor: Finished task 0.0 in stage 1.0 (TID 1). 1197 bytes result sent to driver
20/07/22 15:41:37 INFO TaskSetManager: Finished task 0.0 in stage 1.0 (TID 1) in 5 ms on localhost (executor driver) (1/1)
20/07/22 15:41:37 INFO DAGScheduler: ResultStage 1 (load at Task_Test.scala:25) finished in 0.005 s
20/07/22 15:41:37 INFO TaskSchedulerImpl: Removed TaskSet 1.0, whose tasks have all completed, from pool 
20/07/22 15:41:37 INFO DAGScheduler: Job 1 finished: load at Task_Test.scala:25, took 0.009198 s
20/07/22 15:41:37 INFO SparkContext: Starting job: collect at Task_Test.scala:75
20/07/22 15:41:37 INFO DAGScheduler: Got job 2 (collect at Task_Test.scala:75) with 1 output partitions
20/07/22 15:41:37 INFO DAGScheduler: Final stage: ResultStage 2 (collect at Task_Test.scala:75)
20/07/22 15:41:37 INFO DAGScheduler: Parents of final stage: List()
20/07/22 15:41:37 INFO DAGScheduler: Missing parents: List()
20/07/22 15:41:37 INFO DAGScheduler: Submitting ResultStage 2 (MapPartitionsRDD[10] at collect at Task_Test.scala:75), which has no missing parents
20/07/22 15:41:37 INFO MemoryStore: Block broadcast_4 stored as values in memory (estimated size 8.9 KB, free 93.0 MB)
20/07/22 15:41:37 INFO MemoryStore: Block broadcast_4_piece0 stored as bytes in memory (estimated size 4.6 KB, free 93.0 MB)
20/07/22 15:41:37 INFO BlockManagerInfo: Added broadcast_4_piece0 in memory on 172.20.10.3:38689 (size: 4.6 KB, free: 93.3 MB)
20/07/22 15:41:37 INFO SparkContext: Created broadcast 4 from broadcast at DAGScheduler.scala:996
20/07/22 15:41:37 INFO DAGScheduler: Submitting 1 missing tasks from ResultStage 2 (MapPartitionsRDD[10] at collect at Task_Test.scala:75)
20/07/22 15:41:37 INFO TaskSchedulerImpl: Adding task set 2.0 with 1 tasks
20/07/22 15:41:37 INFO TaskSetManager: Starting task 0.0 in stage 2.0 (TID 2, localhost, executor driver, partition 0, PROCESS_LOCAL, 6202 bytes)
20/07/22 15:41:37 INFO Executor: Running task 0.0 in stage 2.0 (TID 2)
20/07/22 15:41:37 INFO CodeGenerator: Code generated in 5.594967 ms
20/07/22 15:41:37 INFO CodeGenerator: Code generated in 18.263338 ms
20/07/22 15:41:37 INFO Executor: Finished task 0.0 in stage 2.0 (TID 2). 1303 bytes result sent to driver
20/07/22 15:41:37 INFO TaskSetManager: Finished task 0.0 in stage 2.0 (TID 2) in 32 ms on localhost (executor driver) (1/1)
20/07/22 15:41:37 INFO TaskSchedulerImpl: Removed TaskSet 2.0, whose tasks have all completed, from pool 
20/07/22 15:41:37 INFO DAGScheduler: ResultStage 2 (collect at Task_Test.scala:75) finished in 0.032 s
20/07/22 15:41:37 INFO DAGScheduler: Job 2 finished: collect at Task_Test.scala:75, took 0.036497 s
20/07/22 15:41:37 INFO CodeGenerator: Code generated in 6.912143 ms
20/07/22 15:41:37 INFO FileSourceStrategy: Pruning directories with: 
20/07/22 15:41:37 INFO FileSourceStrategy: Post-Scan Filters: isnotnull(Medal#635),(Medal#635 = Gold)
20/07/22 15:41:37 INFO FileSourceStrategy: Output Data Schema: struct<ID: string, Name: string, Medal: string ... 1 more fields>
20/07/22 15:41:37 INFO FileSourceStrategy: Pushed Filters: IsNotNull(Medal),EqualTo(Medal,Gold)
20/07/22 15:41:37 INFO CodeGenerator: Code generated in 5.249669 ms
20/07/22 15:41:37 INFO HashAggregateExec: spark.sql.codegen.aggregate.map.twolevel.enable is set to true, but current version of codegened fast hashmap does not support this aggregate.
20/07/22 15:41:37 INFO CodeGenerator: Code generated in 14.645335 ms
20/07/22 15:41:37 INFO HashAggregateExec: spark.sql.codegen.aggregate.map.twolevel.enable is set to true, but current version of codegened fast hashmap does not support this aggregate.
20/07/22 15:41:37 INFO CodeGenerator: Code generated in 20.910986 ms
20/07/22 15:41:38 INFO MemoryStore: Block broadcast_5 stored as values in memory (estimated size 132.3 KB, free 92.9 MB)
20/07/22 15:41:38 INFO MemoryStore: Block broadcast_5_piece0 stored as bytes in memory (estimated size 14.6 KB, free 92.9 MB)
20/07/22 15:41:38 INFO BlockManagerInfo: Added broadcast_5_piece0 in memory on 172.20.10.3:38689 (size: 14.6 KB, free: 93.2 MB)
20/07/22 15:41:38 INFO SparkContext: Created broadcast 5 from take at Task_Test.scala:75
20/07/22 15:41:38 INFO FileSourceScanExec: Planning scan with bin packing, max size: 45694992 bytes, open cost is considered as scanning 4194304 bytes.
20/07/22 15:41:38 INFO SparkContext: Starting job: take at Task_Test.scala:75
20/07/22 15:41:38 INFO DAGScheduler: Registering RDD 13 (take at Task_Test.scala:75)
20/07/22 15:41:38 INFO DAGScheduler: Got job 3 (take at Task_Test.scala:75) with 200 output partitions
20/07/22 15:41:38 INFO DAGScheduler: Final stage: ResultStage 4 (take at Task_Test.scala:75)
20/07/22 15:41:38 INFO DAGScheduler: Parents of final stage: List(ShuffleMapStage 3)
20/07/22 15:41:38 INFO DAGScheduler: Missing parents: List(ShuffleMapStage 3)
20/07/22 15:41:38 INFO DAGScheduler: Submitting ShuffleMapStage 3 (MapPartitionsRDD[13] at take at Task_Test.scala:75), which has no missing parents
20/07/22 15:41:38 INFO MemoryStore: Block broadcast_6 stored as values in memory (estimated size 22.7 KB, free 92.8 MB)
20/07/22 15:41:38 INFO MemoryStore: Block broadcast_6_piece0 stored as bytes in memory (estimated size 10.4 KB, free 92.8 MB)
20/07/22 15:41:38 INFO BlockManagerInfo: Added broadcast_6_piece0 in memory on 172.20.10.3:38689 (size: 10.4 KB, free: 93.2 MB)
20/07/22 15:41:38 INFO SparkContext: Created broadcast 6 from broadcast at DAGScheduler.scala:996
20/07/22 15:41:38 INFO DAGScheduler: Submitting 1 missing tasks from ShuffleMapStage 3 (MapPartitionsRDD[13] at take at Task_Test.scala:75)
20/07/22 15:41:38 INFO TaskSchedulerImpl: Adding task set 3.0 with 1 tasks
20/07/22 15:41:38 INFO TaskSetManager: Starting task 0.0 in stage 3.0 (TID 3, localhost, executor driver, partition 0, PROCESS_LOCAL, 6565 bytes)
20/07/22 15:41:38 INFO Executor: Running task 0.0 in stage 3.0 (TID 3)
20/07/22 15:41:38 INFO CodeGenerator: Code generated in 9.302515 ms
20/07/22 15:41:38 INFO FileScanRDD: Reading File path: file:///home/yasasm/Desktop/ZoneProjects/spark-Azkaban/src/main/inputs/athlete_events.csv, range: 0-41500688, partition values: [empty row]
20/07/22 15:41:38 INFO BlockManagerInfo: Removed broadcast_0_piece0 on 172.20.10.3:38689 in memory (size: 14.3 KB, free: 93.3 MB)
20/07/22 15:41:38 INFO BlockManagerInfo: Removed broadcast_1_piece0 on 172.20.10.3:38689 in memory (size: 2.1 KB, free: 93.3 MB)
20/07/22 15:41:38 INFO BlockManagerInfo: Removed broadcast_2_piece0 on 172.20.10.3:38689 in memory (size: 14.3 KB, free: 93.3 MB)
20/07/22 15:41:38 INFO BlockManagerInfo: Removed broadcast_3_piece0 on 172.20.10.3:38689 in memory (size: 2.1 KB, free: 93.3 MB)
20/07/22 15:41:38 INFO BlockManagerInfo: Removed broadcast_4_piece0 on 172.20.10.3:38689 in memory (size: 4.6 KB, free: 93.3 MB)
20/07/22 15:41:38 INFO ContextCleaner: Cleaned accumulator 25222
20/07/22 15:41:38 INFO Executor: Finished task 0.0 in stage 3.0 (TID 3). 2664 bytes result sent to driver
20/07/22 15:41:38 INFO TaskSetManager: Finished task 0.0 in stage 3.0 (TID 3) in 792 ms on localhost (executor driver) (1/1)
20/07/22 15:41:38 INFO TaskSchedulerImpl: Removed TaskSet 3.0, whose tasks have all completed, from pool 
20/07/22 15:41:38 INFO DAGScheduler: ShuffleMapStage 3 (take at Task_Test.scala:75) finished in 0.792 s
20/07/22 15:41:38 INFO DAGScheduler: looking for newly runnable stages
20/07/22 15:41:38 INFO DAGScheduler: running: Set()
20/07/22 15:41:38 INFO DAGScheduler: waiting: Set(ResultStage 4)
20/07/22 15:41:38 INFO DAGScheduler: failed: Set()
20/07/22 15:41:38 INFO DAGScheduler: Submitting ResultStage 4 (MapPartitionsRDD[17] at take at Task_Test.scala:75), which has no missing parents
20/07/22 15:41:38 INFO MemoryStore: Block broadcast_7 stored as values in memory (estimated size 24.9 KB, free 93.1 MB)
20/07/22 15:41:38 INFO MemoryStore: Block broadcast_7_piece0 stored as bytes in memory (estimated size 11.7 KB, free 93.1 MB)
20/07/22 15:41:38 INFO BlockManagerInfo: Added broadcast_7_piece0 in memory on 172.20.10.3:38689 (size: 11.7 KB, free: 93.3 MB)
20/07/22 15:41:38 INFO SparkContext: Created broadcast 7 from broadcast at DAGScheduler.scala:996
20/07/22 15:41:38 INFO DAGScheduler: Submitting 200 missing tasks from ResultStage 4 (MapPartitionsRDD[17] at take at Task_Test.scala:75)
20/07/22 15:41:38 INFO TaskSchedulerImpl: Adding task set 4.0 with 200 tasks
20/07/22 15:41:38 INFO TaskSetManager: Starting task 0.0 in stage 4.0 (TID 4, localhost, executor driver, partition 0, ANY, 5890 bytes)
20/07/22 15:41:38 INFO Executor: Running task 0.0 in stage 4.0 (TID 4)
20/07/22 15:41:38 INFO ShuffleBlockFetcherIterator: Getting 1 non-empty blocks out of 1 blocks
20/07/22 15:41:38 INFO ShuffleBlockFetcherIterator: Started 0 remote fetches in 1 ms
20/07/22 15:41:38 INFO Executor: Finished task 0.0 in stage 4.0 (TID 4). 4428 bytes result sent to driver
20/07/22 15:41:38 INFO TaskSetManager: Starting task 1.0 in stage 4.0 (TID 5, localhost, executor driver, partition 1, ANY, 5890 bytes)
20/07/22 15:41:38 INFO Executor: Running task 1.0 in stage 4.0 (TID 5)
20/07/22 15:41:38 INFO TaskSetManager: Finished task 0.0 in stage 4.0 (TID 4) in 7 ms on localhost (executor driver) (1/200)
20/07/22 15:41:38 INFO ShuffleBlockFetcherIterator: Getting 1 non-empty blocks out of 1 blocks
20/07/22 15:41:38 INFO ShuffleBlockFetcherIterator: Started 0 remote fetches in 0 ms
20/07/22 15:41:38 INFO Executor: Finished task 1.0 in stage 4.0 (TID 5). 4452 bytes result sent to driver
20/07/22 15:41:38 INFO TaskSetManager: Starting task 2.0 in stage 4.0 (TID 6, localhost, executor driver, partition 2, ANY, 5890 bytes)
20/07/22 15:41:38 INFO TaskSetManager: Finished task 1.0 in stage 4.0 (TID 5) in 7 ms on localhost (executor driver) (2/200)
20/07/22 15:41:38 INFO Executor: Running task 2.0 in stage 4.0 (TID 6)
20/07/22 15:41:38 INFO ShuffleBlockFetcherIterator: Getting 1 non-empty blocks out of 1 blocks
20/07/22 15:41:38 INFO ShuffleBlockFetcherIterator: Started 0 remote fetches in 1 ms
20/07/22 15:41:38 INFO Executor: Finished task 2.0 in stage 4.0 (TID 6). 4436 bytes result sent to driver
20/07/22 15:41:38 INFO TaskSetManager: Starting task 3.0 in stage 4.0 (TID 7, localhost, executor driver, partition 3, ANY, 5890 bytes)
20/07/22 15:41:38 INFO Executor: Running task 3.0 in stage 4.0 (TID 7)
20/07/22 15:41:38 INFO TaskSetManager: Finished task 2.0 in stage 4.0 (TID 6) in 10 ms on localhost (executor driver) (3/200)
20/07/22 15:41:38 INFO ShuffleBlockFetcherIterator: Getting 1 non-empty blocks out of 1 blocks
20/07/22 15:41:38 INFO ShuffleBlockFetcherIterator: Started 0 remote fetches in 0 ms
20/07/22 15:41:38 INFO Executor: Finished task 3.0 in stage 4.0 (TID 7). 4436 bytes result sent to driver
20/07/22 15:41:38 INFO TaskSetManager: Starting task 4.0 in stage 4.0 (TID 8, localhost, executor driver, partition 4, ANY, 5890 bytes)
20/07/22 15:41:38 INFO TaskSetManager: Finished task 3.0 in stage 4.0 (TID 7) in 6 ms on localhost (executor driver) (4/200)
20/07/22 15:41:38 INFO Executor: Running task 4.0 in stage 4.0 (TID 8)
20/07/22 15:41:38 INFO ShuffleBlockFetcherIterator: Getting 1 non-empty blocks out of 1 blocks
20/07/22 15:41:38 INFO ShuffleBlockFetcherIterator: Started 0 remote fetches in 0 ms
20/07/22 15:41:38 INFO Executor: Finished task 4.0 in stage 4.0 (TID 8). 4444 bytes result sent to driver
20/07/22 15:41:38 INFO TaskSetManager: Starting task 5.0 in stage 4.0 (TID 9, localhost, executor driver, partition 5, ANY, 5890 bytes)
20/07/22 15:41:38 INFO Executor: Running task 5.0 in stage 4.0 (TID 9)
20/07/22 15:41:38 INFO TaskSetManager: Finished task 4.0 in stage 4.0 (TID 8) in 5 ms on localhost (executor driver) (5/200)
20/07/22 15:41:38 INFO ShuffleBlockFetcherIterator: Getting 1 non-empty blocks out of 1 blocks
20/07/22 15:41:38 INFO ShuffleBlockFetcherIterator: Started 0 remote fetches in 0 ms
20/07/22 15:41:38 INFO Executor: Finished task 5.0 in stage 4.0 (TID 9). 4452 bytes result sent to driver
20/07/22 15:41:38 INFO TaskSetManager: Starting task 6.0 in stage 4.0 (TID 10, localhost, executor driver, partition 6, ANY, 5890 bytes)
20/07/22 15:41:38 INFO Executor: Running task 6.0 in stage 4.0 (TID 10)
20/07/22 15:41:38 INFO TaskSetManager: Finished task 5.0 in stage 4.0 (TID 9) in 5 ms on localhost (executor driver) (6/200)
20/07/22 15:41:38 INFO ShuffleBlockFetcherIterator: Getting 1 non-empty blocks out of 1 blocks
20/07/22 15:41:38 INFO ShuffleBlockFetcherIterator: Started 0 remote fetches in 0 ms
20/07/22 15:41:38 INFO Executor: Finished task 6.0 in stage 4.0 (TID 10). 4436 bytes result sent to driver
20/07/22 15:41:38 INFO TaskSetManager: Starting task 7.0 in stage 4.0 (TID 11, localhost, executor driver, partition 7, ANY, 5890 bytes)
20/07/22 15:41:38 INFO Executor: Running task 7.0 in stage 4.0 (TID 11)
20/07/22 15:41:38 INFO TaskSetManager: Finished task 6.0 in stage 4.0 (TID 10) in 5 ms on localhost (executor driver) (7/200)
20/07/22 15:41:38 INFO ShuffleBlockFetcherIterator: Getting 1 non-empty blocks out of 1 blocks
20/07/22 15:41:38 INFO ShuffleBlockFetcherIterator: Started 0 remote fetches in 0 ms
20/07/22 15:41:38 INFO Executor: Finished task 7.0 in stage 4.0 (TID 11). 4436 bytes result sent to driver
20/07/22 15:41:38 INFO TaskSetManager: Starting task 8.0 in stage 4.0 (TID 12, localhost, executor driver, partition 8, ANY, 5890 bytes)
20/07/22 15:41:38 INFO TaskSetManager: Finished task 7.0 in stage 4.0 (TID 11) in 8 ms on localhost (executor driver) (8/200)
20/07/22 15:41:38 INFO Executor: Running task 8.0 in stage 4.0 (TID 12)
20/07/22 15:41:38 INFO ShuffleBlockFetcherIterator: Getting 1 non-empty blocks out of 1 blocks
20/07/22 15:41:38 INFO ShuffleBlockFetcherIterator: Started 0 remote fetches in 0 ms
20/07/22 15:41:38 INFO Executor: Finished task 8.0 in stage 4.0 (TID 12). 4452 bytes result sent to driver
20/07/22 15:41:38 INFO TaskSetManager: Starting task 9.0 in stage 4.0 (TID 13, localhost, executor driver, partition 9, ANY, 5890 bytes)
20/07/22 15:41:38 INFO Executor: Running task 9.0 in stage 4.0 (TID 13)
20/07/22 15:41:38 INFO TaskSetManager: Finished task 8.0 in stage 4.0 (TID 12) in 8 ms on localhost (executor driver) (9/200)
20/07/22 15:41:38 INFO ShuffleBlockFetcherIterator: Getting 1 non-empty blocks out of 1 blocks
20/07/22 15:41:38 INFO ShuffleBlockFetcherIterator: Started 0 remote fetches in 0 ms
20/07/22 15:41:38 INFO Executor: Finished task 9.0 in stage 4.0 (TID 13). 4420 bytes result sent to driver
20/07/22 15:41:38 INFO TaskSetManager: Starting task 10.0 in stage 4.0 (TID 14, localhost, executor driver, partition 10, ANY, 5890 bytes)
20/07/22 15:41:38 INFO Executor: Running task 10.0 in stage 4.0 (TID 14)
20/07/22 15:41:38 INFO TaskSetManager: Finished task 9.0 in stage 4.0 (TID 13) in 5 ms on localhost (executor driver) (10/200)
20/07/22 15:41:38 INFO ShuffleBlockFetcherIterator: Getting 1 non-empty blocks out of 1 blocks
20/07/22 15:41:38 INFO ShuffleBlockFetcherIterator: Started 0 remote fetches in 0 ms
20/07/22 15:41:38 INFO Executor: Finished task 10.0 in stage 4.0 (TID 14). 4452 bytes result sent to driver
20/07/22 15:41:38 INFO TaskSetManager: Starting task 11.0 in stage 4.0 (TID 15, localhost, executor driver, partition 11, ANY, 5890 bytes)
20/07/22 15:41:38 INFO TaskSetManager: Finished task 10.0 in stage 4.0 (TID 14) in 5 ms on localhost (executor driver) (11/200)
20/07/22 15:41:38 INFO Executor: Running task 11.0 in stage 4.0 (TID 15)
20/07/22 15:41:38 INFO ShuffleBlockFetcherIterator: Getting 1 non-empty blocks out of 1 blocks
20/07/22 15:41:38 INFO ShuffleBlockFetcherIterator: Started 0 remote fetches in 0 ms
20/07/22 15:41:38 INFO Executor: Finished task 11.0 in stage 4.0 (TID 15). 4444 bytes result sent to driver
20/07/22 15:41:38 INFO TaskSetManager: Starting task 12.0 in stage 4.0 (TID 16, localhost, executor driver, partition 12, ANY, 5890 bytes)
20/07/22 15:41:38 INFO TaskSetManager: Finished task 11.0 in stage 4.0 (TID 15) in 6 ms on localhost (executor driver) (12/200)
20/07/22 15:41:38 INFO Executor: Running task 12.0 in stage 4.0 (TID 16)
20/07/22 15:41:38 INFO ShuffleBlockFetcherIterator: Getting 1 non-empty blocks out of 1 blocks
20/07/22 15:41:38 INFO ShuffleBlockFetcherIterator: Started 0 remote fetches in 0 ms
20/07/22 15:41:38 INFO Executor: Finished task 12.0 in stage 4.0 (TID 16). 4508 bytes result sent to driver
20/07/22 15:41:38 INFO TaskSetManager: Starting task 13.0 in stage 4.0 (TID 17, localhost, executor driver, partition 13, ANY, 5890 bytes)
20/07/22 15:41:38 INFO Executor: Running task 13.0 in stage 4.0 (TID 17)
20/07/22 15:41:38 INFO TaskSetManager: Finished task 12.0 in stage 4.0 (TID 16) in 6 ms on localhost (executor driver) (13/200)
20/07/22 15:41:38 INFO BlockManagerInfo: Removed broadcast_6_piece0 on 172.20.10.3:38689 in memory (size: 10.4 KB, free: 93.3 MB)
20/07/22 15:41:38 INFO ShuffleBlockFetcherIterator: Getting 1 non-empty blocks out of 1 blocks
20/07/22 15:41:38 INFO ShuffleBlockFetcherIterator: Started 0 remote fetches in 0 ms
20/07/22 15:41:38 INFO Executor: Finished task 13.0 in stage 4.0 (TID 17). 4525 bytes result sent to driver
20/07/22 15:41:38 INFO TaskSetManager: Starting task 14.0 in stage 4.0 (TID 18, localhost, executor driver, partition 14, ANY, 5890 bytes)
20/07/22 15:41:38 INFO TaskSetManager: Finished task 13.0 in stage 4.0 (TID 17) in 16 ms on localhost (executor driver) (14/200)
20/07/22 15:41:38 INFO Executor: Running task 14.0 in stage 4.0 (TID 18)
20/07/22 15:41:38 INFO ShuffleBlockFetcherIterator: Getting 1 non-empty blocks out of 1 blocks
20/07/22 15:41:38 INFO ShuffleBlockFetcherIterator: Started 0 remote fetches in 0 ms
20/07/22 15:41:38 INFO Executor: Finished task 14.0 in stage 4.0 (TID 18). 4436 bytes result sent to driver
20/07/22 15:41:38 INFO TaskSetManager: Starting task 15.0 in stage 4.0 (TID 19, localhost, executor driver, partition 15, ANY, 5890 bytes)
20/07/22 15:41:38 INFO TaskSetManager: Finished task 14.0 in stage 4.0 (TID 18) in 7 ms on localhost (executor driver) (15/200)
20/07/22 15:41:38 INFO Executor: Running task 15.0 in stage 4.0 (TID 19)
20/07/22 15:41:38 INFO ShuffleBlockFetcherIterator: Getting 1 non-empty blocks out of 1 blocks
20/07/22 15:41:38 INFO ShuffleBlockFetcherIterator: Started 0 remote fetches in 0 ms
20/07/22 15:41:38 INFO Executor: Finished task 15.0 in stage 4.0 (TID 19). 4452 bytes result sent to driver
20/07/22 15:41:38 INFO TaskSetManager: Starting task 16.0 in stage 4.0 (TID 20, localhost, executor driver, partition 16, ANY, 5890 bytes)
20/07/22 15:41:38 INFO Executor: Running task 16.0 in stage 4.0 (TID 20)
20/07/22 15:41:38 INFO TaskSetManager: Finished task 15.0 in stage 4.0 (TID 19) in 7 ms on localhost (executor driver) (16/200)
20/07/22 15:41:38 INFO ShuffleBlockFetcherIterator: Getting 1 non-empty blocks out of 1 blocks
20/07/22 15:41:38 INFO ShuffleBlockFetcherIterator: Started 0 remote fetches in 0 ms
20/07/22 15:41:38 INFO Executor: Finished task 16.0 in stage 4.0 (TID 20). 4436 bytes result sent to driver
20/07/22 15:41:38 INFO TaskSetManager: Starting task 17.0 in stage 4.0 (TID 21, localhost, executor driver, partition 17, ANY, 5890 bytes)
20/07/22 15:41:38 INFO TaskSetManager: Finished task 16.0 in stage 4.0 (TID 20) in 6 ms on localhost (executor driver) (17/200)
20/07/22 15:41:38 INFO Executor: Running task 17.0 in stage 4.0 (TID 21)
20/07/22 15:41:38 INFO ShuffleBlockFetcherIterator: Getting 1 non-empty blocks out of 1 blocks
20/07/22 15:41:38 INFO ShuffleBlockFetcherIterator: Started 0 remote fetches in 0 ms
20/07/22 15:41:38 INFO Executor: Finished task 17.0 in stage 4.0 (TID 21). 4460 bytes result sent to driver
20/07/22 15:41:38 INFO TaskSetManager: Starting task 18.0 in stage 4.0 (TID 22, localhost, executor driver, partition 18, ANY, 5890 bytes)
20/07/22 15:41:38 INFO TaskSetManager: Finished task 17.0 in stage 4.0 (TID 21) in 6 ms on localhost (executor driver) (18/200)
20/07/22 15:41:38 INFO Executor: Running task 18.0 in stage 4.0 (TID 22)
20/07/22 15:41:38 INFO ShuffleBlockFetcherIterator: Getting 1 non-empty blocks out of 1 blocks
20/07/22 15:41:38 INFO ShuffleBlockFetcherIterator: Started 0 remote fetches in 0 ms
20/07/22 15:41:38 INFO Executor: Finished task 18.0 in stage 4.0 (TID 22). 4420 bytes result sent to driver
20/07/22 15:41:38 INFO TaskSetManager: Starting task 19.0 in stage 4.0 (TID 23, localhost, executor driver, partition 19, ANY, 5890 bytes)
20/07/22 15:41:38 INFO Executor: Running task 19.0 in stage 4.0 (TID 23)
20/07/22 15:41:38 INFO TaskSetManager: Finished task 18.0 in stage 4.0 (TID 22) in 6 ms on localhost (executor driver) (19/200)
20/07/22 15:41:38 INFO ShuffleBlockFetcherIterator: Getting 1 non-empty blocks out of 1 blocks
20/07/22 15:41:38 INFO ShuffleBlockFetcherIterator: Started 0 remote fetches in 0 ms
20/07/22 15:41:38 INFO Executor: Finished task 19.0 in stage 4.0 (TID 23). 4452 bytes result sent to driver
20/07/22 15:41:38 INFO TaskSetManager: Starting task 20.0 in stage 4.0 (TID 24, localhost, executor driver, partition 20, ANY, 5890 bytes)
20/07/22 15:41:38 INFO Executor: Running task 20.0 in stage 4.0 (TID 24)
20/07/22 15:41:38 INFO TaskSetManager: Finished task 19.0 in stage 4.0 (TID 23) in 7 ms on localhost (executor driver) (20/200)
20/07/22 15:41:38 INFO ShuffleBlockFetcherIterator: Getting 1 non-empty blocks out of 1 blocks
20/07/22 15:41:38 INFO ShuffleBlockFetcherIterator: Started 0 remote fetches in 0 ms
20/07/22 15:41:38 INFO Executor: Finished task 20.0 in stage 4.0 (TID 24). 4436 bytes result sent to driver
20/07/22 15:41:38 INFO TaskSetManager: Starting task 21.0 in stage 4.0 (TID 25, localhost, executor driver, partition 21, ANY, 5890 bytes)
20/07/22 15:41:38 INFO Executor: Running task 21.0 in stage 4.0 (TID 25)
20/07/22 15:41:38 INFO TaskSetManager: Finished task 20.0 in stage 4.0 (TID 24) in 5 ms on localhost (executor driver) (21/200)
20/07/22 15:41:38 INFO ShuffleBlockFetcherIterator: Getting 1 non-empty blocks out of 1 blocks
20/07/22 15:41:38 INFO ShuffleBlockFetcherIterator: Started 0 remote fetches in 0 ms
20/07/22 15:41:38 INFO Executor: Finished task 21.0 in stage 4.0 (TID 25). 4428 bytes result sent to driver
20/07/22 15:41:38 INFO TaskSetManager: Starting task 22.0 in stage 4.0 (TID 26, localhost, executor driver, partition 22, ANY, 5890 bytes)
20/07/22 15:41:38 INFO Executor: Running task 22.0 in stage 4.0 (TID 26)
20/07/22 15:41:38 INFO TaskSetManager: Finished task 21.0 in stage 4.0 (TID 25) in 5 ms on localhost (executor driver) (22/200)
20/07/22 15:41:38 INFO ShuffleBlockFetcherIterator: Getting 1 non-empty blocks out of 1 blocks
20/07/22 15:41:38 INFO ShuffleBlockFetcherIterator: Started 0 remote fetches in 0 ms
20/07/22 15:41:38 INFO Executor: Finished task 22.0 in stage 4.0 (TID 26). 4460 bytes result sent to driver
20/07/22 15:41:38 INFO TaskSetManager: Starting task 23.0 in stage 4.0 (TID 27, localhost, executor driver, partition 23, ANY, 5890 bytes)
20/07/22 15:41:38 INFO Executor: Running task 23.0 in stage 4.0 (TID 27)
20/07/22 15:41:38 INFO TaskSetManager: Finished task 22.0 in stage 4.0 (TID 26) in 6 ms on localhost (executor driver) (23/200)
20/07/22 15:41:38 INFO ShuffleBlockFetcherIterator: Getting 1 non-empty blocks out of 1 blocks
20/07/22 15:41:38 INFO ShuffleBlockFetcherIterator: Started 0 remote fetches in 0 ms
20/07/22 15:41:38 INFO Executor: Finished task 23.0 in stage 4.0 (TID 27). 4452 bytes result sent to driver
20/07/22 15:41:38 INFO TaskSetManager: Starting task 24.0 in stage 4.0 (TID 28, localhost, executor driver, partition 24, ANY, 5890 bytes)
20/07/22 15:41:38 INFO Executor: Running task 24.0 in stage 4.0 (TID 28)
20/07/22 15:41:38 INFO TaskSetManager: Finished task 23.0 in stage 4.0 (TID 27) in 7 ms on localhost (executor driver) (24/200)
20/07/22 15:41:38 INFO ShuffleBlockFetcherIterator: Getting 1 non-empty blocks out of 1 blocks
20/07/22 15:41:38 INFO ShuffleBlockFetcherIterator: Started 0 remote fetches in 0 ms
20/07/22 15:41:38 INFO Executor: Finished task 24.0 in stage 4.0 (TID 28). 4436 bytes result sent to driver
20/07/22 15:41:38 INFO TaskSetManager: Starting task 25.0 in stage 4.0 (TID 29, localhost, executor driver, partition 25, ANY, 5890 bytes)
20/07/22 15:41:38 INFO Executor: Running task 25.0 in stage 4.0 (TID 29)
20/07/22 15:41:38 INFO TaskSetManager: Finished task 24.0 in stage 4.0 (TID 28) in 6 ms on localhost (executor driver) (25/200)
20/07/22 15:41:39 INFO ShuffleBlockFetcherIterator: Getting 1 non-empty blocks out of 1 blocks
20/07/22 15:41:39 INFO ShuffleBlockFetcherIterator: Started 0 remote fetches in 0 ms
20/07/22 15:41:39 INFO Executor: Finished task 25.0 in stage 4.0 (TID 29). 4507 bytes result sent to driver
20/07/22 15:41:39 INFO TaskSetManager: Starting task 26.0 in stage 4.0 (TID 30, localhost, executor driver, partition 26, ANY, 5890 bytes)
20/07/22 15:41:39 INFO Executor: Running task 26.0 in stage 4.0 (TID 30)
20/07/22 15:41:39 INFO TaskSetManager: Finished task 25.0 in stage 4.0 (TID 29) in 6 ms on localhost (executor driver) (26/200)
20/07/22 15:41:39 INFO ShuffleBlockFetcherIterator: Getting 1 non-empty blocks out of 1 blocks
20/07/22 15:41:39 INFO ShuffleBlockFetcherIterator: Started 0 remote fetches in 0 ms
20/07/22 15:41:39 INFO Executor: Finished task 26.0 in stage 4.0 (TID 30). 4444 bytes result sent to driver
20/07/22 15:41:39 INFO TaskSetManager: Starting task 27.0 in stage 4.0 (TID 31, localhost, executor driver, partition 27, ANY, 5890 bytes)
20/07/22 15:41:39 INFO Executor: Running task 27.0 in stage 4.0 (TID 31)
20/07/22 15:41:39 INFO TaskSetManager: Finished task 26.0 in stage 4.0 (TID 30) in 5 ms on localhost (executor driver) (27/200)
20/07/22 15:41:39 INFO ShuffleBlockFetcherIterator: Getting 1 non-empty blocks out of 1 blocks
20/07/22 15:41:39 INFO ShuffleBlockFetcherIterator: Started 0 remote fetches in 0 ms
20/07/22 15:41:39 INFO Executor: Finished task 27.0 in stage 4.0 (TID 31). 4444 bytes result sent to driver
20/07/22 15:41:39 INFO TaskSetManager: Starting task 28.0 in stage 4.0 (TID 32, localhost, executor driver, partition 28, ANY, 5890 bytes)
20/07/22 15:41:39 INFO TaskSetManager: Finished task 27.0 in stage 4.0 (TID 31) in 5 ms on localhost (executor driver) (28/200)
20/07/22 15:41:39 INFO Executor: Running task 28.0 in stage 4.0 (TID 32)
20/07/22 15:41:39 INFO ShuffleBlockFetcherIterator: Getting 1 non-empty blocks out of 1 blocks
20/07/22 15:41:39 INFO ShuffleBlockFetcherIterator: Started 0 remote fetches in 0 ms
20/07/22 15:41:39 INFO Executor: Finished task 28.0 in stage 4.0 (TID 32). 4436 bytes result sent to driver
20/07/22 15:41:39 INFO TaskSetManager: Starting task 29.0 in stage 4.0 (TID 33, localhost, executor driver, partition 29, ANY, 5890 bytes)
20/07/22 15:41:39 INFO Executor: Running task 29.0 in stage 4.0 (TID 33)
20/07/22 15:41:39 INFO TaskSetManager: Finished task 28.0 in stage 4.0 (TID 32) in 5 ms on localhost (executor driver) (29/200)
20/07/22 15:41:39 INFO ShuffleBlockFetcherIterator: Getting 1 non-empty blocks out of 1 blocks
20/07/22 15:41:39 INFO ShuffleBlockFetcherIterator: Started 0 remote fetches in 1 ms
20/07/22 15:41:39 INFO Executor: Finished task 29.0 in stage 4.0 (TID 33). 4428 bytes result sent to driver
20/07/22 15:41:39 INFO TaskSetManager: Starting task 30.0 in stage 4.0 (TID 34, localhost, executor driver, partition 30, ANY, 5890 bytes)
20/07/22 15:41:39 INFO Executor: Running task 30.0 in stage 4.0 (TID 34)
20/07/22 15:41:39 INFO TaskSetManager: Finished task 29.0 in stage 4.0 (TID 33) in 6 ms on localhost (executor driver) (30/200)
20/07/22 15:41:39 INFO ShuffleBlockFetcherIterator: Getting 1 non-empty blocks out of 1 blocks
20/07/22 15:41:39 INFO ShuffleBlockFetcherIterator: Started 0 remote fetches in 0 ms
20/07/22 15:41:39 INFO Executor: Finished task 30.0 in stage 4.0 (TID 34). 4436 bytes result sent to driver
20/07/22 15:41:39 INFO TaskSetManager: Starting task 31.0 in stage 4.0 (TID 35, localhost, executor driver, partition 31, ANY, 5890 bytes)
20/07/22 15:41:39 INFO TaskSetManager: Finished task 30.0 in stage 4.0 (TID 34) in 5 ms on localhost (executor driver) (31/200)
20/07/22 15:41:39 INFO Executor: Running task 31.0 in stage 4.0 (TID 35)
20/07/22 15:41:39 INFO ShuffleBlockFetcherIterator: Getting 1 non-empty blocks out of 1 blocks
20/07/22 15:41:39 INFO ShuffleBlockFetcherIterator: Started 0 remote fetches in 0 ms
20/07/22 15:41:39 INFO Executor: Finished task 31.0 in stage 4.0 (TID 35). 4531 bytes result sent to driver
20/07/22 15:41:39 INFO TaskSetManager: Starting task 32.0 in stage 4.0 (TID 36, localhost, executor driver, partition 32, ANY, 5890 bytes)
20/07/22 15:41:39 INFO TaskSetManager: Finished task 31.0 in stage 4.0 (TID 35) in 6 ms on localhost (executor driver) (32/200)
20/07/22 15:41:39 INFO Executor: Running task 32.0 in stage 4.0 (TID 36)
20/07/22 15:41:39 INFO ShuffleBlockFetcherIterator: Getting 1 non-empty blocks out of 1 blocks
20/07/22 15:41:39 INFO ShuffleBlockFetcherIterator: Started 0 remote fetches in 0 ms
20/07/22 15:41:39 INFO Executor: Finished task 32.0 in stage 4.0 (TID 36). 4460 bytes result sent to driver
20/07/22 15:41:39 INFO TaskSetManager: Starting task 33.0 in stage 4.0 (TID 37, localhost, executor driver, partition 33, ANY, 5890 bytes)
20/07/22 15:41:39 INFO TaskSetManager: Finished task 32.0 in stage 4.0 (TID 36) in 5 ms on localhost (executor driver) (33/200)
20/07/22 15:41:39 INFO Executor: Running task 33.0 in stage 4.0 (TID 37)
20/07/22 15:41:39 INFO ShuffleBlockFetcherIterator: Getting 1 non-empty blocks out of 1 blocks
20/07/22 15:41:39 INFO ShuffleBlockFetcherIterator: Started 0 remote fetches in 0 ms
20/07/22 15:41:39 INFO Executor: Finished task 33.0 in stage 4.0 (TID 37). 4420 bytes result sent to driver
20/07/22 15:41:39 INFO TaskSetManager: Starting task 34.0 in stage 4.0 (TID 38, localhost, executor driver, partition 34, ANY, 5890 bytes)
20/07/22 15:41:39 INFO Executor: Running task 34.0 in stage 4.0 (TID 38)
20/07/22 15:41:39 INFO TaskSetManager: Finished task 33.0 in stage 4.0 (TID 37) in 5 ms on localhost (executor driver) (34/200)
20/07/22 15:41:39 INFO ShuffleBlockFetcherIterator: Getting 1 non-empty blocks out of 1 blocks
20/07/22 15:41:39 INFO ShuffleBlockFetcherIterator: Started 0 remote fetches in 0 ms
20/07/22 15:41:39 INFO Executor: Finished task 34.0 in stage 4.0 (TID 38). 4436 bytes result sent to driver
20/07/22 15:41:39 INFO TaskSetManager: Starting task 35.0 in stage 4.0 (TID 39, localhost, executor driver, partition 35, ANY, 5890 bytes)
20/07/22 15:41:39 INFO Executor: Running task 35.0 in stage 4.0 (TID 39)
20/07/22 15:41:39 INFO TaskSetManager: Finished task 34.0 in stage 4.0 (TID 38) in 5 ms on localhost (executor driver) (35/200)
20/07/22 15:41:39 INFO ShuffleBlockFetcherIterator: Getting 1 non-empty blocks out of 1 blocks
20/07/22 15:41:39 INFO ShuffleBlockFetcherIterator: Started 0 remote fetches in 0 ms
20/07/22 15:41:39 INFO Executor: Finished task 35.0 in stage 4.0 (TID 39). 4460 bytes result sent to driver
20/07/22 15:41:39 INFO TaskSetManager: Starting task 36.0 in stage 4.0 (TID 40, localhost, executor driver, partition 36, ANY, 5890 bytes)
20/07/22 15:41:39 INFO TaskSetManager: Finished task 35.0 in stage 4.0 (TID 39) in 5 ms on localhost (executor driver) (36/200)
20/07/22 15:41:39 INFO Executor: Running task 36.0 in stage 4.0 (TID 40)
20/07/22 15:41:39 INFO ShuffleBlockFetcherIterator: Getting 1 non-empty blocks out of 1 blocks
20/07/22 15:41:39 INFO ShuffleBlockFetcherIterator: Started 0 remote fetches in 0 ms
20/07/22 15:41:39 INFO Executor: Finished task 36.0 in stage 4.0 (TID 40). 4539 bytes result sent to driver
20/07/22 15:41:39 INFO TaskSetManager: Starting task 37.0 in stage 4.0 (TID 41, localhost, executor driver, partition 37, ANY, 5890 bytes)
20/07/22 15:41:39 INFO Executor: Running task 37.0 in stage 4.0 (TID 41)
20/07/22 15:41:39 INFO TaskSetManager: Finished task 36.0 in stage 4.0 (TID 40) in 6 ms on localhost (executor driver) (37/200)
20/07/22 15:41:39 INFO ShuffleBlockFetcherIterator: Getting 1 non-empty blocks out of 1 blocks
20/07/22 15:41:39 INFO ShuffleBlockFetcherIterator: Started 0 remote fetches in 0 ms
20/07/22 15:41:39 INFO Executor: Finished task 37.0 in stage 4.0 (TID 41). 4428 bytes result sent to driver
20/07/22 15:41:39 INFO TaskSetManager: Starting task 38.0 in stage 4.0 (TID 42, localhost, executor driver, partition 38, ANY, 5890 bytes)
20/07/22 15:41:39 INFO Executor: Running task 38.0 in stage 4.0 (TID 42)
20/07/22 15:41:39 INFO TaskSetManager: Finished task 37.0 in stage 4.0 (TID 41) in 6 ms on localhost (executor driver) (38/200)
20/07/22 15:41:39 INFO ShuffleBlockFetcherIterator: Getting 1 non-empty blocks out of 1 blocks
20/07/22 15:41:39 INFO ShuffleBlockFetcherIterator: Started 0 remote fetches in 1 ms
20/07/22 15:41:39 INFO Executor: Finished task 38.0 in stage 4.0 (TID 42). 4444 bytes result sent to driver
20/07/22 15:41:39 INFO TaskSetManager: Starting task 39.0 in stage 4.0 (TID 43, localhost, executor driver, partition 39, ANY, 5890 bytes)
20/07/22 15:41:39 INFO Executor: Running task 39.0 in stage 4.0 (TID 43)
20/07/22 15:41:39 INFO TaskSetManager: Finished task 38.0 in stage 4.0 (TID 42) in 5 ms on localhost (executor driver) (39/200)
20/07/22 15:41:39 INFO ShuffleBlockFetcherIterator: Getting 1 non-empty blocks out of 1 blocks
20/07/22 15:41:39 INFO ShuffleBlockFetcherIterator: Started 0 remote fetches in 0 ms
20/07/22 15:41:39 INFO Executor: Finished task 39.0 in stage 4.0 (TID 43). 4444 bytes result sent to driver
20/07/22 15:41:39 INFO TaskSetManager: Starting task 40.0 in stage 4.0 (TID 44, localhost, executor driver, partition 40, ANY, 5890 bytes)
20/07/22 15:41:39 INFO Executor: Running task 40.0 in stage 4.0 (TID 44)
20/07/22 15:41:39 INFO TaskSetManager: Finished task 39.0 in stage 4.0 (TID 43) in 6 ms on localhost (executor driver) (40/200)
20/07/22 15:41:39 INFO ShuffleBlockFetcherIterator: Getting 1 non-empty blocks out of 1 blocks
20/07/22 15:41:39 INFO ShuffleBlockFetcherIterator: Started 0 remote fetches in 0 ms
20/07/22 15:41:39 INFO Executor: Finished task 40.0 in stage 4.0 (TID 44). 4444 bytes result sent to driver
20/07/22 15:41:39 INFO TaskSetManager: Starting task 41.0 in stage 4.0 (TID 45, localhost, executor driver, partition 41, ANY, 5890 bytes)
20/07/22 15:41:39 INFO TaskSetManager: Finished task 40.0 in stage 4.0 (TID 44) in 6 ms on localhost (executor driver) (41/200)
20/07/22 15:41:39 INFO Executor: Running task 41.0 in stage 4.0 (TID 45)
20/07/22 15:41:39 INFO ShuffleBlockFetcherIterator: Getting 1 non-empty blocks out of 1 blocks
20/07/22 15:41:39 INFO ShuffleBlockFetcherIterator: Started 0 remote fetches in 0 ms
20/07/22 15:41:39 INFO Executor: Finished task 41.0 in stage 4.0 (TID 45). 4436 bytes result sent to driver
20/07/22 15:41:39 INFO TaskSetManager: Starting task 42.0 in stage 4.0 (TID 46, localhost, executor driver, partition 42, ANY, 5890 bytes)
20/07/22 15:41:39 INFO Executor: Running task 42.0 in stage 4.0 (TID 46)
20/07/22 15:41:39 INFO TaskSetManager: Finished task 41.0 in stage 4.0 (TID 45) in 11 ms on localhost (executor driver) (42/200)
20/07/22 15:41:39 INFO ShuffleBlockFetcherIterator: Getting 1 non-empty blocks out of 1 blocks
20/07/22 15:41:39 INFO ShuffleBlockFetcherIterator: Started 0 remote fetches in 0 ms
20/07/22 15:41:39 INFO Executor: Finished task 42.0 in stage 4.0 (TID 46). 4444 bytes result sent to driver
20/07/22 15:41:39 INFO TaskSetManager: Starting task 43.0 in stage 4.0 (TID 47, localhost, executor driver, partition 43, ANY, 5890 bytes)
20/07/22 15:41:39 INFO Executor: Running task 43.0 in stage 4.0 (TID 47)
20/07/22 15:41:39 INFO TaskSetManager: Finished task 42.0 in stage 4.0 (TID 46) in 7 ms on localhost (executor driver) (43/200)
20/07/22 15:41:39 INFO ShuffleBlockFetcherIterator: Getting 1 non-empty blocks out of 1 blocks
20/07/22 15:41:39 INFO ShuffleBlockFetcherIterator: Started 0 remote fetches in 0 ms
20/07/22 15:41:39 INFO Executor: Finished task 43.0 in stage 4.0 (TID 47). 4420 bytes result sent to driver
20/07/22 15:41:39 INFO TaskSetManager: Starting task 44.0 in stage 4.0 (TID 48, localhost, executor driver, partition 44, ANY, 5890 bytes)
20/07/22 15:41:39 INFO Executor: Running task 44.0 in stage 4.0 (TID 48)
20/07/22 15:41:39 INFO TaskSetManager: Finished task 43.0 in stage 4.0 (TID 47) in 4 ms on localhost (executor driver) (44/200)
20/07/22 15:41:39 INFO ShuffleBlockFetcherIterator: Getting 1 non-empty blocks out of 1 blocks
20/07/22 15:41:39 INFO ShuffleBlockFetcherIterator: Started 0 remote fetches in 0 ms
20/07/22 15:41:39 INFO Executor: Finished task 44.0 in stage 4.0 (TID 48). 4428 bytes result sent to driver
20/07/22 15:41:39 INFO TaskSetManager: Starting task 45.0 in stage 4.0 (TID 49, localhost, executor driver, partition 45, ANY, 5890 bytes)
20/07/22 15:41:39 INFO TaskSetManager: Finished task 44.0 in stage 4.0 (TID 48) in 4 ms on localhost (executor driver) (45/200)
20/07/22 15:41:39 INFO Executor: Running task 45.0 in stage 4.0 (TID 49)
20/07/22 15:41:39 INFO ShuffleBlockFetcherIterator: Getting 1 non-empty blocks out of 1 blocks
20/07/22 15:41:39 INFO ShuffleBlockFetcherIterator: Started 0 remote fetches in 1 ms
20/07/22 15:41:39 INFO Executor: Finished task 45.0 in stage 4.0 (TID 49). 4444 bytes result sent to driver
20/07/22 15:41:39 INFO TaskSetManager: Starting task 46.0 in stage 4.0 (TID 50, localhost, executor driver, partition 46, ANY, 5890 bytes)
20/07/22 15:41:39 INFO Executor: Running task 46.0 in stage 4.0 (TID 50)
20/07/22 15:41:39 INFO TaskSetManager: Finished task 45.0 in stage 4.0 (TID 49) in 8 ms on localhost (executor driver) (46/200)
20/07/22 15:41:39 INFO ShuffleBlockFetcherIterator: Getting 1 non-empty blocks out of 1 blocks
20/07/22 15:41:39 INFO ShuffleBlockFetcherIterator: Started 0 remote fetches in 0 ms
20/07/22 15:41:39 INFO Executor: Finished task 46.0 in stage 4.0 (TID 50). 4444 bytes result sent to driver
20/07/22 15:41:39 INFO TaskSetManager: Starting task 47.0 in stage 4.0 (TID 51, localhost, executor driver, partition 47, ANY, 5890 bytes)
20/07/22 15:41:39 INFO TaskSetManager: Finished task 46.0 in stage 4.0 (TID 50) in 6 ms on localhost (executor driver) (47/200)
20/07/22 15:41:39 INFO Executor: Running task 47.0 in stage 4.0 (TID 51)
20/07/22 15:41:39 INFO ShuffleBlockFetcherIterator: Getting 1 non-empty blocks out of 1 blocks
20/07/22 15:41:39 INFO ShuffleBlockFetcherIterator: Started 0 remote fetches in 0 ms
20/07/22 15:41:39 INFO Executor: Finished task 47.0 in stage 4.0 (TID 51). 4523 bytes result sent to driver
20/07/22 15:41:39 INFO TaskSetManager: Starting task 48.0 in stage 4.0 (TID 52, localhost, executor driver, partition 48, ANY, 5890 bytes)
20/07/22 15:41:39 INFO TaskSetManager: Finished task 47.0 in stage 4.0 (TID 51) in 8 ms on localhost (executor driver) (48/200)
20/07/22 15:41:39 INFO Executor: Running task 48.0 in stage 4.0 (TID 52)
20/07/22 15:41:39 INFO ShuffleBlockFetcherIterator: Getting 1 non-empty blocks out of 1 blocks
20/07/22 15:41:39 INFO ShuffleBlockFetcherIterator: Started 0 remote fetches in 0 ms
20/07/22 15:41:39 INFO Executor: Finished task 48.0 in stage 4.0 (TID 52). 4444 bytes result sent to driver
20/07/22 15:41:39 INFO TaskSetManager: Starting task 49.0 in stage 4.0 (TID 53, localhost, executor driver, partition 49, ANY, 5890 bytes)
20/07/22 15:41:39 INFO Executor: Running task 49.0 in stage 4.0 (TID 53)
20/07/22 15:41:39 INFO ShuffleBlockFetcherIterator: Getting 1 non-empty blocks out of 1 blocks
20/07/22 15:41:39 INFO TaskSetManager: Finished task 48.0 in stage 4.0 (TID 52) in 8 ms on localhost (executor driver) (49/200)
20/07/22 15:41:39 INFO ShuffleBlockFetcherIterator: Started 0 remote fetches in 0 ms
20/07/22 15:41:39 INFO Executor: Finished task 49.0 in stage 4.0 (TID 53). 4531 bytes result sent to driver
20/07/22 15:41:39 INFO TaskSetManager: Starting task 50.0 in stage 4.0 (TID 54, localhost, executor driver, partition 50, ANY, 5890 bytes)
20/07/22 15:41:39 INFO TaskSetManager: Finished task 49.0 in stage 4.0 (TID 53) in 6 ms on localhost (executor driver) (50/200)
20/07/22 15:41:39 INFO Executor: Running task 50.0 in stage 4.0 (TID 54)
20/07/22 15:41:39 INFO ShuffleBlockFetcherIterator: Getting 1 non-empty blocks out of 1 blocks
20/07/22 15:41:39 INFO ShuffleBlockFetcherIterator: Started 0 remote fetches in 0 ms
20/07/22 15:41:39 INFO Executor: Finished task 50.0 in stage 4.0 (TID 54). 4436 bytes result sent to driver
20/07/22 15:41:39 INFO TaskSetManager: Starting task 51.0 in stage 4.0 (TID 55, localhost, executor driver, partition 51, ANY, 5890 bytes)
20/07/22 15:41:39 INFO Executor: Running task 51.0 in stage 4.0 (TID 55)
20/07/22 15:41:39 INFO TaskSetManager: Finished task 50.0 in stage 4.0 (TID 54) in 14 ms on localhost (executor driver) (51/200)
20/07/22 15:41:39 INFO ShuffleBlockFetcherIterator: Getting 1 non-empty blocks out of 1 blocks
20/07/22 15:41:39 INFO ShuffleBlockFetcherIterator: Started 0 remote fetches in 0 ms
20/07/22 15:41:39 INFO Executor: Finished task 51.0 in stage 4.0 (TID 55). 4428 bytes result sent to driver
20/07/22 15:41:39 INFO TaskSetManager: Starting task 52.0 in stage 4.0 (TID 56, localhost, executor driver, partition 52, ANY, 5890 bytes)
20/07/22 15:41:39 INFO Executor: Running task 52.0 in stage 4.0 (TID 56)
20/07/22 15:41:39 INFO TaskSetManager: Finished task 51.0 in stage 4.0 (TID 55) in 7 ms on localhost (executor driver) (52/200)
20/07/22 15:41:39 INFO ShuffleBlockFetcherIterator: Getting 1 non-empty blocks out of 1 blocks
20/07/22 15:41:39 INFO ShuffleBlockFetcherIterator: Started 0 remote fetches in 0 ms
20/07/22 15:41:39 INFO Executor: Finished task 52.0 in stage 4.0 (TID 56). 4436 bytes result sent to driver
20/07/22 15:41:39 INFO TaskSetManager: Starting task 53.0 in stage 4.0 (TID 57, localhost, executor driver, partition 53, ANY, 5890 bytes)
20/07/22 15:41:39 INFO TaskSetManager: Finished task 52.0 in stage 4.0 (TID 56) in 6 ms on localhost (executor driver) (53/200)
20/07/22 15:41:39 INFO Executor: Running task 53.0 in stage 4.0 (TID 57)
20/07/22 15:41:39 INFO ShuffleBlockFetcherIterator: Getting 1 non-empty blocks out of 1 blocks
20/07/22 15:41:39 INFO ShuffleBlockFetcherIterator: Started 0 remote fetches in 0 ms
20/07/22 15:41:39 INFO Executor: Finished task 53.0 in stage 4.0 (TID 57). 4436 bytes result sent to driver
20/07/22 15:41:39 INFO TaskSetManager: Starting task 54.0 in stage 4.0 (TID 58, localhost, executor driver, partition 54, ANY, 5890 bytes)
20/07/22 15:41:39 INFO TaskSetManager: Finished task 53.0 in stage 4.0 (TID 57) in 6 ms on localhost (executor driver) (54/200)
20/07/22 15:41:39 INFO Executor: Running task 54.0 in stage 4.0 (TID 58)
20/07/22 15:41:39 INFO ShuffleBlockFetcherIterator: Getting 1 non-empty blocks out of 1 blocks
20/07/22 15:41:39 INFO ShuffleBlockFetcherIterator: Started 0 remote fetches in 0 ms
20/07/22 15:41:39 INFO Executor: Finished task 54.0 in stage 4.0 (TID 58). 4420 bytes result sent to driver
20/07/22 15:41:39 INFO TaskSetManager: Starting task 55.0 in stage 4.0 (TID 59, localhost, executor driver, partition 55, ANY, 5890 bytes)
20/07/22 15:41:39 INFO Executor: Running task 55.0 in stage 4.0 (TID 59)
20/07/22 15:41:39 INFO TaskSetManager: Finished task 54.0 in stage 4.0 (TID 58) in 12 ms on localhost (executor driver) (55/200)
20/07/22 15:41:39 INFO ShuffleBlockFetcherIterator: Getting 1 non-empty blocks out of 1 blocks
20/07/22 15:41:39 INFO ShuffleBlockFetcherIterator: Started 0 remote fetches in 0 ms
20/07/22 15:41:39 INFO Executor: Finished task 55.0 in stage 4.0 (TID 59). 4436 bytes result sent to driver
20/07/22 15:41:39 INFO TaskSetManager: Starting task 56.0 in stage 4.0 (TID 60, localhost, executor driver, partition 56, ANY, 5890 bytes)
20/07/22 15:41:39 INFO TaskSetManager: Finished task 55.0 in stage 4.0 (TID 59) in 7 ms on localhost (executor driver) (56/200)
20/07/22 15:41:39 INFO Executor: Running task 56.0 in stage 4.0 (TID 60)
20/07/22 15:41:39 INFO ShuffleBlockFetcherIterator: Getting 1 non-empty blocks out of 1 blocks
20/07/22 15:41:39 INFO ShuffleBlockFetcherIterator: Started 0 remote fetches in 0 ms
20/07/22 15:41:39 INFO Executor: Finished task 56.0 in stage 4.0 (TID 60). 4436 bytes result sent to driver
20/07/22 15:41:39 INFO TaskSetManager: Starting task 57.0 in stage 4.0 (TID 61, localhost, executor driver, partition 57, ANY, 5890 bytes)
20/07/22 15:41:39 INFO TaskSetManager: Finished task 56.0 in stage 4.0 (TID 60) in 9 ms on localhost (executor driver) (57/200)
20/07/22 15:41:39 INFO Executor: Running task 57.0 in stage 4.0 (TID 61)
20/07/22 15:41:39 INFO ShuffleBlockFetcherIterator: Getting 1 non-empty blocks out of 1 blocks
20/07/22 15:41:39 INFO ShuffleBlockFetcherIterator: Started 0 remote fetches in 0 ms
20/07/22 15:41:39 INFO Executor: Finished task 57.0 in stage 4.0 (TID 61). 4452 bytes result sent to driver
20/07/22 15:41:39 INFO TaskSetManager: Starting task 58.0 in stage 4.0 (TID 62, localhost, executor driver, partition 58, ANY, 5890 bytes)
20/07/22 15:41:39 INFO Executor: Running task 58.0 in stage 4.0 (TID 62)
20/07/22 15:41:39 INFO TaskSetManager: Finished task 57.0 in stage 4.0 (TID 61) in 7 ms on localhost (executor driver) (58/200)
20/07/22 15:41:39 INFO ShuffleBlockFetcherIterator: Getting 1 non-empty blocks out of 1 blocks
20/07/22 15:41:39 INFO ShuffleBlockFetcherIterator: Started 0 remote fetches in 0 ms
20/07/22 15:41:39 INFO Executor: Finished task 58.0 in stage 4.0 (TID 62). 4539 bytes result sent to driver
20/07/22 15:41:39 INFO TaskSetManager: Starting task 59.0 in stage 4.0 (TID 63, localhost, executor driver, partition 59, ANY, 5890 bytes)
20/07/22 15:41:39 INFO Executor: Running task 59.0 in stage 4.0 (TID 63)
20/07/22 15:41:39 INFO TaskSetManager: Finished task 58.0 in stage 4.0 (TID 62) in 7 ms on localhost (executor driver) (59/200)
20/07/22 15:41:39 INFO ShuffleBlockFetcherIterator: Getting 1 non-empty blocks out of 1 blocks
20/07/22 15:41:39 INFO ShuffleBlockFetcherIterator: Started 0 remote fetches in 1 ms
20/07/22 15:41:39 INFO Executor: Finished task 59.0 in stage 4.0 (TID 63). 4452 bytes result sent to driver
20/07/22 15:41:39 INFO TaskSetManager: Starting task 60.0 in stage 4.0 (TID 64, localhost, executor driver, partition 60, ANY, 5890 bytes)
20/07/22 15:41:39 INFO TaskSetManager: Finished task 59.0 in stage 4.0 (TID 63) in 5 ms on localhost (executor driver) (60/200)
20/07/22 15:41:39 INFO Executor: Running task 60.0 in stage 4.0 (TID 64)
20/07/22 15:41:39 INFO ShuffleBlockFetcherIterator: Getting 1 non-empty blocks out of 1 blocks
20/07/22 15:41:39 INFO ShuffleBlockFetcherIterator: Started 0 remote fetches in 0 ms
20/07/22 15:41:39 INFO Executor: Finished task 60.0 in stage 4.0 (TID 64). 4444 bytes result sent to driver
20/07/22 15:41:39 INFO TaskSetManager: Starting task 61.0 in stage 4.0 (TID 65, localhost, executor driver, partition 61, ANY, 5890 bytes)
20/07/22 15:41:39 INFO Executor: Running task 61.0 in stage 4.0 (TID 65)
20/07/22 15:41:39 INFO TaskSetManager: Finished task 60.0 in stage 4.0 (TID 64) in 6 ms on localhost (executor driver) (61/200)
20/07/22 15:41:39 INFO ShuffleBlockFetcherIterator: Getting 1 non-empty blocks out of 1 blocks
20/07/22 15:41:39 INFO ShuffleBlockFetcherIterator: Started 0 remote fetches in 0 ms
20/07/22 15:41:39 INFO Executor: Finished task 61.0 in stage 4.0 (TID 65). 4428 bytes result sent to driver
20/07/22 15:41:39 INFO TaskSetManager: Starting task 62.0 in stage 4.0 (TID 66, localhost, executor driver, partition 62, ANY, 5890 bytes)
20/07/22 15:41:39 INFO Executor: Running task 62.0 in stage 4.0 (TID 66)
20/07/22 15:41:39 INFO TaskSetManager: Finished task 61.0 in stage 4.0 (TID 65) in 5 ms on localhost (executor driver) (62/200)
20/07/22 15:41:39 INFO ShuffleBlockFetcherIterator: Getting 1 non-empty blocks out of 1 blocks
20/07/22 15:41:39 INFO ShuffleBlockFetcherIterator: Started 0 remote fetches in 0 ms
20/07/22 15:41:39 INFO Executor: Finished task 62.0 in stage 4.0 (TID 66). 4444 bytes result sent to driver
20/07/22 15:41:39 INFO TaskSetManager: Starting task 63.0 in stage 4.0 (TID 67, localhost, executor driver, partition 63, ANY, 5890 bytes)
20/07/22 15:41:39 INFO Executor: Running task 63.0 in stage 4.0 (TID 67)
20/07/22 15:41:39 INFO TaskSetManager: Finished task 62.0 in stage 4.0 (TID 66) in 4 ms on localhost (executor driver) (63/200)
20/07/22 15:41:39 INFO ShuffleBlockFetcherIterator: Getting 1 non-empty blocks out of 1 blocks
20/07/22 15:41:39 INFO ShuffleBlockFetcherIterator: Started 0 remote fetches in 0 ms
20/07/22 15:41:39 INFO Executor: Finished task 63.0 in stage 4.0 (TID 67). 4428 bytes result sent to driver
20/07/22 15:41:39 INFO TaskSetManager: Starting task 64.0 in stage 4.0 (TID 68, localhost, executor driver, partition 64, ANY, 5890 bytes)
20/07/22 15:41:39 INFO TaskSetManager: Finished task 63.0 in stage 4.0 (TID 67) in 4 ms on localhost (executor driver) (64/200)
20/07/22 15:41:39 INFO Executor: Running task 64.0 in stage 4.0 (TID 68)
20/07/22 15:41:39 INFO ShuffleBlockFetcherIterator: Getting 1 non-empty blocks out of 1 blocks
20/07/22 15:41:39 INFO ShuffleBlockFetcherIterator: Started 0 remote fetches in 0 ms
20/07/22 15:41:39 INFO Executor: Finished task 64.0 in stage 4.0 (TID 68). 4420 bytes result sent to driver
20/07/22 15:41:39 INFO TaskSetManager: Starting task 65.0 in stage 4.0 (TID 69, localhost, executor driver, partition 65, ANY, 5890 bytes)
20/07/22 15:41:39 INFO Executor: Running task 65.0 in stage 4.0 (TID 69)
20/07/22 15:41:39 INFO TaskSetManager: Finished task 64.0 in stage 4.0 (TID 68) in 4 ms on localhost (executor driver) (65/200)
20/07/22 15:41:39 INFO ShuffleBlockFetcherIterator: Getting 1 non-empty blocks out of 1 blocks
20/07/22 15:41:39 INFO ShuffleBlockFetcherIterator: Started 0 remote fetches in 0 ms
20/07/22 15:41:39 INFO Executor: Finished task 65.0 in stage 4.0 (TID 69). 4428 bytes result sent to driver
20/07/22 15:41:39 INFO TaskSetManager: Starting task 66.0 in stage 4.0 (TID 70, localhost, executor driver, partition 66, ANY, 5890 bytes)
20/07/22 15:41:39 INFO Executor: Running task 66.0 in stage 4.0 (TID 70)
20/07/22 15:41:39 INFO TaskSetManager: Finished task 65.0 in stage 4.0 (TID 69) in 5 ms on localhost (executor driver) (66/200)
20/07/22 15:41:39 INFO ShuffleBlockFetcherIterator: Getting 1 non-empty blocks out of 1 blocks
20/07/22 15:41:39 INFO ShuffleBlockFetcherIterator: Started 0 remote fetches in 0 ms
20/07/22 15:41:39 INFO Executor: Finished task 66.0 in stage 4.0 (TID 70). 4452 bytes result sent to driver
20/07/22 15:41:39 INFO TaskSetManager: Starting task 67.0 in stage 4.0 (TID 71, localhost, executor driver, partition 67, ANY, 5890 bytes)
20/07/22 15:41:39 INFO Executor: Running task 67.0 in stage 4.0 (TID 71)
20/07/22 15:41:39 INFO TaskSetManager: Finished task 66.0 in stage 4.0 (TID 70) in 5 ms on localhost (executor driver) (67/200)
20/07/22 15:41:39 INFO ShuffleBlockFetcherIterator: Getting 1 non-empty blocks out of 1 blocks
20/07/22 15:41:39 INFO ShuffleBlockFetcherIterator: Started 0 remote fetches in 0 ms
20/07/22 15:41:39 INFO Executor: Finished task 67.0 in stage 4.0 (TID 71). 4539 bytes result sent to driver
20/07/22 15:41:39 INFO TaskSetManager: Starting task 68.0 in stage 4.0 (TID 72, localhost, executor driver, partition 68, ANY, 5890 bytes)
20/07/22 15:41:39 INFO Executor: Running task 68.0 in stage 4.0 (TID 72)
20/07/22 15:41:39 INFO TaskSetManager: Finished task 67.0 in stage 4.0 (TID 71) in 5 ms on localhost (executor driver) (68/200)
20/07/22 15:41:39 INFO ShuffleBlockFetcherIterator: Getting 1 non-empty blocks out of 1 blocks
20/07/22 15:41:39 INFO ShuffleBlockFetcherIterator: Started 0 remote fetches in 0 ms
20/07/22 15:41:39 INFO Executor: Finished task 68.0 in stage 4.0 (TID 72). 4444 bytes result sent to driver
20/07/22 15:41:39 INFO TaskSetManager: Starting task 69.0 in stage 4.0 (TID 73, localhost, executor driver, partition 69, ANY, 5890 bytes)
20/07/22 15:41:39 INFO Executor: Running task 69.0 in stage 4.0 (TID 73)
20/07/22 15:41:39 INFO TaskSetManager: Finished task 68.0 in stage 4.0 (TID 72) in 6 ms on localhost (executor driver) (69/200)
20/07/22 15:41:39 INFO ShuffleBlockFetcherIterator: Getting 1 non-empty blocks out of 1 blocks
20/07/22 15:41:39 INFO ShuffleBlockFetcherIterator: Started 0 remote fetches in 0 ms
20/07/22 15:41:39 INFO Executor: Finished task 69.0 in stage 4.0 (TID 73). 4420 bytes result sent to driver
20/07/22 15:41:39 INFO TaskSetManager: Starting task 70.0 in stage 4.0 (TID 74, localhost, executor driver, partition 70, ANY, 5890 bytes)
20/07/22 15:41:39 INFO Executor: Running task 70.0 in stage 4.0 (TID 74)
20/07/22 15:41:39 INFO TaskSetManager: Finished task 69.0 in stage 4.0 (TID 73) in 5 ms on localhost (executor driver) (70/200)
20/07/22 15:41:39 INFO ShuffleBlockFetcherIterator: Getting 1 non-empty blocks out of 1 blocks
20/07/22 15:41:39 INFO ShuffleBlockFetcherIterator: Started 0 remote fetches in 0 ms
20/07/22 15:41:39 INFO Executor: Finished task 70.0 in stage 4.0 (TID 74). 4436 bytes result sent to driver
20/07/22 15:41:39 INFO TaskSetManager: Starting task 71.0 in stage 4.0 (TID 75, localhost, executor driver, partition 71, ANY, 5890 bytes)
20/07/22 15:41:39 INFO Executor: Running task 71.0 in stage 4.0 (TID 75)
20/07/22 15:41:39 INFO TaskSetManager: Finished task 70.0 in stage 4.0 (TID 74) in 5 ms on localhost (executor driver) (71/200)
20/07/22 15:41:39 INFO ShuffleBlockFetcherIterator: Getting 1 non-empty blocks out of 1 blocks
20/07/22 15:41:39 INFO ShuffleBlockFetcherIterator: Started 0 remote fetches in 0 ms
20/07/22 15:41:39 INFO Executor: Finished task 71.0 in stage 4.0 (TID 75). 4436 bytes result sent to driver
20/07/22 15:41:39 INFO TaskSetManager: Starting task 72.0 in stage 4.0 (TID 76, localhost, executor driver, partition 72, ANY, 5890 bytes)
20/07/22 15:41:39 INFO Executor: Running task 72.0 in stage 4.0 (TID 76)
20/07/22 15:41:39 INFO TaskSetManager: Finished task 71.0 in stage 4.0 (TID 75) in 6 ms on localhost (executor driver) (72/200)
20/07/22 15:41:39 INFO ShuffleBlockFetcherIterator: Getting 1 non-empty blocks out of 1 blocks
20/07/22 15:41:39 INFO ShuffleBlockFetcherIterator: Started 0 remote fetches in 0 ms
20/07/22 15:41:39 INFO Executor: Finished task 72.0 in stage 4.0 (TID 76). 4460 bytes result sent to driver
20/07/22 15:41:39 INFO TaskSetManager: Starting task 73.0 in stage 4.0 (TID 77, localhost, executor driver, partition 73, ANY, 5890 bytes)
20/07/22 15:41:39 INFO Executor: Running task 73.0 in stage 4.0 (TID 77)
20/07/22 15:41:39 INFO TaskSetManager: Finished task 72.0 in stage 4.0 (TID 76) in 5 ms on localhost (executor driver) (73/200)
20/07/22 15:41:39 INFO ShuffleBlockFetcherIterator: Getting 1 non-empty blocks out of 1 blocks
20/07/22 15:41:39 INFO ShuffleBlockFetcherIterator: Started 0 remote fetches in 0 ms
20/07/22 15:41:39 INFO Executor: Finished task 73.0 in stage 4.0 (TID 77). 4484 bytes result sent to driver
20/07/22 15:41:39 INFO TaskSetManager: Starting task 74.0 in stage 4.0 (TID 78, localhost, executor driver, partition 74, ANY, 5890 bytes)
20/07/22 15:41:39 INFO TaskSetManager: Finished task 73.0 in stage 4.0 (TID 77) in 4 ms on localhost (executor driver) (74/200)
20/07/22 15:41:39 INFO Executor: Running task 74.0 in stage 4.0 (TID 78)
20/07/22 15:41:39 INFO ShuffleBlockFetcherIterator: Getting 1 non-empty blocks out of 1 blocks
20/07/22 15:41:39 INFO ShuffleBlockFetcherIterator: Started 0 remote fetches in 0 ms
20/07/22 15:41:39 INFO Executor: Finished task 74.0 in stage 4.0 (TID 78). 4436 bytes result sent to driver
20/07/22 15:41:39 INFO TaskSetManager: Starting task 75.0 in stage 4.0 (TID 79, localhost, executor driver, partition 75, ANY, 5890 bytes)
20/07/22 15:41:39 INFO Executor: Running task 75.0 in stage 4.0 (TID 79)
20/07/22 15:41:39 INFO TaskSetManager: Finished task 74.0 in stage 4.0 (TID 78) in 4 ms on localhost (executor driver) (75/200)
20/07/22 15:41:39 INFO ShuffleBlockFetcherIterator: Getting 1 non-empty blocks out of 1 blocks
20/07/22 15:41:39 INFO ShuffleBlockFetcherIterator: Started 0 remote fetches in 0 ms
20/07/22 15:41:39 INFO Executor: Finished task 75.0 in stage 4.0 (TID 79). 4428 bytes result sent to driver
20/07/22 15:41:39 INFO TaskSetManager: Starting task 76.0 in stage 4.0 (TID 80, localhost, executor driver, partition 76, ANY, 5890 bytes)
20/07/22 15:41:39 INFO Executor: Running task 76.0 in stage 4.0 (TID 80)
20/07/22 15:41:39 INFO TaskSetManager: Finished task 75.0 in stage 4.0 (TID 79) in 4 ms on localhost (executor driver) (76/200)
20/07/22 15:41:39 INFO ShuffleBlockFetcherIterator: Getting 1 non-empty blocks out of 1 blocks
20/07/22 15:41:39 INFO ShuffleBlockFetcherIterator: Started 0 remote fetches in 0 ms
20/07/22 15:41:39 INFO Executor: Finished task 76.0 in stage 4.0 (TID 80). 4412 bytes result sent to driver
20/07/22 15:41:39 INFO TaskSetManager: Starting task 77.0 in stage 4.0 (TID 81, localhost, executor driver, partition 77, ANY, 5890 bytes)
20/07/22 15:41:39 INFO Executor: Running task 77.0 in stage 4.0 (TID 81)
20/07/22 15:41:39 INFO TaskSetManager: Finished task 76.0 in stage 4.0 (TID 80) in 6 ms on localhost (executor driver) (77/200)
20/07/22 15:41:39 INFO ShuffleBlockFetcherIterator: Getting 1 non-empty blocks out of 1 blocks
20/07/22 15:41:39 INFO ShuffleBlockFetcherIterator: Started 0 remote fetches in 0 ms
20/07/22 15:41:39 INFO Executor: Finished task 77.0 in stage 4.0 (TID 81). 4515 bytes result sent to driver
20/07/22 15:41:39 INFO TaskSetManager: Starting task 78.0 in stage 4.0 (TID 82, localhost, executor driver, partition 78, ANY, 5890 bytes)
20/07/22 15:41:39 INFO Executor: Running task 78.0 in stage 4.0 (TID 82)
20/07/22 15:41:39 INFO TaskSetManager: Finished task 77.0 in stage 4.0 (TID 81) in 5 ms on localhost (executor driver) (78/200)
20/07/22 15:41:39 INFO ShuffleBlockFetcherIterator: Getting 1 non-empty blocks out of 1 blocks
20/07/22 15:41:39 INFO ShuffleBlockFetcherIterator: Started 0 remote fetches in 0 ms
20/07/22 15:41:39 INFO Executor: Finished task 78.0 in stage 4.0 (TID 82). 4428 bytes result sent to driver
20/07/22 15:41:39 INFO TaskSetManager: Starting task 79.0 in stage 4.0 (TID 83, localhost, executor driver, partition 79, ANY, 5890 bytes)
20/07/22 15:41:39 INFO Executor: Running task 79.0 in stage 4.0 (TID 83)
20/07/22 15:41:39 INFO TaskSetManager: Finished task 78.0 in stage 4.0 (TID 82) in 4 ms on localhost (executor driver) (79/200)
20/07/22 15:41:39 INFO ShuffleBlockFetcherIterator: Getting 1 non-empty blocks out of 1 blocks
20/07/22 15:41:39 INFO ShuffleBlockFetcherIterator: Started 0 remote fetches in 0 ms
20/07/22 15:41:39 INFO Executor: Finished task 79.0 in stage 4.0 (TID 83). 4452 bytes result sent to driver
20/07/22 15:41:39 INFO TaskSetManager: Starting task 80.0 in stage 4.0 (TID 84, localhost, executor driver, partition 80, ANY, 5890 bytes)
20/07/22 15:41:39 INFO Executor: Running task 80.0 in stage 4.0 (TID 84)
20/07/22 15:41:39 INFO TaskSetManager: Finished task 79.0 in stage 4.0 (TID 83) in 4 ms on localhost (executor driver) (80/200)
20/07/22 15:41:39 INFO ShuffleBlockFetcherIterator: Getting 1 non-empty blocks out of 1 blocks
20/07/22 15:41:39 INFO ShuffleBlockFetcherIterator: Started 0 remote fetches in 0 ms
20/07/22 15:41:39 INFO Executor: Finished task 80.0 in stage 4.0 (TID 84). 4452 bytes result sent to driver
20/07/22 15:41:39 INFO TaskSetManager: Starting task 81.0 in stage 4.0 (TID 85, localhost, executor driver, partition 81, ANY, 5890 bytes)
20/07/22 15:41:39 INFO TaskSetManager: Finished task 80.0 in stage 4.0 (TID 84) in 5 ms on localhost (executor driver) (81/200)
20/07/22 15:41:39 INFO Executor: Running task 81.0 in stage 4.0 (TID 85)
20/07/22 15:41:39 INFO ShuffleBlockFetcherIterator: Getting 1 non-empty blocks out of 1 blocks
20/07/22 15:41:39 INFO ShuffleBlockFetcherIterator: Started 0 remote fetches in 0 ms
20/07/22 15:41:39 INFO Executor: Finished task 81.0 in stage 4.0 (TID 85). 4436 bytes result sent to driver
20/07/22 15:41:39 INFO TaskSetManager: Starting task 82.0 in stage 4.0 (TID 86, localhost, executor driver, partition 82, ANY, 5890 bytes)
20/07/22 15:41:39 INFO TaskSetManager: Finished task 81.0 in stage 4.0 (TID 85) in 5 ms on localhost (executor driver) (82/200)
20/07/22 15:41:39 INFO Executor: Running task 82.0 in stage 4.0 (TID 86)
20/07/22 15:41:39 INFO ShuffleBlockFetcherIterator: Getting 1 non-empty blocks out of 1 blocks
20/07/22 15:41:39 INFO ShuffleBlockFetcherIterator: Started 0 remote fetches in 0 ms
20/07/22 15:41:39 INFO Executor: Finished task 82.0 in stage 4.0 (TID 86). 4444 bytes result sent to driver
20/07/22 15:41:39 INFO TaskSetManager: Starting task 83.0 in stage 4.0 (TID 87, localhost, executor driver, partition 83, ANY, 5890 bytes)
20/07/22 15:41:39 INFO Executor: Running task 83.0 in stage 4.0 (TID 87)
20/07/22 15:41:39 INFO ShuffleBlockFetcherIterator: Getting 1 non-empty blocks out of 1 blocks
20/07/22 15:41:39 INFO ShuffleBlockFetcherIterator: Started 0 remote fetches in 0 ms
20/07/22 15:41:39 INFO Executor: Finished task 83.0 in stage 4.0 (TID 87). 4428 bytes result sent to driver
20/07/22 15:41:39 INFO TaskSetManager: Starting task 84.0 in stage 4.0 (TID 88, localhost, executor driver, partition 84, ANY, 5890 bytes)
20/07/22 15:41:39 INFO Executor: Running task 84.0 in stage 4.0 (TID 88)
20/07/22 15:41:39 INFO TaskSetManager: Finished task 82.0 in stage 4.0 (TID 86) in 9 ms on localhost (executor driver) (83/200)
20/07/22 15:41:39 INFO TaskSetManager: Finished task 83.0 in stage 4.0 (TID 87) in 5 ms on localhost (executor driver) (84/200)
20/07/22 15:41:39 INFO ShuffleBlockFetcherIterator: Getting 1 non-empty blocks out of 1 blocks
20/07/22 15:41:39 INFO ShuffleBlockFetcherIterator: Started 0 remote fetches in 0 ms
20/07/22 15:41:39 INFO Executor: Finished task 84.0 in stage 4.0 (TID 88). 4436 bytes result sent to driver
20/07/22 15:41:39 INFO TaskSetManager: Starting task 85.0 in stage 4.0 (TID 89, localhost, executor driver, partition 85, ANY, 5890 bytes)
20/07/22 15:41:39 INFO Executor: Running task 85.0 in stage 4.0 (TID 89)
20/07/22 15:41:39 INFO TaskSetManager: Finished task 84.0 in stage 4.0 (TID 88) in 4 ms on localhost (executor driver) (85/200)
20/07/22 15:41:39 INFO ShuffleBlockFetcherIterator: Getting 1 non-empty blocks out of 1 blocks
20/07/22 15:41:39 INFO ShuffleBlockFetcherIterator: Started 0 remote fetches in 0 ms
20/07/22 15:41:39 INFO Executor: Finished task 85.0 in stage 4.0 (TID 89). 4428 bytes result sent to driver
20/07/22 15:41:39 INFO TaskSetManager: Starting task 86.0 in stage 4.0 (TID 90, localhost, executor driver, partition 86, ANY, 5890 bytes)
20/07/22 15:41:39 INFO TaskSetManager: Finished task 85.0 in stage 4.0 (TID 89) in 7 ms on localhost (executor driver) (86/200)
20/07/22 15:41:39 INFO Executor: Running task 86.0 in stage 4.0 (TID 90)
20/07/22 15:41:39 INFO ShuffleBlockFetcherIterator: Getting 1 non-empty blocks out of 1 blocks
20/07/22 15:41:39 INFO ShuffleBlockFetcherIterator: Started 0 remote fetches in 0 ms
20/07/22 15:41:39 INFO Executor: Finished task 86.0 in stage 4.0 (TID 90). 4436 bytes result sent to driver
20/07/22 15:41:39 INFO TaskSetManager: Starting task 87.0 in stage 4.0 (TID 91, localhost, executor driver, partition 87, ANY, 5890 bytes)
20/07/22 15:41:39 INFO Executor: Running task 87.0 in stage 4.0 (TID 91)
20/07/22 15:41:39 INFO TaskSetManager: Finished task 86.0 in stage 4.0 (TID 90) in 7 ms on localhost (executor driver) (87/200)
20/07/22 15:41:39 INFO ShuffleBlockFetcherIterator: Getting 1 non-empty blocks out of 1 blocks
20/07/22 15:41:39 INFO ShuffleBlockFetcherIterator: Started 0 remote fetches in 0 ms
20/07/22 15:41:39 INFO Executor: Finished task 87.0 in stage 4.0 (TID 91). 4436 bytes result sent to driver
20/07/22 15:41:39 INFO TaskSetManager: Starting task 88.0 in stage 4.0 (TID 92, localhost, executor driver, partition 88, ANY, 5890 bytes)
20/07/22 15:41:39 INFO TaskSetManager: Finished task 87.0 in stage 4.0 (TID 91) in 4 ms on localhost (executor driver) (88/200)
20/07/22 15:41:39 INFO Executor: Running task 88.0 in stage 4.0 (TID 92)
20/07/22 15:41:39 INFO ShuffleBlockFetcherIterator: Getting 1 non-empty blocks out of 1 blocks
20/07/22 15:41:39 INFO ShuffleBlockFetcherIterator: Started 0 remote fetches in 1 ms
20/07/22 15:41:39 INFO Executor: Finished task 88.0 in stage 4.0 (TID 92). 4444 bytes result sent to driver
20/07/22 15:41:39 INFO TaskSetManager: Starting task 89.0 in stage 4.0 (TID 93, localhost, executor driver, partition 89, ANY, 5890 bytes)
20/07/22 15:41:39 INFO TaskSetManager: Finished task 88.0 in stage 4.0 (TID 92) in 6 ms on localhost (executor driver) (89/200)
20/07/22 15:41:39 INFO Executor: Running task 89.0 in stage 4.0 (TID 93)
20/07/22 15:41:39 INFO ShuffleBlockFetcherIterator: Getting 1 non-empty blocks out of 1 blocks
20/07/22 15:41:39 INFO ShuffleBlockFetcherIterator: Started 0 remote fetches in 0 ms
20/07/22 15:41:39 INFO Executor: Finished task 89.0 in stage 4.0 (TID 93). 4452 bytes result sent to driver
20/07/22 15:41:39 INFO TaskSetManager: Starting task 90.0 in stage 4.0 (TID 94, localhost, executor driver, partition 90, ANY, 5890 bytes)
20/07/22 15:41:39 INFO TaskSetManager: Finished task 89.0 in stage 4.0 (TID 93) in 5 ms on localhost (executor driver) (90/200)
20/07/22 15:41:39 INFO Executor: Running task 90.0 in stage 4.0 (TID 94)
20/07/22 15:41:39 INFO ShuffleBlockFetcherIterator: Getting 1 non-empty blocks out of 1 blocks
20/07/22 15:41:39 INFO ShuffleBlockFetcherIterator: Started 0 remote fetches in 0 ms
20/07/22 15:41:39 INFO Executor: Finished task 90.0 in stage 4.0 (TID 94). 4420 bytes result sent to driver
20/07/22 15:41:39 INFO TaskSetManager: Starting task 91.0 in stage 4.0 (TID 95, localhost, executor driver, partition 91, ANY, 5890 bytes)
20/07/22 15:41:39 INFO TaskSetManager: Finished task 90.0 in stage 4.0 (TID 94) in 5 ms on localhost (executor driver) (91/200)
20/07/22 15:41:39 INFO Executor: Running task 91.0 in stage 4.0 (TID 95)
20/07/22 15:41:39 INFO ShuffleBlockFetcherIterator: Getting 1 non-empty blocks out of 1 blocks
20/07/22 15:41:39 INFO ShuffleBlockFetcherIterator: Started 0 remote fetches in 0 ms
20/07/22 15:41:39 INFO Executor: Finished task 91.0 in stage 4.0 (TID 95). 4444 bytes result sent to driver
20/07/22 15:41:39 INFO TaskSetManager: Starting task 92.0 in stage 4.0 (TID 96, localhost, executor driver, partition 92, ANY, 5890 bytes)
20/07/22 15:41:39 INFO Executor: Running task 92.0 in stage 4.0 (TID 96)
20/07/22 15:41:39 INFO TaskSetManager: Finished task 91.0 in stage 4.0 (TID 95) in 6 ms on localhost (executor driver) (92/200)
20/07/22 15:41:39 INFO ShuffleBlockFetcherIterator: Getting 1 non-empty blocks out of 1 blocks
20/07/22 15:41:39 INFO ShuffleBlockFetcherIterator: Started 0 remote fetches in 0 ms
20/07/22 15:41:39 INFO Executor: Finished task 92.0 in stage 4.0 (TID 96). 4436 bytes result sent to driver
20/07/22 15:41:39 INFO TaskSetManager: Starting task 93.0 in stage 4.0 (TID 97, localhost, executor driver, partition 93, ANY, 5890 bytes)
20/07/22 15:41:39 INFO Executor: Running task 93.0 in stage 4.0 (TID 97)
20/07/22 15:41:39 INFO TaskSetManager: Finished task 92.0 in stage 4.0 (TID 96) in 11 ms on localhost (executor driver) (93/200)
20/07/22 15:41:39 INFO ShuffleBlockFetcherIterator: Getting 1 non-empty blocks out of 1 blocks
20/07/22 15:41:39 INFO ShuffleBlockFetcherIterator: Started 0 remote fetches in 0 ms
20/07/22 15:41:39 INFO Executor: Finished task 93.0 in stage 4.0 (TID 97). 4444 bytes result sent to driver
20/07/22 15:41:39 INFO TaskSetManager: Starting task 94.0 in stage 4.0 (TID 98, localhost, executor driver, partition 94, ANY, 5890 bytes)
20/07/22 15:41:39 INFO Executor: Running task 94.0 in stage 4.0 (TID 98)
20/07/22 15:41:39 INFO ShuffleBlockFetcherIterator: Getting 1 non-empty blocks out of 1 blocks
20/07/22 15:41:39 INFO ShuffleBlockFetcherIterator: Started 0 remote fetches in 0 ms
20/07/22 15:41:39 INFO TaskSetManager: Finished task 93.0 in stage 4.0 (TID 97) in 7 ms on localhost (executor driver) (94/200)
20/07/22 15:41:39 INFO Executor: Finished task 94.0 in stage 4.0 (TID 98). 4428 bytes result sent to driver
20/07/22 15:41:39 INFO TaskSetManager: Starting task 95.0 in stage 4.0 (TID 99, localhost, executor driver, partition 95, ANY, 5890 bytes)
20/07/22 15:41:39 INFO TaskSetManager: Finished task 94.0 in stage 4.0 (TID 98) in 8 ms on localhost (executor driver) (95/200)
20/07/22 15:41:39 INFO Executor: Running task 95.0 in stage 4.0 (TID 99)
20/07/22 15:41:39 INFO ShuffleBlockFetcherIterator: Getting 1 non-empty blocks out of 1 blocks
20/07/22 15:41:39 INFO ShuffleBlockFetcherIterator: Started 0 remote fetches in 0 ms
20/07/22 15:41:39 INFO Executor: Finished task 95.0 in stage 4.0 (TID 99). 4444 bytes result sent to driver
20/07/22 15:41:39 INFO TaskSetManager: Starting task 96.0 in stage 4.0 (TID 100, localhost, executor driver, partition 96, ANY, 5890 bytes)
20/07/22 15:41:39 INFO Executor: Running task 96.0 in stage 4.0 (TID 100)
20/07/22 15:41:39 INFO TaskSetManager: Finished task 95.0 in stage 4.0 (TID 99) in 6 ms on localhost (executor driver) (96/200)
20/07/22 15:41:39 INFO ShuffleBlockFetcherIterator: Getting 1 non-empty blocks out of 1 blocks
20/07/22 15:41:39 INFO ShuffleBlockFetcherIterator: Started 0 remote fetches in 0 ms
20/07/22 15:41:39 INFO Executor: Finished task 96.0 in stage 4.0 (TID 100). 4436 bytes result sent to driver
20/07/22 15:41:39 INFO TaskSetManager: Starting task 97.0 in stage 4.0 (TID 101, localhost, executor driver, partition 97, ANY, 5890 bytes)
20/07/22 15:41:39 INFO TaskSetManager: Finished task 96.0 in stage 4.0 (TID 100) in 7 ms on localhost (executor driver) (97/200)
20/07/22 15:41:39 INFO Executor: Running task 97.0 in stage 4.0 (TID 101)
20/07/22 15:41:39 INFO ShuffleBlockFetcherIterator: Getting 1 non-empty blocks out of 1 blocks
20/07/22 15:41:39 INFO ShuffleBlockFetcherIterator: Started 0 remote fetches in 0 ms
20/07/22 15:41:39 INFO Executor: Finished task 97.0 in stage 4.0 (TID 101). 4436 bytes result sent to driver
20/07/22 15:41:39 INFO TaskSetManager: Starting task 98.0 in stage 4.0 (TID 102, localhost, executor driver, partition 98, ANY, 5890 bytes)
20/07/22 15:41:39 INFO TaskSetManager: Finished task 97.0 in stage 4.0 (TID 101) in 7 ms on localhost (executor driver) (98/200)
20/07/22 15:41:39 INFO Executor: Running task 98.0 in stage 4.0 (TID 102)
20/07/22 15:41:39 INFO ShuffleBlockFetcherIterator: Getting 1 non-empty blocks out of 1 blocks
20/07/22 15:41:39 INFO ShuffleBlockFetcherIterator: Started 0 remote fetches in 0 ms
20/07/22 15:41:39 INFO Executor: Finished task 98.0 in stage 4.0 (TID 102). 4436 bytes result sent to driver
20/07/22 15:41:39 INFO TaskSetManager: Starting task 99.0 in stage 4.0 (TID 103, localhost, executor driver, partition 99, ANY, 5890 bytes)
20/07/22 15:41:39 INFO TaskSetManager: Finished task 98.0 in stage 4.0 (TID 102) in 9 ms on localhost (executor driver) (99/200)
20/07/22 15:41:39 INFO Executor: Running task 99.0 in stage 4.0 (TID 103)
20/07/22 15:41:39 INFO ShuffleBlockFetcherIterator: Getting 1 non-empty blocks out of 1 blocks
20/07/22 15:41:39 INFO ShuffleBlockFetcherIterator: Started 0 remote fetches in 0 ms
20/07/22 15:41:39 INFO Executor: Finished task 99.0 in stage 4.0 (TID 103). 4436 bytes result sent to driver
20/07/22 15:41:39 INFO TaskSetManager: Starting task 100.0 in stage 4.0 (TID 104, localhost, executor driver, partition 100, ANY, 5890 bytes)
20/07/22 15:41:39 INFO Executor: Running task 100.0 in stage 4.0 (TID 104)
20/07/22 15:41:39 INFO TaskSetManager: Finished task 99.0 in stage 4.0 (TID 103) in 6 ms on localhost (executor driver) (100/200)
20/07/22 15:41:39 INFO ShuffleBlockFetcherIterator: Getting 1 non-empty blocks out of 1 blocks
20/07/22 15:41:39 INFO ShuffleBlockFetcherIterator: Started 0 remote fetches in 0 ms
20/07/22 15:41:39 INFO Executor: Finished task 100.0 in stage 4.0 (TID 104). 4420 bytes result sent to driver
20/07/22 15:41:39 INFO TaskSetManager: Starting task 101.0 in stage 4.0 (TID 105, localhost, executor driver, partition 101, ANY, 5890 bytes)
20/07/22 15:41:39 INFO TaskSetManager: Finished task 100.0 in stage 4.0 (TID 104) in 7 ms on localhost (executor driver) (101/200)
20/07/22 15:41:39 INFO Executor: Running task 101.0 in stage 4.0 (TID 105)
20/07/22 15:41:39 INFO ShuffleBlockFetcherIterator: Getting 1 non-empty blocks out of 1 blocks
20/07/22 15:41:39 INFO ShuffleBlockFetcherIterator: Started 0 remote fetches in 1 ms
20/07/22 15:41:39 INFO Executor: Finished task 101.0 in stage 4.0 (TID 105). 4428 bytes result sent to driver
20/07/22 15:41:39 INFO TaskSetManager: Starting task 102.0 in stage 4.0 (TID 106, localhost, executor driver, partition 102, ANY, 5890 bytes)
20/07/22 15:41:39 INFO Executor: Running task 102.0 in stage 4.0 (TID 106)
20/07/22 15:41:39 INFO TaskSetManager: Finished task 101.0 in stage 4.0 (TID 105) in 6 ms on localhost (executor driver) (102/200)
20/07/22 15:41:39 INFO ShuffleBlockFetcherIterator: Getting 1 non-empty blocks out of 1 blocks
20/07/22 15:41:39 INFO ShuffleBlockFetcherIterator: Started 0 remote fetches in 0 ms
20/07/22 15:41:39 INFO Executor: Finished task 102.0 in stage 4.0 (TID 106). 4436 bytes result sent to driver
20/07/22 15:41:39 INFO TaskSetManager: Starting task 103.0 in stage 4.0 (TID 107, localhost, executor driver, partition 103, ANY, 5890 bytes)
20/07/22 15:41:39 INFO TaskSetManager: Finished task 102.0 in stage 4.0 (TID 106) in 6 ms on localhost (executor driver) (103/200)
20/07/22 15:41:39 INFO Executor: Running task 103.0 in stage 4.0 (TID 107)
20/07/22 15:41:39 INFO ShuffleBlockFetcherIterator: Getting 1 non-empty blocks out of 1 blocks
20/07/22 15:41:39 INFO ShuffleBlockFetcherIterator: Started 0 remote fetches in 0 ms
20/07/22 15:41:39 INFO Executor: Finished task 103.0 in stage 4.0 (TID 107). 4444 bytes result sent to driver
20/07/22 15:41:39 INFO TaskSetManager: Starting task 104.0 in stage 4.0 (TID 108, localhost, executor driver, partition 104, ANY, 5890 bytes)
20/07/22 15:41:39 INFO Executor: Running task 104.0 in stage 4.0 (TID 108)
20/07/22 15:41:39 INFO TaskSetManager: Finished task 103.0 in stage 4.0 (TID 107) in 5 ms on localhost (executor driver) (104/200)
20/07/22 15:41:39 INFO ShuffleBlockFetcherIterator: Getting 1 non-empty blocks out of 1 blocks
20/07/22 15:41:39 INFO ShuffleBlockFetcherIterator: Started 0 remote fetches in 0 ms
20/07/22 15:41:39 INFO Executor: Finished task 104.0 in stage 4.0 (TID 108). 4428 bytes result sent to driver
20/07/22 15:41:39 INFO TaskSetManager: Starting task 105.0 in stage 4.0 (TID 109, localhost, executor driver, partition 105, ANY, 5890 bytes)
20/07/22 15:41:39 INFO Executor: Running task 105.0 in stage 4.0 (TID 109)
20/07/22 15:41:39 INFO TaskSetManager: Finished task 104.0 in stage 4.0 (TID 108) in 4 ms on localhost (executor driver) (105/200)
20/07/22 15:41:39 INFO ShuffleBlockFetcherIterator: Getting 1 non-empty blocks out of 1 blocks
20/07/22 15:41:39 INFO ShuffleBlockFetcherIterator: Started 0 remote fetches in 1 ms
20/07/22 15:41:39 INFO Executor: Finished task 105.0 in stage 4.0 (TID 109). 4428 bytes result sent to driver
20/07/22 15:41:39 INFO TaskSetManager: Starting task 106.0 in stage 4.0 (TID 110, localhost, executor driver, partition 106, ANY, 5890 bytes)
20/07/22 15:41:39 INFO Executor: Running task 106.0 in stage 4.0 (TID 110)
20/07/22 15:41:39 INFO TaskSetManager: Finished task 105.0 in stage 4.0 (TID 109) in 6 ms on localhost (executor driver) (106/200)
20/07/22 15:41:39 INFO ShuffleBlockFetcherIterator: Getting 1 non-empty blocks out of 1 blocks
20/07/22 15:41:39 INFO ShuffleBlockFetcherIterator: Started 0 remote fetches in 0 ms
20/07/22 15:41:39 INFO Executor: Finished task 106.0 in stage 4.0 (TID 110). 4515 bytes result sent to driver
20/07/22 15:41:39 INFO TaskSetManager: Starting task 107.0 in stage 4.0 (TID 111, localhost, executor driver, partition 107, ANY, 5890 bytes)
20/07/22 15:41:39 INFO Executor: Running task 107.0 in stage 4.0 (TID 111)
20/07/22 15:41:39 INFO TaskSetManager: Finished task 106.0 in stage 4.0 (TID 110) in 6 ms on localhost (executor driver) (107/200)
20/07/22 15:41:39 INFO ShuffleBlockFetcherIterator: Getting 1 non-empty blocks out of 1 blocks
20/07/22 15:41:39 INFO ShuffleBlockFetcherIterator: Started 0 remote fetches in 0 ms
20/07/22 15:41:39 INFO Executor: Finished task 107.0 in stage 4.0 (TID 111). 4444 bytes result sent to driver
20/07/22 15:41:39 INFO TaskSetManager: Starting task 108.0 in stage 4.0 (TID 112, localhost, executor driver, partition 108, ANY, 5890 bytes)
20/07/22 15:41:39 INFO Executor: Running task 108.0 in stage 4.0 (TID 112)
20/07/22 15:41:39 INFO TaskSetManager: Finished task 107.0 in stage 4.0 (TID 111) in 4 ms on localhost (executor driver) (108/200)
20/07/22 15:41:39 INFO ShuffleBlockFetcherIterator: Getting 1 non-empty blocks out of 1 blocks
20/07/22 15:41:39 INFO ShuffleBlockFetcherIterator: Started 0 remote fetches in 0 ms
20/07/22 15:41:39 INFO Executor: Finished task 108.0 in stage 4.0 (TID 112). 4436 bytes result sent to driver
20/07/22 15:41:39 INFO TaskSetManager: Starting task 109.0 in stage 4.0 (TID 113, localhost, executor driver, partition 109, ANY, 5890 bytes)
20/07/22 15:41:39 INFO TaskSetManager: Finished task 108.0 in stage 4.0 (TID 112) in 5 ms on localhost (executor driver) (109/200)
20/07/22 15:41:39 INFO Executor: Running task 109.0 in stage 4.0 (TID 113)
20/07/22 15:41:39 INFO ShuffleBlockFetcherIterator: Getting 1 non-empty blocks out of 1 blocks
20/07/22 15:41:39 INFO ShuffleBlockFetcherIterator: Started 0 remote fetches in 0 ms
20/07/22 15:41:39 INFO Executor: Finished task 109.0 in stage 4.0 (TID 113). 4436 bytes result sent to driver
20/07/22 15:41:39 INFO TaskSetManager: Starting task 110.0 in stage 4.0 (TID 114, localhost, executor driver, partition 110, ANY, 5890 bytes)
20/07/22 15:41:39 INFO Executor: Running task 110.0 in stage 4.0 (TID 114)
20/07/22 15:41:39 INFO TaskSetManager: Finished task 109.0 in stage 4.0 (TID 113) in 6 ms on localhost (executor driver) (110/200)
20/07/22 15:41:39 INFO ShuffleBlockFetcherIterator: Getting 1 non-empty blocks out of 1 blocks
20/07/22 15:41:39 INFO ShuffleBlockFetcherIterator: Started 0 remote fetches in 0 ms
20/07/22 15:41:39 INFO Executor: Finished task 110.0 in stage 4.0 (TID 114). 4428 bytes result sent to driver
20/07/22 15:41:39 INFO TaskSetManager: Starting task 111.0 in stage 4.0 (TID 115, localhost, executor driver, partition 111, ANY, 5890 bytes)
20/07/22 15:41:39 INFO Executor: Running task 111.0 in stage 4.0 (TID 115)
20/07/22 15:41:39 INFO TaskSetManager: Finished task 110.0 in stage 4.0 (TID 114) in 4 ms on localhost (executor driver) (111/200)
20/07/22 15:41:39 INFO ShuffleBlockFetcherIterator: Getting 1 non-empty blocks out of 1 blocks
20/07/22 15:41:39 INFO ShuffleBlockFetcherIterator: Started 0 remote fetches in 0 ms
20/07/22 15:41:39 INFO Executor: Finished task 111.0 in stage 4.0 (TID 115). 4428 bytes result sent to driver
20/07/22 15:41:39 INFO TaskSetManager: Starting task 112.0 in stage 4.0 (TID 116, localhost, executor driver, partition 112, ANY, 5890 bytes)
20/07/22 15:41:39 INFO Executor: Running task 112.0 in stage 4.0 (TID 116)
20/07/22 15:41:39 INFO TaskSetManager: Finished task 111.0 in stage 4.0 (TID 115) in 5 ms on localhost (executor driver) (112/200)
20/07/22 15:41:39 INFO ShuffleBlockFetcherIterator: Getting 1 non-empty blocks out of 1 blocks
20/07/22 15:41:39 INFO ShuffleBlockFetcherIterator: Started 0 remote fetches in 0 ms
20/07/22 15:41:39 INFO Executor: Finished task 112.0 in stage 4.0 (TID 116). 4539 bytes result sent to driver
20/07/22 15:41:39 INFO TaskSetManager: Starting task 113.0 in stage 4.0 (TID 117, localhost, executor driver, partition 113, ANY, 5890 bytes)
20/07/22 15:41:39 INFO TaskSetManager: Finished task 112.0 in stage 4.0 (TID 116) in 5 ms on localhost (executor driver) (113/200)
20/07/22 15:41:39 INFO Executor: Running task 113.0 in stage 4.0 (TID 117)
20/07/22 15:41:39 INFO ShuffleBlockFetcherIterator: Getting 1 non-empty blocks out of 1 blocks
20/07/22 15:41:39 INFO ShuffleBlockFetcherIterator: Started 0 remote fetches in 0 ms
20/07/22 15:41:39 INFO Executor: Finished task 113.0 in stage 4.0 (TID 117). 4428 bytes result sent to driver
20/07/22 15:41:39 INFO TaskSetManager: Starting task 114.0 in stage 4.0 (TID 118, localhost, executor driver, partition 114, ANY, 5890 bytes)
20/07/22 15:41:39 INFO Executor: Running task 114.0 in stage 4.0 (TID 118)
20/07/22 15:41:39 INFO TaskSetManager: Finished task 113.0 in stage 4.0 (TID 117) in 5 ms on localhost (executor driver) (114/200)
20/07/22 15:41:39 INFO ShuffleBlockFetcherIterator: Getting 1 non-empty blocks out of 1 blocks
20/07/22 15:41:39 INFO ShuffleBlockFetcherIterator: Started 0 remote fetches in 0 ms
20/07/22 15:41:39 INFO Executor: Finished task 114.0 in stage 4.0 (TID 118). 4428 bytes result sent to driver
20/07/22 15:41:39 INFO TaskSetManager: Starting task 115.0 in stage 4.0 (TID 119, localhost, executor driver, partition 115, ANY, 5890 bytes)
20/07/22 15:41:39 INFO TaskSetManager: Finished task 114.0 in stage 4.0 (TID 118) in 5 ms on localhost (executor driver) (115/200)
20/07/22 15:41:39 INFO Executor: Running task 115.0 in stage 4.0 (TID 119)
20/07/22 15:41:39 INFO ShuffleBlockFetcherIterator: Getting 1 non-empty blocks out of 1 blocks
20/07/22 15:41:39 INFO ShuffleBlockFetcherIterator: Started 0 remote fetches in 0 ms
20/07/22 15:41:39 INFO Executor: Finished task 115.0 in stage 4.0 (TID 119). 4444 bytes result sent to driver
20/07/22 15:41:39 INFO TaskSetManager: Starting task 116.0 in stage 4.0 (TID 120, localhost, executor driver, partition 116, ANY, 5890 bytes)
20/07/22 15:41:39 INFO Executor: Running task 116.0 in stage 4.0 (TID 120)
20/07/22 15:41:39 INFO TaskSetManager: Finished task 115.0 in stage 4.0 (TID 119) in 5 ms on localhost (executor driver) (116/200)
20/07/22 15:41:39 INFO ShuffleBlockFetcherIterator: Getting 1 non-empty blocks out of 1 blocks
20/07/22 15:41:39 INFO ShuffleBlockFetcherIterator: Started 0 remote fetches in 0 ms
20/07/22 15:41:39 INFO Executor: Finished task 116.0 in stage 4.0 (TID 120). 4436 bytes result sent to driver
20/07/22 15:41:39 INFO TaskSetManager: Starting task 117.0 in stage 4.0 (TID 121, localhost, executor driver, partition 117, ANY, 5890 bytes)
20/07/22 15:41:39 INFO TaskSetManager: Finished task 116.0 in stage 4.0 (TID 120) in 5 ms on localhost (executor driver) (117/200)
20/07/22 15:41:39 INFO Executor: Running task 117.0 in stage 4.0 (TID 121)
20/07/22 15:41:39 INFO ShuffleBlockFetcherIterator: Getting 1 non-empty blocks out of 1 blocks
20/07/22 15:41:39 INFO ShuffleBlockFetcherIterator: Started 0 remote fetches in 0 ms
20/07/22 15:41:39 INFO Executor: Finished task 117.0 in stage 4.0 (TID 121). 4436 bytes result sent to driver
20/07/22 15:41:39 INFO TaskSetManager: Starting task 118.0 in stage 4.0 (TID 122, localhost, executor driver, partition 118, ANY, 5890 bytes)
20/07/22 15:41:39 INFO Executor: Running task 118.0 in stage 4.0 (TID 122)
20/07/22 15:41:39 INFO TaskSetManager: Finished task 117.0 in stage 4.0 (TID 121) in 6 ms on localhost (executor driver) (118/200)
20/07/22 15:41:39 INFO ShuffleBlockFetcherIterator: Getting 1 non-empty blocks out of 1 blocks
20/07/22 15:41:39 INFO ShuffleBlockFetcherIterator: Started 0 remote fetches in 0 ms
20/07/22 15:41:39 INFO Executor: Finished task 118.0 in stage 4.0 (TID 122). 4444 bytes result sent to driver
20/07/22 15:41:39 INFO TaskSetManager: Starting task 119.0 in stage 4.0 (TID 123, localhost, executor driver, partition 119, ANY, 5890 bytes)
20/07/22 15:41:39 INFO TaskSetManager: Finished task 118.0 in stage 4.0 (TID 122) in 4 ms on localhost (executor driver) (119/200)
20/07/22 15:41:39 INFO Executor: Running task 119.0 in stage 4.0 (TID 123)
20/07/22 15:41:39 INFO ShuffleBlockFetcherIterator: Getting 1 non-empty blocks out of 1 blocks
20/07/22 15:41:39 INFO ShuffleBlockFetcherIterator: Started 0 remote fetches in 1 ms
20/07/22 15:41:39 INFO Executor: Finished task 119.0 in stage 4.0 (TID 123). 4460 bytes result sent to driver
20/07/22 15:41:39 INFO TaskSetManager: Starting task 120.0 in stage 4.0 (TID 124, localhost, executor driver, partition 120, ANY, 5890 bytes)
20/07/22 15:41:39 INFO Executor: Running task 120.0 in stage 4.0 (TID 124)
20/07/22 15:41:39 INFO TaskSetManager: Finished task 119.0 in stage 4.0 (TID 123) in 5 ms on localhost (executor driver) (120/200)
20/07/22 15:41:39 INFO ShuffleBlockFetcherIterator: Getting 1 non-empty blocks out of 1 blocks
20/07/22 15:41:39 INFO ShuffleBlockFetcherIterator: Started 0 remote fetches in 0 ms
20/07/22 15:41:39 INFO Executor: Finished task 120.0 in stage 4.0 (TID 124). 4436 bytes result sent to driver
20/07/22 15:41:39 INFO TaskSetManager: Starting task 121.0 in stage 4.0 (TID 125, localhost, executor driver, partition 121, ANY, 5890 bytes)
20/07/22 15:41:39 INFO TaskSetManager: Finished task 120.0 in stage 4.0 (TID 124) in 5 ms on localhost (executor driver) (121/200)
20/07/22 15:41:39 INFO Executor: Running task 121.0 in stage 4.0 (TID 125)
20/07/22 15:41:39 INFO ShuffleBlockFetcherIterator: Getting 1 non-empty blocks out of 1 blocks
20/07/22 15:41:39 INFO ShuffleBlockFetcherIterator: Started 0 remote fetches in 0 ms
20/07/22 15:41:39 INFO Executor: Finished task 121.0 in stage 4.0 (TID 125). 4460 bytes result sent to driver
20/07/22 15:41:39 INFO TaskSetManager: Starting task 122.0 in stage 4.0 (TID 126, localhost, executor driver, partition 122, ANY, 5890 bytes)
20/07/22 15:41:39 INFO Executor: Running task 122.0 in stage 4.0 (TID 126)
20/07/22 15:41:39 INFO TaskSetManager: Finished task 121.0 in stage 4.0 (TID 125) in 5 ms on localhost (executor driver) (122/200)
20/07/22 15:41:39 INFO ShuffleBlockFetcherIterator: Getting 1 non-empty blocks out of 1 blocks
20/07/22 15:41:39 INFO ShuffleBlockFetcherIterator: Started 0 remote fetches in 1 ms
20/07/22 15:41:39 INFO Executor: Finished task 122.0 in stage 4.0 (TID 126). 4436 bytes result sent to driver
20/07/22 15:41:39 INFO TaskSetManager: Starting task 123.0 in stage 4.0 (TID 127, localhost, executor driver, partition 123, ANY, 5890 bytes)
20/07/22 15:41:39 INFO TaskSetManager: Finished task 122.0 in stage 4.0 (TID 126) in 20 ms on localhost (executor driver) (123/200)
20/07/22 15:41:39 INFO Executor: Running task 123.0 in stage 4.0 (TID 127)
20/07/22 15:41:39 INFO ShuffleBlockFetcherIterator: Getting 1 non-empty blocks out of 1 blocks
20/07/22 15:41:39 INFO ShuffleBlockFetcherIterator: Started 0 remote fetches in 3 ms
20/07/22 15:41:39 INFO Executor: Finished task 123.0 in stage 4.0 (TID 127). 4444 bytes result sent to driver
20/07/22 15:41:39 INFO TaskSetManager: Starting task 124.0 in stage 4.0 (TID 128, localhost, executor driver, partition 124, ANY, 5890 bytes)
20/07/22 15:41:39 INFO Executor: Running task 124.0 in stage 4.0 (TID 128)
20/07/22 15:41:39 INFO TaskSetManager: Finished task 123.0 in stage 4.0 (TID 127) in 20 ms on localhost (executor driver) (124/200)
20/07/22 15:41:39 INFO ShuffleBlockFetcherIterator: Getting 1 non-empty blocks out of 1 blocks
20/07/22 15:41:39 INFO ShuffleBlockFetcherIterator: Started 0 remote fetches in 0 ms
20/07/22 15:41:39 INFO Executor: Finished task 124.0 in stage 4.0 (TID 128). 4476 bytes result sent to driver
20/07/22 15:41:39 INFO TaskSetManager: Starting task 125.0 in stage 4.0 (TID 129, localhost, executor driver, partition 125, ANY, 5890 bytes)
20/07/22 15:41:39 INFO TaskSetManager: Finished task 124.0 in stage 4.0 (TID 128) in 5 ms on localhost (executor driver) (125/200)
20/07/22 15:41:39 INFO Executor: Running task 125.0 in stage 4.0 (TID 129)
20/07/22 15:41:39 INFO ShuffleBlockFetcherIterator: Getting 1 non-empty blocks out of 1 blocks
20/07/22 15:41:39 INFO ShuffleBlockFetcherIterator: Started 0 remote fetches in 0 ms
20/07/22 15:41:39 INFO Executor: Finished task 125.0 in stage 4.0 (TID 129). 4444 bytes result sent to driver
20/07/22 15:41:39 INFO TaskSetManager: Starting task 126.0 in stage 4.0 (TID 130, localhost, executor driver, partition 126, ANY, 5890 bytes)
20/07/22 15:41:39 INFO TaskSetManager: Finished task 125.0 in stage 4.0 (TID 129) in 6 ms on localhost (executor driver) (126/200)
20/07/22 15:41:39 INFO Executor: Running task 126.0 in stage 4.0 (TID 130)
20/07/22 15:41:39 INFO ShuffleBlockFetcherIterator: Getting 1 non-empty blocks out of 1 blocks
20/07/22 15:41:39 INFO ShuffleBlockFetcherIterator: Started 0 remote fetches in 0 ms
20/07/22 15:41:39 INFO Executor: Finished task 126.0 in stage 4.0 (TID 130). 4509 bytes result sent to driver
20/07/22 15:41:39 INFO TaskSetManager: Starting task 127.0 in stage 4.0 (TID 131, localhost, executor driver, partition 127, ANY, 5890 bytes)
20/07/22 15:41:39 INFO TaskSetManager: Finished task 126.0 in stage 4.0 (TID 130) in 14 ms on localhost (executor driver) (127/200)
20/07/22 15:41:39 INFO Executor: Running task 127.0 in stage 4.0 (TID 131)
20/07/22 15:41:39 INFO ShuffleBlockFetcherIterator: Getting 1 non-empty blocks out of 1 blocks
20/07/22 15:41:39 INFO ShuffleBlockFetcherIterator: Started 0 remote fetches in 0 ms
20/07/22 15:41:39 INFO Executor: Finished task 127.0 in stage 4.0 (TID 131). 4436 bytes result sent to driver
20/07/22 15:41:39 INFO TaskSetManager: Starting task 128.0 in stage 4.0 (TID 132, localhost, executor driver, partition 128, ANY, 5890 bytes)
20/07/22 15:41:39 INFO Executor: Running task 128.0 in stage 4.0 (TID 132)
20/07/22 15:41:39 INFO TaskSetManager: Finished task 127.0 in stage 4.0 (TID 131) in 7 ms on localhost (executor driver) (128/200)
20/07/22 15:41:39 INFO ShuffleBlockFetcherIterator: Getting 1 non-empty blocks out of 1 blocks
20/07/22 15:41:39 INFO ShuffleBlockFetcherIterator: Started 0 remote fetches in 0 ms
20/07/22 15:41:39 INFO Executor: Finished task 128.0 in stage 4.0 (TID 132). 4428 bytes result sent to driver
20/07/22 15:41:39 INFO TaskSetManager: Starting task 129.0 in stage 4.0 (TID 133, localhost, executor driver, partition 129, ANY, 5890 bytes)
20/07/22 15:41:39 INFO Executor: Running task 129.0 in stage 4.0 (TID 133)
20/07/22 15:41:39 INFO TaskSetManager: Finished task 128.0 in stage 4.0 (TID 132) in 6 ms on localhost (executor driver) (129/200)
20/07/22 15:41:39 INFO ShuffleBlockFetcherIterator: Getting 1 non-empty blocks out of 1 blocks
20/07/22 15:41:39 INFO ShuffleBlockFetcherIterator: Started 0 remote fetches in 0 ms
20/07/22 15:41:39 INFO Executor: Finished task 129.0 in stage 4.0 (TID 133). 4428 bytes result sent to driver
20/07/22 15:41:39 INFO TaskSetManager: Starting task 130.0 in stage 4.0 (TID 134, localhost, executor driver, partition 130, ANY, 5890 bytes)
20/07/22 15:41:39 INFO Executor: Running task 130.0 in stage 4.0 (TID 134)
20/07/22 15:41:39 INFO TaskSetManager: Finished task 129.0 in stage 4.0 (TID 133) in 6 ms on localhost (executor driver) (130/200)
20/07/22 15:41:39 INFO ShuffleBlockFetcherIterator: Getting 1 non-empty blocks out of 1 blocks
20/07/22 15:41:39 INFO ShuffleBlockFetcherIterator: Started 0 remote fetches in 0 ms
20/07/22 15:41:39 INFO Executor: Finished task 130.0 in stage 4.0 (TID 134). 4428 bytes result sent to driver
20/07/22 15:41:39 INFO TaskSetManager: Starting task 131.0 in stage 4.0 (TID 135, localhost, executor driver, partition 131, ANY, 5890 bytes)
20/07/22 15:41:39 INFO Executor: Running task 131.0 in stage 4.0 (TID 135)
20/07/22 15:41:39 INFO TaskSetManager: Finished task 130.0 in stage 4.0 (TID 134) in 8 ms on localhost (executor driver) (131/200)
20/07/22 15:41:39 INFO ShuffleBlockFetcherIterator: Getting 1 non-empty blocks out of 1 blocks
20/07/22 15:41:39 INFO ShuffleBlockFetcherIterator: Started 0 remote fetches in 0 ms
20/07/22 15:41:39 INFO Executor: Finished task 131.0 in stage 4.0 (TID 135). 4428 bytes result sent to driver
20/07/22 15:41:39 INFO TaskSetManager: Starting task 132.0 in stage 4.0 (TID 136, localhost, executor driver, partition 132, ANY, 5890 bytes)
20/07/22 15:41:39 INFO Executor: Running task 132.0 in stage 4.0 (TID 136)
20/07/22 15:41:39 INFO TaskSetManager: Finished task 131.0 in stage 4.0 (TID 135) in 5 ms on localhost (executor driver) (132/200)
20/07/22 15:41:39 INFO ShuffleBlockFetcherIterator: Getting 1 non-empty blocks out of 1 blocks
20/07/22 15:41:39 INFO ShuffleBlockFetcherIterator: Started 0 remote fetches in 0 ms
20/07/22 15:41:39 INFO Executor: Finished task 132.0 in stage 4.0 (TID 136). 4436 bytes result sent to driver
20/07/22 15:41:39 INFO TaskSetManager: Starting task 133.0 in stage 4.0 (TID 137, localhost, executor driver, partition 133, ANY, 5890 bytes)
20/07/22 15:41:39 INFO Executor: Running task 133.0 in stage 4.0 (TID 137)
20/07/22 15:41:39 INFO TaskSetManager: Finished task 132.0 in stage 4.0 (TID 136) in 9 ms on localhost (executor driver) (133/200)
20/07/22 15:41:39 INFO ShuffleBlockFetcherIterator: Getting 1 non-empty blocks out of 1 blocks
20/07/22 15:41:39 INFO ShuffleBlockFetcherIterator: Started 0 remote fetches in 0 ms
20/07/22 15:41:39 INFO Executor: Finished task 133.0 in stage 4.0 (TID 137). 4428 bytes result sent to driver
20/07/22 15:41:39 INFO TaskSetManager: Starting task 134.0 in stage 4.0 (TID 138, localhost, executor driver, partition 134, ANY, 5890 bytes)
20/07/22 15:41:39 INFO Executor: Running task 134.0 in stage 4.0 (TID 138)
20/07/22 15:41:39 INFO ShuffleBlockFetcherIterator: Getting 1 non-empty blocks out of 1 blocks
20/07/22 15:41:39 INFO ShuffleBlockFetcherIterator: Started 0 remote fetches in 0 ms
20/07/22 15:41:39 INFO Executor: Finished task 134.0 in stage 4.0 (TID 138). 4444 bytes result sent to driver
20/07/22 15:41:39 INFO TaskSetManager: Starting task 135.0 in stage 4.0 (TID 139, localhost, executor driver, partition 135, ANY, 5890 bytes)
20/07/22 15:41:39 INFO TaskSetManager: Finished task 134.0 in stage 4.0 (TID 138) in 8 ms on localhost (executor driver) (134/200)
20/07/22 15:41:39 INFO TaskSetManager: Finished task 133.0 in stage 4.0 (TID 137) in 14 ms on localhost (executor driver) (135/200)
20/07/22 15:41:39 INFO Executor: Running task 135.0 in stage 4.0 (TID 139)
20/07/22 15:41:39 INFO ShuffleBlockFetcherIterator: Getting 1 non-empty blocks out of 1 blocks
20/07/22 15:41:39 INFO ShuffleBlockFetcherIterator: Started 0 remote fetches in 1 ms
20/07/22 15:41:39 INFO Executor: Finished task 135.0 in stage 4.0 (TID 139). 4428 bytes result sent to driver
20/07/22 15:41:39 INFO TaskSetManager: Starting task 136.0 in stage 4.0 (TID 140, localhost, executor driver, partition 136, ANY, 5890 bytes)
20/07/22 15:41:39 INFO Executor: Running task 136.0 in stage 4.0 (TID 140)
20/07/22 15:41:39 INFO TaskSetManager: Finished task 135.0 in stage 4.0 (TID 139) in 9 ms on localhost (executor driver) (136/200)
20/07/22 15:41:39 INFO ShuffleBlockFetcherIterator: Getting 1 non-empty blocks out of 1 blocks
20/07/22 15:41:39 INFO ShuffleBlockFetcherIterator: Started 0 remote fetches in 0 ms
20/07/22 15:41:39 INFO Executor: Finished task 136.0 in stage 4.0 (TID 140). 4428 bytes result sent to driver
20/07/22 15:41:39 INFO TaskSetManager: Starting task 137.0 in stage 4.0 (TID 141, localhost, executor driver, partition 137, ANY, 5890 bytes)
20/07/22 15:41:39 INFO Executor: Running task 137.0 in stage 4.0 (TID 141)
20/07/22 15:41:39 INFO TaskSetManager: Finished task 136.0 in stage 4.0 (TID 140) in 6 ms on localhost (executor driver) (137/200)
20/07/22 15:41:39 INFO ShuffleBlockFetcherIterator: Getting 1 non-empty blocks out of 1 blocks
20/07/22 15:41:39 INFO ShuffleBlockFetcherIterator: Started 0 remote fetches in 0 ms
20/07/22 15:41:39 INFO Executor: Finished task 137.0 in stage 4.0 (TID 141). 4444 bytes result sent to driver
20/07/22 15:41:39 INFO TaskSetManager: Starting task 138.0 in stage 4.0 (TID 142, localhost, executor driver, partition 138, ANY, 5890 bytes)
20/07/22 15:41:39 INFO TaskSetManager: Finished task 137.0 in stage 4.0 (TID 141) in 8 ms on localhost (executor driver) (138/200)
20/07/22 15:41:39 INFO Executor: Running task 138.0 in stage 4.0 (TID 142)
20/07/22 15:41:39 INFO ShuffleBlockFetcherIterator: Getting 1 non-empty blocks out of 1 blocks
20/07/22 15:41:39 INFO ShuffleBlockFetcherIterator: Started 0 remote fetches in 0 ms
20/07/22 15:41:39 INFO Executor: Finished task 138.0 in stage 4.0 (TID 142). 4436 bytes result sent to driver
20/07/22 15:41:39 INFO TaskSetManager: Starting task 139.0 in stage 4.0 (TID 143, localhost, executor driver, partition 139, ANY, 5890 bytes)
20/07/22 15:41:39 INFO Executor: Running task 139.0 in stage 4.0 (TID 143)
20/07/22 15:41:39 INFO TaskSetManager: Finished task 138.0 in stage 4.0 (TID 142) in 7 ms on localhost (executor driver) (139/200)
20/07/22 15:41:39 INFO ShuffleBlockFetcherIterator: Getting 1 non-empty blocks out of 1 blocks
20/07/22 15:41:39 INFO ShuffleBlockFetcherIterator: Started 0 remote fetches in 0 ms
20/07/22 15:41:39 INFO Executor: Finished task 139.0 in stage 4.0 (TID 143). 4531 bytes result sent to driver
20/07/22 15:41:39 INFO TaskSetManager: Starting task 140.0 in stage 4.0 (TID 144, localhost, executor driver, partition 140, ANY, 5890 bytes)
20/07/22 15:41:39 INFO Executor: Running task 140.0 in stage 4.0 (TID 144)
20/07/22 15:41:39 INFO TaskSetManager: Finished task 139.0 in stage 4.0 (TID 143) in 6 ms on localhost (executor driver) (140/200)
20/07/22 15:41:39 INFO ShuffleBlockFetcherIterator: Getting 1 non-empty blocks out of 1 blocks
20/07/22 15:41:39 INFO ShuffleBlockFetcherIterator: Started 0 remote fetches in 0 ms
20/07/22 15:41:39 INFO Executor: Finished task 140.0 in stage 4.0 (TID 144). 4468 bytes result sent to driver
20/07/22 15:41:39 INFO TaskSetManager: Starting task 141.0 in stage 4.0 (TID 145, localhost, executor driver, partition 141, ANY, 5890 bytes)
20/07/22 15:41:39 INFO Executor: Running task 141.0 in stage 4.0 (TID 145)
20/07/22 15:41:39 INFO TaskSetManager: Finished task 140.0 in stage 4.0 (TID 144) in 6 ms on localhost (executor driver) (141/200)
20/07/22 15:41:39 INFO ShuffleBlockFetcherIterator: Getting 1 non-empty blocks out of 1 blocks
20/07/22 15:41:39 INFO ShuffleBlockFetcherIterator: Started 0 remote fetches in 0 ms
20/07/22 15:41:39 INFO Executor: Finished task 141.0 in stage 4.0 (TID 145). 4452 bytes result sent to driver
20/07/22 15:41:39 INFO TaskSetManager: Starting task 142.0 in stage 4.0 (TID 146, localhost, executor driver, partition 142, ANY, 5890 bytes)
20/07/22 15:41:39 INFO TaskSetManager: Finished task 141.0 in stage 4.0 (TID 145) in 7 ms on localhost (executor driver) (142/200)
20/07/22 15:41:39 INFO Executor: Running task 142.0 in stage 4.0 (TID 146)
20/07/22 15:41:39 INFO ShuffleBlockFetcherIterator: Getting 1 non-empty blocks out of 1 blocks
20/07/22 15:41:39 INFO ShuffleBlockFetcherIterator: Started 0 remote fetches in 0 ms
20/07/22 15:41:39 INFO Executor: Finished task 142.0 in stage 4.0 (TID 146). 4436 bytes result sent to driver
20/07/22 15:41:39 INFO TaskSetManager: Starting task 143.0 in stage 4.0 (TID 147, localhost, executor driver, partition 143, ANY, 5890 bytes)
20/07/22 15:41:39 INFO TaskSetManager: Finished task 142.0 in stage 4.0 (TID 146) in 7 ms on localhost (executor driver) (143/200)
20/07/22 15:41:39 INFO Executor: Running task 143.0 in stage 4.0 (TID 147)
20/07/22 15:41:39 INFO ShuffleBlockFetcherIterator: Getting 1 non-empty blocks out of 1 blocks
20/07/22 15:41:39 INFO ShuffleBlockFetcherIterator: Started 0 remote fetches in 0 ms
20/07/22 15:41:39 INFO Executor: Finished task 143.0 in stage 4.0 (TID 147). 4452 bytes result sent to driver
20/07/22 15:41:39 INFO TaskSetManager: Starting task 144.0 in stage 4.0 (TID 148, localhost, executor driver, partition 144, ANY, 5890 bytes)
20/07/22 15:41:39 INFO Executor: Running task 144.0 in stage 4.0 (TID 148)
20/07/22 15:41:39 INFO TaskSetManager: Finished task 143.0 in stage 4.0 (TID 147) in 5 ms on localhost (executor driver) (144/200)
20/07/22 15:41:39 INFO ShuffleBlockFetcherIterator: Getting 1 non-empty blocks out of 1 blocks
20/07/22 15:41:39 INFO ShuffleBlockFetcherIterator: Started 0 remote fetches in 0 ms
20/07/22 15:41:39 INFO Executor: Finished task 144.0 in stage 4.0 (TID 148). 4420 bytes result sent to driver
20/07/22 15:41:39 INFO TaskSetManager: Starting task 145.0 in stage 4.0 (TID 149, localhost, executor driver, partition 145, ANY, 5890 bytes)
20/07/22 15:41:39 INFO TaskSetManager: Finished task 144.0 in stage 4.0 (TID 148) in 5 ms on localhost (executor driver) (145/200)
20/07/22 15:41:39 INFO Executor: Running task 145.0 in stage 4.0 (TID 149)
20/07/22 15:41:39 INFO ShuffleBlockFetcherIterator: Getting 1 non-empty blocks out of 1 blocks
20/07/22 15:41:39 INFO ShuffleBlockFetcherIterator: Started 0 remote fetches in 0 ms
20/07/22 15:41:39 INFO Executor: Finished task 145.0 in stage 4.0 (TID 149). 4436 bytes result sent to driver
20/07/22 15:41:39 INFO TaskSetManager: Starting task 146.0 in stage 4.0 (TID 150, localhost, executor driver, partition 146, ANY, 5890 bytes)
20/07/22 15:41:39 INFO TaskSetManager: Finished task 145.0 in stage 4.0 (TID 149) in 6 ms on localhost (executor driver) (146/200)
20/07/22 15:41:39 INFO Executor: Running task 146.0 in stage 4.0 (TID 150)
20/07/22 15:41:39 INFO ShuffleBlockFetcherIterator: Getting 1 non-empty blocks out of 1 blocks
20/07/22 15:41:39 INFO ShuffleBlockFetcherIterator: Started 0 remote fetches in 0 ms
20/07/22 15:41:39 INFO Executor: Finished task 146.0 in stage 4.0 (TID 150). 4436 bytes result sent to driver
20/07/22 15:41:39 INFO TaskSetManager: Starting task 147.0 in stage 4.0 (TID 151, localhost, executor driver, partition 147, ANY, 5890 bytes)
20/07/22 15:41:39 INFO Executor: Running task 147.0 in stage 4.0 (TID 151)
20/07/22 15:41:39 INFO TaskSetManager: Finished task 146.0 in stage 4.0 (TID 150) in 5 ms on localhost (executor driver) (147/200)
20/07/22 15:41:39 INFO ShuffleBlockFetcherIterator: Getting 1 non-empty blocks out of 1 blocks
20/07/22 15:41:39 INFO ShuffleBlockFetcherIterator: Started 0 remote fetches in 0 ms
20/07/22 15:41:39 INFO Executor: Finished task 147.0 in stage 4.0 (TID 151). 4436 bytes result sent to driver
20/07/22 15:41:39 INFO TaskSetManager: Starting task 148.0 in stage 4.0 (TID 152, localhost, executor driver, partition 148, ANY, 5890 bytes)
20/07/22 15:41:39 INFO TaskSetManager: Finished task 147.0 in stage 4.0 (TID 151) in 6 ms on localhost (executor driver) (148/200)
20/07/22 15:41:39 INFO Executor: Running task 148.0 in stage 4.0 (TID 152)
20/07/22 15:41:39 INFO ShuffleBlockFetcherIterator: Getting 1 non-empty blocks out of 1 blocks
20/07/22 15:41:39 INFO ShuffleBlockFetcherIterator: Started 0 remote fetches in 0 ms
20/07/22 15:41:39 INFO Executor: Finished task 148.0 in stage 4.0 (TID 152). 4444 bytes result sent to driver
20/07/22 15:41:39 INFO TaskSetManager: Starting task 149.0 in stage 4.0 (TID 153, localhost, executor driver, partition 149, ANY, 5890 bytes)
20/07/22 15:41:39 INFO Executor: Running task 149.0 in stage 4.0 (TID 153)
20/07/22 15:41:39 INFO TaskSetManager: Finished task 148.0 in stage 4.0 (TID 152) in 7 ms on localhost (executor driver) (149/200)
20/07/22 15:41:39 INFO ShuffleBlockFetcherIterator: Getting 1 non-empty blocks out of 1 blocks
20/07/22 15:41:39 INFO ShuffleBlockFetcherIterator: Started 0 remote fetches in 0 ms
20/07/22 15:41:39 INFO Executor: Finished task 149.0 in stage 4.0 (TID 153). 4444 bytes result sent to driver
20/07/22 15:41:39 INFO TaskSetManager: Starting task 150.0 in stage 4.0 (TID 154, localhost, executor driver, partition 150, ANY, 5890 bytes)
20/07/22 15:41:39 INFO TaskSetManager: Finished task 149.0 in stage 4.0 (TID 153) in 7 ms on localhost (executor driver) (150/200)
20/07/22 15:41:39 INFO Executor: Running task 150.0 in stage 4.0 (TID 154)
20/07/22 15:41:39 INFO ShuffleBlockFetcherIterator: Getting 1 non-empty blocks out of 1 blocks
20/07/22 15:41:39 INFO ShuffleBlockFetcherIterator: Started 0 remote fetches in 0 ms
20/07/22 15:41:39 INFO Executor: Finished task 150.0 in stage 4.0 (TID 154). 4444 bytes result sent to driver
20/07/22 15:41:39 INFO TaskSetManager: Starting task 151.0 in stage 4.0 (TID 155, localhost, executor driver, partition 151, ANY, 5890 bytes)
20/07/22 15:41:39 INFO Executor: Running task 151.0 in stage 4.0 (TID 155)
20/07/22 15:41:39 INFO TaskSetManager: Finished task 150.0 in stage 4.0 (TID 154) in 5 ms on localhost (executor driver) (151/200)
20/07/22 15:41:39 INFO ShuffleBlockFetcherIterator: Getting 1 non-empty blocks out of 1 blocks
20/07/22 15:41:39 INFO ShuffleBlockFetcherIterator: Started 0 remote fetches in 0 ms
20/07/22 15:41:39 INFO Executor: Finished task 151.0 in stage 4.0 (TID 155). 4436 bytes result sent to driver
20/07/22 15:41:39 INFO TaskSetManager: Starting task 152.0 in stage 4.0 (TID 156, localhost, executor driver, partition 152, ANY, 5890 bytes)
20/07/22 15:41:39 INFO Executor: Running task 152.0 in stage 4.0 (TID 156)
20/07/22 15:41:39 INFO TaskSetManager: Finished task 151.0 in stage 4.0 (TID 155) in 5 ms on localhost (executor driver) (152/200)
20/07/22 15:41:39 INFO ShuffleBlockFetcherIterator: Getting 1 non-empty blocks out of 1 blocks
20/07/22 15:41:39 INFO ShuffleBlockFetcherIterator: Started 0 remote fetches in 0 ms
20/07/22 15:41:39 INFO Executor: Finished task 152.0 in stage 4.0 (TID 156). 4460 bytes result sent to driver
20/07/22 15:41:39 INFO TaskSetManager: Starting task 153.0 in stage 4.0 (TID 157, localhost, executor driver, partition 153, ANY, 5890 bytes)
20/07/22 15:41:39 INFO Executor: Running task 153.0 in stage 4.0 (TID 157)
20/07/22 15:41:39 INFO TaskSetManager: Finished task 152.0 in stage 4.0 (TID 156) in 7 ms on localhost (executor driver) (153/200)
20/07/22 15:41:39 INFO ShuffleBlockFetcherIterator: Getting 1 non-empty blocks out of 1 blocks
20/07/22 15:41:39 INFO ShuffleBlockFetcherIterator: Started 0 remote fetches in 0 ms
20/07/22 15:41:39 INFO Executor: Finished task 153.0 in stage 4.0 (TID 157). 4444 bytes result sent to driver
20/07/22 15:41:39 INFO TaskSetManager: Starting task 154.0 in stage 4.0 (TID 158, localhost, executor driver, partition 154, ANY, 5890 bytes)
20/07/22 15:41:39 INFO TaskSetManager: Finished task 153.0 in stage 4.0 (TID 157) in 8 ms on localhost (executor driver) (154/200)
20/07/22 15:41:39 INFO Executor: Running task 154.0 in stage 4.0 (TID 158)
20/07/22 15:41:39 INFO ShuffleBlockFetcherIterator: Getting 1 non-empty blocks out of 1 blocks
20/07/22 15:41:39 INFO ShuffleBlockFetcherIterator: Started 0 remote fetches in 0 ms
20/07/22 15:41:39 INFO Executor: Finished task 154.0 in stage 4.0 (TID 158). 4452 bytes result sent to driver
20/07/22 15:41:39 INFO TaskSetManager: Starting task 155.0 in stage 4.0 (TID 159, localhost, executor driver, partition 155, ANY, 5890 bytes)
20/07/22 15:41:39 INFO Executor: Running task 155.0 in stage 4.0 (TID 159)
20/07/22 15:41:39 INFO TaskSetManager: Finished task 154.0 in stage 4.0 (TID 158) in 5 ms on localhost (executor driver) (155/200)
20/07/22 15:41:39 INFO ShuffleBlockFetcherIterator: Getting 1 non-empty blocks out of 1 blocks
20/07/22 15:41:39 INFO ShuffleBlockFetcherIterator: Started 0 remote fetches in 0 ms
20/07/22 15:41:39 INFO Executor: Finished task 155.0 in stage 4.0 (TID 159). 4436 bytes result sent to driver
20/07/22 15:41:39 INFO TaskSetManager: Starting task 156.0 in stage 4.0 (TID 160, localhost, executor driver, partition 156, ANY, 5890 bytes)
20/07/22 15:41:39 INFO TaskSetManager: Finished task 155.0 in stage 4.0 (TID 159) in 4 ms on localhost (executor driver) (156/200)
20/07/22 15:41:39 INFO Executor: Running task 156.0 in stage 4.0 (TID 160)
20/07/22 15:41:39 INFO ShuffleBlockFetcherIterator: Getting 1 non-empty blocks out of 1 blocks
20/07/22 15:41:39 INFO ShuffleBlockFetcherIterator: Started 0 remote fetches in 0 ms
20/07/22 15:41:39 INFO Executor: Finished task 156.0 in stage 4.0 (TID 160). 4444 bytes result sent to driver
20/07/22 15:41:39 INFO TaskSetManager: Starting task 157.0 in stage 4.0 (TID 161, localhost, executor driver, partition 157, ANY, 5890 bytes)
20/07/22 15:41:39 INFO TaskSetManager: Finished task 156.0 in stage 4.0 (TID 160) in 6 ms on localhost (executor driver) (157/200)
20/07/22 15:41:39 INFO Executor: Running task 157.0 in stage 4.0 (TID 161)
20/07/22 15:41:39 INFO ShuffleBlockFetcherIterator: Getting 1 non-empty blocks out of 1 blocks
20/07/22 15:41:39 INFO ShuffleBlockFetcherIterator: Started 0 remote fetches in 0 ms
20/07/22 15:41:39 INFO Executor: Finished task 157.0 in stage 4.0 (TID 161). 4468 bytes result sent to driver
20/07/22 15:41:39 INFO TaskSetManager: Starting task 158.0 in stage 4.0 (TID 162, localhost, executor driver, partition 158, ANY, 5890 bytes)
20/07/22 15:41:39 INFO Executor: Running task 158.0 in stage 4.0 (TID 162)
20/07/22 15:41:39 INFO TaskSetManager: Finished task 157.0 in stage 4.0 (TID 161) in 5 ms on localhost (executor driver) (158/200)
20/07/22 15:41:39 INFO ShuffleBlockFetcherIterator: Getting 1 non-empty blocks out of 1 blocks
20/07/22 15:41:39 INFO ShuffleBlockFetcherIterator: Started 0 remote fetches in 0 ms
20/07/22 15:41:39 INFO Executor: Finished task 158.0 in stage 4.0 (TID 162). 4436 bytes result sent to driver
20/07/22 15:41:39 INFO TaskSetManager: Starting task 159.0 in stage 4.0 (TID 163, localhost, executor driver, partition 159, ANY, 5890 bytes)
20/07/22 15:41:39 INFO Executor: Running task 159.0 in stage 4.0 (TID 163)
20/07/22 15:41:39 INFO TaskSetManager: Finished task 158.0 in stage 4.0 (TID 162) in 5 ms on localhost (executor driver) (159/200)
20/07/22 15:41:39 INFO ShuffleBlockFetcherIterator: Getting 1 non-empty blocks out of 1 blocks
20/07/22 15:41:39 INFO ShuffleBlockFetcherIterator: Started 0 remote fetches in 0 ms
20/07/22 15:41:39 INFO Executor: Finished task 159.0 in stage 4.0 (TID 163). 4460 bytes result sent to driver
20/07/22 15:41:39 INFO TaskSetManager: Starting task 160.0 in stage 4.0 (TID 164, localhost, executor driver, partition 160, ANY, 5890 bytes)
20/07/22 15:41:39 INFO TaskSetManager: Finished task 159.0 in stage 4.0 (TID 163) in 6 ms on localhost (executor driver) (160/200)
20/07/22 15:41:39 INFO Executor: Running task 160.0 in stage 4.0 (TID 164)
20/07/22 15:41:39 INFO ShuffleBlockFetcherIterator: Getting 1 non-empty blocks out of 1 blocks
20/07/22 15:41:39 INFO ShuffleBlockFetcherIterator: Started 0 remote fetches in 0 ms
20/07/22 15:41:39 INFO Executor: Finished task 160.0 in stage 4.0 (TID 164). 4436 bytes result sent to driver
20/07/22 15:41:39 INFO TaskSetManager: Starting task 161.0 in stage 4.0 (TID 165, localhost, executor driver, partition 161, ANY, 5890 bytes)
20/07/22 15:41:39 INFO Executor: Running task 161.0 in stage 4.0 (TID 165)
20/07/22 15:41:39 INFO TaskSetManager: Finished task 160.0 in stage 4.0 (TID 164) in 7 ms on localhost (executor driver) (161/200)
20/07/22 15:41:39 INFO ShuffleBlockFetcherIterator: Getting 1 non-empty blocks out of 1 blocks
20/07/22 15:41:39 INFO ShuffleBlockFetcherIterator: Started 0 remote fetches in 0 ms
20/07/22 15:41:39 INFO Executor: Finished task 161.0 in stage 4.0 (TID 165). 4428 bytes result sent to driver
20/07/22 15:41:39 INFO TaskSetManager: Starting task 162.0 in stage 4.0 (TID 166, localhost, executor driver, partition 162, ANY, 5890 bytes)
20/07/22 15:41:39 INFO Executor: Running task 162.0 in stage 4.0 (TID 166)
20/07/22 15:41:39 INFO TaskSetManager: Finished task 161.0 in stage 4.0 (TID 165) in 5 ms on localhost (executor driver) (162/200)
20/07/22 15:41:39 INFO ShuffleBlockFetcherIterator: Getting 1 non-empty blocks out of 1 blocks
20/07/22 15:41:39 INFO ShuffleBlockFetcherIterator: Started 0 remote fetches in 0 ms
20/07/22 15:41:39 INFO Executor: Finished task 162.0 in stage 4.0 (TID 166). 4444 bytes result sent to driver
20/07/22 15:41:39 INFO TaskSetManager: Starting task 163.0 in stage 4.0 (TID 167, localhost, executor driver, partition 163, ANY, 5890 bytes)
20/07/22 15:41:39 INFO TaskSetManager: Finished task 162.0 in stage 4.0 (TID 166) in 8 ms on localhost (executor driver) (163/200)
20/07/22 15:41:39 INFO Executor: Running task 163.0 in stage 4.0 (TID 167)
20/07/22 15:41:39 INFO ShuffleBlockFetcherIterator: Getting 1 non-empty blocks out of 1 blocks
20/07/22 15:41:39 INFO ShuffleBlockFetcherIterator: Started 0 remote fetches in 0 ms
20/07/22 15:41:39 INFO Executor: Finished task 163.0 in stage 4.0 (TID 167). 4444 bytes result sent to driver
20/07/22 15:41:39 INFO TaskSetManager: Starting task 164.0 in stage 4.0 (TID 168, localhost, executor driver, partition 164, ANY, 5890 bytes)
20/07/22 15:41:39 INFO Executor: Running task 164.0 in stage 4.0 (TID 168)
20/07/22 15:41:39 INFO TaskSetManager: Finished task 163.0 in stage 4.0 (TID 167) in 6 ms on localhost (executor driver) (164/200)
20/07/22 15:41:39 INFO ShuffleBlockFetcherIterator: Getting 1 non-empty blocks out of 1 blocks
20/07/22 15:41:39 INFO ShuffleBlockFetcherIterator: Started 0 remote fetches in 0 ms
20/07/22 15:41:39 INFO Executor: Finished task 164.0 in stage 4.0 (TID 168). 4444 bytes result sent to driver
20/07/22 15:41:39 INFO TaskSetManager: Starting task 165.0 in stage 4.0 (TID 169, localhost, executor driver, partition 165, ANY, 5890 bytes)
20/07/22 15:41:39 INFO Executor: Running task 165.0 in stage 4.0 (TID 169)
20/07/22 15:41:39 INFO TaskSetManager: Finished task 164.0 in stage 4.0 (TID 168) in 8 ms on localhost (executor driver) (165/200)
20/07/22 15:41:39 INFO ShuffleBlockFetcherIterator: Getting 1 non-empty blocks out of 1 blocks
20/07/22 15:41:39 INFO ShuffleBlockFetcherIterator: Started 0 remote fetches in 0 ms
20/07/22 15:41:39 INFO Executor: Finished task 165.0 in stage 4.0 (TID 169). 4444 bytes result sent to driver
20/07/22 15:41:39 INFO TaskSetManager: Starting task 166.0 in stage 4.0 (TID 170, localhost, executor driver, partition 166, ANY, 5890 bytes)
20/07/22 15:41:39 INFO Executor: Running task 166.0 in stage 4.0 (TID 170)
20/07/22 15:41:39 INFO TaskSetManager: Finished task 165.0 in stage 4.0 (TID 169) in 5 ms on localhost (executor driver) (166/200)
20/07/22 15:41:39 INFO ShuffleBlockFetcherIterator: Getting 1 non-empty blocks out of 1 blocks
20/07/22 15:41:39 INFO ShuffleBlockFetcherIterator: Started 0 remote fetches in 1 ms
20/07/22 15:41:39 INFO Executor: Finished task 166.0 in stage 4.0 (TID 170). 4420 bytes result sent to driver
20/07/22 15:41:39 INFO TaskSetManager: Starting task 167.0 in stage 4.0 (TID 171, localhost, executor driver, partition 167, ANY, 5890 bytes)
20/07/22 15:41:39 INFO TaskSetManager: Finished task 166.0 in stage 4.0 (TID 170) in 5 ms on localhost (executor driver) (167/200)
20/07/22 15:41:39 INFO Executor: Running task 167.0 in stage 4.0 (TID 171)
20/07/22 15:41:39 INFO ShuffleBlockFetcherIterator: Getting 1 non-empty blocks out of 1 blocks
20/07/22 15:41:39 INFO ShuffleBlockFetcherIterator: Started 0 remote fetches in 0 ms
20/07/22 15:41:39 INFO Executor: Finished task 167.0 in stage 4.0 (TID 171). 4436 bytes result sent to driver
20/07/22 15:41:39 INFO TaskSetManager: Starting task 168.0 in stage 4.0 (TID 172, localhost, executor driver, partition 168, ANY, 5890 bytes)
20/07/22 15:41:39 INFO Executor: Running task 168.0 in stage 4.0 (TID 172)
20/07/22 15:41:39 INFO TaskSetManager: Finished task 167.0 in stage 4.0 (TID 171) in 6 ms on localhost (executor driver) (168/200)
20/07/22 15:41:39 INFO ShuffleBlockFetcherIterator: Getting 1 non-empty blocks out of 1 blocks
20/07/22 15:41:39 INFO ShuffleBlockFetcherIterator: Started 0 remote fetches in 0 ms
20/07/22 15:41:39 INFO Executor: Finished task 168.0 in stage 4.0 (TID 172). 4428 bytes result sent to driver
20/07/22 15:41:39 INFO TaskSetManager: Starting task 169.0 in stage 4.0 (TID 173, localhost, executor driver, partition 169, ANY, 5890 bytes)
20/07/22 15:41:39 INFO Executor: Running task 169.0 in stage 4.0 (TID 173)
20/07/22 15:41:39 INFO TaskSetManager: Finished task 168.0 in stage 4.0 (TID 172) in 5 ms on localhost (executor driver) (169/200)
20/07/22 15:41:39 INFO ShuffleBlockFetcherIterator: Getting 1 non-empty blocks out of 1 blocks
20/07/22 15:41:39 INFO ShuffleBlockFetcherIterator: Started 0 remote fetches in 0 ms
20/07/22 15:41:39 INFO Executor: Finished task 169.0 in stage 4.0 (TID 173). 4428 bytes result sent to driver
20/07/22 15:41:39 INFO TaskSetManager: Starting task 170.0 in stage 4.0 (TID 174, localhost, executor driver, partition 170, ANY, 5890 bytes)
20/07/22 15:41:39 INFO TaskSetManager: Finished task 169.0 in stage 4.0 (TID 173) in 5 ms on localhost (executor driver) (170/200)
20/07/22 15:41:39 INFO Executor: Running task 170.0 in stage 4.0 (TID 174)
20/07/22 15:41:39 INFO ShuffleBlockFetcherIterator: Getting 1 non-empty blocks out of 1 blocks
20/07/22 15:41:39 INFO ShuffleBlockFetcherIterator: Started 0 remote fetches in 0 ms
20/07/22 15:41:39 INFO Executor: Finished task 170.0 in stage 4.0 (TID 174). 4428 bytes result sent to driver
20/07/22 15:41:39 INFO TaskSetManager: Starting task 171.0 in stage 4.0 (TID 175, localhost, executor driver, partition 171, ANY, 5890 bytes)
20/07/22 15:41:39 INFO Executor: Running task 171.0 in stage 4.0 (TID 175)
20/07/22 15:41:39 INFO TaskSetManager: Finished task 170.0 in stage 4.0 (TID 174) in 6 ms on localhost (executor driver) (171/200)
20/07/22 15:41:39 INFO ShuffleBlockFetcherIterator: Getting 1 non-empty blocks out of 1 blocks
20/07/22 15:41:39 INFO ShuffleBlockFetcherIterator: Started 0 remote fetches in 0 ms
20/07/22 15:41:39 INFO Executor: Finished task 171.0 in stage 4.0 (TID 175). 4444 bytes result sent to driver
20/07/22 15:41:39 INFO TaskSetManager: Starting task 172.0 in stage 4.0 (TID 176, localhost, executor driver, partition 172, ANY, 5890 bytes)
20/07/22 15:41:39 INFO Executor: Running task 172.0 in stage 4.0 (TID 176)
20/07/22 15:41:39 INFO ShuffleBlockFetcherIterator: Getting 1 non-empty blocks out of 1 blocks
20/07/22 15:41:39 INFO ShuffleBlockFetcherIterator: Started 0 remote fetches in 0 ms
20/07/22 15:41:39 INFO Executor: Finished task 172.0 in stage 4.0 (TID 176). 4523 bytes result sent to driver
20/07/22 15:41:39 INFO TaskSetManager: Finished task 171.0 in stage 4.0 (TID 175) in 8 ms on localhost (executor driver) (172/200)
20/07/22 15:41:39 INFO TaskSetManager: Starting task 173.0 in stage 4.0 (TID 177, localhost, executor driver, partition 173, ANY, 5890 bytes)
20/07/22 15:41:39 INFO Executor: Running task 173.0 in stage 4.0 (TID 177)
20/07/22 15:41:39 INFO TaskSetManager: Finished task 172.0 in stage 4.0 (TID 176) in 5 ms on localhost (executor driver) (173/200)
20/07/22 15:41:39 INFO ShuffleBlockFetcherIterator: Getting 1 non-empty blocks out of 1 blocks
20/07/22 15:41:39 INFO ShuffleBlockFetcherIterator: Started 0 remote fetches in 0 ms
20/07/22 15:41:39 INFO Executor: Finished task 173.0 in stage 4.0 (TID 177). 4428 bytes result sent to driver
20/07/22 15:41:39 INFO TaskSetManager: Starting task 174.0 in stage 4.0 (TID 178, localhost, executor driver, partition 174, ANY, 5890 bytes)
20/07/22 15:41:39 INFO TaskSetManager: Finished task 173.0 in stage 4.0 (TID 177) in 4 ms on localhost (executor driver) (174/200)
20/07/22 15:41:39 INFO Executor: Running task 174.0 in stage 4.0 (TID 178)
20/07/22 15:41:39 INFO ShuffleBlockFetcherIterator: Getting 1 non-empty blocks out of 1 blocks
20/07/22 15:41:39 INFO ShuffleBlockFetcherIterator: Started 0 remote fetches in 0 ms
20/07/22 15:41:39 INFO Executor: Finished task 174.0 in stage 4.0 (TID 178). 4444 bytes result sent to driver
20/07/22 15:41:39 INFO TaskSetManager: Starting task 175.0 in stage 4.0 (TID 179, localhost, executor driver, partition 175, ANY, 5890 bytes)
20/07/22 15:41:39 INFO Executor: Running task 175.0 in stage 4.0 (TID 179)
20/07/22 15:41:39 INFO TaskSetManager: Finished task 174.0 in stage 4.0 (TID 178) in 6 ms on localhost (executor driver) (175/200)
20/07/22 15:41:39 INFO ShuffleBlockFetcherIterator: Getting 1 non-empty blocks out of 1 blocks
20/07/22 15:41:39 INFO ShuffleBlockFetcherIterator: Started 0 remote fetches in 0 ms
20/07/22 15:41:39 INFO Executor: Finished task 175.0 in stage 4.0 (TID 179). 4436 bytes result sent to driver
20/07/22 15:41:39 INFO TaskSetManager: Starting task 176.0 in stage 4.0 (TID 180, localhost, executor driver, partition 176, ANY, 5890 bytes)
20/07/22 15:41:39 INFO TaskSetManager: Finished task 175.0 in stage 4.0 (TID 179) in 5 ms on localhost (executor driver) (176/200)
20/07/22 15:41:39 INFO Executor: Running task 176.0 in stage 4.0 (TID 180)
20/07/22 15:41:39 INFO ShuffleBlockFetcherIterator: Getting 1 non-empty blocks out of 1 blocks
20/07/22 15:41:39 INFO ShuffleBlockFetcherIterator: Started 0 remote fetches in 0 ms
20/07/22 15:41:39 INFO Executor: Finished task 176.0 in stage 4.0 (TID 180). 4444 bytes result sent to driver
20/07/22 15:41:39 INFO TaskSetManager: Starting task 177.0 in stage 4.0 (TID 181, localhost, executor driver, partition 177, ANY, 5890 bytes)
20/07/22 15:41:39 INFO Executor: Running task 177.0 in stage 4.0 (TID 181)
20/07/22 15:41:39 INFO TaskSetManager: Finished task 176.0 in stage 4.0 (TID 180) in 6 ms on localhost (executor driver) (177/200)
20/07/22 15:41:39 INFO ShuffleBlockFetcherIterator: Getting 1 non-empty blocks out of 1 blocks
20/07/22 15:41:39 INFO ShuffleBlockFetcherIterator: Started 0 remote fetches in 0 ms
20/07/22 15:41:39 INFO Executor: Finished task 177.0 in stage 4.0 (TID 181). 4428 bytes result sent to driver
20/07/22 15:41:39 INFO TaskSetManager: Starting task 178.0 in stage 4.0 (TID 182, localhost, executor driver, partition 178, ANY, 5890 bytes)
20/07/22 15:41:39 INFO Executor: Running task 178.0 in stage 4.0 (TID 182)
20/07/22 15:41:39 INFO TaskSetManager: Finished task 177.0 in stage 4.0 (TID 181) in 4 ms on localhost (executor driver) (178/200)
20/07/22 15:41:39 INFO ShuffleBlockFetcherIterator: Getting 1 non-empty blocks out of 1 blocks
20/07/22 15:41:39 INFO ShuffleBlockFetcherIterator: Started 0 remote fetches in 0 ms
20/07/22 15:41:39 INFO Executor: Finished task 178.0 in stage 4.0 (TID 182). 4507 bytes result sent to driver
20/07/22 15:41:39 INFO TaskSetManager: Starting task 179.0 in stage 4.0 (TID 183, localhost, executor driver, partition 179, ANY, 5890 bytes)
20/07/22 15:41:39 INFO Executor: Running task 179.0 in stage 4.0 (TID 183)
20/07/22 15:41:39 INFO TaskSetManager: Finished task 178.0 in stage 4.0 (TID 182) in 5 ms on localhost (executor driver) (179/200)
20/07/22 15:41:39 INFO ShuffleBlockFetcherIterator: Getting 1 non-empty blocks out of 1 blocks
20/07/22 15:41:39 INFO ShuffleBlockFetcherIterator: Started 0 remote fetches in 0 ms
20/07/22 15:41:39 INFO Executor: Finished task 179.0 in stage 4.0 (TID 183). 4452 bytes result sent to driver
20/07/22 15:41:39 INFO TaskSetManager: Starting task 180.0 in stage 4.0 (TID 184, localhost, executor driver, partition 180, ANY, 5890 bytes)
20/07/22 15:41:39 INFO Executor: Running task 180.0 in stage 4.0 (TID 184)
20/07/22 15:41:39 INFO TaskSetManager: Finished task 179.0 in stage 4.0 (TID 183) in 4 ms on localhost (executor driver) (180/200)
20/07/22 15:41:39 INFO ShuffleBlockFetcherIterator: Getting 1 non-empty blocks out of 1 blocks
20/07/22 15:41:39 INFO ShuffleBlockFetcherIterator: Started 0 remote fetches in 0 ms
20/07/22 15:41:39 INFO Executor: Finished task 180.0 in stage 4.0 (TID 184). 4452 bytes result sent to driver
20/07/22 15:41:39 INFO TaskSetManager: Starting task 181.0 in stage 4.0 (TID 185, localhost, executor driver, partition 181, ANY, 5890 bytes)
20/07/22 15:41:39 INFO TaskSetManager: Finished task 180.0 in stage 4.0 (TID 184) in 4 ms on localhost (executor driver) (181/200)
20/07/22 15:41:39 INFO Executor: Running task 181.0 in stage 4.0 (TID 185)
20/07/22 15:41:39 INFO ShuffleBlockFetcherIterator: Getting 1 non-empty blocks out of 1 blocks
20/07/22 15:41:39 INFO ShuffleBlockFetcherIterator: Started 0 remote fetches in 0 ms
20/07/22 15:41:39 INFO Executor: Finished task 181.0 in stage 4.0 (TID 185). 4452 bytes result sent to driver
20/07/22 15:41:39 INFO TaskSetManager: Starting task 182.0 in stage 4.0 (TID 186, localhost, executor driver, partition 182, ANY, 5890 bytes)
20/07/22 15:41:39 INFO Executor: Running task 182.0 in stage 4.0 (TID 186)
20/07/22 15:41:39 INFO TaskSetManager: Finished task 181.0 in stage 4.0 (TID 185) in 6 ms on localhost (executor driver) (182/200)
20/07/22 15:41:39 INFO ShuffleBlockFetcherIterator: Getting 1 non-empty blocks out of 1 blocks
20/07/22 15:41:39 INFO ShuffleBlockFetcherIterator: Started 0 remote fetches in 0 ms
20/07/22 15:41:39 INFO Executor: Finished task 182.0 in stage 4.0 (TID 186). 4436 bytes result sent to driver
20/07/22 15:41:39 INFO TaskSetManager: Starting task 183.0 in stage 4.0 (TID 187, localhost, executor driver, partition 183, ANY, 5890 bytes)
20/07/22 15:41:39 INFO Executor: Running task 183.0 in stage 4.0 (TID 187)
20/07/22 15:41:39 INFO TaskSetManager: Finished task 182.0 in stage 4.0 (TID 186) in 5 ms on localhost (executor driver) (183/200)
20/07/22 15:41:39 INFO ShuffleBlockFetcherIterator: Getting 1 non-empty blocks out of 1 blocks
20/07/22 15:41:39 INFO ShuffleBlockFetcherIterator: Started 0 remote fetches in 0 ms
20/07/22 15:41:39 INFO Executor: Finished task 183.0 in stage 4.0 (TID 187). 4444 bytes result sent to driver
20/07/22 15:41:39 INFO TaskSetManager: Starting task 184.0 in stage 4.0 (TID 188, localhost, executor driver, partition 184, ANY, 5890 bytes)
20/07/22 15:41:39 INFO TaskSetManager: Finished task 183.0 in stage 4.0 (TID 187) in 4 ms on localhost (executor driver) (184/200)
20/07/22 15:41:39 INFO Executor: Running task 184.0 in stage 4.0 (TID 188)
20/07/22 15:41:39 INFO ShuffleBlockFetcherIterator: Getting 1 non-empty blocks out of 1 blocks
20/07/22 15:41:39 INFO ShuffleBlockFetcherIterator: Started 0 remote fetches in 0 ms
20/07/22 15:41:39 INFO Executor: Finished task 184.0 in stage 4.0 (TID 188). 4468 bytes result sent to driver
20/07/22 15:41:39 INFO TaskSetManager: Starting task 185.0 in stage 4.0 (TID 189, localhost, executor driver, partition 185, ANY, 5890 bytes)
20/07/22 15:41:39 INFO Executor: Running task 185.0 in stage 4.0 (TID 189)
20/07/22 15:41:39 INFO TaskSetManager: Finished task 184.0 in stage 4.0 (TID 188) in 4 ms on localhost (executor driver) (185/200)
20/07/22 15:41:39 INFO ShuffleBlockFetcherIterator: Getting 1 non-empty blocks out of 1 blocks
20/07/22 15:41:39 INFO ShuffleBlockFetcherIterator: Started 0 remote fetches in 0 ms
20/07/22 15:41:39 INFO Executor: Finished task 185.0 in stage 4.0 (TID 189). 4420 bytes result sent to driver
20/07/22 15:41:39 INFO TaskSetManager: Starting task 186.0 in stage 4.0 (TID 190, localhost, executor driver, partition 186, ANY, 5890 bytes)
20/07/22 15:41:39 INFO Executor: Running task 186.0 in stage 4.0 (TID 190)
20/07/22 15:41:39 INFO TaskSetManager: Finished task 185.0 in stage 4.0 (TID 189) in 5 ms on localhost (executor driver) (186/200)
20/07/22 15:41:39 INFO ShuffleBlockFetcherIterator: Getting 1 non-empty blocks out of 1 blocks
20/07/22 15:41:39 INFO ShuffleBlockFetcherIterator: Started 0 remote fetches in 0 ms
20/07/22 15:41:39 INFO Executor: Finished task 186.0 in stage 4.0 (TID 190). 4452 bytes result sent to driver
20/07/22 15:41:39 INFO TaskSetManager: Starting task 187.0 in stage 4.0 (TID 191, localhost, executor driver, partition 187, ANY, 5890 bytes)
20/07/22 15:41:39 INFO TaskSetManager: Finished task 186.0 in stage 4.0 (TID 190) in 4 ms on localhost (executor driver) (187/200)
20/07/22 15:41:39 INFO Executor: Running task 187.0 in stage 4.0 (TID 191)
20/07/22 15:41:39 INFO ShuffleBlockFetcherIterator: Getting 1 non-empty blocks out of 1 blocks
20/07/22 15:41:39 INFO ShuffleBlockFetcherIterator: Started 0 remote fetches in 0 ms
20/07/22 15:41:39 INFO Executor: Finished task 187.0 in stage 4.0 (TID 191). 4452 bytes result sent to driver
20/07/22 15:41:39 INFO TaskSetManager: Starting task 188.0 in stage 4.0 (TID 192, localhost, executor driver, partition 188, ANY, 5890 bytes)
20/07/22 15:41:39 INFO TaskSetManager: Finished task 187.0 in stage 4.0 (TID 191) in 4 ms on localhost (executor driver) (188/200)
20/07/22 15:41:39 INFO Executor: Running task 188.0 in stage 4.0 (TID 192)
20/07/22 15:41:39 INFO ShuffleBlockFetcherIterator: Getting 1 non-empty blocks out of 1 blocks
20/07/22 15:41:39 INFO ShuffleBlockFetcherIterator: Started 0 remote fetches in 0 ms
20/07/22 15:41:39 INFO Executor: Finished task 188.0 in stage 4.0 (TID 192). 4460 bytes result sent to driver
20/07/22 15:41:39 INFO TaskSetManager: Starting task 189.0 in stage 4.0 (TID 193, localhost, executor driver, partition 189, ANY, 5890 bytes)
20/07/22 15:41:39 INFO Executor: Running task 189.0 in stage 4.0 (TID 193)
20/07/22 15:41:39 INFO TaskSetManager: Finished task 188.0 in stage 4.0 (TID 192) in 5 ms on localhost (executor driver) (189/200)
20/07/22 15:41:39 INFO ShuffleBlockFetcherIterator: Getting 1 non-empty blocks out of 1 blocks
20/07/22 15:41:39 INFO ShuffleBlockFetcherIterator: Started 0 remote fetches in 0 ms
20/07/22 15:41:39 INFO Executor: Finished task 189.0 in stage 4.0 (TID 193). 4436 bytes result sent to driver
20/07/22 15:41:39 INFO TaskSetManager: Starting task 190.0 in stage 4.0 (TID 194, localhost, executor driver, partition 190, ANY, 5890 bytes)
20/07/22 15:41:39 INFO Executor: Running task 190.0 in stage 4.0 (TID 194)
20/07/22 15:41:39 INFO TaskSetManager: Finished task 189.0 in stage 4.0 (TID 193) in 4 ms on localhost (executor driver) (190/200)
20/07/22 15:41:39 INFO ShuffleBlockFetcherIterator: Getting 1 non-empty blocks out of 1 blocks
20/07/22 15:41:39 INFO ShuffleBlockFetcherIterator: Started 0 remote fetches in 0 ms
20/07/22 15:41:39 INFO Executor: Finished task 190.0 in stage 4.0 (TID 194). 4444 bytes result sent to driver
20/07/22 15:41:39 INFO TaskSetManager: Starting task 191.0 in stage 4.0 (TID 195, localhost, executor driver, partition 191, ANY, 5890 bytes)
20/07/22 15:41:39 INFO TaskSetManager: Finished task 190.0 in stage 4.0 (TID 194) in 4 ms on localhost (executor driver) (191/200)
20/07/22 15:41:39 INFO Executor: Running task 191.0 in stage 4.0 (TID 195)
20/07/22 15:41:39 INFO ShuffleBlockFetcherIterator: Getting 1 non-empty blocks out of 1 blocks
20/07/22 15:41:39 INFO ShuffleBlockFetcherIterator: Started 0 remote fetches in 0 ms
20/07/22 15:41:39 INFO Executor: Finished task 191.0 in stage 4.0 (TID 195). 4428 bytes result sent to driver
20/07/22 15:41:39 INFO TaskSetManager: Starting task 192.0 in stage 4.0 (TID 196, localhost, executor driver, partition 192, ANY, 5890 bytes)
20/07/22 15:41:39 INFO TaskSetManager: Finished task 191.0 in stage 4.0 (TID 195) in 5 ms on localhost (executor driver) (192/200)
20/07/22 15:41:39 INFO Executor: Running task 192.0 in stage 4.0 (TID 196)
20/07/22 15:41:39 INFO ShuffleBlockFetcherIterator: Getting 1 non-empty blocks out of 1 blocks
20/07/22 15:41:39 INFO ShuffleBlockFetcherIterator: Started 0 remote fetches in 0 ms
20/07/22 15:41:39 INFO Executor: Finished task 192.0 in stage 4.0 (TID 196). 4436 bytes result sent to driver
20/07/22 15:41:39 INFO TaskSetManager: Starting task 193.0 in stage 4.0 (TID 197, localhost, executor driver, partition 193, ANY, 5890 bytes)
20/07/22 15:41:39 INFO TaskSetManager: Finished task 192.0 in stage 4.0 (TID 196) in 5 ms on localhost (executor driver) (193/200)
20/07/22 15:41:39 INFO Executor: Running task 193.0 in stage 4.0 (TID 197)
20/07/22 15:41:39 INFO ShuffleBlockFetcherIterator: Getting 1 non-empty blocks out of 1 blocks
20/07/22 15:41:39 INFO ShuffleBlockFetcherIterator: Started 0 remote fetches in 0 ms
20/07/22 15:41:39 INFO Executor: Finished task 193.0 in stage 4.0 (TID 197). 4436 bytes result sent to driver
20/07/22 15:41:39 INFO TaskSetManager: Starting task 194.0 in stage 4.0 (TID 198, localhost, executor driver, partition 194, ANY, 5890 bytes)
20/07/22 15:41:39 INFO Executor: Running task 194.0 in stage 4.0 (TID 198)
20/07/22 15:41:39 INFO TaskSetManager: Finished task 193.0 in stage 4.0 (TID 197) in 6 ms on localhost (executor driver) (194/200)
20/07/22 15:41:39 INFO ShuffleBlockFetcherIterator: Getting 1 non-empty blocks out of 1 blocks
20/07/22 15:41:39 INFO ShuffleBlockFetcherIterator: Started 0 remote fetches in 0 ms
20/07/22 15:41:39 INFO Executor: Finished task 194.0 in stage 4.0 (TID 198). 4444 bytes result sent to driver
20/07/22 15:41:39 INFO TaskSetManager: Starting task 195.0 in stage 4.0 (TID 199, localhost, executor driver, partition 195, ANY, 5890 bytes)
20/07/22 15:41:39 INFO TaskSetManager: Finished task 194.0 in stage 4.0 (TID 198) in 8 ms on localhost (executor driver) (195/200)
20/07/22 15:41:39 INFO Executor: Running task 195.0 in stage 4.0 (TID 199)
20/07/22 15:41:39 INFO ShuffleBlockFetcherIterator: Getting 1 non-empty blocks out of 1 blocks
20/07/22 15:41:39 INFO ShuffleBlockFetcherIterator: Started 0 remote fetches in 0 ms
20/07/22 15:41:39 INFO Executor: Finished task 195.0 in stage 4.0 (TID 199). 4444 bytes result sent to driver
20/07/22 15:41:39 INFO TaskSetManager: Starting task 196.0 in stage 4.0 (TID 200, localhost, executor driver, partition 196, ANY, 5890 bytes)
20/07/22 15:41:39 INFO TaskSetManager: Finished task 195.0 in stage 4.0 (TID 199) in 5 ms on localhost (executor driver) (196/200)
20/07/22 15:41:39 INFO Executor: Running task 196.0 in stage 4.0 (TID 200)
20/07/22 15:41:39 INFO ShuffleBlockFetcherIterator: Getting 1 non-empty blocks out of 1 blocks
20/07/22 15:41:39 INFO ShuffleBlockFetcherIterator: Started 0 remote fetches in 0 ms
20/07/22 15:41:39 INFO Executor: Finished task 196.0 in stage 4.0 (TID 200). 4444 bytes result sent to driver
20/07/22 15:41:39 INFO TaskSetManager: Starting task 197.0 in stage 4.0 (TID 201, localhost, executor driver, partition 197, ANY, 5890 bytes)
20/07/22 15:41:39 INFO TaskSetManager: Finished task 196.0 in stage 4.0 (TID 200) in 5 ms on localhost (executor driver) (197/200)
20/07/22 15:41:39 INFO Executor: Running task 197.0 in stage 4.0 (TID 201)
20/07/22 15:41:39 INFO ShuffleBlockFetcherIterator: Getting 1 non-empty blocks out of 1 blocks
20/07/22 15:41:39 INFO ShuffleBlockFetcherIterator: Started 0 remote fetches in 0 ms
20/07/22 15:41:39 INFO Executor: Finished task 197.0 in stage 4.0 (TID 201). 4460 bytes result sent to driver
20/07/22 15:41:39 INFO TaskSetManager: Starting task 198.0 in stage 4.0 (TID 202, localhost, executor driver, partition 198, ANY, 5890 bytes)
20/07/22 15:41:39 INFO TaskSetManager: Finished task 197.0 in stage 4.0 (TID 201) in 6 ms on localhost (executor driver) (198/200)
20/07/22 15:41:39 INFO Executor: Running task 198.0 in stage 4.0 (TID 202)
20/07/22 15:41:39 INFO ShuffleBlockFetcherIterator: Getting 1 non-empty blocks out of 1 blocks
20/07/22 15:41:39 INFO ShuffleBlockFetcherIterator: Started 0 remote fetches in 0 ms
20/07/22 15:41:39 INFO Executor: Finished task 198.0 in stage 4.0 (TID 202). 4468 bytes result sent to driver
20/07/22 15:41:39 INFO TaskSetManager: Starting task 199.0 in stage 4.0 (TID 203, localhost, executor driver, partition 199, ANY, 5890 bytes)
20/07/22 15:41:39 INFO TaskSetManager: Finished task 198.0 in stage 4.0 (TID 202) in 5 ms on localhost (executor driver) (199/200)
20/07/22 15:41:39 INFO Executor: Running task 199.0 in stage 4.0 (TID 203)
20/07/22 15:41:39 INFO ShuffleBlockFetcherIterator: Getting 1 non-empty blocks out of 1 blocks
20/07/22 15:41:39 INFO ShuffleBlockFetcherIterator: Started 0 remote fetches in 0 ms
20/07/22 15:41:39 INFO Executor: Finished task 199.0 in stage 4.0 (TID 203). 4420 bytes result sent to driver
20/07/22 15:41:39 INFO TaskSetManager: Finished task 199.0 in stage 4.0 (TID 203) in 5 ms on localhost (executor driver) (200/200)
20/07/22 15:41:39 INFO TaskSchedulerImpl: Removed TaskSet 4.0, whose tasks have all completed, from pool 
20/07/22 15:41:39 INFO DAGScheduler: ResultStage 4 (take at Task_Test.scala:75) finished in 1.043 s
20/07/22 15:41:39 INFO DAGScheduler: Job 3 finished: take at Task_Test.scala:75, took 1.856263 s
20/07/22 15:41:39 INFO SparkUI: Stopped Spark web UI at http://172.20.10.3:4040
20/07/22 15:41:39 INFO MapOutputTrackerMasterEndpoint: MapOutputTrackerMasterEndpoint stopped!
20/07/22 15:41:39 INFO MemoryStore: MemoryStore cleared
20/07/22 15:41:39 INFO BlockManager: BlockManager stopped
20/07/22 15:41:39 INFO BlockManagerMaster: BlockManagerMaster stopped
20/07/22 15:41:39 INFO OutputCommitCoordinator$OutputCommitCoordinatorEndpoint: OutputCommitCoordinator stopped!
20/07/22 15:41:39 INFO SparkContext: Successfully stopped SparkContext
20/07/22 15:41:39 INFO SparkContext: Running Spark version 2.1.0
20/07/22 15:41:39 INFO SecurityManager: Changing view acls to: yasasm
20/07/22 15:41:39 INFO SecurityManager: Changing modify acls to: yasasm
20/07/22 15:41:39 INFO SecurityManager: Changing view acls groups to: 
20/07/22 15:41:39 INFO SecurityManager: Changing modify acls groups to: 
20/07/22 15:41:39 INFO SecurityManager: SecurityManager: authentication disabled; ui acls disabled; users  with view permissions: Set(yasasm); groups with view permissions: Set(); users  with modify permissions: Set(yasasm); groups with modify permissions: Set()
20/07/22 15:41:39 INFO Utils: Successfully started service 'sparkDriver' on port 40615.
20/07/22 15:41:39 INFO SparkEnv: Registering MapOutputTracker
20/07/22 15:41:39 INFO SparkEnv: Registering BlockManagerMaster
20/07/22 15:41:39 INFO BlockManagerMasterEndpoint: Using org.apache.spark.storage.DefaultTopologyMapper for getting topology information
20/07/22 15:41:39 INFO BlockManagerMasterEndpoint: BlockManagerMasterEndpoint up
20/07/22 15:41:39 INFO DiskBlockManager: Created local directory at /tmp/blockmgr-bea5d66a-1ed5-4b58-9e20-8f0899224c2d
20/07/22 15:41:39 INFO MemoryStore: MemoryStore started with capacity 93.3 MB
20/07/22 15:41:39 INFO SparkEnv: Registering OutputCommitCoordinator
20/07/22 15:41:39 INFO Utils: Successfully started service 'SparkUI' on port 4040.
20/07/22 15:41:39 INFO SparkUI: Bound SparkUI to 0.0.0.0, and started at http://172.20.10.3:4040
20/07/22 15:41:39 INFO Executor: Starting executor ID driver on host localhost
20/07/22 15:41:39 INFO Utils: Successfully started service 'org.apache.spark.network.netty.NettyBlockTransferService' on port 39429.
20/07/22 15:41:40 INFO NettyBlockTransferService: Server created on 172.20.10.3:39429
20/07/22 15:41:40 INFO BlockManager: Using org.apache.spark.storage.RandomBlockReplicationPolicy for block replication policy
20/07/22 15:41:40 INFO BlockManagerMaster: Registering BlockManager BlockManagerId(driver, 172.20.10.3, 39429, None)
20/07/22 15:41:40 INFO BlockManagerMasterEndpoint: Registering block manager 172.20.10.3:39429 with 93.3 MB RAM, BlockManagerId(driver, 172.20.10.3, 39429, None)
20/07/22 15:41:40 INFO BlockManagerMaster: Registered BlockManager BlockManagerId(driver, 172.20.10.3, 39429, None)
20/07/22 15:41:40 INFO BlockManager: Initialized BlockManager: BlockManagerId(driver, 172.20.10.3, 39429, None)
20/07/22 15:41:40 INFO SharedState: Warehouse path is 'file:/home/yasasm/Desktop/ZoneProjects/spark-Azkaban/spark-warehouse/'.
20/07/22 15:41:40 INFO MemoryStore: Block broadcast_0 stored as values in memory (estimated size 127.1 KB, free 93.2 MB)
20/07/22 15:41:40 INFO MemoryStore: Block broadcast_0_piece0 stored as bytes in memory (estimated size 14.3 KB, free 93.2 MB)
20/07/22 15:41:40 INFO BlockManagerInfo: Added broadcast_0_piece0 in memory on 172.20.10.3:39429 (size: 14.3 KB, free: 93.3 MB)
20/07/22 15:41:40 INFO SparkContext: Created broadcast 0 from load at Task_Test.scala:25
20/07/22 15:41:40 INFO FileInputFormat: Total input paths to process : 1
20/07/22 15:41:40 INFO SparkContext: Starting job: load at Task_Test.scala:25
20/07/22 15:41:40 INFO DAGScheduler: Got job 0 (load at Task_Test.scala:25) with 1 output partitions
20/07/22 15:41:40 INFO DAGScheduler: Final stage: ResultStage 0 (load at Task_Test.scala:25)
20/07/22 15:41:40 INFO DAGScheduler: Parents of final stage: List()
20/07/22 15:41:40 INFO DAGScheduler: Missing parents: List()
20/07/22 15:41:40 INFO DAGScheduler: Submitting ResultStage 0 (MapPartitionsRDD[2] at load at Task_Test.scala:25), which has no missing parents
20/07/22 15:41:40 INFO MemoryStore: Block broadcast_1 stored as values in memory (estimated size 3.5 KB, free 93.2 MB)
20/07/22 15:41:40 INFO MemoryStore: Block broadcast_1_piece0 stored as bytes in memory (estimated size 2.1 KB, free 93.2 MB)
20/07/22 15:41:40 INFO BlockManagerInfo: Added broadcast_1_piece0 in memory on 172.20.10.3:39429 (size: 2.1 KB, free: 93.3 MB)
20/07/22 15:41:40 INFO SparkContext: Created broadcast 1 from broadcast at DAGScheduler.scala:996
20/07/22 15:41:40 INFO DAGScheduler: Submitting 1 missing tasks from ResultStage 0 (MapPartitionsRDD[2] at load at Task_Test.scala:25)
20/07/22 15:41:40 INFO TaskSchedulerImpl: Adding task set 0.0 with 1 tasks
20/07/22 15:41:40 INFO TaskSetManager: Starting task 0.0 in stage 0.0 (TID 0, localhost, executor driver, partition 0, PROCESS_LOCAL, 6035 bytes)
20/07/22 15:41:40 INFO Executor: Running task 0.0 in stage 0.0 (TID 0)
20/07/22 15:41:40 INFO HadoopRDD: Input split: file:/home/yasasm/Desktop/ZoneProjects/spark-Azkaban/src/main/inputs/athlete_events.csv:0+33554432
20/07/22 15:41:40 INFO Executor: Finished task 0.0 in stage 0.0 (TID 0). 1197 bytes result sent to driver
20/07/22 15:41:40 INFO DAGScheduler: ResultStage 0 (load at Task_Test.scala:25) finished in 0.012 s
20/07/22 15:41:40 INFO DAGScheduler: Job 0 finished: load at Task_Test.scala:25, took 0.016807 s
20/07/22 15:41:40 INFO TaskSetManager: Finished task 0.0 in stage 0.0 (TID 0) in 11 ms on localhost (executor driver) (1/1)
20/07/22 15:41:40 INFO TaskSchedulerImpl: Removed TaskSet 0.0, whose tasks have all completed, from pool 
20/07/22 15:41:40 INFO MemoryStore: Block broadcast_2 stored as values in memory (estimated size 127.2 KB, free 93.0 MB)
20/07/22 15:41:40 INFO MemoryStore: Block broadcast_2_piece0 stored as bytes in memory (estimated size 14.3 KB, free 93.0 MB)
20/07/22 15:41:40 INFO BlockManagerInfo: Added broadcast_2_piece0 in memory on 172.20.10.3:39429 (size: 14.3 KB, free: 93.3 MB)
20/07/22 15:41:40 INFO SparkContext: Created broadcast 2 from load at Task_Test.scala:25
20/07/22 15:41:40 INFO FileInputFormat: Total input paths to process : 1
20/07/22 15:41:40 INFO SparkContext: Starting job: load at Task_Test.scala:25
20/07/22 15:41:40 INFO DAGScheduler: Got job 1 (load at Task_Test.scala:25) with 1 output partitions
20/07/22 15:41:40 INFO DAGScheduler: Final stage: ResultStage 1 (load at Task_Test.scala:25)
20/07/22 15:41:40 INFO DAGScheduler: Parents of final stage: List()
20/07/22 15:41:40 INFO DAGScheduler: Missing parents: List()
20/07/22 15:41:40 INFO DAGScheduler: Submitting ResultStage 1 (MapPartitionsRDD[5] at load at Task_Test.scala:25), which has no missing parents
20/07/22 15:41:40 INFO MemoryStore: Block broadcast_3 stored as values in memory (estimated size 3.5 KB, free 93.0 MB)
20/07/22 15:41:40 INFO MemoryStore: Block broadcast_3_piece0 stored as bytes in memory (estimated size 2.1 KB, free 93.0 MB)
20/07/22 15:41:40 INFO BlockManagerInfo: Added broadcast_3_piece0 in memory on 172.20.10.3:39429 (size: 2.1 KB, free: 93.3 MB)
20/07/22 15:41:40 INFO SparkContext: Created broadcast 3 from broadcast at DAGScheduler.scala:996
20/07/22 15:41:40 INFO DAGScheduler: Submitting 1 missing tasks from ResultStage 1 (MapPartitionsRDD[5] at load at Task_Test.scala:25)
20/07/22 15:41:40 INFO TaskSchedulerImpl: Adding task set 1.0 with 1 tasks
20/07/22 15:41:40 INFO TaskSetManager: Starting task 0.0 in stage 1.0 (TID 1, localhost, executor driver, partition 0, PROCESS_LOCAL, 6035 bytes)
20/07/22 15:41:40 INFO Executor: Running task 0.0 in stage 1.0 (TID 1)
20/07/22 15:41:40 INFO HadoopRDD: Input split: file:/home/yasasm/Desktop/ZoneProjects/spark-Azkaban/src/main/inputs/athlete_events.csv:0+33554432
20/07/22 15:41:40 INFO Executor: Finished task 0.0 in stage 1.0 (TID 1). 1197 bytes result sent to driver
20/07/22 15:41:40 INFO TaskSetManager: Finished task 0.0 in stage 1.0 (TID 1) in 5 ms on localhost (executor driver) (1/1)
20/07/22 15:41:40 INFO TaskSchedulerImpl: Removed TaskSet 1.0, whose tasks have all completed, from pool 
20/07/22 15:41:40 INFO DAGScheduler: ResultStage 1 (load at Task_Test.scala:25) finished in 0.007 s
20/07/22 15:41:40 INFO DAGScheduler: Job 1 finished: load at Task_Test.scala:25, took 0.009438 s
20/07/22 15:41:40 INFO BlockManagerInfo: Removed broadcast_0_piece0 on 172.20.10.3:39429 in memory (size: 14.3 KB, free: 93.3 MB)
20/07/22 15:41:40 INFO BlockManagerInfo: Removed broadcast_1_piece0 on 172.20.10.3:39429 in memory (size: 2.1 KB, free: 93.3 MB)
20/07/22 15:41:40 INFO BlockManagerInfo: Removed broadcast_2_piece0 on 172.20.10.3:39429 in memory (size: 14.3 KB, free: 93.3 MB)
20/07/22 15:41:40 INFO BlockManagerInfo: Removed broadcast_3_piece0 on 172.20.10.3:39429 in memory (size: 2.1 KB, free: 93.3 MB)
20/07/22 15:41:40 INFO SparkContext: Starting job: collect at Task_Test.scala:117
20/07/22 15:41:40 INFO DAGScheduler: Got job 2 (collect at Task_Test.scala:117) with 1 output partitions
20/07/22 15:41:40 INFO DAGScheduler: Final stage: ResultStage 2 (collect at Task_Test.scala:117)
20/07/22 15:41:40 INFO DAGScheduler: Parents of final stage: List()
20/07/22 15:41:40 INFO DAGScheduler: Missing parents: List()
20/07/22 15:41:40 INFO DAGScheduler: Submitting ResultStage 2 (MapPartitionsRDD[10] at collect at Task_Test.scala:117), which has no missing parents
20/07/22 15:41:40 INFO MemoryStore: Block broadcast_4 stored as values in memory (estimated size 8.5 KB, free 93.3 MB)
20/07/22 15:41:40 INFO MemoryStore: Block broadcast_4_piece0 stored as bytes in memory (estimated size 4.5 KB, free 93.3 MB)
20/07/22 15:41:40 INFO BlockManagerInfo: Added broadcast_4_piece0 in memory on 172.20.10.3:39429 (size: 4.5 KB, free: 93.3 MB)
20/07/22 15:41:40 INFO SparkContext: Created broadcast 4 from broadcast at DAGScheduler.scala:996
20/07/22 15:41:40 INFO DAGScheduler: Submitting 1 missing tasks from ResultStage 2 (MapPartitionsRDD[10] at collect at Task_Test.scala:117)
20/07/22 15:41:40 INFO TaskSchedulerImpl: Adding task set 2.0 with 1 tasks
20/07/22 15:41:40 INFO TaskSetManager: Starting task 0.0 in stage 2.0 (TID 2, localhost, executor driver, partition 0, PROCESS_LOCAL, 6176 bytes)
20/07/22 15:41:40 INFO Executor: Running task 0.0 in stage 2.0 (TID 2)
20/07/22 15:41:40 INFO Executor: Finished task 0.0 in stage 2.0 (TID 2). 1224 bytes result sent to driver
20/07/22 15:41:40 INFO TaskSetManager: Finished task 0.0 in stage 2.0 (TID 2) in 8 ms on localhost (executor driver) (1/1)
20/07/22 15:41:40 INFO DAGScheduler: ResultStage 2 (collect at Task_Test.scala:117) finished in 0.006 s
20/07/22 15:41:40 INFO TaskSchedulerImpl: Removed TaskSet 2.0, whose tasks have all completed, from pool 
20/07/22 15:41:40 INFO DAGScheduler: Job 2 finished: collect at Task_Test.scala:117, took 0.013166 s
20/07/22 15:41:40 INFO FileSourceStrategy: Pruning directories with: 
20/07/22 15:41:40 INFO FileSourceStrategy: Post-Scan Filters: isnotnull(Sex#747),(Sex#747 = M)
20/07/22 15:41:40 INFO FileSourceStrategy: Output Data Schema: struct<Sex: string, Height: string>
20/07/22 15:41:40 INFO FileSourceStrategy: Pushed Filters: IsNotNull(Sex),EqualTo(Sex,M)
20/07/22 15:41:40 INFO MemoryStore: Block broadcast_5 stored as values in memory (estimated size 132.3 KB, free 93.2 MB)
20/07/22 15:41:40 INFO MemoryStore: Block broadcast_5_piece0 stored as bytes in memory (estimated size 14.6 KB, free 93.1 MB)
20/07/22 15:41:40 INFO BlockManagerInfo: Added broadcast_5_piece0 in memory on 172.20.10.3:39429 (size: 14.6 KB, free: 93.3 MB)
20/07/22 15:41:40 INFO SparkContext: Created broadcast 5 from collect at Task_Test.scala:117
20/07/22 15:41:40 INFO FileSourceScanExec: Planning scan with bin packing, max size: 45694992 bytes, open cost is considered as scanning 4194304 bytes.
20/07/22 15:41:40 INFO SparkContext: Starting job: collect at Task_Test.scala:117
20/07/22 15:41:40 INFO DAGScheduler: Registering RDD 13 (collect at Task_Test.scala:117)
20/07/22 15:41:40 INFO DAGScheduler: Got job 3 (collect at Task_Test.scala:117) with 200 output partitions
20/07/22 15:41:40 INFO DAGScheduler: Final stage: ResultStage 4 (collect at Task_Test.scala:117)
20/07/22 15:41:40 INFO DAGScheduler: Parents of final stage: List(ShuffleMapStage 3)
20/07/22 15:41:40 INFO DAGScheduler: Missing parents: List(ShuffleMapStage 3)
20/07/22 15:41:40 INFO DAGScheduler: Submitting ShuffleMapStage 3 (MapPartitionsRDD[13] at collect at Task_Test.scala:117), which has no missing parents
20/07/22 15:41:40 INFO MemoryStore: Block broadcast_6 stored as values in memory (estimated size 32.1 KB, free 93.1 MB)
20/07/22 15:41:40 INFO MemoryStore: Block broadcast_6_piece0 stored as bytes in memory (estimated size 14.7 KB, free 93.1 MB)
20/07/22 15:41:40 INFO BlockManagerInfo: Added broadcast_6_piece0 in memory on 172.20.10.3:39429 (size: 14.7 KB, free: 93.3 MB)
20/07/22 15:41:40 INFO SparkContext: Created broadcast 6 from broadcast at DAGScheduler.scala:996
20/07/22 15:41:40 INFO DAGScheduler: Submitting 1 missing tasks from ShuffleMapStage 3 (MapPartitionsRDD[13] at collect at Task_Test.scala:117)
20/07/22 15:41:40 INFO TaskSchedulerImpl: Adding task set 3.0 with 1 tasks
20/07/22 15:41:40 INFO TaskSetManager: Starting task 0.0 in stage 3.0 (TID 3, localhost, executor driver, partition 0, PROCESS_LOCAL, 6562 bytes)
20/07/22 15:41:40 INFO Executor: Running task 0.0 in stage 3.0 (TID 3)
20/07/22 15:41:40 INFO FileScanRDD: Reading File path: file:///home/yasasm/Desktop/ZoneProjects/spark-Azkaban/src/main/inputs/athlete_events.csv, range: 0-41500688, partition values: [empty row]
20/07/22 15:41:40 INFO BlockManagerInfo: Removed broadcast_4_piece0 on 172.20.10.3:39429 in memory (size: 4.5 KB, free: 93.3 MB)
20/07/22 15:41:40 INFO ContextCleaner: Cleaned accumulator 30254
20/07/22 15:41:41 INFO Executor: Finished task 0.0 in stage 3.0 (TID 3). 2664 bytes result sent to driver
20/07/22 15:41:41 INFO TaskSetManager: Finished task 0.0 in stage 3.0 (TID 3) in 886 ms on localhost (executor driver) (1/1)
20/07/22 15:41:41 INFO DAGScheduler: ShuffleMapStage 3 (collect at Task_Test.scala:117) finished in 0.885 s
20/07/22 15:41:41 INFO DAGScheduler: looking for newly runnable stages
20/07/22 15:41:41 INFO DAGScheduler: running: Set()
20/07/22 15:41:41 INFO DAGScheduler: waiting: Set(ResultStage 4)
20/07/22 15:41:41 INFO DAGScheduler: failed: Set()
20/07/22 15:41:41 INFO DAGScheduler: Submitting ResultStage 4 (MapPartitionsRDD[16] at collect at Task_Test.scala:117), which has no missing parents
20/07/22 15:41:41 INFO TaskSchedulerImpl: Removed TaskSet 3.0, whose tasks have all completed, from pool 
20/07/22 15:41:41 INFO MemoryStore: Block broadcast_7 stored as values in memory (estimated size 27.9 KB, free 93.1 MB)
20/07/22 15:41:41 INFO MemoryStore: Block broadcast_7_piece0 stored as bytes in memory (estimated size 13.4 KB, free 93.1 MB)
20/07/22 15:41:41 INFO BlockManagerInfo: Added broadcast_7_piece0 in memory on 172.20.10.3:39429 (size: 13.4 KB, free: 93.3 MB)
20/07/22 15:41:41 INFO SparkContext: Created broadcast 7 from broadcast at DAGScheduler.scala:996
20/07/22 15:41:41 INFO DAGScheduler: Submitting 200 missing tasks from ResultStage 4 (MapPartitionsRDD[16] at collect at Task_Test.scala:117)
20/07/22 15:41:41 INFO TaskSchedulerImpl: Adding task set 4.0 with 200 tasks
20/07/22 15:41:41 INFO TaskSetManager: Starting task 0.0 in stage 4.0 (TID 4, localhost, executor driver, partition 0, PROCESS_LOCAL, 5887 bytes)
20/07/22 15:41:41 INFO Executor: Running task 0.0 in stage 4.0 (TID 4)
20/07/22 15:41:41 INFO ShuffleBlockFetcherIterator: Getting 0 non-empty blocks out of 1 blocks
20/07/22 15:41:41 INFO ShuffleBlockFetcherIterator: Started 0 remote fetches in 0 ms
20/07/22 15:41:41 INFO Executor: Finished task 0.0 in stage 4.0 (TID 4). 2862 bytes result sent to driver
20/07/22 15:41:41 INFO TaskSetManager: Starting task 1.0 in stage 4.0 (TID 5, localhost, executor driver, partition 1, PROCESS_LOCAL, 5887 bytes)
20/07/22 15:41:41 INFO TaskSetManager: Finished task 0.0 in stage 4.0 (TID 4) in 5 ms on localhost (executor driver) (1/200)
20/07/22 15:41:41 INFO Executor: Running task 1.0 in stage 4.0 (TID 5)
20/07/22 15:41:41 INFO ShuffleBlockFetcherIterator: Getting 0 non-empty blocks out of 1 blocks
20/07/22 15:41:41 INFO ShuffleBlockFetcherIterator: Started 0 remote fetches in 0 ms
20/07/22 15:41:41 INFO Executor: Finished task 1.0 in stage 4.0 (TID 5). 2941 bytes result sent to driver
20/07/22 15:41:41 INFO TaskSetManager: Starting task 2.0 in stage 4.0 (TID 6, localhost, executor driver, partition 2, PROCESS_LOCAL, 5887 bytes)
20/07/22 15:41:41 INFO TaskSetManager: Finished task 1.0 in stage 4.0 (TID 5) in 8 ms on localhost (executor driver) (2/200)
20/07/22 15:41:41 INFO Executor: Running task 2.0 in stage 4.0 (TID 6)
20/07/22 15:41:41 INFO ShuffleBlockFetcherIterator: Getting 0 non-empty blocks out of 1 blocks
20/07/22 15:41:41 INFO ShuffleBlockFetcherIterator: Started 0 remote fetches in 0 ms
20/07/22 15:41:41 INFO Executor: Finished task 2.0 in stage 4.0 (TID 6). 2941 bytes result sent to driver
20/07/22 15:41:41 INFO TaskSetManager: Starting task 3.0 in stage 4.0 (TID 7, localhost, executor driver, partition 3, PROCESS_LOCAL, 5887 bytes)
20/07/22 15:41:41 INFO Executor: Running task 3.0 in stage 4.0 (TID 7)
20/07/22 15:41:41 INFO TaskSetManager: Finished task 2.0 in stage 4.0 (TID 6) in 5 ms on localhost (executor driver) (3/200)
20/07/22 15:41:41 INFO ShuffleBlockFetcherIterator: Getting 0 non-empty blocks out of 1 blocks
20/07/22 15:41:41 INFO ShuffleBlockFetcherIterator: Started 0 remote fetches in 0 ms
20/07/22 15:41:41 INFO Executor: Finished task 3.0 in stage 4.0 (TID 7). 2941 bytes result sent to driver
20/07/22 15:41:41 INFO TaskSetManager: Starting task 4.0 in stage 4.0 (TID 8, localhost, executor driver, partition 4, PROCESS_LOCAL, 5887 bytes)
20/07/22 15:41:41 INFO TaskSetManager: Finished task 3.0 in stage 4.0 (TID 7) in 4 ms on localhost (executor driver) (4/200)
20/07/22 15:41:41 INFO Executor: Running task 4.0 in stage 4.0 (TID 8)
20/07/22 15:41:41 INFO ShuffleBlockFetcherIterator: Getting 0 non-empty blocks out of 1 blocks
20/07/22 15:41:41 INFO ShuffleBlockFetcherIterator: Started 0 remote fetches in 0 ms
20/07/22 15:41:41 INFO Executor: Finished task 4.0 in stage 4.0 (TID 8). 2941 bytes result sent to driver
20/07/22 15:41:41 INFO TaskSetManager: Starting task 5.0 in stage 4.0 (TID 9, localhost, executor driver, partition 5, PROCESS_LOCAL, 5887 bytes)
20/07/22 15:41:41 INFO Executor: Running task 5.0 in stage 4.0 (TID 9)
20/07/22 15:41:41 INFO TaskSetManager: Finished task 4.0 in stage 4.0 (TID 8) in 4 ms on localhost (executor driver) (5/200)
20/07/22 15:41:41 INFO ShuffleBlockFetcherIterator: Getting 0 non-empty blocks out of 1 blocks
20/07/22 15:41:41 INFO ShuffleBlockFetcherIterator: Started 0 remote fetches in 0 ms
20/07/22 15:41:41 INFO Executor: Finished task 5.0 in stage 4.0 (TID 9). 2941 bytes result sent to driver
20/07/22 15:41:41 INFO TaskSetManager: Starting task 6.0 in stage 4.0 (TID 10, localhost, executor driver, partition 6, PROCESS_LOCAL, 5887 bytes)
20/07/22 15:41:41 INFO Executor: Running task 6.0 in stage 4.0 (TID 10)
20/07/22 15:41:41 INFO TaskSetManager: Finished task 5.0 in stage 4.0 (TID 9) in 3 ms on localhost (executor driver) (6/200)
20/07/22 15:41:41 INFO ShuffleBlockFetcherIterator: Getting 0 non-empty blocks out of 1 blocks
20/07/22 15:41:41 INFO ShuffleBlockFetcherIterator: Started 0 remote fetches in 0 ms
20/07/22 15:41:41 INFO Executor: Finished task 6.0 in stage 4.0 (TID 10). 2941 bytes result sent to driver
20/07/22 15:41:41 INFO TaskSetManager: Starting task 7.0 in stage 4.0 (TID 11, localhost, executor driver, partition 7, PROCESS_LOCAL, 5887 bytes)
20/07/22 15:41:41 INFO TaskSetManager: Finished task 6.0 in stage 4.0 (TID 10) in 4 ms on localhost (executor driver) (7/200)
20/07/22 15:41:41 INFO Executor: Running task 7.0 in stage 4.0 (TID 11)
20/07/22 15:41:41 INFO ShuffleBlockFetcherIterator: Getting 0 non-empty blocks out of 1 blocks
20/07/22 15:41:41 INFO ShuffleBlockFetcherIterator: Started 0 remote fetches in 0 ms
20/07/22 15:41:41 INFO Executor: Finished task 7.0 in stage 4.0 (TID 11). 2941 bytes result sent to driver
20/07/22 15:41:41 INFO TaskSetManager: Starting task 8.0 in stage 4.0 (TID 12, localhost, executor driver, partition 8, PROCESS_LOCAL, 5887 bytes)
20/07/22 15:41:41 INFO TaskSetManager: Finished task 7.0 in stage 4.0 (TID 11) in 4 ms on localhost (executor driver) (8/200)
20/07/22 15:41:41 INFO Executor: Running task 8.0 in stage 4.0 (TID 12)
20/07/22 15:41:41 INFO ShuffleBlockFetcherIterator: Getting 0 non-empty blocks out of 1 blocks
20/07/22 15:41:41 INFO ShuffleBlockFetcherIterator: Started 0 remote fetches in 0 ms
20/07/22 15:41:41 INFO Executor: Finished task 8.0 in stage 4.0 (TID 12). 2941 bytes result sent to driver
20/07/22 15:41:41 INFO TaskSetManager: Starting task 9.0 in stage 4.0 (TID 13, localhost, executor driver, partition 9, PROCESS_LOCAL, 5887 bytes)
20/07/22 15:41:41 INFO Executor: Running task 9.0 in stage 4.0 (TID 13)
20/07/22 15:41:41 INFO TaskSetManager: Finished task 8.0 in stage 4.0 (TID 12) in 3 ms on localhost (executor driver) (9/200)
20/07/22 15:41:41 INFO ShuffleBlockFetcherIterator: Getting 0 non-empty blocks out of 1 blocks
20/07/22 15:41:41 INFO ShuffleBlockFetcherIterator: Started 0 remote fetches in 0 ms
20/07/22 15:41:41 INFO Executor: Finished task 9.0 in stage 4.0 (TID 13). 2941 bytes result sent to driver
20/07/22 15:41:41 INFO TaskSetManager: Starting task 10.0 in stage 4.0 (TID 14, localhost, executor driver, partition 10, PROCESS_LOCAL, 5887 bytes)
20/07/22 15:41:41 INFO Executor: Running task 10.0 in stage 4.0 (TID 14)
20/07/22 15:41:41 INFO TaskSetManager: Finished task 9.0 in stage 4.0 (TID 13) in 4 ms on localhost (executor driver) (10/200)
20/07/22 15:41:41 INFO ShuffleBlockFetcherIterator: Getting 0 non-empty blocks out of 1 blocks
20/07/22 15:41:41 INFO ShuffleBlockFetcherIterator: Started 0 remote fetches in 1 ms
20/07/22 15:41:41 INFO Executor: Finished task 10.0 in stage 4.0 (TID 14). 2941 bytes result sent to driver
20/07/22 15:41:41 INFO TaskSetManager: Starting task 11.0 in stage 4.0 (TID 15, localhost, executor driver, partition 11, PROCESS_LOCAL, 5887 bytes)
20/07/22 15:41:41 INFO Executor: Running task 11.0 in stage 4.0 (TID 15)
20/07/22 15:41:41 INFO TaskSetManager: Finished task 10.0 in stage 4.0 (TID 14) in 3 ms on localhost (executor driver) (11/200)
20/07/22 15:41:41 INFO ShuffleBlockFetcherIterator: Getting 0 non-empty blocks out of 1 blocks
20/07/22 15:41:41 INFO ShuffleBlockFetcherIterator: Started 0 remote fetches in 0 ms
20/07/22 15:41:41 INFO Executor: Finished task 11.0 in stage 4.0 (TID 15). 2941 bytes result sent to driver
20/07/22 15:41:41 INFO TaskSetManager: Starting task 12.0 in stage 4.0 (TID 16, localhost, executor driver, partition 12, PROCESS_LOCAL, 5887 bytes)
20/07/22 15:41:41 INFO TaskSetManager: Finished task 11.0 in stage 4.0 (TID 15) in 3 ms on localhost (executor driver) (12/200)
20/07/22 15:41:41 INFO Executor: Running task 12.0 in stage 4.0 (TID 16)
20/07/22 15:41:41 INFO ShuffleBlockFetcherIterator: Getting 0 non-empty blocks out of 1 blocks
20/07/22 15:41:41 INFO ShuffleBlockFetcherIterator: Started 0 remote fetches in 0 ms
20/07/22 15:41:41 INFO Executor: Finished task 12.0 in stage 4.0 (TID 16). 2854 bytes result sent to driver
20/07/22 15:41:41 INFO TaskSetManager: Starting task 13.0 in stage 4.0 (TID 17, localhost, executor driver, partition 13, PROCESS_LOCAL, 5887 bytes)
20/07/22 15:41:41 INFO TaskSetManager: Finished task 12.0 in stage 4.0 (TID 16) in 3 ms on localhost (executor driver) (13/200)
20/07/22 15:41:41 INFO Executor: Running task 13.0 in stage 4.0 (TID 17)
20/07/22 15:41:41 INFO ShuffleBlockFetcherIterator: Getting 0 non-empty blocks out of 1 blocks
20/07/22 15:41:41 INFO ShuffleBlockFetcherIterator: Started 0 remote fetches in 0 ms
20/07/22 15:41:41 INFO Executor: Finished task 13.0 in stage 4.0 (TID 17). 2941 bytes result sent to driver
20/07/22 15:41:41 INFO TaskSetManager: Starting task 14.0 in stage 4.0 (TID 18, localhost, executor driver, partition 14, PROCESS_LOCAL, 5887 bytes)
20/07/22 15:41:41 INFO TaskSetManager: Finished task 13.0 in stage 4.0 (TID 17) in 3 ms on localhost (executor driver) (14/200)
20/07/22 15:41:41 INFO Executor: Running task 14.0 in stage 4.0 (TID 18)
20/07/22 15:41:41 INFO ShuffleBlockFetcherIterator: Getting 0 non-empty blocks out of 1 blocks
20/07/22 15:41:41 INFO ShuffleBlockFetcherIterator: Started 0 remote fetches in 0 ms
20/07/22 15:41:41 INFO Executor: Finished task 14.0 in stage 4.0 (TID 18). 2941 bytes result sent to driver
20/07/22 15:41:41 INFO TaskSetManager: Starting task 15.0 in stage 4.0 (TID 19, localhost, executor driver, partition 15, PROCESS_LOCAL, 5887 bytes)
20/07/22 15:41:41 INFO Executor: Running task 15.0 in stage 4.0 (TID 19)
20/07/22 15:41:41 INFO TaskSetManager: Finished task 14.0 in stage 4.0 (TID 18) in 3 ms on localhost (executor driver) (15/200)
20/07/22 15:41:41 INFO ShuffleBlockFetcherIterator: Getting 0 non-empty blocks out of 1 blocks
20/07/22 15:41:41 INFO ShuffleBlockFetcherIterator: Started 0 remote fetches in 0 ms
20/07/22 15:41:41 INFO Executor: Finished task 15.0 in stage 4.0 (TID 19). 2941 bytes result sent to driver
20/07/22 15:41:41 INFO TaskSetManager: Starting task 16.0 in stage 4.0 (TID 20, localhost, executor driver, partition 16, PROCESS_LOCAL, 5887 bytes)
20/07/22 15:41:41 INFO TaskSetManager: Finished task 15.0 in stage 4.0 (TID 19) in 5 ms on localhost (executor driver) (16/200)
20/07/22 15:41:41 INFO Executor: Running task 16.0 in stage 4.0 (TID 20)
20/07/22 15:41:41 INFO ShuffleBlockFetcherIterator: Getting 0 non-empty blocks out of 1 blocks
20/07/22 15:41:41 INFO ShuffleBlockFetcherIterator: Started 0 remote fetches in 0 ms
20/07/22 15:41:41 INFO Executor: Finished task 16.0 in stage 4.0 (TID 20). 2941 bytes result sent to driver
20/07/22 15:41:41 INFO TaskSetManager: Starting task 17.0 in stage 4.0 (TID 21, localhost, executor driver, partition 17, PROCESS_LOCAL, 5887 bytes)
20/07/22 15:41:41 INFO TaskSetManager: Finished task 16.0 in stage 4.0 (TID 20) in 3 ms on localhost (executor driver) (17/200)
20/07/22 15:41:41 INFO Executor: Running task 17.0 in stage 4.0 (TID 21)
20/07/22 15:41:41 INFO ShuffleBlockFetcherIterator: Getting 0 non-empty blocks out of 1 blocks
20/07/22 15:41:41 INFO ShuffleBlockFetcherIterator: Started 0 remote fetches in 0 ms
20/07/22 15:41:41 INFO Executor: Finished task 17.0 in stage 4.0 (TID 21). 2941 bytes result sent to driver
20/07/22 15:41:41 INFO TaskSetManager: Starting task 18.0 in stage 4.0 (TID 22, localhost, executor driver, partition 18, PROCESS_LOCAL, 5887 bytes)
20/07/22 15:41:41 INFO TaskSetManager: Finished task 17.0 in stage 4.0 (TID 21) in 4 ms on localhost (executor driver) (18/200)
20/07/22 15:41:41 INFO Executor: Running task 18.0 in stage 4.0 (TID 22)
20/07/22 15:41:41 INFO ShuffleBlockFetcherIterator: Getting 0 non-empty blocks out of 1 blocks
20/07/22 15:41:41 INFO ShuffleBlockFetcherIterator: Started 0 remote fetches in 0 ms
20/07/22 15:41:41 INFO Executor: Finished task 18.0 in stage 4.0 (TID 22). 2941 bytes result sent to driver
20/07/22 15:41:41 INFO TaskSetManager: Starting task 19.0 in stage 4.0 (TID 23, localhost, executor driver, partition 19, PROCESS_LOCAL, 5887 bytes)
20/07/22 15:41:41 INFO TaskSetManager: Finished task 18.0 in stage 4.0 (TID 22) in 4 ms on localhost (executor driver) (19/200)
20/07/22 15:41:41 INFO Executor: Running task 19.0 in stage 4.0 (TID 23)
20/07/22 15:41:41 INFO ShuffleBlockFetcherIterator: Getting 0 non-empty blocks out of 1 blocks
20/07/22 15:41:41 INFO ShuffleBlockFetcherIterator: Started 0 remote fetches in 0 ms
20/07/22 15:41:41 INFO Executor: Finished task 19.0 in stage 4.0 (TID 23). 2941 bytes result sent to driver
20/07/22 15:41:41 INFO TaskSetManager: Starting task 20.0 in stage 4.0 (TID 24, localhost, executor driver, partition 20, PROCESS_LOCAL, 5887 bytes)
20/07/22 15:41:41 INFO TaskSetManager: Finished task 19.0 in stage 4.0 (TID 23) in 3 ms on localhost (executor driver) (20/200)
20/07/22 15:41:41 INFO Executor: Running task 20.0 in stage 4.0 (TID 24)
20/07/22 15:41:41 INFO ShuffleBlockFetcherIterator: Getting 0 non-empty blocks out of 1 blocks
20/07/22 15:41:41 INFO ShuffleBlockFetcherIterator: Started 0 remote fetches in 0 ms
20/07/22 15:41:41 INFO Executor: Finished task 20.0 in stage 4.0 (TID 24). 2941 bytes result sent to driver
20/07/22 15:41:41 INFO TaskSetManager: Starting task 21.0 in stage 4.0 (TID 25, localhost, executor driver, partition 21, PROCESS_LOCAL, 5887 bytes)
20/07/22 15:41:41 INFO TaskSetManager: Finished task 20.0 in stage 4.0 (TID 24) in 3 ms on localhost (executor driver) (21/200)
20/07/22 15:41:41 INFO Executor: Running task 21.0 in stage 4.0 (TID 25)
20/07/22 15:41:41 INFO ShuffleBlockFetcherIterator: Getting 0 non-empty blocks out of 1 blocks
20/07/22 15:41:41 INFO ShuffleBlockFetcherIterator: Started 0 remote fetches in 0 ms
20/07/22 15:41:41 INFO Executor: Finished task 21.0 in stage 4.0 (TID 25). 2941 bytes result sent to driver
20/07/22 15:41:41 INFO TaskSetManager: Starting task 22.0 in stage 4.0 (TID 26, localhost, executor driver, partition 22, PROCESS_LOCAL, 5887 bytes)
20/07/22 15:41:41 INFO Executor: Running task 22.0 in stage 4.0 (TID 26)
20/07/22 15:41:41 INFO TaskSetManager: Finished task 21.0 in stage 4.0 (TID 25) in 4 ms on localhost (executor driver) (22/200)
20/07/22 15:41:41 INFO ShuffleBlockFetcherIterator: Getting 0 non-empty blocks out of 1 blocks
20/07/22 15:41:41 INFO ShuffleBlockFetcherIterator: Started 0 remote fetches in 0 ms
20/07/22 15:41:41 INFO Executor: Finished task 22.0 in stage 4.0 (TID 26). 2941 bytes result sent to driver
20/07/22 15:41:41 INFO TaskSetManager: Starting task 23.0 in stage 4.0 (TID 27, localhost, executor driver, partition 23, PROCESS_LOCAL, 5887 bytes)
20/07/22 15:41:41 INFO TaskSetManager: Finished task 22.0 in stage 4.0 (TID 26) in 3 ms on localhost (executor driver) (23/200)
20/07/22 15:41:41 INFO Executor: Running task 23.0 in stage 4.0 (TID 27)
20/07/22 15:41:41 INFO ShuffleBlockFetcherIterator: Getting 0 non-empty blocks out of 1 blocks
20/07/22 15:41:41 INFO ShuffleBlockFetcherIterator: Started 0 remote fetches in 0 ms
20/07/22 15:41:41 INFO Executor: Finished task 23.0 in stage 4.0 (TID 27). 2941 bytes result sent to driver
20/07/22 15:41:41 INFO TaskSetManager: Starting task 24.0 in stage 4.0 (TID 28, localhost, executor driver, partition 24, PROCESS_LOCAL, 5887 bytes)
20/07/22 15:41:41 INFO Executor: Running task 24.0 in stage 4.0 (TID 28)
20/07/22 15:41:41 INFO TaskSetManager: Finished task 23.0 in stage 4.0 (TID 27) in 4 ms on localhost (executor driver) (24/200)
20/07/22 15:41:41 INFO ShuffleBlockFetcherIterator: Getting 0 non-empty blocks out of 1 blocks
20/07/22 15:41:41 INFO ShuffleBlockFetcherIterator: Started 0 remote fetches in 0 ms
20/07/22 15:41:41 INFO Executor: Finished task 24.0 in stage 4.0 (TID 28). 2941 bytes result sent to driver
20/07/22 15:41:41 INFO TaskSetManager: Starting task 25.0 in stage 4.0 (TID 29, localhost, executor driver, partition 25, PROCESS_LOCAL, 5887 bytes)
20/07/22 15:41:41 INFO Executor: Running task 25.0 in stage 4.0 (TID 29)
20/07/22 15:41:41 INFO TaskSetManager: Finished task 24.0 in stage 4.0 (TID 28) in 6 ms on localhost (executor driver) (25/200)
20/07/22 15:41:41 INFO ShuffleBlockFetcherIterator: Getting 0 non-empty blocks out of 1 blocks
20/07/22 15:41:41 INFO ShuffleBlockFetcherIterator: Started 0 remote fetches in 0 ms
20/07/22 15:41:41 INFO Executor: Finished task 25.0 in stage 4.0 (TID 29). 2941 bytes result sent to driver
20/07/22 15:41:41 INFO TaskSetManager: Starting task 26.0 in stage 4.0 (TID 30, localhost, executor driver, partition 26, PROCESS_LOCAL, 5887 bytes)
20/07/22 15:41:41 INFO Executor: Running task 26.0 in stage 4.0 (TID 30)
20/07/22 15:41:41 INFO TaskSetManager: Finished task 25.0 in stage 4.0 (TID 29) in 6 ms on localhost (executor driver) (26/200)
20/07/22 15:41:41 INFO ShuffleBlockFetcherIterator: Getting 0 non-empty blocks out of 1 blocks
20/07/22 15:41:41 INFO ShuffleBlockFetcherIterator: Started 0 remote fetches in 0 ms
20/07/22 15:41:41 INFO Executor: Finished task 26.0 in stage 4.0 (TID 30). 2941 bytes result sent to driver
20/07/22 15:41:41 INFO TaskSetManager: Starting task 27.0 in stage 4.0 (TID 31, localhost, executor driver, partition 27, PROCESS_LOCAL, 5887 bytes)
20/07/22 15:41:41 INFO Executor: Running task 27.0 in stage 4.0 (TID 31)
20/07/22 15:41:41 INFO TaskSetManager: Finished task 26.0 in stage 4.0 (TID 30) in 6 ms on localhost (executor driver) (27/200)
20/07/22 15:41:41 INFO ShuffleBlockFetcherIterator: Getting 0 non-empty blocks out of 1 blocks
20/07/22 15:41:41 INFO ShuffleBlockFetcherIterator: Started 0 remote fetches in 0 ms
20/07/22 15:41:41 INFO Executor: Finished task 27.0 in stage 4.0 (TID 31). 2941 bytes result sent to driver
20/07/22 15:41:41 INFO TaskSetManager: Starting task 28.0 in stage 4.0 (TID 32, localhost, executor driver, partition 28, PROCESS_LOCAL, 5887 bytes)
20/07/22 15:41:41 INFO Executor: Running task 28.0 in stage 4.0 (TID 32)
20/07/22 15:41:41 INFO TaskSetManager: Finished task 27.0 in stage 4.0 (TID 31) in 5 ms on localhost (executor driver) (28/200)
20/07/22 15:41:41 INFO ShuffleBlockFetcherIterator: Getting 0 non-empty blocks out of 1 blocks
20/07/22 15:41:41 INFO ShuffleBlockFetcherIterator: Started 0 remote fetches in 0 ms
20/07/22 15:41:41 INFO Executor: Finished task 28.0 in stage 4.0 (TID 32). 2941 bytes result sent to driver
20/07/22 15:41:41 INFO TaskSetManager: Starting task 29.0 in stage 4.0 (TID 33, localhost, executor driver, partition 29, PROCESS_LOCAL, 5887 bytes)
20/07/22 15:41:41 INFO Executor: Running task 29.0 in stage 4.0 (TID 33)
20/07/22 15:41:41 INFO TaskSetManager: Finished task 28.0 in stage 4.0 (TID 32) in 4 ms on localhost (executor driver) (29/200)
20/07/22 15:41:41 INFO ShuffleBlockFetcherIterator: Getting 0 non-empty blocks out of 1 blocks
20/07/22 15:41:41 INFO ShuffleBlockFetcherIterator: Started 0 remote fetches in 0 ms
20/07/22 15:41:41 INFO Executor: Finished task 29.0 in stage 4.0 (TID 33). 2941 bytes result sent to driver
20/07/22 15:41:41 INFO TaskSetManager: Starting task 30.0 in stage 4.0 (TID 34, localhost, executor driver, partition 30, PROCESS_LOCAL, 5887 bytes)
20/07/22 15:41:41 INFO TaskSetManager: Finished task 29.0 in stage 4.0 (TID 33) in 4 ms on localhost (executor driver) (30/200)
20/07/22 15:41:41 INFO Executor: Running task 30.0 in stage 4.0 (TID 34)
20/07/22 15:41:41 INFO ShuffleBlockFetcherIterator: Getting 0 non-empty blocks out of 1 blocks
20/07/22 15:41:41 INFO ShuffleBlockFetcherIterator: Started 0 remote fetches in 0 ms
20/07/22 15:41:41 INFO Executor: Finished task 30.0 in stage 4.0 (TID 34). 2941 bytes result sent to driver
20/07/22 15:41:41 INFO TaskSetManager: Starting task 31.0 in stage 4.0 (TID 35, localhost, executor driver, partition 31, PROCESS_LOCAL, 5887 bytes)
20/07/22 15:41:41 INFO Executor: Running task 31.0 in stage 4.0 (TID 35)
20/07/22 15:41:41 INFO TaskSetManager: Finished task 30.0 in stage 4.0 (TID 34) in 4 ms on localhost (executor driver) (31/200)
20/07/22 15:41:41 INFO ShuffleBlockFetcherIterator: Getting 0 non-empty blocks out of 1 blocks
20/07/22 15:41:41 INFO ShuffleBlockFetcherIterator: Started 0 remote fetches in 0 ms
20/07/22 15:41:41 INFO Executor: Finished task 31.0 in stage 4.0 (TID 35). 2941 bytes result sent to driver
20/07/22 15:41:41 INFO TaskSetManager: Starting task 32.0 in stage 4.0 (TID 36, localhost, executor driver, partition 32, PROCESS_LOCAL, 5887 bytes)
20/07/22 15:41:41 INFO TaskSetManager: Finished task 31.0 in stage 4.0 (TID 35) in 3 ms on localhost (executor driver) (32/200)
20/07/22 15:41:41 INFO Executor: Running task 32.0 in stage 4.0 (TID 36)
20/07/22 15:41:41 INFO ShuffleBlockFetcherIterator: Getting 0 non-empty blocks out of 1 blocks
20/07/22 15:41:41 INFO ShuffleBlockFetcherIterator: Started 0 remote fetches in 0 ms
20/07/22 15:41:41 INFO Executor: Finished task 32.0 in stage 4.0 (TID 36). 2941 bytes result sent to driver
20/07/22 15:41:41 INFO TaskSetManager: Starting task 33.0 in stage 4.0 (TID 37, localhost, executor driver, partition 33, PROCESS_LOCAL, 5887 bytes)
20/07/22 15:41:41 INFO TaskSetManager: Finished task 32.0 in stage 4.0 (TID 36) in 3 ms on localhost (executor driver) (33/200)
20/07/22 15:41:41 INFO Executor: Running task 33.0 in stage 4.0 (TID 37)
20/07/22 15:41:41 INFO ShuffleBlockFetcherIterator: Getting 0 non-empty blocks out of 1 blocks
20/07/22 15:41:41 INFO ShuffleBlockFetcherIterator: Started 0 remote fetches in 0 ms
20/07/22 15:41:41 INFO Executor: Finished task 33.0 in stage 4.0 (TID 37). 2941 bytes result sent to driver
20/07/22 15:41:41 INFO TaskSetManager: Starting task 34.0 in stage 4.0 (TID 38, localhost, executor driver, partition 34, PROCESS_LOCAL, 5887 bytes)
20/07/22 15:41:41 INFO TaskSetManager: Finished task 33.0 in stage 4.0 (TID 37) in 3 ms on localhost (executor driver) (34/200)
20/07/22 15:41:41 INFO Executor: Running task 34.0 in stage 4.0 (TID 38)
20/07/22 15:41:41 INFO ShuffleBlockFetcherIterator: Getting 0 non-empty blocks out of 1 blocks
20/07/22 15:41:41 INFO ShuffleBlockFetcherIterator: Started 0 remote fetches in 0 ms
20/07/22 15:41:41 INFO Executor: Finished task 34.0 in stage 4.0 (TID 38). 2941 bytes result sent to driver
20/07/22 15:41:41 INFO TaskSetManager: Starting task 35.0 in stage 4.0 (TID 39, localhost, executor driver, partition 35, PROCESS_LOCAL, 5887 bytes)
20/07/22 15:41:41 INFO Executor: Running task 35.0 in stage 4.0 (TID 39)
20/07/22 15:41:41 INFO TaskSetManager: Finished task 34.0 in stage 4.0 (TID 38) in 3 ms on localhost (executor driver) (35/200)
20/07/22 15:41:41 INFO ShuffleBlockFetcherIterator: Getting 0 non-empty blocks out of 1 blocks
20/07/22 15:41:41 INFO ShuffleBlockFetcherIterator: Started 0 remote fetches in 0 ms
20/07/22 15:41:41 INFO Executor: Finished task 35.0 in stage 4.0 (TID 39). 2941 bytes result sent to driver
20/07/22 15:41:41 INFO TaskSetManager: Starting task 36.0 in stage 4.0 (TID 40, localhost, executor driver, partition 36, PROCESS_LOCAL, 5887 bytes)
20/07/22 15:41:41 INFO TaskSetManager: Finished task 35.0 in stage 4.0 (TID 39) in 3 ms on localhost (executor driver) (36/200)
20/07/22 15:41:41 INFO Executor: Running task 36.0 in stage 4.0 (TID 40)
20/07/22 15:41:41 INFO ShuffleBlockFetcherIterator: Getting 0 non-empty blocks out of 1 blocks
20/07/22 15:41:41 INFO ShuffleBlockFetcherIterator: Started 0 remote fetches in 0 ms
20/07/22 15:41:41 INFO Executor: Finished task 36.0 in stage 4.0 (TID 40). 2941 bytes result sent to driver
20/07/22 15:41:41 INFO TaskSetManager: Starting task 37.0 in stage 4.0 (TID 41, localhost, executor driver, partition 37, PROCESS_LOCAL, 5887 bytes)
20/07/22 15:41:41 INFO Executor: Running task 37.0 in stage 4.0 (TID 41)
20/07/22 15:41:41 INFO TaskSetManager: Finished task 36.0 in stage 4.0 (TID 40) in 3 ms on localhost (executor driver) (37/200)
20/07/22 15:41:41 INFO ShuffleBlockFetcherIterator: Getting 0 non-empty blocks out of 1 blocks
20/07/22 15:41:41 INFO ShuffleBlockFetcherIterator: Started 0 remote fetches in 0 ms
20/07/22 15:41:41 INFO Executor: Finished task 37.0 in stage 4.0 (TID 41). 2862 bytes result sent to driver
20/07/22 15:41:41 INFO TaskSetManager: Starting task 38.0 in stage 4.0 (TID 42, localhost, executor driver, partition 38, PROCESS_LOCAL, 5887 bytes)
20/07/22 15:41:41 INFO TaskSetManager: Finished task 37.0 in stage 4.0 (TID 41) in 3 ms on localhost (executor driver) (38/200)
20/07/22 15:41:41 INFO Executor: Running task 38.0 in stage 4.0 (TID 42)
20/07/22 15:41:41 INFO ShuffleBlockFetcherIterator: Getting 0 non-empty blocks out of 1 blocks
20/07/22 15:41:41 INFO ShuffleBlockFetcherIterator: Started 0 remote fetches in 0 ms
20/07/22 15:41:41 INFO Executor: Finished task 38.0 in stage 4.0 (TID 42). 2862 bytes result sent to driver
20/07/22 15:41:41 INFO TaskSetManager: Starting task 39.0 in stage 4.0 (TID 43, localhost, executor driver, partition 39, PROCESS_LOCAL, 5887 bytes)
20/07/22 15:41:41 INFO Executor: Running task 39.0 in stage 4.0 (TID 43)
20/07/22 15:41:41 INFO TaskSetManager: Finished task 38.0 in stage 4.0 (TID 42) in 3 ms on localhost (executor driver) (39/200)
20/07/22 15:41:41 INFO ShuffleBlockFetcherIterator: Getting 0 non-empty blocks out of 1 blocks
20/07/22 15:41:41 INFO ShuffleBlockFetcherIterator: Started 0 remote fetches in 0 ms
20/07/22 15:41:41 INFO Executor: Finished task 39.0 in stage 4.0 (TID 43). 2941 bytes result sent to driver
20/07/22 15:41:41 INFO TaskSetManager: Starting task 40.0 in stage 4.0 (TID 44, localhost, executor driver, partition 40, PROCESS_LOCAL, 5887 bytes)
20/07/22 15:41:41 INFO TaskSetManager: Finished task 39.0 in stage 4.0 (TID 43) in 3 ms on localhost (executor driver) (40/200)
20/07/22 15:41:41 INFO Executor: Running task 40.0 in stage 4.0 (TID 44)
20/07/22 15:41:41 INFO ShuffleBlockFetcherIterator: Getting 0 non-empty blocks out of 1 blocks
20/07/22 15:41:41 INFO ShuffleBlockFetcherIterator: Started 0 remote fetches in 0 ms
20/07/22 15:41:41 INFO Executor: Finished task 40.0 in stage 4.0 (TID 44). 2941 bytes result sent to driver
20/07/22 15:41:41 INFO TaskSetManager: Starting task 41.0 in stage 4.0 (TID 45, localhost, executor driver, partition 41, PROCESS_LOCAL, 5887 bytes)
20/07/22 15:41:41 INFO TaskSetManager: Finished task 40.0 in stage 4.0 (TID 44) in 3 ms on localhost (executor driver) (41/200)
20/07/22 15:41:41 INFO Executor: Running task 41.0 in stage 4.0 (TID 45)
20/07/22 15:41:41 INFO ShuffleBlockFetcherIterator: Getting 0 non-empty blocks out of 1 blocks
20/07/22 15:41:41 INFO ShuffleBlockFetcherIterator: Started 0 remote fetches in 0 ms
20/07/22 15:41:41 INFO Executor: Finished task 41.0 in stage 4.0 (TID 45). 2941 bytes result sent to driver
20/07/22 15:41:41 INFO TaskSetManager: Starting task 42.0 in stage 4.0 (TID 46, localhost, executor driver, partition 42, PROCESS_LOCAL, 5887 bytes)
20/07/22 15:41:41 INFO TaskSetManager: Finished task 41.0 in stage 4.0 (TID 45) in 3 ms on localhost (executor driver) (42/200)
20/07/22 15:41:41 INFO Executor: Running task 42.0 in stage 4.0 (TID 46)
20/07/22 15:41:41 INFO ShuffleBlockFetcherIterator: Getting 0 non-empty blocks out of 1 blocks
20/07/22 15:41:41 INFO ShuffleBlockFetcherIterator: Started 0 remote fetches in 0 ms
20/07/22 15:41:41 INFO Executor: Finished task 42.0 in stage 4.0 (TID 46). 2949 bytes result sent to driver
20/07/22 15:41:41 INFO TaskSetManager: Starting task 43.0 in stage 4.0 (TID 47, localhost, executor driver, partition 43, PROCESS_LOCAL, 5887 bytes)
20/07/22 15:41:41 INFO TaskSetManager: Finished task 42.0 in stage 4.0 (TID 46) in 3 ms on localhost (executor driver) (43/200)
20/07/22 15:41:41 INFO Executor: Running task 43.0 in stage 4.0 (TID 47)
20/07/22 15:41:41 INFO ShuffleBlockFetcherIterator: Getting 0 non-empty blocks out of 1 blocks
20/07/22 15:41:41 INFO ShuffleBlockFetcherIterator: Started 0 remote fetches in 0 ms
20/07/22 15:41:41 INFO Executor: Finished task 43.0 in stage 4.0 (TID 47). 2941 bytes result sent to driver
20/07/22 15:41:41 INFO TaskSetManager: Starting task 44.0 in stage 4.0 (TID 48, localhost, executor driver, partition 44, PROCESS_LOCAL, 5887 bytes)
20/07/22 15:41:41 INFO TaskSetManager: Finished task 43.0 in stage 4.0 (TID 47) in 3 ms on localhost (executor driver) (44/200)
20/07/22 15:41:41 INFO Executor: Running task 44.0 in stage 4.0 (TID 48)
20/07/22 15:41:41 INFO ShuffleBlockFetcherIterator: Getting 0 non-empty blocks out of 1 blocks
20/07/22 15:41:41 INFO ShuffleBlockFetcherIterator: Started 0 remote fetches in 0 ms
20/07/22 15:41:41 INFO Executor: Finished task 44.0 in stage 4.0 (TID 48). 2941 bytes result sent to driver
20/07/22 15:41:41 INFO TaskSetManager: Starting task 45.0 in stage 4.0 (TID 49, localhost, executor driver, partition 45, PROCESS_LOCAL, 5887 bytes)
20/07/22 15:41:41 INFO Executor: Running task 45.0 in stage 4.0 (TID 49)
20/07/22 15:41:41 INFO TaskSetManager: Finished task 44.0 in stage 4.0 (TID 48) in 3 ms on localhost (executor driver) (45/200)
20/07/22 15:41:41 INFO ShuffleBlockFetcherIterator: Getting 0 non-empty blocks out of 1 blocks
20/07/22 15:41:41 INFO ShuffleBlockFetcherIterator: Started 0 remote fetches in 1 ms
20/07/22 15:41:41 INFO Executor: Finished task 45.0 in stage 4.0 (TID 49). 2941 bytes result sent to driver
20/07/22 15:41:41 INFO TaskSetManager: Starting task 46.0 in stage 4.0 (TID 50, localhost, executor driver, partition 46, PROCESS_LOCAL, 5887 bytes)
20/07/22 15:41:41 INFO TaskSetManager: Finished task 45.0 in stage 4.0 (TID 49) in 5 ms on localhost (executor driver) (46/200)
20/07/22 15:41:41 INFO Executor: Running task 46.0 in stage 4.0 (TID 50)
20/07/22 15:41:41 INFO ShuffleBlockFetcherIterator: Getting 0 non-empty blocks out of 1 blocks
20/07/22 15:41:41 INFO ShuffleBlockFetcherIterator: Started 0 remote fetches in 0 ms
20/07/22 15:41:41 INFO Executor: Finished task 46.0 in stage 4.0 (TID 50). 2941 bytes result sent to driver
20/07/22 15:41:41 INFO TaskSetManager: Starting task 47.0 in stage 4.0 (TID 51, localhost, executor driver, partition 47, PROCESS_LOCAL, 5887 bytes)
20/07/22 15:41:41 INFO TaskSetManager: Finished task 46.0 in stage 4.0 (TID 50) in 4 ms on localhost (executor driver) (47/200)
20/07/22 15:41:41 INFO Executor: Running task 47.0 in stage 4.0 (TID 51)
20/07/22 15:41:41 INFO ShuffleBlockFetcherIterator: Getting 0 non-empty blocks out of 1 blocks
20/07/22 15:41:41 INFO ShuffleBlockFetcherIterator: Started 0 remote fetches in 0 ms
20/07/22 15:41:41 INFO Executor: Finished task 47.0 in stage 4.0 (TID 51). 2941 bytes result sent to driver
20/07/22 15:41:41 INFO TaskSetManager: Starting task 48.0 in stage 4.0 (TID 52, localhost, executor driver, partition 48, PROCESS_LOCAL, 5887 bytes)
20/07/22 15:41:41 INFO TaskSetManager: Finished task 47.0 in stage 4.0 (TID 51) in 4 ms on localhost (executor driver) (48/200)
20/07/22 15:41:41 INFO Executor: Running task 48.0 in stage 4.0 (TID 52)
20/07/22 15:41:41 INFO ShuffleBlockFetcherIterator: Getting 0 non-empty blocks out of 1 blocks
20/07/22 15:41:41 INFO ShuffleBlockFetcherIterator: Started 0 remote fetches in 0 ms
20/07/22 15:41:41 INFO Executor: Finished task 48.0 in stage 4.0 (TID 52). 2941 bytes result sent to driver
20/07/22 15:41:41 INFO TaskSetManager: Starting task 49.0 in stage 4.0 (TID 53, localhost, executor driver, partition 49, PROCESS_LOCAL, 5887 bytes)
20/07/22 15:41:41 INFO TaskSetManager: Finished task 48.0 in stage 4.0 (TID 52) in 5 ms on localhost (executor driver) (49/200)
20/07/22 15:41:41 INFO Executor: Running task 49.0 in stage 4.0 (TID 53)
20/07/22 15:41:41 INFO ShuffleBlockFetcherIterator: Getting 0 non-empty blocks out of 1 blocks
20/07/22 15:41:41 INFO ShuffleBlockFetcherIterator: Started 0 remote fetches in 0 ms
20/07/22 15:41:41 INFO Executor: Finished task 49.0 in stage 4.0 (TID 53). 2941 bytes result sent to driver
20/07/22 15:41:41 INFO TaskSetManager: Starting task 50.0 in stage 4.0 (TID 54, localhost, executor driver, partition 50, PROCESS_LOCAL, 5887 bytes)
20/07/22 15:41:41 INFO Executor: Running task 50.0 in stage 4.0 (TID 54)
20/07/22 15:41:41 INFO TaskSetManager: Finished task 49.0 in stage 4.0 (TID 53) in 5 ms on localhost (executor driver) (50/200)
20/07/22 15:41:41 INFO ShuffleBlockFetcherIterator: Getting 0 non-empty blocks out of 1 blocks
20/07/22 15:41:41 INFO ShuffleBlockFetcherIterator: Started 0 remote fetches in 0 ms
20/07/22 15:41:41 INFO Executor: Finished task 50.0 in stage 4.0 (TID 54). 2941 bytes result sent to driver
20/07/22 15:41:41 INFO TaskSetManager: Starting task 51.0 in stage 4.0 (TID 55, localhost, executor driver, partition 51, PROCESS_LOCAL, 5887 bytes)
20/07/22 15:41:41 INFO Executor: Running task 51.0 in stage 4.0 (TID 55)
20/07/22 15:41:41 INFO TaskSetManager: Finished task 50.0 in stage 4.0 (TID 54) in 4 ms on localhost (executor driver) (51/200)
20/07/22 15:41:41 INFO ShuffleBlockFetcherIterator: Getting 0 non-empty blocks out of 1 blocks
20/07/22 15:41:41 INFO ShuffleBlockFetcherIterator: Started 0 remote fetches in 0 ms
20/07/22 15:41:41 INFO Executor: Finished task 51.0 in stage 4.0 (TID 55). 2941 bytes result sent to driver
20/07/22 15:41:41 INFO TaskSetManager: Starting task 52.0 in stage 4.0 (TID 56, localhost, executor driver, partition 52, PROCESS_LOCAL, 5887 bytes)
20/07/22 15:41:41 INFO TaskSetManager: Finished task 51.0 in stage 4.0 (TID 55) in 4 ms on localhost (executor driver) (52/200)
20/07/22 15:41:41 INFO Executor: Running task 52.0 in stage 4.0 (TID 56)
20/07/22 15:41:41 INFO ShuffleBlockFetcherIterator: Getting 0 non-empty blocks out of 1 blocks
20/07/22 15:41:41 INFO ShuffleBlockFetcherIterator: Started 0 remote fetches in 0 ms
20/07/22 15:41:41 INFO Executor: Finished task 52.0 in stage 4.0 (TID 56). 2941 bytes result sent to driver
20/07/22 15:41:41 INFO TaskSetManager: Starting task 53.0 in stage 4.0 (TID 57, localhost, executor driver, partition 53, PROCESS_LOCAL, 5887 bytes)
20/07/22 15:41:41 INFO TaskSetManager: Finished task 52.0 in stage 4.0 (TID 56) in 3 ms on localhost (executor driver) (53/200)
20/07/22 15:41:41 INFO Executor: Running task 53.0 in stage 4.0 (TID 57)
20/07/22 15:41:41 INFO ShuffleBlockFetcherIterator: Getting 0 non-empty blocks out of 1 blocks
20/07/22 15:41:41 INFO ShuffleBlockFetcherIterator: Started 0 remote fetches in 0 ms
20/07/22 15:41:41 INFO Executor: Finished task 53.0 in stage 4.0 (TID 57). 2941 bytes result sent to driver
20/07/22 15:41:41 INFO TaskSetManager: Starting task 54.0 in stage 4.0 (TID 58, localhost, executor driver, partition 54, PROCESS_LOCAL, 5887 bytes)
20/07/22 15:41:41 INFO TaskSetManager: Finished task 53.0 in stage 4.0 (TID 57) in 5 ms on localhost (executor driver) (54/200)
20/07/22 15:41:41 INFO Executor: Running task 54.0 in stage 4.0 (TID 58)
20/07/22 15:41:41 INFO ShuffleBlockFetcherIterator: Getting 0 non-empty blocks out of 1 blocks
20/07/22 15:41:41 INFO ShuffleBlockFetcherIterator: Started 0 remote fetches in 0 ms
20/07/22 15:41:41 INFO Executor: Finished task 54.0 in stage 4.0 (TID 58). 2941 bytes result sent to driver
20/07/22 15:41:41 INFO TaskSetManager: Starting task 55.0 in stage 4.0 (TID 59, localhost, executor driver, partition 55, PROCESS_LOCAL, 5887 bytes)
20/07/22 15:41:41 INFO TaskSetManager: Finished task 54.0 in stage 4.0 (TID 58) in 5 ms on localhost (executor driver) (55/200)
20/07/22 15:41:41 INFO Executor: Running task 55.0 in stage 4.0 (TID 59)
20/07/22 15:41:41 INFO ShuffleBlockFetcherIterator: Getting 0 non-empty blocks out of 1 blocks
20/07/22 15:41:41 INFO ShuffleBlockFetcherIterator: Started 0 remote fetches in 0 ms
20/07/22 15:41:41 INFO Executor: Finished task 55.0 in stage 4.0 (TID 59). 2941 bytes result sent to driver
20/07/22 15:41:41 INFO TaskSetManager: Starting task 56.0 in stage 4.0 (TID 60, localhost, executor driver, partition 56, PROCESS_LOCAL, 5887 bytes)
20/07/22 15:41:41 INFO TaskSetManager: Finished task 55.0 in stage 4.0 (TID 59) in 4 ms on localhost (executor driver) (56/200)
20/07/22 15:41:41 INFO Executor: Running task 56.0 in stage 4.0 (TID 60)
20/07/22 15:41:41 INFO ShuffleBlockFetcherIterator: Getting 0 non-empty blocks out of 1 blocks
20/07/22 15:41:41 INFO ShuffleBlockFetcherIterator: Started 0 remote fetches in 0 ms
20/07/22 15:41:41 INFO Executor: Finished task 56.0 in stage 4.0 (TID 60). 2941 bytes result sent to driver
20/07/22 15:41:41 INFO TaskSetManager: Starting task 57.0 in stage 4.0 (TID 61, localhost, executor driver, partition 57, PROCESS_LOCAL, 5887 bytes)
20/07/22 15:41:41 INFO TaskSetManager: Finished task 56.0 in stage 4.0 (TID 60) in 4 ms on localhost (executor driver) (57/200)
20/07/22 15:41:41 INFO Executor: Running task 57.0 in stage 4.0 (TID 61)
20/07/22 15:41:41 INFO ShuffleBlockFetcherIterator: Getting 0 non-empty blocks out of 1 blocks
20/07/22 15:41:41 INFO ShuffleBlockFetcherIterator: Started 0 remote fetches in 0 ms
20/07/22 15:41:41 INFO Executor: Finished task 57.0 in stage 4.0 (TID 61). 2941 bytes result sent to driver
20/07/22 15:41:41 INFO TaskSetManager: Starting task 58.0 in stage 4.0 (TID 62, localhost, executor driver, partition 58, PROCESS_LOCAL, 5887 bytes)
20/07/22 15:41:41 INFO Executor: Running task 58.0 in stage 4.0 (TID 62)
20/07/22 15:41:41 INFO TaskSetManager: Finished task 57.0 in stage 4.0 (TID 61) in 4 ms on localhost (executor driver) (58/200)
20/07/22 15:41:41 INFO ShuffleBlockFetcherIterator: Getting 0 non-empty blocks out of 1 blocks
20/07/22 15:41:41 INFO ShuffleBlockFetcherIterator: Started 0 remote fetches in 0 ms
20/07/22 15:41:41 INFO Executor: Finished task 58.0 in stage 4.0 (TID 62). 2941 bytes result sent to driver
20/07/22 15:41:41 INFO TaskSetManager: Starting task 59.0 in stage 4.0 (TID 63, localhost, executor driver, partition 59, PROCESS_LOCAL, 5887 bytes)
20/07/22 15:41:41 INFO Executor: Running task 59.0 in stage 4.0 (TID 63)
20/07/22 15:41:41 INFO TaskSetManager: Finished task 58.0 in stage 4.0 (TID 62) in 4 ms on localhost (executor driver) (59/200)
20/07/22 15:41:41 INFO ShuffleBlockFetcherIterator: Getting 0 non-empty blocks out of 1 blocks
20/07/22 15:41:41 INFO ShuffleBlockFetcherIterator: Started 0 remote fetches in 0 ms
20/07/22 15:41:41 INFO Executor: Finished task 59.0 in stage 4.0 (TID 63). 2941 bytes result sent to driver
20/07/22 15:41:41 INFO TaskSetManager: Starting task 60.0 in stage 4.0 (TID 64, localhost, executor driver, partition 60, PROCESS_LOCAL, 5887 bytes)
20/07/22 15:41:41 INFO Executor: Running task 60.0 in stage 4.0 (TID 64)
20/07/22 15:41:41 INFO TaskSetManager: Finished task 59.0 in stage 4.0 (TID 63) in 4 ms on localhost (executor driver) (60/200)
20/07/22 15:41:41 INFO ShuffleBlockFetcherIterator: Getting 0 non-empty blocks out of 1 blocks
20/07/22 15:41:41 INFO ShuffleBlockFetcherIterator: Started 0 remote fetches in 0 ms
20/07/22 15:41:41 INFO Executor: Finished task 60.0 in stage 4.0 (TID 64). 2941 bytes result sent to driver
20/07/22 15:41:41 INFO TaskSetManager: Starting task 61.0 in stage 4.0 (TID 65, localhost, executor driver, partition 61, PROCESS_LOCAL, 5887 bytes)
20/07/22 15:41:41 INFO TaskSetManager: Finished task 60.0 in stage 4.0 (TID 64) in 7 ms on localhost (executor driver) (61/200)
20/07/22 15:41:41 INFO Executor: Running task 61.0 in stage 4.0 (TID 65)
20/07/22 15:41:41 INFO ShuffleBlockFetcherIterator: Getting 0 non-empty blocks out of 1 blocks
20/07/22 15:41:41 INFO ShuffleBlockFetcherIterator: Started 0 remote fetches in 0 ms
20/07/22 15:41:41 INFO Executor: Finished task 61.0 in stage 4.0 (TID 65). 2941 bytes result sent to driver
20/07/22 15:41:41 INFO TaskSetManager: Starting task 62.0 in stage 4.0 (TID 66, localhost, executor driver, partition 62, PROCESS_LOCAL, 5887 bytes)
20/07/22 15:41:41 INFO TaskSetManager: Finished task 61.0 in stage 4.0 (TID 65) in 3 ms on localhost (executor driver) (62/200)
20/07/22 15:41:41 INFO Executor: Running task 62.0 in stage 4.0 (TID 66)
20/07/22 15:41:41 INFO ShuffleBlockFetcherIterator: Getting 0 non-empty blocks out of 1 blocks
20/07/22 15:41:41 INFO ShuffleBlockFetcherIterator: Started 0 remote fetches in 0 ms
20/07/22 15:41:41 INFO Executor: Finished task 62.0 in stage 4.0 (TID 66). 2941 bytes result sent to driver
20/07/22 15:41:41 INFO TaskSetManager: Starting task 63.0 in stage 4.0 (TID 67, localhost, executor driver, partition 63, PROCESS_LOCAL, 5887 bytes)
20/07/22 15:41:41 INFO Executor: Running task 63.0 in stage 4.0 (TID 67)
20/07/22 15:41:41 INFO TaskSetManager: Finished task 62.0 in stage 4.0 (TID 66) in 4 ms on localhost (executor driver) (63/200)
20/07/22 15:41:41 INFO ShuffleBlockFetcherIterator: Getting 0 non-empty blocks out of 1 blocks
20/07/22 15:41:41 INFO ShuffleBlockFetcherIterator: Started 0 remote fetches in 0 ms
20/07/22 15:41:41 INFO Executor: Finished task 63.0 in stage 4.0 (TID 67). 2941 bytes result sent to driver
20/07/22 15:41:41 INFO TaskSetManager: Starting task 64.0 in stage 4.0 (TID 68, localhost, executor driver, partition 64, PROCESS_LOCAL, 5887 bytes)
20/07/22 15:41:41 INFO TaskSetManager: Finished task 63.0 in stage 4.0 (TID 67) in 4 ms on localhost (executor driver) (64/200)
20/07/22 15:41:41 INFO Executor: Running task 64.0 in stage 4.0 (TID 68)
20/07/22 15:41:41 INFO ShuffleBlockFetcherIterator: Getting 0 non-empty blocks out of 1 blocks
20/07/22 15:41:41 INFO ShuffleBlockFetcherIterator: Started 0 remote fetches in 1 ms
20/07/22 15:41:41 INFO Executor: Finished task 64.0 in stage 4.0 (TID 68). 2941 bytes result sent to driver
20/07/22 15:41:41 INFO TaskSetManager: Starting task 65.0 in stage 4.0 (TID 69, localhost, executor driver, partition 65, PROCESS_LOCAL, 5887 bytes)
20/07/22 15:41:41 INFO Executor: Running task 65.0 in stage 4.0 (TID 69)
20/07/22 15:41:41 INFO TaskSetManager: Finished task 64.0 in stage 4.0 (TID 68) in 4 ms on localhost (executor driver) (65/200)
20/07/22 15:41:41 INFO ShuffleBlockFetcherIterator: Getting 0 non-empty blocks out of 1 blocks
20/07/22 15:41:41 INFO ShuffleBlockFetcherIterator: Started 0 remote fetches in 0 ms
20/07/22 15:41:41 INFO Executor: Finished task 65.0 in stage 4.0 (TID 69). 2941 bytes result sent to driver
20/07/22 15:41:41 INFO TaskSetManager: Starting task 66.0 in stage 4.0 (TID 70, localhost, executor driver, partition 66, PROCESS_LOCAL, 5887 bytes)
20/07/22 15:41:41 INFO TaskSetManager: Finished task 65.0 in stage 4.0 (TID 69) in 3 ms on localhost (executor driver) (66/200)
20/07/22 15:41:41 INFO Executor: Running task 66.0 in stage 4.0 (TID 70)
20/07/22 15:41:41 INFO ShuffleBlockFetcherIterator: Getting 0 non-empty blocks out of 1 blocks
20/07/22 15:41:41 INFO ShuffleBlockFetcherIterator: Started 0 remote fetches in 0 ms
20/07/22 15:41:41 INFO Executor: Finished task 66.0 in stage 4.0 (TID 70). 2941 bytes result sent to driver
20/07/22 15:41:41 INFO TaskSetManager: Starting task 67.0 in stage 4.0 (TID 71, localhost, executor driver, partition 67, PROCESS_LOCAL, 5887 bytes)
20/07/22 15:41:41 INFO TaskSetManager: Finished task 66.0 in stage 4.0 (TID 70) in 4 ms on localhost (executor driver) (67/200)
20/07/22 15:41:41 INFO Executor: Running task 67.0 in stage 4.0 (TID 71)
20/07/22 15:41:41 INFO ShuffleBlockFetcherIterator: Getting 0 non-empty blocks out of 1 blocks
20/07/22 15:41:41 INFO ShuffleBlockFetcherIterator: Started 0 remote fetches in 0 ms
20/07/22 15:41:41 INFO Executor: Finished task 67.0 in stage 4.0 (TID 71). 2941 bytes result sent to driver
20/07/22 15:41:41 INFO TaskSetManager: Starting task 69.0 in stage 4.0 (TID 72, localhost, executor driver, partition 69, PROCESS_LOCAL, 5887 bytes)
20/07/22 15:41:41 INFO Executor: Running task 69.0 in stage 4.0 (TID 72)
20/07/22 15:41:41 INFO TaskSetManager: Finished task 67.0 in stage 4.0 (TID 71) in 3 ms on localhost (executor driver) (68/200)
20/07/22 15:41:41 INFO ShuffleBlockFetcherIterator: Getting 0 non-empty blocks out of 1 blocks
20/07/22 15:41:41 INFO ShuffleBlockFetcherIterator: Started 0 remote fetches in 0 ms
20/07/22 15:41:41 INFO Executor: Finished task 69.0 in stage 4.0 (TID 72). 2941 bytes result sent to driver
20/07/22 15:41:41 INFO TaskSetManager: Starting task 70.0 in stage 4.0 (TID 73, localhost, executor driver, partition 70, PROCESS_LOCAL, 5887 bytes)
20/07/22 15:41:41 INFO TaskSetManager: Finished task 69.0 in stage 4.0 (TID 72) in 3 ms on localhost (executor driver) (69/200)
20/07/22 15:41:41 INFO Executor: Running task 70.0 in stage 4.0 (TID 73)
20/07/22 15:41:41 INFO ShuffleBlockFetcherIterator: Getting 0 non-empty blocks out of 1 blocks
20/07/22 15:41:41 INFO ShuffleBlockFetcherIterator: Started 0 remote fetches in 0 ms
20/07/22 15:41:41 INFO Executor: Finished task 70.0 in stage 4.0 (TID 73). 2862 bytes result sent to driver
20/07/22 15:41:41 INFO TaskSetManager: Starting task 71.0 in stage 4.0 (TID 74, localhost, executor driver, partition 71, PROCESS_LOCAL, 5887 bytes)
20/07/22 15:41:41 INFO Executor: Running task 71.0 in stage 4.0 (TID 74)
20/07/22 15:41:41 INFO TaskSetManager: Finished task 70.0 in stage 4.0 (TID 73) in 3 ms on localhost (executor driver) (70/200)
20/07/22 15:41:41 INFO ShuffleBlockFetcherIterator: Getting 0 non-empty blocks out of 1 blocks
20/07/22 15:41:41 INFO ShuffleBlockFetcherIterator: Started 0 remote fetches in 0 ms
20/07/22 15:41:41 INFO Executor: Finished task 71.0 in stage 4.0 (TID 74). 2941 bytes result sent to driver
20/07/22 15:41:41 INFO TaskSetManager: Starting task 72.0 in stage 4.0 (TID 75, localhost, executor driver, partition 72, PROCESS_LOCAL, 5887 bytes)
20/07/22 15:41:41 INFO TaskSetManager: Finished task 71.0 in stage 4.0 (TID 74) in 3 ms on localhost (executor driver) (71/200)
20/07/22 15:41:41 INFO Executor: Running task 72.0 in stage 4.0 (TID 75)
20/07/22 15:41:41 INFO ShuffleBlockFetcherIterator: Getting 0 non-empty blocks out of 1 blocks
20/07/22 15:41:41 INFO ShuffleBlockFetcherIterator: Started 0 remote fetches in 0 ms
20/07/22 15:41:41 INFO Executor: Finished task 72.0 in stage 4.0 (TID 75). 2941 bytes result sent to driver
20/07/22 15:41:41 INFO TaskSetManager: Starting task 73.0 in stage 4.0 (TID 76, localhost, executor driver, partition 73, PROCESS_LOCAL, 5887 bytes)
20/07/22 15:41:41 INFO TaskSetManager: Finished task 72.0 in stage 4.0 (TID 75) in 3 ms on localhost (executor driver) (72/200)
20/07/22 15:41:41 INFO Executor: Running task 73.0 in stage 4.0 (TID 76)
20/07/22 15:41:41 INFO ShuffleBlockFetcherIterator: Getting 0 non-empty blocks out of 1 blocks
20/07/22 15:41:41 INFO ShuffleBlockFetcherIterator: Started 0 remote fetches in 0 ms
20/07/22 15:41:41 INFO Executor: Finished task 73.0 in stage 4.0 (TID 76). 2941 bytes result sent to driver
20/07/22 15:41:41 INFO TaskSetManager: Starting task 74.0 in stage 4.0 (TID 77, localhost, executor driver, partition 74, PROCESS_LOCAL, 5887 bytes)
20/07/22 15:41:41 INFO Executor: Running task 74.0 in stage 4.0 (TID 77)
20/07/22 15:41:41 INFO TaskSetManager: Finished task 73.0 in stage 4.0 (TID 76) in 3 ms on localhost (executor driver) (73/200)
20/07/22 15:41:41 INFO ShuffleBlockFetcherIterator: Getting 0 non-empty blocks out of 1 blocks
20/07/22 15:41:41 INFO ShuffleBlockFetcherIterator: Started 0 remote fetches in 0 ms
20/07/22 15:41:41 INFO Executor: Finished task 74.0 in stage 4.0 (TID 77). 2862 bytes result sent to driver
20/07/22 15:41:41 INFO TaskSetManager: Starting task 75.0 in stage 4.0 (TID 78, localhost, executor driver, partition 75, PROCESS_LOCAL, 5887 bytes)
20/07/22 15:41:41 INFO TaskSetManager: Finished task 74.0 in stage 4.0 (TID 77) in 3 ms on localhost (executor driver) (74/200)
20/07/22 15:41:41 INFO Executor: Running task 75.0 in stage 4.0 (TID 78)
20/07/22 15:41:41 INFO ShuffleBlockFetcherIterator: Getting 0 non-empty blocks out of 1 blocks
20/07/22 15:41:41 INFO ShuffleBlockFetcherIterator: Started 0 remote fetches in 0 ms
20/07/22 15:41:41 INFO Executor: Finished task 75.0 in stage 4.0 (TID 78). 2862 bytes result sent to driver
20/07/22 15:41:41 INFO TaskSetManager: Starting task 76.0 in stage 4.0 (TID 79, localhost, executor driver, partition 76, PROCESS_LOCAL, 5887 bytes)
20/07/22 15:41:41 INFO Executor: Running task 76.0 in stage 4.0 (TID 79)
20/07/22 15:41:41 INFO TaskSetManager: Finished task 75.0 in stage 4.0 (TID 78) in 3 ms on localhost (executor driver) (75/200)
20/07/22 15:41:41 INFO ShuffleBlockFetcherIterator: Getting 0 non-empty blocks out of 1 blocks
20/07/22 15:41:41 INFO ShuffleBlockFetcherIterator: Started 0 remote fetches in 0 ms
20/07/22 15:41:41 INFO Executor: Finished task 76.0 in stage 4.0 (TID 79). 2941 bytes result sent to driver
20/07/22 15:41:41 INFO TaskSetManager: Starting task 77.0 in stage 4.0 (TID 80, localhost, executor driver, partition 77, PROCESS_LOCAL, 5887 bytes)
20/07/22 15:41:41 INFO TaskSetManager: Finished task 76.0 in stage 4.0 (TID 79) in 4 ms on localhost (executor driver) (76/200)
20/07/22 15:41:41 INFO Executor: Running task 77.0 in stage 4.0 (TID 80)
20/07/22 15:41:41 INFO ShuffleBlockFetcherIterator: Getting 0 non-empty blocks out of 1 blocks
20/07/22 15:41:41 INFO ShuffleBlockFetcherIterator: Started 0 remote fetches in 0 ms
20/07/22 15:41:41 INFO Executor: Finished task 77.0 in stage 4.0 (TID 80). 2941 bytes result sent to driver
20/07/22 15:41:41 INFO TaskSetManager: Starting task 78.0 in stage 4.0 (TID 81, localhost, executor driver, partition 78, PROCESS_LOCAL, 5887 bytes)
20/07/22 15:41:41 INFO Executor: Running task 78.0 in stage 4.0 (TID 81)
20/07/22 15:41:41 INFO TaskSetManager: Finished task 77.0 in stage 4.0 (TID 80) in 4 ms on localhost (executor driver) (77/200)
20/07/22 15:41:41 INFO ShuffleBlockFetcherIterator: Getting 0 non-empty blocks out of 1 blocks
20/07/22 15:41:41 INFO ShuffleBlockFetcherIterator: Started 0 remote fetches in 0 ms
20/07/22 15:41:41 INFO Executor: Finished task 78.0 in stage 4.0 (TID 81). 2941 bytes result sent to driver
20/07/22 15:41:41 INFO TaskSetManager: Starting task 79.0 in stage 4.0 (TID 82, localhost, executor driver, partition 79, PROCESS_LOCAL, 5887 bytes)
20/07/22 15:41:41 INFO TaskSetManager: Finished task 78.0 in stage 4.0 (TID 81) in 6 ms on localhost (executor driver) (78/200)
20/07/22 15:41:41 INFO Executor: Running task 79.0 in stage 4.0 (TID 82)
20/07/22 15:41:41 INFO ShuffleBlockFetcherIterator: Getting 0 non-empty blocks out of 1 blocks
20/07/22 15:41:41 INFO ShuffleBlockFetcherIterator: Started 0 remote fetches in 0 ms
20/07/22 15:41:41 INFO Executor: Finished task 79.0 in stage 4.0 (TID 82). 2941 bytes result sent to driver
20/07/22 15:41:41 INFO TaskSetManager: Starting task 80.0 in stage 4.0 (TID 83, localhost, executor driver, partition 80, PROCESS_LOCAL, 5887 bytes)
20/07/22 15:41:41 INFO TaskSetManager: Finished task 79.0 in stage 4.0 (TID 82) in 4 ms on localhost (executor driver) (79/200)
20/07/22 15:41:41 INFO Executor: Running task 80.0 in stage 4.0 (TID 83)
20/07/22 15:41:41 INFO ShuffleBlockFetcherIterator: Getting 0 non-empty blocks out of 1 blocks
20/07/22 15:41:41 INFO ShuffleBlockFetcherIterator: Started 0 remote fetches in 0 ms
20/07/22 15:41:41 INFO Executor: Finished task 80.0 in stage 4.0 (TID 83). 2941 bytes result sent to driver
20/07/22 15:41:41 INFO TaskSetManager: Starting task 81.0 in stage 4.0 (TID 84, localhost, executor driver, partition 81, PROCESS_LOCAL, 5887 bytes)
20/07/22 15:41:41 INFO Executor: Running task 81.0 in stage 4.0 (TID 84)
20/07/22 15:41:41 INFO TaskSetManager: Finished task 80.0 in stage 4.0 (TID 83) in 4 ms on localhost (executor driver) (80/200)
20/07/22 15:41:41 INFO ShuffleBlockFetcherIterator: Getting 0 non-empty blocks out of 1 blocks
20/07/22 15:41:41 INFO ShuffleBlockFetcherIterator: Started 0 remote fetches in 0 ms
20/07/22 15:41:41 INFO Executor: Finished task 81.0 in stage 4.0 (TID 84). 2941 bytes result sent to driver
20/07/22 15:41:41 INFO TaskSetManager: Starting task 82.0 in stage 4.0 (TID 85, localhost, executor driver, partition 82, PROCESS_LOCAL, 5887 bytes)
20/07/22 15:41:41 INFO TaskSetManager: Finished task 81.0 in stage 4.0 (TID 84) in 3 ms on localhost (executor driver) (81/200)
20/07/22 15:41:41 INFO Executor: Running task 82.0 in stage 4.0 (TID 85)
20/07/22 15:41:41 INFO ShuffleBlockFetcherIterator: Getting 0 non-empty blocks out of 1 blocks
20/07/22 15:41:41 INFO ShuffleBlockFetcherIterator: Started 0 remote fetches in 0 ms
20/07/22 15:41:41 INFO Executor: Finished task 82.0 in stage 4.0 (TID 85). 2941 bytes result sent to driver
20/07/22 15:41:41 INFO TaskSetManager: Starting task 83.0 in stage 4.0 (TID 86, localhost, executor driver, partition 83, PROCESS_LOCAL, 5887 bytes)
20/07/22 15:41:41 INFO Executor: Running task 83.0 in stage 4.0 (TID 86)
20/07/22 15:41:41 INFO TaskSetManager: Finished task 82.0 in stage 4.0 (TID 85) in 5 ms on localhost (executor driver) (82/200)
20/07/22 15:41:41 INFO ShuffleBlockFetcherIterator: Getting 0 non-empty blocks out of 1 blocks
20/07/22 15:41:41 INFO ShuffleBlockFetcherIterator: Started 0 remote fetches in 0 ms
20/07/22 15:41:41 INFO Executor: Finished task 83.0 in stage 4.0 (TID 86). 2941 bytes result sent to driver
20/07/22 15:41:41 INFO TaskSetManager: Starting task 84.0 in stage 4.0 (TID 87, localhost, executor driver, partition 84, PROCESS_LOCAL, 5887 bytes)
20/07/22 15:41:41 INFO Executor: Running task 84.0 in stage 4.0 (TID 87)
20/07/22 15:41:41 INFO TaskSetManager: Finished task 83.0 in stage 4.0 (TID 86) in 3 ms on localhost (executor driver) (83/200)
20/07/22 15:41:41 INFO ShuffleBlockFetcherIterator: Getting 0 non-empty blocks out of 1 blocks
20/07/22 15:41:41 INFO ShuffleBlockFetcherIterator: Started 0 remote fetches in 1 ms
20/07/22 15:41:41 INFO Executor: Finished task 84.0 in stage 4.0 (TID 87). 2941 bytes result sent to driver
20/07/22 15:41:41 INFO TaskSetManager: Starting task 85.0 in stage 4.0 (TID 88, localhost, executor driver, partition 85, PROCESS_LOCAL, 5887 bytes)
20/07/22 15:41:41 INFO Executor: Running task 85.0 in stage 4.0 (TID 88)
20/07/22 15:41:41 INFO TaskSetManager: Finished task 84.0 in stage 4.0 (TID 87) in 3 ms on localhost (executor driver) (84/200)
20/07/22 15:41:41 INFO ShuffleBlockFetcherIterator: Getting 0 non-empty blocks out of 1 blocks
20/07/22 15:41:41 INFO ShuffleBlockFetcherIterator: Started 0 remote fetches in 0 ms
20/07/22 15:41:41 INFO Executor: Finished task 85.0 in stage 4.0 (TID 88). 2941 bytes result sent to driver
20/07/22 15:41:41 INFO TaskSetManager: Starting task 86.0 in stage 4.0 (TID 89, localhost, executor driver, partition 86, PROCESS_LOCAL, 5887 bytes)
20/07/22 15:41:41 INFO Executor: Running task 86.0 in stage 4.0 (TID 89)
20/07/22 15:41:41 INFO TaskSetManager: Finished task 85.0 in stage 4.0 (TID 88) in 4 ms on localhost (executor driver) (85/200)
20/07/22 15:41:41 INFO ShuffleBlockFetcherIterator: Getting 0 non-empty blocks out of 1 blocks
20/07/22 15:41:41 INFO ShuffleBlockFetcherIterator: Started 0 remote fetches in 0 ms
20/07/22 15:41:41 INFO Executor: Finished task 86.0 in stage 4.0 (TID 89). 2941 bytes result sent to driver
20/07/22 15:41:41 INFO TaskSetManager: Starting task 87.0 in stage 4.0 (TID 90, localhost, executor driver, partition 87, PROCESS_LOCAL, 5887 bytes)
20/07/22 15:41:41 INFO TaskSetManager: Finished task 86.0 in stage 4.0 (TID 89) in 4 ms on localhost (executor driver) (86/200)
20/07/22 15:41:41 INFO Executor: Running task 87.0 in stage 4.0 (TID 90)
20/07/22 15:41:41 INFO ShuffleBlockFetcherIterator: Getting 0 non-empty blocks out of 1 blocks
20/07/22 15:41:41 INFO ShuffleBlockFetcherIterator: Started 0 remote fetches in 0 ms
20/07/22 15:41:41 INFO Executor: Finished task 87.0 in stage 4.0 (TID 90). 2941 bytes result sent to driver
20/07/22 15:41:41 INFO TaskSetManager: Starting task 88.0 in stage 4.0 (TID 91, localhost, executor driver, partition 88, PROCESS_LOCAL, 5887 bytes)
20/07/22 15:41:41 INFO TaskSetManager: Finished task 87.0 in stage 4.0 (TID 90) in 3 ms on localhost (executor driver) (87/200)
20/07/22 15:41:41 INFO Executor: Running task 88.0 in stage 4.0 (TID 91)
20/07/22 15:41:41 INFO ShuffleBlockFetcherIterator: Getting 0 non-empty blocks out of 1 blocks
20/07/22 15:41:41 INFO ShuffleBlockFetcherIterator: Started 0 remote fetches in 0 ms
20/07/22 15:41:41 INFO Executor: Finished task 88.0 in stage 4.0 (TID 91). 2941 bytes result sent to driver
20/07/22 15:41:41 INFO TaskSetManager: Starting task 89.0 in stage 4.0 (TID 92, localhost, executor driver, partition 89, PROCESS_LOCAL, 5887 bytes)
20/07/22 15:41:41 INFO TaskSetManager: Finished task 88.0 in stage 4.0 (TID 91) in 4 ms on localhost (executor driver) (88/200)
20/07/22 15:41:41 INFO Executor: Running task 89.0 in stage 4.0 (TID 92)
20/07/22 15:41:41 INFO ShuffleBlockFetcherIterator: Getting 0 non-empty blocks out of 1 blocks
20/07/22 15:41:41 INFO ShuffleBlockFetcherIterator: Started 0 remote fetches in 0 ms
20/07/22 15:41:41 INFO Executor: Finished task 89.0 in stage 4.0 (TID 92). 2941 bytes result sent to driver
20/07/22 15:41:41 INFO TaskSetManager: Starting task 90.0 in stage 4.0 (TID 93, localhost, executor driver, partition 90, PROCESS_LOCAL, 5887 bytes)
20/07/22 15:41:41 INFO Executor: Running task 90.0 in stage 4.0 (TID 93)
20/07/22 15:41:41 INFO TaskSetManager: Finished task 89.0 in stage 4.0 (TID 92) in 3 ms on localhost (executor driver) (89/200)
20/07/22 15:41:41 INFO ShuffleBlockFetcherIterator: Getting 0 non-empty blocks out of 1 blocks
20/07/22 15:41:41 INFO ShuffleBlockFetcherIterator: Started 0 remote fetches in 0 ms
20/07/22 15:41:41 INFO Executor: Finished task 90.0 in stage 4.0 (TID 93). 2862 bytes result sent to driver
20/07/22 15:41:41 INFO TaskSetManager: Starting task 91.0 in stage 4.0 (TID 94, localhost, executor driver, partition 91, PROCESS_LOCAL, 5887 bytes)
20/07/22 15:41:41 INFO Executor: Running task 91.0 in stage 4.0 (TID 94)
20/07/22 15:41:41 INFO TaskSetManager: Finished task 90.0 in stage 4.0 (TID 93) in 3 ms on localhost (executor driver) (90/200)
20/07/22 15:41:41 INFO ShuffleBlockFetcherIterator: Getting 0 non-empty blocks out of 1 blocks
20/07/22 15:41:41 INFO ShuffleBlockFetcherIterator: Started 0 remote fetches in 0 ms
20/07/22 15:41:41 INFO Executor: Finished task 91.0 in stage 4.0 (TID 94). 2941 bytes result sent to driver
20/07/22 15:41:41 INFO TaskSetManager: Starting task 92.0 in stage 4.0 (TID 95, localhost, executor driver, partition 92, PROCESS_LOCAL, 5887 bytes)
20/07/22 15:41:41 INFO TaskSetManager: Finished task 91.0 in stage 4.0 (TID 94) in 3 ms on localhost (executor driver) (91/200)
20/07/22 15:41:41 INFO Executor: Running task 92.0 in stage 4.0 (TID 95)
20/07/22 15:41:41 INFO ShuffleBlockFetcherIterator: Getting 0 non-empty blocks out of 1 blocks
20/07/22 15:41:41 INFO ShuffleBlockFetcherIterator: Started 0 remote fetches in 1 ms
20/07/22 15:41:41 INFO Executor: Finished task 92.0 in stage 4.0 (TID 95). 2941 bytes result sent to driver
20/07/22 15:41:41 INFO TaskSetManager: Starting task 93.0 in stage 4.0 (TID 96, localhost, executor driver, partition 93, PROCESS_LOCAL, 5887 bytes)
20/07/22 15:41:41 INFO TaskSetManager: Finished task 92.0 in stage 4.0 (TID 95) in 5 ms on localhost (executor driver) (92/200)
20/07/22 15:41:41 INFO Executor: Running task 93.0 in stage 4.0 (TID 96)
20/07/22 15:41:41 INFO ShuffleBlockFetcherIterator: Getting 0 non-empty blocks out of 1 blocks
20/07/22 15:41:41 INFO ShuffleBlockFetcherIterator: Started 0 remote fetches in 0 ms
20/07/22 15:41:41 INFO Executor: Finished task 93.0 in stage 4.0 (TID 96). 2941 bytes result sent to driver
20/07/22 15:41:41 INFO TaskSetManager: Starting task 94.0 in stage 4.0 (TID 97, localhost, executor driver, partition 94, PROCESS_LOCAL, 5887 bytes)
20/07/22 15:41:41 INFO Executor: Running task 94.0 in stage 4.0 (TID 97)
20/07/22 15:41:41 INFO TaskSetManager: Finished task 93.0 in stage 4.0 (TID 96) in 5 ms on localhost (executor driver) (93/200)
20/07/22 15:41:41 INFO ShuffleBlockFetcherIterator: Getting 0 non-empty blocks out of 1 blocks
20/07/22 15:41:41 INFO ShuffleBlockFetcherIterator: Started 0 remote fetches in 0 ms
20/07/22 15:41:41 INFO Executor: Finished task 94.0 in stage 4.0 (TID 97). 3014 bytes result sent to driver
20/07/22 15:41:41 INFO BlockManagerInfo: Removed broadcast_6_piece0 on 172.20.10.3:39429 in memory (size: 14.7 KB, free: 93.3 MB)
20/07/22 15:41:41 INFO TaskSetManager: Starting task 95.0 in stage 4.0 (TID 98, localhost, executor driver, partition 95, PROCESS_LOCAL, 5887 bytes)
20/07/22 15:41:41 INFO TaskSetManager: Finished task 94.0 in stage 4.0 (TID 97) in 10 ms on localhost (executor driver) (94/200)
20/07/22 15:41:41 INFO Executor: Running task 95.0 in stage 4.0 (TID 98)
20/07/22 15:41:41 INFO ShuffleBlockFetcherIterator: Getting 0 non-empty blocks out of 1 blocks
20/07/22 15:41:41 INFO ShuffleBlockFetcherIterator: Started 0 remote fetches in 0 ms
20/07/22 15:41:41 INFO Executor: Finished task 95.0 in stage 4.0 (TID 98). 2941 bytes result sent to driver
20/07/22 15:41:41 INFO TaskSetManager: Starting task 96.0 in stage 4.0 (TID 99, localhost, executor driver, partition 96, PROCESS_LOCAL, 5887 bytes)
20/07/22 15:41:41 INFO Executor: Running task 96.0 in stage 4.0 (TID 99)
20/07/22 15:41:41 INFO TaskSetManager: Finished task 95.0 in stage 4.0 (TID 98) in 4 ms on localhost (executor driver) (95/200)
20/07/22 15:41:41 INFO ShuffleBlockFetcherIterator: Getting 0 non-empty blocks out of 1 blocks
20/07/22 15:41:41 INFO ShuffleBlockFetcherIterator: Started 0 remote fetches in 0 ms
20/07/22 15:41:41 INFO Executor: Finished task 96.0 in stage 4.0 (TID 99). 2941 bytes result sent to driver
20/07/22 15:41:41 INFO TaskSetManager: Starting task 97.0 in stage 4.0 (TID 100, localhost, executor driver, partition 97, PROCESS_LOCAL, 5887 bytes)
20/07/22 15:41:41 INFO Executor: Running task 97.0 in stage 4.0 (TID 100)
20/07/22 15:41:41 INFO TaskSetManager: Finished task 96.0 in stage 4.0 (TID 99) in 3 ms on localhost (executor driver) (96/200)
20/07/22 15:41:41 INFO ShuffleBlockFetcherIterator: Getting 0 non-empty blocks out of 1 blocks
20/07/22 15:41:41 INFO ShuffleBlockFetcherIterator: Started 0 remote fetches in 0 ms
20/07/22 15:41:41 INFO Executor: Finished task 97.0 in stage 4.0 (TID 100). 3028 bytes result sent to driver
20/07/22 15:41:41 INFO TaskSetManager: Starting task 98.0 in stage 4.0 (TID 101, localhost, executor driver, partition 98, PROCESS_LOCAL, 5887 bytes)
20/07/22 15:41:41 INFO Executor: Running task 98.0 in stage 4.0 (TID 101)
20/07/22 15:41:41 INFO TaskSetManager: Finished task 97.0 in stage 4.0 (TID 100) in 3 ms on localhost (executor driver) (97/200)
20/07/22 15:41:41 INFO ShuffleBlockFetcherIterator: Getting 0 non-empty blocks out of 1 blocks
20/07/22 15:41:41 INFO ShuffleBlockFetcherIterator: Started 0 remote fetches in 0 ms
20/07/22 15:41:41 INFO Executor: Finished task 98.0 in stage 4.0 (TID 101). 2941 bytes result sent to driver
20/07/22 15:41:41 INFO TaskSetManager: Starting task 99.0 in stage 4.0 (TID 102, localhost, executor driver, partition 99, PROCESS_LOCAL, 5887 bytes)
20/07/22 15:41:41 INFO TaskSetManager: Finished task 98.0 in stage 4.0 (TID 101) in 3 ms on localhost (executor driver) (98/200)
20/07/22 15:41:41 INFO Executor: Running task 99.0 in stage 4.0 (TID 102)
20/07/22 15:41:41 INFO ShuffleBlockFetcherIterator: Getting 0 non-empty blocks out of 1 blocks
20/07/22 15:41:41 INFO ShuffleBlockFetcherIterator: Started 0 remote fetches in 0 ms
20/07/22 15:41:41 INFO Executor: Finished task 99.0 in stage 4.0 (TID 102). 2862 bytes result sent to driver
20/07/22 15:41:41 INFO TaskSetManager: Starting task 100.0 in stage 4.0 (TID 103, localhost, executor driver, partition 100, PROCESS_LOCAL, 5887 bytes)
20/07/22 15:41:41 INFO TaskSetManager: Finished task 99.0 in stage 4.0 (TID 102) in 3 ms on localhost (executor driver) (99/200)
20/07/22 15:41:41 INFO Executor: Running task 100.0 in stage 4.0 (TID 103)
20/07/22 15:41:41 INFO ShuffleBlockFetcherIterator: Getting 0 non-empty blocks out of 1 blocks
20/07/22 15:41:41 INFO ShuffleBlockFetcherIterator: Started 0 remote fetches in 1 ms
20/07/22 15:41:41 INFO Executor: Finished task 100.0 in stage 4.0 (TID 103). 2941 bytes result sent to driver
20/07/22 15:41:41 INFO TaskSetManager: Starting task 101.0 in stage 4.0 (TID 104, localhost, executor driver, partition 101, PROCESS_LOCAL, 5887 bytes)
20/07/22 15:41:41 INFO Executor: Running task 101.0 in stage 4.0 (TID 104)
20/07/22 15:41:41 INFO TaskSetManager: Finished task 100.0 in stage 4.0 (TID 103) in 3 ms on localhost (executor driver) (100/200)
20/07/22 15:41:41 INFO ShuffleBlockFetcherIterator: Getting 0 non-empty blocks out of 1 blocks
20/07/22 15:41:41 INFO ShuffleBlockFetcherIterator: Started 0 remote fetches in 0 ms
20/07/22 15:41:41 INFO Executor: Finished task 101.0 in stage 4.0 (TID 104). 2941 bytes result sent to driver
20/07/22 15:41:41 INFO TaskSetManager: Starting task 102.0 in stage 4.0 (TID 105, localhost, executor driver, partition 102, PROCESS_LOCAL, 5887 bytes)
20/07/22 15:41:41 INFO Executor: Running task 102.0 in stage 4.0 (TID 105)
20/07/22 15:41:41 INFO TaskSetManager: Finished task 101.0 in stage 4.0 (TID 104) in 4 ms on localhost (executor driver) (101/200)
20/07/22 15:41:41 INFO ShuffleBlockFetcherIterator: Getting 0 non-empty blocks out of 1 blocks
20/07/22 15:41:41 INFO ShuffleBlockFetcherIterator: Started 0 remote fetches in 0 ms
20/07/22 15:41:41 INFO Executor: Finished task 102.0 in stage 4.0 (TID 105). 2862 bytes result sent to driver
20/07/22 15:41:41 INFO TaskSetManager: Starting task 103.0 in stage 4.0 (TID 106, localhost, executor driver, partition 103, PROCESS_LOCAL, 5887 bytes)
20/07/22 15:41:41 INFO TaskSetManager: Finished task 102.0 in stage 4.0 (TID 105) in 3 ms on localhost (executor driver) (102/200)
20/07/22 15:41:41 INFO Executor: Running task 103.0 in stage 4.0 (TID 106)
20/07/22 15:41:41 INFO ShuffleBlockFetcherIterator: Getting 0 non-empty blocks out of 1 blocks
20/07/22 15:41:41 INFO ShuffleBlockFetcherIterator: Started 0 remote fetches in 0 ms
20/07/22 15:41:41 INFO Executor: Finished task 103.0 in stage 4.0 (TID 106). 2941 bytes result sent to driver
20/07/22 15:41:41 INFO TaskSetManager: Starting task 104.0 in stage 4.0 (TID 107, localhost, executor driver, partition 104, PROCESS_LOCAL, 5887 bytes)
20/07/22 15:41:41 INFO Executor: Running task 104.0 in stage 4.0 (TID 107)
20/07/22 15:41:41 INFO TaskSetManager: Finished task 103.0 in stage 4.0 (TID 106) in 7 ms on localhost (executor driver) (103/200)
20/07/22 15:41:41 INFO ShuffleBlockFetcherIterator: Getting 0 non-empty blocks out of 1 blocks
20/07/22 15:41:41 INFO ShuffleBlockFetcherIterator: Started 0 remote fetches in 1 ms
20/07/22 15:41:41 INFO Executor: Finished task 104.0 in stage 4.0 (TID 107). 2941 bytes result sent to driver
20/07/22 15:41:41 INFO TaskSetManager: Starting task 105.0 in stage 4.0 (TID 108, localhost, executor driver, partition 105, PROCESS_LOCAL, 5887 bytes)
20/07/22 15:41:41 INFO Executor: Running task 105.0 in stage 4.0 (TID 108)
20/07/22 15:41:41 INFO TaskSetManager: Finished task 104.0 in stage 4.0 (TID 107) in 3 ms on localhost (executor driver) (104/200)
20/07/22 15:41:41 INFO ShuffleBlockFetcherIterator: Getting 0 non-empty blocks out of 1 blocks
20/07/22 15:41:41 INFO ShuffleBlockFetcherIterator: Started 0 remote fetches in 0 ms
20/07/22 15:41:41 INFO Executor: Finished task 105.0 in stage 4.0 (TID 108). 2941 bytes result sent to driver
20/07/22 15:41:41 INFO TaskSetManager: Starting task 106.0 in stage 4.0 (TID 109, localhost, executor driver, partition 106, PROCESS_LOCAL, 5887 bytes)
20/07/22 15:41:41 INFO Executor: Running task 106.0 in stage 4.0 (TID 109)
20/07/22 15:41:41 INFO TaskSetManager: Finished task 105.0 in stage 4.0 (TID 108) in 4 ms on localhost (executor driver) (105/200)
20/07/22 15:41:41 INFO ShuffleBlockFetcherIterator: Getting 0 non-empty blocks out of 1 blocks
20/07/22 15:41:41 INFO ShuffleBlockFetcherIterator: Started 0 remote fetches in 0 ms
20/07/22 15:41:41 INFO Executor: Finished task 106.0 in stage 4.0 (TID 109). 2941 bytes result sent to driver
20/07/22 15:41:41 INFO TaskSetManager: Starting task 107.0 in stage 4.0 (TID 110, localhost, executor driver, partition 107, PROCESS_LOCAL, 5887 bytes)
20/07/22 15:41:41 INFO Executor: Running task 107.0 in stage 4.0 (TID 110)
20/07/22 15:41:41 INFO TaskSetManager: Finished task 106.0 in stage 4.0 (TID 109) in 4 ms on localhost (executor driver) (106/200)
20/07/22 15:41:41 INFO ShuffleBlockFetcherIterator: Getting 0 non-empty blocks out of 1 blocks
20/07/22 15:41:41 INFO ShuffleBlockFetcherIterator: Started 0 remote fetches in 0 ms
20/07/22 15:41:41 INFO Executor: Finished task 107.0 in stage 4.0 (TID 110). 2941 bytes result sent to driver
20/07/22 15:41:41 INFO TaskSetManager: Starting task 108.0 in stage 4.0 (TID 111, localhost, executor driver, partition 108, PROCESS_LOCAL, 5887 bytes)
20/07/22 15:41:41 INFO TaskSetManager: Finished task 107.0 in stage 4.0 (TID 110) in 4 ms on localhost (executor driver) (107/200)
20/07/22 15:41:41 INFO Executor: Running task 108.0 in stage 4.0 (TID 111)
20/07/22 15:41:41 INFO ShuffleBlockFetcherIterator: Getting 0 non-empty blocks out of 1 blocks
20/07/22 15:41:41 INFO ShuffleBlockFetcherIterator: Started 0 remote fetches in 0 ms
20/07/22 15:41:41 INFO Executor: Finished task 108.0 in stage 4.0 (TID 111). 2941 bytes result sent to driver
20/07/22 15:41:41 INFO TaskSetManager: Starting task 109.0 in stage 4.0 (TID 112, localhost, executor driver, partition 109, PROCESS_LOCAL, 5887 bytes)
20/07/22 15:41:41 INFO TaskSetManager: Finished task 108.0 in stage 4.0 (TID 111) in 4 ms on localhost (executor driver) (108/200)
20/07/22 15:41:41 INFO Executor: Running task 109.0 in stage 4.0 (TID 112)
20/07/22 15:41:41 INFO ShuffleBlockFetcherIterator: Getting 0 non-empty blocks out of 1 blocks
20/07/22 15:41:41 INFO ShuffleBlockFetcherIterator: Started 0 remote fetches in 1 ms
20/07/22 15:41:41 INFO Executor: Finished task 109.0 in stage 4.0 (TID 112). 2941 bytes result sent to driver
20/07/22 15:41:41 INFO TaskSetManager: Starting task 110.0 in stage 4.0 (TID 113, localhost, executor driver, partition 110, PROCESS_LOCAL, 5887 bytes)
20/07/22 15:41:41 INFO Executor: Running task 110.0 in stage 4.0 (TID 113)
20/07/22 15:41:41 INFO TaskSetManager: Finished task 109.0 in stage 4.0 (TID 112) in 3 ms on localhost (executor driver) (109/200)
20/07/22 15:41:41 INFO ShuffleBlockFetcherIterator: Getting 0 non-empty blocks out of 1 blocks
20/07/22 15:41:41 INFO ShuffleBlockFetcherIterator: Started 0 remote fetches in 1 ms
20/07/22 15:41:41 INFO Executor: Finished task 110.0 in stage 4.0 (TID 113). 2941 bytes result sent to driver
20/07/22 15:41:41 INFO TaskSetManager: Starting task 111.0 in stage 4.0 (TID 114, localhost, executor driver, partition 111, PROCESS_LOCAL, 5887 bytes)
20/07/22 15:41:41 INFO TaskSetManager: Finished task 110.0 in stage 4.0 (TID 113) in 3 ms on localhost (executor driver) (110/200)
20/07/22 15:41:41 INFO Executor: Running task 111.0 in stage 4.0 (TID 114)
20/07/22 15:41:41 INFO ShuffleBlockFetcherIterator: Getting 0 non-empty blocks out of 1 blocks
20/07/22 15:41:41 INFO ShuffleBlockFetcherIterator: Started 0 remote fetches in 0 ms
20/07/22 15:41:41 INFO Executor: Finished task 111.0 in stage 4.0 (TID 114). 2862 bytes result sent to driver
20/07/22 15:41:41 INFO TaskSetManager: Starting task 112.0 in stage 4.0 (TID 115, localhost, executor driver, partition 112, PROCESS_LOCAL, 5887 bytes)
20/07/22 15:41:41 INFO Executor: Running task 112.0 in stage 4.0 (TID 115)
20/07/22 15:41:41 INFO TaskSetManager: Finished task 111.0 in stage 4.0 (TID 114) in 3 ms on localhost (executor driver) (111/200)
20/07/22 15:41:41 INFO ShuffleBlockFetcherIterator: Getting 0 non-empty blocks out of 1 blocks
20/07/22 15:41:41 INFO ShuffleBlockFetcherIterator: Started 0 remote fetches in 0 ms
20/07/22 15:41:41 INFO Executor: Finished task 112.0 in stage 4.0 (TID 115). 2941 bytes result sent to driver
20/07/22 15:41:41 INFO TaskSetManager: Starting task 113.0 in stage 4.0 (TID 116, localhost, executor driver, partition 113, PROCESS_LOCAL, 5887 bytes)
20/07/22 15:41:41 INFO Executor: Running task 113.0 in stage 4.0 (TID 116)
20/07/22 15:41:41 INFO TaskSetManager: Finished task 112.0 in stage 4.0 (TID 115) in 3 ms on localhost (executor driver) (112/200)
20/07/22 15:41:41 INFO ShuffleBlockFetcherIterator: Getting 0 non-empty blocks out of 1 blocks
20/07/22 15:41:41 INFO ShuffleBlockFetcherIterator: Started 0 remote fetches in 0 ms
20/07/22 15:41:41 INFO Executor: Finished task 113.0 in stage 4.0 (TID 116). 2941 bytes result sent to driver
20/07/22 15:41:41 INFO TaskSetManager: Starting task 114.0 in stage 4.0 (TID 117, localhost, executor driver, partition 114, PROCESS_LOCAL, 5887 bytes)
20/07/22 15:41:41 INFO Executor: Running task 114.0 in stage 4.0 (TID 117)
20/07/22 15:41:41 INFO TaskSetManager: Finished task 113.0 in stage 4.0 (TID 116) in 3 ms on localhost (executor driver) (113/200)
20/07/22 15:41:41 INFO ShuffleBlockFetcherIterator: Getting 0 non-empty blocks out of 1 blocks
20/07/22 15:41:41 INFO ShuffleBlockFetcherIterator: Started 0 remote fetches in 0 ms
20/07/22 15:41:41 INFO Executor: Finished task 114.0 in stage 4.0 (TID 117). 2862 bytes result sent to driver
20/07/22 15:41:41 INFO TaskSetManager: Starting task 115.0 in stage 4.0 (TID 118, localhost, executor driver, partition 115, PROCESS_LOCAL, 5887 bytes)
20/07/22 15:41:41 INFO TaskSetManager: Finished task 114.0 in stage 4.0 (TID 117) in 3 ms on localhost (executor driver) (114/200)
20/07/22 15:41:41 INFO Executor: Running task 115.0 in stage 4.0 (TID 118)
20/07/22 15:41:41 INFO ShuffleBlockFetcherIterator: Getting 0 non-empty blocks out of 1 blocks
20/07/22 15:41:41 INFO ShuffleBlockFetcherIterator: Started 0 remote fetches in 0 ms
20/07/22 15:41:41 INFO Executor: Finished task 115.0 in stage 4.0 (TID 118). 2941 bytes result sent to driver
20/07/22 15:41:41 INFO TaskSetManager: Starting task 116.0 in stage 4.0 (TID 119, localhost, executor driver, partition 116, PROCESS_LOCAL, 5887 bytes)
20/07/22 15:41:41 INFO Executor: Running task 116.0 in stage 4.0 (TID 119)
20/07/22 15:41:41 INFO TaskSetManager: Finished task 115.0 in stage 4.0 (TID 118) in 4 ms on localhost (executor driver) (115/200)
20/07/22 15:41:41 INFO ShuffleBlockFetcherIterator: Getting 0 non-empty blocks out of 1 blocks
20/07/22 15:41:41 INFO ShuffleBlockFetcherIterator: Started 0 remote fetches in 0 ms
20/07/22 15:41:41 INFO Executor: Finished task 116.0 in stage 4.0 (TID 119). 2941 bytes result sent to driver
20/07/22 15:41:41 INFO TaskSetManager: Starting task 117.0 in stage 4.0 (TID 120, localhost, executor driver, partition 117, PROCESS_LOCAL, 5887 bytes)
20/07/22 15:41:41 INFO Executor: Running task 117.0 in stage 4.0 (TID 120)
20/07/22 15:41:41 INFO TaskSetManager: Finished task 116.0 in stage 4.0 (TID 119) in 4 ms on localhost (executor driver) (116/200)
20/07/22 15:41:41 INFO ShuffleBlockFetcherIterator: Getting 0 non-empty blocks out of 1 blocks
20/07/22 15:41:41 INFO ShuffleBlockFetcherIterator: Started 0 remote fetches in 0 ms
20/07/22 15:41:41 INFO Executor: Finished task 117.0 in stage 4.0 (TID 120). 2941 bytes result sent to driver
20/07/22 15:41:41 INFO TaskSetManager: Starting task 118.0 in stage 4.0 (TID 121, localhost, executor driver, partition 118, PROCESS_LOCAL, 5887 bytes)
20/07/22 15:41:41 INFO Executor: Running task 118.0 in stage 4.0 (TID 121)
20/07/22 15:41:41 INFO TaskSetManager: Finished task 117.0 in stage 4.0 (TID 120) in 3 ms on localhost (executor driver) (117/200)
20/07/22 15:41:41 INFO ShuffleBlockFetcherIterator: Getting 0 non-empty blocks out of 1 blocks
20/07/22 15:41:41 INFO ShuffleBlockFetcherIterator: Started 0 remote fetches in 0 ms
20/07/22 15:41:41 INFO Executor: Finished task 118.0 in stage 4.0 (TID 121). 2941 bytes result sent to driver
20/07/22 15:41:41 INFO TaskSetManager: Starting task 119.0 in stage 4.0 (TID 122, localhost, executor driver, partition 119, PROCESS_LOCAL, 5887 bytes)
20/07/22 15:41:41 INFO Executor: Running task 119.0 in stage 4.0 (TID 122)
20/07/22 15:41:41 INFO TaskSetManager: Finished task 118.0 in stage 4.0 (TID 121) in 4 ms on localhost (executor driver) (118/200)
20/07/22 15:41:41 INFO ShuffleBlockFetcherIterator: Getting 0 non-empty blocks out of 1 blocks
20/07/22 15:41:41 INFO ShuffleBlockFetcherIterator: Started 0 remote fetches in 0 ms
20/07/22 15:41:41 INFO Executor: Finished task 119.0 in stage 4.0 (TID 122). 2941 bytes result sent to driver
20/07/22 15:41:41 INFO TaskSetManager: Starting task 120.0 in stage 4.0 (TID 123, localhost, executor driver, partition 120, PROCESS_LOCAL, 5887 bytes)
20/07/22 15:41:41 INFO Executor: Running task 120.0 in stage 4.0 (TID 123)
20/07/22 15:41:41 INFO TaskSetManager: Finished task 119.0 in stage 4.0 (TID 122) in 3 ms on localhost (executor driver) (119/200)
20/07/22 15:41:41 INFO ShuffleBlockFetcherIterator: Getting 0 non-empty blocks out of 1 blocks
20/07/22 15:41:41 INFO ShuffleBlockFetcherIterator: Started 0 remote fetches in 0 ms
20/07/22 15:41:41 INFO Executor: Finished task 120.0 in stage 4.0 (TID 123). 2941 bytes result sent to driver
20/07/22 15:41:41 INFO TaskSetManager: Starting task 121.0 in stage 4.0 (TID 124, localhost, executor driver, partition 121, PROCESS_LOCAL, 5887 bytes)
20/07/22 15:41:41 INFO Executor: Running task 121.0 in stage 4.0 (TID 124)
20/07/22 15:41:41 INFO TaskSetManager: Finished task 120.0 in stage 4.0 (TID 123) in 3 ms on localhost (executor driver) (120/200)
20/07/22 15:41:41 INFO ShuffleBlockFetcherIterator: Getting 0 non-empty blocks out of 1 blocks
20/07/22 15:41:41 INFO ShuffleBlockFetcherIterator: Started 0 remote fetches in 0 ms
20/07/22 15:41:41 INFO Executor: Finished task 121.0 in stage 4.0 (TID 124). 2862 bytes result sent to driver
20/07/22 15:41:41 INFO TaskSetManager: Starting task 122.0 in stage 4.0 (TID 125, localhost, executor driver, partition 122, PROCESS_LOCAL, 5887 bytes)
20/07/22 15:41:41 INFO TaskSetManager: Finished task 121.0 in stage 4.0 (TID 124) in 3 ms on localhost (executor driver) (121/200)
20/07/22 15:41:41 INFO Executor: Running task 122.0 in stage 4.0 (TID 125)
20/07/22 15:41:41 INFO ShuffleBlockFetcherIterator: Getting 0 non-empty blocks out of 1 blocks
20/07/22 15:41:41 INFO ShuffleBlockFetcherIterator: Started 0 remote fetches in 0 ms
20/07/22 15:41:41 INFO Executor: Finished task 122.0 in stage 4.0 (TID 125). 2862 bytes result sent to driver
20/07/22 15:41:41 INFO TaskSetManager: Starting task 123.0 in stage 4.0 (TID 126, localhost, executor driver, partition 123, PROCESS_LOCAL, 5887 bytes)
20/07/22 15:41:41 INFO Executor: Running task 123.0 in stage 4.0 (TID 126)
20/07/22 15:41:41 INFO TaskSetManager: Finished task 122.0 in stage 4.0 (TID 125) in 3 ms on localhost (executor driver) (122/200)
20/07/22 15:41:41 INFO ShuffleBlockFetcherIterator: Getting 0 non-empty blocks out of 1 blocks
20/07/22 15:41:41 INFO ShuffleBlockFetcherIterator: Started 0 remote fetches in 0 ms
20/07/22 15:41:41 INFO Executor: Finished task 123.0 in stage 4.0 (TID 126). 2941 bytes result sent to driver
20/07/22 15:41:41 INFO TaskSetManager: Starting task 124.0 in stage 4.0 (TID 127, localhost, executor driver, partition 124, PROCESS_LOCAL, 5887 bytes)
20/07/22 15:41:41 INFO Executor: Running task 124.0 in stage 4.0 (TID 127)
20/07/22 15:41:41 INFO TaskSetManager: Finished task 123.0 in stage 4.0 (TID 126) in 2 ms on localhost (executor driver) (123/200)
20/07/22 15:41:41 INFO ShuffleBlockFetcherIterator: Getting 0 non-empty blocks out of 1 blocks
20/07/22 15:41:41 INFO ShuffleBlockFetcherIterator: Started 0 remote fetches in 0 ms
20/07/22 15:41:41 INFO Executor: Finished task 124.0 in stage 4.0 (TID 127). 2941 bytes result sent to driver
20/07/22 15:41:41 INFO TaskSetManager: Starting task 125.0 in stage 4.0 (TID 128, localhost, executor driver, partition 125, PROCESS_LOCAL, 5887 bytes)
20/07/22 15:41:41 INFO TaskSetManager: Finished task 124.0 in stage 4.0 (TID 127) in 3 ms on localhost (executor driver) (124/200)
20/07/22 15:41:41 INFO Executor: Running task 125.0 in stage 4.0 (TID 128)
20/07/22 15:41:41 INFO ShuffleBlockFetcherIterator: Getting 0 non-empty blocks out of 1 blocks
20/07/22 15:41:41 INFO ShuffleBlockFetcherIterator: Started 0 remote fetches in 0 ms
20/07/22 15:41:41 INFO Executor: Finished task 125.0 in stage 4.0 (TID 128). 2941 bytes result sent to driver
20/07/22 15:41:41 INFO TaskSetManager: Starting task 126.0 in stage 4.0 (TID 129, localhost, executor driver, partition 126, PROCESS_LOCAL, 5887 bytes)
20/07/22 15:41:41 INFO TaskSetManager: Finished task 125.0 in stage 4.0 (TID 128) in 3 ms on localhost (executor driver) (125/200)
20/07/22 15:41:41 INFO Executor: Running task 126.0 in stage 4.0 (TID 129)
20/07/22 15:41:41 INFO ShuffleBlockFetcherIterator: Getting 0 non-empty blocks out of 1 blocks
20/07/22 15:41:41 INFO ShuffleBlockFetcherIterator: Started 0 remote fetches in 0 ms
20/07/22 15:41:41 INFO Executor: Finished task 126.0 in stage 4.0 (TID 129). 2941 bytes result sent to driver
20/07/22 15:41:41 INFO TaskSetManager: Starting task 127.0 in stage 4.0 (TID 130, localhost, executor driver, partition 127, PROCESS_LOCAL, 5887 bytes)
20/07/22 15:41:41 INFO TaskSetManager: Finished task 126.0 in stage 4.0 (TID 129) in 4 ms on localhost (executor driver) (126/200)
20/07/22 15:41:41 INFO Executor: Running task 127.0 in stage 4.0 (TID 130)
20/07/22 15:41:41 INFO ShuffleBlockFetcherIterator: Getting 0 non-empty blocks out of 1 blocks
20/07/22 15:41:41 INFO ShuffleBlockFetcherIterator: Started 0 remote fetches in 0 ms
20/07/22 15:41:41 INFO Executor: Finished task 127.0 in stage 4.0 (TID 130). 2941 bytes result sent to driver
20/07/22 15:41:41 INFO TaskSetManager: Starting task 128.0 in stage 4.0 (TID 131, localhost, executor driver, partition 128, PROCESS_LOCAL, 5887 bytes)
20/07/22 15:41:41 INFO TaskSetManager: Finished task 127.0 in stage 4.0 (TID 130) in 3 ms on localhost (executor driver) (127/200)
20/07/22 15:41:41 INFO Executor: Running task 128.0 in stage 4.0 (TID 131)
20/07/22 15:41:41 INFO ShuffleBlockFetcherIterator: Getting 0 non-empty blocks out of 1 blocks
20/07/22 15:41:41 INFO ShuffleBlockFetcherIterator: Started 0 remote fetches in 0 ms
20/07/22 15:41:41 INFO Executor: Finished task 128.0 in stage 4.0 (TID 131). 2941 bytes result sent to driver
20/07/22 15:41:41 INFO TaskSetManager: Starting task 129.0 in stage 4.0 (TID 132, localhost, executor driver, partition 129, PROCESS_LOCAL, 5887 bytes)
20/07/22 15:41:41 INFO TaskSetManager: Finished task 128.0 in stage 4.0 (TID 131) in 3 ms on localhost (executor driver) (128/200)
20/07/22 15:41:41 INFO Executor: Running task 129.0 in stage 4.0 (TID 132)
20/07/22 15:41:41 INFO ShuffleBlockFetcherIterator: Getting 0 non-empty blocks out of 1 blocks
20/07/22 15:41:41 INFO ShuffleBlockFetcherIterator: Started 0 remote fetches in 0 ms
20/07/22 15:41:41 INFO Executor: Finished task 129.0 in stage 4.0 (TID 132). 2941 bytes result sent to driver
20/07/22 15:41:41 INFO TaskSetManager: Starting task 130.0 in stage 4.0 (TID 133, localhost, executor driver, partition 130, PROCESS_LOCAL, 5887 bytes)
20/07/22 15:41:41 INFO TaskSetManager: Finished task 129.0 in stage 4.0 (TID 132) in 4 ms on localhost (executor driver) (129/200)
20/07/22 15:41:41 INFO Executor: Running task 130.0 in stage 4.0 (TID 133)
20/07/22 15:41:41 INFO ShuffleBlockFetcherIterator: Getting 0 non-empty blocks out of 1 blocks
20/07/22 15:41:41 INFO ShuffleBlockFetcherIterator: Started 0 remote fetches in 0 ms
20/07/22 15:41:41 INFO Executor: Finished task 130.0 in stage 4.0 (TID 133). 2941 bytes result sent to driver
20/07/22 15:41:41 INFO TaskSetManager: Starting task 131.0 in stage 4.0 (TID 134, localhost, executor driver, partition 131, PROCESS_LOCAL, 5887 bytes)
20/07/22 15:41:41 INFO TaskSetManager: Finished task 130.0 in stage 4.0 (TID 133) in 4 ms on localhost (executor driver) (130/200)
20/07/22 15:41:41 INFO Executor: Running task 131.0 in stage 4.0 (TID 134)
20/07/22 15:41:41 INFO ShuffleBlockFetcherIterator: Getting 0 non-empty blocks out of 1 blocks
20/07/22 15:41:41 INFO ShuffleBlockFetcherIterator: Started 0 remote fetches in 0 ms
20/07/22 15:41:41 INFO Executor: Finished task 131.0 in stage 4.0 (TID 134). 2941 bytes result sent to driver
20/07/22 15:41:41 INFO TaskSetManager: Starting task 132.0 in stage 4.0 (TID 135, localhost, executor driver, partition 132, PROCESS_LOCAL, 5887 bytes)
20/07/22 15:41:41 INFO TaskSetManager: Finished task 131.0 in stage 4.0 (TID 134) in 4 ms on localhost (executor driver) (131/200)
20/07/22 15:41:41 INFO Executor: Running task 132.0 in stage 4.0 (TID 135)
20/07/22 15:41:41 INFO ShuffleBlockFetcherIterator: Getting 0 non-empty blocks out of 1 blocks
20/07/22 15:41:41 INFO ShuffleBlockFetcherIterator: Started 0 remote fetches in 0 ms
20/07/22 15:41:41 INFO Executor: Finished task 132.0 in stage 4.0 (TID 135). 2941 bytes result sent to driver
20/07/22 15:41:41 INFO TaskSetManager: Starting task 133.0 in stage 4.0 (TID 136, localhost, executor driver, partition 133, PROCESS_LOCAL, 5887 bytes)
20/07/22 15:41:41 INFO TaskSetManager: Finished task 132.0 in stage 4.0 (TID 135) in 3 ms on localhost (executor driver) (132/200)
20/07/22 15:41:41 INFO Executor: Running task 133.0 in stage 4.0 (TID 136)
20/07/22 15:41:41 INFO ShuffleBlockFetcherIterator: Getting 0 non-empty blocks out of 1 blocks
20/07/22 15:41:41 INFO ShuffleBlockFetcherIterator: Started 0 remote fetches in 0 ms
20/07/22 15:41:41 INFO Executor: Finished task 133.0 in stage 4.0 (TID 136). 2941 bytes result sent to driver
20/07/22 15:41:41 INFO TaskSetManager: Starting task 134.0 in stage 4.0 (TID 137, localhost, executor driver, partition 134, PROCESS_LOCAL, 5887 bytes)
20/07/22 15:41:41 INFO Executor: Running task 134.0 in stage 4.0 (TID 137)
20/07/22 15:41:41 INFO TaskSetManager: Finished task 133.0 in stage 4.0 (TID 136) in 3 ms on localhost (executor driver) (133/200)
20/07/22 15:41:41 INFO ShuffleBlockFetcherIterator: Getting 0 non-empty blocks out of 1 blocks
20/07/22 15:41:41 INFO ShuffleBlockFetcherIterator: Started 0 remote fetches in 0 ms
20/07/22 15:41:41 INFO Executor: Finished task 134.0 in stage 4.0 (TID 137). 2941 bytes result sent to driver
20/07/22 15:41:41 INFO TaskSetManager: Starting task 135.0 in stage 4.0 (TID 138, localhost, executor driver, partition 135, PROCESS_LOCAL, 5887 bytes)
20/07/22 15:41:41 INFO TaskSetManager: Finished task 134.0 in stage 4.0 (TID 137) in 3 ms on localhost (executor driver) (134/200)
20/07/22 15:41:41 INFO Executor: Running task 135.0 in stage 4.0 (TID 138)
20/07/22 15:41:41 INFO ShuffleBlockFetcherIterator: Getting 0 non-empty blocks out of 1 blocks
20/07/22 15:41:41 INFO ShuffleBlockFetcherIterator: Started 0 remote fetches in 0 ms
20/07/22 15:41:41 INFO Executor: Finished task 135.0 in stage 4.0 (TID 138). 2862 bytes result sent to driver
20/07/22 15:41:41 INFO TaskSetManager: Starting task 136.0 in stage 4.0 (TID 139, localhost, executor driver, partition 136, PROCESS_LOCAL, 5887 bytes)
20/07/22 15:41:41 INFO Executor: Running task 136.0 in stage 4.0 (TID 139)
20/07/22 15:41:41 INFO TaskSetManager: Finished task 135.0 in stage 4.0 (TID 138) in 5 ms on localhost (executor driver) (135/200)
20/07/22 15:41:41 INFO ShuffleBlockFetcherIterator: Getting 0 non-empty blocks out of 1 blocks
20/07/22 15:41:41 INFO ShuffleBlockFetcherIterator: Started 0 remote fetches in 0 ms
20/07/22 15:41:41 INFO Executor: Finished task 136.0 in stage 4.0 (TID 139). 2941 bytes result sent to driver
20/07/22 15:41:41 INFO TaskSetManager: Starting task 137.0 in stage 4.0 (TID 140, localhost, executor driver, partition 137, PROCESS_LOCAL, 5887 bytes)
20/07/22 15:41:41 INFO Executor: Running task 137.0 in stage 4.0 (TID 140)
20/07/22 15:41:41 INFO TaskSetManager: Finished task 136.0 in stage 4.0 (TID 139) in 3 ms on localhost (executor driver) (136/200)
20/07/22 15:41:41 INFO ShuffleBlockFetcherIterator: Getting 0 non-empty blocks out of 1 blocks
20/07/22 15:41:41 INFO ShuffleBlockFetcherIterator: Started 0 remote fetches in 0 ms
20/07/22 15:41:41 INFO Executor: Finished task 137.0 in stage 4.0 (TID 140). 2941 bytes result sent to driver
20/07/22 15:41:41 INFO TaskSetManager: Starting task 138.0 in stage 4.0 (TID 141, localhost, executor driver, partition 138, PROCESS_LOCAL, 5887 bytes)
20/07/22 15:41:41 INFO Executor: Running task 138.0 in stage 4.0 (TID 141)
20/07/22 15:41:41 INFO TaskSetManager: Finished task 137.0 in stage 4.0 (TID 140) in 10 ms on localhost (executor driver) (137/200)
20/07/22 15:41:41 INFO ShuffleBlockFetcherIterator: Getting 0 non-empty blocks out of 1 blocks
20/07/22 15:41:41 INFO ShuffleBlockFetcherIterator: Started 0 remote fetches in 0 ms
20/07/22 15:41:41 INFO Executor: Finished task 138.0 in stage 4.0 (TID 141). 2941 bytes result sent to driver
20/07/22 15:41:41 INFO TaskSetManager: Starting task 139.0 in stage 4.0 (TID 142, localhost, executor driver, partition 139, PROCESS_LOCAL, 5887 bytes)
20/07/22 15:41:41 INFO Executor: Running task 139.0 in stage 4.0 (TID 142)
20/07/22 15:41:41 INFO TaskSetManager: Finished task 138.0 in stage 4.0 (TID 141) in 4 ms on localhost (executor driver) (138/200)
20/07/22 15:41:41 INFO ShuffleBlockFetcherIterator: Getting 0 non-empty blocks out of 1 blocks
20/07/22 15:41:41 INFO ShuffleBlockFetcherIterator: Started 0 remote fetches in 0 ms
20/07/22 15:41:41 INFO Executor: Finished task 139.0 in stage 4.0 (TID 142). 2941 bytes result sent to driver
20/07/22 15:41:41 INFO TaskSetManager: Starting task 140.0 in stage 4.0 (TID 143, localhost, executor driver, partition 140, PROCESS_LOCAL, 5887 bytes)
20/07/22 15:41:41 INFO Executor: Running task 140.0 in stage 4.0 (TID 143)
20/07/22 15:41:41 INFO TaskSetManager: Finished task 139.0 in stage 4.0 (TID 142) in 4 ms on localhost (executor driver) (139/200)
20/07/22 15:41:41 INFO ShuffleBlockFetcherIterator: Getting 0 non-empty blocks out of 1 blocks
20/07/22 15:41:41 INFO ShuffleBlockFetcherIterator: Started 0 remote fetches in 0 ms
20/07/22 15:41:41 INFO Executor: Finished task 140.0 in stage 4.0 (TID 143). 2941 bytes result sent to driver
20/07/22 15:41:41 INFO TaskSetManager: Starting task 141.0 in stage 4.0 (TID 144, localhost, executor driver, partition 141, PROCESS_LOCAL, 5887 bytes)
20/07/22 15:41:41 INFO Executor: Running task 141.0 in stage 4.0 (TID 144)
20/07/22 15:41:41 INFO TaskSetManager: Finished task 140.0 in stage 4.0 (TID 143) in 4 ms on localhost (executor driver) (140/200)
20/07/22 15:41:41 INFO ShuffleBlockFetcherIterator: Getting 0 non-empty blocks out of 1 blocks
20/07/22 15:41:41 INFO ShuffleBlockFetcherIterator: Started 0 remote fetches in 0 ms
20/07/22 15:41:41 INFO Executor: Finished task 141.0 in stage 4.0 (TID 144). 2941 bytes result sent to driver
20/07/22 15:41:41 INFO TaskSetManager: Starting task 142.0 in stage 4.0 (TID 145, localhost, executor driver, partition 142, PROCESS_LOCAL, 5887 bytes)
20/07/22 15:41:41 INFO Executor: Running task 142.0 in stage 4.0 (TID 145)
20/07/22 15:41:41 INFO TaskSetManager: Finished task 141.0 in stage 4.0 (TID 144) in 5 ms on localhost (executor driver) (141/200)
20/07/22 15:41:41 INFO ShuffleBlockFetcherIterator: Getting 0 non-empty blocks out of 1 blocks
20/07/22 15:41:41 INFO ShuffleBlockFetcherIterator: Started 0 remote fetches in 0 ms
20/07/22 15:41:41 INFO Executor: Finished task 142.0 in stage 4.0 (TID 145). 2941 bytes result sent to driver
20/07/22 15:41:41 INFO TaskSetManager: Starting task 143.0 in stage 4.0 (TID 146, localhost, executor driver, partition 143, PROCESS_LOCAL, 5887 bytes)
20/07/22 15:41:41 INFO Executor: Running task 143.0 in stage 4.0 (TID 146)
20/07/22 15:41:41 INFO TaskSetManager: Finished task 142.0 in stage 4.0 (TID 145) in 4 ms on localhost (executor driver) (142/200)
20/07/22 15:41:41 INFO ShuffleBlockFetcherIterator: Getting 0 non-empty blocks out of 1 blocks
20/07/22 15:41:41 INFO ShuffleBlockFetcherIterator: Started 0 remote fetches in 1 ms
20/07/22 15:41:41 INFO Executor: Finished task 143.0 in stage 4.0 (TID 146). 2941 bytes result sent to driver
20/07/22 15:41:41 INFO TaskSetManager: Starting task 144.0 in stage 4.0 (TID 147, localhost, executor driver, partition 144, PROCESS_LOCAL, 5887 bytes)
20/07/22 15:41:41 INFO Executor: Running task 144.0 in stage 4.0 (TID 147)
20/07/22 15:41:41 INFO TaskSetManager: Finished task 143.0 in stage 4.0 (TID 146) in 4 ms on localhost (executor driver) (143/200)
20/07/22 15:41:41 INFO ShuffleBlockFetcherIterator: Getting 0 non-empty blocks out of 1 blocks
20/07/22 15:41:41 INFO ShuffleBlockFetcherIterator: Started 0 remote fetches in 0 ms
20/07/22 15:41:41 INFO Executor: Finished task 144.0 in stage 4.0 (TID 147). 2941 bytes result sent to driver
20/07/22 15:41:41 INFO TaskSetManager: Starting task 145.0 in stage 4.0 (TID 148, localhost, executor driver, partition 145, PROCESS_LOCAL, 5887 bytes)
20/07/22 15:41:41 INFO TaskSetManager: Finished task 144.0 in stage 4.0 (TID 147) in 3 ms on localhost (executor driver) (144/200)
20/07/22 15:41:41 INFO Executor: Running task 145.0 in stage 4.0 (TID 148)
20/07/22 15:41:41 INFO ShuffleBlockFetcherIterator: Getting 0 non-empty blocks out of 1 blocks
20/07/22 15:41:41 INFO ShuffleBlockFetcherIterator: Started 0 remote fetches in 0 ms
20/07/22 15:41:41 INFO Executor: Finished task 145.0 in stage 4.0 (TID 148). 2941 bytes result sent to driver
20/07/22 15:41:41 INFO TaskSetManager: Starting task 146.0 in stage 4.0 (TID 149, localhost, executor driver, partition 146, PROCESS_LOCAL, 5887 bytes)
20/07/22 15:41:41 INFO TaskSetManager: Finished task 145.0 in stage 4.0 (TID 148) in 3 ms on localhost (executor driver) (145/200)
20/07/22 15:41:41 INFO Executor: Running task 146.0 in stage 4.0 (TID 149)
20/07/22 15:41:41 INFO ShuffleBlockFetcherIterator: Getting 0 non-empty blocks out of 1 blocks
20/07/22 15:41:41 INFO ShuffleBlockFetcherIterator: Started 0 remote fetches in 0 ms
20/07/22 15:41:41 INFO Executor: Finished task 146.0 in stage 4.0 (TID 149). 2862 bytes result sent to driver
20/07/22 15:41:41 INFO TaskSetManager: Starting task 147.0 in stage 4.0 (TID 150, localhost, executor driver, partition 147, PROCESS_LOCAL, 5887 bytes)
20/07/22 15:41:41 INFO Executor: Running task 147.0 in stage 4.0 (TID 150)
20/07/22 15:41:41 INFO TaskSetManager: Finished task 146.0 in stage 4.0 (TID 149) in 3 ms on localhost (executor driver) (146/200)
20/07/22 15:41:41 INFO ShuffleBlockFetcherIterator: Getting 0 non-empty blocks out of 1 blocks
20/07/22 15:41:41 INFO ShuffleBlockFetcherIterator: Started 0 remote fetches in 0 ms
20/07/22 15:41:41 INFO Executor: Finished task 147.0 in stage 4.0 (TID 150). 2941 bytes result sent to driver
20/07/22 15:41:41 INFO TaskSetManager: Starting task 148.0 in stage 4.0 (TID 151, localhost, executor driver, partition 148, PROCESS_LOCAL, 5887 bytes)
20/07/22 15:41:41 INFO Executor: Running task 148.0 in stage 4.0 (TID 151)
20/07/22 15:41:41 INFO TaskSetManager: Finished task 147.0 in stage 4.0 (TID 150) in 3 ms on localhost (executor driver) (147/200)
20/07/22 15:41:41 INFO ShuffleBlockFetcherIterator: Getting 0 non-empty blocks out of 1 blocks
20/07/22 15:41:41 INFO ShuffleBlockFetcherIterator: Started 0 remote fetches in 0 ms
20/07/22 15:41:41 INFO Executor: Finished task 148.0 in stage 4.0 (TID 151). 2941 bytes result sent to driver
20/07/22 15:41:41 INFO TaskSetManager: Starting task 149.0 in stage 4.0 (TID 152, localhost, executor driver, partition 149, PROCESS_LOCAL, 5887 bytes)
20/07/22 15:41:41 INFO Executor: Running task 149.0 in stage 4.0 (TID 152)
20/07/22 15:41:41 INFO TaskSetManager: Finished task 148.0 in stage 4.0 (TID 151) in 3 ms on localhost (executor driver) (148/200)
20/07/22 15:41:41 INFO ShuffleBlockFetcherIterator: Getting 0 non-empty blocks out of 1 blocks
20/07/22 15:41:41 INFO ShuffleBlockFetcherIterator: Started 0 remote fetches in 0 ms
20/07/22 15:41:41 INFO Executor: Finished task 149.0 in stage 4.0 (TID 152). 2941 bytes result sent to driver
20/07/22 15:41:41 INFO TaskSetManager: Starting task 150.0 in stage 4.0 (TID 153, localhost, executor driver, partition 150, PROCESS_LOCAL, 5887 bytes)
20/07/22 15:41:41 INFO TaskSetManager: Finished task 149.0 in stage 4.0 (TID 152) in 3 ms on localhost (executor driver) (149/200)
20/07/22 15:41:41 INFO Executor: Running task 150.0 in stage 4.0 (TID 153)
20/07/22 15:41:41 INFO ShuffleBlockFetcherIterator: Getting 0 non-empty blocks out of 1 blocks
20/07/22 15:41:41 INFO ShuffleBlockFetcherIterator: Started 0 remote fetches in 0 ms
20/07/22 15:41:41 INFO Executor: Finished task 150.0 in stage 4.0 (TID 153). 2941 bytes result sent to driver
20/07/22 15:41:41 INFO TaskSetManager: Starting task 151.0 in stage 4.0 (TID 154, localhost, executor driver, partition 151, PROCESS_LOCAL, 5887 bytes)
20/07/22 15:41:41 INFO Executor: Running task 151.0 in stage 4.0 (TID 154)
20/07/22 15:41:41 INFO TaskSetManager: Finished task 150.0 in stage 4.0 (TID 153) in 5 ms on localhost (executor driver) (150/200)
20/07/22 15:41:41 INFO ShuffleBlockFetcherIterator: Getting 0 non-empty blocks out of 1 blocks
20/07/22 15:41:41 INFO ShuffleBlockFetcherIterator: Started 0 remote fetches in 0 ms
20/07/22 15:41:41 INFO Executor: Finished task 151.0 in stage 4.0 (TID 154). 2941 bytes result sent to driver
20/07/22 15:41:41 INFO TaskSetManager: Starting task 152.0 in stage 4.0 (TID 155, localhost, executor driver, partition 152, PROCESS_LOCAL, 5887 bytes)
20/07/22 15:41:41 INFO TaskSetManager: Finished task 151.0 in stage 4.0 (TID 154) in 4 ms on localhost (executor driver) (151/200)
20/07/22 15:41:41 INFO Executor: Running task 152.0 in stage 4.0 (TID 155)
20/07/22 15:41:41 INFO ShuffleBlockFetcherIterator: Getting 0 non-empty blocks out of 1 blocks
20/07/22 15:41:41 INFO ShuffleBlockFetcherIterator: Started 0 remote fetches in 0 ms
20/07/22 15:41:41 INFO Executor: Finished task 152.0 in stage 4.0 (TID 155). 2941 bytes result sent to driver
20/07/22 15:41:41 INFO TaskSetManager: Starting task 153.0 in stage 4.0 (TID 156, localhost, executor driver, partition 153, PROCESS_LOCAL, 5887 bytes)
20/07/22 15:41:41 INFO Executor: Running task 153.0 in stage 4.0 (TID 156)
20/07/22 15:41:41 INFO TaskSetManager: Finished task 152.0 in stage 4.0 (TID 155) in 3 ms on localhost (executor driver) (152/200)
20/07/22 15:41:41 INFO ShuffleBlockFetcherIterator: Getting 0 non-empty blocks out of 1 blocks
20/07/22 15:41:41 INFO ShuffleBlockFetcherIterator: Started 0 remote fetches in 0 ms
20/07/22 15:41:41 INFO Executor: Finished task 153.0 in stage 4.0 (TID 156). 2941 bytes result sent to driver
20/07/22 15:41:41 INFO TaskSetManager: Starting task 154.0 in stage 4.0 (TID 157, localhost, executor driver, partition 154, PROCESS_LOCAL, 5887 bytes)
20/07/22 15:41:41 INFO Executor: Running task 154.0 in stage 4.0 (TID 157)
20/07/22 15:41:41 INFO TaskSetManager: Finished task 153.0 in stage 4.0 (TID 156) in 3 ms on localhost (executor driver) (153/200)
20/07/22 15:41:41 INFO ShuffleBlockFetcherIterator: Getting 0 non-empty blocks out of 1 blocks
20/07/22 15:41:41 INFO ShuffleBlockFetcherIterator: Started 0 remote fetches in 0 ms
20/07/22 15:41:41 INFO Executor: Finished task 154.0 in stage 4.0 (TID 157). 2941 bytes result sent to driver
20/07/22 15:41:41 INFO TaskSetManager: Starting task 155.0 in stage 4.0 (TID 158, localhost, executor driver, partition 155, PROCESS_LOCAL, 5887 bytes)
20/07/22 15:41:41 INFO Executor: Running task 155.0 in stage 4.0 (TID 158)
20/07/22 15:41:41 INFO TaskSetManager: Finished task 154.0 in stage 4.0 (TID 157) in 4 ms on localhost (executor driver) (154/200)
20/07/22 15:41:41 INFO ShuffleBlockFetcherIterator: Getting 0 non-empty blocks out of 1 blocks
20/07/22 15:41:41 INFO ShuffleBlockFetcherIterator: Started 0 remote fetches in 0 ms
20/07/22 15:41:41 INFO Executor: Finished task 155.0 in stage 4.0 (TID 158). 2941 bytes result sent to driver
20/07/22 15:41:41 INFO TaskSetManager: Starting task 156.0 in stage 4.0 (TID 159, localhost, executor driver, partition 156, PROCESS_LOCAL, 5887 bytes)
20/07/22 15:41:41 INFO Executor: Running task 156.0 in stage 4.0 (TID 159)
20/07/22 15:41:41 INFO TaskSetManager: Finished task 155.0 in stage 4.0 (TID 158) in 3 ms on localhost (executor driver) (155/200)
20/07/22 15:41:41 INFO ShuffleBlockFetcherIterator: Getting 0 non-empty blocks out of 1 blocks
20/07/22 15:41:41 INFO ShuffleBlockFetcherIterator: Started 0 remote fetches in 0 ms
20/07/22 15:41:41 INFO Executor: Finished task 156.0 in stage 4.0 (TID 159). 2941 bytes result sent to driver
20/07/22 15:41:41 INFO TaskSetManager: Starting task 157.0 in stage 4.0 (TID 160, localhost, executor driver, partition 157, PROCESS_LOCAL, 5887 bytes)
20/07/22 15:41:41 INFO TaskSetManager: Finished task 156.0 in stage 4.0 (TID 159) in 4 ms on localhost (executor driver) (156/200)
20/07/22 15:41:41 INFO Executor: Running task 157.0 in stage 4.0 (TID 160)
20/07/22 15:41:41 INFO ShuffleBlockFetcherIterator: Getting 0 non-empty blocks out of 1 blocks
20/07/22 15:41:41 INFO ShuffleBlockFetcherIterator: Started 0 remote fetches in 0 ms
20/07/22 15:41:41 INFO Executor: Finished task 157.0 in stage 4.0 (TID 160). 2949 bytes result sent to driver
20/07/22 15:41:41 INFO TaskSetManager: Starting task 158.0 in stage 4.0 (TID 161, localhost, executor driver, partition 158, PROCESS_LOCAL, 5887 bytes)
20/07/22 15:41:41 INFO Executor: Running task 158.0 in stage 4.0 (TID 161)
20/07/22 15:41:41 INFO TaskSetManager: Finished task 157.0 in stage 4.0 (TID 160) in 5 ms on localhost (executor driver) (157/200)
20/07/22 15:41:41 INFO ShuffleBlockFetcherIterator: Getting 0 non-empty blocks out of 1 blocks
20/07/22 15:41:41 INFO ShuffleBlockFetcherIterator: Started 0 remote fetches in 0 ms
20/07/22 15:41:41 INFO Executor: Finished task 158.0 in stage 4.0 (TID 161). 2941 bytes result sent to driver
20/07/22 15:41:41 INFO TaskSetManager: Starting task 159.0 in stage 4.0 (TID 162, localhost, executor driver, partition 159, PROCESS_LOCAL, 5887 bytes)
20/07/22 15:41:41 INFO TaskSetManager: Finished task 158.0 in stage 4.0 (TID 161) in 4 ms on localhost (executor driver) (158/200)
20/07/22 15:41:41 INFO Executor: Running task 159.0 in stage 4.0 (TID 162)
20/07/22 15:41:41 INFO ShuffleBlockFetcherIterator: Getting 0 non-empty blocks out of 1 blocks
20/07/22 15:41:41 INFO ShuffleBlockFetcherIterator: Started 0 remote fetches in 0 ms
20/07/22 15:41:41 INFO Executor: Finished task 159.0 in stage 4.0 (TID 162). 2862 bytes result sent to driver
20/07/22 15:41:41 INFO TaskSetManager: Starting task 160.0 in stage 4.0 (TID 163, localhost, executor driver, partition 160, PROCESS_LOCAL, 5887 bytes)
20/07/22 15:41:41 INFO Executor: Running task 160.0 in stage 4.0 (TID 163)
20/07/22 15:41:41 INFO TaskSetManager: Finished task 159.0 in stage 4.0 (TID 162) in 3 ms on localhost (executor driver) (159/200)
20/07/22 15:41:41 INFO ShuffleBlockFetcherIterator: Getting 0 non-empty blocks out of 1 blocks
20/07/22 15:41:41 INFO ShuffleBlockFetcherIterator: Started 0 remote fetches in 1 ms
20/07/22 15:41:41 INFO Executor: Finished task 160.0 in stage 4.0 (TID 163). 2941 bytes result sent to driver
20/07/22 15:41:41 INFO TaskSetManager: Starting task 161.0 in stage 4.0 (TID 164, localhost, executor driver, partition 161, PROCESS_LOCAL, 5887 bytes)
20/07/22 15:41:41 INFO TaskSetManager: Finished task 160.0 in stage 4.0 (TID 163) in 3 ms on localhost (executor driver) (160/200)
20/07/22 15:41:41 INFO Executor: Running task 161.0 in stage 4.0 (TID 164)
20/07/22 15:41:41 INFO ShuffleBlockFetcherIterator: Getting 0 non-empty blocks out of 1 blocks
20/07/22 15:41:41 INFO ShuffleBlockFetcherIterator: Started 0 remote fetches in 0 ms
20/07/22 15:41:41 INFO Executor: Finished task 161.0 in stage 4.0 (TID 164). 2941 bytes result sent to driver
20/07/22 15:41:41 INFO TaskSetManager: Starting task 162.0 in stage 4.0 (TID 165, localhost, executor driver, partition 162, PROCESS_LOCAL, 5887 bytes)
20/07/22 15:41:41 INFO TaskSetManager: Finished task 161.0 in stage 4.0 (TID 164) in 4 ms on localhost (executor driver) (161/200)
20/07/22 15:41:41 INFO Executor: Running task 162.0 in stage 4.0 (TID 165)
20/07/22 15:41:41 INFO ShuffleBlockFetcherIterator: Getting 0 non-empty blocks out of 1 blocks
20/07/22 15:41:41 INFO ShuffleBlockFetcherIterator: Started 0 remote fetches in 0 ms
20/07/22 15:41:41 INFO Executor: Finished task 162.0 in stage 4.0 (TID 165). 2941 bytes result sent to driver
20/07/22 15:41:41 INFO TaskSetManager: Starting task 163.0 in stage 4.0 (TID 166, localhost, executor driver, partition 163, PROCESS_LOCAL, 5887 bytes)
20/07/22 15:41:41 INFO TaskSetManager: Finished task 162.0 in stage 4.0 (TID 165) in 4 ms on localhost (executor driver) (162/200)
20/07/22 15:41:41 INFO Executor: Running task 163.0 in stage 4.0 (TID 166)
20/07/22 15:41:41 INFO ShuffleBlockFetcherIterator: Getting 0 non-empty blocks out of 1 blocks
20/07/22 15:41:41 INFO ShuffleBlockFetcherIterator: Started 0 remote fetches in 0 ms
20/07/22 15:41:41 INFO Executor: Finished task 163.0 in stage 4.0 (TID 166). 2941 bytes result sent to driver
20/07/22 15:41:41 INFO TaskSetManager: Starting task 164.0 in stage 4.0 (TID 167, localhost, executor driver, partition 164, PROCESS_LOCAL, 5887 bytes)
20/07/22 15:41:41 INFO TaskSetManager: Finished task 163.0 in stage 4.0 (TID 166) in 3 ms on localhost (executor driver) (163/200)
20/07/22 15:41:41 INFO Executor: Running task 164.0 in stage 4.0 (TID 167)
20/07/22 15:41:41 INFO ShuffleBlockFetcherIterator: Getting 0 non-empty blocks out of 1 blocks
20/07/22 15:41:41 INFO ShuffleBlockFetcherIterator: Started 0 remote fetches in 1 ms
20/07/22 15:41:41 INFO Executor: Finished task 164.0 in stage 4.0 (TID 167). 2941 bytes result sent to driver
20/07/22 15:41:41 INFO TaskSetManager: Starting task 165.0 in stage 4.0 (TID 168, localhost, executor driver, partition 165, PROCESS_LOCAL, 5887 bytes)
20/07/22 15:41:41 INFO TaskSetManager: Finished task 164.0 in stage 4.0 (TID 167) in 4 ms on localhost (executor driver) (164/200)
20/07/22 15:41:41 INFO Executor: Running task 165.0 in stage 4.0 (TID 168)
20/07/22 15:41:41 INFO ShuffleBlockFetcherIterator: Getting 0 non-empty blocks out of 1 blocks
20/07/22 15:41:41 INFO ShuffleBlockFetcherIterator: Started 0 remote fetches in 0 ms
20/07/22 15:41:41 INFO Executor: Finished task 165.0 in stage 4.0 (TID 168). 2941 bytes result sent to driver
20/07/22 15:41:41 INFO TaskSetManager: Starting task 166.0 in stage 4.0 (TID 169, localhost, executor driver, partition 166, PROCESS_LOCAL, 5887 bytes)
20/07/22 15:41:41 INFO TaskSetManager: Finished task 165.0 in stage 4.0 (TID 168) in 4 ms on localhost (executor driver) (165/200)
20/07/22 15:41:41 INFO Executor: Running task 166.0 in stage 4.0 (TID 169)
20/07/22 15:41:41 INFO ShuffleBlockFetcherIterator: Getting 0 non-empty blocks out of 1 blocks
20/07/22 15:41:41 INFO ShuffleBlockFetcherIterator: Started 0 remote fetches in 0 ms
20/07/22 15:41:41 INFO Executor: Finished task 166.0 in stage 4.0 (TID 169). 2941 bytes result sent to driver
20/07/22 15:41:41 INFO TaskSetManager: Starting task 167.0 in stage 4.0 (TID 170, localhost, executor driver, partition 167, PROCESS_LOCAL, 5887 bytes)
20/07/22 15:41:41 INFO TaskSetManager: Finished task 166.0 in stage 4.0 (TID 169) in 4 ms on localhost (executor driver) (166/200)
20/07/22 15:41:41 INFO Executor: Running task 167.0 in stage 4.0 (TID 170)
20/07/22 15:41:41 INFO ShuffleBlockFetcherIterator: Getting 0 non-empty blocks out of 1 blocks
20/07/22 15:41:41 INFO ShuffleBlockFetcherIterator: Started 0 remote fetches in 0 ms
20/07/22 15:41:41 INFO Executor: Finished task 167.0 in stage 4.0 (TID 170). 2862 bytes result sent to driver
20/07/22 15:41:41 INFO TaskSetManager: Starting task 168.0 in stage 4.0 (TID 171, localhost, executor driver, partition 168, PROCESS_LOCAL, 5887 bytes)
20/07/22 15:41:41 INFO Executor: Running task 168.0 in stage 4.0 (TID 171)
20/07/22 15:41:41 INFO TaskSetManager: Finished task 167.0 in stage 4.0 (TID 170) in 3 ms on localhost (executor driver) (167/200)
20/07/22 15:41:41 INFO ShuffleBlockFetcherIterator: Getting 0 non-empty blocks out of 1 blocks
20/07/22 15:41:41 INFO ShuffleBlockFetcherIterator: Started 0 remote fetches in 0 ms
20/07/22 15:41:41 INFO Executor: Finished task 168.0 in stage 4.0 (TID 171). 2941 bytes result sent to driver
20/07/22 15:41:41 INFO TaskSetManager: Starting task 169.0 in stage 4.0 (TID 172, localhost, executor driver, partition 169, PROCESS_LOCAL, 5887 bytes)
20/07/22 15:41:41 INFO TaskSetManager: Finished task 168.0 in stage 4.0 (TID 171) in 3 ms on localhost (executor driver) (168/200)
20/07/22 15:41:41 INFO Executor: Running task 169.0 in stage 4.0 (TID 172)
20/07/22 15:41:41 INFO ShuffleBlockFetcherIterator: Getting 0 non-empty blocks out of 1 blocks
20/07/22 15:41:41 INFO ShuffleBlockFetcherIterator: Started 0 remote fetches in 0 ms
20/07/22 15:41:41 INFO Executor: Finished task 169.0 in stage 4.0 (TID 172). 2941 bytes result sent to driver
20/07/22 15:41:41 INFO TaskSetManager: Starting task 170.0 in stage 4.0 (TID 173, localhost, executor driver, partition 170, PROCESS_LOCAL, 5887 bytes)
20/07/22 15:41:41 INFO TaskSetManager: Finished task 169.0 in stage 4.0 (TID 172) in 4 ms on localhost (executor driver) (169/200)
20/07/22 15:41:41 INFO Executor: Running task 170.0 in stage 4.0 (TID 173)
20/07/22 15:41:41 INFO ShuffleBlockFetcherIterator: Getting 0 non-empty blocks out of 1 blocks
20/07/22 15:41:41 INFO ShuffleBlockFetcherIterator: Started 0 remote fetches in 0 ms
20/07/22 15:41:41 INFO Executor: Finished task 170.0 in stage 4.0 (TID 173). 2862 bytes result sent to driver
20/07/22 15:41:41 INFO TaskSetManager: Starting task 171.0 in stage 4.0 (TID 174, localhost, executor driver, partition 171, PROCESS_LOCAL, 5887 bytes)
20/07/22 15:41:41 INFO Executor: Running task 171.0 in stage 4.0 (TID 174)
20/07/22 15:41:41 INFO TaskSetManager: Finished task 170.0 in stage 4.0 (TID 173) in 4 ms on localhost (executor driver) (170/200)
20/07/22 15:41:41 INFO ShuffleBlockFetcherIterator: Getting 0 non-empty blocks out of 1 blocks
20/07/22 15:41:41 INFO ShuffleBlockFetcherIterator: Started 0 remote fetches in 0 ms
20/07/22 15:41:41 INFO Executor: Finished task 171.0 in stage 4.0 (TID 174). 2941 bytes result sent to driver
20/07/22 15:41:41 INFO TaskSetManager: Starting task 172.0 in stage 4.0 (TID 175, localhost, executor driver, partition 172, PROCESS_LOCAL, 5887 bytes)
20/07/22 15:41:41 INFO Executor: Running task 172.0 in stage 4.0 (TID 175)
20/07/22 15:41:41 INFO TaskSetManager: Finished task 171.0 in stage 4.0 (TID 174) in 5 ms on localhost (executor driver) (171/200)
20/07/22 15:41:41 INFO ShuffleBlockFetcherIterator: Getting 0 non-empty blocks out of 1 blocks
20/07/22 15:41:41 INFO ShuffleBlockFetcherIterator: Started 0 remote fetches in 0 ms
20/07/22 15:41:41 INFO Executor: Finished task 172.0 in stage 4.0 (TID 175). 2941 bytes result sent to driver
20/07/22 15:41:41 INFO TaskSetManager: Starting task 173.0 in stage 4.0 (TID 176, localhost, executor driver, partition 173, PROCESS_LOCAL, 5887 bytes)
20/07/22 15:41:41 INFO Executor: Running task 173.0 in stage 4.0 (TID 176)
20/07/22 15:41:41 INFO TaskSetManager: Finished task 172.0 in stage 4.0 (TID 175) in 3 ms on localhost (executor driver) (172/200)
20/07/22 15:41:41 INFO ShuffleBlockFetcherIterator: Getting 0 non-empty blocks out of 1 blocks
20/07/22 15:41:41 INFO ShuffleBlockFetcherIterator: Started 0 remote fetches in 0 ms
20/07/22 15:41:41 INFO Executor: Finished task 173.0 in stage 4.0 (TID 176). 2941 bytes result sent to driver
20/07/22 15:41:41 INFO TaskSetManager: Starting task 174.0 in stage 4.0 (TID 177, localhost, executor driver, partition 174, PROCESS_LOCAL, 5887 bytes)
20/07/22 15:41:41 INFO TaskSetManager: Finished task 173.0 in stage 4.0 (TID 176) in 3 ms on localhost (executor driver) (173/200)
20/07/22 15:41:41 INFO Executor: Running task 174.0 in stage 4.0 (TID 177)
20/07/22 15:41:41 INFO ShuffleBlockFetcherIterator: Getting 0 non-empty blocks out of 1 blocks
20/07/22 15:41:41 INFO ShuffleBlockFetcherIterator: Started 0 remote fetches in 0 ms
20/07/22 15:41:41 INFO Executor: Finished task 174.0 in stage 4.0 (TID 177). 2941 bytes result sent to driver
20/07/22 15:41:41 INFO TaskSetManager: Starting task 175.0 in stage 4.0 (TID 178, localhost, executor driver, partition 175, PROCESS_LOCAL, 5887 bytes)
20/07/22 15:41:41 INFO Executor: Running task 175.0 in stage 4.0 (TID 178)
20/07/22 15:41:41 INFO TaskSetManager: Finished task 174.0 in stage 4.0 (TID 177) in 3 ms on localhost (executor driver) (174/200)
20/07/22 15:41:41 INFO ShuffleBlockFetcherIterator: Getting 0 non-empty blocks out of 1 blocks
20/07/22 15:41:41 INFO ShuffleBlockFetcherIterator: Started 0 remote fetches in 0 ms
20/07/22 15:41:41 INFO Executor: Finished task 175.0 in stage 4.0 (TID 178). 2862 bytes result sent to driver
20/07/22 15:41:41 INFO TaskSetManager: Starting task 176.0 in stage 4.0 (TID 179, localhost, executor driver, partition 176, PROCESS_LOCAL, 5887 bytes)
20/07/22 15:41:41 INFO TaskSetManager: Finished task 175.0 in stage 4.0 (TID 178) in 3 ms on localhost (executor driver) (175/200)
20/07/22 15:41:41 INFO Executor: Running task 176.0 in stage 4.0 (TID 179)
20/07/22 15:41:41 INFO ShuffleBlockFetcherIterator: Getting 0 non-empty blocks out of 1 blocks
20/07/22 15:41:41 INFO ShuffleBlockFetcherIterator: Started 0 remote fetches in 0 ms
20/07/22 15:41:41 INFO Executor: Finished task 176.0 in stage 4.0 (TID 179). 2941 bytes result sent to driver
20/07/22 15:41:41 INFO TaskSetManager: Starting task 177.0 in stage 4.0 (TID 180, localhost, executor driver, partition 177, PROCESS_LOCAL, 5887 bytes)
20/07/22 15:41:41 INFO TaskSetManager: Finished task 176.0 in stage 4.0 (TID 179) in 3 ms on localhost (executor driver) (176/200)
20/07/22 15:41:41 INFO Executor: Running task 177.0 in stage 4.0 (TID 180)
20/07/22 15:41:41 INFO ShuffleBlockFetcherIterator: Getting 0 non-empty blocks out of 1 blocks
20/07/22 15:41:41 INFO ShuffleBlockFetcherIterator: Started 0 remote fetches in 0 ms
20/07/22 15:41:41 INFO Executor: Finished task 177.0 in stage 4.0 (TID 180). 2941 bytes result sent to driver
20/07/22 15:41:41 INFO TaskSetManager: Starting task 178.0 in stage 4.0 (TID 181, localhost, executor driver, partition 178, PROCESS_LOCAL, 5887 bytes)
20/07/22 15:41:41 INFO TaskSetManager: Finished task 177.0 in stage 4.0 (TID 180) in 4 ms on localhost (executor driver) (177/200)
20/07/22 15:41:41 INFO Executor: Running task 178.0 in stage 4.0 (TID 181)
20/07/22 15:41:41 INFO ShuffleBlockFetcherIterator: Getting 0 non-empty blocks out of 1 blocks
20/07/22 15:41:41 INFO ShuffleBlockFetcherIterator: Started 0 remote fetches in 0 ms
20/07/22 15:41:41 INFO Executor: Finished task 178.0 in stage 4.0 (TID 181). 2941 bytes result sent to driver
20/07/22 15:41:41 INFO TaskSetManager: Starting task 179.0 in stage 4.0 (TID 182, localhost, executor driver, partition 179, PROCESS_LOCAL, 5887 bytes)
20/07/22 15:41:41 INFO Executor: Running task 179.0 in stage 4.0 (TID 182)
20/07/22 15:41:41 INFO TaskSetManager: Finished task 178.0 in stage 4.0 (TID 181) in 4 ms on localhost (executor driver) (178/200)
20/07/22 15:41:41 INFO ShuffleBlockFetcherIterator: Getting 0 non-empty blocks out of 1 blocks
20/07/22 15:41:41 INFO ShuffleBlockFetcherIterator: Started 0 remote fetches in 0 ms
20/07/22 15:41:41 INFO Executor: Finished task 179.0 in stage 4.0 (TID 182). 2941 bytes result sent to driver
20/07/22 15:41:41 INFO TaskSetManager: Starting task 180.0 in stage 4.0 (TID 183, localhost, executor driver, partition 180, PROCESS_LOCAL, 5887 bytes)
20/07/22 15:41:41 INFO TaskSetManager: Finished task 179.0 in stage 4.0 (TID 182) in 4 ms on localhost (executor driver) (179/200)
20/07/22 15:41:41 INFO Executor: Running task 180.0 in stage 4.0 (TID 183)
20/07/22 15:41:41 INFO ShuffleBlockFetcherIterator: Getting 0 non-empty blocks out of 1 blocks
20/07/22 15:41:41 INFO ShuffleBlockFetcherIterator: Started 0 remote fetches in 1 ms
20/07/22 15:41:41 INFO Executor: Finished task 180.0 in stage 4.0 (TID 183). 2941 bytes result sent to driver
20/07/22 15:41:41 INFO TaskSetManager: Starting task 181.0 in stage 4.0 (TID 184, localhost, executor driver, partition 181, PROCESS_LOCAL, 5887 bytes)
20/07/22 15:41:41 INFO TaskSetManager: Finished task 180.0 in stage 4.0 (TID 183) in 5 ms on localhost (executor driver) (180/200)
20/07/22 15:41:41 INFO Executor: Running task 181.0 in stage 4.0 (TID 184)
20/07/22 15:41:41 INFO ShuffleBlockFetcherIterator: Getting 0 non-empty blocks out of 1 blocks
20/07/22 15:41:41 INFO ShuffleBlockFetcherIterator: Started 0 remote fetches in 0 ms
20/07/22 15:41:41 INFO Executor: Finished task 181.0 in stage 4.0 (TID 184). 2941 bytes result sent to driver
20/07/22 15:41:41 INFO TaskSetManager: Starting task 182.0 in stage 4.0 (TID 185, localhost, executor driver, partition 182, PROCESS_LOCAL, 5887 bytes)
20/07/22 15:41:41 INFO TaskSetManager: Finished task 181.0 in stage 4.0 (TID 184) in 5 ms on localhost (executor driver) (181/200)
20/07/22 15:41:41 INFO Executor: Running task 182.0 in stage 4.0 (TID 185)
20/07/22 15:41:41 INFO ShuffleBlockFetcherIterator: Getting 0 non-empty blocks out of 1 blocks
20/07/22 15:41:41 INFO ShuffleBlockFetcherIterator: Started 0 remote fetches in 0 ms
20/07/22 15:41:41 INFO Executor: Finished task 182.0 in stage 4.0 (TID 185). 2941 bytes result sent to driver
20/07/22 15:41:41 INFO TaskSetManager: Starting task 183.0 in stage 4.0 (TID 186, localhost, executor driver, partition 183, PROCESS_LOCAL, 5887 bytes)
20/07/22 15:41:41 INFO TaskSetManager: Finished task 182.0 in stage 4.0 (TID 185) in 4 ms on localhost (executor driver) (182/200)
20/07/22 15:41:41 INFO Executor: Running task 183.0 in stage 4.0 (TID 186)
20/07/22 15:41:41 INFO ShuffleBlockFetcherIterator: Getting 0 non-empty blocks out of 1 blocks
20/07/22 15:41:41 INFO ShuffleBlockFetcherIterator: Started 0 remote fetches in 0 ms
20/07/22 15:41:41 INFO Executor: Finished task 183.0 in stage 4.0 (TID 186). 2941 bytes result sent to driver
20/07/22 15:41:41 INFO TaskSetManager: Starting task 184.0 in stage 4.0 (TID 187, localhost, executor driver, partition 184, PROCESS_LOCAL, 5887 bytes)
20/07/22 15:41:41 INFO TaskSetManager: Finished task 183.0 in stage 4.0 (TID 186) in 4 ms on localhost (executor driver) (183/200)
20/07/22 15:41:41 INFO Executor: Running task 184.0 in stage 4.0 (TID 187)
20/07/22 15:41:41 INFO ShuffleBlockFetcherIterator: Getting 0 non-empty blocks out of 1 blocks
20/07/22 15:41:41 INFO ShuffleBlockFetcherIterator: Started 0 remote fetches in 0 ms
20/07/22 15:41:41 INFO Executor: Finished task 184.0 in stage 4.0 (TID 187). 2941 bytes result sent to driver
20/07/22 15:41:41 INFO TaskSetManager: Starting task 185.0 in stage 4.0 (TID 188, localhost, executor driver, partition 185, PROCESS_LOCAL, 5887 bytes)
20/07/22 15:41:41 INFO Executor: Running task 185.0 in stage 4.0 (TID 188)
20/07/22 15:41:41 INFO TaskSetManager: Finished task 184.0 in stage 4.0 (TID 187) in 4 ms on localhost (executor driver) (184/200)
20/07/22 15:41:41 INFO ShuffleBlockFetcherIterator: Getting 0 non-empty blocks out of 1 blocks
20/07/22 15:41:41 INFO ShuffleBlockFetcherIterator: Started 0 remote fetches in 0 ms
20/07/22 15:41:41 INFO Executor: Finished task 185.0 in stage 4.0 (TID 188). 2941 bytes result sent to driver
20/07/22 15:41:41 INFO TaskSetManager: Starting task 186.0 in stage 4.0 (TID 189, localhost, executor driver, partition 186, PROCESS_LOCAL, 5887 bytes)
20/07/22 15:41:41 INFO Executor: Running task 186.0 in stage 4.0 (TID 189)
20/07/22 15:41:41 INFO TaskSetManager: Finished task 185.0 in stage 4.0 (TID 188) in 3 ms on localhost (executor driver) (185/200)
20/07/22 15:41:41 INFO ShuffleBlockFetcherIterator: Getting 0 non-empty blocks out of 1 blocks
20/07/22 15:41:41 INFO ShuffleBlockFetcherIterator: Started 0 remote fetches in 0 ms
20/07/22 15:41:41 INFO Executor: Finished task 186.0 in stage 4.0 (TID 189). 2941 bytes result sent to driver
20/07/22 15:41:41 INFO TaskSetManager: Starting task 187.0 in stage 4.0 (TID 190, localhost, executor driver, partition 187, PROCESS_LOCAL, 5887 bytes)
20/07/22 15:41:41 INFO TaskSetManager: Finished task 186.0 in stage 4.0 (TID 189) in 4 ms on localhost (executor driver) (186/200)
20/07/22 15:41:41 INFO Executor: Running task 187.0 in stage 4.0 (TID 190)
20/07/22 15:41:41 INFO ShuffleBlockFetcherIterator: Getting 0 non-empty blocks out of 1 blocks
20/07/22 15:41:41 INFO ShuffleBlockFetcherIterator: Started 0 remote fetches in 0 ms
20/07/22 15:41:41 INFO Executor: Finished task 187.0 in stage 4.0 (TID 190). 2941 bytes result sent to driver
20/07/22 15:41:41 INFO TaskSetManager: Starting task 188.0 in stage 4.0 (TID 191, localhost, executor driver, partition 188, PROCESS_LOCAL, 5887 bytes)
20/07/22 15:41:41 INFO TaskSetManager: Finished task 187.0 in stage 4.0 (TID 190) in 3 ms on localhost (executor driver) (187/200)
20/07/22 15:41:41 INFO Executor: Running task 188.0 in stage 4.0 (TID 191)
20/07/22 15:41:41 INFO ShuffleBlockFetcherIterator: Getting 0 non-empty blocks out of 1 blocks
20/07/22 15:41:41 INFO ShuffleBlockFetcherIterator: Started 0 remote fetches in 0 ms
20/07/22 15:41:41 INFO Executor: Finished task 188.0 in stage 4.0 (TID 191). 2941 bytes result sent to driver
20/07/22 15:41:41 INFO TaskSetManager: Starting task 189.0 in stage 4.0 (TID 192, localhost, executor driver, partition 189, PROCESS_LOCAL, 5887 bytes)
20/07/22 15:41:41 INFO Executor: Running task 189.0 in stage 4.0 (TID 192)
20/07/22 15:41:41 INFO TaskSetManager: Finished task 188.0 in stage 4.0 (TID 191) in 3 ms on localhost (executor driver) (188/200)
20/07/22 15:41:41 INFO ShuffleBlockFetcherIterator: Getting 0 non-empty blocks out of 1 blocks
20/07/22 15:41:41 INFO ShuffleBlockFetcherIterator: Started 0 remote fetches in 1 ms
20/07/22 15:41:41 INFO Executor: Finished task 189.0 in stage 4.0 (TID 192). 2854 bytes result sent to driver
20/07/22 15:41:41 INFO TaskSetManager: Starting task 190.0 in stage 4.0 (TID 193, localhost, executor driver, partition 190, PROCESS_LOCAL, 5887 bytes)
20/07/22 15:41:41 INFO TaskSetManager: Finished task 189.0 in stage 4.0 (TID 192) in 3 ms on localhost (executor driver) (189/200)
20/07/22 15:41:41 INFO Executor: Running task 190.0 in stage 4.0 (TID 193)
20/07/22 15:41:41 INFO ShuffleBlockFetcherIterator: Getting 0 non-empty blocks out of 1 blocks
20/07/22 15:41:41 INFO ShuffleBlockFetcherIterator: Started 0 remote fetches in 0 ms
20/07/22 15:41:41 INFO Executor: Finished task 190.0 in stage 4.0 (TID 193). 2941 bytes result sent to driver
20/07/22 15:41:41 INFO TaskSetManager: Starting task 191.0 in stage 4.0 (TID 194, localhost, executor driver, partition 191, PROCESS_LOCAL, 5887 bytes)
20/07/22 15:41:41 INFO TaskSetManager: Finished task 190.0 in stage 4.0 (TID 193) in 4 ms on localhost (executor driver) (190/200)
20/07/22 15:41:41 INFO Executor: Running task 191.0 in stage 4.0 (TID 194)
20/07/22 15:41:41 INFO ShuffleBlockFetcherIterator: Getting 0 non-empty blocks out of 1 blocks
20/07/22 15:41:41 INFO ShuffleBlockFetcherIterator: Started 0 remote fetches in 0 ms
20/07/22 15:41:41 INFO Executor: Finished task 191.0 in stage 4.0 (TID 194). 2941 bytes result sent to driver
20/07/22 15:41:41 INFO TaskSetManager: Starting task 192.0 in stage 4.0 (TID 195, localhost, executor driver, partition 192, PROCESS_LOCAL, 5887 bytes)
20/07/22 15:41:41 INFO TaskSetManager: Finished task 191.0 in stage 4.0 (TID 194) in 3 ms on localhost (executor driver) (191/200)
20/07/22 15:41:41 INFO Executor: Running task 192.0 in stage 4.0 (TID 195)
20/07/22 15:41:41 INFO ShuffleBlockFetcherIterator: Getting 0 non-empty blocks out of 1 blocks
20/07/22 15:41:41 INFO ShuffleBlockFetcherIterator: Started 0 remote fetches in 0 ms
20/07/22 15:41:41 INFO Executor: Finished task 192.0 in stage 4.0 (TID 195). 2941 bytes result sent to driver
20/07/22 15:41:41 INFO TaskSetManager: Starting task 193.0 in stage 4.0 (TID 196, localhost, executor driver, partition 193, PROCESS_LOCAL, 5887 bytes)
20/07/22 15:41:41 INFO TaskSetManager: Finished task 192.0 in stage 4.0 (TID 195) in 3 ms on localhost (executor driver) (192/200)
20/07/22 15:41:41 INFO Executor: Running task 193.0 in stage 4.0 (TID 196)
20/07/22 15:41:41 INFO ShuffleBlockFetcherIterator: Getting 0 non-empty blocks out of 1 blocks
20/07/22 15:41:41 INFO ShuffleBlockFetcherIterator: Started 0 remote fetches in 0 ms
20/07/22 15:41:41 INFO Executor: Finished task 193.0 in stage 4.0 (TID 196). 2862 bytes result sent to driver
20/07/22 15:41:41 INFO TaskSetManager: Starting task 194.0 in stage 4.0 (TID 197, localhost, executor driver, partition 194, PROCESS_LOCAL, 5887 bytes)
20/07/22 15:41:41 INFO TaskSetManager: Finished task 193.0 in stage 4.0 (TID 196) in 3 ms on localhost (executor driver) (193/200)
20/07/22 15:41:41 INFO Executor: Running task 194.0 in stage 4.0 (TID 197)
20/07/22 15:41:41 INFO ShuffleBlockFetcherIterator: Getting 0 non-empty blocks out of 1 blocks
20/07/22 15:41:41 INFO ShuffleBlockFetcherIterator: Started 0 remote fetches in 0 ms
20/07/22 15:41:41 INFO Executor: Finished task 194.0 in stage 4.0 (TID 197). 2941 bytes result sent to driver
20/07/22 15:41:41 INFO TaskSetManager: Starting task 195.0 in stage 4.0 (TID 198, localhost, executor driver, partition 195, PROCESS_LOCAL, 5887 bytes)
20/07/22 15:41:41 INFO TaskSetManager: Finished task 194.0 in stage 4.0 (TID 197) in 3 ms on localhost (executor driver) (194/200)
20/07/22 15:41:41 INFO Executor: Running task 195.0 in stage 4.0 (TID 198)
20/07/22 15:41:41 INFO ShuffleBlockFetcherIterator: Getting 0 non-empty blocks out of 1 blocks
20/07/22 15:41:41 INFO ShuffleBlockFetcherIterator: Started 0 remote fetches in 0 ms
20/07/22 15:41:41 INFO Executor: Finished task 195.0 in stage 4.0 (TID 198). 2941 bytes result sent to driver
20/07/22 15:41:41 INFO TaskSetManager: Starting task 196.0 in stage 4.0 (TID 199, localhost, executor driver, partition 196, PROCESS_LOCAL, 5887 bytes)
20/07/22 15:41:41 INFO TaskSetManager: Finished task 195.0 in stage 4.0 (TID 198) in 3 ms on localhost (executor driver) (195/200)
20/07/22 15:41:41 INFO Executor: Running task 196.0 in stage 4.0 (TID 199)
20/07/22 15:41:41 INFO ShuffleBlockFetcherIterator: Getting 0 non-empty blocks out of 1 blocks
20/07/22 15:41:41 INFO ShuffleBlockFetcherIterator: Started 0 remote fetches in 0 ms
20/07/22 15:41:41 INFO Executor: Finished task 196.0 in stage 4.0 (TID 199). 2941 bytes result sent to driver
20/07/22 15:41:41 INFO TaskSetManager: Starting task 197.0 in stage 4.0 (TID 200, localhost, executor driver, partition 197, PROCESS_LOCAL, 5887 bytes)
20/07/22 15:41:41 INFO Executor: Running task 197.0 in stage 4.0 (TID 200)
20/07/22 15:41:41 INFO TaskSetManager: Finished task 196.0 in stage 4.0 (TID 199) in 5 ms on localhost (executor driver) (196/200)
20/07/22 15:41:41 INFO ShuffleBlockFetcherIterator: Getting 0 non-empty blocks out of 1 blocks
20/07/22 15:41:41 INFO ShuffleBlockFetcherIterator: Started 0 remote fetches in 0 ms
20/07/22 15:41:41 INFO Executor: Finished task 197.0 in stage 4.0 (TID 200). 2941 bytes result sent to driver
20/07/22 15:41:41 INFO TaskSetManager: Starting task 198.0 in stage 4.0 (TID 201, localhost, executor driver, partition 198, PROCESS_LOCAL, 5887 bytes)
20/07/22 15:41:41 INFO TaskSetManager: Finished task 197.0 in stage 4.0 (TID 200) in 3 ms on localhost (executor driver) (197/200)
20/07/22 15:41:41 INFO Executor: Running task 198.0 in stage 4.0 (TID 201)
20/07/22 15:41:41 INFO ShuffleBlockFetcherIterator: Getting 0 non-empty blocks out of 1 blocks
20/07/22 15:41:41 INFO ShuffleBlockFetcherIterator: Started 0 remote fetches in 0 ms
20/07/22 15:41:41 INFO Executor: Finished task 198.0 in stage 4.0 (TID 201). 2941 bytes result sent to driver
20/07/22 15:41:41 INFO TaskSetManager: Finished task 198.0 in stage 4.0 (TID 201) in 6 ms on localhost (executor driver) (198/200)
20/07/22 15:41:41 INFO TaskSetManager: Starting task 199.0 in stage 4.0 (TID 202, localhost, executor driver, partition 199, PROCESS_LOCAL, 5887 bytes)
20/07/22 15:41:41 INFO Executor: Running task 199.0 in stage 4.0 (TID 202)
20/07/22 15:41:41 INFO ShuffleBlockFetcherIterator: Getting 0 non-empty blocks out of 1 blocks
20/07/22 15:41:41 INFO ShuffleBlockFetcherIterator: Started 0 remote fetches in 0 ms
20/07/22 15:41:41 INFO Executor: Finished task 199.0 in stage 4.0 (TID 202). 2941 bytes result sent to driver
20/07/22 15:41:41 INFO TaskSetManager: Starting task 68.0 in stage 4.0 (TID 203, localhost, executor driver, partition 68, ANY, 5887 bytes)
20/07/22 15:41:41 INFO TaskSetManager: Finished task 199.0 in stage 4.0 (TID 202) in 4 ms on localhost (executor driver) (199/200)
20/07/22 15:41:41 INFO Executor: Running task 68.0 in stage 4.0 (TID 203)
20/07/22 15:41:41 INFO ShuffleBlockFetcherIterator: Getting 1 non-empty blocks out of 1 blocks
20/07/22 15:41:41 INFO ShuffleBlockFetcherIterator: Started 0 remote fetches in 0 ms
20/07/22 15:41:41 INFO Executor: Finished task 68.0 in stage 4.0 (TID 203). 2975 bytes result sent to driver
20/07/22 15:41:41 INFO TaskSetManager: Finished task 68.0 in stage 4.0 (TID 203) in 4 ms on localhost (executor driver) (200/200)
20/07/22 15:41:41 INFO TaskSchedulerImpl: Removed TaskSet 4.0, whose tasks have all completed, from pool 
20/07/22 15:41:41 INFO DAGScheduler: ResultStage 4 (collect at Task_Test.scala:117) finished in 0.678 s
20/07/22 15:41:41 INFO DAGScheduler: Job 3 finished: collect at Task_Test.scala:117, took 1.576909 s
20/07/22 15:41:41 INFO SparkUI: Stopped Spark web UI at http://172.20.10.3:4040
20/07/22 15:41:41 INFO MapOutputTrackerMasterEndpoint: MapOutputTrackerMasterEndpoint stopped!
20/07/22 15:41:41 INFO MemoryStore: MemoryStore cleared
20/07/22 15:41:41 INFO BlockManager: BlockManager stopped
20/07/22 15:41:41 INFO BlockManagerMaster: BlockManagerMaster stopped
20/07/22 15:41:41 INFO OutputCommitCoordinator$OutputCommitCoordinatorEndpoint: OutputCommitCoordinator stopped!
20/07/22 15:41:41 INFO SparkContext: Successfully stopped SparkContext
20/07/22 15:41:41 INFO SparkContext: Running Spark version 2.1.0
20/07/22 15:41:41 INFO SecurityManager: Changing view acls to: yasasm
20/07/22 15:41:41 INFO SecurityManager: Changing modify acls to: yasasm
20/07/22 15:41:41 INFO SecurityManager: Changing view acls groups to: 
20/07/22 15:41:41 INFO SecurityManager: Changing modify acls groups to: 
20/07/22 15:41:41 INFO SecurityManager: SecurityManager: authentication disabled; ui acls disabled; users  with view permissions: Set(yasasm); groups with view permissions: Set(); users  with modify permissions: Set(yasasm); groups with modify permissions: Set()
20/07/22 15:41:41 INFO Utils: Successfully started service 'sparkDriver' on port 37511.
20/07/22 15:41:41 INFO SparkEnv: Registering MapOutputTracker
20/07/22 15:41:41 INFO SparkEnv: Registering BlockManagerMaster
20/07/22 15:41:41 INFO BlockManagerMasterEndpoint: Using org.apache.spark.storage.DefaultTopologyMapper for getting topology information
20/07/22 15:41:41 INFO BlockManagerMasterEndpoint: BlockManagerMasterEndpoint up
20/07/22 15:41:41 INFO DiskBlockManager: Created local directory at /tmp/blockmgr-84874eea-b7cb-4546-852c-599ff0f63fab
20/07/22 15:41:41 INFO MemoryStore: MemoryStore started with capacity 93.3 MB
20/07/22 15:41:41 INFO SparkEnv: Registering OutputCommitCoordinator
20/07/22 15:41:41 INFO Utils: Successfully started service 'SparkUI' on port 4040.
20/07/22 15:41:41 INFO SparkUI: Bound SparkUI to 0.0.0.0, and started at http://172.20.10.3:4040
20/07/22 15:41:41 INFO Executor: Starting executor ID driver on host localhost
20/07/22 15:41:41 INFO Utils: Successfully started service 'org.apache.spark.network.netty.NettyBlockTransferService' on port 41715.
20/07/22 15:41:41 INFO NettyBlockTransferService: Server created on 172.20.10.3:41715
20/07/22 15:41:41 INFO BlockManager: Using org.apache.spark.storage.RandomBlockReplicationPolicy for block replication policy
20/07/22 15:41:41 INFO BlockManagerMaster: Registering BlockManager BlockManagerId(driver, 172.20.10.3, 41715, None)
20/07/22 15:41:41 INFO BlockManagerMasterEndpoint: Registering block manager 172.20.10.3:41715 with 93.3 MB RAM, BlockManagerId(driver, 172.20.10.3, 41715, None)
20/07/22 15:41:41 INFO BlockManagerMaster: Registered BlockManager BlockManagerId(driver, 172.20.10.3, 41715, None)
20/07/22 15:41:41 INFO BlockManager: Initialized BlockManager: BlockManagerId(driver, 172.20.10.3, 41715, None)
20/07/22 15:41:41 INFO SharedState: Warehouse path is 'file:/home/yasasm/Desktop/ZoneProjects/spark-Azkaban/spark-warehouse/'.
20/07/22 15:41:41 INFO MemoryStore: Block broadcast_0 stored as values in memory (estimated size 127.1 KB, free 93.2 MB)
20/07/22 15:41:41 INFO MemoryStore: Block broadcast_0_piece0 stored as bytes in memory (estimated size 14.3 KB, free 93.2 MB)
20/07/22 15:41:41 INFO BlockManagerInfo: Added broadcast_0_piece0 in memory on 172.20.10.3:41715 (size: 14.3 KB, free: 93.3 MB)
20/07/22 15:41:41 INFO SparkContext: Created broadcast 0 from load at Task_Test.scala:25
20/07/22 15:41:41 INFO FileInputFormat: Total input paths to process : 1
20/07/22 15:41:41 INFO SparkContext: Starting job: load at Task_Test.scala:25
20/07/22 15:41:41 INFO DAGScheduler: Got job 0 (load at Task_Test.scala:25) with 1 output partitions
20/07/22 15:41:41 INFO DAGScheduler: Final stage: ResultStage 0 (load at Task_Test.scala:25)
20/07/22 15:41:41 INFO DAGScheduler: Parents of final stage: List()
20/07/22 15:41:41 INFO DAGScheduler: Missing parents: List()
20/07/22 15:41:41 INFO DAGScheduler: Submitting ResultStage 0 (MapPartitionsRDD[2] at load at Task_Test.scala:25), which has no missing parents
20/07/22 15:41:41 INFO MemoryStore: Block broadcast_1 stored as values in memory (estimated size 3.5 KB, free 93.2 MB)
20/07/22 15:41:41 INFO MemoryStore: Block broadcast_1_piece0 stored as bytes in memory (estimated size 2.1 KB, free 93.2 MB)
20/07/22 15:41:41 INFO BlockManagerInfo: Added broadcast_1_piece0 in memory on 172.20.10.3:41715 (size: 2.1 KB, free: 93.3 MB)
20/07/22 15:41:41 INFO SparkContext: Created broadcast 1 from broadcast at DAGScheduler.scala:996
20/07/22 15:41:41 INFO DAGScheduler: Submitting 1 missing tasks from ResultStage 0 (MapPartitionsRDD[2] at load at Task_Test.scala:25)
20/07/22 15:41:41 INFO TaskSchedulerImpl: Adding task set 0.0 with 1 tasks
20/07/22 15:41:41 INFO TaskSetManager: Starting task 0.0 in stage 0.0 (TID 0, localhost, executor driver, partition 0, PROCESS_LOCAL, 6035 bytes)
20/07/22 15:41:41 INFO Executor: Running task 0.0 in stage 0.0 (TID 0)
20/07/22 15:41:41 INFO HadoopRDD: Input split: file:/home/yasasm/Desktop/ZoneProjects/spark-Azkaban/src/main/inputs/athlete_events.csv:0+33554432
20/07/22 15:41:41 INFO Executor: Finished task 0.0 in stage 0.0 (TID 0). 1197 bytes result sent to driver
20/07/22 15:41:41 INFO TaskSetManager: Finished task 0.0 in stage 0.0 (TID 0) in 4 ms on localhost (executor driver) (1/1)
20/07/22 15:41:41 INFO TaskSchedulerImpl: Removed TaskSet 0.0, whose tasks have all completed, from pool 
20/07/22 15:41:41 INFO DAGScheduler: ResultStage 0 (load at Task_Test.scala:25) finished in 0.004 s
20/07/22 15:41:41 INFO DAGScheduler: Job 0 finished: load at Task_Test.scala:25, took 0.008400 s
20/07/22 15:41:41 INFO MemoryStore: Block broadcast_2 stored as values in memory (estimated size 127.2 KB, free 93.0 MB)
20/07/22 15:41:41 INFO MemoryStore: Block broadcast_2_piece0 stored as bytes in memory (estimated size 14.3 KB, free 93.0 MB)
20/07/22 15:41:41 INFO BlockManagerInfo: Added broadcast_2_piece0 in memory on 172.20.10.3:41715 (size: 14.3 KB, free: 93.3 MB)
20/07/22 15:41:41 INFO SparkContext: Created broadcast 2 from load at Task_Test.scala:25
20/07/22 15:41:41 INFO FileInputFormat: Total input paths to process : 1
20/07/22 15:41:41 INFO SparkContext: Starting job: load at Task_Test.scala:25
20/07/22 15:41:41 INFO DAGScheduler: Got job 1 (load at Task_Test.scala:25) with 1 output partitions
20/07/22 15:41:41 INFO DAGScheduler: Final stage: ResultStage 1 (load at Task_Test.scala:25)
20/07/22 15:41:41 INFO DAGScheduler: Parents of final stage: List()
20/07/22 15:41:41 INFO DAGScheduler: Missing parents: List()
20/07/22 15:41:41 INFO DAGScheduler: Submitting ResultStage 1 (MapPartitionsRDD[5] at load at Task_Test.scala:25), which has no missing parents
20/07/22 15:41:41 INFO MemoryStore: Block broadcast_3 stored as values in memory (estimated size 3.5 KB, free 93.0 MB)
20/07/22 15:41:41 INFO MemoryStore: Block broadcast_3_piece0 stored as bytes in memory (estimated size 2.1 KB, free 93.0 MB)
20/07/22 15:41:41 INFO BlockManagerInfo: Added broadcast_3_piece0 in memory on 172.20.10.3:41715 (size: 2.1 KB, free: 93.3 MB)
20/07/22 15:41:41 INFO SparkContext: Created broadcast 3 from broadcast at DAGScheduler.scala:996
20/07/22 15:41:41 INFO DAGScheduler: Submitting 1 missing tasks from ResultStage 1 (MapPartitionsRDD[5] at load at Task_Test.scala:25)
20/07/22 15:41:41 INFO TaskSchedulerImpl: Adding task set 1.0 with 1 tasks
20/07/22 15:41:41 INFO TaskSetManager: Starting task 0.0 in stage 1.0 (TID 1, localhost, executor driver, partition 0, PROCESS_LOCAL, 6035 bytes)
20/07/22 15:41:41 INFO Executor: Running task 0.0 in stage 1.0 (TID 1)
20/07/22 15:41:41 INFO HadoopRDD: Input split: file:/home/yasasm/Desktop/ZoneProjects/spark-Azkaban/src/main/inputs/athlete_events.csv:0+33554432
20/07/22 15:41:41 INFO Executor: Finished task 0.0 in stage 1.0 (TID 1). 1197 bytes result sent to driver
20/07/22 15:41:41 INFO TaskSetManager: Finished task 0.0 in stage 1.0 (TID 1) in 12 ms on localhost (executor driver) (1/1)
20/07/22 15:41:41 INFO TaskSchedulerImpl: Removed TaskSet 1.0, whose tasks have all completed, from pool 
20/07/22 15:41:41 INFO DAGScheduler: ResultStage 1 (load at Task_Test.scala:25) finished in 0.015 s
20/07/22 15:41:41 INFO DAGScheduler: Job 1 finished: load at Task_Test.scala:25, took 0.018337 s
20/07/22 15:41:41 INFO SparkContext: Starting job: collect at Task_Test.scala:97
20/07/22 15:41:41 INFO DAGScheduler: Got job 2 (collect at Task_Test.scala:97) with 1 output partitions
20/07/22 15:41:41 INFO DAGScheduler: Final stage: ResultStage 2 (collect at Task_Test.scala:97)
20/07/22 15:41:41 INFO DAGScheduler: Parents of final stage: List()
20/07/22 15:41:41 INFO DAGScheduler: Missing parents: List()
20/07/22 15:41:41 INFO DAGScheduler: Submitting ResultStage 2 (MapPartitionsRDD[10] at collect at Task_Test.scala:97), which has no missing parents
20/07/22 15:41:41 INFO MemoryStore: Block broadcast_4 stored as values in memory (estimated size 8.7 KB, free 93.0 MB)
20/07/22 15:41:41 INFO MemoryStore: Block broadcast_4_piece0 stored as bytes in memory (estimated size 4.6 KB, free 93.0 MB)
20/07/22 15:41:41 INFO BlockManagerInfo: Added broadcast_4_piece0 in memory on 172.20.10.3:41715 (size: 4.6 KB, free: 93.3 MB)
20/07/22 15:41:41 INFO SparkContext: Created broadcast 4 from broadcast at DAGScheduler.scala:996
20/07/22 15:41:42 INFO DAGScheduler: Submitting 1 missing tasks from ResultStage 2 (MapPartitionsRDD[10] at collect at Task_Test.scala:97)
20/07/22 15:41:42 INFO TaskSchedulerImpl: Adding task set 2.0 with 1 tasks
20/07/22 15:41:42 INFO TaskSetManager: Starting task 0.0 in stage 2.0 (TID 2, localhost, executor driver, partition 0, PROCESS_LOCAL, 6154 bytes)
20/07/22 15:41:42 INFO Executor: Running task 0.0 in stage 2.0 (TID 2)
20/07/22 15:41:42 INFO CodeGenerator: Code generated in 4.934624 ms
20/07/22 15:41:42 INFO CodeGenerator: Code generated in 16.563806 ms
20/07/22 15:41:42 INFO Executor: Finished task 0.0 in stage 2.0 (TID 2). 1234 bytes result sent to driver
20/07/22 15:41:42 INFO TaskSetManager: Finished task 0.0 in stage 2.0 (TID 2) in 28 ms on localhost (executor driver) (1/1)
20/07/22 15:41:42 INFO TaskSchedulerImpl: Removed TaskSet 2.0, whose tasks have all completed, from pool 
20/07/22 15:41:42 INFO DAGScheduler: ResultStage 2 (collect at Task_Test.scala:97) finished in 0.028 s
20/07/22 15:41:42 INFO DAGScheduler: Job 2 finished: collect at Task_Test.scala:97, took 0.031825 s
20/07/22 15:41:42 INFO CodeGenerator: Code generated in 5.997697 ms
20/07/22 15:41:42 INFO FileSourceStrategy: Pruning directories with: 
20/07/22 15:41:42 INFO FileSourceStrategy: Post-Scan Filters: isnotnull(Medal#901),(Medal#901 = Gold)
20/07/22 15:41:42 INFO FileSourceStrategy: Output Data Schema: struct<Team: string, Year: string, Medal: string ... 1 more fields>
20/07/22 15:41:42 INFO FileSourceStrategy: Pushed Filters: IsNotNull(Medal),EqualTo(Medal,Gold)
20/07/22 15:41:42 INFO CodeGenerator: Code generated in 5.135632 ms
20/07/22 15:41:42 INFO CodeGenerator: Code generated in 13.007634 ms
20/07/22 15:41:42 INFO CodeGenerator: Code generated in 37.283463 ms
20/07/22 15:41:42 INFO MemoryStore: Block broadcast_5 stored as values in memory (estimated size 132.3 KB, free 92.9 MB)
20/07/22 15:41:42 INFO MemoryStore: Block broadcast_5_piece0 stored as bytes in memory (estimated size 14.6 KB, free 92.9 MB)
20/07/22 15:41:42 INFO BlockManagerInfo: Added broadcast_5_piece0 in memory on 172.20.10.3:41715 (size: 14.6 KB, free: 93.2 MB)
20/07/22 15:41:42 INFO SparkContext: Created broadcast 5 from collect at Task_Test.scala:97
20/07/22 15:41:42 INFO FileSourceScanExec: Planning scan with bin packing, max size: 45694992 bytes, open cost is considered as scanning 4194304 bytes.
20/07/22 15:41:42 INFO SparkContext: Starting job: collect at Task_Test.scala:97
20/07/22 15:41:42 INFO DAGScheduler: Registering RDD 13 (collect at Task_Test.scala:97)
20/07/22 15:41:42 INFO DAGScheduler: Got job 3 (collect at Task_Test.scala:97) with 200 output partitions
20/07/22 15:41:42 INFO DAGScheduler: Final stage: ResultStage 4 (collect at Task_Test.scala:97)
20/07/22 15:41:42 INFO DAGScheduler: Parents of final stage: List(ShuffleMapStage 3)
20/07/22 15:41:42 INFO DAGScheduler: Missing parents: List(ShuffleMapStage 3)
20/07/22 15:41:42 INFO DAGScheduler: Submitting ShuffleMapStage 3 (MapPartitionsRDD[13] at collect at Task_Test.scala:97), which has no missing parents
20/07/22 15:41:42 INFO MemoryStore: Block broadcast_6 stored as values in memory (estimated size 30.0 KB, free 92.8 MB)
20/07/22 15:41:42 INFO MemoryStore: Block broadcast_6_piece0 stored as bytes in memory (estimated size 13.7 KB, free 92.8 MB)
20/07/22 15:41:42 INFO BlockManagerInfo: Added broadcast_6_piece0 in memory on 172.20.10.3:41715 (size: 13.7 KB, free: 93.2 MB)
20/07/22 15:41:42 INFO SparkContext: Created broadcast 6 from broadcast at DAGScheduler.scala:996
20/07/22 15:41:42 INFO DAGScheduler: Submitting 1 missing tasks from ShuffleMapStage 3 (MapPartitionsRDD[13] at collect at Task_Test.scala:97)
20/07/22 15:41:42 INFO TaskSchedulerImpl: Adding task set 3.0 with 1 tasks
20/07/22 15:41:42 INFO TaskSetManager: Starting task 0.0 in stage 3.0 (TID 3, localhost, executor driver, partition 0, PROCESS_LOCAL, 6566 bytes)
20/07/22 15:41:42 INFO Executor: Running task 0.0 in stage 3.0 (TID 3)
20/07/22 15:41:42 INFO CodeGenerator: Code generated in 4.918769 ms
20/07/22 15:41:42 INFO CodeGenerator: Code generated in 9.595933 ms
20/07/22 15:41:42 INFO CodeGenerator: Code generated in 5.099522 ms
20/07/22 15:41:42 INFO FileScanRDD: Reading File path: file:///home/yasasm/Desktop/ZoneProjects/spark-Azkaban/src/main/inputs/athlete_events.csv, range: 0-41500688, partition values: [empty row]
20/07/22 15:41:42 INFO BlockManagerInfo: Removed broadcast_0_piece0 on 172.20.10.3:41715 in memory (size: 14.3 KB, free: 93.2 MB)
20/07/22 15:41:42 INFO BlockManagerInfo: Removed broadcast_1_piece0 on 172.20.10.3:41715 in memory (size: 2.1 KB, free: 93.3 MB)
20/07/22 15:41:42 INFO BlockManagerInfo: Removed broadcast_2_piece0 on 172.20.10.3:41715 in memory (size: 14.3 KB, free: 93.3 MB)
20/07/22 15:41:42 INFO BlockManagerInfo: Removed broadcast_3_piece0 on 172.20.10.3:41715 in memory (size: 2.1 KB, free: 93.3 MB)
20/07/22 15:41:42 INFO BlockManagerInfo: Removed broadcast_4_piece0 on 172.20.10.3:41715 in memory (size: 4.6 KB, free: 93.3 MB)
20/07/22 15:41:42 INFO ContextCleaner: Cleaned accumulator 35286
20/07/22 15:41:43 INFO Executor: Finished task 0.0 in stage 3.0 (TID 3). 2664 bytes result sent to driver
20/07/22 15:41:43 INFO TaskSetManager: Finished task 0.0 in stage 3.0 (TID 3) in 994 ms on localhost (executor driver) (1/1)
20/07/22 15:41:43 INFO DAGScheduler: ShuffleMapStage 3 (collect at Task_Test.scala:97) finished in 0.995 s
20/07/22 15:41:43 INFO DAGScheduler: looking for newly runnable stages
20/07/22 15:41:43 INFO DAGScheduler: running: Set()
20/07/22 15:41:43 INFO DAGScheduler: waiting: Set(ResultStage 4)
20/07/22 15:41:43 INFO DAGScheduler: failed: Set()
20/07/22 15:41:43 INFO DAGScheduler: Submitting ResultStage 4 (MapPartitionsRDD[17] at collect at Task_Test.scala:97), which has no missing parents
20/07/22 15:41:43 INFO TaskSchedulerImpl: Removed TaskSet 3.0, whose tasks have all completed, from pool 
20/07/22 15:41:43 INFO MemoryStore: Block broadcast_7 stored as values in memory (estimated size 27.6 KB, free 93.1 MB)
20/07/22 15:41:43 INFO MemoryStore: Block broadcast_7_piece0 stored as bytes in memory (estimated size 13.1 KB, free 93.1 MB)
20/07/22 15:41:43 INFO BlockManagerInfo: Added broadcast_7_piece0 in memory on 172.20.10.3:41715 (size: 13.1 KB, free: 93.3 MB)
20/07/22 15:41:43 INFO SparkContext: Created broadcast 7 from broadcast at DAGScheduler.scala:996
20/07/22 15:41:43 INFO DAGScheduler: Submitting 200 missing tasks from ResultStage 4 (MapPartitionsRDD[17] at collect at Task_Test.scala:97)
20/07/22 15:41:43 INFO TaskSchedulerImpl: Adding task set 4.0 with 200 tasks
20/07/22 15:41:43 INFO TaskSetManager: Starting task 0.0 in stage 4.0 (TID 4, localhost, executor driver, partition 0, ANY, 5891 bytes)
20/07/22 15:41:43 INFO Executor: Running task 0.0 in stage 4.0 (TID 4)
20/07/22 15:41:43 INFO ShuffleBlockFetcherIterator: Getting 1 non-empty blocks out of 1 blocks
20/07/22 15:41:43 INFO ShuffleBlockFetcherIterator: Started 0 remote fetches in 0 ms
20/07/22 15:41:43 INFO Executor: Finished task 0.0 in stage 4.0 (TID 4). 4400 bytes result sent to driver
20/07/22 15:41:43 INFO TaskSetManager: Starting task 1.0 in stage 4.0 (TID 5, localhost, executor driver, partition 1, ANY, 5891 bytes)
20/07/22 15:41:43 INFO TaskSetManager: Finished task 0.0 in stage 4.0 (TID 4) in 8 ms on localhost (executor driver) (1/200)
20/07/22 15:41:43 INFO Executor: Running task 1.0 in stage 4.0 (TID 5)
20/07/22 15:41:43 INFO ShuffleBlockFetcherIterator: Getting 1 non-empty blocks out of 1 blocks
20/07/22 15:41:43 INFO ShuffleBlockFetcherIterator: Started 0 remote fetches in 0 ms
20/07/22 15:41:43 INFO Executor: Finished task 1.0 in stage 4.0 (TID 5). 4313 bytes result sent to driver
20/07/22 15:41:43 INFO TaskSetManager: Starting task 2.0 in stage 4.0 (TID 6, localhost, executor driver, partition 2, ANY, 5891 bytes)
20/07/22 15:41:43 INFO Executor: Running task 2.0 in stage 4.0 (TID 6)
20/07/22 15:41:43 INFO TaskSetManager: Finished task 1.0 in stage 4.0 (TID 5) in 6 ms on localhost (executor driver) (2/200)
20/07/22 15:41:43 INFO ShuffleBlockFetcherIterator: Getting 1 non-empty blocks out of 1 blocks
20/07/22 15:41:43 INFO ShuffleBlockFetcherIterator: Started 0 remote fetches in 0 ms
20/07/22 15:41:43 INFO Executor: Finished task 2.0 in stage 4.0 (TID 6). 4313 bytes result sent to driver
20/07/22 15:41:43 INFO TaskSetManager: Starting task 3.0 in stage 4.0 (TID 7, localhost, executor driver, partition 3, ANY, 5891 bytes)
20/07/22 15:41:43 INFO TaskSetManager: Finished task 2.0 in stage 4.0 (TID 6) in 5 ms on localhost (executor driver) (3/200)
20/07/22 15:41:43 INFO Executor: Running task 3.0 in stage 4.0 (TID 7)
20/07/22 15:41:43 INFO ShuffleBlockFetcherIterator: Getting 1 non-empty blocks out of 1 blocks
20/07/22 15:41:43 INFO ShuffleBlockFetcherIterator: Started 0 remote fetches in 0 ms
20/07/22 15:41:43 INFO Executor: Finished task 3.0 in stage 4.0 (TID 7). 4408 bytes result sent to driver
20/07/22 15:41:43 INFO TaskSetManager: Starting task 4.0 in stage 4.0 (TID 8, localhost, executor driver, partition 4, ANY, 5891 bytes)
20/07/22 15:41:43 INFO Executor: Running task 4.0 in stage 4.0 (TID 8)
20/07/22 15:41:43 INFO TaskSetManager: Finished task 3.0 in stage 4.0 (TID 7) in 6 ms on localhost (executor driver) (4/200)
20/07/22 15:41:43 INFO ShuffleBlockFetcherIterator: Getting 1 non-empty blocks out of 1 blocks
20/07/22 15:41:43 INFO ShuffleBlockFetcherIterator: Started 0 remote fetches in 0 ms
20/07/22 15:41:43 INFO Executor: Finished task 4.0 in stage 4.0 (TID 8). 4313 bytes result sent to driver
20/07/22 15:41:43 INFO TaskSetManager: Starting task 5.0 in stage 4.0 (TID 9, localhost, executor driver, partition 5, ANY, 5891 bytes)
20/07/22 15:41:43 INFO Executor: Running task 5.0 in stage 4.0 (TID 9)
20/07/22 15:41:43 INFO TaskSetManager: Finished task 4.0 in stage 4.0 (TID 8) in 5 ms on localhost (executor driver) (5/200)
20/07/22 15:41:43 INFO ShuffleBlockFetcherIterator: Getting 1 non-empty blocks out of 1 blocks
20/07/22 15:41:43 INFO ShuffleBlockFetcherIterator: Started 0 remote fetches in 0 ms
20/07/22 15:41:43 INFO Executor: Finished task 5.0 in stage 4.0 (TID 9). 4329 bytes result sent to driver
20/07/22 15:41:43 INFO TaskSetManager: Starting task 6.0 in stage 4.0 (TID 10, localhost, executor driver, partition 6, ANY, 5891 bytes)
20/07/22 15:41:43 INFO TaskSetManager: Finished task 5.0 in stage 4.0 (TID 9) in 6 ms on localhost (executor driver) (6/200)
20/07/22 15:41:43 INFO Executor: Running task 6.0 in stage 4.0 (TID 10)
20/07/22 15:41:43 INFO ShuffleBlockFetcherIterator: Getting 1 non-empty blocks out of 1 blocks
20/07/22 15:41:43 INFO ShuffleBlockFetcherIterator: Started 0 remote fetches in 0 ms
20/07/22 15:41:43 INFO Executor: Finished task 6.0 in stage 4.0 (TID 10). 4321 bytes result sent to driver
20/07/22 15:41:43 INFO TaskSetManager: Starting task 7.0 in stage 4.0 (TID 11, localhost, executor driver, partition 7, ANY, 5891 bytes)
20/07/22 15:41:43 INFO Executor: Running task 7.0 in stage 4.0 (TID 11)
20/07/22 15:41:43 INFO TaskSetManager: Finished task 6.0 in stage 4.0 (TID 10) in 6 ms on localhost (executor driver) (7/200)
20/07/22 15:41:43 INFO ShuffleBlockFetcherIterator: Getting 1 non-empty blocks out of 1 blocks
20/07/22 15:41:43 INFO ShuffleBlockFetcherIterator: Started 0 remote fetches in 0 ms
20/07/22 15:41:43 INFO Executor: Finished task 7.0 in stage 4.0 (TID 11). 4321 bytes result sent to driver
20/07/22 15:41:43 INFO TaskSetManager: Starting task 8.0 in stage 4.0 (TID 12, localhost, executor driver, partition 8, ANY, 5891 bytes)
20/07/22 15:41:43 INFO Executor: Running task 8.0 in stage 4.0 (TID 12)
20/07/22 15:41:43 INFO TaskSetManager: Finished task 7.0 in stage 4.0 (TID 11) in 5 ms on localhost (executor driver) (8/200)
20/07/22 15:41:43 INFO ShuffleBlockFetcherIterator: Getting 1 non-empty blocks out of 1 blocks
20/07/22 15:41:43 INFO ShuffleBlockFetcherIterator: Started 0 remote fetches in 0 ms
20/07/22 15:41:43 INFO Executor: Finished task 8.0 in stage 4.0 (TID 12). 4313 bytes result sent to driver
20/07/22 15:41:43 INFO TaskSetManager: Starting task 9.0 in stage 4.0 (TID 13, localhost, executor driver, partition 9, ANY, 5891 bytes)
20/07/22 15:41:43 INFO Executor: Running task 9.0 in stage 4.0 (TID 13)
20/07/22 15:41:43 INFO TaskSetManager: Finished task 8.0 in stage 4.0 (TID 12) in 5 ms on localhost (executor driver) (9/200)
20/07/22 15:41:43 INFO ShuffleBlockFetcherIterator: Getting 1 non-empty blocks out of 1 blocks
20/07/22 15:41:43 INFO ShuffleBlockFetcherIterator: Started 0 remote fetches in 0 ms
20/07/22 15:41:43 INFO Executor: Finished task 9.0 in stage 4.0 (TID 13). 4321 bytes result sent to driver
20/07/22 15:41:43 INFO TaskSetManager: Starting task 10.0 in stage 4.0 (TID 14, localhost, executor driver, partition 10, ANY, 5891 bytes)
20/07/22 15:41:43 INFO Executor: Running task 10.0 in stage 4.0 (TID 14)
20/07/22 15:41:43 INFO TaskSetManager: Finished task 9.0 in stage 4.0 (TID 13) in 5 ms on localhost (executor driver) (10/200)
20/07/22 15:41:43 INFO ShuffleBlockFetcherIterator: Getting 1 non-empty blocks out of 1 blocks
20/07/22 15:41:43 INFO ShuffleBlockFetcherIterator: Started 0 remote fetches in 0 ms
20/07/22 15:41:43 INFO Executor: Finished task 10.0 in stage 4.0 (TID 14). 4313 bytes result sent to driver
20/07/22 15:41:43 INFO TaskSetManager: Starting task 11.0 in stage 4.0 (TID 15, localhost, executor driver, partition 11, ANY, 5891 bytes)
20/07/22 15:41:43 INFO Executor: Running task 11.0 in stage 4.0 (TID 15)
20/07/22 15:41:43 INFO TaskSetManager: Finished task 10.0 in stage 4.0 (TID 14) in 5 ms on localhost (executor driver) (11/200)
20/07/22 15:41:43 INFO ShuffleBlockFetcherIterator: Getting 1 non-empty blocks out of 1 blocks
20/07/22 15:41:43 INFO ShuffleBlockFetcherIterator: Started 0 remote fetches in 0 ms
20/07/22 15:41:43 INFO Executor: Finished task 11.0 in stage 4.0 (TID 15). 4313 bytes result sent to driver
20/07/22 15:41:43 INFO TaskSetManager: Starting task 12.0 in stage 4.0 (TID 16, localhost, executor driver, partition 12, ANY, 5891 bytes)
20/07/22 15:41:43 INFO Executor: Running task 12.0 in stage 4.0 (TID 16)
20/07/22 15:41:43 INFO TaskSetManager: Finished task 11.0 in stage 4.0 (TID 15) in 5 ms on localhost (executor driver) (12/200)
20/07/22 15:41:43 INFO ShuffleBlockFetcherIterator: Getting 1 non-empty blocks out of 1 blocks
20/07/22 15:41:43 INFO ShuffleBlockFetcherIterator: Started 0 remote fetches in 0 ms
20/07/22 15:41:43 INFO Executor: Finished task 12.0 in stage 4.0 (TID 16). 4313 bytes result sent to driver
20/07/22 15:41:43 INFO TaskSetManager: Starting task 13.0 in stage 4.0 (TID 17, localhost, executor driver, partition 13, ANY, 5891 bytes)
20/07/22 15:41:43 INFO Executor: Running task 13.0 in stage 4.0 (TID 17)
20/07/22 15:41:43 INFO TaskSetManager: Finished task 12.0 in stage 4.0 (TID 16) in 5 ms on localhost (executor driver) (13/200)
20/07/22 15:41:43 INFO ShuffleBlockFetcherIterator: Getting 1 non-empty blocks out of 1 blocks
20/07/22 15:41:43 INFO ShuffleBlockFetcherIterator: Started 0 remote fetches in 0 ms
20/07/22 15:41:43 INFO Executor: Finished task 13.0 in stage 4.0 (TID 17). 4321 bytes result sent to driver
20/07/22 15:41:43 INFO TaskSetManager: Starting task 14.0 in stage 4.0 (TID 18, localhost, executor driver, partition 14, ANY, 5891 bytes)
20/07/22 15:41:43 INFO Executor: Running task 14.0 in stage 4.0 (TID 18)
20/07/22 15:41:43 INFO TaskSetManager: Finished task 13.0 in stage 4.0 (TID 17) in 5 ms on localhost (executor driver) (14/200)
20/07/22 15:41:43 INFO ShuffleBlockFetcherIterator: Getting 1 non-empty blocks out of 1 blocks
20/07/22 15:41:43 INFO ShuffleBlockFetcherIterator: Started 0 remote fetches in 0 ms
20/07/22 15:41:43 INFO Executor: Finished task 14.0 in stage 4.0 (TID 18). 4313 bytes result sent to driver
20/07/22 15:41:43 INFO TaskSetManager: Starting task 15.0 in stage 4.0 (TID 19, localhost, executor driver, partition 15, ANY, 5891 bytes)
20/07/22 15:41:43 INFO TaskSetManager: Finished task 14.0 in stage 4.0 (TID 18) in 5 ms on localhost (executor driver) (15/200)
20/07/22 15:41:43 INFO Executor: Running task 15.0 in stage 4.0 (TID 19)
20/07/22 15:41:43 INFO ShuffleBlockFetcherIterator: Getting 1 non-empty blocks out of 1 blocks
20/07/22 15:41:43 INFO ShuffleBlockFetcherIterator: Started 0 remote fetches in 0 ms
20/07/22 15:41:43 INFO Executor: Finished task 15.0 in stage 4.0 (TID 19). 4321 bytes result sent to driver
20/07/22 15:41:43 INFO TaskSetManager: Starting task 16.0 in stage 4.0 (TID 20, localhost, executor driver, partition 16, ANY, 5891 bytes)
20/07/22 15:41:43 INFO Executor: Running task 16.0 in stage 4.0 (TID 20)
20/07/22 15:41:43 INFO TaskSetManager: Finished task 15.0 in stage 4.0 (TID 19) in 5 ms on localhost (executor driver) (16/200)
20/07/22 15:41:43 INFO ShuffleBlockFetcherIterator: Getting 1 non-empty blocks out of 1 blocks
20/07/22 15:41:43 INFO ShuffleBlockFetcherIterator: Started 0 remote fetches in 1 ms
20/07/22 15:41:43 INFO Executor: Finished task 16.0 in stage 4.0 (TID 20). 4321 bytes result sent to driver
20/07/22 15:41:43 INFO TaskSetManager: Starting task 17.0 in stage 4.0 (TID 21, localhost, executor driver, partition 17, ANY, 5891 bytes)
20/07/22 15:41:43 INFO Executor: Running task 17.0 in stage 4.0 (TID 21)
20/07/22 15:41:43 INFO TaskSetManager: Finished task 16.0 in stage 4.0 (TID 20) in 3 ms on localhost (executor driver) (17/200)
20/07/22 15:41:43 INFO ShuffleBlockFetcherIterator: Getting 1 non-empty blocks out of 1 blocks
20/07/22 15:41:43 INFO ShuffleBlockFetcherIterator: Started 0 remote fetches in 0 ms
20/07/22 15:41:43 INFO Executor: Finished task 17.0 in stage 4.0 (TID 21). 4313 bytes result sent to driver
20/07/22 15:41:43 INFO TaskSetManager: Starting task 18.0 in stage 4.0 (TID 22, localhost, executor driver, partition 18, ANY, 5891 bytes)
20/07/22 15:41:43 INFO Executor: Running task 18.0 in stage 4.0 (TID 22)
20/07/22 15:41:43 INFO TaskSetManager: Finished task 17.0 in stage 4.0 (TID 21) in 4 ms on localhost (executor driver) (18/200)
20/07/22 15:41:43 INFO ShuffleBlockFetcherIterator: Getting 1 non-empty blocks out of 1 blocks
20/07/22 15:41:43 INFO ShuffleBlockFetcherIterator: Started 0 remote fetches in 0 ms
20/07/22 15:41:43 INFO Executor: Finished task 18.0 in stage 4.0 (TID 22). 4321 bytes result sent to driver
20/07/22 15:41:43 INFO TaskSetManager: Starting task 19.0 in stage 4.0 (TID 23, localhost, executor driver, partition 19, ANY, 5891 bytes)
20/07/22 15:41:43 INFO Executor: Running task 19.0 in stage 4.0 (TID 23)
20/07/22 15:41:43 INFO TaskSetManager: Finished task 18.0 in stage 4.0 (TID 22) in 8 ms on localhost (executor driver) (19/200)
20/07/22 15:41:43 INFO ShuffleBlockFetcherIterator: Getting 1 non-empty blocks out of 1 blocks
20/07/22 15:41:43 INFO ShuffleBlockFetcherIterator: Started 0 remote fetches in 0 ms
20/07/22 15:41:43 INFO Executor: Finished task 19.0 in stage 4.0 (TID 23). 4321 bytes result sent to driver
20/07/22 15:41:43 INFO TaskSetManager: Starting task 20.0 in stage 4.0 (TID 24, localhost, executor driver, partition 20, ANY, 5891 bytes)
20/07/22 15:41:43 INFO Executor: Running task 20.0 in stage 4.0 (TID 24)
20/07/22 15:41:43 INFO TaskSetManager: Finished task 19.0 in stage 4.0 (TID 23) in 5 ms on localhost (executor driver) (20/200)
20/07/22 15:41:43 INFO ShuffleBlockFetcherIterator: Getting 1 non-empty blocks out of 1 blocks
20/07/22 15:41:43 INFO ShuffleBlockFetcherIterator: Started 0 remote fetches in 0 ms
20/07/22 15:41:43 INFO Executor: Finished task 20.0 in stage 4.0 (TID 24). 4313 bytes result sent to driver
20/07/22 15:41:43 INFO TaskSetManager: Starting task 21.0 in stage 4.0 (TID 25, localhost, executor driver, partition 21, ANY, 5891 bytes)
20/07/22 15:41:43 INFO Executor: Running task 21.0 in stage 4.0 (TID 25)
20/07/22 15:41:43 INFO TaskSetManager: Finished task 20.0 in stage 4.0 (TID 24) in 6 ms on localhost (executor driver) (21/200)
20/07/22 15:41:43 INFO ShuffleBlockFetcherIterator: Getting 1 non-empty blocks out of 1 blocks
20/07/22 15:41:43 INFO ShuffleBlockFetcherIterator: Started 0 remote fetches in 0 ms
20/07/22 15:41:43 INFO Executor: Finished task 21.0 in stage 4.0 (TID 25). 4321 bytes result sent to driver
20/07/22 15:41:43 INFO TaskSetManager: Starting task 22.0 in stage 4.0 (TID 26, localhost, executor driver, partition 22, ANY, 5891 bytes)
20/07/22 15:41:43 INFO TaskSetManager: Finished task 21.0 in stage 4.0 (TID 25) in 6 ms on localhost (executor driver) (22/200)
20/07/22 15:41:43 INFO Executor: Running task 22.0 in stage 4.0 (TID 26)
20/07/22 15:41:43 INFO ShuffleBlockFetcherIterator: Getting 1 non-empty blocks out of 1 blocks
20/07/22 15:41:43 INFO ShuffleBlockFetcherIterator: Started 0 remote fetches in 0 ms
20/07/22 15:41:43 INFO Executor: Finished task 22.0 in stage 4.0 (TID 26). 4313 bytes result sent to driver
20/07/22 15:41:43 INFO TaskSetManager: Starting task 23.0 in stage 4.0 (TID 27, localhost, executor driver, partition 23, ANY, 5891 bytes)
20/07/22 15:41:43 INFO Executor: Running task 23.0 in stage 4.0 (TID 27)
20/07/22 15:41:43 INFO TaskSetManager: Finished task 22.0 in stage 4.0 (TID 26) in 5 ms on localhost (executor driver) (23/200)
20/07/22 15:41:43 INFO ShuffleBlockFetcherIterator: Getting 1 non-empty blocks out of 1 blocks
20/07/22 15:41:43 INFO ShuffleBlockFetcherIterator: Started 0 remote fetches in 0 ms
20/07/22 15:41:43 INFO Executor: Finished task 23.0 in stage 4.0 (TID 27). 4313 bytes result sent to driver
20/07/22 15:41:43 INFO TaskSetManager: Starting task 24.0 in stage 4.0 (TID 28, localhost, executor driver, partition 24, ANY, 5891 bytes)
20/07/22 15:41:43 INFO Executor: Running task 24.0 in stage 4.0 (TID 28)
20/07/22 15:41:43 INFO TaskSetManager: Finished task 23.0 in stage 4.0 (TID 27) in 5 ms on localhost (executor driver) (24/200)
20/07/22 15:41:43 INFO ShuffleBlockFetcherIterator: Getting 1 non-empty blocks out of 1 blocks
20/07/22 15:41:43 INFO ShuffleBlockFetcherIterator: Started 0 remote fetches in 0 ms
20/07/22 15:41:43 INFO Executor: Finished task 24.0 in stage 4.0 (TID 28). 4313 bytes result sent to driver
20/07/22 15:41:43 INFO TaskSetManager: Starting task 25.0 in stage 4.0 (TID 29, localhost, executor driver, partition 25, ANY, 5891 bytes)
20/07/22 15:41:43 INFO Executor: Running task 25.0 in stage 4.0 (TID 29)
20/07/22 15:41:43 INFO TaskSetManager: Finished task 24.0 in stage 4.0 (TID 28) in 4 ms on localhost (executor driver) (25/200)
20/07/22 15:41:43 INFO ShuffleBlockFetcherIterator: Getting 1 non-empty blocks out of 1 blocks
20/07/22 15:41:43 INFO ShuffleBlockFetcherIterator: Started 0 remote fetches in 0 ms
20/07/22 15:41:43 INFO Executor: Finished task 25.0 in stage 4.0 (TID 29). 4313 bytes result sent to driver
20/07/22 15:41:43 INFO TaskSetManager: Starting task 26.0 in stage 4.0 (TID 30, localhost, executor driver, partition 26, ANY, 5891 bytes)
20/07/22 15:41:43 INFO TaskSetManager: Finished task 25.0 in stage 4.0 (TID 29) in 4 ms on localhost (executor driver) (26/200)
20/07/22 15:41:43 INFO Executor: Running task 26.0 in stage 4.0 (TID 30)
20/07/22 15:41:43 INFO ShuffleBlockFetcherIterator: Getting 1 non-empty blocks out of 1 blocks
20/07/22 15:41:43 INFO ShuffleBlockFetcherIterator: Started 0 remote fetches in 0 ms
20/07/22 15:41:43 INFO Executor: Finished task 26.0 in stage 4.0 (TID 30). 4313 bytes result sent to driver
20/07/22 15:41:43 INFO TaskSetManager: Starting task 27.0 in stage 4.0 (TID 31, localhost, executor driver, partition 27, ANY, 5891 bytes)
20/07/22 15:41:43 INFO Executor: Running task 27.0 in stage 4.0 (TID 31)
20/07/22 15:41:43 INFO TaskSetManager: Finished task 26.0 in stage 4.0 (TID 30) in 5 ms on localhost (executor driver) (27/200)
20/07/22 15:41:43 INFO ShuffleBlockFetcherIterator: Getting 1 non-empty blocks out of 1 blocks
20/07/22 15:41:43 INFO ShuffleBlockFetcherIterator: Started 0 remote fetches in 0 ms
20/07/22 15:41:43 INFO Executor: Finished task 27.0 in stage 4.0 (TID 31). 4313 bytes result sent to driver
20/07/22 15:41:43 INFO TaskSetManager: Starting task 28.0 in stage 4.0 (TID 32, localhost, executor driver, partition 28, ANY, 5891 bytes)
20/07/22 15:41:43 INFO Executor: Running task 28.0 in stage 4.0 (TID 32)
20/07/22 15:41:43 INFO TaskSetManager: Finished task 27.0 in stage 4.0 (TID 31) in 5 ms on localhost (executor driver) (28/200)
20/07/22 15:41:43 INFO ShuffleBlockFetcherIterator: Getting 1 non-empty blocks out of 1 blocks
20/07/22 15:41:43 INFO ShuffleBlockFetcherIterator: Started 0 remote fetches in 0 ms
20/07/22 15:41:43 INFO Executor: Finished task 28.0 in stage 4.0 (TID 32). 4313 bytes result sent to driver
20/07/22 15:41:43 INFO TaskSetManager: Starting task 29.0 in stage 4.0 (TID 33, localhost, executor driver, partition 29, ANY, 5891 bytes)
20/07/22 15:41:43 INFO Executor: Running task 29.0 in stage 4.0 (TID 33)
20/07/22 15:41:43 INFO TaskSetManager: Finished task 28.0 in stage 4.0 (TID 32) in 5 ms on localhost (executor driver) (29/200)
20/07/22 15:41:43 INFO ShuffleBlockFetcherIterator: Getting 1 non-empty blocks out of 1 blocks
20/07/22 15:41:43 INFO ShuffleBlockFetcherIterator: Started 0 remote fetches in 0 ms
20/07/22 15:41:43 INFO Executor: Finished task 29.0 in stage 4.0 (TID 33). 4313 bytes result sent to driver
20/07/22 15:41:43 INFO TaskSetManager: Starting task 30.0 in stage 4.0 (TID 34, localhost, executor driver, partition 30, ANY, 5891 bytes)
20/07/22 15:41:43 INFO Executor: Running task 30.0 in stage 4.0 (TID 34)
20/07/22 15:41:43 INFO TaskSetManager: Finished task 29.0 in stage 4.0 (TID 33) in 4 ms on localhost (executor driver) (30/200)
20/07/22 15:41:43 INFO ShuffleBlockFetcherIterator: Getting 1 non-empty blocks out of 1 blocks
20/07/22 15:41:43 INFO ShuffleBlockFetcherIterator: Started 0 remote fetches in 0 ms
20/07/22 15:41:43 INFO Executor: Finished task 30.0 in stage 4.0 (TID 34). 4313 bytes result sent to driver
20/07/22 15:41:43 INFO TaskSetManager: Starting task 31.0 in stage 4.0 (TID 35, localhost, executor driver, partition 31, ANY, 5891 bytes)
20/07/22 15:41:43 INFO Executor: Running task 31.0 in stage 4.0 (TID 35)
20/07/22 15:41:43 INFO TaskSetManager: Finished task 30.0 in stage 4.0 (TID 34) in 5 ms on localhost (executor driver) (31/200)
20/07/22 15:41:43 INFO ShuffleBlockFetcherIterator: Getting 1 non-empty blocks out of 1 blocks
20/07/22 15:41:43 INFO ShuffleBlockFetcherIterator: Started 0 remote fetches in 0 ms
20/07/22 15:41:43 INFO Executor: Finished task 31.0 in stage 4.0 (TID 35). 4321 bytes result sent to driver
20/07/22 15:41:43 INFO TaskSetManager: Starting task 32.0 in stage 4.0 (TID 36, localhost, executor driver, partition 32, ANY, 5891 bytes)
20/07/22 15:41:43 INFO Executor: Running task 32.0 in stage 4.0 (TID 36)
20/07/22 15:41:43 INFO TaskSetManager: Finished task 31.0 in stage 4.0 (TID 35) in 4 ms on localhost (executor driver) (32/200)
20/07/22 15:41:43 INFO ShuffleBlockFetcherIterator: Getting 1 non-empty blocks out of 1 blocks
20/07/22 15:41:43 INFO ShuffleBlockFetcherIterator: Started 0 remote fetches in 0 ms
20/07/22 15:41:43 INFO Executor: Finished task 32.0 in stage 4.0 (TID 36). 4313 bytes result sent to driver
20/07/22 15:41:43 INFO TaskSetManager: Starting task 33.0 in stage 4.0 (TID 37, localhost, executor driver, partition 33, ANY, 5891 bytes)
20/07/22 15:41:43 INFO TaskSetManager: Finished task 32.0 in stage 4.0 (TID 36) in 5 ms on localhost (executor driver) (33/200)
20/07/22 15:41:43 INFO Executor: Running task 33.0 in stage 4.0 (TID 37)
20/07/22 15:41:43 INFO ShuffleBlockFetcherIterator: Getting 1 non-empty blocks out of 1 blocks
20/07/22 15:41:43 INFO ShuffleBlockFetcherIterator: Started 0 remote fetches in 0 ms
20/07/22 15:41:43 INFO Executor: Finished task 33.0 in stage 4.0 (TID 37). 4313 bytes result sent to driver
20/07/22 15:41:43 INFO TaskSetManager: Starting task 34.0 in stage 4.0 (TID 38, localhost, executor driver, partition 34, ANY, 5891 bytes)
20/07/22 15:41:43 INFO Executor: Running task 34.0 in stage 4.0 (TID 38)
20/07/22 15:41:43 INFO TaskSetManager: Finished task 33.0 in stage 4.0 (TID 37) in 5 ms on localhost (executor driver) (34/200)
20/07/22 15:41:43 INFO ShuffleBlockFetcherIterator: Getting 1 non-empty blocks out of 1 blocks
20/07/22 15:41:43 INFO ShuffleBlockFetcherIterator: Started 0 remote fetches in 0 ms
20/07/22 15:41:43 INFO BlockManagerInfo: Removed broadcast_6_piece0 on 172.20.10.3:41715 in memory (size: 13.7 KB, free: 93.3 MB)
20/07/22 15:41:43 INFO Executor: Finished task 34.0 in stage 4.0 (TID 38). 4386 bytes result sent to driver
20/07/22 15:41:43 INFO TaskSetManager: Starting task 35.0 in stage 4.0 (TID 39, localhost, executor driver, partition 35, ANY, 5891 bytes)
20/07/22 15:41:43 INFO Executor: Running task 35.0 in stage 4.0 (TID 39)
20/07/22 15:41:43 INFO TaskSetManager: Finished task 34.0 in stage 4.0 (TID 38) in 12 ms on localhost (executor driver) (35/200)
20/07/22 15:41:43 INFO ShuffleBlockFetcherIterator: Getting 1 non-empty blocks out of 1 blocks
20/07/22 15:41:43 INFO ShuffleBlockFetcherIterator: Started 0 remote fetches in 0 ms
20/07/22 15:41:43 INFO Executor: Finished task 35.0 in stage 4.0 (TID 39). 4321 bytes result sent to driver
20/07/22 15:41:43 INFO TaskSetManager: Starting task 36.0 in stage 4.0 (TID 40, localhost, executor driver, partition 36, ANY, 5891 bytes)
20/07/22 15:41:43 INFO Executor: Running task 36.0 in stage 4.0 (TID 40)
20/07/22 15:41:43 INFO TaskSetManager: Finished task 35.0 in stage 4.0 (TID 39) in 5 ms on localhost (executor driver) (36/200)
20/07/22 15:41:43 INFO ShuffleBlockFetcherIterator: Getting 1 non-empty blocks out of 1 blocks
20/07/22 15:41:43 INFO ShuffleBlockFetcherIterator: Started 0 remote fetches in 0 ms
20/07/22 15:41:43 INFO Executor: Finished task 36.0 in stage 4.0 (TID 40). 4321 bytes result sent to driver
20/07/22 15:41:43 INFO TaskSetManager: Starting task 37.0 in stage 4.0 (TID 41, localhost, executor driver, partition 37, ANY, 5891 bytes)
20/07/22 15:41:43 INFO TaskSetManager: Finished task 36.0 in stage 4.0 (TID 40) in 5 ms on localhost (executor driver) (37/200)
20/07/22 15:41:43 INFO Executor: Running task 37.0 in stage 4.0 (TID 41)
20/07/22 15:41:43 INFO ShuffleBlockFetcherIterator: Getting 1 non-empty blocks out of 1 blocks
20/07/22 15:41:43 INFO ShuffleBlockFetcherIterator: Started 0 remote fetches in 0 ms
20/07/22 15:41:43 INFO Executor: Finished task 37.0 in stage 4.0 (TID 41). 4313 bytes result sent to driver
20/07/22 15:41:43 INFO TaskSetManager: Starting task 38.0 in stage 4.0 (TID 42, localhost, executor driver, partition 38, ANY, 5891 bytes)
20/07/22 15:41:43 INFO Executor: Running task 38.0 in stage 4.0 (TID 42)
20/07/22 15:41:43 INFO TaskSetManager: Finished task 37.0 in stage 4.0 (TID 41) in 5 ms on localhost (executor driver) (38/200)
20/07/22 15:41:43 INFO ShuffleBlockFetcherIterator: Getting 1 non-empty blocks out of 1 blocks
20/07/22 15:41:43 INFO ShuffleBlockFetcherIterator: Started 0 remote fetches in 0 ms
20/07/22 15:41:43 INFO Executor: Finished task 38.0 in stage 4.0 (TID 42). 4321 bytes result sent to driver
20/07/22 15:41:43 INFO TaskSetManager: Starting task 39.0 in stage 4.0 (TID 43, localhost, executor driver, partition 39, ANY, 5891 bytes)
20/07/22 15:41:43 INFO Executor: Running task 39.0 in stage 4.0 (TID 43)
20/07/22 15:41:43 INFO TaskSetManager: Finished task 38.0 in stage 4.0 (TID 42) in 6 ms on localhost (executor driver) (39/200)
20/07/22 15:41:43 INFO ShuffleBlockFetcherIterator: Getting 1 non-empty blocks out of 1 blocks
20/07/22 15:41:43 INFO ShuffleBlockFetcherIterator: Started 0 remote fetches in 0 ms
20/07/22 15:41:43 INFO Executor: Finished task 39.0 in stage 4.0 (TID 43). 4321 bytes result sent to driver
20/07/22 15:41:43 INFO TaskSetManager: Starting task 40.0 in stage 4.0 (TID 44, localhost, executor driver, partition 40, ANY, 5891 bytes)
20/07/22 15:41:43 INFO Executor: Running task 40.0 in stage 4.0 (TID 44)
20/07/22 15:41:43 INFO TaskSetManager: Finished task 39.0 in stage 4.0 (TID 43) in 5 ms on localhost (executor driver) (40/200)
20/07/22 15:41:43 INFO ShuffleBlockFetcherIterator: Getting 1 non-empty blocks out of 1 blocks
20/07/22 15:41:43 INFO ShuffleBlockFetcherIterator: Started 0 remote fetches in 0 ms
20/07/22 15:41:43 INFO Executor: Finished task 40.0 in stage 4.0 (TID 44). 4321 bytes result sent to driver
20/07/22 15:41:43 INFO TaskSetManager: Starting task 41.0 in stage 4.0 (TID 45, localhost, executor driver, partition 41, ANY, 5891 bytes)
20/07/22 15:41:43 INFO TaskSetManager: Finished task 40.0 in stage 4.0 (TID 44) in 5 ms on localhost (executor driver) (41/200)
20/07/22 15:41:43 INFO Executor: Running task 41.0 in stage 4.0 (TID 45)
20/07/22 15:41:43 INFO ShuffleBlockFetcherIterator: Getting 1 non-empty blocks out of 1 blocks
20/07/22 15:41:43 INFO ShuffleBlockFetcherIterator: Started 0 remote fetches in 0 ms
20/07/22 15:41:43 INFO Executor: Finished task 41.0 in stage 4.0 (TID 45). 4313 bytes result sent to driver
20/07/22 15:41:43 INFO TaskSetManager: Starting task 42.0 in stage 4.0 (TID 46, localhost, executor driver, partition 42, ANY, 5891 bytes)
20/07/22 15:41:43 INFO TaskSetManager: Finished task 41.0 in stage 4.0 (TID 45) in 5 ms on localhost (executor driver) (42/200)
20/07/22 15:41:43 INFO Executor: Running task 42.0 in stage 4.0 (TID 46)
20/07/22 15:41:43 INFO ShuffleBlockFetcherIterator: Getting 1 non-empty blocks out of 1 blocks
20/07/22 15:41:43 INFO ShuffleBlockFetcherIterator: Started 0 remote fetches in 0 ms
20/07/22 15:41:43 INFO Executor: Finished task 42.0 in stage 4.0 (TID 46). 4313 bytes result sent to driver
20/07/22 15:41:43 INFO TaskSetManager: Starting task 43.0 in stage 4.0 (TID 47, localhost, executor driver, partition 43, ANY, 5891 bytes)
20/07/22 15:41:43 INFO Executor: Running task 43.0 in stage 4.0 (TID 47)
20/07/22 15:41:43 INFO TaskSetManager: Finished task 42.0 in stage 4.0 (TID 46) in 4 ms on localhost (executor driver) (43/200)
20/07/22 15:41:43 INFO ShuffleBlockFetcherIterator: Getting 1 non-empty blocks out of 1 blocks
20/07/22 15:41:43 INFO ShuffleBlockFetcherIterator: Started 0 remote fetches in 0 ms
20/07/22 15:41:43 INFO Executor: Finished task 43.0 in stage 4.0 (TID 47). 4313 bytes result sent to driver
20/07/22 15:41:43 INFO TaskSetManager: Starting task 44.0 in stage 4.0 (TID 48, localhost, executor driver, partition 44, ANY, 5891 bytes)
20/07/22 15:41:43 INFO Executor: Running task 44.0 in stage 4.0 (TID 48)
20/07/22 15:41:43 INFO TaskSetManager: Finished task 43.0 in stage 4.0 (TID 47) in 6 ms on localhost (executor driver) (44/200)
20/07/22 15:41:43 INFO ShuffleBlockFetcherIterator: Getting 1 non-empty blocks out of 1 blocks
20/07/22 15:41:43 INFO ShuffleBlockFetcherIterator: Started 0 remote fetches in 0 ms
20/07/22 15:41:43 INFO Executor: Finished task 44.0 in stage 4.0 (TID 48). 4313 bytes result sent to driver
20/07/22 15:41:43 INFO TaskSetManager: Starting task 45.0 in stage 4.0 (TID 49, localhost, executor driver, partition 45, ANY, 5891 bytes)
20/07/22 15:41:43 INFO Executor: Running task 45.0 in stage 4.0 (TID 49)
20/07/22 15:41:43 INFO TaskSetManager: Finished task 44.0 in stage 4.0 (TID 48) in 5 ms on localhost (executor driver) (45/200)
20/07/22 15:41:43 INFO ShuffleBlockFetcherIterator: Getting 1 non-empty blocks out of 1 blocks
20/07/22 15:41:43 INFO ShuffleBlockFetcherIterator: Started 0 remote fetches in 0 ms
20/07/22 15:41:43 INFO Executor: Finished task 45.0 in stage 4.0 (TID 49). 4313 bytes result sent to driver
20/07/22 15:41:43 INFO TaskSetManager: Starting task 46.0 in stage 4.0 (TID 50, localhost, executor driver, partition 46, ANY, 5891 bytes)
20/07/22 15:41:43 INFO Executor: Running task 46.0 in stage 4.0 (TID 50)
20/07/22 15:41:43 INFO TaskSetManager: Finished task 45.0 in stage 4.0 (TID 49) in 5 ms on localhost (executor driver) (46/200)
20/07/22 15:41:43 INFO ShuffleBlockFetcherIterator: Getting 1 non-empty blocks out of 1 blocks
20/07/22 15:41:43 INFO ShuffleBlockFetcherIterator: Started 0 remote fetches in 0 ms
20/07/22 15:41:43 INFO Executor: Finished task 46.0 in stage 4.0 (TID 50). 4313 bytes result sent to driver
20/07/22 15:41:43 INFO TaskSetManager: Starting task 47.0 in stage 4.0 (TID 51, localhost, executor driver, partition 47, ANY, 5891 bytes)
20/07/22 15:41:43 INFO Executor: Running task 47.0 in stage 4.0 (TID 51)
20/07/22 15:41:43 INFO TaskSetManager: Finished task 46.0 in stage 4.0 (TID 50) in 5 ms on localhost (executor driver) (47/200)
20/07/22 15:41:43 INFO ShuffleBlockFetcherIterator: Getting 1 non-empty blocks out of 1 blocks
20/07/22 15:41:43 INFO ShuffleBlockFetcherIterator: Started 0 remote fetches in 1 ms
20/07/22 15:41:43 INFO Executor: Finished task 47.0 in stage 4.0 (TID 51). 4321 bytes result sent to driver
20/07/22 15:41:43 INFO TaskSetManager: Starting task 48.0 in stage 4.0 (TID 52, localhost, executor driver, partition 48, ANY, 5891 bytes)
20/07/22 15:41:43 INFO TaskSetManager: Finished task 47.0 in stage 4.0 (TID 51) in 5 ms on localhost (executor driver) (48/200)
20/07/22 15:41:43 INFO Executor: Running task 48.0 in stage 4.0 (TID 52)
20/07/22 15:41:43 INFO ShuffleBlockFetcherIterator: Getting 1 non-empty blocks out of 1 blocks
20/07/22 15:41:43 INFO ShuffleBlockFetcherIterator: Started 0 remote fetches in 0 ms
20/07/22 15:41:43 INFO Executor: Finished task 48.0 in stage 4.0 (TID 52). 4313 bytes result sent to driver
20/07/22 15:41:43 INFO TaskSetManager: Starting task 49.0 in stage 4.0 (TID 53, localhost, executor driver, partition 49, ANY, 5891 bytes)
20/07/22 15:41:43 INFO Executor: Running task 49.0 in stage 4.0 (TID 53)
20/07/22 15:41:43 INFO TaskSetManager: Finished task 48.0 in stage 4.0 (TID 52) in 5 ms on localhost (executor driver) (49/200)
20/07/22 15:41:43 INFO ShuffleBlockFetcherIterator: Getting 1 non-empty blocks out of 1 blocks
20/07/22 15:41:43 INFO ShuffleBlockFetcherIterator: Started 0 remote fetches in 0 ms
20/07/22 15:41:43 INFO Executor: Finished task 49.0 in stage 4.0 (TID 53). 4313 bytes result sent to driver
20/07/22 15:41:43 INFO TaskSetManager: Starting task 50.0 in stage 4.0 (TID 54, localhost, executor driver, partition 50, ANY, 5891 bytes)
20/07/22 15:41:43 INFO TaskSetManager: Finished task 49.0 in stage 4.0 (TID 53) in 6 ms on localhost (executor driver) (50/200)
20/07/22 15:41:43 INFO Executor: Running task 50.0 in stage 4.0 (TID 54)
20/07/22 15:41:43 INFO ShuffleBlockFetcherIterator: Getting 1 non-empty blocks out of 1 blocks
20/07/22 15:41:43 INFO ShuffleBlockFetcherIterator: Started 0 remote fetches in 0 ms
20/07/22 15:41:43 INFO Executor: Finished task 50.0 in stage 4.0 (TID 54). 4242 bytes result sent to driver
20/07/22 15:41:43 INFO TaskSetManager: Starting task 51.0 in stage 4.0 (TID 55, localhost, executor driver, partition 51, ANY, 5891 bytes)
20/07/22 15:41:43 INFO Executor: Running task 51.0 in stage 4.0 (TID 55)
20/07/22 15:41:43 INFO TaskSetManager: Finished task 50.0 in stage 4.0 (TID 54) in 4 ms on localhost (executor driver) (51/200)
20/07/22 15:41:43 INFO ShuffleBlockFetcherIterator: Getting 1 non-empty blocks out of 1 blocks
20/07/22 15:41:43 INFO ShuffleBlockFetcherIterator: Started 0 remote fetches in 0 ms
20/07/22 15:41:43 INFO Executor: Finished task 51.0 in stage 4.0 (TID 55). 4321 bytes result sent to driver
20/07/22 15:41:43 INFO TaskSetManager: Starting task 52.0 in stage 4.0 (TID 56, localhost, executor driver, partition 52, ANY, 5891 bytes)
20/07/22 15:41:43 INFO Executor: Running task 52.0 in stage 4.0 (TID 56)
20/07/22 15:41:43 INFO TaskSetManager: Finished task 51.0 in stage 4.0 (TID 55) in 3 ms on localhost (executor driver) (52/200)
20/07/22 15:41:43 INFO ShuffleBlockFetcherIterator: Getting 1 non-empty blocks out of 1 blocks
20/07/22 15:41:43 INFO ShuffleBlockFetcherIterator: Started 0 remote fetches in 0 ms
20/07/22 15:41:43 INFO Executor: Finished task 52.0 in stage 4.0 (TID 56). 4313 bytes result sent to driver
20/07/22 15:41:43 INFO TaskSetManager: Starting task 53.0 in stage 4.0 (TID 57, localhost, executor driver, partition 53, ANY, 5891 bytes)
20/07/22 15:41:43 INFO Executor: Running task 53.0 in stage 4.0 (TID 57)
20/07/22 15:41:43 INFO TaskSetManager: Finished task 52.0 in stage 4.0 (TID 56) in 4 ms on localhost (executor driver) (53/200)
20/07/22 15:41:43 INFO ShuffleBlockFetcherIterator: Getting 1 non-empty blocks out of 1 blocks
20/07/22 15:41:43 INFO ShuffleBlockFetcherIterator: Started 0 remote fetches in 0 ms
20/07/22 15:41:43 INFO Executor: Finished task 53.0 in stage 4.0 (TID 57). 4321 bytes result sent to driver
20/07/22 15:41:43 INFO TaskSetManager: Starting task 54.0 in stage 4.0 (TID 58, localhost, executor driver, partition 54, ANY, 5891 bytes)
20/07/22 15:41:43 INFO TaskSetManager: Finished task 53.0 in stage 4.0 (TID 57) in 4 ms on localhost (executor driver) (54/200)
20/07/22 15:41:43 INFO Executor: Running task 54.0 in stage 4.0 (TID 58)
20/07/22 15:41:43 INFO ShuffleBlockFetcherIterator: Getting 1 non-empty blocks out of 1 blocks
20/07/22 15:41:43 INFO ShuffleBlockFetcherIterator: Started 0 remote fetches in 0 ms
20/07/22 15:41:43 INFO Executor: Finished task 54.0 in stage 4.0 (TID 58). 4313 bytes result sent to driver
20/07/22 15:41:43 INFO TaskSetManager: Starting task 55.0 in stage 4.0 (TID 59, localhost, executor driver, partition 55, ANY, 5891 bytes)
20/07/22 15:41:43 INFO TaskSetManager: Finished task 54.0 in stage 4.0 (TID 58) in 5 ms on localhost (executor driver) (55/200)
20/07/22 15:41:43 INFO Executor: Running task 55.0 in stage 4.0 (TID 59)
20/07/22 15:41:43 INFO ShuffleBlockFetcherIterator: Getting 1 non-empty blocks out of 1 blocks
20/07/22 15:41:43 INFO ShuffleBlockFetcherIterator: Started 0 remote fetches in 0 ms
20/07/22 15:41:43 INFO Executor: Finished task 55.0 in stage 4.0 (TID 59). 4321 bytes result sent to driver
20/07/22 15:41:43 INFO TaskSetManager: Starting task 56.0 in stage 4.0 (TID 60, localhost, executor driver, partition 56, ANY, 5891 bytes)
20/07/22 15:41:43 INFO Executor: Running task 56.0 in stage 4.0 (TID 60)
20/07/22 15:41:43 INFO TaskSetManager: Finished task 55.0 in stage 4.0 (TID 59) in 5 ms on localhost (executor driver) (56/200)
20/07/22 15:41:43 INFO ShuffleBlockFetcherIterator: Getting 1 non-empty blocks out of 1 blocks
20/07/22 15:41:43 INFO ShuffleBlockFetcherIterator: Started 0 remote fetches in 1 ms
20/07/22 15:41:43 INFO Executor: Finished task 56.0 in stage 4.0 (TID 60). 4313 bytes result sent to driver
20/07/22 15:41:43 INFO TaskSetManager: Starting task 57.0 in stage 4.0 (TID 61, localhost, executor driver, partition 57, ANY, 5891 bytes)
20/07/22 15:41:43 INFO Executor: Running task 57.0 in stage 4.0 (TID 61)
20/07/22 15:41:43 INFO TaskSetManager: Finished task 56.0 in stage 4.0 (TID 60) in 4 ms on localhost (executor driver) (57/200)
20/07/22 15:41:43 INFO ShuffleBlockFetcherIterator: Getting 1 non-empty blocks out of 1 blocks
20/07/22 15:41:43 INFO ShuffleBlockFetcherIterator: Started 0 remote fetches in 0 ms
20/07/22 15:41:43 INFO Executor: Finished task 57.0 in stage 4.0 (TID 61). 4313 bytes result sent to driver
20/07/22 15:41:43 INFO TaskSetManager: Starting task 58.0 in stage 4.0 (TID 62, localhost, executor driver, partition 58, ANY, 5891 bytes)
20/07/22 15:41:43 INFO Executor: Running task 58.0 in stage 4.0 (TID 62)
20/07/22 15:41:43 INFO TaskSetManager: Finished task 57.0 in stage 4.0 (TID 61) in 4 ms on localhost (executor driver) (58/200)
20/07/22 15:41:43 INFO ShuffleBlockFetcherIterator: Getting 1 non-empty blocks out of 1 blocks
20/07/22 15:41:43 INFO ShuffleBlockFetcherIterator: Started 0 remote fetches in 1 ms
20/07/22 15:41:43 INFO Executor: Finished task 58.0 in stage 4.0 (TID 62). 4313 bytes result sent to driver
20/07/22 15:41:43 INFO TaskSetManager: Starting task 59.0 in stage 4.0 (TID 63, localhost, executor driver, partition 59, ANY, 5891 bytes)
20/07/22 15:41:43 INFO Executor: Running task 59.0 in stage 4.0 (TID 63)
20/07/22 15:41:43 INFO TaskSetManager: Finished task 58.0 in stage 4.0 (TID 62) in 8 ms on localhost (executor driver) (59/200)
20/07/22 15:41:43 INFO ShuffleBlockFetcherIterator: Getting 1 non-empty blocks out of 1 blocks
20/07/22 15:41:43 INFO ShuffleBlockFetcherIterator: Started 0 remote fetches in 0 ms
20/07/22 15:41:43 INFO Executor: Finished task 59.0 in stage 4.0 (TID 63). 4313 bytes result sent to driver
20/07/22 15:41:43 INFO TaskSetManager: Starting task 60.0 in stage 4.0 (TID 64, localhost, executor driver, partition 60, ANY, 5891 bytes)
20/07/22 15:41:43 INFO Executor: Running task 60.0 in stage 4.0 (TID 64)
20/07/22 15:41:43 INFO TaskSetManager: Finished task 59.0 in stage 4.0 (TID 63) in 5 ms on localhost (executor driver) (60/200)
20/07/22 15:41:43 INFO ShuffleBlockFetcherIterator: Getting 1 non-empty blocks out of 1 blocks
20/07/22 15:41:43 INFO ShuffleBlockFetcherIterator: Started 0 remote fetches in 0 ms
20/07/22 15:41:43 INFO Executor: Finished task 60.0 in stage 4.0 (TID 64). 4313 bytes result sent to driver
20/07/22 15:41:43 INFO TaskSetManager: Starting task 61.0 in stage 4.0 (TID 65, localhost, executor driver, partition 61, ANY, 5891 bytes)
20/07/22 15:41:43 INFO Executor: Running task 61.0 in stage 4.0 (TID 65)
20/07/22 15:41:43 INFO TaskSetManager: Finished task 60.0 in stage 4.0 (TID 64) in 4 ms on localhost (executor driver) (61/200)
20/07/22 15:41:43 INFO ShuffleBlockFetcherIterator: Getting 1 non-empty blocks out of 1 blocks
20/07/22 15:41:43 INFO ShuffleBlockFetcherIterator: Started 0 remote fetches in 0 ms
20/07/22 15:41:43 INFO Executor: Finished task 61.0 in stage 4.0 (TID 65). 4313 bytes result sent to driver
20/07/22 15:41:43 INFO TaskSetManager: Starting task 62.0 in stage 4.0 (TID 66, localhost, executor driver, partition 62, ANY, 5891 bytes)
20/07/22 15:41:43 INFO Executor: Running task 62.0 in stage 4.0 (TID 66)
20/07/22 15:41:43 INFO TaskSetManager: Finished task 61.0 in stage 4.0 (TID 65) in 5 ms on localhost (executor driver) (62/200)
20/07/22 15:41:43 INFO ShuffleBlockFetcherIterator: Getting 1 non-empty blocks out of 1 blocks
20/07/22 15:41:43 INFO ShuffleBlockFetcherIterator: Started 0 remote fetches in 0 ms
20/07/22 15:41:43 INFO Executor: Finished task 62.0 in stage 4.0 (TID 66). 4313 bytes result sent to driver
20/07/22 15:41:43 INFO TaskSetManager: Starting task 63.0 in stage 4.0 (TID 67, localhost, executor driver, partition 63, ANY, 5891 bytes)
20/07/22 15:41:43 INFO TaskSetManager: Finished task 62.0 in stage 4.0 (TID 66) in 4 ms on localhost (executor driver) (63/200)
20/07/22 15:41:43 INFO Executor: Running task 63.0 in stage 4.0 (TID 67)
20/07/22 15:41:43 INFO ShuffleBlockFetcherIterator: Getting 1 non-empty blocks out of 1 blocks
20/07/22 15:41:43 INFO ShuffleBlockFetcherIterator: Started 0 remote fetches in 1 ms
20/07/22 15:41:43 INFO Executor: Finished task 63.0 in stage 4.0 (TID 67). 4321 bytes result sent to driver
20/07/22 15:41:43 INFO TaskSetManager: Starting task 64.0 in stage 4.0 (TID 68, localhost, executor driver, partition 64, ANY, 5891 bytes)
20/07/22 15:41:43 INFO TaskSetManager: Finished task 63.0 in stage 4.0 (TID 67) in 6 ms on localhost (executor driver) (64/200)
20/07/22 15:41:43 INFO Executor: Running task 64.0 in stage 4.0 (TID 68)
20/07/22 15:41:43 INFO ShuffleBlockFetcherIterator: Getting 1 non-empty blocks out of 1 blocks
20/07/22 15:41:43 INFO ShuffleBlockFetcherIterator: Started 0 remote fetches in 0 ms
20/07/22 15:41:43 INFO Executor: Finished task 64.0 in stage 4.0 (TID 68). 4313 bytes result sent to driver
20/07/22 15:41:43 INFO TaskSetManager: Starting task 65.0 in stage 4.0 (TID 69, localhost, executor driver, partition 65, ANY, 5891 bytes)
20/07/22 15:41:43 INFO Executor: Running task 65.0 in stage 4.0 (TID 69)
20/07/22 15:41:43 INFO TaskSetManager: Finished task 64.0 in stage 4.0 (TID 68) in 13 ms on localhost (executor driver) (65/200)
20/07/22 15:41:43 INFO ShuffleBlockFetcherIterator: Getting 1 non-empty blocks out of 1 blocks
20/07/22 15:41:43 INFO ShuffleBlockFetcherIterator: Started 0 remote fetches in 0 ms
20/07/22 15:41:43 INFO Executor: Finished task 65.0 in stage 4.0 (TID 69). 4313 bytes result sent to driver
20/07/22 15:41:43 INFO TaskSetManager: Starting task 66.0 in stage 4.0 (TID 70, localhost, executor driver, partition 66, ANY, 5891 bytes)
20/07/22 15:41:43 INFO TaskSetManager: Finished task 65.0 in stage 4.0 (TID 69) in 5 ms on localhost (executor driver) (66/200)
20/07/22 15:41:43 INFO Executor: Running task 66.0 in stage 4.0 (TID 70)
20/07/22 15:41:43 INFO ShuffleBlockFetcherIterator: Getting 1 non-empty blocks out of 1 blocks
20/07/22 15:41:43 INFO ShuffleBlockFetcherIterator: Started 0 remote fetches in 0 ms
20/07/22 15:41:43 INFO Executor: Finished task 66.0 in stage 4.0 (TID 70). 4313 bytes result sent to driver
20/07/22 15:41:43 INFO TaskSetManager: Starting task 67.0 in stage 4.0 (TID 71, localhost, executor driver, partition 67, ANY, 5891 bytes)
20/07/22 15:41:43 INFO TaskSetManager: Finished task 66.0 in stage 4.0 (TID 70) in 6 ms on localhost (executor driver) (67/200)
20/07/22 15:41:43 INFO Executor: Running task 67.0 in stage 4.0 (TID 71)
20/07/22 15:41:43 INFO ShuffleBlockFetcherIterator: Getting 1 non-empty blocks out of 1 blocks
20/07/22 15:41:43 INFO ShuffleBlockFetcherIterator: Started 0 remote fetches in 0 ms
20/07/22 15:41:43 INFO Executor: Finished task 67.0 in stage 4.0 (TID 71). 4321 bytes result sent to driver
20/07/22 15:41:43 INFO TaskSetManager: Starting task 68.0 in stage 4.0 (TID 72, localhost, executor driver, partition 68, ANY, 5891 bytes)
20/07/22 15:41:43 INFO TaskSetManager: Finished task 67.0 in stage 4.0 (TID 71) in 12 ms on localhost (executor driver) (68/200)
20/07/22 15:41:43 INFO Executor: Running task 68.0 in stage 4.0 (TID 72)
20/07/22 15:41:43 INFO ShuffleBlockFetcherIterator: Getting 1 non-empty blocks out of 1 blocks
20/07/22 15:41:43 INFO ShuffleBlockFetcherIterator: Started 0 remote fetches in 0 ms
20/07/22 15:41:43 INFO Executor: Finished task 68.0 in stage 4.0 (TID 72). 4321 bytes result sent to driver
20/07/22 15:41:43 INFO TaskSetManager: Starting task 69.0 in stage 4.0 (TID 73, localhost, executor driver, partition 69, ANY, 5891 bytes)
20/07/22 15:41:43 INFO Executor: Running task 69.0 in stage 4.0 (TID 73)
20/07/22 15:41:43 INFO TaskSetManager: Finished task 68.0 in stage 4.0 (TID 72) in 7 ms on localhost (executor driver) (69/200)
20/07/22 15:41:43 INFO ShuffleBlockFetcherIterator: Getting 1 non-empty blocks out of 1 blocks
20/07/22 15:41:43 INFO ShuffleBlockFetcherIterator: Started 0 remote fetches in 0 ms
20/07/22 15:41:43 INFO Executor: Finished task 69.0 in stage 4.0 (TID 73). 4313 bytes result sent to driver
20/07/22 15:41:43 INFO TaskSetManager: Starting task 70.0 in stage 4.0 (TID 74, localhost, executor driver, partition 70, ANY, 5891 bytes)
20/07/22 15:41:43 INFO TaskSetManager: Finished task 69.0 in stage 4.0 (TID 73) in 5 ms on localhost (executor driver) (70/200)
20/07/22 15:41:43 INFO Executor: Running task 70.0 in stage 4.0 (TID 74)
20/07/22 15:41:43 INFO ShuffleBlockFetcherIterator: Getting 1 non-empty blocks out of 1 blocks
20/07/22 15:41:43 INFO ShuffleBlockFetcherIterator: Started 0 remote fetches in 0 ms
20/07/22 15:41:43 INFO Executor: Finished task 70.0 in stage 4.0 (TID 74). 4321 bytes result sent to driver
20/07/22 15:41:43 INFO TaskSetManager: Starting task 71.0 in stage 4.0 (TID 75, localhost, executor driver, partition 71, ANY, 5891 bytes)
20/07/22 15:41:43 INFO Executor: Running task 71.0 in stage 4.0 (TID 75)
20/07/22 15:41:43 INFO TaskSetManager: Finished task 70.0 in stage 4.0 (TID 74) in 7 ms on localhost (executor driver) (71/200)
20/07/22 15:41:43 INFO ShuffleBlockFetcherIterator: Getting 1 non-empty blocks out of 1 blocks
20/07/22 15:41:43 INFO ShuffleBlockFetcherIterator: Started 0 remote fetches in 0 ms
20/07/22 15:41:43 INFO Executor: Finished task 71.0 in stage 4.0 (TID 75). 4313 bytes result sent to driver
20/07/22 15:41:43 INFO TaskSetManager: Starting task 72.0 in stage 4.0 (TID 76, localhost, executor driver, partition 72, ANY, 5891 bytes)
20/07/22 15:41:43 INFO TaskSetManager: Finished task 71.0 in stage 4.0 (TID 75) in 5 ms on localhost (executor driver) (72/200)
20/07/22 15:41:43 INFO Executor: Running task 72.0 in stage 4.0 (TID 76)
20/07/22 15:41:43 INFO ShuffleBlockFetcherIterator: Getting 1 non-empty blocks out of 1 blocks
20/07/22 15:41:43 INFO ShuffleBlockFetcherIterator: Started 0 remote fetches in 1 ms
20/07/22 15:41:43 INFO Executor: Finished task 72.0 in stage 4.0 (TID 76). 4313 bytes result sent to driver
20/07/22 15:41:43 INFO TaskSetManager: Starting task 73.0 in stage 4.0 (TID 77, localhost, executor driver, partition 73, ANY, 5891 bytes)
20/07/22 15:41:43 INFO Executor: Running task 73.0 in stage 4.0 (TID 77)
20/07/22 15:41:43 INFO TaskSetManager: Finished task 72.0 in stage 4.0 (TID 76) in 6 ms on localhost (executor driver) (73/200)
20/07/22 15:41:43 INFO ShuffleBlockFetcherIterator: Getting 1 non-empty blocks out of 1 blocks
20/07/22 15:41:43 INFO ShuffleBlockFetcherIterator: Started 0 remote fetches in 0 ms
20/07/22 15:41:43 INFO Executor: Finished task 73.0 in stage 4.0 (TID 77). 4313 bytes result sent to driver
20/07/22 15:41:43 INFO TaskSetManager: Starting task 74.0 in stage 4.0 (TID 78, localhost, executor driver, partition 74, ANY, 5891 bytes)
20/07/22 15:41:43 INFO Executor: Running task 74.0 in stage 4.0 (TID 78)
20/07/22 15:41:43 INFO TaskSetManager: Finished task 73.0 in stage 4.0 (TID 77) in 5 ms on localhost (executor driver) (74/200)
20/07/22 15:41:43 INFO ShuffleBlockFetcherIterator: Getting 1 non-empty blocks out of 1 blocks
20/07/22 15:41:43 INFO ShuffleBlockFetcherIterator: Started 0 remote fetches in 0 ms
20/07/22 15:41:43 INFO Executor: Finished task 74.0 in stage 4.0 (TID 78). 4313 bytes result sent to driver
20/07/22 15:41:43 INFO TaskSetManager: Starting task 75.0 in stage 4.0 (TID 79, localhost, executor driver, partition 75, ANY, 5891 bytes)
20/07/22 15:41:43 INFO TaskSetManager: Finished task 74.0 in stage 4.0 (TID 78) in 8 ms on localhost (executor driver) (75/200)
20/07/22 15:41:43 INFO Executor: Running task 75.0 in stage 4.0 (TID 79)
20/07/22 15:41:43 INFO ShuffleBlockFetcherIterator: Getting 1 non-empty blocks out of 1 blocks
20/07/22 15:41:43 INFO ShuffleBlockFetcherIterator: Started 0 remote fetches in 1 ms
20/07/22 15:41:43 INFO Executor: Finished task 75.0 in stage 4.0 (TID 79). 4313 bytes result sent to driver
20/07/22 15:41:43 INFO TaskSetManager: Starting task 76.0 in stage 4.0 (TID 80, localhost, executor driver, partition 76, ANY, 5891 bytes)
20/07/22 15:41:43 INFO TaskSetManager: Finished task 75.0 in stage 4.0 (TID 79) in 6 ms on localhost (executor driver) (76/200)
20/07/22 15:41:43 INFO Executor: Running task 76.0 in stage 4.0 (TID 80)
20/07/22 15:41:43 INFO ShuffleBlockFetcherIterator: Getting 1 non-empty blocks out of 1 blocks
20/07/22 15:41:43 INFO ShuffleBlockFetcherIterator: Started 0 remote fetches in 0 ms
20/07/22 15:41:43 INFO Executor: Finished task 76.0 in stage 4.0 (TID 80). 4321 bytes result sent to driver
20/07/22 15:41:43 INFO TaskSetManager: Starting task 77.0 in stage 4.0 (TID 81, localhost, executor driver, partition 77, ANY, 5891 bytes)
20/07/22 15:41:43 INFO Executor: Running task 77.0 in stage 4.0 (TID 81)
20/07/22 15:41:43 INFO TaskSetManager: Finished task 76.0 in stage 4.0 (TID 80) in 5 ms on localhost (executor driver) (77/200)
20/07/22 15:41:43 INFO ShuffleBlockFetcherIterator: Getting 1 non-empty blocks out of 1 blocks
20/07/22 15:41:43 INFO ShuffleBlockFetcherIterator: Started 0 remote fetches in 0 ms
20/07/22 15:41:43 INFO Executor: Finished task 77.0 in stage 4.0 (TID 81). 4321 bytes result sent to driver
20/07/22 15:41:43 INFO TaskSetManager: Starting task 78.0 in stage 4.0 (TID 82, localhost, executor driver, partition 78, ANY, 5891 bytes)
20/07/22 15:41:43 INFO Executor: Running task 78.0 in stage 4.0 (TID 82)
20/07/22 15:41:43 INFO TaskSetManager: Finished task 77.0 in stage 4.0 (TID 81) in 5 ms on localhost (executor driver) (78/200)
20/07/22 15:41:43 INFO ShuffleBlockFetcherIterator: Getting 1 non-empty blocks out of 1 blocks
20/07/22 15:41:43 INFO ShuffleBlockFetcherIterator: Started 0 remote fetches in 0 ms
20/07/22 15:41:43 INFO Executor: Finished task 78.0 in stage 4.0 (TID 82). 4321 bytes result sent to driver
20/07/22 15:41:43 INFO TaskSetManager: Starting task 79.0 in stage 4.0 (TID 83, localhost, executor driver, partition 79, ANY, 5891 bytes)
20/07/22 15:41:43 INFO TaskSetManager: Finished task 78.0 in stage 4.0 (TID 82) in 5 ms on localhost (executor driver) (79/200)
20/07/22 15:41:43 INFO Executor: Running task 79.0 in stage 4.0 (TID 83)
20/07/22 15:41:43 INFO ShuffleBlockFetcherIterator: Getting 1 non-empty blocks out of 1 blocks
20/07/22 15:41:43 INFO ShuffleBlockFetcherIterator: Started 0 remote fetches in 0 ms
20/07/22 15:41:43 INFO Executor: Finished task 79.0 in stage 4.0 (TID 83). 4313 bytes result sent to driver
20/07/22 15:41:43 INFO TaskSetManager: Starting task 80.0 in stage 4.0 (TID 84, localhost, executor driver, partition 80, ANY, 5891 bytes)
20/07/22 15:41:43 INFO Executor: Running task 80.0 in stage 4.0 (TID 84)
20/07/22 15:41:43 INFO TaskSetManager: Finished task 79.0 in stage 4.0 (TID 83) in 5 ms on localhost (executor driver) (80/200)
20/07/22 15:41:43 INFO ShuffleBlockFetcherIterator: Getting 1 non-empty blocks out of 1 blocks
20/07/22 15:41:43 INFO ShuffleBlockFetcherIterator: Started 0 remote fetches in 0 ms
20/07/22 15:41:43 INFO Executor: Finished task 80.0 in stage 4.0 (TID 84). 4321 bytes result sent to driver
20/07/22 15:41:43 INFO TaskSetManager: Starting task 81.0 in stage 4.0 (TID 85, localhost, executor driver, partition 81, ANY, 5891 bytes)
20/07/22 15:41:43 INFO Executor: Running task 81.0 in stage 4.0 (TID 85)
20/07/22 15:41:43 INFO TaskSetManager: Finished task 80.0 in stage 4.0 (TID 84) in 5 ms on localhost (executor driver) (81/200)
20/07/22 15:41:43 INFO ShuffleBlockFetcherIterator: Getting 1 non-empty blocks out of 1 blocks
20/07/22 15:41:43 INFO ShuffleBlockFetcherIterator: Started 0 remote fetches in 0 ms
20/07/22 15:41:43 INFO Executor: Finished task 81.0 in stage 4.0 (TID 85). 4313 bytes result sent to driver
20/07/22 15:41:43 INFO TaskSetManager: Starting task 82.0 in stage 4.0 (TID 86, localhost, executor driver, partition 82, ANY, 5891 bytes)
20/07/22 15:41:43 INFO Executor: Running task 82.0 in stage 4.0 (TID 86)
20/07/22 15:41:43 INFO TaskSetManager: Finished task 81.0 in stage 4.0 (TID 85) in 5 ms on localhost (executor driver) (82/200)
20/07/22 15:41:43 INFO ShuffleBlockFetcherIterator: Getting 1 non-empty blocks out of 1 blocks
20/07/22 15:41:43 INFO ShuffleBlockFetcherIterator: Started 0 remote fetches in 1 ms
20/07/22 15:41:43 INFO Executor: Finished task 82.0 in stage 4.0 (TID 86). 4313 bytes result sent to driver
20/07/22 15:41:43 INFO TaskSetManager: Starting task 83.0 in stage 4.0 (TID 87, localhost, executor driver, partition 83, ANY, 5891 bytes)
20/07/22 15:41:43 INFO TaskSetManager: Finished task 82.0 in stage 4.0 (TID 86) in 6 ms on localhost (executor driver) (83/200)
20/07/22 15:41:43 INFO Executor: Running task 83.0 in stage 4.0 (TID 87)
20/07/22 15:41:43 INFO ShuffleBlockFetcherIterator: Getting 1 non-empty blocks out of 1 blocks
20/07/22 15:41:43 INFO ShuffleBlockFetcherIterator: Started 0 remote fetches in 0 ms
20/07/22 15:41:43 INFO Executor: Finished task 83.0 in stage 4.0 (TID 87). 4321 bytes result sent to driver
20/07/22 15:41:43 INFO TaskSetManager: Starting task 84.0 in stage 4.0 (TID 88, localhost, executor driver, partition 84, ANY, 5891 bytes)
20/07/22 15:41:43 INFO TaskSetManager: Finished task 83.0 in stage 4.0 (TID 87) in 4 ms on localhost (executor driver) (84/200)
20/07/22 15:41:43 INFO Executor: Running task 84.0 in stage 4.0 (TID 88)
20/07/22 15:41:43 INFO ShuffleBlockFetcherIterator: Getting 1 non-empty blocks out of 1 blocks
20/07/22 15:41:43 INFO ShuffleBlockFetcherIterator: Started 0 remote fetches in 0 ms
20/07/22 15:41:43 INFO Executor: Finished task 84.0 in stage 4.0 (TID 88). 4313 bytes result sent to driver
20/07/22 15:41:43 INFO TaskSetManager: Starting task 85.0 in stage 4.0 (TID 89, localhost, executor driver, partition 85, ANY, 5891 bytes)
20/07/22 15:41:43 INFO Executor: Running task 85.0 in stage 4.0 (TID 89)
20/07/22 15:41:43 INFO TaskSetManager: Finished task 84.0 in stage 4.0 (TID 88) in 5 ms on localhost (executor driver) (85/200)
20/07/22 15:41:43 INFO ShuffleBlockFetcherIterator: Getting 1 non-empty blocks out of 1 blocks
20/07/22 15:41:43 INFO ShuffleBlockFetcherIterator: Started 0 remote fetches in 0 ms
20/07/22 15:41:43 INFO Executor: Finished task 85.0 in stage 4.0 (TID 89). 4321 bytes result sent to driver
20/07/22 15:41:43 INFO TaskSetManager: Starting task 86.0 in stage 4.0 (TID 90, localhost, executor driver, partition 86, ANY, 5891 bytes)
20/07/22 15:41:43 INFO TaskSetManager: Finished task 85.0 in stage 4.0 (TID 89) in 5 ms on localhost (executor driver) (86/200)
20/07/22 15:41:43 INFO Executor: Running task 86.0 in stage 4.0 (TID 90)
20/07/22 15:41:43 INFO ShuffleBlockFetcherIterator: Getting 1 non-empty blocks out of 1 blocks
20/07/22 15:41:43 INFO ShuffleBlockFetcherIterator: Started 0 remote fetches in 0 ms
20/07/22 15:41:43 INFO Executor: Finished task 86.0 in stage 4.0 (TID 90). 4321 bytes result sent to driver
20/07/22 15:41:43 INFO TaskSetManager: Starting task 87.0 in stage 4.0 (TID 91, localhost, executor driver, partition 87, ANY, 5891 bytes)
20/07/22 15:41:43 INFO TaskSetManager: Finished task 86.0 in stage 4.0 (TID 90) in 4 ms on localhost (executor driver) (87/200)
20/07/22 15:41:43 INFO Executor: Running task 87.0 in stage 4.0 (TID 91)
20/07/22 15:41:43 INFO ShuffleBlockFetcherIterator: Getting 1 non-empty blocks out of 1 blocks
20/07/22 15:41:43 INFO ShuffleBlockFetcherIterator: Started 0 remote fetches in 0 ms
20/07/22 15:41:43 INFO Executor: Finished task 87.0 in stage 4.0 (TID 91). 4313 bytes result sent to driver
20/07/22 15:41:43 INFO TaskSetManager: Starting task 88.0 in stage 4.0 (TID 92, localhost, executor driver, partition 88, ANY, 5891 bytes)
20/07/22 15:41:43 INFO TaskSetManager: Finished task 87.0 in stage 4.0 (TID 91) in 4 ms on localhost (executor driver) (88/200)
20/07/22 15:41:43 INFO Executor: Running task 88.0 in stage 4.0 (TID 92)
20/07/22 15:41:43 INFO ShuffleBlockFetcherIterator: Getting 1 non-empty blocks out of 1 blocks
20/07/22 15:41:43 INFO ShuffleBlockFetcherIterator: Started 0 remote fetches in 0 ms
20/07/22 15:41:43 INFO Executor: Finished task 88.0 in stage 4.0 (TID 92). 4242 bytes result sent to driver
20/07/22 15:41:43 INFO TaskSetManager: Starting task 89.0 in stage 4.0 (TID 93, localhost, executor driver, partition 89, ANY, 5891 bytes)
20/07/22 15:41:43 INFO Executor: Running task 89.0 in stage 4.0 (TID 93)
20/07/22 15:41:43 INFO TaskSetManager: Finished task 88.0 in stage 4.0 (TID 92) in 3 ms on localhost (executor driver) (89/200)
20/07/22 15:41:43 INFO ShuffleBlockFetcherIterator: Getting 1 non-empty blocks out of 1 blocks
20/07/22 15:41:43 INFO ShuffleBlockFetcherIterator: Started 0 remote fetches in 1 ms
20/07/22 15:41:43 INFO Executor: Finished task 89.0 in stage 4.0 (TID 93). 4321 bytes result sent to driver
20/07/22 15:41:43 INFO TaskSetManager: Starting task 90.0 in stage 4.0 (TID 94, localhost, executor driver, partition 90, ANY, 5891 bytes)
20/07/22 15:41:43 INFO Executor: Running task 90.0 in stage 4.0 (TID 94)
20/07/22 15:41:43 INFO TaskSetManager: Finished task 89.0 in stage 4.0 (TID 93) in 3 ms on localhost (executor driver) (90/200)
20/07/22 15:41:43 INFO ShuffleBlockFetcherIterator: Getting 1 non-empty blocks out of 1 blocks
20/07/22 15:41:43 INFO ShuffleBlockFetcherIterator: Started 0 remote fetches in 1 ms
20/07/22 15:41:43 INFO Executor: Finished task 90.0 in stage 4.0 (TID 94). 4313 bytes result sent to driver
20/07/22 15:41:43 INFO TaskSetManager: Starting task 91.0 in stage 4.0 (TID 95, localhost, executor driver, partition 91, ANY, 5891 bytes)
20/07/22 15:41:43 INFO Executor: Running task 91.0 in stage 4.0 (TID 95)
20/07/22 15:41:43 INFO TaskSetManager: Finished task 90.0 in stage 4.0 (TID 94) in 3 ms on localhost (executor driver) (91/200)
20/07/22 15:41:43 INFO ShuffleBlockFetcherIterator: Getting 1 non-empty blocks out of 1 blocks
20/07/22 15:41:43 INFO ShuffleBlockFetcherIterator: Started 0 remote fetches in 0 ms
20/07/22 15:41:43 INFO Executor: Finished task 91.0 in stage 4.0 (TID 95). 4400 bytes result sent to driver
20/07/22 15:41:43 INFO TaskSetManager: Starting task 92.0 in stage 4.0 (TID 96, localhost, executor driver, partition 92, ANY, 5891 bytes)
20/07/22 15:41:43 INFO TaskSetManager: Finished task 91.0 in stage 4.0 (TID 95) in 3 ms on localhost (executor driver) (92/200)
20/07/22 15:41:43 INFO Executor: Running task 92.0 in stage 4.0 (TID 96)
20/07/22 15:41:43 INFO ShuffleBlockFetcherIterator: Getting 1 non-empty blocks out of 1 blocks
20/07/22 15:41:43 INFO ShuffleBlockFetcherIterator: Started 0 remote fetches in 0 ms
20/07/22 15:41:43 INFO Executor: Finished task 92.0 in stage 4.0 (TID 96). 4321 bytes result sent to driver
20/07/22 15:41:43 INFO TaskSetManager: Starting task 93.0 in stage 4.0 (TID 97, localhost, executor driver, partition 93, ANY, 5891 bytes)
20/07/22 15:41:43 INFO Executor: Running task 93.0 in stage 4.0 (TID 97)
20/07/22 15:41:43 INFO TaskSetManager: Finished task 92.0 in stage 4.0 (TID 96) in 4 ms on localhost (executor driver) (93/200)
20/07/22 15:41:43 INFO ShuffleBlockFetcherIterator: Getting 1 non-empty blocks out of 1 blocks
20/07/22 15:41:43 INFO ShuffleBlockFetcherIterator: Started 0 remote fetches in 0 ms
20/07/22 15:41:43 INFO Executor: Finished task 93.0 in stage 4.0 (TID 97). 4321 bytes result sent to driver
20/07/22 15:41:43 INFO TaskSetManager: Starting task 94.0 in stage 4.0 (TID 98, localhost, executor driver, partition 94, ANY, 5891 bytes)
20/07/22 15:41:43 INFO Executor: Running task 94.0 in stage 4.0 (TID 98)
20/07/22 15:41:43 INFO TaskSetManager: Finished task 93.0 in stage 4.0 (TID 97) in 4 ms on localhost (executor driver) (94/200)
20/07/22 15:41:43 INFO ShuffleBlockFetcherIterator: Getting 1 non-empty blocks out of 1 blocks
20/07/22 15:41:43 INFO ShuffleBlockFetcherIterator: Started 0 remote fetches in 0 ms
20/07/22 15:41:43 INFO Executor: Finished task 94.0 in stage 4.0 (TID 98). 4329 bytes result sent to driver
20/07/22 15:41:43 INFO TaskSetManager: Starting task 95.0 in stage 4.0 (TID 99, localhost, executor driver, partition 95, ANY, 5891 bytes)
20/07/22 15:41:43 INFO Executor: Running task 95.0 in stage 4.0 (TID 99)
20/07/22 15:41:43 INFO TaskSetManager: Finished task 94.0 in stage 4.0 (TID 98) in 3 ms on localhost (executor driver) (95/200)
20/07/22 15:41:43 INFO ShuffleBlockFetcherIterator: Getting 1 non-empty blocks out of 1 blocks
20/07/22 15:41:43 INFO ShuffleBlockFetcherIterator: Started 0 remote fetches in 0 ms
20/07/22 15:41:43 INFO Executor: Finished task 95.0 in stage 4.0 (TID 99). 4329 bytes result sent to driver
20/07/22 15:41:43 INFO TaskSetManager: Starting task 96.0 in stage 4.0 (TID 100, localhost, executor driver, partition 96, ANY, 5891 bytes)
20/07/22 15:41:43 INFO TaskSetManager: Finished task 95.0 in stage 4.0 (TID 99) in 3 ms on localhost (executor driver) (96/200)
20/07/22 15:41:43 INFO Executor: Running task 96.0 in stage 4.0 (TID 100)
20/07/22 15:41:43 INFO ShuffleBlockFetcherIterator: Getting 1 non-empty blocks out of 1 blocks
20/07/22 15:41:43 INFO ShuffleBlockFetcherIterator: Started 0 remote fetches in 0 ms
20/07/22 15:41:43 INFO Executor: Finished task 96.0 in stage 4.0 (TID 100). 4313 bytes result sent to driver
20/07/22 15:41:43 INFO TaskSetManager: Starting task 97.0 in stage 4.0 (TID 101, localhost, executor driver, partition 97, ANY, 5891 bytes)
20/07/22 15:41:43 INFO TaskSetManager: Finished task 96.0 in stage 4.0 (TID 100) in 3 ms on localhost (executor driver) (97/200)
20/07/22 15:41:43 INFO Executor: Running task 97.0 in stage 4.0 (TID 101)
20/07/22 15:41:43 INFO ShuffleBlockFetcherIterator: Getting 1 non-empty blocks out of 1 blocks
20/07/22 15:41:43 INFO ShuffleBlockFetcherIterator: Started 0 remote fetches in 0 ms
20/07/22 15:41:43 INFO Executor: Finished task 97.0 in stage 4.0 (TID 101). 4313 bytes result sent to driver
20/07/22 15:41:43 INFO TaskSetManager: Starting task 98.0 in stage 4.0 (TID 102, localhost, executor driver, partition 98, ANY, 5891 bytes)
20/07/22 15:41:43 INFO Executor: Running task 98.0 in stage 4.0 (TID 102)
20/07/22 15:41:43 INFO TaskSetManager: Finished task 97.0 in stage 4.0 (TID 101) in 4 ms on localhost (executor driver) (98/200)
20/07/22 15:41:43 INFO ShuffleBlockFetcherIterator: Getting 1 non-empty blocks out of 1 blocks
20/07/22 15:41:43 INFO ShuffleBlockFetcherIterator: Started 0 remote fetches in 0 ms
20/07/22 15:41:43 INFO Executor: Finished task 98.0 in stage 4.0 (TID 102). 4313 bytes result sent to driver
20/07/22 15:41:43 INFO TaskSetManager: Starting task 99.0 in stage 4.0 (TID 103, localhost, executor driver, partition 99, ANY, 5891 bytes)
20/07/22 15:41:43 INFO Executor: Running task 99.0 in stage 4.0 (TID 103)
20/07/22 15:41:43 INFO TaskSetManager: Finished task 98.0 in stage 4.0 (TID 102) in 4 ms on localhost (executor driver) (99/200)
20/07/22 15:41:43 INFO ShuffleBlockFetcherIterator: Getting 1 non-empty blocks out of 1 blocks
20/07/22 15:41:43 INFO ShuffleBlockFetcherIterator: Started 0 remote fetches in 0 ms
20/07/22 15:41:43 INFO Executor: Finished task 99.0 in stage 4.0 (TID 103). 4313 bytes result sent to driver
20/07/22 15:41:43 INFO TaskSetManager: Starting task 100.0 in stage 4.0 (TID 104, localhost, executor driver, partition 100, ANY, 5891 bytes)
20/07/22 15:41:43 INFO TaskSetManager: Finished task 99.0 in stage 4.0 (TID 103) in 4 ms on localhost (executor driver) (100/200)
20/07/22 15:41:43 INFO Executor: Running task 100.0 in stage 4.0 (TID 104)
20/07/22 15:41:43 INFO ShuffleBlockFetcherIterator: Getting 1 non-empty blocks out of 1 blocks
20/07/22 15:41:43 INFO ShuffleBlockFetcherIterator: Started 0 remote fetches in 1 ms
20/07/22 15:41:43 INFO Executor: Finished task 100.0 in stage 4.0 (TID 104). 4321 bytes result sent to driver
20/07/22 15:41:43 INFO TaskSetManager: Starting task 101.0 in stage 4.0 (TID 105, localhost, executor driver, partition 101, ANY, 5891 bytes)
20/07/22 15:41:43 INFO TaskSetManager: Finished task 100.0 in stage 4.0 (TID 104) in 4 ms on localhost (executor driver) (101/200)
20/07/22 15:41:43 INFO Executor: Running task 101.0 in stage 4.0 (TID 105)
20/07/22 15:41:43 INFO ShuffleBlockFetcherIterator: Getting 1 non-empty blocks out of 1 blocks
20/07/22 15:41:43 INFO ShuffleBlockFetcherIterator: Started 0 remote fetches in 0 ms
20/07/22 15:41:43 INFO Executor: Finished task 101.0 in stage 4.0 (TID 105). 4321 bytes result sent to driver
20/07/22 15:41:43 INFO TaskSetManager: Starting task 102.0 in stage 4.0 (TID 106, localhost, executor driver, partition 102, ANY, 5891 bytes)
20/07/22 15:41:43 INFO Executor: Running task 102.0 in stage 4.0 (TID 106)
20/07/22 15:41:43 INFO TaskSetManager: Finished task 101.0 in stage 4.0 (TID 105) in 4 ms on localhost (executor driver) (102/200)
20/07/22 15:41:43 INFO ShuffleBlockFetcherIterator: Getting 1 non-empty blocks out of 1 blocks
20/07/22 15:41:43 INFO ShuffleBlockFetcherIterator: Started 0 remote fetches in 0 ms
20/07/22 15:41:43 INFO Executor: Finished task 102.0 in stage 4.0 (TID 106). 4313 bytes result sent to driver
20/07/22 15:41:43 INFO TaskSetManager: Starting task 103.0 in stage 4.0 (TID 107, localhost, executor driver, partition 103, ANY, 5891 bytes)
20/07/22 15:41:43 INFO Executor: Running task 103.0 in stage 4.0 (TID 107)
20/07/22 15:41:43 INFO TaskSetManager: Finished task 102.0 in stage 4.0 (TID 106) in 4 ms on localhost (executor driver) (103/200)
20/07/22 15:41:43 INFO ShuffleBlockFetcherIterator: Getting 1 non-empty blocks out of 1 blocks
20/07/22 15:41:43 INFO ShuffleBlockFetcherIterator: Started 0 remote fetches in 0 ms
20/07/22 15:41:43 INFO Executor: Finished task 103.0 in stage 4.0 (TID 107). 4321 bytes result sent to driver
20/07/22 15:41:43 INFO TaskSetManager: Starting task 104.0 in stage 4.0 (TID 108, localhost, executor driver, partition 104, ANY, 5891 bytes)
20/07/22 15:41:43 INFO TaskSetManager: Finished task 103.0 in stage 4.0 (TID 107) in 3 ms on localhost (executor driver) (104/200)
20/07/22 15:41:43 INFO Executor: Running task 104.0 in stage 4.0 (TID 108)
20/07/22 15:41:43 INFO ShuffleBlockFetcherIterator: Getting 1 non-empty blocks out of 1 blocks
20/07/22 15:41:43 INFO ShuffleBlockFetcherIterator: Started 0 remote fetches in 0 ms
20/07/22 15:41:43 INFO Executor: Finished task 104.0 in stage 4.0 (TID 108). 4321 bytes result sent to driver
20/07/22 15:41:43 INFO TaskSetManager: Starting task 105.0 in stage 4.0 (TID 109, localhost, executor driver, partition 105, ANY, 5891 bytes)
20/07/22 15:41:43 INFO Executor: Running task 105.0 in stage 4.0 (TID 109)
20/07/22 15:41:43 INFO TaskSetManager: Finished task 104.0 in stage 4.0 (TID 108) in 3 ms on localhost (executor driver) (105/200)
20/07/22 15:41:43 INFO ShuffleBlockFetcherIterator: Getting 1 non-empty blocks out of 1 blocks
20/07/22 15:41:43 INFO ShuffleBlockFetcherIterator: Started 0 remote fetches in 0 ms
20/07/22 15:41:43 INFO Executor: Finished task 105.0 in stage 4.0 (TID 109). 4313 bytes result sent to driver
20/07/22 15:41:43 INFO TaskSetManager: Starting task 106.0 in stage 4.0 (TID 110, localhost, executor driver, partition 106, ANY, 5891 bytes)
20/07/22 15:41:43 INFO Executor: Running task 106.0 in stage 4.0 (TID 110)
20/07/22 15:41:43 INFO TaskSetManager: Finished task 105.0 in stage 4.0 (TID 109) in 4 ms on localhost (executor driver) (106/200)
20/07/22 15:41:43 INFO ShuffleBlockFetcherIterator: Getting 1 non-empty blocks out of 1 blocks
20/07/22 15:41:43 INFO ShuffleBlockFetcherIterator: Started 0 remote fetches in 0 ms
20/07/22 15:41:43 INFO Executor: Finished task 106.0 in stage 4.0 (TID 110). 4313 bytes result sent to driver
20/07/22 15:41:43 INFO TaskSetManager: Starting task 107.0 in stage 4.0 (TID 111, localhost, executor driver, partition 107, ANY, 5891 bytes)
20/07/22 15:41:43 INFO Executor: Running task 107.0 in stage 4.0 (TID 111)
20/07/22 15:41:43 INFO TaskSetManager: Finished task 106.0 in stage 4.0 (TID 110) in 4 ms on localhost (executor driver) (107/200)
20/07/22 15:41:43 INFO ShuffleBlockFetcherIterator: Getting 1 non-empty blocks out of 1 blocks
20/07/22 15:41:43 INFO ShuffleBlockFetcherIterator: Started 0 remote fetches in 0 ms
20/07/22 15:41:43 INFO Executor: Finished task 107.0 in stage 4.0 (TID 111). 4321 bytes result sent to driver
20/07/22 15:41:43 INFO TaskSetManager: Starting task 108.0 in stage 4.0 (TID 112, localhost, executor driver, partition 108, ANY, 5891 bytes)
20/07/22 15:41:43 INFO Executor: Running task 108.0 in stage 4.0 (TID 112)
20/07/22 15:41:43 INFO TaskSetManager: Finished task 107.0 in stage 4.0 (TID 111) in 3 ms on localhost (executor driver) (108/200)
20/07/22 15:41:43 INFO ShuffleBlockFetcherIterator: Getting 1 non-empty blocks out of 1 blocks
20/07/22 15:41:43 INFO ShuffleBlockFetcherIterator: Started 0 remote fetches in 0 ms
20/07/22 15:41:43 INFO Executor: Finished task 108.0 in stage 4.0 (TID 112). 4234 bytes result sent to driver
20/07/22 15:41:43 INFO TaskSetManager: Starting task 109.0 in stage 4.0 (TID 113, localhost, executor driver, partition 109, ANY, 5891 bytes)
20/07/22 15:41:43 INFO Executor: Running task 109.0 in stage 4.0 (TID 113)
20/07/22 15:41:43 INFO TaskSetManager: Finished task 108.0 in stage 4.0 (TID 112) in 3 ms on localhost (executor driver) (109/200)
20/07/22 15:41:43 INFO ShuffleBlockFetcherIterator: Getting 1 non-empty blocks out of 1 blocks
20/07/22 15:41:43 INFO ShuffleBlockFetcherIterator: Started 0 remote fetches in 0 ms
20/07/22 15:41:43 INFO Executor: Finished task 109.0 in stage 4.0 (TID 113). 4321 bytes result sent to driver
20/07/22 15:41:43 INFO TaskSetManager: Starting task 110.0 in stage 4.0 (TID 114, localhost, executor driver, partition 110, ANY, 5891 bytes)
20/07/22 15:41:43 INFO Executor: Running task 110.0 in stage 4.0 (TID 114)
20/07/22 15:41:43 INFO TaskSetManager: Finished task 109.0 in stage 4.0 (TID 113) in 3 ms on localhost (executor driver) (110/200)
20/07/22 15:41:43 INFO ShuffleBlockFetcherIterator: Getting 1 non-empty blocks out of 1 blocks
20/07/22 15:41:43 INFO ShuffleBlockFetcherIterator: Started 0 remote fetches in 0 ms
20/07/22 15:41:43 INFO Executor: Finished task 110.0 in stage 4.0 (TID 114). 4424 bytes result sent to driver
20/07/22 15:41:43 INFO TaskSetManager: Starting task 111.0 in stage 4.0 (TID 115, localhost, executor driver, partition 111, ANY, 5891 bytes)
20/07/22 15:41:43 INFO Executor: Running task 111.0 in stage 4.0 (TID 115)
20/07/22 15:41:43 INFO TaskSetManager: Finished task 110.0 in stage 4.0 (TID 114) in 3 ms on localhost (executor driver) (111/200)
20/07/22 15:41:43 INFO ShuffleBlockFetcherIterator: Getting 1 non-empty blocks out of 1 blocks
20/07/22 15:41:43 INFO ShuffleBlockFetcherIterator: Started 0 remote fetches in 0 ms
20/07/22 15:41:43 INFO Executor: Finished task 111.0 in stage 4.0 (TID 115). 4313 bytes result sent to driver
20/07/22 15:41:43 INFO TaskSetManager: Starting task 112.0 in stage 4.0 (TID 116, localhost, executor driver, partition 112, ANY, 5891 bytes)
20/07/22 15:41:43 INFO TaskSetManager: Finished task 111.0 in stage 4.0 (TID 115) in 3 ms on localhost (executor driver) (112/200)
20/07/22 15:41:43 INFO Executor: Running task 112.0 in stage 4.0 (TID 116)
20/07/22 15:41:43 INFO ShuffleBlockFetcherIterator: Getting 1 non-empty blocks out of 1 blocks
20/07/22 15:41:43 INFO ShuffleBlockFetcherIterator: Started 0 remote fetches in 0 ms
20/07/22 15:41:43 INFO Executor: Finished task 112.0 in stage 4.0 (TID 116). 4321 bytes result sent to driver
20/07/22 15:41:43 INFO TaskSetManager: Starting task 113.0 in stage 4.0 (TID 117, localhost, executor driver, partition 113, ANY, 5891 bytes)
20/07/22 15:41:43 INFO Executor: Running task 113.0 in stage 4.0 (TID 117)
20/07/22 15:41:43 INFO TaskSetManager: Finished task 112.0 in stage 4.0 (TID 116) in 4 ms on localhost (executor driver) (113/200)
20/07/22 15:41:43 INFO ShuffleBlockFetcherIterator: Getting 1 non-empty blocks out of 1 blocks
20/07/22 15:41:43 INFO ShuffleBlockFetcherIterator: Started 0 remote fetches in 0 ms
20/07/22 15:41:43 INFO Executor: Finished task 113.0 in stage 4.0 (TID 117). 4313 bytes result sent to driver
20/07/22 15:41:43 INFO TaskSetManager: Starting task 114.0 in stage 4.0 (TID 118, localhost, executor driver, partition 114, ANY, 5891 bytes)
20/07/22 15:41:43 INFO Executor: Running task 114.0 in stage 4.0 (TID 118)
20/07/22 15:41:43 INFO TaskSetManager: Finished task 113.0 in stage 4.0 (TID 117) in 4 ms on localhost (executor driver) (114/200)
20/07/22 15:41:43 INFO ShuffleBlockFetcherIterator: Getting 1 non-empty blocks out of 1 blocks
20/07/22 15:41:43 INFO ShuffleBlockFetcherIterator: Started 0 remote fetches in 0 ms
20/07/22 15:41:43 INFO Executor: Finished task 114.0 in stage 4.0 (TID 118). 4313 bytes result sent to driver
20/07/22 15:41:43 INFO TaskSetManager: Starting task 115.0 in stage 4.0 (TID 119, localhost, executor driver, partition 115, ANY, 5891 bytes)
20/07/22 15:41:43 INFO Executor: Running task 115.0 in stage 4.0 (TID 119)
20/07/22 15:41:43 INFO TaskSetManager: Finished task 114.0 in stage 4.0 (TID 118) in 4 ms on localhost (executor driver) (115/200)
20/07/22 15:41:43 INFO ShuffleBlockFetcherIterator: Getting 1 non-empty blocks out of 1 blocks
20/07/22 15:41:43 INFO ShuffleBlockFetcherIterator: Started 0 remote fetches in 0 ms
20/07/22 15:41:43 INFO Executor: Finished task 115.0 in stage 4.0 (TID 119). 4313 bytes result sent to driver
20/07/22 15:41:43 INFO TaskSetManager: Starting task 116.0 in stage 4.0 (TID 120, localhost, executor driver, partition 116, ANY, 5891 bytes)
20/07/22 15:41:43 INFO Executor: Running task 116.0 in stage 4.0 (TID 120)
20/07/22 15:41:43 INFO TaskSetManager: Finished task 115.0 in stage 4.0 (TID 119) in 3 ms on localhost (executor driver) (116/200)
20/07/22 15:41:43 INFO ShuffleBlockFetcherIterator: Getting 1 non-empty blocks out of 1 blocks
20/07/22 15:41:43 INFO ShuffleBlockFetcherIterator: Started 0 remote fetches in 1 ms
20/07/22 15:41:43 INFO Executor: Finished task 116.0 in stage 4.0 (TID 120). 4321 bytes result sent to driver
20/07/22 15:41:43 INFO TaskSetManager: Starting task 117.0 in stage 4.0 (TID 121, localhost, executor driver, partition 117, ANY, 5891 bytes)
20/07/22 15:41:43 INFO Executor: Running task 117.0 in stage 4.0 (TID 121)
20/07/22 15:41:43 INFO TaskSetManager: Finished task 116.0 in stage 4.0 (TID 120) in 3 ms on localhost (executor driver) (117/200)
20/07/22 15:41:43 INFO ShuffleBlockFetcherIterator: Getting 1 non-empty blocks out of 1 blocks
20/07/22 15:41:43 INFO ShuffleBlockFetcherIterator: Started 0 remote fetches in 0 ms
20/07/22 15:41:43 INFO Executor: Finished task 117.0 in stage 4.0 (TID 121). 4321 bytes result sent to driver
20/07/22 15:41:43 INFO TaskSetManager: Starting task 118.0 in stage 4.0 (TID 122, localhost, executor driver, partition 118, ANY, 5891 bytes)
20/07/22 15:41:43 INFO Executor: Running task 118.0 in stage 4.0 (TID 122)
20/07/22 15:41:43 INFO TaskSetManager: Finished task 117.0 in stage 4.0 (TID 121) in 9 ms on localhost (executor driver) (118/200)
20/07/22 15:41:43 INFO ShuffleBlockFetcherIterator: Getting 1 non-empty blocks out of 1 blocks
20/07/22 15:41:43 INFO ShuffleBlockFetcherIterator: Started 0 remote fetches in 0 ms
20/07/22 15:41:43 INFO Executor: Finished task 118.0 in stage 4.0 (TID 122). 4313 bytes result sent to driver
20/07/22 15:41:43 INFO TaskSetManager: Starting task 119.0 in stage 4.0 (TID 123, localhost, executor driver, partition 119, ANY, 5891 bytes)
20/07/22 15:41:43 INFO TaskSetManager: Finished task 118.0 in stage 4.0 (TID 122) in 4 ms on localhost (executor driver) (119/200)
20/07/22 15:41:43 INFO Executor: Running task 119.0 in stage 4.0 (TID 123)
20/07/22 15:41:43 INFO ShuffleBlockFetcherIterator: Getting 1 non-empty blocks out of 1 blocks
20/07/22 15:41:43 INFO ShuffleBlockFetcherIterator: Started 0 remote fetches in 0 ms
20/07/22 15:41:43 INFO Executor: Finished task 119.0 in stage 4.0 (TID 123). 4313 bytes result sent to driver
20/07/22 15:41:43 INFO TaskSetManager: Starting task 120.0 in stage 4.0 (TID 124, localhost, executor driver, partition 120, ANY, 5891 bytes)
20/07/22 15:41:43 INFO Executor: Running task 120.0 in stage 4.0 (TID 124)
20/07/22 15:41:43 INFO TaskSetManager: Finished task 119.0 in stage 4.0 (TID 123) in 4 ms on localhost (executor driver) (120/200)
20/07/22 15:41:43 INFO ShuffleBlockFetcherIterator: Getting 1 non-empty blocks out of 1 blocks
20/07/22 15:41:43 INFO ShuffleBlockFetcherIterator: Started 0 remote fetches in 0 ms
20/07/22 15:41:43 INFO Executor: Finished task 120.0 in stage 4.0 (TID 124). 4321 bytes result sent to driver
20/07/22 15:41:43 INFO TaskSetManager: Starting task 121.0 in stage 4.0 (TID 125, localhost, executor driver, partition 121, ANY, 5891 bytes)
20/07/22 15:41:43 INFO Executor: Running task 121.0 in stage 4.0 (TID 125)
20/07/22 15:41:43 INFO TaskSetManager: Finished task 120.0 in stage 4.0 (TID 124) in 4 ms on localhost (executor driver) (121/200)
20/07/22 15:41:43 INFO ShuffleBlockFetcherIterator: Getting 1 non-empty blocks out of 1 blocks
20/07/22 15:41:43 INFO ShuffleBlockFetcherIterator: Started 0 remote fetches in 0 ms
20/07/22 15:41:43 INFO Executor: Finished task 121.0 in stage 4.0 (TID 125). 4313 bytes result sent to driver
20/07/22 15:41:43 INFO TaskSetManager: Starting task 122.0 in stage 4.0 (TID 126, localhost, executor driver, partition 122, ANY, 5891 bytes)
20/07/22 15:41:43 INFO Executor: Running task 122.0 in stage 4.0 (TID 126)
20/07/22 15:41:43 INFO TaskSetManager: Finished task 121.0 in stage 4.0 (TID 125) in 4 ms on localhost (executor driver) (122/200)
20/07/22 15:41:43 INFO ShuffleBlockFetcherIterator: Getting 1 non-empty blocks out of 1 blocks
20/07/22 15:41:43 INFO ShuffleBlockFetcherIterator: Started 0 remote fetches in 0 ms
20/07/22 15:41:43 INFO Executor: Finished task 122.0 in stage 4.0 (TID 126). 4321 bytes result sent to driver
20/07/22 15:41:43 INFO TaskSetManager: Starting task 123.0 in stage 4.0 (TID 127, localhost, executor driver, partition 123, ANY, 5891 bytes)
20/07/22 15:41:43 INFO TaskSetManager: Finished task 122.0 in stage 4.0 (TID 126) in 5 ms on localhost (executor driver) (123/200)
20/07/22 15:41:43 INFO Executor: Running task 123.0 in stage 4.0 (TID 127)
20/07/22 15:41:43 INFO ShuffleBlockFetcherIterator: Getting 1 non-empty blocks out of 1 blocks
20/07/22 15:41:43 INFO ShuffleBlockFetcherIterator: Started 0 remote fetches in 0 ms
20/07/22 15:41:43 INFO Executor: Finished task 123.0 in stage 4.0 (TID 127). 4313 bytes result sent to driver
20/07/22 15:41:43 INFO TaskSetManager: Starting task 124.0 in stage 4.0 (TID 128, localhost, executor driver, partition 124, ANY, 5891 bytes)
20/07/22 15:41:43 INFO Executor: Running task 124.0 in stage 4.0 (TID 128)
20/07/22 15:41:43 INFO TaskSetManager: Finished task 123.0 in stage 4.0 (TID 127) in 4 ms on localhost (executor driver) (124/200)
20/07/22 15:41:43 INFO ShuffleBlockFetcherIterator: Getting 1 non-empty blocks out of 1 blocks
20/07/22 15:41:43 INFO ShuffleBlockFetcherIterator: Started 0 remote fetches in 0 ms
20/07/22 15:41:43 INFO Executor: Finished task 124.0 in stage 4.0 (TID 128). 4313 bytes result sent to driver
20/07/22 15:41:43 INFO TaskSetManager: Starting task 125.0 in stage 4.0 (TID 129, localhost, executor driver, partition 125, ANY, 5891 bytes)
20/07/22 15:41:43 INFO Executor: Running task 125.0 in stage 4.0 (TID 129)
20/07/22 15:41:43 INFO TaskSetManager: Finished task 124.0 in stage 4.0 (TID 128) in 4 ms on localhost (executor driver) (125/200)
20/07/22 15:41:43 INFO ShuffleBlockFetcherIterator: Getting 1 non-empty blocks out of 1 blocks
20/07/22 15:41:43 INFO ShuffleBlockFetcherIterator: Started 0 remote fetches in 0 ms
20/07/22 15:41:43 INFO Executor: Finished task 125.0 in stage 4.0 (TID 129). 4313 bytes result sent to driver
20/07/22 15:41:43 INFO TaskSetManager: Starting task 126.0 in stage 4.0 (TID 130, localhost, executor driver, partition 126, ANY, 5891 bytes)
20/07/22 15:41:43 INFO Executor: Running task 126.0 in stage 4.0 (TID 130)
20/07/22 15:41:43 INFO TaskSetManager: Finished task 125.0 in stage 4.0 (TID 129) in 4 ms on localhost (executor driver) (126/200)
20/07/22 15:41:43 INFO ShuffleBlockFetcherIterator: Getting 1 non-empty blocks out of 1 blocks
20/07/22 15:41:43 INFO ShuffleBlockFetcherIterator: Started 0 remote fetches in 0 ms
20/07/22 15:41:43 INFO Executor: Finished task 126.0 in stage 4.0 (TID 130). 4321 bytes result sent to driver
20/07/22 15:41:43 INFO TaskSetManager: Starting task 127.0 in stage 4.0 (TID 131, localhost, executor driver, partition 127, ANY, 5891 bytes)
20/07/22 15:41:43 INFO Executor: Running task 127.0 in stage 4.0 (TID 131)
20/07/22 15:41:43 INFO TaskSetManager: Finished task 126.0 in stage 4.0 (TID 130) in 4 ms on localhost (executor driver) (127/200)
20/07/22 15:41:43 INFO ShuffleBlockFetcherIterator: Getting 1 non-empty blocks out of 1 blocks
20/07/22 15:41:43 INFO ShuffleBlockFetcherIterator: Started 0 remote fetches in 0 ms
20/07/22 15:41:43 INFO Executor: Finished task 127.0 in stage 4.0 (TID 131). 4321 bytes result sent to driver
20/07/22 15:41:43 INFO TaskSetManager: Starting task 128.0 in stage 4.0 (TID 132, localhost, executor driver, partition 128, ANY, 5891 bytes)
20/07/22 15:41:43 INFO TaskSetManager: Finished task 127.0 in stage 4.0 (TID 131) in 5 ms on localhost (executor driver) (128/200)
20/07/22 15:41:43 INFO Executor: Running task 128.0 in stage 4.0 (TID 132)
20/07/22 15:41:43 INFO ShuffleBlockFetcherIterator: Getting 1 non-empty blocks out of 1 blocks
20/07/22 15:41:43 INFO ShuffleBlockFetcherIterator: Started 0 remote fetches in 0 ms
20/07/22 15:41:43 INFO Executor: Finished task 128.0 in stage 4.0 (TID 132). 4321 bytes result sent to driver
20/07/22 15:41:43 INFO TaskSetManager: Starting task 129.0 in stage 4.0 (TID 133, localhost, executor driver, partition 129, ANY, 5891 bytes)
20/07/22 15:41:43 INFO Executor: Running task 129.0 in stage 4.0 (TID 133)
20/07/22 15:41:43 INFO TaskSetManager: Finished task 128.0 in stage 4.0 (TID 132) in 4 ms on localhost (executor driver) (129/200)
20/07/22 15:41:43 INFO ShuffleBlockFetcherIterator: Getting 1 non-empty blocks out of 1 blocks
20/07/22 15:41:43 INFO ShuffleBlockFetcherIterator: Started 0 remote fetches in 0 ms
20/07/22 15:41:43 INFO Executor: Finished task 129.0 in stage 4.0 (TID 133). 4313 bytes result sent to driver
20/07/22 15:41:43 INFO TaskSetManager: Starting task 130.0 in stage 4.0 (TID 134, localhost, executor driver, partition 130, ANY, 5891 bytes)
20/07/22 15:41:43 INFO Executor: Running task 130.0 in stage 4.0 (TID 134)
20/07/22 15:41:43 INFO TaskSetManager: Finished task 129.0 in stage 4.0 (TID 133) in 3 ms on localhost (executor driver) (130/200)
20/07/22 15:41:43 INFO ShuffleBlockFetcherIterator: Getting 1 non-empty blocks out of 1 blocks
20/07/22 15:41:43 INFO ShuffleBlockFetcherIterator: Started 0 remote fetches in 0 ms
20/07/22 15:41:43 INFO Executor: Finished task 130.0 in stage 4.0 (TID 134). 4234 bytes result sent to driver
20/07/22 15:41:43 INFO TaskSetManager: Starting task 131.0 in stage 4.0 (TID 135, localhost, executor driver, partition 131, ANY, 5891 bytes)
20/07/22 15:41:43 INFO Executor: Running task 131.0 in stage 4.0 (TID 135)
20/07/22 15:41:43 INFO TaskSetManager: Finished task 130.0 in stage 4.0 (TID 134) in 3 ms on localhost (executor driver) (131/200)
20/07/22 15:41:43 INFO ShuffleBlockFetcherIterator: Getting 1 non-empty blocks out of 1 blocks
20/07/22 15:41:43 INFO ShuffleBlockFetcherIterator: Started 0 remote fetches in 0 ms
20/07/22 15:41:43 INFO Executor: Finished task 131.0 in stage 4.0 (TID 135). 4234 bytes result sent to driver
20/07/22 15:41:43 INFO TaskSetManager: Starting task 132.0 in stage 4.0 (TID 136, localhost, executor driver, partition 132, ANY, 5891 bytes)
20/07/22 15:41:43 INFO Executor: Running task 132.0 in stage 4.0 (TID 136)
20/07/22 15:41:43 INFO TaskSetManager: Finished task 131.0 in stage 4.0 (TID 135) in 5 ms on localhost (executor driver) (132/200)
20/07/22 15:41:43 INFO ShuffleBlockFetcherIterator: Getting 1 non-empty blocks out of 1 blocks
20/07/22 15:41:43 INFO ShuffleBlockFetcherIterator: Started 0 remote fetches in 0 ms
20/07/22 15:41:43 INFO Executor: Finished task 132.0 in stage 4.0 (TID 136). 4321 bytes result sent to driver
20/07/22 15:41:43 INFO TaskSetManager: Starting task 133.0 in stage 4.0 (TID 137, localhost, executor driver, partition 133, ANY, 5891 bytes)
20/07/22 15:41:43 INFO TaskSetManager: Finished task 132.0 in stage 4.0 (TID 136) in 4 ms on localhost (executor driver) (133/200)
20/07/22 15:41:43 INFO Executor: Running task 133.0 in stage 4.0 (TID 137)
20/07/22 15:41:43 INFO ShuffleBlockFetcherIterator: Getting 1 non-empty blocks out of 1 blocks
20/07/22 15:41:43 INFO ShuffleBlockFetcherIterator: Started 0 remote fetches in 0 ms
20/07/22 15:41:43 INFO Executor: Finished task 133.0 in stage 4.0 (TID 137). 4313 bytes result sent to driver
20/07/22 15:41:43 INFO TaskSetManager: Starting task 134.0 in stage 4.0 (TID 138, localhost, executor driver, partition 134, ANY, 5891 bytes)
20/07/22 15:41:43 INFO Executor: Running task 134.0 in stage 4.0 (TID 138)
20/07/22 15:41:43 INFO TaskSetManager: Finished task 133.0 in stage 4.0 (TID 137) in 4 ms on localhost (executor driver) (134/200)
20/07/22 15:41:43 INFO ShuffleBlockFetcherIterator: Getting 1 non-empty blocks out of 1 blocks
20/07/22 15:41:43 INFO ShuffleBlockFetcherIterator: Started 0 remote fetches in 0 ms
20/07/22 15:41:43 INFO Executor: Finished task 134.0 in stage 4.0 (TID 138). 4321 bytes result sent to driver
20/07/22 15:41:43 INFO TaskSetManager: Starting task 135.0 in stage 4.0 (TID 139, localhost, executor driver, partition 135, ANY, 5891 bytes)
20/07/22 15:41:43 INFO Executor: Running task 135.0 in stage 4.0 (TID 139)
20/07/22 15:41:43 INFO TaskSetManager: Finished task 134.0 in stage 4.0 (TID 138) in 4 ms on localhost (executor driver) (135/200)
20/07/22 15:41:43 INFO ShuffleBlockFetcherIterator: Getting 1 non-empty blocks out of 1 blocks
20/07/22 15:41:43 INFO ShuffleBlockFetcherIterator: Started 0 remote fetches in 0 ms
20/07/22 15:41:43 INFO Executor: Finished task 135.0 in stage 4.0 (TID 139). 4329 bytes result sent to driver
20/07/22 15:41:43 INFO TaskSetManager: Starting task 136.0 in stage 4.0 (TID 140, localhost, executor driver, partition 136, ANY, 5891 bytes)
20/07/22 15:41:43 INFO Executor: Running task 136.0 in stage 4.0 (TID 140)
20/07/22 15:41:43 INFO TaskSetManager: Finished task 135.0 in stage 4.0 (TID 139) in 4 ms on localhost (executor driver) (136/200)
20/07/22 15:41:43 INFO ShuffleBlockFetcherIterator: Getting 1 non-empty blocks out of 1 blocks
20/07/22 15:41:43 INFO ShuffleBlockFetcherIterator: Started 0 remote fetches in 0 ms
20/07/22 15:41:43 INFO Executor: Finished task 136.0 in stage 4.0 (TID 140). 4321 bytes result sent to driver
20/07/22 15:41:43 INFO TaskSetManager: Starting task 137.0 in stage 4.0 (TID 141, localhost, executor driver, partition 137, ANY, 5891 bytes)
20/07/22 15:41:43 INFO Executor: Running task 137.0 in stage 4.0 (TID 141)
20/07/22 15:41:43 INFO TaskSetManager: Finished task 136.0 in stage 4.0 (TID 140) in 4 ms on localhost (executor driver) (137/200)
20/07/22 15:41:43 INFO ShuffleBlockFetcherIterator: Getting 1 non-empty blocks out of 1 blocks
20/07/22 15:41:43 INFO ShuffleBlockFetcherIterator: Started 0 remote fetches in 0 ms
20/07/22 15:41:43 INFO Executor: Finished task 137.0 in stage 4.0 (TID 141). 4321 bytes result sent to driver
20/07/22 15:41:43 INFO TaskSetManager: Starting task 138.0 in stage 4.0 (TID 142, localhost, executor driver, partition 138, ANY, 5891 bytes)
20/07/22 15:41:43 INFO TaskSetManager: Finished task 137.0 in stage 4.0 (TID 141) in 4 ms on localhost (executor driver) (138/200)
20/07/22 15:41:43 INFO Executor: Running task 138.0 in stage 4.0 (TID 142)
20/07/22 15:41:43 INFO ShuffleBlockFetcherIterator: Getting 1 non-empty blocks out of 1 blocks
20/07/22 15:41:43 INFO ShuffleBlockFetcherIterator: Started 0 remote fetches in 0 ms
20/07/22 15:41:43 INFO Executor: Finished task 138.0 in stage 4.0 (TID 142). 4313 bytes result sent to driver
20/07/22 15:41:43 INFO TaskSetManager: Starting task 139.0 in stage 4.0 (TID 143, localhost, executor driver, partition 139, ANY, 5891 bytes)
20/07/22 15:41:43 INFO Executor: Running task 139.0 in stage 4.0 (TID 143)
20/07/22 15:41:43 INFO TaskSetManager: Finished task 138.0 in stage 4.0 (TID 142) in 4 ms on localhost (executor driver) (139/200)
20/07/22 15:41:43 INFO ShuffleBlockFetcherIterator: Getting 1 non-empty blocks out of 1 blocks
20/07/22 15:41:43 INFO ShuffleBlockFetcherIterator: Started 0 remote fetches in 0 ms
20/07/22 15:41:43 INFO Executor: Finished task 139.0 in stage 4.0 (TID 143). 4313 bytes result sent to driver
20/07/22 15:41:43 INFO TaskSetManager: Starting task 140.0 in stage 4.0 (TID 144, localhost, executor driver, partition 140, ANY, 5891 bytes)
20/07/22 15:41:43 INFO Executor: Running task 140.0 in stage 4.0 (TID 144)
20/07/22 15:41:43 INFO TaskSetManager: Finished task 139.0 in stage 4.0 (TID 143) in 6 ms on localhost (executor driver) (140/200)
20/07/22 15:41:43 INFO ShuffleBlockFetcherIterator: Getting 1 non-empty blocks out of 1 blocks
20/07/22 15:41:43 INFO ShuffleBlockFetcherIterator: Started 0 remote fetches in 0 ms
20/07/22 15:41:43 INFO Executor: Finished task 140.0 in stage 4.0 (TID 144). 4313 bytes result sent to driver
20/07/22 15:41:43 INFO TaskSetManager: Starting task 141.0 in stage 4.0 (TID 145, localhost, executor driver, partition 141, ANY, 5891 bytes)
20/07/22 15:41:43 INFO Executor: Running task 141.0 in stage 4.0 (TID 145)
20/07/22 15:41:43 INFO TaskSetManager: Finished task 140.0 in stage 4.0 (TID 144) in 5 ms on localhost (executor driver) (141/200)
20/07/22 15:41:43 INFO ShuffleBlockFetcherIterator: Getting 1 non-empty blocks out of 1 blocks
20/07/22 15:41:43 INFO ShuffleBlockFetcherIterator: Started 0 remote fetches in 0 ms
20/07/22 15:41:43 INFO Executor: Finished task 141.0 in stage 4.0 (TID 145). 4321 bytes result sent to driver
20/07/22 15:41:43 INFO TaskSetManager: Starting task 142.0 in stage 4.0 (TID 146, localhost, executor driver, partition 142, ANY, 5891 bytes)
20/07/22 15:41:43 INFO Executor: Running task 142.0 in stage 4.0 (TID 146)
20/07/22 15:41:43 INFO TaskSetManager: Finished task 141.0 in stage 4.0 (TID 145) in 5 ms on localhost (executor driver) (142/200)
20/07/22 15:41:43 INFO ShuffleBlockFetcherIterator: Getting 1 non-empty blocks out of 1 blocks
20/07/22 15:41:43 INFO ShuffleBlockFetcherIterator: Started 0 remote fetches in 0 ms
20/07/22 15:41:43 INFO Executor: Finished task 142.0 in stage 4.0 (TID 146). 4313 bytes result sent to driver
20/07/22 15:41:43 INFO TaskSetManager: Starting task 143.0 in stage 4.0 (TID 147, localhost, executor driver, partition 143, ANY, 5891 bytes)
20/07/22 15:41:43 INFO Executor: Running task 143.0 in stage 4.0 (TID 147)
20/07/22 15:41:43 INFO TaskSetManager: Finished task 142.0 in stage 4.0 (TID 146) in 3 ms on localhost (executor driver) (143/200)
20/07/22 15:41:43 INFO ShuffleBlockFetcherIterator: Getting 1 non-empty blocks out of 1 blocks
20/07/22 15:41:43 INFO ShuffleBlockFetcherIterator: Started 0 remote fetches in 0 ms
20/07/22 15:41:43 INFO Executor: Finished task 143.0 in stage 4.0 (TID 147). 4242 bytes result sent to driver
20/07/22 15:41:43 INFO TaskSetManager: Starting task 144.0 in stage 4.0 (TID 148, localhost, executor driver, partition 144, ANY, 5891 bytes)
20/07/22 15:41:43 INFO TaskSetManager: Finished task 143.0 in stage 4.0 (TID 147) in 3 ms on localhost (executor driver) (144/200)
20/07/22 15:41:43 INFO Executor: Running task 144.0 in stage 4.0 (TID 148)
20/07/22 15:41:43 INFO ShuffleBlockFetcherIterator: Getting 1 non-empty blocks out of 1 blocks
20/07/22 15:41:43 INFO ShuffleBlockFetcherIterator: Started 0 remote fetches in 0 ms
20/07/22 15:41:43 INFO Executor: Finished task 144.0 in stage 4.0 (TID 148). 4321 bytes result sent to driver
20/07/22 15:41:43 INFO TaskSetManager: Starting task 145.0 in stage 4.0 (TID 149, localhost, executor driver, partition 145, ANY, 5891 bytes)
20/07/22 15:41:43 INFO Executor: Running task 145.0 in stage 4.0 (TID 149)
20/07/22 15:41:43 INFO TaskSetManager: Finished task 144.0 in stage 4.0 (TID 148) in 4 ms on localhost (executor driver) (145/200)
20/07/22 15:41:43 INFO ShuffleBlockFetcherIterator: Getting 1 non-empty blocks out of 1 blocks
20/07/22 15:41:43 INFO ShuffleBlockFetcherIterator: Started 0 remote fetches in 0 ms
20/07/22 15:41:43 INFO Executor: Finished task 145.0 in stage 4.0 (TID 149). 4313 bytes result sent to driver
20/07/22 15:41:43 INFO TaskSetManager: Starting task 146.0 in stage 4.0 (TID 150, localhost, executor driver, partition 146, ANY, 5891 bytes)
20/07/22 15:41:43 INFO Executor: Running task 146.0 in stage 4.0 (TID 150)
20/07/22 15:41:43 INFO TaskSetManager: Finished task 145.0 in stage 4.0 (TID 149) in 4 ms on localhost (executor driver) (146/200)
20/07/22 15:41:43 INFO ShuffleBlockFetcherIterator: Getting 1 non-empty blocks out of 1 blocks
20/07/22 15:41:43 INFO ShuffleBlockFetcherIterator: Started 0 remote fetches in 0 ms
20/07/22 15:41:43 INFO Executor: Finished task 146.0 in stage 4.0 (TID 150). 4321 bytes result sent to driver
20/07/22 15:41:43 INFO TaskSetManager: Starting task 147.0 in stage 4.0 (TID 151, localhost, executor driver, partition 147, ANY, 5891 bytes)
20/07/22 15:41:43 INFO TaskSetManager: Finished task 146.0 in stage 4.0 (TID 150) in 4 ms on localhost (executor driver) (147/200)
20/07/22 15:41:43 INFO Executor: Running task 147.0 in stage 4.0 (TID 151)
20/07/22 15:41:43 INFO ShuffleBlockFetcherIterator: Getting 1 non-empty blocks out of 1 blocks
20/07/22 15:41:43 INFO ShuffleBlockFetcherIterator: Started 0 remote fetches in 0 ms
20/07/22 15:41:43 INFO Executor: Finished task 147.0 in stage 4.0 (TID 151). 4321 bytes result sent to driver
20/07/22 15:41:43 INFO TaskSetManager: Starting task 148.0 in stage 4.0 (TID 152, localhost, executor driver, partition 148, ANY, 5891 bytes)
20/07/22 15:41:43 INFO Executor: Running task 148.0 in stage 4.0 (TID 152)
20/07/22 15:41:43 INFO TaskSetManager: Finished task 147.0 in stage 4.0 (TID 151) in 4 ms on localhost (executor driver) (148/200)
20/07/22 15:41:43 INFO ShuffleBlockFetcherIterator: Getting 1 non-empty blocks out of 1 blocks
20/07/22 15:41:43 INFO ShuffleBlockFetcherIterator: Started 0 remote fetches in 0 ms
20/07/22 15:41:43 INFO Executor: Finished task 148.0 in stage 4.0 (TID 152). 4394 bytes result sent to driver
20/07/22 15:41:43 INFO TaskSetManager: Starting task 149.0 in stage 4.0 (TID 153, localhost, executor driver, partition 149, ANY, 5891 bytes)
20/07/22 15:41:43 INFO Executor: Running task 149.0 in stage 4.0 (TID 153)
20/07/22 15:41:43 INFO TaskSetManager: Finished task 148.0 in stage 4.0 (TID 152) in 10 ms on localhost (executor driver) (149/200)
20/07/22 15:41:43 INFO ShuffleBlockFetcherIterator: Getting 1 non-empty blocks out of 1 blocks
20/07/22 15:41:43 INFO ShuffleBlockFetcherIterator: Started 0 remote fetches in 0 ms
20/07/22 15:41:43 INFO Executor: Finished task 149.0 in stage 4.0 (TID 153). 4313 bytes result sent to driver
20/07/22 15:41:43 INFO TaskSetManager: Starting task 150.0 in stage 4.0 (TID 154, localhost, executor driver, partition 150, ANY, 5891 bytes)
20/07/22 15:41:43 INFO Executor: Running task 150.0 in stage 4.0 (TID 154)
20/07/22 15:41:43 INFO TaskSetManager: Finished task 149.0 in stage 4.0 (TID 153) in 3 ms on localhost (executor driver) (150/200)
20/07/22 15:41:43 INFO ShuffleBlockFetcherIterator: Getting 1 non-empty blocks out of 1 blocks
20/07/22 15:41:43 INFO ShuffleBlockFetcherIterator: Started 0 remote fetches in 0 ms
20/07/22 15:41:43 INFO Executor: Finished task 150.0 in stage 4.0 (TID 154). 4321 bytes result sent to driver
20/07/22 15:41:43 INFO TaskSetManager: Starting task 151.0 in stage 4.0 (TID 155, localhost, executor driver, partition 151, ANY, 5891 bytes)
20/07/22 15:41:43 INFO Executor: Running task 151.0 in stage 4.0 (TID 155)
20/07/22 15:41:43 INFO TaskSetManager: Finished task 150.0 in stage 4.0 (TID 154) in 4 ms on localhost (executor driver) (151/200)
20/07/22 15:41:43 INFO ShuffleBlockFetcherIterator: Getting 1 non-empty blocks out of 1 blocks
20/07/22 15:41:43 INFO ShuffleBlockFetcherIterator: Started 0 remote fetches in 0 ms
20/07/22 15:41:43 INFO Executor: Finished task 151.0 in stage 4.0 (TID 155). 4321 bytes result sent to driver
20/07/22 15:41:43 INFO TaskSetManager: Starting task 152.0 in stage 4.0 (TID 156, localhost, executor driver, partition 152, ANY, 5891 bytes)
20/07/22 15:41:43 INFO TaskSetManager: Finished task 151.0 in stage 4.0 (TID 155) in 3 ms on localhost (executor driver) (152/200)
20/07/22 15:41:43 INFO Executor: Running task 152.0 in stage 4.0 (TID 156)
20/07/22 15:41:43 INFO ShuffleBlockFetcherIterator: Getting 1 non-empty blocks out of 1 blocks
20/07/22 15:41:43 INFO ShuffleBlockFetcherIterator: Started 0 remote fetches in 0 ms
20/07/22 15:41:43 INFO Executor: Finished task 152.0 in stage 4.0 (TID 156). 4321 bytes result sent to driver
20/07/22 15:41:43 INFO TaskSetManager: Starting task 153.0 in stage 4.0 (TID 157, localhost, executor driver, partition 153, ANY, 5891 bytes)
20/07/22 15:41:43 INFO Executor: Running task 153.0 in stage 4.0 (TID 157)
20/07/22 15:41:43 INFO TaskSetManager: Finished task 152.0 in stage 4.0 (TID 156) in 4 ms on localhost (executor driver) (153/200)
20/07/22 15:41:43 INFO ShuffleBlockFetcherIterator: Getting 1 non-empty blocks out of 1 blocks
20/07/22 15:41:43 INFO ShuffleBlockFetcherIterator: Started 0 remote fetches in 0 ms
20/07/22 15:41:43 INFO Executor: Finished task 153.0 in stage 4.0 (TID 157). 4321 bytes result sent to driver
20/07/22 15:41:43 INFO TaskSetManager: Starting task 154.0 in stage 4.0 (TID 158, localhost, executor driver, partition 154, ANY, 5891 bytes)
20/07/22 15:41:43 INFO Executor: Running task 154.0 in stage 4.0 (TID 158)
20/07/22 15:41:43 INFO TaskSetManager: Finished task 153.0 in stage 4.0 (TID 157) in 3 ms on localhost (executor driver) (154/200)
20/07/22 15:41:43 INFO ShuffleBlockFetcherIterator: Getting 1 non-empty blocks out of 1 blocks
20/07/22 15:41:43 INFO ShuffleBlockFetcherIterator: Started 0 remote fetches in 0 ms
20/07/22 15:41:43 INFO Executor: Finished task 154.0 in stage 4.0 (TID 158). 4313 bytes result sent to driver
20/07/22 15:41:43 INFO TaskSetManager: Starting task 155.0 in stage 4.0 (TID 159, localhost, executor driver, partition 155, ANY, 5891 bytes)
20/07/22 15:41:43 INFO Executor: Running task 155.0 in stage 4.0 (TID 159)
20/07/22 15:41:43 INFO TaskSetManager: Finished task 154.0 in stage 4.0 (TID 158) in 4 ms on localhost (executor driver) (155/200)
20/07/22 15:41:43 INFO ShuffleBlockFetcherIterator: Getting 1 non-empty blocks out of 1 blocks
20/07/22 15:41:43 INFO ShuffleBlockFetcherIterator: Started 0 remote fetches in 0 ms
20/07/22 15:41:43 INFO Executor: Finished task 155.0 in stage 4.0 (TID 159). 4321 bytes result sent to driver
20/07/22 15:41:43 INFO TaskSetManager: Starting task 156.0 in stage 4.0 (TID 160, localhost, executor driver, partition 156, ANY, 5891 bytes)
20/07/22 15:41:43 INFO Executor: Running task 156.0 in stage 4.0 (TID 160)
20/07/22 15:41:43 INFO TaskSetManager: Finished task 155.0 in stage 4.0 (TID 159) in 4 ms on localhost (executor driver) (156/200)
20/07/22 15:41:43 INFO ShuffleBlockFetcherIterator: Getting 1 non-empty blocks out of 1 blocks
20/07/22 15:41:43 INFO ShuffleBlockFetcherIterator: Started 0 remote fetches in 0 ms
20/07/22 15:41:43 INFO Executor: Finished task 156.0 in stage 4.0 (TID 160). 4353 bytes result sent to driver
20/07/22 15:41:43 INFO TaskSetManager: Starting task 157.0 in stage 4.0 (TID 161, localhost, executor driver, partition 157, ANY, 5891 bytes)
20/07/22 15:41:43 INFO Executor: Running task 157.0 in stage 4.0 (TID 161)
20/07/22 15:41:43 INFO TaskSetManager: Finished task 156.0 in stage 4.0 (TID 160) in 3 ms on localhost (executor driver) (157/200)
20/07/22 15:41:43 INFO ShuffleBlockFetcherIterator: Getting 1 non-empty blocks out of 1 blocks
20/07/22 15:41:43 INFO ShuffleBlockFetcherIterator: Started 0 remote fetches in 0 ms
20/07/22 15:41:43 INFO Executor: Finished task 157.0 in stage 4.0 (TID 161). 4321 bytes result sent to driver
20/07/22 15:41:43 INFO TaskSetManager: Starting task 158.0 in stage 4.0 (TID 162, localhost, executor driver, partition 158, ANY, 5891 bytes)
20/07/22 15:41:43 INFO Executor: Running task 158.0 in stage 4.0 (TID 162)
20/07/22 15:41:43 INFO TaskSetManager: Finished task 157.0 in stage 4.0 (TID 161) in 4 ms on localhost (executor driver) (158/200)
20/07/22 15:41:43 INFO ShuffleBlockFetcherIterator: Getting 1 non-empty blocks out of 1 blocks
20/07/22 15:41:43 INFO ShuffleBlockFetcherIterator: Started 0 remote fetches in 0 ms
20/07/22 15:41:43 INFO Executor: Finished task 158.0 in stage 4.0 (TID 162). 4313 bytes result sent to driver
20/07/22 15:41:43 INFO TaskSetManager: Starting task 159.0 in stage 4.0 (TID 163, localhost, executor driver, partition 159, ANY, 5891 bytes)
20/07/22 15:41:43 INFO TaskSetManager: Finished task 158.0 in stage 4.0 (TID 162) in 4 ms on localhost (executor driver) (159/200)
20/07/22 15:41:43 INFO Executor: Running task 159.0 in stage 4.0 (TID 163)
20/07/22 15:41:43 INFO ShuffleBlockFetcherIterator: Getting 1 non-empty blocks out of 1 blocks
20/07/22 15:41:43 INFO ShuffleBlockFetcherIterator: Started 0 remote fetches in 0 ms
20/07/22 15:41:43 INFO Executor: Finished task 159.0 in stage 4.0 (TID 163). 4313 bytes result sent to driver
20/07/22 15:41:43 INFO TaskSetManager: Starting task 160.0 in stage 4.0 (TID 164, localhost, executor driver, partition 160, ANY, 5891 bytes)
20/07/22 15:41:43 INFO TaskSetManager: Finished task 159.0 in stage 4.0 (TID 163) in 4 ms on localhost (executor driver) (160/200)
20/07/22 15:41:43 INFO Executor: Running task 160.0 in stage 4.0 (TID 164)
20/07/22 15:41:43 INFO ShuffleBlockFetcherIterator: Getting 1 non-empty blocks out of 1 blocks
20/07/22 15:41:43 INFO ShuffleBlockFetcherIterator: Started 0 remote fetches in 0 ms
20/07/22 15:41:43 INFO Executor: Finished task 160.0 in stage 4.0 (TID 164). 4329 bytes result sent to driver
20/07/22 15:41:43 INFO TaskSetManager: Starting task 161.0 in stage 4.0 (TID 165, localhost, executor driver, partition 161, ANY, 5891 bytes)
20/07/22 15:41:43 INFO Executor: Running task 161.0 in stage 4.0 (TID 165)
20/07/22 15:41:43 INFO TaskSetManager: Finished task 160.0 in stage 4.0 (TID 164) in 4 ms on localhost (executor driver) (161/200)
20/07/22 15:41:43 INFO ShuffleBlockFetcherIterator: Getting 1 non-empty blocks out of 1 blocks
20/07/22 15:41:43 INFO ShuffleBlockFetcherIterator: Started 0 remote fetches in 0 ms
20/07/22 15:41:43 INFO Executor: Finished task 161.0 in stage 4.0 (TID 165). 4321 bytes result sent to driver
20/07/22 15:41:43 INFO TaskSetManager: Starting task 162.0 in stage 4.0 (TID 166, localhost, executor driver, partition 162, ANY, 5891 bytes)
20/07/22 15:41:43 INFO Executor: Running task 162.0 in stage 4.0 (TID 166)
20/07/22 15:41:43 INFO TaskSetManager: Finished task 161.0 in stage 4.0 (TID 165) in 4 ms on localhost (executor driver) (162/200)
20/07/22 15:41:43 INFO ShuffleBlockFetcherIterator: Getting 1 non-empty blocks out of 1 blocks
20/07/22 15:41:43 INFO ShuffleBlockFetcherIterator: Started 0 remote fetches in 0 ms
20/07/22 15:41:43 INFO Executor: Finished task 162.0 in stage 4.0 (TID 166). 4321 bytes result sent to driver
20/07/22 15:41:43 INFO TaskSetManager: Starting task 163.0 in stage 4.0 (TID 167, localhost, executor driver, partition 163, ANY, 5891 bytes)
20/07/22 15:41:43 INFO Executor: Running task 163.0 in stage 4.0 (TID 167)
20/07/22 15:41:43 INFO TaskSetManager: Finished task 162.0 in stage 4.0 (TID 166) in 4 ms on localhost (executor driver) (163/200)
20/07/22 15:41:43 INFO ShuffleBlockFetcherIterator: Getting 1 non-empty blocks out of 1 blocks
20/07/22 15:41:43 INFO ShuffleBlockFetcherIterator: Started 0 remote fetches in 0 ms
20/07/22 15:41:43 INFO Executor: Finished task 163.0 in stage 4.0 (TID 167). 4313 bytes result sent to driver
20/07/22 15:41:43 INFO TaskSetManager: Starting task 164.0 in stage 4.0 (TID 168, localhost, executor driver, partition 164, ANY, 5891 bytes)
20/07/22 15:41:43 INFO Executor: Running task 164.0 in stage 4.0 (TID 168)
20/07/22 15:41:43 INFO TaskSetManager: Finished task 163.0 in stage 4.0 (TID 167) in 4 ms on localhost (executor driver) (164/200)
20/07/22 15:41:43 INFO ShuffleBlockFetcherIterator: Getting 1 non-empty blocks out of 1 blocks
20/07/22 15:41:43 INFO ShuffleBlockFetcherIterator: Started 0 remote fetches in 0 ms
20/07/22 15:41:43 INFO Executor: Finished task 164.0 in stage 4.0 (TID 168). 4313 bytes result sent to driver
20/07/22 15:41:43 INFO TaskSetManager: Starting task 165.0 in stage 4.0 (TID 169, localhost, executor driver, partition 165, ANY, 5891 bytes)
20/07/22 15:41:43 INFO Executor: Running task 165.0 in stage 4.0 (TID 169)
20/07/22 15:41:43 INFO TaskSetManager: Finished task 164.0 in stage 4.0 (TID 168) in 3 ms on localhost (executor driver) (165/200)
20/07/22 15:41:43 INFO ShuffleBlockFetcherIterator: Getting 1 non-empty blocks out of 1 blocks
20/07/22 15:41:43 INFO ShuffleBlockFetcherIterator: Started 0 remote fetches in 0 ms
20/07/22 15:41:43 INFO Executor: Finished task 165.0 in stage 4.0 (TID 169). 4321 bytes result sent to driver
20/07/22 15:41:43 INFO TaskSetManager: Starting task 166.0 in stage 4.0 (TID 170, localhost, executor driver, partition 166, ANY, 5891 bytes)
20/07/22 15:41:43 INFO TaskSetManager: Finished task 165.0 in stage 4.0 (TID 169) in 4 ms on localhost (executor driver) (166/200)
20/07/22 15:41:43 INFO Executor: Running task 166.0 in stage 4.0 (TID 170)
20/07/22 15:41:43 INFO ShuffleBlockFetcherIterator: Getting 1 non-empty blocks out of 1 blocks
20/07/22 15:41:43 INFO ShuffleBlockFetcherIterator: Started 0 remote fetches in 0 ms
20/07/22 15:41:43 INFO Executor: Finished task 166.0 in stage 4.0 (TID 170). 4234 bytes result sent to driver
20/07/22 15:41:43 INFO TaskSetManager: Starting task 167.0 in stage 4.0 (TID 171, localhost, executor driver, partition 167, ANY, 5891 bytes)
20/07/22 15:41:43 INFO Executor: Running task 167.0 in stage 4.0 (TID 171)
20/07/22 15:41:43 INFO TaskSetManager: Finished task 166.0 in stage 4.0 (TID 170) in 4 ms on localhost (executor driver) (167/200)
20/07/22 15:41:43 INFO ShuffleBlockFetcherIterator: Getting 1 non-empty blocks out of 1 blocks
20/07/22 15:41:43 INFO ShuffleBlockFetcherIterator: Started 0 remote fetches in 0 ms
20/07/22 15:41:43 INFO Executor: Finished task 167.0 in stage 4.0 (TID 171). 4242 bytes result sent to driver
20/07/22 15:41:43 INFO TaskSetManager: Starting task 168.0 in stage 4.0 (TID 172, localhost, executor driver, partition 168, ANY, 5891 bytes)
20/07/22 15:41:43 INFO Executor: Running task 168.0 in stage 4.0 (TID 172)
20/07/22 15:41:43 INFO TaskSetManager: Finished task 167.0 in stage 4.0 (TID 171) in 3 ms on localhost (executor driver) (168/200)
20/07/22 15:41:43 INFO ShuffleBlockFetcherIterator: Getting 1 non-empty blocks out of 1 blocks
20/07/22 15:41:43 INFO ShuffleBlockFetcherIterator: Started 0 remote fetches in 0 ms
20/07/22 15:41:43 INFO Executor: Finished task 168.0 in stage 4.0 (TID 172). 4313 bytes result sent to driver
20/07/22 15:41:43 INFO TaskSetManager: Starting task 169.0 in stage 4.0 (TID 173, localhost, executor driver, partition 169, ANY, 5891 bytes)
20/07/22 15:41:43 INFO Executor: Running task 169.0 in stage 4.0 (TID 173)
20/07/22 15:41:43 INFO TaskSetManager: Finished task 168.0 in stage 4.0 (TID 172) in 3 ms on localhost (executor driver) (169/200)
20/07/22 15:41:43 INFO ShuffleBlockFetcherIterator: Getting 1 non-empty blocks out of 1 blocks
20/07/22 15:41:43 INFO ShuffleBlockFetcherIterator: Started 0 remote fetches in 0 ms
20/07/22 15:41:43 INFO Executor: Finished task 169.0 in stage 4.0 (TID 173). 4321 bytes result sent to driver
20/07/22 15:41:43 INFO TaskSetManager: Starting task 170.0 in stage 4.0 (TID 174, localhost, executor driver, partition 170, ANY, 5891 bytes)
20/07/22 15:41:43 INFO TaskSetManager: Finished task 169.0 in stage 4.0 (TID 173) in 3 ms on localhost (executor driver) (170/200)
20/07/22 15:41:43 INFO Executor: Running task 170.0 in stage 4.0 (TID 174)
20/07/22 15:41:43 INFO ShuffleBlockFetcherIterator: Getting 1 non-empty blocks out of 1 blocks
20/07/22 15:41:43 INFO ShuffleBlockFetcherIterator: Started 0 remote fetches in 0 ms
20/07/22 15:41:43 INFO Executor: Finished task 170.0 in stage 4.0 (TID 174). 4321 bytes result sent to driver
20/07/22 15:41:43 INFO TaskSetManager: Starting task 171.0 in stage 4.0 (TID 175, localhost, executor driver, partition 171, ANY, 5891 bytes)
20/07/22 15:41:43 INFO TaskSetManager: Finished task 170.0 in stage 4.0 (TID 174) in 4 ms on localhost (executor driver) (171/200)
20/07/22 15:41:43 INFO Executor: Running task 171.0 in stage 4.0 (TID 175)
20/07/22 15:41:43 INFO ShuffleBlockFetcherIterator: Getting 1 non-empty blocks out of 1 blocks
20/07/22 15:41:43 INFO ShuffleBlockFetcherIterator: Started 0 remote fetches in 0 ms
20/07/22 15:41:43 INFO Executor: Finished task 171.0 in stage 4.0 (TID 175). 4321 bytes result sent to driver
20/07/22 15:41:43 INFO TaskSetManager: Starting task 172.0 in stage 4.0 (TID 176, localhost, executor driver, partition 172, ANY, 5891 bytes)
20/07/22 15:41:43 INFO TaskSetManager: Finished task 171.0 in stage 4.0 (TID 175) in 4 ms on localhost (executor driver) (172/200)
20/07/22 15:41:43 INFO Executor: Running task 172.0 in stage 4.0 (TID 176)
20/07/22 15:41:43 INFO ShuffleBlockFetcherIterator: Getting 1 non-empty blocks out of 1 blocks
20/07/22 15:41:43 INFO ShuffleBlockFetcherIterator: Started 0 remote fetches in 0 ms
20/07/22 15:41:43 INFO Executor: Finished task 172.0 in stage 4.0 (TID 176). 4329 bytes result sent to driver
20/07/22 15:41:43 INFO TaskSetManager: Starting task 173.0 in stage 4.0 (TID 177, localhost, executor driver, partition 173, ANY, 5891 bytes)
20/07/22 15:41:43 INFO Executor: Running task 173.0 in stage 4.0 (TID 177)
20/07/22 15:41:43 INFO TaskSetManager: Finished task 172.0 in stage 4.0 (TID 176) in 4 ms on localhost (executor driver) (173/200)
20/07/22 15:41:43 INFO ShuffleBlockFetcherIterator: Getting 1 non-empty blocks out of 1 blocks
20/07/22 15:41:43 INFO ShuffleBlockFetcherIterator: Started 0 remote fetches in 0 ms
20/07/22 15:41:43 INFO Executor: Finished task 173.0 in stage 4.0 (TID 177). 4321 bytes result sent to driver
20/07/22 15:41:43 INFO TaskSetManager: Starting task 174.0 in stage 4.0 (TID 178, localhost, executor driver, partition 174, ANY, 5891 bytes)
20/07/22 15:41:43 INFO Executor: Running task 174.0 in stage 4.0 (TID 178)
20/07/22 15:41:43 INFO TaskSetManager: Finished task 173.0 in stage 4.0 (TID 177) in 3 ms on localhost (executor driver) (174/200)
20/07/22 15:41:43 INFO ShuffleBlockFetcherIterator: Getting 1 non-empty blocks out of 1 blocks
20/07/22 15:41:43 INFO ShuffleBlockFetcherIterator: Started 0 remote fetches in 0 ms
20/07/22 15:41:43 INFO Executor: Finished task 174.0 in stage 4.0 (TID 178). 4313 bytes result sent to driver
20/07/22 15:41:43 INFO TaskSetManager: Starting task 175.0 in stage 4.0 (TID 179, localhost, executor driver, partition 175, ANY, 5891 bytes)
20/07/22 15:41:43 INFO Executor: Running task 175.0 in stage 4.0 (TID 179)
20/07/22 15:41:43 INFO TaskSetManager: Finished task 174.0 in stage 4.0 (TID 178) in 4 ms on localhost (executor driver) (175/200)
20/07/22 15:41:43 INFO ShuffleBlockFetcherIterator: Getting 1 non-empty blocks out of 1 blocks
20/07/22 15:41:43 INFO ShuffleBlockFetcherIterator: Started 0 remote fetches in 0 ms
20/07/22 15:41:43 INFO Executor: Finished task 175.0 in stage 4.0 (TID 179). 4313 bytes result sent to driver
20/07/22 15:41:43 INFO TaskSetManager: Starting task 176.0 in stage 4.0 (TID 180, localhost, executor driver, partition 176, ANY, 5891 bytes)
20/07/22 15:41:43 INFO TaskSetManager: Finished task 175.0 in stage 4.0 (TID 179) in 4 ms on localhost (executor driver) (176/200)
20/07/22 15:41:43 INFO Executor: Running task 176.0 in stage 4.0 (TID 180)
20/07/22 15:41:43 INFO ShuffleBlockFetcherIterator: Getting 1 non-empty blocks out of 1 blocks
20/07/22 15:41:43 INFO ShuffleBlockFetcherIterator: Started 0 remote fetches in 0 ms
20/07/22 15:41:43 INFO Executor: Finished task 176.0 in stage 4.0 (TID 180). 4313 bytes result sent to driver
20/07/22 15:41:43 INFO TaskSetManager: Starting task 177.0 in stage 4.0 (TID 181, localhost, executor driver, partition 177, ANY, 5891 bytes)
20/07/22 15:41:43 INFO Executor: Running task 177.0 in stage 4.0 (TID 181)
20/07/22 15:41:43 INFO TaskSetManager: Finished task 176.0 in stage 4.0 (TID 180) in 4 ms on localhost (executor driver) (177/200)
20/07/22 15:41:43 INFO ShuffleBlockFetcherIterator: Getting 1 non-empty blocks out of 1 blocks
20/07/22 15:41:43 INFO ShuffleBlockFetcherIterator: Started 0 remote fetches in 0 ms
20/07/22 15:41:43 INFO Executor: Finished task 177.0 in stage 4.0 (TID 181). 4321 bytes result sent to driver
20/07/22 15:41:43 INFO TaskSetManager: Starting task 178.0 in stage 4.0 (TID 182, localhost, executor driver, partition 178, ANY, 5891 bytes)
20/07/22 15:41:43 INFO Executor: Running task 178.0 in stage 4.0 (TID 182)
20/07/22 15:41:43 INFO TaskSetManager: Finished task 177.0 in stage 4.0 (TID 181) in 4 ms on localhost (executor driver) (178/200)
20/07/22 15:41:43 INFO ShuffleBlockFetcherIterator: Getting 1 non-empty blocks out of 1 blocks
20/07/22 15:41:43 INFO ShuffleBlockFetcherIterator: Started 0 remote fetches in 0 ms
20/07/22 15:41:43 INFO Executor: Finished task 178.0 in stage 4.0 (TID 182). 4321 bytes result sent to driver
20/07/22 15:41:43 INFO TaskSetManager: Starting task 179.0 in stage 4.0 (TID 183, localhost, executor driver, partition 179, ANY, 5891 bytes)
20/07/22 15:41:43 INFO Executor: Running task 179.0 in stage 4.0 (TID 183)
20/07/22 15:41:43 INFO TaskSetManager: Finished task 178.0 in stage 4.0 (TID 182) in 4 ms on localhost (executor driver) (179/200)
20/07/22 15:41:43 INFO ShuffleBlockFetcherIterator: Getting 1 non-empty blocks out of 1 blocks
20/07/22 15:41:43 INFO ShuffleBlockFetcherIterator: Started 0 remote fetches in 0 ms
20/07/22 15:41:43 INFO Executor: Finished task 179.0 in stage 4.0 (TID 183). 4313 bytes result sent to driver
20/07/22 15:41:43 INFO TaskSetManager: Starting task 180.0 in stage 4.0 (TID 184, localhost, executor driver, partition 180, ANY, 5891 bytes)
20/07/22 15:41:43 INFO Executor: Running task 180.0 in stage 4.0 (TID 184)
20/07/22 15:41:43 INFO TaskSetManager: Finished task 179.0 in stage 4.0 (TID 183) in 4 ms on localhost (executor driver) (180/200)
20/07/22 15:41:43 INFO ShuffleBlockFetcherIterator: Getting 1 non-empty blocks out of 1 blocks
20/07/22 15:41:43 INFO ShuffleBlockFetcherIterator: Started 0 remote fetches in 0 ms
20/07/22 15:41:43 INFO Executor: Finished task 180.0 in stage 4.0 (TID 184). 4321 bytes result sent to driver
20/07/22 15:41:43 INFO TaskSetManager: Starting task 181.0 in stage 4.0 (TID 185, localhost, executor driver, partition 181, ANY, 5891 bytes)
20/07/22 15:41:43 INFO Executor: Running task 181.0 in stage 4.0 (TID 185)
20/07/22 15:41:43 INFO TaskSetManager: Finished task 180.0 in stage 4.0 (TID 184) in 3 ms on localhost (executor driver) (181/200)
20/07/22 15:41:43 INFO ShuffleBlockFetcherIterator: Getting 1 non-empty blocks out of 1 blocks
20/07/22 15:41:43 INFO ShuffleBlockFetcherIterator: Started 0 remote fetches in 0 ms
20/07/22 15:41:43 INFO Executor: Finished task 181.0 in stage 4.0 (TID 185). 4313 bytes result sent to driver
20/07/22 15:41:43 INFO TaskSetManager: Starting task 182.0 in stage 4.0 (TID 186, localhost, executor driver, partition 182, ANY, 5891 bytes)
20/07/22 15:41:43 INFO Executor: Running task 182.0 in stage 4.0 (TID 186)
20/07/22 15:41:43 INFO TaskSetManager: Finished task 181.0 in stage 4.0 (TID 185) in 4 ms on localhost (executor driver) (182/200)
20/07/22 15:41:43 INFO ShuffleBlockFetcherIterator: Getting 1 non-empty blocks out of 1 blocks
20/07/22 15:41:43 INFO ShuffleBlockFetcherIterator: Started 0 remote fetches in 0 ms
20/07/22 15:41:43 INFO Executor: Finished task 182.0 in stage 4.0 (TID 186). 4313 bytes result sent to driver
20/07/22 15:41:43 INFO TaskSetManager: Starting task 183.0 in stage 4.0 (TID 187, localhost, executor driver, partition 183, ANY, 5891 bytes)
20/07/22 15:41:43 INFO Executor: Running task 183.0 in stage 4.0 (TID 187)
20/07/22 15:41:43 INFO TaskSetManager: Finished task 182.0 in stage 4.0 (TID 186) in 4 ms on localhost (executor driver) (183/200)
20/07/22 15:41:43 INFO ShuffleBlockFetcherIterator: Getting 1 non-empty blocks out of 1 blocks
20/07/22 15:41:43 INFO ShuffleBlockFetcherIterator: Started 0 remote fetches in 0 ms
20/07/22 15:41:43 INFO Executor: Finished task 183.0 in stage 4.0 (TID 187). 4313 bytes result sent to driver
20/07/22 15:41:43 INFO TaskSetManager: Starting task 184.0 in stage 4.0 (TID 188, localhost, executor driver, partition 184, ANY, 5891 bytes)
20/07/22 15:41:43 INFO Executor: Running task 184.0 in stage 4.0 (TID 188)
20/07/22 15:41:43 INFO TaskSetManager: Finished task 183.0 in stage 4.0 (TID 187) in 4 ms on localhost (executor driver) (184/200)
20/07/22 15:41:43 INFO ShuffleBlockFetcherIterator: Getting 1 non-empty blocks out of 1 blocks
20/07/22 15:41:43 INFO ShuffleBlockFetcherIterator: Started 0 remote fetches in 0 ms
20/07/22 15:41:43 INFO Executor: Finished task 184.0 in stage 4.0 (TID 188). 4321 bytes result sent to driver
20/07/22 15:41:43 INFO TaskSetManager: Starting task 185.0 in stage 4.0 (TID 189, localhost, executor driver, partition 185, ANY, 5891 bytes)
20/07/22 15:41:43 INFO TaskSetManager: Finished task 184.0 in stage 4.0 (TID 188) in 5 ms on localhost (executor driver) (185/200)
20/07/22 15:41:43 INFO Executor: Running task 185.0 in stage 4.0 (TID 189)
20/07/22 15:41:43 INFO ShuffleBlockFetcherIterator: Getting 1 non-empty blocks out of 1 blocks
20/07/22 15:41:43 INFO ShuffleBlockFetcherIterator: Started 0 remote fetches in 0 ms
20/07/22 15:41:43 INFO Executor: Finished task 185.0 in stage 4.0 (TID 189). 4313 bytes result sent to driver
20/07/22 15:41:43 INFO TaskSetManager: Starting task 186.0 in stage 4.0 (TID 190, localhost, executor driver, partition 186, ANY, 5891 bytes)
20/07/22 15:41:43 INFO Executor: Running task 186.0 in stage 4.0 (TID 190)
20/07/22 15:41:43 INFO TaskSetManager: Finished task 185.0 in stage 4.0 (TID 189) in 4 ms on localhost (executor driver) (186/200)
20/07/22 15:41:43 INFO ShuffleBlockFetcherIterator: Getting 1 non-empty blocks out of 1 blocks
20/07/22 15:41:43 INFO ShuffleBlockFetcherIterator: Started 0 remote fetches in 0 ms
20/07/22 15:41:43 INFO Executor: Finished task 186.0 in stage 4.0 (TID 190). 4313 bytes result sent to driver
20/07/22 15:41:43 INFO TaskSetManager: Starting task 187.0 in stage 4.0 (TID 191, localhost, executor driver, partition 187, ANY, 5891 bytes)
20/07/22 15:41:43 INFO Executor: Running task 187.0 in stage 4.0 (TID 191)
20/07/22 15:41:43 INFO TaskSetManager: Finished task 186.0 in stage 4.0 (TID 190) in 4 ms on localhost (executor driver) (187/200)
20/07/22 15:41:43 INFO ShuffleBlockFetcherIterator: Getting 1 non-empty blocks out of 1 blocks
20/07/22 15:41:43 INFO ShuffleBlockFetcherIterator: Started 0 remote fetches in 0 ms
20/07/22 15:41:43 INFO Executor: Finished task 187.0 in stage 4.0 (TID 191). 4313 bytes result sent to driver
20/07/22 15:41:43 INFO TaskSetManager: Starting task 188.0 in stage 4.0 (TID 192, localhost, executor driver, partition 188, ANY, 5891 bytes)
20/07/22 15:41:43 INFO TaskSetManager: Finished task 187.0 in stage 4.0 (TID 191) in 4 ms on localhost (executor driver) (188/200)
20/07/22 15:41:43 INFO Executor: Running task 188.0 in stage 4.0 (TID 192)
20/07/22 15:41:43 INFO ShuffleBlockFetcherIterator: Getting 1 non-empty blocks out of 1 blocks
20/07/22 15:41:43 INFO ShuffleBlockFetcherIterator: Started 0 remote fetches in 0 ms
20/07/22 15:41:43 INFO Executor: Finished task 188.0 in stage 4.0 (TID 192). 4313 bytes result sent to driver
20/07/22 15:41:43 INFO TaskSetManager: Starting task 189.0 in stage 4.0 (TID 193, localhost, executor driver, partition 189, ANY, 5891 bytes)
20/07/22 15:41:43 INFO TaskSetManager: Finished task 188.0 in stage 4.0 (TID 192) in 5 ms on localhost (executor driver) (189/200)
20/07/22 15:41:43 INFO Executor: Running task 189.0 in stage 4.0 (TID 193)
20/07/22 15:41:43 INFO ShuffleBlockFetcherIterator: Getting 1 non-empty blocks out of 1 blocks
20/07/22 15:41:43 INFO ShuffleBlockFetcherIterator: Started 0 remote fetches in 1 ms
20/07/22 15:41:43 INFO Executor: Finished task 189.0 in stage 4.0 (TID 193). 4321 bytes result sent to driver
20/07/22 15:41:43 INFO TaskSetManager: Starting task 190.0 in stage 4.0 (TID 194, localhost, executor driver, partition 190, ANY, 5891 bytes)
20/07/22 15:41:43 INFO Executor: Running task 190.0 in stage 4.0 (TID 194)
20/07/22 15:41:43 INFO TaskSetManager: Finished task 189.0 in stage 4.0 (TID 193) in 4 ms on localhost (executor driver) (190/200)
20/07/22 15:41:43 INFO ShuffleBlockFetcherIterator: Getting 1 non-empty blocks out of 1 blocks
20/07/22 15:41:43 INFO ShuffleBlockFetcherIterator: Started 0 remote fetches in 0 ms
20/07/22 15:41:43 INFO Executor: Finished task 190.0 in stage 4.0 (TID 194). 4321 bytes result sent to driver
20/07/22 15:41:43 INFO TaskSetManager: Starting task 191.0 in stage 4.0 (TID 195, localhost, executor driver, partition 191, ANY, 5891 bytes)
20/07/22 15:41:43 INFO Executor: Running task 191.0 in stage 4.0 (TID 195)
20/07/22 15:41:43 INFO TaskSetManager: Finished task 190.0 in stage 4.0 (TID 194) in 4 ms on localhost (executor driver) (191/200)
20/07/22 15:41:43 INFO ShuffleBlockFetcherIterator: Getting 1 non-empty blocks out of 1 blocks
20/07/22 15:41:43 INFO ShuffleBlockFetcherIterator: Started 0 remote fetches in 0 ms
20/07/22 15:41:43 INFO Executor: Finished task 191.0 in stage 4.0 (TID 195). 4313 bytes result sent to driver
20/07/22 15:41:43 INFO TaskSetManager: Starting task 192.0 in stage 4.0 (TID 196, localhost, executor driver, partition 192, ANY, 5891 bytes)
20/07/22 15:41:43 INFO Executor: Running task 192.0 in stage 4.0 (TID 196)
20/07/22 15:41:43 INFO TaskSetManager: Finished task 191.0 in stage 4.0 (TID 195) in 4 ms on localhost (executor driver) (192/200)
20/07/22 15:41:43 INFO ShuffleBlockFetcherIterator: Getting 1 non-empty blocks out of 1 blocks
20/07/22 15:41:43 INFO ShuffleBlockFetcherIterator: Started 0 remote fetches in 0 ms
20/07/22 15:41:43 INFO Executor: Finished task 192.0 in stage 4.0 (TID 196). 4321 bytes result sent to driver
20/07/22 15:41:43 INFO TaskSetManager: Starting task 193.0 in stage 4.0 (TID 197, localhost, executor driver, partition 193, ANY, 5891 bytes)
20/07/22 15:41:43 INFO Executor: Running task 193.0 in stage 4.0 (TID 197)
20/07/22 15:41:43 INFO TaskSetManager: Finished task 192.0 in stage 4.0 (TID 196) in 5 ms on localhost (executor driver) (193/200)
20/07/22 15:41:43 INFO ShuffleBlockFetcherIterator: Getting 1 non-empty blocks out of 1 blocks
20/07/22 15:41:43 INFO ShuffleBlockFetcherIterator: Started 0 remote fetches in 0 ms
20/07/22 15:41:43 INFO Executor: Finished task 193.0 in stage 4.0 (TID 197). 4313 bytes result sent to driver
20/07/22 15:41:43 INFO TaskSetManager: Starting task 194.0 in stage 4.0 (TID 198, localhost, executor driver, partition 194, ANY, 5891 bytes)
20/07/22 15:41:43 INFO Executor: Running task 194.0 in stage 4.0 (TID 198)
20/07/22 15:41:43 INFO TaskSetManager: Finished task 193.0 in stage 4.0 (TID 197) in 4 ms on localhost (executor driver) (194/200)
20/07/22 15:41:43 INFO ShuffleBlockFetcherIterator: Getting 1 non-empty blocks out of 1 blocks
20/07/22 15:41:43 INFO ShuffleBlockFetcherIterator: Started 0 remote fetches in 0 ms
20/07/22 15:41:43 INFO Executor: Finished task 194.0 in stage 4.0 (TID 198). 4313 bytes result sent to driver
20/07/22 15:41:43 INFO TaskSetManager: Starting task 195.0 in stage 4.0 (TID 199, localhost, executor driver, partition 195, ANY, 5891 bytes)
20/07/22 15:41:43 INFO TaskSetManager: Finished task 194.0 in stage 4.0 (TID 198) in 4 ms on localhost (executor driver) (195/200)
20/07/22 15:41:43 INFO Executor: Running task 195.0 in stage 4.0 (TID 199)
20/07/22 15:41:43 INFO ShuffleBlockFetcherIterator: Getting 1 non-empty blocks out of 1 blocks
20/07/22 15:41:43 INFO ShuffleBlockFetcherIterator: Started 0 remote fetches in 0 ms
20/07/22 15:41:43 INFO Executor: Finished task 195.0 in stage 4.0 (TID 199). 4408 bytes result sent to driver
20/07/22 15:41:43 INFO TaskSetManager: Starting task 196.0 in stage 4.0 (TID 200, localhost, executor driver, partition 196, ANY, 5891 bytes)
20/07/22 15:41:43 INFO Executor: Running task 196.0 in stage 4.0 (TID 200)
20/07/22 15:41:43 INFO TaskSetManager: Finished task 195.0 in stage 4.0 (TID 199) in 5 ms on localhost (executor driver) (196/200)
20/07/22 15:41:43 INFO ShuffleBlockFetcherIterator: Getting 1 non-empty blocks out of 1 blocks
20/07/22 15:41:43 INFO ShuffleBlockFetcherIterator: Started 0 remote fetches in 0 ms
20/07/22 15:41:43 INFO Executor: Finished task 196.0 in stage 4.0 (TID 200). 4321 bytes result sent to driver
20/07/22 15:41:43 INFO TaskSetManager: Starting task 197.0 in stage 4.0 (TID 201, localhost, executor driver, partition 197, ANY, 5891 bytes)
20/07/22 15:41:43 INFO Executor: Running task 197.0 in stage 4.0 (TID 201)
20/07/22 15:41:43 INFO TaskSetManager: Finished task 196.0 in stage 4.0 (TID 200) in 4 ms on localhost (executor driver) (197/200)
20/07/22 15:41:43 INFO ShuffleBlockFetcherIterator: Getting 1 non-empty blocks out of 1 blocks
20/07/22 15:41:43 INFO ShuffleBlockFetcherIterator: Started 0 remote fetches in 0 ms
20/07/22 15:41:43 INFO Executor: Finished task 197.0 in stage 4.0 (TID 201). 4321 bytes result sent to driver
20/07/22 15:41:43 INFO TaskSetManager: Starting task 198.0 in stage 4.0 (TID 202, localhost, executor driver, partition 198, ANY, 5891 bytes)
20/07/22 15:41:43 INFO Executor: Running task 198.0 in stage 4.0 (TID 202)
20/07/22 15:41:43 INFO TaskSetManager: Finished task 197.0 in stage 4.0 (TID 201) in 10 ms on localhost (executor driver) (198/200)
20/07/22 15:41:43 INFO ShuffleBlockFetcherIterator: Getting 1 non-empty blocks out of 1 blocks
20/07/22 15:41:43 INFO ShuffleBlockFetcherIterator: Started 0 remote fetches in 0 ms
20/07/22 15:41:43 INFO Executor: Finished task 198.0 in stage 4.0 (TID 202). 4321 bytes result sent to driver
20/07/22 15:41:43 INFO TaskSetManager: Starting task 199.0 in stage 4.0 (TID 203, localhost, executor driver, partition 199, ANY, 5891 bytes)
20/07/22 15:41:43 INFO TaskSetManager: Finished task 198.0 in stage 4.0 (TID 202) in 4 ms on localhost (executor driver) (199/200)
20/07/22 15:41:43 INFO Executor: Running task 199.0 in stage 4.0 (TID 203)
20/07/22 15:41:43 INFO ShuffleBlockFetcherIterator: Getting 1 non-empty blocks out of 1 blocks
20/07/22 15:41:43 INFO ShuffleBlockFetcherIterator: Started 0 remote fetches in 0 ms
20/07/22 15:41:43 INFO Executor: Finished task 199.0 in stage 4.0 (TID 203). 4313 bytes result sent to driver
20/07/22 15:41:43 INFO TaskSetManager: Finished task 199.0 in stage 4.0 (TID 203) in 5 ms on localhost (executor driver) (200/200)
20/07/22 15:41:43 INFO TaskSchedulerImpl: Removed TaskSet 4.0, whose tasks have all completed, from pool 
20/07/22 15:41:43 INFO DAGScheduler: ResultStage 4 (collect at Task_Test.scala:97) finished in 0.799 s
20/07/22 15:41:43 INFO DAGScheduler: Job 3 finished: collect at Task_Test.scala:97, took 1.811862 s
20/07/22 15:41:44 INFO CodeGenerator: Code generated in 7.136096 ms
20/07/22 15:41:44 INFO SparkUI: Stopped Spark web UI at http://172.20.10.3:4040
20/07/22 15:41:44 INFO MapOutputTrackerMasterEndpoint: MapOutputTrackerMasterEndpoint stopped!
20/07/22 15:41:44 INFO MemoryStore: MemoryStore cleared
20/07/22 15:41:44 INFO BlockManager: BlockManager stopped
20/07/22 15:41:44 INFO BlockManagerMaster: BlockManagerMaster stopped
20/07/22 15:41:44 INFO OutputCommitCoordinator$OutputCommitCoordinatorEndpoint: OutputCommitCoordinator stopped!
20/07/22 15:41:44 INFO SparkContext: Successfully stopped SparkContext
]]></system-err>
</testsuite>
